<?xml version="1.0" encoding="UTF-8"?>
<testsuite name="FailingCommandTest" tests="5" skipped="0" failures="0" errors="0" timestamp="2014-10-23T16:11:13" hostname="skaro" time="6.338">
  <properties/>
  <testcase name="failingCommandTripsCircuitBreaker" classname="FailingCommandTest" time="1.134"/>
  <testcase name="commandsWithTheSameNameShouldFailTogether" classname="FailingCommandTest" time="1.086"/>
  <testcase name="circuitBreakerClosesAfterRecovery" classname="FailingCommandTest" time="2.845"/>
  <testcase name="sometimesFailingCommandTripsCircuitBreaker" classname="FailingCommandTest" time="1.213"/>
  <testcase name="commandsWithDifferentNamesShouldNotCauseEachOtherToFail" classname="FailingCommandTest" time="0.058"/>
  <system-out><![CDATA[FailingCommand failed and no fallback available.
FailingCommand failed and no fallback available.
FailingCommand failed and no fallback available.
FailingCommand failed and no fallback available.
FailingCommand failed and no fallback available.
FailingCommand failed and no fallback available.
FailingCommand failed and no fallback available.
FailingCommand failed and no fallback available.
FailingCommand failed and no fallback available.
FailingCommand failed and no fallback available.
FailingCommand failed and no fallback available.
FailingCommand failed and no fallback available.
FailingCommand failed and no fallback available.
FailingCommand failed and no fallback available.
FailingCommand failed and no fallback available.
FailingCommand failed and no fallback available.
FailingCommand failed and no fallback available.
FailingCommand failed and no fallback available.
FailingCommand failed and no fallback available.
FailingCommand short-circuited and no fallback available.
Executed 20 requests
FailingCommand short-circuited and no fallback available.
OtherFailingCommand failed and no fallback available.
FailingCommand short-circuited and no fallback available.
OtherFailingCommand failed and no fallback available.
FailingCommand short-circuited and no fallback available.
OtherFailingCommand failed and no fallback available.
FailingCommand short-circuited and no fallback available.
OtherFailingCommand failed and no fallback available.
FailingCommand short-circuited and no fallback available.
OtherFailingCommand failed and no fallback available.
FailingCommand short-circuited and no fallback available.
OtherFailingCommand failed and no fallback available.
FailingCommand short-circuited and no fallback available.
OtherFailingCommand failed and no fallback available.
FailingCommand short-circuited and no fallback available.
OtherFailingCommand failed and no fallback available.
FailingCommand short-circuited and no fallback available.
OtherFailingCommand failed and no fallback available.
FailingCommand short-circuited and no fallback available.
OtherFailingCommand failed and no fallback available.
FailingCommand short-circuited and no fallback available.
OtherFailingCommand failed and no fallback available.
FailingCommand short-circuited and no fallback available.
OtherFailingCommand failed and no fallback available.
FailingCommand short-circuited and no fallback available.
OtherFailingCommand failed and no fallback available.
FailingCommand short-circuited and no fallback available.
OtherFailingCommand failed and no fallback available.
FailingCommand short-circuited and no fallback available.
OtherFailingCommand failed and no fallback available.
FailingCommand short-circuited and no fallback available.
OtherFailingCommand failed and no fallback available.
FailingCommand short-circuited and no fallback available.
OtherFailingCommand failed and no fallback available.
FailingCommand short-circuited and no fallback available.
OtherFailingCommand failed and no fallback available.
FailingCommand short-circuited and no fallback available.
OtherFailingCommand failed and no fallback available.
FailingCommand short-circuited and no fallback available.
OtherFailingCommand failed and no fallback available.
Executed 20 requests
RecoveringCommand failed and no fallback available.
RecoveringCommand failed and no fallback available.
RecoveringCommand failed and no fallback available.
RecoveringCommand failed and no fallback available.
RecoveringCommand failed and no fallback available.
RecoveringCommand failed and no fallback available.
RecoveringCommand failed and no fallback available.
RecoveringCommand failed and no fallback available.
RecoveringCommand failed and no fallback available.
RecoveringCommand failed and no fallback available.
RecoveringCommand short-circuited and no fallback available.
RecoveringCommand short-circuited and no fallback available.
RecoveringCommand short-circuited and no fallback available.
RecoveringCommand short-circuited and no fallback available.
RecoveringCommand short-circuited and no fallback available.
RecoveringCommand short-circuited and no fallback available.
RecoveringCommand short-circuited and no fallback available.
RecoveringCommand short-circuited and no fallback available.
RecoveringCommand short-circuited and no fallback available.
RecoveringCommand short-circuited and no fallback available.
RecoveringCommand short-circuited and no fallback available.
RecoveringCommand short-circuited and no fallback available.
RecoveringCommand short-circuited and no fallback available.
RecoveringCommand short-circuited and no fallback available.
RecoveringCommand short-circuited and no fallback available.
RecoveringCommand short-circuited and no fallback available.
RecoveringCommand short-circuited and no fallback available.
RecoveringCommand short-circuited and no fallback available.
RecoveringCommand short-circuited and no fallback available.
RecoveringCommand short-circuited and no fallback available.
RecoveringCommand short-circuited and no fallback available.
RecoveringCommand short-circuited and no fallback available.
RecoveringCommand short-circuited and no fallback available.
RecoveringCommand short-circuited and no fallback available.
RecoveringCommand short-circuited and no fallback available.
RecoveringCommand short-circuited and no fallback available.
RecoveringCommand short-circuited and no fallback available.
RecoveringCommand short-circuited and no fallback available.
RecoveringCommand short-circuited and no fallback available.
RecoveringCommand short-circuited and no fallback available.
RecoveringCommand short-circuited and no fallback available.
RecoveringCommand short-circuited and no fallback available.
RecoveringCommand short-circuited and no fallback available.
RecoveringCommand short-circuited and no fallback available.
RecoveringCommand short-circuited and no fallback available.
RecoveringCommand short-circuited and no fallback available.
RecoveringCommand short-circuited and no fallback available.
RecoveringCommand short-circuited and no fallback available.
RecoveringCommand short-circuited and no fallback available.
RecoveringCommand short-circuited and no fallback available.
RecoveringCommand short-circuited and no fallback available.
RecoveringCommand short-circuited and no fallback available.
RecoveringCommand short-circuited and no fallback available.
RecoveringCommand short-circuited and no fallback available.
RecoveringCommand short-circuited and no fallback available.
RecoveringCommand short-circuited and no fallback available.
RecoveringCommand short-circuited and no fallback available.
RecoveringCommand short-circuited and no fallback available.
RecoveringCommand short-circuited and no fallback available.
RecoveringCommand short-circuited and no fallback available.
RecoveringCommand short-circuited and no fallback available.
RecoveringCommand short-circuited and no fallback available.
RecoveringCommand short-circuited and no fallback available.
RecoveringCommand short-circuited and no fallback available.
RecoveringCommand short-circuited and no fallback available.
RecoveringCommand short-circuited and no fallback available.
RecoveringCommand short-circuited and no fallback available.
RecoveringCommand short-circuited and no fallback available.
RecoveringCommand short-circuited and no fallback available.
RecoveringCommand short-circuited and no fallback available.
RecoveringCommand short-circuited and no fallback available.
RecoveringCommand short-circuited and no fallback available.
RecoveringCommand short-circuited and no fallback available.
RecoveringCommand short-circuited and no fallback available.
RecoveringCommand short-circuited and no fallback available.
RecoveringCommand short-circuited and no fallback available.
RecoveringCommand short-circuited and no fallback available.
RecoveringCommand short-circuited and no fallback available.
RecoveringCommand short-circuited and no fallback available.
RecoveringCommand short-circuited and no fallback available.
RecoveringCommand short-circuited and no fallback available.
RecoveringCommand short-circuited and no fallback available.
RecoveringCommand short-circuited and no fallback available.
RecoveringCommand short-circuited and no fallback available.
RecoveringCommand short-circuited and no fallback available.
RecoveringCommand short-circuited and no fallback available.
RecoveringCommand short-circuited and no fallback available.
RecoveringCommand short-circuited and no fallback available.
RecoveringCommand short-circuited and no fallback available.
RecoveringCommand short-circuited and no fallback available.
RecoveringCommand short-circuited and no fallback available.
RecoveringCommand short-circuited and no fallback available.
RecoveringCommand short-circuited and no fallback available.
RecoveringCommand short-circuited and no fallback available.
RecoveringCommand short-circuited and no fallback available.
RecoveringCommand short-circuited and no fallback available.
RecoveringCommand short-circuited and no fallback available.
RecoveringCommand short-circuited and no fallback available.
RecoveringCommand short-circuited and no fallback available.
RecoveringCommand short-circuited and no fallback available.
RecoveringCommand short-circuited and no fallback available.
RecoveringCommand short-circuited and no fallback available.
RecoveringCommand short-circuited and no fallback available.
RecoveringCommand short-circuited and no fallback available.
RecoveringCommand short-circuited and no fallback available.
RecoveringCommand short-circuited and no fallback available.
RecoveringCommand short-circuited and no fallback available.
RecoveringCommand short-circuited and no fallback available.
RecoveringCommand short-circuited and no fallback available.
RecoveringCommand short-circuited and no fallback available.
RecoveringCommand short-circuited and no fallback available.
RecoveringCommand short-circuited and no fallback available.
RecoveringCommand short-circuited and no fallback available.
RecoveringCommand short-circuited and no fallback available.
RecoveringCommand short-circuited and no fallback available.
RecoveringCommand short-circuited and no fallback available.
RecoveringCommand short-circuited and no fallback available.
RecoveringCommand short-circuited and no fallback available.
RecoveringCommand short-circuited and no fallback available.
RecoveringCommand short-circuited and no fallback available.
RecoveringCommand short-circuited and no fallback available.
RecoveringCommand short-circuited and no fallback available.
RecoveringCommand short-circuited and no fallback available.
RecoveringCommand short-circuited and no fallback available.
RecoveringCommand short-circuited and no fallback available.
RecoveringCommand short-circuited and no fallback available.
RecoveringCommand short-circuited and no fallback available.
RecoveringCommand short-circuited and no fallback available.
RecoveringCommand short-circuited and no fallback available.
RecoveringCommand short-circuited and no fallback available.
RecoveringCommand short-circuited and no fallback available.
RecoveringCommand short-circuited and no fallback available.
RecoveringCommand short-circuited and no fallback available.
RecoveringCommand short-circuited and no fallback available.
RecoveringCommand short-circuited and no fallback available.
RecoveringCommand short-circuited and no fallback available.
RecoveringCommand short-circuited and no fallback available.
RecoveringCommand short-circuited and no fallback available.
RecoveringCommand short-circuited and no fallback available.
RecoveringCommand short-circuited and no fallback available.
RecoveringCommand short-circuited and no fallback available.
RecoveringCommand short-circuited and no fallback available.
RecoveringCommand short-circuited and no fallback available.
RecoveringCommand short-circuited and no fallback available.
RecoveringCommand short-circuited and no fallback available.
RecoveringCommand short-circuited and no fallback available.
RecoveringCommand short-circuited and no fallback available.
RecoveringCommand short-circuited and no fallback available.
RecoveringCommand short-circuited and no fallback available.
RecoveringCommand short-circuited and no fallback available.
RecoveringCommand short-circuited and no fallback available.
RecoveringCommand short-circuited and no fallback available.
RecoveringCommand short-circuited and no fallback available.
RecoveringCommand short-circuited and no fallback available.
RecoveringCommand short-circuited and no fallback available.
RecoveringCommand short-circuited and no fallback available.
RecoveringCommand short-circuited and no fallback available.
RecoveringCommand short-circuited and no fallback available.
RecoveringCommand short-circuited and no fallback available.
RecoveringCommand short-circuited and no fallback available.
RecoveringCommand short-circuited and no fallback available.
RecoveringCommand short-circuited and no fallback available.
RecoveringCommand short-circuited and no fallback available.
RecoveringCommand short-circuited and no fallback available.
RecoveringCommand short-circuited and no fallback available.
RecoveringCommand short-circuited and no fallback available.
RecoveringCommand short-circuited and no fallback available.
RecoveringCommand short-circuited and no fallback available.
RecoveringCommand short-circuited and no fallback available.
RecoveringCommand short-circuited and no fallback available.
RecoveringCommand short-circuited and no fallback available.
RecoveringCommand short-circuited and no fallback available.
RecoveringCommand short-circuited and no fallback available.
RecoveringCommand short-circuited and no fallback available.
RecoveringCommand short-circuited and no fallback available.
RecoveringCommand short-circuited and no fallback available.
RecoveringCommand short-circuited and no fallback available.
RecoveringCommand short-circuited and no fallback available.
RecoveringCommand short-circuited and no fallback available.
RecoveringCommand short-circuited and no fallback available.
RecoveringCommand short-circuited and no fallback available.
RecoveringCommand short-circuited and no fallback available.
RecoveringCommand short-circuited and no fallback available.
RecoveringCommand short-circuited and no fallback available.
RecoveringCommand short-circuited and no fallback available.
RecoveringCommand short-circuited and no fallback available.
RecoveringCommand short-circuited and no fallback available.
RecoveringCommand short-circuited and no fallback available.
RecoveringCommand short-circuited and no fallback available.
RecoveringCommand short-circuited and no fallback available.
RecoveringCommand short-circuited and no fallback available.
RecoveringCommand short-circuited and no fallback available.
RecoveringCommand short-circuited and no fallback available.
RecoveringCommand short-circuited and no fallback available.
RecoveringCommand short-circuited and no fallback available.
RecoveringCommand short-circuited and no fallback available.
RecoveringCommand short-circuited and no fallback available.
RecoveringCommand short-circuited and no fallback available.
RecoveringCommand short-circuited and no fallback available.
RecoveringCommand short-circuited and no fallback available.
RecoveringCommand short-circuited and no fallback available.
RecoveringCommand short-circuited and no fallback available.
RecoveringCommand short-circuited and no fallback available.
RecoveringCommand short-circuited and no fallback available.
RecoveringCommand short-circuited and no fallback available.
RecoveringCommand short-circuited and no fallback available.
RecoveringCommand short-circuited and no fallback available.
RecoveringCommand short-circuited and no fallback available.
RecoveringCommand short-circuited and no fallback available.
RecoveringCommand short-circuited and no fallback available.
RecoveringCommand short-circuited and no fallback available.
RecoveringCommand short-circuited and no fallback available.
RecoveringCommand short-circuited and no fallback available.
RecoveringCommand short-circuited and no fallback available.
RecoveringCommand short-circuited and no fallback available.
RecoveringCommand short-circuited and no fallback available.
RecoveringCommand short-circuited and no fallback available.
RecoveringCommand short-circuited and no fallback available.
RecoveringCommand short-circuited and no fallback available.
RecoveringCommand short-circuited and no fallback available.
RecoveringCommand short-circuited and no fallback available.
RecoveringCommand short-circuited and no fallback available.
RecoveringCommand short-circuited and no fallback available.
RecoveringCommand short-circuited and no fallback available.
RecoveringCommand short-circuited and no fallback available.
RecoveringCommand short-circuited and no fallback available.
RecoveringCommand short-circuited and no fallback available.
RecoveringCommand short-circuited and no fallback available.
RecoveringCommand short-circuited and no fallback available.
RecoveringCommand short-circuited and no fallback available.
RecoveringCommand short-circuited and no fallback available.
RecoveringCommand short-circuited and no fallback available.
RecoveringCommand short-circuited and no fallback available.
RecoveringCommand short-circuited and no fallback available.
RecoveringCommand short-circuited and no fallback available.
RecoveringCommand short-circuited and no fallback available.
RecoveringCommand short-circuited and no fallback available.
RecoveringCommand short-circuited and no fallback available.
RecoveringCommand short-circuited and no fallback available.
RecoveringCommand short-circuited and no fallback available.
RecoveringCommand short-circuited and no fallback available.
RecoveringCommand short-circuited and no fallback available.
RecoveringCommand short-circuited and no fallback available.
RecoveringCommand short-circuited and no fallback available.
RecoveringCommand short-circuited and no fallback available.
RecoveringCommand short-circuited and no fallback available.
RecoveringCommand short-circuited and no fallback available.
RecoveringCommand short-circuited and no fallback available.
RecoveringCommand short-circuited and no fallback available.
RecoveringCommand short-circuited and no fallback available.
RecoveringCommand short-circuited and no fallback available.
RecoveringCommand short-circuited and no fallback available.
RecoveringCommand short-circuited and no fallback available.
RecoveringCommand short-circuited and no fallback available.
RecoveringCommand short-circuited and no fallback available.
RecoveringCommand short-circuited and no fallback available.
RecoveringCommand short-circuited and no fallback available.
RecoveringCommand short-circuited and no fallback available.
RecoveringCommand short-circuited and no fallback available.
RecoveringCommand short-circuited and no fallback available.
RecoveringCommand short-circuited and no fallback available.
RecoveringCommand short-circuited and no fallback available.
RecoveringCommand short-circuited and no fallback available.
RecoveringCommand short-circuited and no fallback available.
RecoveringCommand short-circuited and no fallback available.
RecoveringCommand short-circuited and no fallback available.
RecoveringCommand short-circuited and no fallback available.
RecoveringCommand short-circuited and no fallback available.
RecoveringCommand short-circuited and no fallback available.
RecoveringCommand short-circuited and no fallback available.
RecoveringCommand short-circuited and no fallback available.
RecoveringCommand short-circuited and no fallback available.
RecoveringCommand short-circuited and no fallback available.
RecoveringCommand short-circuited and no fallback available.
RecoveringCommand short-circuited and no fallback available.
RecoveringCommand short-circuited and no fallback available.
RecoveringCommand short-circuited and no fallback available.
RecoveringCommand short-circuited and no fallback available.
RecoveringCommand short-circuited and no fallback available.
RecoveringCommand short-circuited and no fallback available.
RecoveringCommand short-circuited and no fallback available.
RecoveringCommand short-circuited and no fallback available.
RecoveringCommand short-circuited and no fallback available.
RecoveringCommand short-circuited and no fallback available.
RecoveringCommand short-circuited and no fallback available.
RecoveringCommand short-circuited and no fallback available.
RecoveringCommand short-circuited and no fallback available.
RecoveringCommand short-circuited and no fallback available.
RecoveringCommand short-circuited and no fallback available.
RecoveringCommand short-circuited and no fallback available.
RecoveringCommand short-circuited and no fallback available.
RecoveringCommand short-circuited and no fallback available.
RecoveringCommand short-circuited and no fallback available.
RecoveringCommand short-circuited and no fallback available.
RecoveringCommand short-circuited and no fallback available.
RecoveringCommand short-circuited and no fallback available.
RecoveringCommand short-circuited and no fallback available.
RecoveringCommand short-circuited and no fallback available.
RecoveringCommand short-circuited and no fallback available.
RecoveringCommand short-circuited and no fallback available.
RecoveringCommand short-circuited and no fallback available.
RecoveringCommand short-circuited and no fallback available.
RecoveringCommand short-circuited and no fallback available.
RecoveringCommand short-circuited and no fallback available.
RecoveringCommand short-circuited and no fallback available.
RecoveringCommand short-circuited and no fallback available.
RecoveringCommand short-circuited and no fallback available.
RecoveringCommand short-circuited and no fallback available.
RecoveringCommand short-circuited and no fallback available.
RecoveringCommand short-circuited and no fallback available.
RecoveringCommand short-circuited and no fallback available.
RecoveringCommand short-circuited and no fallback available.
RecoveringCommand short-circuited and no fallback available.
RecoveringCommand short-circuited and no fallback available.
RecoveringCommand short-circuited and no fallback available.
RecoveringCommand short-circuited and no fallback available.
RecoveringCommand short-circuited and no fallback available.
RecoveringCommand short-circuited and no fallback available.
RecoveringCommand short-circuited and no fallback available.
RecoveringCommand short-circuited and no fallback available.
RecoveringCommand short-circuited and no fallback available.
RecoveringCommand short-circuited and no fallback available.
RecoveringCommand short-circuited and no fallback available.
RecoveringCommand short-circuited and no fallback available.
RecoveringCommand short-circuited and no fallback available.
RecoveringCommand short-circuited and no fallback available.
RecoveringCommand short-circuited and no fallback available.
RecoveringCommand short-circuited and no fallback available.
RecoveringCommand short-circuited and no fallback available.
RecoveringCommand short-circuited and no fallback available.
RecoveringCommand short-circuited and no fallback available.
RecoveringCommand short-circuited and no fallback available.
RecoveringCommand short-circuited and no fallback available.
RecoveringCommand short-circuited and no fallback available.
RecoveringCommand short-circuited and no fallback available.
RecoveringCommand short-circuited and no fallback available.
RecoveringCommand short-circuited and no fallback available.
RecoveringCommand short-circuited and no fallback available.
RecoveringCommand short-circuited and no fallback available.
RecoveringCommand short-circuited and no fallback available.
RecoveringCommand short-circuited and no fallback available.
RecoveringCommand short-circuited and no fallback available.
RecoveringCommand short-circuited and no fallback available.
RecoveringCommand short-circuited and no fallback available.
RecoveringCommand short-circuited and no fallback available.
RecoveringCommand short-circuited and no fallback available.
RecoveringCommand short-circuited and no fallback available.
RecoveringCommand short-circuited and no fallback available.
RecoveringCommand short-circuited and no fallback available.
RecoveringCommand short-circuited and no fallback available.
RecoveringCommand short-circuited and no fallback available.
RecoveringCommand short-circuited and no fallback available.
RecoveringCommand short-circuited and no fallback available.
RecoveringCommand short-circuited and no fallback available.
RecoveringCommand short-circuited and no fallback available.
RecoveringCommand short-circuited and no fallback available.
RecoveringCommand short-circuited and no fallback available.
RecoveringCommand short-circuited and no fallback available.
RecoveringCommand short-circuited and no fallback available.
RecoveringCommand short-circuited and no fallback available.
RecoveringCommand short-circuited and no fallback available.
RecoveringCommand short-circuited and no fallback available.
RecoveringCommand short-circuited and no fallback available.
RecoveringCommand short-circuited and no fallback available.
RecoveringCommand short-circuited and no fallback available.
RecoveringCommand short-circuited and no fallback available.
RecoveringCommand short-circuited and no fallback available.
RecoveringCommand short-circuited and no fallback available.
RecoveringCommand short-circuited and no fallback available.
RecoveringCommand short-circuited and no fallback available.
RecoveringCommand short-circuited and no fallback available.
RecoveringCommand short-circuited and no fallback available.
RecoveringCommand short-circuited and no fallback available.
RecoveringCommand short-circuited and no fallback available.
RecoveringCommand short-circuited and no fallback available.
RecoveringCommand short-circuited and no fallback available.
RecoveringCommand short-circuited and no fallback available.
RecoveringCommand short-circuited and no fallback available.
RecoveringCommand short-circuited and no fallback available.
RecoveringCommand short-circuited and no fallback available.
RecoveringCommand short-circuited and no fallback available.
RecoveringCommand short-circuited and no fallback available.
RecoveringCommand short-circuited and no fallback available.
RecoveringCommand short-circuited and no fallback available.
RecoveringCommand short-circuited and no fallback available.
RecoveringCommand short-circuited and no fallback available.
RecoveringCommand short-circuited and no fallback available.
RecoveringCommand short-circuited and no fallback available.
RecoveringCommand short-circuited and no fallback available.
RecoveringCommand short-circuited and no fallback available.
RecoveringCommand short-circuited and no fallback available.
RecoveringCommand short-circuited and no fallback available.
RecoveringCommand short-circuited and no fallback available.
RecoveringCommand short-circuited and no fallback available.
RecoveringCommand short-circuited and no fallback available.
RecoveringCommand short-circuited and no fallback available.
RecoveringCommand short-circuited and no fallback available.
RecoveringCommand short-circuited and no fallback available.
RecoveringCommand short-circuited and no fallback available.
RecoveringCommand short-circuited and no fallback available.
RecoveringCommand short-circuited and no fallback available.
RecoveringCommand short-circuited and no fallback available.
RecoveringCommand short-circuited and no fallback available.
RecoveringCommand short-circuited and no fallback available.
RecoveringCommand short-circuited and no fallback available.
RecoveringCommand short-circuited and no fallback available.
RecoveringCommand short-circuited and no fallback available.
RecoveringCommand short-circuited and no fallback available.
RecoveringCommand short-circuited and no fallback available.
RecoveringCommand short-circuited and no fallback available.
RecoveringCommand short-circuited and no fallback available.
RecoveringCommand short-circuited and no fallback available.
RecoveringCommand short-circuited and no fallback available.
RecoveringCommand short-circuited and no fallback available.
RecoveringCommand short-circuited and no fallback available.
RecoveringCommand short-circuited and no fallback available.
RecoveringCommand short-circuited and no fallback available.
RecoveringCommand short-circuited and no fallback available.
RecoveringCommand short-circuited and no fallback available.
RecoveringCommand short-circuited and no fallback available.
RecoveringCommand short-circuited and no fallback available.
RecoveringCommand short-circuited and no fallback available.
RecoveringCommand short-circuited and no fallback available.
RecoveringCommand short-circuited and no fallback available.
RecoveringCommand short-circuited and no fallback available.
RecoveringCommand short-circuited and no fallback available.
RecoveringCommand short-circuited and no fallback available.
RecoveringCommand short-circuited and no fallback available.
RecoveringCommand short-circuited and no fallback available.
RecoveringCommand short-circuited and no fallback available.
RecoveringCommand short-circuited and no fallback available.
RecoveringCommand short-circuited and no fallback available.
RecoveringCommand short-circuited and no fallback available.
RecoveringCommand short-circuited and no fallback available.
RecoveringCommand short-circuited and no fallback available.
RecoveringCommand short-circuited and no fallback available.
RecoveringCommand short-circuited and no fallback available.
RecoveringCommand short-circuited and no fallback available.
RecoveringCommand short-circuited and no fallback available.
RecoveringCommand short-circuited and no fallback available.
RecoveringCommand short-circuited and no fallback available.
RecoveringCommand short-circuited and no fallback available.
RecoveringCommand short-circuited and no fallback available.
RecoveringCommand short-circuited and no fallback available.
RecoveringCommand short-circuited and no fallback available.
RecoveringCommand short-circuited and no fallback available.
RecoveringCommand short-circuited and no fallback available.
RecoveringCommand short-circuited and no fallback available.
RecoveringCommand short-circuited and no fallback available.
RecoveringCommand short-circuited and no fallback available.
RecoveringCommand short-circuited and no fallback available.
RecoveringCommand short-circuited and no fallback available.
RecoveringCommand short-circuited and no fallback available.
RecoveringCommand short-circuited and no fallback available.
RecoveringCommand short-circuited and no fallback available.
RecoveringCommand short-circuited and no fallback available.
RecoveringCommand short-circuited and no fallback available.
RecoveringCommand short-circuited and no fallback available.
RecoveringCommand short-circuited and no fallback available.
RecoveringCommand short-circuited and no fallback available.
RecoveringCommand short-circuited and no fallback available.
RecoveringCommand short-circuited and no fallback available.
RecoveringCommand short-circuited and no fallback available.
RecoveringCommand short-circuited and no fallback available.
RecoveringCommand short-circuited and no fallback available.
RecoveringCommand short-circuited and no fallback available.
RecoveringCommand short-circuited and no fallback available.
RecoveringCommand short-circuited and no fallback available.
RecoveringCommand short-circuited and no fallback available.
RecoveringCommand short-circuited and no fallback available.
RecoveringCommand short-circuited and no fallback available.
RecoveringCommand short-circuited and no fallback available.
RecoveringCommand short-circuited and no fallback available.
RecoveringCommand short-circuited and no fallback available.
RecoveringCommand short-circuited and no fallback available.
RecoveringCommand short-circuited and no fallback available.
RecoveringCommand short-circuited and no fallback available.
RecoveringCommand short-circuited and no fallback available.
RecoveringCommand short-circuited and no fallback available.
RecoveringCommand short-circuited and no fallback available.
RecoveringCommand short-circuited and no fallback available.
RecoveringCommand short-circuited and no fallback available.
RecoveringCommand short-circuited and no fallback available.
RecoveringCommand short-circuited and no fallback available.
RecoveringCommand short-circuited and no fallback available.
RecoveringCommand short-circuited and no fallback available.
RecoveringCommand short-circuited and no fallback available.
RecoveringCommand short-circuited and no fallback available.
RecoveringCommand short-circuited and no fallback available.
RecoveringCommand short-circuited and no fallback available.
RecoveringCommand short-circuited and no fallback available.
RecoveringCommand short-circuited and no fallback available.
RecoveringCommand short-circuited and no fallback available.
RecoveringCommand short-circuited and no fallback available.
RecoveringCommand short-circuited and no fallback available.
RecoveringCommand short-circuited and no fallback available.
RecoveringCommand short-circuited and no fallback available.
RecoveringCommand short-circuited and no fallback available.
RecoveringCommand short-circuited and no fallback available.
RecoveringCommand short-circuited and no fallback available.
RecoveringCommand short-circuited and no fallback available.
RecoveringCommand short-circuited and no fallback available.
RecoveringCommand short-circuited and no fallback available.
RecoveringCommand short-circuited and no fallback available.
RecoveringCommand short-circuited and no fallback available.
RecoveringCommand short-circuited and no fallback available.
RecoveringCommand short-circuited and no fallback available.
RecoveringCommand short-circuited and no fallback available.
RecoveringCommand short-circuited and no fallback available.
RecoveringCommand short-circuited and no fallback available.
RecoveringCommand short-circuited and no fallback available.
RecoveringCommand short-circuited and no fallback available.
RecoveringCommand short-circuited and no fallback available.
RecoveringCommand short-circuited and no fallback available.
RecoveringCommand short-circuited and no fallback available.
RecoveringCommand short-circuited and no fallback available.
RecoveringCommand short-circuited and no fallback available.
RecoveringCommand short-circuited and no fallback available.
RecoveringCommand short-circuited and no fallback available.
RecoveringCommand short-circuited and no fallback available.
RecoveringCommand short-circuited and no fallback available.
RecoveringCommand short-circuited and no fallback available.
RecoveringCommand short-circuited and no fallback available.
RecoveringCommand short-circuited and no fallback available.
RecoveringCommand short-circuited and no fallback available.
RecoveringCommand short-circuited and no fallback available.
RecoveringCommand short-circuited and no fallback available.
RecoveringCommand short-circuited and no fallback available.
RecoveringCommand short-circuited and no fallback available.
RecoveringCommand short-circuited and no fallback available.
RecoveringCommand short-circuited and no fallback available.
RecoveringCommand short-circuited and no fallback available.
RecoveringCommand short-circuited and no fallback available.
RecoveringCommand short-circuited and no fallback available.
RecoveringCommand short-circuited and no fallback available.
RecoveringCommand short-circuited and no fallback available.
RecoveringCommand short-circuited and no fallback available.
RecoveringCommand short-circuited and no fallback available.
RecoveringCommand short-circuited and no fallback available.
RecoveringCommand short-circuited and no fallback available.
RecoveringCommand short-circuited and no fallback available.
RecoveringCommand short-circuited and no fallback available.
RecoveringCommand short-circuited and no fallback available.
RecoveringCommand short-circuited and no fallback available.
RecoveringCommand short-circuited and no fallback available.
RecoveringCommand short-circuited and no fallback available.
RecoveringCommand short-circuited and no fallback available.
RecoveringCommand short-circuited and no fallback available.
RecoveringCommand short-circuited and no fallback available.
RecoveringCommand short-circuited and no fallback available.
RecoveringCommand short-circuited and no fallback available.
RecoveringCommand short-circuited and no fallback available.
RecoveringCommand short-circuited and no fallback available.
RecoveringCommand short-circuited and no fallback available.
RecoveringCommand short-circuited and no fallback available.
RecoveringCommand short-circuited and no fallback available.
RecoveringCommand short-circuited and no fallback available.
RecoveringCommand short-circuited and no fallback available.
RecoveringCommand short-circuited and no fallback available.
RecoveringCommand short-circuited and no fallback available.
RecoveringCommand short-circuited and no fallback available.
RecoveringCommand short-circuited and no fallback available.
RecoveringCommand short-circuited and no fallback available.
RecoveringCommand short-circuited and no fallback available.
RecoveringCommand short-circuited and no fallback available.
RecoveringCommand short-circuited and no fallback available.
RecoveringCommand short-circuited and no fallback available.
RecoveringCommand short-circuited and no fallback available.
RecoveringCommand short-circuited and no fallback available.
RecoveringCommand short-circuited and no fallback available.
RecoveringCommand short-circuited and no fallback available.
RecoveringCommand short-circuited and no fallback available.
RecoveringCommand short-circuited and no fallback available.
RecoveringCommand short-circuited and no fallback available.
RecoveringCommand short-circuited and no fallback available.
RecoveringCommand short-circuited and no fallback available.
RecoveringCommand short-circuited and no fallback available.
RecoveringCommand short-circuited and no fallback available.
RecoveringCommand short-circuited and no fallback available.
RecoveringCommand short-circuited and no fallback available.
RecoveringCommand short-circuited and no fallback available.
RecoveringCommand short-circuited and no fallback available.
RecoveringCommand short-circuited and no fallback available.
RecoveringCommand short-circuited and no fallback available.
RecoveringCommand short-circuited and no fallback available.
RecoveringCommand short-circuited and no fallback available.
RecoveringCommand short-circuited and no fallback available.
RecoveringCommand short-circuited and no fallback available.
RecoveringCommand short-circuited and no fallback available.
RecoveringCommand short-circuited and no fallback available.
RecoveringCommand short-circuited and no fallback available.
RecoveringCommand short-circuited and no fallback available.
RecoveringCommand short-circuited and no fallback available.
RecoveringCommand short-circuited and no fallback available.
RecoveringCommand short-circuited and no fallback available.
RecoveringCommand short-circuited and no fallback available.
RecoveringCommand short-circuited and no fallback available.
RecoveringCommand short-circuited and no fallback available.
RecoveringCommand short-circuited and no fallback available.
RecoveringCommand short-circuited and no fallback available.
RecoveringCommand short-circuited and no fallback available.
RecoveringCommand short-circuited and no fallback available.
RecoveringCommand short-circuited and no fallback available.
RecoveringCommand short-circuited and no fallback available.
RecoveringCommand short-circuited and no fallback available.
RecoveringCommand short-circuited and no fallback available.
RecoveringCommand short-circuited and no fallback available.
RecoveringCommand short-circuited and no fallback available.
RecoveringCommand short-circuited and no fallback available.
RecoveringCommand short-circuited and no fallback available.
RecoveringCommand short-circuited and no fallback available.
RecoveringCommand short-circuited and no fallback available.
RecoveringCommand short-circuited and no fallback available.
RecoveringCommand short-circuited and no fallback available.
RecoveringCommand short-circuited and no fallback available.
RecoveringCommand short-circuited and no fallback available.
RecoveringCommand short-circuited and no fallback available.
RecoveringCommand short-circuited and no fallback available.
RecoveringCommand short-circuited and no fallback available.
RecoveringCommand short-circuited and no fallback available.
RecoveringCommand short-circuited and no fallback available.
RecoveringCommand short-circuited and no fallback available.
RecoveringCommand short-circuited and no fallback available.
RecoveringCommand short-circuited and no fallback available.
RecoveringCommand short-circuited and no fallback available.
RecoveringCommand short-circuited and no fallback available.
RecoveringCommand short-circuited and no fallback available.
RecoveringCommand short-circuited and no fallback available.
RecoveringCommand short-circuited and no fallback available.
RecoveringCommand short-circuited and no fallback available.
RecoveringCommand short-circuited and no fallback available.
RecoveringCommand short-circuited and no fallback available.
RecoveringCommand short-circuited and no fallback available.
RecoveringCommand short-circuited and no fallback available.
RecoveringCommand short-circuited and no fallback available.
RecoveringCommand short-circuited and no fallback available.
RecoveringCommand short-circuited and no fallback available.
RecoveringCommand short-circuited and no fallback available.
RecoveringCommand short-circuited and no fallback available.
RecoveringCommand short-circuited and no fallback available.
RecoveringCommand short-circuited and no fallback available.
RecoveringCommand short-circuited and no fallback available.
RecoveringCommand short-circuited and no fallback available.
RecoveringCommand short-circuited and no fallback available.
RecoveringCommand short-circuited and no fallback available.
RecoveringCommand short-circuited and no fallback available.
RecoveringCommand short-circuited and no fallback available.
RecoveringCommand short-circuited and no fallback available.
RecoveringCommand short-circuited and no fallback available.
RecoveringCommand short-circuited and no fallback available.
RecoveringCommand short-circuited and no fallback available.
RecoveringCommand short-circuited and no fallback available.
RecoveringCommand short-circuited and no fallback available.
RecoveringCommand short-circuited and no fallback available.
RecoveringCommand short-circuited and no fallback available.
RecoveringCommand short-circuited and no fallback available.
RecoveringCommand short-circuited and no fallback available.
RecoveringCommand short-circuited and no fallback available.
RecoveringCommand short-circuited and no fallback available.
RecoveringCommand short-circuited and no fallback available.
RecoveringCommand short-circuited and no fallback available.
RecoveringCommand short-circuited and no fallback available.
RecoveringCommand short-circuited and no fallback available.
RecoveringCommand short-circuited and no fallback available.
RecoveringCommand short-circuited and no fallback available.
RecoveringCommand short-circuited and no fallback available.
RecoveringCommand short-circuited and no fallback available.
RecoveringCommand short-circuited and no fallback available.
RecoveringCommand short-circuited and no fallback available.
RecoveringCommand short-circuited and no fallback available.
RecoveringCommand short-circuited and no fallback available.
RecoveringCommand short-circuited and no fallback available.
RecoveringCommand short-circuited and no fallback available.
RecoveringCommand short-circuited and no fallback available.
RecoveringCommand short-circuited and no fallback available.
RecoveringCommand short-circuited and no fallback available.
RecoveringCommand short-circuited and no fallback available.
RecoveringCommand short-circuited and no fallback available.
RecoveringCommand short-circuited and no fallback available.
RecoveringCommand short-circuited and no fallback available.
RecoveringCommand short-circuited and no fallback available.
RecoveringCommand short-circuited and no fallback available.
RecoveringCommand short-circuited and no fallback available.
RecoveringCommand short-circuited and no fallback available.
RecoveringCommand short-circuited and no fallback available.
RecoveringCommand short-circuited and no fallback available.
RecoveringCommand short-circuited and no fallback available.
RecoveringCommand short-circuited and no fallback available.
RecoveringCommand short-circuited and no fallback available.
RecoveringCommand short-circuited and no fallback available.
RecoveringCommand short-circuited and no fallback available.
RecoveringCommand short-circuited and no fallback available.
RecoveringCommand short-circuited and no fallback available.
RecoveringCommand short-circuited and no fallback available.
RecoveringCommand short-circuited and no fallback available.
RecoveringCommand short-circuited and no fallback available.
RecoveringCommand short-circuited and no fallback available.
RecoveringCommand short-circuited and no fallback available.
RecoveringCommand short-circuited and no fallback available.
RecoveringCommand short-circuited and no fallback available.
RecoveringCommand short-circuited and no fallback available.
RecoveringCommand short-circuited and no fallback available.
RecoveringCommand short-circuited and no fallback available.
RecoveringCommand short-circuited and no fallback available.
RecoveringCommand short-circuited and no fallback available.
RecoveringCommand short-circuited and no fallback available.
RecoveringCommand short-circuited and no fallback available.
RecoveringCommand short-circuited and no fallback available.
RecoveringCommand short-circuited and no fallback available.
RecoveringCommand short-circuited and no fallback available.
RecoveringCommand short-circuited and no fallback available.
RecoveringCommand short-circuited and no fallback available.
RecoveringCommand short-circuited and no fallback available.
RecoveringCommand short-circuited and no fallback available.
RecoveringCommand short-circuited and no fallback available.
RecoveringCommand short-circuited and no fallback available.
RecoveringCommand short-circuited and no fallback available.
RecoveringCommand short-circuited and no fallback available.
RecoveringCommand short-circuited and no fallback available.
RecoveringCommand short-circuited and no fallback available.
RecoveringCommand short-circuited and no fallback available.
RecoveringCommand short-circuited and no fallback available.
RecoveringCommand short-circuited and no fallback available.
RecoveringCommand short-circuited and no fallback available.
RecoveringCommand short-circuited and no fallback available.
RecoveringCommand short-circuited and no fallback available.
RecoveringCommand short-circuited and no fallback available.
RecoveringCommand short-circuited and no fallback available.
RecoveringCommand short-circuited and no fallback available.
RecoveringCommand short-circuited and no fallback available.
RecoveringCommand short-circuited and no fallback available.
RecoveringCommand short-circuited and no fallback available.
RecoveringCommand short-circuited and no fallback available.
RecoveringCommand short-circuited and no fallback available.
RecoveringCommand short-circuited and no fallback available.
RecoveringCommand short-circuited and no fallback available.
RecoveringCommand short-circuited and no fallback available.
RecoveringCommand short-circuited and no fallback available.
RecoveringCommand short-circuited and no fallback available.
RecoveringCommand short-circuited and no fallback available.
RecoveringCommand short-circuited and no fallback available.
RecoveringCommand short-circuited and no fallback available.
RecoveringCommand short-circuited and no fallback available.
RecoveringCommand short-circuited and no fallback available.
RecoveringCommand short-circuited and no fallback available.
RecoveringCommand short-circuited and no fallback available.
RecoveringCommand short-circuited and no fallback available.
RecoveringCommand short-circuited and no fallback available.
RecoveringCommand short-circuited and no fallback available.
RecoveringCommand short-circuited and no fallback available.
RecoveringCommand short-circuited and no fallback available.
RecoveringCommand short-circuited and no fallback available.
RecoveringCommand short-circuited and no fallback available.
RecoveringCommand short-circuited and no fallback available.
RecoveringCommand short-circuited and no fallback available.
RecoveringCommand short-circuited and no fallback available.
RecoveringCommand short-circuited and no fallback available.
RecoveringCommand short-circuited and no fallback available.
RecoveringCommand short-circuited and no fallback available.
RecoveringCommand short-circuited and no fallback available.
RecoveringCommand short-circuited and no fallback available.
RecoveringCommand short-circuited and no fallback available.
RecoveringCommand short-circuited and no fallback available.
RecoveringCommand short-circuited and no fallback available.
RecoveringCommand short-circuited and no fallback available.
RecoveringCommand short-circuited and no fallback available.
RecoveringCommand short-circuited and no fallback available.
RecoveringCommand short-circuited and no fallback available.
RecoveringCommand short-circuited and no fallback available.
RecoveringCommand short-circuited and no fallback available.
RecoveringCommand short-circuited and no fallback available.
RecoveringCommand short-circuited and no fallback available.
RecoveringCommand short-circuited and no fallback available.
RecoveringCommand short-circuited and no fallback available.
RecoveringCommand short-circuited and no fallback available.
RecoveringCommand short-circuited and no fallback available.
RecoveringCommand short-circuited and no fallback available.
RecoveringCommand short-circuited and no fallback available.
RecoveringCommand short-circuited and no fallback available.
RecoveringCommand short-circuited and no fallback available.
RecoveringCommand short-circuited and no fallback available.
RecoveringCommand short-circuited and no fallback available.
RecoveringCommand short-circuited and no fallback available.
RecoveringCommand short-circuited and no fallback available.
RecoveringCommand short-circuited and no fallback available.
RecoveringCommand short-circuited and no fallback available.
RecoveringCommand short-circuited and no fallback available.
RecoveringCommand short-circuited and no fallback available.
RecoveringCommand short-circuited and no fallback available.
RecoveringCommand short-circuited and no fallback available.
RecoveringCommand short-circuited and no fallback available.
RecoveringCommand short-circuited and no fallback available.
RecoveringCommand short-circuited and no fallback available.
RecoveringCommand short-circuited and no fallback available.
RecoveringCommand short-circuited and no fallback available.
RecoveringCommand short-circuited and no fallback available.
RecoveringCommand short-circuited and no fallback available.
RecoveringCommand short-circuited and no fallback available.
RecoveringCommand short-circuited and no fallback available.
RecoveringCommand short-circuited and no fallback available.
RecoveringCommand short-circuited and no fallback available.
RecoveringCommand short-circuited and no fallback available.
RecoveringCommand short-circuited and no fallback available.
RecoveringCommand short-circuited and no fallback available.
RecoveringCommand short-circuited and no fallback available.
RecoveringCommand short-circuited and no fallback available.
RecoveringCommand short-circuited and no fallback available.
RecoveringCommand short-circuited and no fallback available.
RecoveringCommand short-circuited and no fallback available.
RecoveringCommand short-circuited and no fallback available.
RecoveringCommand short-circuited and no fallback available.
RecoveringCommand short-circuited and no fallback available.
RecoveringCommand short-circuited and no fallback available.
RecoveringCommand short-circuited and no fallback available.
RecoveringCommand short-circuited and no fallback available.
RecoveringCommand short-circuited and no fallback available.
RecoveringCommand short-circuited and no fallback available.
RecoveringCommand short-circuited and no fallback available.
RecoveringCommand short-circuited and no fallback available.
RecoveringCommand short-circuited and no fallback available.
RecoveringCommand short-circuited and no fallback available.
RecoveringCommand short-circuited and no fallback available.
RecoveringCommand short-circuited and no fallback available.
RecoveringCommand short-circuited and no fallback available.
RecoveringCommand short-circuited and no fallback available.
RecoveringCommand short-circuited and no fallback available.
RecoveringCommand short-circuited and no fallback available.
RecoveringCommand short-circuited and no fallback available.
RecoveringCommand short-circuited and no fallback available.
RecoveringCommand short-circuited and no fallback available.
RecoveringCommand short-circuited and no fallback available.
RecoveringCommand short-circuited and no fallback available.
RecoveringCommand failed and no fallback available.
RecoveringCommand short-circuited and no fallback available.
RecoveringCommand short-circuited and no fallback available.
RecoveringCommand short-circuited and no fallback available.
RecoveringCommand short-circuited and no fallback available.
RecoveringCommand short-circuited and no fallback available.
RecoveringCommand short-circuited and no fallback available.
RecoveringCommand short-circuited and no fallback available.
RecoveringCommand short-circuited and no fallback available.
RecoveringCommand short-circuited and no fallback available.
RecoveringCommand short-circuited and no fallback available.
RecoveringCommand short-circuited and no fallback available.
RecoveringCommand short-circuited and no fallback available.
RecoveringCommand short-circuited and no fallback available.
RecoveringCommand short-circuited and no fallback available.
RecoveringCommand short-circuited and no fallback available.
RecoveringCommand short-circuited and no fallback available.
RecoveringCommand short-circuited and no fallback available.
RecoveringCommand short-circuited and no fallback available.
RecoveringCommand short-circuited and no fallback available.
RecoveringCommand short-circuited and no fallback available.
RecoveringCommand short-circuited and no fallback available.
RecoveringCommand short-circuited and no fallback available.
RecoveringCommand short-circuited and no fallback available.
RecoveringCommand short-circuited and no fallback available.
RecoveringCommand short-circuited and no fallback available.
RecoveringCommand short-circuited and no fallback available.
RecoveringCommand short-circuited and no fallback available.
RecoveringCommand short-circuited and no fallback available.
RecoveringCommand short-circuited and no fallback available.
RecoveringCommand short-circuited and no fallback available.
RecoveringCommand short-circuited and no fallback available.
RecoveringCommand short-circuited and no fallback available.
RecoveringCommand short-circuited and no fallback available.
RecoveringCommand short-circuited and no fallback available.
RecoveringCommand short-circuited and no fallback available.
RecoveringCommand short-circuited and no fallback available.
RecoveringCommand short-circuited and no fallback available.
RecoveringCommand short-circuited and no fallback available.
RecoveringCommand short-circuited and no fallback available.
RecoveringCommand short-circuited and no fallback available.
RecoveringCommand short-circuited and no fallback available.
RecoveringCommand short-circuited and no fallback available.
RecoveringCommand short-circuited and no fallback available.
RecoveringCommand short-circuited and no fallback available.
RecoveringCommand short-circuited and no fallback available.
RecoveringCommand short-circuited and no fallback available.
RecoveringCommand short-circuited and no fallback available.
RecoveringCommand short-circuited and no fallback available.
RecoveringCommand short-circuited and no fallback available.
RecoveringCommand short-circuited and no fallback available.
RecoveringCommand short-circuited and no fallback available.
RecoveringCommand short-circuited and no fallback available.
RecoveringCommand short-circuited and no fallback available.
RecoveringCommand short-circuited and no fallback available.
RecoveringCommand short-circuited and no fallback available.
RecoveringCommand short-circuited and no fallback available.
RecoveringCommand short-circuited and no fallback available.
RecoveringCommand short-circuited and no fallback available.
RecoveringCommand short-circuited and no fallback available.
RecoveringCommand short-circuited and no fallback available.
RecoveringCommand short-circuited and no fallback available.
RecoveringCommand short-circuited and no fallback available.
RecoveringCommand short-circuited and no fallback available.
RecoveringCommand short-circuited and no fallback available.
RecoveringCommand short-circuited and no fallback available.
RecoveringCommand short-circuited and no fallback available.
RecoveringCommand short-circuited and no fallback available.
RecoveringCommand short-circuited and no fallback available.
RecoveringCommand short-circuited and no fallback available.
RecoveringCommand short-circuited and no fallback available.
RecoveringCommand short-circuited and no fallback available.
RecoveringCommand short-circuited and no fallback available.
RecoveringCommand short-circuited and no fallback available.
RecoveringCommand short-circuited and no fallback available.
RecoveringCommand short-circuited and no fallback available.
RecoveringCommand short-circuited and no fallback available.
RecoveringCommand short-circuited and no fallback available.
RecoveringCommand short-circuited and no fallback available.
RecoveringCommand short-circuited and no fallback available.
RecoveringCommand short-circuited and no fallback available.
RecoveringCommand short-circuited and no fallback available.
RecoveringCommand short-circuited and no fallback available.
RecoveringCommand short-circuited and no fallback available.
RecoveringCommand short-circuited and no fallback available.
RecoveringCommand short-circuited and no fallback available.
RecoveringCommand short-circuited and no fallback available.
RecoveringCommand short-circuited and no fallback available.
RecoveringCommand short-circuited and no fallback available.
RecoveringCommand short-circuited and no fallback available.
RecoveringCommand short-circuited and no fallback available.
RecoveringCommand short-circuited and no fallback available.
RecoveringCommand short-circuited and no fallback available.
RecoveringCommand short-circuited and no fallback available.
RecoveringCommand short-circuited and no fallback available.
RecoveringCommand short-circuited and no fallback available.
RecoveringCommand short-circuited and no fallback available.
RecoveringCommand short-circuited and no fallback available.
RecoveringCommand short-circuited and no fallback available.
RecoveringCommand short-circuited and no fallback available.
RecoveringCommand short-circuited and no fallback available.
RecoveringCommand short-circuited and no fallback available.
RecoveringCommand short-circuited and no fallback available.
RecoveringCommand short-circuited and no fallback available.
RecoveringCommand short-circuited and no fallback available.
RecoveringCommand short-circuited and no fallback available.
RecoveringCommand short-circuited and no fallback available.
RecoveringCommand short-circuited and no fallback available.
RecoveringCommand short-circuited and no fallback available.
RecoveringCommand short-circuited and no fallback available.
RecoveringCommand short-circuited and no fallback available.
RecoveringCommand short-circuited and no fallback available.
RecoveringCommand short-circuited and no fallback available.
RecoveringCommand short-circuited and no fallback available.
RecoveringCommand short-circuited and no fallback available.
RecoveringCommand short-circuited and no fallback available.
RecoveringCommand short-circuited and no fallback available.
RecoveringCommand short-circuited and no fallback available.
RecoveringCommand short-circuited and no fallback available.
RecoveringCommand short-circuited and no fallback available.
RecoveringCommand short-circuited and no fallback available.
RecoveringCommand short-circuited and no fallback available.
RecoveringCommand short-circuited and no fallback available.
RecoveringCommand short-circuited and no fallback available.
RecoveringCommand short-circuited and no fallback available.
RecoveringCommand short-circuited and no fallback available.
RecoveringCommand short-circuited and no fallback available.
RecoveringCommand short-circuited and no fallback available.
RecoveringCommand short-circuited and no fallback available.
RecoveringCommand short-circuited and no fallback available.
RecoveringCommand short-circuited and no fallback available.
RecoveringCommand short-circuited and no fallback available.
RecoveringCommand short-circuited and no fallback available.
RecoveringCommand short-circuited and no fallback available.
RecoveringCommand short-circuited and no fallback available.
RecoveringCommand short-circuited and no fallback available.
RecoveringCommand short-circuited and no fallback available.
RecoveringCommand short-circuited and no fallback available.
RecoveringCommand short-circuited and no fallback available.
RecoveringCommand short-circuited and no fallback available.
RecoveringCommand short-circuited and no fallback available.
RecoveringCommand short-circuited and no fallback available.
RecoveringCommand short-circuited and no fallback available.
RecoveringCommand short-circuited and no fallback available.
RecoveringCommand short-circuited and no fallback available.
RecoveringCommand short-circuited and no fallback available.
RecoveringCommand short-circuited and no fallback available.
RecoveringCommand short-circuited and no fallback available.
RecoveringCommand short-circuited and no fallback available.
RecoveringCommand short-circuited and no fallback available.
RecoveringCommand short-circuited and no fallback available.
RecoveringCommand short-circuited and no fallback available.
RecoveringCommand short-circuited and no fallback available.
RecoveringCommand short-circuited and no fallback available.
RecoveringCommand short-circuited and no fallback available.
RecoveringCommand short-circuited and no fallback available.
RecoveringCommand short-circuited and no fallback available.
RecoveringCommand short-circuited and no fallback available.
RecoveringCommand short-circuited and no fallback available.
RecoveringCommand short-circuited and no fallback available.
RecoveringCommand short-circuited and no fallback available.
RecoveringCommand short-circuited and no fallback available.
RecoveringCommand short-circuited and no fallback available.
RecoveringCommand short-circuited and no fallback available.
RecoveringCommand short-circuited and no fallback available.
RecoveringCommand short-circuited and no fallback available.
RecoveringCommand short-circuited and no fallback available.
RecoveringCommand short-circuited and no fallback available.
RecoveringCommand short-circuited and no fallback available.
RecoveringCommand short-circuited and no fallback available.
RecoveringCommand short-circuited and no fallback available.
RecoveringCommand short-circuited and no fallback available.
RecoveringCommand short-circuited and no fallback available.
RecoveringCommand short-circuited and no fallback available.
RecoveringCommand short-circuited and no fallback available.
RecoveringCommand short-circuited and no fallback available.
RecoveringCommand short-circuited and no fallback available.
RecoveringCommand short-circuited and no fallback available.
RecoveringCommand short-circuited and no fallback available.
RecoveringCommand short-circuited and no fallback available.
RecoveringCommand short-circuited and no fallback available.
RecoveringCommand short-circuited and no fallback available.
RecoveringCommand short-circuited and no fallback available.
RecoveringCommand short-circuited and no fallback available.
RecoveringCommand short-circuited and no fallback available.
RecoveringCommand short-circuited and no fallback available.
RecoveringCommand short-circuited and no fallback available.
RecoveringCommand short-circuited and no fallback available.
RecoveringCommand short-circuited and no fallback available.
RecoveringCommand short-circuited and no fallback available.
RecoveringCommand short-circuited and no fallback available.
RecoveringCommand short-circuited and no fallback available.
RecoveringCommand short-circuited and no fallback available.
RecoveringCommand short-circuited and no fallback available.
RecoveringCommand short-circuited and no fallback available.
RecoveringCommand short-circuited and no fallback available.
RecoveringCommand short-circuited and no fallback available.
RecoveringCommand short-circuited and no fallback available.
RecoveringCommand short-circuited and no fallback available.
RecoveringCommand short-circuited and no fallback available.
RecoveringCommand short-circuited and no fallback available.
RecoveringCommand short-circuited and no fallback available.
RecoveringCommand short-circuited and no fallback available.
RecoveringCommand short-circuited and no fallback available.
RecoveringCommand short-circuited and no fallback available.
RecoveringCommand short-circuited and no fallback available.
RecoveringCommand short-circuited and no fallback available.
RecoveringCommand short-circuited and no fallback available.
RecoveringCommand short-circuited and no fallback available.
RecoveringCommand short-circuited and no fallback available.
RecoveringCommand short-circuited and no fallback available.
RecoveringCommand short-circuited and no fallback available.
RecoveringCommand short-circuited and no fallback available.
RecoveringCommand short-circuited and no fallback available.
RecoveringCommand short-circuited and no fallback available.
RecoveringCommand short-circuited and no fallback available.
RecoveringCommand short-circuited and no fallback available.
RecoveringCommand short-circuited and no fallback available.
RecoveringCommand short-circuited and no fallback available.
RecoveringCommand short-circuited and no fallback available.
RecoveringCommand short-circuited and no fallback available.
RecoveringCommand short-circuited and no fallback available.
RecoveringCommand short-circuited and no fallback available.
RecoveringCommand short-circuited and no fallback available.
RecoveringCommand short-circuited and no fallback available.
RecoveringCommand short-circuited and no fallback available.
RecoveringCommand short-circuited and no fallback available.
RecoveringCommand short-circuited and no fallback available.
RecoveringCommand short-circuited and no fallback available.
RecoveringCommand short-circuited and no fallback available.
RecoveringCommand short-circuited and no fallback available.
RecoveringCommand short-circuited and no fallback available.
RecoveringCommand short-circuited and no fallback available.
RecoveringCommand short-circuited and no fallback available.
RecoveringCommand short-circuited and no fallback available.
RecoveringCommand short-circuited and no fallback available.
RecoveringCommand short-circuited and no fallback available.
RecoveringCommand short-circuited and no fallback available.
RecoveringCommand short-circuited and no fallback available.
RecoveringCommand short-circuited and no fallback available.
RecoveringCommand short-circuited and no fallback available.
RecoveringCommand short-circuited and no fallback available.
RecoveringCommand short-circuited and no fallback available.
RecoveringCommand short-circuited and no fallback available.
RecoveringCommand short-circuited and no fallback available.
RecoveringCommand short-circuited and no fallback available.
RecoveringCommand short-circuited and no fallback available.
RecoveringCommand short-circuited and no fallback available.
RecoveringCommand short-circuited and no fallback available.
RecoveringCommand short-circuited and no fallback available.
RecoveringCommand short-circuited and no fallback available.
RecoveringCommand short-circuited and no fallback available.
RecoveringCommand short-circuited and no fallback available.
RecoveringCommand short-circuited and no fallback available.
RecoveringCommand short-circuited and no fallback available.
RecoveringCommand short-circuited and no fallback available.
RecoveringCommand short-circuited and no fallback available.
RecoveringCommand short-circuited and no fallback available.
RecoveringCommand short-circuited and no fallback available.
RecoveringCommand short-circuited and no fallback available.
RecoveringCommand short-circuited and no fallback available.
RecoveringCommand short-circuited and no fallback available.
RecoveringCommand short-circuited and no fallback available.
RecoveringCommand short-circuited and no fallback available.
RecoveringCommand short-circuited and no fallback available.
RecoveringCommand short-circuited and no fallback available.
RecoveringCommand short-circuited and no fallback available.
RecoveringCommand short-circuited and no fallback available.
RecoveringCommand short-circuited and no fallback available.
RecoveringCommand short-circuited and no fallback available.
RecoveringCommand short-circuited and no fallback available.
RecoveringCommand short-circuited and no fallback available.
RecoveringCommand short-circuited and no fallback available.
RecoveringCommand short-circuited and no fallback available.
RecoveringCommand short-circuited and no fallback available.
RecoveringCommand short-circuited and no fallback available.
RecoveringCommand short-circuited and no fallback available.
RecoveringCommand short-circuited and no fallback available.
RecoveringCommand short-circuited and no fallback available.
RecoveringCommand short-circuited and no fallback available.
RecoveringCommand short-circuited and no fallback available.
RecoveringCommand short-circuited and no fallback available.
RecoveringCommand short-circuited and no fallback available.
RecoveringCommand short-circuited and no fallback available.
RecoveringCommand short-circuited and no fallback available.
RecoveringCommand short-circuited and no fallback available.
RecoveringCommand short-circuited and no fallback available.
RecoveringCommand short-circuited and no fallback available.
RecoveringCommand short-circuited and no fallback available.
RecoveringCommand short-circuited and no fallback available.
RecoveringCommand short-circuited and no fallback available.
RecoveringCommand short-circuited and no fallback available.
RecoveringCommand short-circuited and no fallback available.
RecoveringCommand short-circuited and no fallback available.
RecoveringCommand short-circuited and no fallback available.
RecoveringCommand short-circuited and no fallback available.
RecoveringCommand short-circuited and no fallback available.
RecoveringCommand short-circuited and no fallback available.
RecoveringCommand short-circuited and no fallback available.
RecoveringCommand short-circuited and no fallback available.
RecoveringCommand short-circuited and no fallback available.
RecoveringCommand short-circuited and no fallback available.
RecoveringCommand short-circuited and no fallback available.
RecoveringCommand short-circuited and no fallback available.
RecoveringCommand short-circuited and no fallback available.
RecoveringCommand short-circuited and no fallback available.
RecoveringCommand short-circuited and no fallback available.
RecoveringCommand short-circuited and no fallback available.
RecoveringCommand short-circuited and no fallback available.
RecoveringCommand short-circuited and no fallback available.
RecoveringCommand short-circuited and no fallback available.
RecoveringCommand short-circuited and no fallback available.
RecoveringCommand short-circuited and no fallback available.
RecoveringCommand short-circuited and no fallback available.
RecoveringCommand short-circuited and no fallback available.
RecoveringCommand short-circuited and no fallback available.
RecoveringCommand short-circuited and no fallback available.
RecoveringCommand short-circuited and no fallback available.
RecoveringCommand short-circuited and no fallback available.
RecoveringCommand short-circuited and no fallback available.
RecoveringCommand short-circuited and no fallback available.
RecoveringCommand short-circuited and no fallback available.
RecoveringCommand short-circuited and no fallback available.
RecoveringCommand short-circuited and no fallback available.
RecoveringCommand short-circuited and no fallback available.
RecoveringCommand short-circuited and no fallback available.
RecoveringCommand short-circuited and no fallback available.
RecoveringCommand short-circuited and no fallback available.
RecoveringCommand short-circuited and no fallback available.
RecoveringCommand short-circuited and no fallback available.
RecoveringCommand short-circuited and no fallback available.
RecoveringCommand short-circuited and no fallback available.
RecoveringCommand short-circuited and no fallback available.
RecoveringCommand short-circuited and no fallback available.
RecoveringCommand short-circuited and no fallback available.
RecoveringCommand short-circuited and no fallback available.
RecoveringCommand short-circuited and no fallback available.
RecoveringCommand short-circuited and no fallback available.
RecoveringCommand short-circuited and no fallback available.
RecoveringCommand short-circuited and no fallback available.
RecoveringCommand short-circuited and no fallback available.
RecoveringCommand short-circuited and no fallback available.
RecoveringCommand short-circuited and no fallback available.
RecoveringCommand short-circuited and no fallback available.
RecoveringCommand short-circuited and no fallback available.
RecoveringCommand short-circuited and no fallback available.
RecoveringCommand short-circuited and no fallback available.
RecoveringCommand short-circuited and no fallback available.
RecoveringCommand short-circuited and no fallback available.
RecoveringCommand short-circuited and no fallback available.
RecoveringCommand short-circuited and no fallback available.
RecoveringCommand short-circuited and no fallback available.
RecoveringCommand short-circuited and no fallback available.
RecoveringCommand short-circuited and no fallback available.
RecoveringCommand short-circuited and no fallback available.
RecoveringCommand short-circuited and no fallback available.
RecoveringCommand short-circuited and no fallback available.
RecoveringCommand short-circuited and no fallback available.
RecoveringCommand short-circuited and no fallback available.
RecoveringCommand short-circuited and no fallback available.
RecoveringCommand short-circuited and no fallback available.
RecoveringCommand short-circuited and no fallback available.
RecoveringCommand short-circuited and no fallback available.
RecoveringCommand short-circuited and no fallback available.
RecoveringCommand short-circuited and no fallback available.
RecoveringCommand short-circuited and no fallback available.
RecoveringCommand short-circuited and no fallback available.
RecoveringCommand short-circuited and no fallback available.
RecoveringCommand short-circuited and no fallback available.
RecoveringCommand short-circuited and no fallback available.
RecoveringCommand short-circuited and no fallback available.
RecoveringCommand short-circuited and no fallback available.
RecoveringCommand short-circuited and no fallback available.
RecoveringCommand short-circuited and no fallback available.
RecoveringCommand short-circuited and no fallback available.
RecoveringCommand short-circuited and no fallback available.
RecoveringCommand short-circuited and no fallback available.
RecoveringCommand short-circuited and no fallback available.
RecoveringCommand short-circuited and no fallback available.
RecoveringCommand short-circuited and no fallback available.
RecoveringCommand short-circuited and no fallback available.
RecoveringCommand short-circuited and no fallback available.
RecoveringCommand short-circuited and no fallback available.
RecoveringCommand short-circuited and no fallback available.
RecoveringCommand short-circuited and no fallback available.
RecoveringCommand short-circuited and no fallback available.
RecoveringCommand short-circuited and no fallback available.
RecoveringCommand short-circuited and no fallback available.
RecoveringCommand short-circuited and no fallback available.
RecoveringCommand short-circuited and no fallback available.
RecoveringCommand short-circuited and no fallback available.
RecoveringCommand short-circuited and no fallback available.
RecoveringCommand short-circuited and no fallback available.
RecoveringCommand short-circuited and no fallback available.
RecoveringCommand short-circuited and no fallback available.
RecoveringCommand short-circuited and no fallback available.
RecoveringCommand short-circuited and no fallback available.
RecoveringCommand short-circuited and no fallback available.
RecoveringCommand short-circuited and no fallback available.
RecoveringCommand short-circuited and no fallback available.
RecoveringCommand short-circuited and no fallback available.
RecoveringCommand short-circuited and no fallback available.
RecoveringCommand short-circuited and no fallback available.
RecoveringCommand short-circuited and no fallback available.
RecoveringCommand short-circuited and no fallback available.
RecoveringCommand short-circuited and no fallback available.
RecoveringCommand short-circuited and no fallback available.
RecoveringCommand short-circuited and no fallback available.
RecoveringCommand short-circuited and no fallback available.
RecoveringCommand short-circuited and no fallback available.
RecoveringCommand short-circuited and no fallback available.
RecoveringCommand short-circuited and no fallback available.
RecoveringCommand short-circuited and no fallback available.
RecoveringCommand short-circuited and no fallback available.
RecoveringCommand short-circuited and no fallback available.
RecoveringCommand short-circuited and no fallback available.
RecoveringCommand short-circuited and no fallback available.
RecoveringCommand short-circuited and no fallback available.
RecoveringCommand short-circuited and no fallback available.
RecoveringCommand short-circuited and no fallback available.
RecoveringCommand short-circuited and no fallback available.
RecoveringCommand short-circuited and no fallback available.
RecoveringCommand short-circuited and no fallback available.
RecoveringCommand short-circuited and no fallback available.
RecoveringCommand short-circuited and no fallback available.
RecoveringCommand short-circuited and no fallback available.
RecoveringCommand short-circuited and no fallback available.
RecoveringCommand short-circuited and no fallback available.
RecoveringCommand short-circuited and no fallback available.
RecoveringCommand short-circuited and no fallback available.
RecoveringCommand short-circuited and no fallback available.
RecoveringCommand short-circuited and no fallback available.
RecoveringCommand short-circuited and no fallback available.
RecoveringCommand short-circuited and no fallback available.
RecoveringCommand short-circuited and no fallback available.
RecoveringCommand short-circuited and no fallback available.
RecoveringCommand short-circuited and no fallback available.
RecoveringCommand short-circuited and no fallback available.
RecoveringCommand short-circuited and no fallback available.
RecoveringCommand short-circuited and no fallback available.
RecoveringCommand short-circuited and no fallback available.
RecoveringCommand short-circuited and no fallback available.
RecoveringCommand short-circuited and no fallback available.
RecoveringCommand short-circuited and no fallback available.
RecoveringCommand short-circuited and no fallback available.
RecoveringCommand short-circuited and no fallback available.
RecoveringCommand short-circuited and no fallback available.
RecoveringCommand short-circuited and no fallback available.
RecoveringCommand short-circuited and no fallback available.
RecoveringCommand short-circuited and no fallback available.
RecoveringCommand short-circuited and no fallback available.
RecoveringCommand short-circuited and no fallback available.
RecoveringCommand short-circuited and no fallback available.
RecoveringCommand short-circuited and no fallback available.
RecoveringCommand short-circuited and no fallback available.
RecoveringCommand short-circuited and no fallback available.
RecoveringCommand short-circuited and no fallback available.
RecoveringCommand short-circuited and no fallback available.
RecoveringCommand short-circuited and no fallback available.
RecoveringCommand short-circuited and no fallback available.
RecoveringCommand short-circuited and no fallback available.
RecoveringCommand short-circuited and no fallback available.
RecoveringCommand short-circuited and no fallback available.
RecoveringCommand short-circuited and no fallback available.
RecoveringCommand short-circuited and no fallback available.
RecoveringCommand short-circuited and no fallback available.
RecoveringCommand short-circuited and no fallback available.
RecoveringCommand short-circuited and no fallback available.
RecoveringCommand short-circuited and no fallback available.
RecoveringCommand short-circuited and no fallback available.
RecoveringCommand short-circuited and no fallback available.
RecoveringCommand short-circuited and no fallback available.
RecoveringCommand short-circuited and no fallback available.
RecoveringCommand short-circuited and no fallback available.
RecoveringCommand short-circuited and no fallback available.
RecoveringCommand short-circuited and no fallback available.
RecoveringCommand short-circuited and no fallback available.
RecoveringCommand short-circuited and no fallback available.
RecoveringCommand short-circuited and no fallback available.
RecoveringCommand short-circuited and no fallback available.
RecoveringCommand short-circuited and no fallback available.
RecoveringCommand short-circuited and no fallback available.
RecoveringCommand short-circuited and no fallback available.
RecoveringCommand short-circuited and no fallback available.
RecoveringCommand short-circuited and no fallback available.
RecoveringCommand short-circuited and no fallback available.
RecoveringCommand short-circuited and no fallback available.
RecoveringCommand short-circuited and no fallback available.
RecoveringCommand short-circuited and no fallback available.
RecoveringCommand short-circuited and no fallback available.
RecoveringCommand short-circuited and no fallback available.
RecoveringCommand short-circuited and no fallback available.
RecoveringCommand short-circuited and no fallback available.
RecoveringCommand short-circuited and no fallback available.
RecoveringCommand short-circuited and no fallback available.
RecoveringCommand short-circuited and no fallback available.
RecoveringCommand short-circuited and no fallback available.
RecoveringCommand short-circuited and no fallback available.
RecoveringCommand short-circuited and no fallback available.
RecoveringCommand short-circuited and no fallback available.
RecoveringCommand short-circuited and no fallback available.
RecoveringCommand short-circuited and no fallback available.
RecoveringCommand short-circuited and no fallback available.
RecoveringCommand short-circuited and no fallback available.
RecoveringCommand short-circuited and no fallback available.
RecoveringCommand short-circuited and no fallback available.
RecoveringCommand short-circuited and no fallback available.
RecoveringCommand short-circuited and no fallback available.
RecoveringCommand short-circuited and no fallback available.
RecoveringCommand short-circuited and no fallback available.
RecoveringCommand short-circuited and no fallback available.
RecoveringCommand short-circuited and no fallback available.
RecoveringCommand short-circuited and no fallback available.
RecoveringCommand short-circuited and no fallback available.
RecoveringCommand short-circuited and no fallback available.
RecoveringCommand failed and no fallback available.
RecoveringCommand short-circuited and no fallback available.
RecoveringCommand short-circuited and no fallback available.
RecoveringCommand short-circuited and no fallback available.
RecoveringCommand short-circuited and no fallback available.
RecoveringCommand short-circuited and no fallback available.
RecoveringCommand short-circuited and no fallback available.
RecoveringCommand short-circuited and no fallback available.
RecoveringCommand short-circuited and no fallback available.
RecoveringCommand short-circuited and no fallback available.
RecoveringCommand short-circuited and no fallback available.
RecoveringCommand short-circuited and no fallback available.
RecoveringCommand short-circuited and no fallback available.
RecoveringCommand short-circuited and no fallback available.
RecoveringCommand short-circuited and no fallback available.
RecoveringCommand short-circuited and no fallback available.
RecoveringCommand short-circuited and no fallback available.
RecoveringCommand short-circuited and no fallback available.
RecoveringCommand short-circuited and no fallback available.
RecoveringCommand short-circuited and no fallback available.
RecoveringCommand short-circuited and no fallback available.
RecoveringCommand short-circuited and no fallback available.
RecoveringCommand short-circuited and no fallback available.
RecoveringCommand short-circuited and no fallback available.
RecoveringCommand short-circuited and no fallback available.
RecoveringCommand short-circuited and no fallback available.
RecoveringCommand short-circuited and no fallback available.
RecoveringCommand short-circuited and no fallback available.
RecoveringCommand short-circuited and no fallback available.
RecoveringCommand short-circuited and no fallback available.
RecoveringCommand short-circuited and no fallback available.
RecoveringCommand short-circuited and no fallback available.
RecoveringCommand short-circuited and no fallback available.
RecoveringCommand short-circuited and no fallback available.
RecoveringCommand short-circuited and no fallback available.
RecoveringCommand short-circuited and no fallback available.
RecoveringCommand short-circuited and no fallback available.
RecoveringCommand short-circuited and no fallback available.
RecoveringCommand short-circuited and no fallback available.
RecoveringCommand short-circuited and no fallback available.
RecoveringCommand short-circuited and no fallback available.
RecoveringCommand short-circuited and no fallback available.
RecoveringCommand short-circuited and no fallback available.
RecoveringCommand short-circuited and no fallback available.
RecoveringCommand short-circuited and no fallback available.
RecoveringCommand short-circuited and no fallback available.
RecoveringCommand short-circuited and no fallback available.
RecoveringCommand short-circuited and no fallback available.
RecoveringCommand short-circuited and no fallback available.
RecoveringCommand short-circuited and no fallback available.
RecoveringCommand short-circuited and no fallback available.
RecoveringCommand short-circuited and no fallback available.
RecoveringCommand short-circuited and no fallback available.
RecoveringCommand short-circuited and no fallback available.
RecoveringCommand short-circuited and no fallback available.
RecoveringCommand short-circuited and no fallback available.
RecoveringCommand short-circuited and no fallback available.
RecoveringCommand short-circuited and no fallback available.
RecoveringCommand short-circuited and no fallback available.
RecoveringCommand short-circuited and no fallback available.
RecoveringCommand short-circuited and no fallback available.
RecoveringCommand short-circuited and no fallback available.
RecoveringCommand short-circuited and no fallback available.
RecoveringCommand short-circuited and no fallback available.
RecoveringCommand short-circuited and no fallback available.
RecoveringCommand short-circuited and no fallback available.
RecoveringCommand short-circuited and no fallback available.
RecoveringCommand short-circuited and no fallback available.
RecoveringCommand short-circuited and no fallback available.
RecoveringCommand short-circuited and no fallback available.
RecoveringCommand short-circuited and no fallback available.
RecoveringCommand short-circuited and no fallback available.
RecoveringCommand short-circuited and no fallback available.
RecoveringCommand short-circuited and no fallback available.
RecoveringCommand short-circuited and no fallback available.
RecoveringCommand short-circuited and no fallback available.
RecoveringCommand short-circuited and no fallback available.
RecoveringCommand short-circuited and no fallback available.
RecoveringCommand short-circuited and no fallback available.
RecoveringCommand short-circuited and no fallback available.
RecoveringCommand short-circuited and no fallback available.
RecoveringCommand short-circuited and no fallback available.
RecoveringCommand short-circuited and no fallback available.
RecoveringCommand short-circuited and no fallback available.
RecoveringCommand short-circuited and no fallback available.
RecoveringCommand short-circuited and no fallback available.
RecoveringCommand short-circuited and no fallback available.
RecoveringCommand short-circuited and no fallback available.
RecoveringCommand short-circuited and no fallback available.
RecoveringCommand short-circuited and no fallback available.
RecoveringCommand short-circuited and no fallback available.
RecoveringCommand short-circuited and no fallback available.
RecoveringCommand short-circuited and no fallback available.
RecoveringCommand short-circuited and no fallback available.
RecoveringCommand short-circuited and no fallback available.
RecoveringCommand short-circuited and no fallback available.
RecoveringCommand short-circuited and no fallback available.
RecoveringCommand short-circuited and no fallback available.
RecoveringCommand short-circuited and no fallback available.
RecoveringCommand short-circuited and no fallback available.
RecoveringCommand short-circuited and no fallback available.
RecoveringCommand short-circuited and no fallback available.
RecoveringCommand short-circuited and no fallback available.
RecoveringCommand short-circuited and no fallback available.
RecoveringCommand short-circuited and no fallback available.
RecoveringCommand short-circuited and no fallback available.
RecoveringCommand short-circuited and no fallback available.
RecoveringCommand short-circuited and no fallback available.
RecoveringCommand short-circuited and no fallback available.
RecoveringCommand short-circuited and no fallback available.
RecoveringCommand short-circuited and no fallback available.
RecoveringCommand short-circuited and no fallback available.
RecoveringCommand short-circuited and no fallback available.
RecoveringCommand short-circuited and no fallback available.
RecoveringCommand short-circuited and no fallback available.
RecoveringCommand short-circuited and no fallback available.
RecoveringCommand short-circuited and no fallback available.
RecoveringCommand short-circuited and no fallback available.
RecoveringCommand short-circuited and no fallback available.
RecoveringCommand short-circuited and no fallback available.
RecoveringCommand short-circuited and no fallback available.
RecoveringCommand short-circuited and no fallback available.
RecoveringCommand short-circuited and no fallback available.
RecoveringCommand short-circuited and no fallback available.
RecoveringCommand short-circuited and no fallback available.
RecoveringCommand short-circuited and no fallback available.
RecoveringCommand short-circuited and no fallback available.
RecoveringCommand short-circuited and no fallback available.
RecoveringCommand short-circuited and no fallback available.
RecoveringCommand short-circuited and no fallback available.
RecoveringCommand short-circuited and no fallback available.
RecoveringCommand short-circuited and no fallback available.
RecoveringCommand short-circuited and no fallback available.
RecoveringCommand short-circuited and no fallback available.
RecoveringCommand short-circuited and no fallback available.
RecoveringCommand short-circuited and no fallback available.
RecoveringCommand short-circuited and no fallback available.
RecoveringCommand short-circuited and no fallback available.
RecoveringCommand short-circuited and no fallback available.
RecoveringCommand short-circuited and no fallback available.
RecoveringCommand short-circuited and no fallback available.
RecoveringCommand short-circuited and no fallback available.
RecoveringCommand short-circuited and no fallback available.
RecoveringCommand short-circuited and no fallback available.
RecoveringCommand short-circuited and no fallback available.
RecoveringCommand short-circuited and no fallback available.
RecoveringCommand short-circuited and no fallback available.
RecoveringCommand short-circuited and no fallback available.
RecoveringCommand short-circuited and no fallback available.
RecoveringCommand short-circuited and no fallback available.
RecoveringCommand short-circuited and no fallback available.
RecoveringCommand short-circuited and no fallback available.
RecoveringCommand short-circuited and no fallback available.
RecoveringCommand short-circuited and no fallback available.
RecoveringCommand short-circuited and no fallback available.
RecoveringCommand short-circuited and no fallback available.
RecoveringCommand short-circuited and no fallback available.
RecoveringCommand short-circuited and no fallback available.
RecoveringCommand short-circuited and no fallback available.
RecoveringCommand short-circuited and no fallback available.
RecoveringCommand short-circuited and no fallback available.
RecoveringCommand short-circuited and no fallback available.
RecoveringCommand short-circuited and no fallback available.
RecoveringCommand short-circuited and no fallback available.
RecoveringCommand short-circuited and no fallback available.
RecoveringCommand short-circuited and no fallback available.
RecoveringCommand short-circuited and no fallback available.
RecoveringCommand short-circuited and no fallback available.
RecoveringCommand short-circuited and no fallback available.
RecoveringCommand short-circuited and no fallback available.
RecoveringCommand short-circuited and no fallback available.
RecoveringCommand short-circuited and no fallback available.
RecoveringCommand short-circuited and no fallback available.
RecoveringCommand short-circuited and no fallback available.
RecoveringCommand short-circuited and no fallback available.
RecoveringCommand short-circuited and no fallback available.
RecoveringCommand short-circuited and no fallback available.
RecoveringCommand short-circuited and no fallback available.
RecoveringCommand short-circuited and no fallback available.
RecoveringCommand short-circuited and no fallback available.
RecoveringCommand short-circuited and no fallback available.
RecoveringCommand short-circuited and no fallback available.
RecoveringCommand short-circuited and no fallback available.
RecoveringCommand short-circuited and no fallback available.
RecoveringCommand short-circuited and no fallback available.
RecoveringCommand short-circuited and no fallback available.
RecoveringCommand short-circuited and no fallback available.
RecoveringCommand short-circuited and no fallback available.
RecoveringCommand short-circuited and no fallback available.
RecoveringCommand short-circuited and no fallback available.
RecoveringCommand short-circuited and no fallback available.
RecoveringCommand short-circuited and no fallback available.
RecoveringCommand short-circuited and no fallback available.
RecoveringCommand short-circuited and no fallback available.
RecoveringCommand short-circuited and no fallback available.
RecoveringCommand short-circuited and no fallback available.
RecoveringCommand short-circuited and no fallback available.
RecoveringCommand short-circuited and no fallback available.
RecoveringCommand short-circuited and no fallback available.
RecoveringCommand short-circuited and no fallback available.
RecoveringCommand short-circuited and no fallback available.
RecoveringCommand short-circuited and no fallback available.
RecoveringCommand short-circuited and no fallback available.
RecoveringCommand short-circuited and no fallback available.
RecoveringCommand short-circuited and no fallback available.
RecoveringCommand short-circuited and no fallback available.
RecoveringCommand short-circuited and no fallback available.
RecoveringCommand short-circuited and no fallback available.
RecoveringCommand short-circuited and no fallback available.
RecoveringCommand short-circuited and no fallback available.
RecoveringCommand short-circuited and no fallback available.
RecoveringCommand short-circuited and no fallback available.
RecoveringCommand short-circuited and no fallback available.
RecoveringCommand short-circuited and no fallback available.
RecoveringCommand short-circuited and no fallback available.
RecoveringCommand short-circuited and no fallback available.
RecoveringCommand short-circuited and no fallback available.
RecoveringCommand short-circuited and no fallback available.
RecoveringCommand short-circuited and no fallback available.
RecoveringCommand short-circuited and no fallback available.
RecoveringCommand short-circuited and no fallback available.
RecoveringCommand short-circuited and no fallback available.
RecoveringCommand short-circuited and no fallback available.
RecoveringCommand short-circuited and no fallback available.
RecoveringCommand short-circuited and no fallback available.
RecoveringCommand short-circuited and no fallback available.
RecoveringCommand short-circuited and no fallback available.
RecoveringCommand short-circuited and no fallback available.
RecoveringCommand short-circuited and no fallback available.
RecoveringCommand short-circuited and no fallback available.
RecoveringCommand short-circuited and no fallback available.
RecoveringCommand short-circuited and no fallback available.
RecoveringCommand short-circuited and no fallback available.
RecoveringCommand short-circuited and no fallback available.
RecoveringCommand short-circuited and no fallback available.
RecoveringCommand short-circuited and no fallback available.
RecoveringCommand short-circuited and no fallback available.
RecoveringCommand short-circuited and no fallback available.
RecoveringCommand short-circuited and no fallback available.
RecoveringCommand short-circuited and no fallback available.
RecoveringCommand short-circuited and no fallback available.
RecoveringCommand short-circuited and no fallback available.
RecoveringCommand short-circuited and no fallback available.
RecoveringCommand short-circuited and no fallback available.
RecoveringCommand short-circuited and no fallback available.
RecoveringCommand short-circuited and no fallback available.
RecoveringCommand short-circuited and no fallback available.
RecoveringCommand short-circuited and no fallback available.
RecoveringCommand short-circuited and no fallback available.
RecoveringCommand short-circuited and no fallback available.
RecoveringCommand short-circuited and no fallback available.
RecoveringCommand short-circuited and no fallback available.
RecoveringCommand short-circuited and no fallback available.
RecoveringCommand short-circuited and no fallback available.
RecoveringCommand short-circuited and no fallback available.
RecoveringCommand short-circuited and no fallback available.
RecoveringCommand short-circuited and no fallback available.
RecoveringCommand short-circuited and no fallback available.
RecoveringCommand short-circuited and no fallback available.
RecoveringCommand short-circuited and no fallback available.
RecoveringCommand short-circuited and no fallback available.
RecoveringCommand short-circuited and no fallback available.
RecoveringCommand short-circuited and no fallback available.
RecoveringCommand short-circuited and no fallback available.
RecoveringCommand short-circuited and no fallback available.
RecoveringCommand short-circuited and no fallback available.
RecoveringCommand short-circuited and no fallback available.
RecoveringCommand short-circuited and no fallback available.
RecoveringCommand short-circuited and no fallback available.
RecoveringCommand short-circuited and no fallback available.
RecoveringCommand short-circuited and no fallback available.
RecoveringCommand short-circuited and no fallback available.
RecoveringCommand short-circuited and no fallback available.
RecoveringCommand short-circuited and no fallback available.
RecoveringCommand short-circuited and no fallback available.
RecoveringCommand short-circuited and no fallback available.
RecoveringCommand short-circuited and no fallback available.
RecoveringCommand short-circuited and no fallback available.
RecoveringCommand short-circuited and no fallback available.
RecoveringCommand short-circuited and no fallback available.
RecoveringCommand short-circuited and no fallback available.
RecoveringCommand short-circuited and no fallback available.
RecoveringCommand short-circuited and no fallback available.
RecoveringCommand short-circuited and no fallback available.
RecoveringCommand short-circuited and no fallback available.
RecoveringCommand short-circuited and no fallback available.
RecoveringCommand short-circuited and no fallback available.
RecoveringCommand short-circuited and no fallback available.
RecoveringCommand short-circuited and no fallback available.
RecoveringCommand short-circuited and no fallback available.
RecoveringCommand short-circuited and no fallback available.
RecoveringCommand short-circuited and no fallback available.
RecoveringCommand short-circuited and no fallback available.
RecoveringCommand short-circuited and no fallback available.
RecoveringCommand short-circuited and no fallback available.
RecoveringCommand short-circuited and no fallback available.
RecoveringCommand short-circuited and no fallback available.
RecoveringCommand short-circuited and no fallback available.
RecoveringCommand short-circuited and no fallback available.
RecoveringCommand short-circuited and no fallback available.
RecoveringCommand short-circuited and no fallback available.
RecoveringCommand short-circuited and no fallback available.
RecoveringCommand short-circuited and no fallback available.
RecoveringCommand short-circuited and no fallback available.
RecoveringCommand short-circuited and no fallback available.
RecoveringCommand short-circuited and no fallback available.
RecoveringCommand short-circuited and no fallback available.
RecoveringCommand short-circuited and no fallback available.
RecoveringCommand short-circuited and no fallback available.
RecoveringCommand short-circuited and no fallback available.
RecoveringCommand short-circuited and no fallback available.
RecoveringCommand short-circuited and no fallback available.
RecoveringCommand short-circuited and no fallback available.
RecoveringCommand short-circuited and no fallback available.
RecoveringCommand short-circuited and no fallback available.
RecoveringCommand short-circuited and no fallback available.
RecoveringCommand short-circuited and no fallback available.
RecoveringCommand short-circuited and no fallback available.
RecoveringCommand short-circuited and no fallback available.
RecoveringCommand short-circuited and no fallback available.
RecoveringCommand short-circuited and no fallback available.
RecoveringCommand short-circuited and no fallback available.
RecoveringCommand short-circuited and no fallback available.
RecoveringCommand short-circuited and no fallback available.
RecoveringCommand short-circuited and no fallback available.
RecoveringCommand short-circuited and no fallback available.
RecoveringCommand short-circuited and no fallback available.
RecoveringCommand short-circuited and no fallback available.
RecoveringCommand short-circuited and no fallback available.
RecoveringCommand short-circuited and no fallback available.
RecoveringCommand short-circuited and no fallback available.
RecoveringCommand short-circuited and no fallback available.
RecoveringCommand short-circuited and no fallback available.
RecoveringCommand short-circuited and no fallback available.
RecoveringCommand short-circuited and no fallback available.
RecoveringCommand short-circuited and no fallback available.
RecoveringCommand short-circuited and no fallback available.
RecoveringCommand short-circuited and no fallback available.
RecoveringCommand short-circuited and no fallback available.
RecoveringCommand short-circuited and no fallback available.
RecoveringCommand short-circuited and no fallback available.
RecoveringCommand short-circuited and no fallback available.
RecoveringCommand short-circuited and no fallback available.
RecoveringCommand short-circuited and no fallback available.
RecoveringCommand short-circuited and no fallback available.
RecoveringCommand short-circuited and no fallback available.
RecoveringCommand short-circuited and no fallback available.
RecoveringCommand short-circuited and no fallback available.
RecoveringCommand short-circuited and no fallback available.
RecoveringCommand short-circuited and no fallback available.
RecoveringCommand short-circuited and no fallback available.
RecoveringCommand short-circuited and no fallback available.
RecoveringCommand short-circuited and no fallback available.
RecoveringCommand short-circuited and no fallback available.
RecoveringCommand short-circuited and no fallback available.
RecoveringCommand short-circuited and no fallback available.
RecoveringCommand short-circuited and no fallback available.
RecoveringCommand short-circuited and no fallback available.
RecoveringCommand short-circuited and no fallback available.
RecoveringCommand short-circuited and no fallback available.
RecoveringCommand short-circuited and no fallback available.
RecoveringCommand short-circuited and no fallback available.
RecoveringCommand short-circuited and no fallback available.
RecoveringCommand short-circuited and no fallback available.
RecoveringCommand short-circuited and no fallback available.
RecoveringCommand short-circuited and no fallback available.
RecoveringCommand short-circuited and no fallback available.
RecoveringCommand short-circuited and no fallback available.
RecoveringCommand short-circuited and no fallback available.
RecoveringCommand short-circuited and no fallback available.
RecoveringCommand short-circuited and no fallback available.
RecoveringCommand short-circuited and no fallback available.
RecoveringCommand short-circuited and no fallback available.
RecoveringCommand short-circuited and no fallback available.
RecoveringCommand short-circuited and no fallback available.
RecoveringCommand short-circuited and no fallback available.
RecoveringCommand short-circuited and no fallback available.
RecoveringCommand short-circuited and no fallback available.
RecoveringCommand short-circuited and no fallback available.
RecoveringCommand short-circuited and no fallback available.
RecoveringCommand short-circuited and no fallback available.
RecoveringCommand short-circuited and no fallback available.
RecoveringCommand short-circuited and no fallback available.
RecoveringCommand short-circuited and no fallback available.
RecoveringCommand short-circuited and no fallback available.
RecoveringCommand short-circuited and no fallback available.
RecoveringCommand short-circuited and no fallback available.
RecoveringCommand short-circuited and no fallback available.
RecoveringCommand short-circuited and no fallback available.
RecoveringCommand short-circuited and no fallback available.
RecoveringCommand short-circuited and no fallback available.
RecoveringCommand short-circuited and no fallback available.
RecoveringCommand short-circuited and no fallback available.
RecoveringCommand short-circuited and no fallback available.
RecoveringCommand short-circuited and no fallback available.
RecoveringCommand short-circuited and no fallback available.
RecoveringCommand short-circuited and no fallback available.
RecoveringCommand short-circuited and no fallback available.
RecoveringCommand short-circuited and no fallback available.
RecoveringCommand short-circuited and no fallback available.
RecoveringCommand short-circuited and no fallback available.
RecoveringCommand short-circuited and no fallback available.
RecoveringCommand short-circuited and no fallback available.
RecoveringCommand short-circuited and no fallback available.
RecoveringCommand short-circuited and no fallback available.
RecoveringCommand short-circuited and no fallback available.
RecoveringCommand short-circuited and no fallback available.
RecoveringCommand short-circuited and no fallback available.
RecoveringCommand short-circuited and no fallback available.
RecoveringCommand short-circuited and no fallback available.
RecoveringCommand short-circuited and no fallback available.
RecoveringCommand short-circuited and no fallback available.
RecoveringCommand short-circuited and no fallback available.
RecoveringCommand short-circuited and no fallback available.
RecoveringCommand short-circuited and no fallback available.
RecoveringCommand short-circuited and no fallback available.
RecoveringCommand short-circuited and no fallback available.
RecoveringCommand short-circuited and no fallback available.
RecoveringCommand short-circuited and no fallback available.
RecoveringCommand short-circuited and no fallback available.
RecoveringCommand short-circuited and no fallback available.
RecoveringCommand short-circuited and no fallback available.
RecoveringCommand short-circuited and no fallback available.
RecoveringCommand short-circuited and no fallback available.
RecoveringCommand short-circuited and no fallback available.
RecoveringCommand short-circuited and no fallback available.
RecoveringCommand short-circuited and no fallback available.
RecoveringCommand short-circuited and no fallback available.
RecoveringCommand short-circuited and no fallback available.
RecoveringCommand short-circuited and no fallback available.
RecoveringCommand short-circuited and no fallback available.
RecoveringCommand short-circuited and no fallback available.
RecoveringCommand short-circuited and no fallback available.
RecoveringCommand short-circuited and no fallback available.
RecoveringCommand short-circuited and no fallback available.
RecoveringCommand short-circuited and no fallback available.
RecoveringCommand short-circuited and no fallback available.
RecoveringCommand short-circuited and no fallback available.
RecoveringCommand short-circuited and no fallback available.
RecoveringCommand short-circuited and no fallback available.
RecoveringCommand short-circuited and no fallback available.
RecoveringCommand short-circuited and no fallback available.
RecoveringCommand short-circuited and no fallback available.
RecoveringCommand short-circuited and no fallback available.
RecoveringCommand short-circuited and no fallback available.
RecoveringCommand short-circuited and no fallback available.
RecoveringCommand short-circuited and no fallback available.
RecoveringCommand short-circuited and no fallback available.
RecoveringCommand short-circuited and no fallback available.
RecoveringCommand short-circuited and no fallback available.
RecoveringCommand short-circuited and no fallback available.
RecoveringCommand short-circuited and no fallback available.
RecoveringCommand short-circuited and no fallback available.
RecoveringCommand short-circuited and no fallback available.
RecoveringCommand short-circuited and no fallback available.
RecoveringCommand short-circuited and no fallback available.
RecoveringCommand short-circuited and no fallback available.
RecoveringCommand short-circuited and no fallback available.
RecoveringCommand short-circuited and no fallback available.
RecoveringCommand short-circuited and no fallback available.
RecoveringCommand short-circuited and no fallback available.
RecoveringCommand short-circuited and no fallback available.
RecoveringCommand short-circuited and no fallback available.
RecoveringCommand short-circuited and no fallback available.
RecoveringCommand short-circuited and no fallback available.
RecoveringCommand short-circuited and no fallback available.
RecoveringCommand short-circuited and no fallback available.
RecoveringCommand short-circuited and no fallback available.
RecoveringCommand short-circuited and no fallback available.
RecoveringCommand short-circuited and no fallback available.
RecoveringCommand short-circuited and no fallback available.
RecoveringCommand short-circuited and no fallback available.
RecoveringCommand short-circuited and no fallback available.
RecoveringCommand short-circuited and no fallback available.
RecoveringCommand short-circuited and no fallback available.
RecoveringCommand short-circuited and no fallback available.
RecoveringCommand short-circuited and no fallback available.
RecoveringCommand short-circuited and no fallback available.
RecoveringCommand short-circuited and no fallback available.
RecoveringCommand short-circuited and no fallback available.
RecoveringCommand short-circuited and no fallback available.
RecoveringCommand short-circuited and no fallback available.
RecoveringCommand short-circuited and no fallback available.
RecoveringCommand short-circuited and no fallback available.
RecoveringCommand short-circuited and no fallback available.
RecoveringCommand short-circuited and no fallback available.
RecoveringCommand short-circuited and no fallback available.
RecoveringCommand short-circuited and no fallback available.
RecoveringCommand short-circuited and no fallback available.
RecoveringCommand short-circuited and no fallback available.
RecoveringCommand short-circuited and no fallback available.
RecoveringCommand short-circuited and no fallback available.
RecoveringCommand short-circuited and no fallback available.
RecoveringCommand short-circuited and no fallback available.
RecoveringCommand short-circuited and no fallback available.
RecoveringCommand short-circuited and no fallback available.
RecoveringCommand short-circuited and no fallback available.
RecoveringCommand short-circuited and no fallback available.
RecoveringCommand short-circuited and no fallback available.
RecoveringCommand short-circuited and no fallback available.
RecoveringCommand short-circuited and no fallback available.
RecoveringCommand short-circuited and no fallback available.
RecoveringCommand short-circuited and no fallback available.
RecoveringCommand short-circuited and no fallback available.
RecoveringCommand short-circuited and no fallback available.
RecoveringCommand short-circuited and no fallback available.
RecoveringCommand short-circuited and no fallback available.
RecoveringCommand short-circuited and no fallback available.
RecoveringCommand short-circuited and no fallback available.
RecoveringCommand short-circuited and no fallback available.
RecoveringCommand short-circuited and no fallback available.
RecoveringCommand short-circuited and no fallback available.
RecoveringCommand short-circuited and no fallback available.
RecoveringCommand short-circuited and no fallback available.
RecoveringCommand short-circuited and no fallback available.
RecoveringCommand short-circuited and no fallback available.
RecoveringCommand short-circuited and no fallback available.
RecoveringCommand short-circuited and no fallback available.
RecoveringCommand short-circuited and no fallback available.
RecoveringCommand short-circuited and no fallback available.
RecoveringCommand short-circuited and no fallback available.
RecoveringCommand short-circuited and no fallback available.
RecoveringCommand short-circuited and no fallback available.
RecoveringCommand short-circuited and no fallback available.
RecoveringCommand short-circuited and no fallback available.
RecoveringCommand short-circuited and no fallback available.
RecoveringCommand short-circuited and no fallback available.
RecoveringCommand short-circuited and no fallback available.
RecoveringCommand short-circuited and no fallback available.
RecoveringCommand short-circuited and no fallback available.
RecoveringCommand short-circuited and no fallback available.
RecoveringCommand short-circuited and no fallback available.
RecoveringCommand short-circuited and no fallback available.
RecoveringCommand short-circuited and no fallback available.
RecoveringCommand short-circuited and no fallback available.
RecoveringCommand short-circuited and no fallback available.
RecoveringCommand short-circuited and no fallback available.
RecoveringCommand short-circuited and no fallback available.
RecoveringCommand short-circuited and no fallback available.
RecoveringCommand short-circuited and no fallback available.
RecoveringCommand short-circuited and no fallback available.
RecoveringCommand short-circuited and no fallback available.
RecoveringCommand short-circuited and no fallback available.
RecoveringCommand short-circuited and no fallback available.
RecoveringCommand short-circuited and no fallback available.
RecoveringCommand short-circuited and no fallback available.
RecoveringCommand short-circuited and no fallback available.
RecoveringCommand short-circuited and no fallback available.
RecoveringCommand short-circuited and no fallback available.
RecoveringCommand short-circuited and no fallback available.
RecoveringCommand short-circuited and no fallback available.
RecoveringCommand short-circuited and no fallback available.
RecoveringCommand short-circuited and no fallback available.
RecoveringCommand short-circuited and no fallback available.
RecoveringCommand short-circuited and no fallback available.
RecoveringCommand short-circuited and no fallback available.
RecoveringCommand short-circuited and no fallback available.
RecoveringCommand short-circuited and no fallback available.
RecoveringCommand short-circuited and no fallback available.
RecoveringCommand short-circuited and no fallback available.
RecoveringCommand short-circuited and no fallback available.
RecoveringCommand short-circuited and no fallback available.
RecoveringCommand short-circuited and no fallback available.
RecoveringCommand short-circuited and no fallback available.
RecoveringCommand short-circuited and no fallback available.
RecoveringCommand short-circuited and no fallback available.
RecoveringCommand short-circuited and no fallback available.
RecoveringCommand short-circuited and no fallback available.
RecoveringCommand short-circuited and no fallback available.
RecoveringCommand short-circuited and no fallback available.
RecoveringCommand short-circuited and no fallback available.
RecoveringCommand short-circuited and no fallback available.
RecoveringCommand short-circuited and no fallback available.
RecoveringCommand short-circuited and no fallback available.
RecoveringCommand short-circuited and no fallback available.
RecoveringCommand short-circuited and no fallback available.
RecoveringCommand short-circuited and no fallback available.
RecoveringCommand short-circuited and no fallback available.
RecoveringCommand short-circuited and no fallback available.
RecoveringCommand short-circuited and no fallback available.
RecoveringCommand short-circuited and no fallback available.
RecoveringCommand short-circuited and no fallback available.
RecoveringCommand short-circuited and no fallback available.
RecoveringCommand short-circuited and no fallback available.
RecoveringCommand short-circuited and no fallback available.
RecoveringCommand short-circuited and no fallback available.
RecoveringCommand short-circuited and no fallback available.
RecoveringCommand short-circuited and no fallback available.
RecoveringCommand short-circuited and no fallback available.
RecoveringCommand short-circuited and no fallback available.
RecoveringCommand short-circuited and no fallback available.
RecoveringCommand short-circuited and no fallback available.
RecoveringCommand short-circuited and no fallback available.
RecoveringCommand short-circuited and no fallback available.
RecoveringCommand short-circuited and no fallback available.
RecoveringCommand short-circuited and no fallback available.
RecoveringCommand short-circuited and no fallback available.
RecoveringCommand short-circuited and no fallback available.
RecoveringCommand short-circuited and no fallback available.
RecoveringCommand short-circuited and no fallback available.
RecoveringCommand short-circuited and no fallback available.
RecoveringCommand short-circuited and no fallback available.
RecoveringCommand short-circuited and no fallback available.
RecoveringCommand short-circuited and no fallback available.
RecoveringCommand short-circuited and no fallback available.
RecoveringCommand short-circuited and no fallback available.
RecoveringCommand short-circuited and no fallback available.
RecoveringCommand short-circuited and no fallback available.
RecoveringCommand short-circuited and no fallback available.
RecoveringCommand short-circuited and no fallback available.
RecoveringCommand short-circuited and no fallback available.
RecoveringCommand short-circuited and no fallback available.
RecoveringCommand short-circuited and no fallback available.
RecoveringCommand short-circuited and no fallback available.
RecoveringCommand short-circuited and no fallback available.
RecoveringCommand short-circuited and no fallback available.
RecoveringCommand short-circuited and no fallback available.
RecoveringCommand short-circuited and no fallback available.
RecoveringCommand short-circuited and no fallback available.
RecoveringCommand short-circuited and no fallback available.
RecoveringCommand short-circuited and no fallback available.
RecoveringCommand short-circuited and no fallback available.
RecoveringCommand short-circuited and no fallback available.
RecoveringCommand short-circuited and no fallback available.
RecoveringCommand short-circuited and no fallback available.
RecoveringCommand short-circuited and no fallback available.
RecoveringCommand short-circuited and no fallback available.
RecoveringCommand short-circuited and no fallback available.
RecoveringCommand short-circuited and no fallback available.
RecoveringCommand short-circuited and no fallback available.
RecoveringCommand short-circuited and no fallback available.
RecoveringCommand short-circuited and no fallback available.
RecoveringCommand short-circuited and no fallback available.
RecoveringCommand short-circuited and no fallback available.
RecoveringCommand short-circuited and no fallback available.
RecoveringCommand short-circuited and no fallback available.
RecoveringCommand short-circuited and no fallback available.
RecoveringCommand short-circuited and no fallback available.
RecoveringCommand short-circuited and no fallback available.
RecoveringCommand short-circuited and no fallback available.
RecoveringCommand short-circuited and no fallback available.
RecoveringCommand short-circuited and no fallback available.
RecoveringCommand short-circuited and no fallback available.
RecoveringCommand short-circuited and no fallback available.
RecoveringCommand short-circuited and no fallback available.
RecoveringCommand short-circuited and no fallback available.
RecoveringCommand short-circuited and no fallback available.
RecoveringCommand short-circuited and no fallback available.
RecoveringCommand short-circuited and no fallback available.
RecoveringCommand short-circuited and no fallback available.
RecoveringCommand short-circuited and no fallback available.
RecoveringCommand short-circuited and no fallback available.
RecoveringCommand short-circuited and no fallback available.
RecoveringCommand short-circuited and no fallback available.
RecoveringCommand short-circuited and no fallback available.
RecoveringCommand short-circuited and no fallback available.
RecoveringCommand short-circuited and no fallback available.
RecoveringCommand short-circuited and no fallback available.
RecoveringCommand short-circuited and no fallback available.
RecoveringCommand short-circuited and no fallback available.
RecoveringCommand short-circuited and no fallback available.
RecoveringCommand short-circuited and no fallback available.
RecoveringCommand short-circuited and no fallback available.
RecoveringCommand short-circuited and no fallback available.
RecoveringCommand short-circuited and no fallback available.
RecoveringCommand short-circuited and no fallback available.
RecoveringCommand short-circuited and no fallback available.
RecoveringCommand short-circuited and no fallback available.
RecoveringCommand short-circuited and no fallback available.
RecoveringCommand short-circuited and no fallback available.
RecoveringCommand short-circuited and no fallback available.
RecoveringCommand short-circuited and no fallback available.
RecoveringCommand short-circuited and no fallback available.
RecoveringCommand short-circuited and no fallback available.
RecoveringCommand short-circuited and no fallback available.
RecoveringCommand short-circuited and no fallback available.
RecoveringCommand short-circuited and no fallback available.
RecoveringCommand short-circuited and no fallback available.
RecoveringCommand short-circuited and no fallback available.
RecoveringCommand short-circuited and no fallback available.
RecoveringCommand short-circuited and no fallback available.
RecoveringCommand short-circuited and no fallback available.
RecoveringCommand short-circuited and no fallback available.
RecoveringCommand short-circuited and no fallback available.
RecoveringCommand short-circuited and no fallback available.
RecoveringCommand short-circuited and no fallback available.
RecoveringCommand short-circuited and no fallback available.
RecoveringCommand short-circuited and no fallback available.
RecoveringCommand short-circuited and no fallback available.
RecoveringCommand short-circuited and no fallback available.
RecoveringCommand short-circuited and no fallback available.
RecoveringCommand short-circuited and no fallback available.
RecoveringCommand short-circuited and no fallback available.
RecoveringCommand short-circuited and no fallback available.
RecoveringCommand short-circuited and no fallback available.
RecoveringCommand short-circuited and no fallback available.
RecoveringCommand short-circuited and no fallback available.
RecoveringCommand short-circuited and no fallback available.
RecoveringCommand short-circuited and no fallback available.
RecoveringCommand short-circuited and no fallback available.
RecoveringCommand short-circuited and no fallback available.
RecoveringCommand short-circuited and no fallback available.
RecoveringCommand short-circuited and no fallback available.
RecoveringCommand short-circuited and no fallback available.
RecoveringCommand short-circuited and no fallback available.
RecoveringCommand short-circuited and no fallback available.
RecoveringCommand short-circuited and no fallback available.
RecoveringCommand short-circuited and no fallback available.
RecoveringCommand short-circuited and no fallback available.
RecoveringCommand short-circuited and no fallback available.
RecoveringCommand short-circuited and no fallback available.
RecoveringCommand short-circuited and no fallback available.
RecoveringCommand short-circuited and no fallback available.
RecoveringCommand short-circuited and no fallback available.
RecoveringCommand short-circuited and no fallback available.
RecoveringCommand short-circuited and no fallback available.
RecoveringCommand short-circuited and no fallback available.
RecoveringCommand short-circuited and no fallback available.
RecoveringCommand short-circuited and no fallback available.
RecoveringCommand short-circuited and no fallback available.
RecoveringCommand short-circuited and no fallback available.
RecoveringCommand short-circuited and no fallback available.
RecoveringCommand short-circuited and no fallback available.
RecoveringCommand failed and no fallback available.
RecoveringCommand short-circuited and no fallback available.
RecoveringCommand short-circuited and no fallback available.
RecoveringCommand short-circuited and no fallback available.
RecoveringCommand short-circuited and no fallback available.
RecoveringCommand short-circuited and no fallback available.
RecoveringCommand short-circuited and no fallback available.
RecoveringCommand short-circuited and no fallback available.
RecoveringCommand short-circuited and no fallback available.
RecoveringCommand short-circuited and no fallback available.
RecoveringCommand short-circuited and no fallback available.
RecoveringCommand short-circuited and no fallback available.
RecoveringCommand short-circuited and no fallback available.
RecoveringCommand short-circuited and no fallback available.
RecoveringCommand short-circuited and no fallback available.
RecoveringCommand short-circuited and no fallback available.
RecoveringCommand short-circuited and no fallback available.
RecoveringCommand short-circuited and no fallback available.
RecoveringCommand short-circuited and no fallback available.
RecoveringCommand short-circuited and no fallback available.
RecoveringCommand short-circuited and no fallback available.
RecoveringCommand short-circuited and no fallback available.
RecoveringCommand short-circuited and no fallback available.
RecoveringCommand short-circuited and no fallback available.
RecoveringCommand short-circuited and no fallback available.
RecoveringCommand short-circuited and no fallback available.
RecoveringCommand short-circuited and no fallback available.
RecoveringCommand short-circuited and no fallback available.
RecoveringCommand short-circuited and no fallback available.
RecoveringCommand short-circuited and no fallback available.
RecoveringCommand short-circuited and no fallback available.
RecoveringCommand short-circuited and no fallback available.
RecoveringCommand short-circuited and no fallback available.
RecoveringCommand short-circuited and no fallback available.
RecoveringCommand short-circuited and no fallback available.
RecoveringCommand short-circuited and no fallback available.
RecoveringCommand short-circuited and no fallback available.
RecoveringCommand short-circuited and no fallback available.
RecoveringCommand short-circuited and no fallback available.
RecoveringCommand short-circuited and no fallback available.
RecoveringCommand short-circuited and no fallback available.
RecoveringCommand short-circuited and no fallback available.
RecoveringCommand short-circuited and no fallback available.
RecoveringCommand short-circuited and no fallback available.
RecoveringCommand short-circuited and no fallback available.
RecoveringCommand short-circuited and no fallback available.
RecoveringCommand short-circuited and no fallback available.
RecoveringCommand short-circuited and no fallback available.
RecoveringCommand short-circuited and no fallback available.
RecoveringCommand short-circuited and no fallback available.
RecoveringCommand short-circuited and no fallback available.
RecoveringCommand short-circuited and no fallback available.
RecoveringCommand short-circuited and no fallback available.
RecoveringCommand short-circuited and no fallback available.
RecoveringCommand short-circuited and no fallback available.
RecoveringCommand short-circuited and no fallback available.
RecoveringCommand short-circuited and no fallback available.
RecoveringCommand short-circuited and no fallback available.
RecoveringCommand short-circuited and no fallback available.
RecoveringCommand short-circuited and no fallback available.
RecoveringCommand short-circuited and no fallback available.
RecoveringCommand short-circuited and no fallback available.
RecoveringCommand short-circuited and no fallback available.
RecoveringCommand short-circuited and no fallback available.
RecoveringCommand short-circuited and no fallback available.
RecoveringCommand short-circuited and no fallback available.
RecoveringCommand short-circuited and no fallback available.
RecoveringCommand short-circuited and no fallback available.
RecoveringCommand short-circuited and no fallback available.
RecoveringCommand short-circuited and no fallback available.
RecoveringCommand short-circuited and no fallback available.
RecoveringCommand short-circuited and no fallback available.
RecoveringCommand short-circuited and no fallback available.
RecoveringCommand short-circuited and no fallback available.
RecoveringCommand short-circuited and no fallback available.
RecoveringCommand short-circuited and no fallback available.
RecoveringCommand short-circuited and no fallback available.
RecoveringCommand short-circuited and no fallback available.
RecoveringCommand short-circuited and no fallback available.
RecoveringCommand short-circuited and no fallback available.
RecoveringCommand short-circuited and no fallback available.
RecoveringCommand short-circuited and no fallback available.
RecoveringCommand short-circuited and no fallback available.
RecoveringCommand short-circuited and no fallback available.
RecoveringCommand short-circuited and no fallback available.
RecoveringCommand short-circuited and no fallback available.
RecoveringCommand short-circuited and no fallback available.
RecoveringCommand short-circuited and no fallback available.
RecoveringCommand short-circuited and no fallback available.
RecoveringCommand short-circuited and no fallback available.
RecoveringCommand short-circuited and no fallback available.
RecoveringCommand short-circuited and no fallback available.
RecoveringCommand short-circuited and no fallback available.
RecoveringCommand short-circuited and no fallback available.
RecoveringCommand short-circuited and no fallback available.
RecoveringCommand short-circuited and no fallback available.
RecoveringCommand short-circuited and no fallback available.
RecoveringCommand short-circuited and no fallback available.
RecoveringCommand short-circuited and no fallback available.
RecoveringCommand short-circuited and no fallback available.
RecoveringCommand short-circuited and no fallback available.
RecoveringCommand short-circuited and no fallback available.
RecoveringCommand short-circuited and no fallback available.
RecoveringCommand short-circuited and no fallback available.
RecoveringCommand short-circuited and no fallback available.
RecoveringCommand short-circuited and no fallback available.
RecoveringCommand short-circuited and no fallback available.
RecoveringCommand short-circuited and no fallback available.
RecoveringCommand short-circuited and no fallback available.
RecoveringCommand short-circuited and no fallback available.
RecoveringCommand short-circuited and no fallback available.
RecoveringCommand short-circuited and no fallback available.
RecoveringCommand short-circuited and no fallback available.
RecoveringCommand short-circuited and no fallback available.
RecoveringCommand short-circuited and no fallback available.
RecoveringCommand short-circuited and no fallback available.
RecoveringCommand short-circuited and no fallback available.
RecoveringCommand short-circuited and no fallback available.
RecoveringCommand short-circuited and no fallback available.
RecoveringCommand short-circuited and no fallback available.
RecoveringCommand short-circuited and no fallback available.
RecoveringCommand short-circuited and no fallback available.
RecoveringCommand short-circuited and no fallback available.
RecoveringCommand short-circuited and no fallback available.
RecoveringCommand short-circuited and no fallback available.
RecoveringCommand short-circuited and no fallback available.
RecoveringCommand short-circuited and no fallback available.
RecoveringCommand short-circuited and no fallback available.
RecoveringCommand short-circuited and no fallback available.
RecoveringCommand short-circuited and no fallback available.
RecoveringCommand short-circuited and no fallback available.
RecoveringCommand short-circuited and no fallback available.
RecoveringCommand short-circuited and no fallback available.
RecoveringCommand short-circuited and no fallback available.
RecoveringCommand short-circuited and no fallback available.
RecoveringCommand short-circuited and no fallback available.
RecoveringCommand short-circuited and no fallback available.
RecoveringCommand short-circuited and no fallback available.
RecoveringCommand short-circuited and no fallback available.
RecoveringCommand short-circuited and no fallback available.
RecoveringCommand short-circuited and no fallback available.
RecoveringCommand short-circuited and no fallback available.
RecoveringCommand short-circuited and no fallback available.
RecoveringCommand short-circuited and no fallback available.
RecoveringCommand short-circuited and no fallback available.
RecoveringCommand short-circuited and no fallback available.
RecoveringCommand short-circuited and no fallback available.
RecoveringCommand short-circuited and no fallback available.
RecoveringCommand short-circuited and no fallback available.
RecoveringCommand short-circuited and no fallback available.
RecoveringCommand short-circuited and no fallback available.
RecoveringCommand short-circuited and no fallback available.
RecoveringCommand short-circuited and no fallback available.
RecoveringCommand short-circuited and no fallback available.
RecoveringCommand short-circuited and no fallback available.
RecoveringCommand short-circuited and no fallback available.
RecoveringCommand short-circuited and no fallback available.
RecoveringCommand short-circuited and no fallback available.
RecoveringCommand short-circuited and no fallback available.
RecoveringCommand short-circuited and no fallback available.
RecoveringCommand short-circuited and no fallback available.
RecoveringCommand short-circuited and no fallback available.
RecoveringCommand short-circuited and no fallback available.
RecoveringCommand short-circuited and no fallback available.
RecoveringCommand short-circuited and no fallback available.
RecoveringCommand short-circuited and no fallback available.
RecoveringCommand short-circuited and no fallback available.
RecoveringCommand short-circuited and no fallback available.
RecoveringCommand short-circuited and no fallback available.
RecoveringCommand short-circuited and no fallback available.
RecoveringCommand short-circuited and no fallback available.
RecoveringCommand short-circuited and no fallback available.
RecoveringCommand short-circuited and no fallback available.
RecoveringCommand short-circuited and no fallback available.
RecoveringCommand short-circuited and no fallback available.
RecoveringCommand short-circuited and no fallback available.
RecoveringCommand short-circuited and no fallback available.
RecoveringCommand short-circuited and no fallback available.
RecoveringCommand short-circuited and no fallback available.
RecoveringCommand short-circuited and no fallback available.
RecoveringCommand short-circuited and no fallback available.
RecoveringCommand short-circuited and no fallback available.
RecoveringCommand short-circuited and no fallback available.
RecoveringCommand short-circuited and no fallback available.
RecoveringCommand short-circuited and no fallback available.
RecoveringCommand short-circuited and no fallback available.
RecoveringCommand short-circuited and no fallback available.
RecoveringCommand short-circuited and no fallback available.
RecoveringCommand short-circuited and no fallback available.
RecoveringCommand short-circuited and no fallback available.
RecoveringCommand short-circuited and no fallback available.
RecoveringCommand short-circuited and no fallback available.
RecoveringCommand short-circuited and no fallback available.
RecoveringCommand short-circuited and no fallback available.
RecoveringCommand short-circuited and no fallback available.
RecoveringCommand short-circuited and no fallback available.
RecoveringCommand short-circuited and no fallback available.
RecoveringCommand short-circuited and no fallback available.
RecoveringCommand short-circuited and no fallback available.
RecoveringCommand short-circuited and no fallback available.
RecoveringCommand short-circuited and no fallback available.
RecoveringCommand short-circuited and no fallback available.
RecoveringCommand short-circuited and no fallback available.
RecoveringCommand short-circuited and no fallback available.
RecoveringCommand short-circuited and no fallback available.
RecoveringCommand short-circuited and no fallback available.
RecoveringCommand short-circuited and no fallback available.
RecoveringCommand short-circuited and no fallback available.
RecoveringCommand short-circuited and no fallback available.
RecoveringCommand short-circuited and no fallback available.
RecoveringCommand short-circuited and no fallback available.
RecoveringCommand short-circuited and no fallback available.
RecoveringCommand short-circuited and no fallback available.
RecoveringCommand short-circuited and no fallback available.
RecoveringCommand short-circuited and no fallback available.
RecoveringCommand short-circuited and no fallback available.
RecoveringCommand short-circuited and no fallback available.
RecoveringCommand short-circuited and no fallback available.
RecoveringCommand short-circuited and no fallback available.
RecoveringCommand short-circuited and no fallback available.
RecoveringCommand short-circuited and no fallback available.
RecoveringCommand short-circuited and no fallback available.
RecoveringCommand short-circuited and no fallback available.
RecoveringCommand short-circuited and no fallback available.
RecoveringCommand short-circuited and no fallback available.
RecoveringCommand short-circuited and no fallback available.
RecoveringCommand short-circuited and no fallback available.
RecoveringCommand short-circuited and no fallback available.
RecoveringCommand short-circuited and no fallback available.
RecoveringCommand short-circuited and no fallback available.
RecoveringCommand short-circuited and no fallback available.
RecoveringCommand short-circuited and no fallback available.
RecoveringCommand short-circuited and no fallback available.
RecoveringCommand short-circuited and no fallback available.
RecoveringCommand short-circuited and no fallback available.
RecoveringCommand short-circuited and no fallback available.
RecoveringCommand short-circuited and no fallback available.
RecoveringCommand short-circuited and no fallback available.
RecoveringCommand short-circuited and no fallback available.
RecoveringCommand short-circuited and no fallback available.
RecoveringCommand short-circuited and no fallback available.
RecoveringCommand short-circuited and no fallback available.
RecoveringCommand short-circuited and no fallback available.
RecoveringCommand short-circuited and no fallback available.
RecoveringCommand short-circuited and no fallback available.
RecoveringCommand short-circuited and no fallback available.
RecoveringCommand short-circuited and no fallback available.
RecoveringCommand short-circuited and no fallback available.
RecoveringCommand short-circuited and no fallback available.
RecoveringCommand short-circuited and no fallback available.
RecoveringCommand short-circuited and no fallback available.
RecoveringCommand short-circuited and no fallback available.
RecoveringCommand short-circuited and no fallback available.
RecoveringCommand short-circuited and no fallback available.
RecoveringCommand short-circuited and no fallback available.
RecoveringCommand short-circuited and no fallback available.
RecoveringCommand short-circuited and no fallback available.
RecoveringCommand short-circuited and no fallback available.
RecoveringCommand short-circuited and no fallback available.
RecoveringCommand short-circuited and no fallback available.
RecoveringCommand short-circuited and no fallback available.
RecoveringCommand short-circuited and no fallback available.
RecoveringCommand short-circuited and no fallback available.
RecoveringCommand short-circuited and no fallback available.
RecoveringCommand short-circuited and no fallback available.
RecoveringCommand short-circuited and no fallback available.
RecoveringCommand short-circuited and no fallback available.
RecoveringCommand short-circuited and no fallback available.
RecoveringCommand short-circuited and no fallback available.
RecoveringCommand short-circuited and no fallback available.
RecoveringCommand short-circuited and no fallback available.
RecoveringCommand short-circuited and no fallback available.
RecoveringCommand short-circuited and no fallback available.
RecoveringCommand short-circuited and no fallback available.
RecoveringCommand short-circuited and no fallback available.
RecoveringCommand short-circuited and no fallback available.
RecoveringCommand short-circuited and no fallback available.
RecoveringCommand short-circuited and no fallback available.
RecoveringCommand short-circuited and no fallback available.
RecoveringCommand short-circuited and no fallback available.
RecoveringCommand short-circuited and no fallback available.
RecoveringCommand short-circuited and no fallback available.
RecoveringCommand short-circuited and no fallback available.
RecoveringCommand short-circuited and no fallback available.
RecoveringCommand short-circuited and no fallback available.
RecoveringCommand short-circuited and no fallback available.
RecoveringCommand short-circuited and no fallback available.
RecoveringCommand short-circuited and no fallback available.
RecoveringCommand short-circuited and no fallback available.
RecoveringCommand short-circuited and no fallback available.
RecoveringCommand short-circuited and no fallback available.
RecoveringCommand short-circuited and no fallback available.
RecoveringCommand short-circuited and no fallback available.
RecoveringCommand short-circuited and no fallback available.
RecoveringCommand short-circuited and no fallback available.
RecoveringCommand short-circuited and no fallback available.
RecoveringCommand short-circuited and no fallback available.
RecoveringCommand short-circuited and no fallback available.
RecoveringCommand short-circuited and no fallback available.
RecoveringCommand short-circuited and no fallback available.
RecoveringCommand short-circuited and no fallback available.
RecoveringCommand short-circuited and no fallback available.
RecoveringCommand short-circuited and no fallback available.
RecoveringCommand short-circuited and no fallback available.
RecoveringCommand short-circuited and no fallback available.
RecoveringCommand short-circuited and no fallback available.
RecoveringCommand short-circuited and no fallback available.
RecoveringCommand short-circuited and no fallback available.
RecoveringCommand short-circuited and no fallback available.
RecoveringCommand short-circuited and no fallback available.
RecoveringCommand short-circuited and no fallback available.
RecoveringCommand short-circuited and no fallback available.
RecoveringCommand short-circuited and no fallback available.
RecoveringCommand short-circuited and no fallback available.
RecoveringCommand short-circuited and no fallback available.
RecoveringCommand short-circuited and no fallback available.
RecoveringCommand short-circuited and no fallback available.
RecoveringCommand short-circuited and no fallback available.
RecoveringCommand short-circuited and no fallback available.
RecoveringCommand short-circuited and no fallback available.
RecoveringCommand short-circuited and no fallback available.
RecoveringCommand short-circuited and no fallback available.
RecoveringCommand short-circuited and no fallback available.
RecoveringCommand short-circuited and no fallback available.
RecoveringCommand short-circuited and no fallback available.
RecoveringCommand short-circuited and no fallback available.
RecoveringCommand short-circuited and no fallback available.
RecoveringCommand short-circuited and no fallback available.
RecoveringCommand short-circuited and no fallback available.
RecoveringCommand short-circuited and no fallback available.
RecoveringCommand short-circuited and no fallback available.
RecoveringCommand short-circuited and no fallback available.
RecoveringCommand short-circuited and no fallback available.
RecoveringCommand short-circuited and no fallback available.
RecoveringCommand short-circuited and no fallback available.
RecoveringCommand short-circuited and no fallback available.
RecoveringCommand short-circuited and no fallback available.
RecoveringCommand short-circuited and no fallback available.
RecoveringCommand short-circuited and no fallback available.
RecoveringCommand short-circuited and no fallback available.
RecoveringCommand short-circuited and no fallback available.
RecoveringCommand short-circuited and no fallback available.
RecoveringCommand short-circuited and no fallback available.
RecoveringCommand short-circuited and no fallback available.
RecoveringCommand short-circuited and no fallback available.
RecoveringCommand short-circuited and no fallback available.
RecoveringCommand short-circuited and no fallback available.
RecoveringCommand short-circuited and no fallback available.
RecoveringCommand short-circuited and no fallback available.
RecoveringCommand short-circuited and no fallback available.
RecoveringCommand short-circuited and no fallback available.
RecoveringCommand short-circuited and no fallback available.
RecoveringCommand short-circuited and no fallback available.
RecoveringCommand short-circuited and no fallback available.
RecoveringCommand short-circuited and no fallback available.
RecoveringCommand short-circuited and no fallback available.
RecoveringCommand short-circuited and no fallback available.
RecoveringCommand short-circuited and no fallback available.
RecoveringCommand short-circuited and no fallback available.
RecoveringCommand short-circuited and no fallback available.
RecoveringCommand short-circuited and no fallback available.
RecoveringCommand short-circuited and no fallback available.
RecoveringCommand short-circuited and no fallback available.
RecoveringCommand short-circuited and no fallback available.
RecoveringCommand short-circuited and no fallback available.
RecoveringCommand short-circuited and no fallback available.
RecoveringCommand short-circuited and no fallback available.
RecoveringCommand short-circuited and no fallback available.
RecoveringCommand short-circuited and no fallback available.
RecoveringCommand short-circuited and no fallback available.
RecoveringCommand short-circuited and no fallback available.
RecoveringCommand short-circuited and no fallback available.
RecoveringCommand short-circuited and no fallback available.
RecoveringCommand short-circuited and no fallback available.
RecoveringCommand short-circuited and no fallback available.
RecoveringCommand short-circuited and no fallback available.
RecoveringCommand short-circuited and no fallback available.
RecoveringCommand short-circuited and no fallback available.
RecoveringCommand short-circuited and no fallback available.
RecoveringCommand short-circuited and no fallback available.
RecoveringCommand short-circuited and no fallback available.
RecoveringCommand short-circuited and no fallback available.
RecoveringCommand short-circuited and no fallback available.
RecoveringCommand short-circuited and no fallback available.
RecoveringCommand short-circuited and no fallback available.
RecoveringCommand short-circuited and no fallback available.
RecoveringCommand short-circuited and no fallback available.
RecoveringCommand short-circuited and no fallback available.
RecoveringCommand short-circuited and no fallback available.
RecoveringCommand short-circuited and no fallback available.
RecoveringCommand short-circuited and no fallback available.
RecoveringCommand short-circuited and no fallback available.
RecoveringCommand short-circuited and no fallback available.
RecoveringCommand short-circuited and no fallback available.
RecoveringCommand short-circuited and no fallback available.
RecoveringCommand short-circuited and no fallback available.
RecoveringCommand short-circuited and no fallback available.
RecoveringCommand short-circuited and no fallback available.
RecoveringCommand short-circuited and no fallback available.
RecoveringCommand short-circuited and no fallback available.
RecoveringCommand short-circuited and no fallback available.
RecoveringCommand short-circuited and no fallback available.
RecoveringCommand short-circuited and no fallback available.
RecoveringCommand short-circuited and no fallback available.
RecoveringCommand short-circuited and no fallback available.
RecoveringCommand short-circuited and no fallback available.
RecoveringCommand short-circuited and no fallback available.
RecoveringCommand short-circuited and no fallback available.
RecoveringCommand short-circuited and no fallback available.
RecoveringCommand short-circuited and no fallback available.
RecoveringCommand short-circuited and no fallback available.
RecoveringCommand short-circuited and no fallback available.
RecoveringCommand short-circuited and no fallback available.
RecoveringCommand short-circuited and no fallback available.
RecoveringCommand short-circuited and no fallback available.
RecoveringCommand short-circuited and no fallback available.
RecoveringCommand short-circuited and no fallback available.
RecoveringCommand short-circuited and no fallback available.
RecoveringCommand short-circuited and no fallback available.
RecoveringCommand short-circuited and no fallback available.
RecoveringCommand short-circuited and no fallback available.
RecoveringCommand short-circuited and no fallback available.
RecoveringCommand short-circuited and no fallback available.
RecoveringCommand short-circuited and no fallback available.
RecoveringCommand short-circuited and no fallback available.
RecoveringCommand short-circuited and no fallback available.
RecoveringCommand short-circuited and no fallback available.
RecoveringCommand short-circuited and no fallback available.
RecoveringCommand short-circuited and no fallback available.
RecoveringCommand short-circuited and no fallback available.
RecoveringCommand short-circuited and no fallback available.
RecoveringCommand short-circuited and no fallback available.
RecoveringCommand short-circuited and no fallback available.
RecoveringCommand short-circuited and no fallback available.
RecoveringCommand short-circuited and no fallback available.
RecoveringCommand short-circuited and no fallback available.
RecoveringCommand short-circuited and no fallback available.
RecoveringCommand short-circuited and no fallback available.
RecoveringCommand short-circuited and no fallback available.
RecoveringCommand short-circuited and no fallback available.
RecoveringCommand short-circuited and no fallback available.
RecoveringCommand short-circuited and no fallback available.
RecoveringCommand short-circuited and no fallback available.
RecoveringCommand short-circuited and no fallback available.
RecoveringCommand short-circuited and no fallback available.
RecoveringCommand short-circuited and no fallback available.
RecoveringCommand short-circuited and no fallback available.
RecoveringCommand short-circuited and no fallback available.
RecoveringCommand short-circuited and no fallback available.
RecoveringCommand short-circuited and no fallback available.
RecoveringCommand short-circuited and no fallback available.
RecoveringCommand short-circuited and no fallback available.
RecoveringCommand short-circuited and no fallback available.
RecoveringCommand short-circuited and no fallback available.
RecoveringCommand short-circuited and no fallback available.
RecoveringCommand short-circuited and no fallback available.
RecoveringCommand short-circuited and no fallback available.
RecoveringCommand short-circuited and no fallback available.
RecoveringCommand short-circuited and no fallback available.
RecoveringCommand short-circuited and no fallback available.
RecoveringCommand short-circuited and no fallback available.
RecoveringCommand short-circuited and no fallback available.
RecoveringCommand short-circuited and no fallback available.
RecoveringCommand short-circuited and no fallback available.
RecoveringCommand short-circuited and no fallback available.
RecoveringCommand short-circuited and no fallback available.
RecoveringCommand short-circuited and no fallback available.
RecoveringCommand short-circuited and no fallback available.
RecoveringCommand short-circuited and no fallback available.
RecoveringCommand short-circuited and no fallback available.
RecoveringCommand short-circuited and no fallback available.
RecoveringCommand short-circuited and no fallback available.
RecoveringCommand short-circuited and no fallback available.
RecoveringCommand short-circuited and no fallback available.
RecoveringCommand short-circuited and no fallback available.
RecoveringCommand short-circuited and no fallback available.
RecoveringCommand short-circuited and no fallback available.
RecoveringCommand short-circuited and no fallback available.
RecoveringCommand short-circuited and no fallback available.
RecoveringCommand short-circuited and no fallback available.
RecoveringCommand short-circuited and no fallback available.
RecoveringCommand short-circuited and no fallback available.
RecoveringCommand short-circuited and no fallback available.
RecoveringCommand short-circuited and no fallback available.
RecoveringCommand short-circuited and no fallback available.
RecoveringCommand short-circuited and no fallback available.
RecoveringCommand short-circuited and no fallback available.
RecoveringCommand short-circuited and no fallback available.
RecoveringCommand short-circuited and no fallback available.
RecoveringCommand short-circuited and no fallback available.
RecoveringCommand short-circuited and no fallback available.
RecoveringCommand short-circuited and no fallback available.
RecoveringCommand short-circuited and no fallback available.
RecoveringCommand short-circuited and no fallback available.
RecoveringCommand short-circuited and no fallback available.
RecoveringCommand short-circuited and no fallback available.
RecoveringCommand short-circuited and no fallback available.
RecoveringCommand short-circuited and no fallback available.
RecoveringCommand short-circuited and no fallback available.
RecoveringCommand short-circuited and no fallback available.
RecoveringCommand short-circuited and no fallback available.
RecoveringCommand short-circuited and no fallback available.
RecoveringCommand short-circuited and no fallback available.
RecoveringCommand short-circuited and no fallback available.
RecoveringCommand short-circuited and no fallback available.
RecoveringCommand short-circuited and no fallback available.
RecoveringCommand short-circuited and no fallback available.
RecoveringCommand short-circuited and no fallback available.
RecoveringCommand short-circuited and no fallback available.
RecoveringCommand short-circuited and no fallback available.
RecoveringCommand short-circuited and no fallback available.
RecoveringCommand short-circuited and no fallback available.
RecoveringCommand short-circuited and no fallback available.
RecoveringCommand short-circuited and no fallback available.
RecoveringCommand short-circuited and no fallback available.
RecoveringCommand short-circuited and no fallback available.
RecoveringCommand short-circuited and no fallback available.
RecoveringCommand short-circuited and no fallback available.
RecoveringCommand short-circuited and no fallback available.
RecoveringCommand short-circuited and no fallback available.
RecoveringCommand short-circuited and no fallback available.
RecoveringCommand short-circuited and no fallback available.
RecoveringCommand short-circuited and no fallback available.
RecoveringCommand short-circuited and no fallback available.
RecoveringCommand short-circuited and no fallback available.
RecoveringCommand short-circuited and no fallback available.
RecoveringCommand short-circuited and no fallback available.
RecoveringCommand short-circuited and no fallback available.
RecoveringCommand short-circuited and no fallback available.
RecoveringCommand short-circuited and no fallback available.
RecoveringCommand short-circuited and no fallback available.
RecoveringCommand short-circuited and no fallback available.
RecoveringCommand short-circuited and no fallback available.
RecoveringCommand short-circuited and no fallback available.
RecoveringCommand short-circuited and no fallback available.
RecoveringCommand short-circuited and no fallback available.
RecoveringCommand short-circuited and no fallback available.
RecoveringCommand short-circuited and no fallback available.
RecoveringCommand short-circuited and no fallback available.
RecoveringCommand short-circuited and no fallback available.
RecoveringCommand short-circuited and no fallback available.
RecoveringCommand short-circuited and no fallback available.
RecoveringCommand short-circuited and no fallback available.
RecoveringCommand short-circuited and no fallback available.
RecoveringCommand short-circuited and no fallback available.
RecoveringCommand short-circuited and no fallback available.
RecoveringCommand short-circuited and no fallback available.
RecoveringCommand short-circuited and no fallback available.
RecoveringCommand short-circuited and no fallback available.
RecoveringCommand short-circuited and no fallback available.
RecoveringCommand short-circuited and no fallback available.
RecoveringCommand short-circuited and no fallback available.
RecoveringCommand short-circuited and no fallback available.
RecoveringCommand short-circuited and no fallback available.
RecoveringCommand short-circuited and no fallback available.
RecoveringCommand short-circuited and no fallback available.
RecoveringCommand short-circuited and no fallback available.
RecoveringCommand short-circuited and no fallback available.
RecoveringCommand short-circuited and no fallback available.
RecoveringCommand short-circuited and no fallback available.
RecoveringCommand short-circuited and no fallback available.
RecoveringCommand short-circuited and no fallback available.
RecoveringCommand short-circuited and no fallback available.
RecoveringCommand short-circuited and no fallback available.
RecoveringCommand short-circuited and no fallback available.
RecoveringCommand short-circuited and no fallback available.
RecoveringCommand short-circuited and no fallback available.
RecoveringCommand short-circuited and no fallback available.
RecoveringCommand short-circuited and no fallback available.
RecoveringCommand short-circuited and no fallback available.
RecoveringCommand short-circuited and no fallback available.
RecoveringCommand short-circuited and no fallback available.
RecoveringCommand short-circuited and no fallback available.
RecoveringCommand short-circuited and no fallback available.
RecoveringCommand short-circuited and no fallback available.
RecoveringCommand short-circuited and no fallback available.
RecoveringCommand short-circuited and no fallback available.
RecoveringCommand short-circuited and no fallback available.
RecoveringCommand short-circuited and no fallback available.
RecoveringCommand short-circuited and no fallback available.
RecoveringCommand short-circuited and no fallback available.
RecoveringCommand short-circuited and no fallback available.
RecoveringCommand short-circuited and no fallback available.
RecoveringCommand short-circuited and no fallback available.
RecoveringCommand short-circuited and no fallback available.
RecoveringCommand short-circuited and no fallback available.
RecoveringCommand short-circuited and no fallback available.
RecoveringCommand short-circuited and no fallback available.
RecoveringCommand short-circuited and no fallback available.
RecoveringCommand short-circuited and no fallback available.
RecoveringCommand short-circuited and no fallback available.
RecoveringCommand short-circuited and no fallback available.
RecoveringCommand short-circuited and no fallback available.
RecoveringCommand short-circuited and no fallback available.
RecoveringCommand short-circuited and no fallback available.
RecoveringCommand short-circuited and no fallback available.
RecoveringCommand short-circuited and no fallback available.
RecoveringCommand short-circuited and no fallback available.
RecoveringCommand short-circuited and no fallback available.
RecoveringCommand short-circuited and no fallback available.
RecoveringCommand short-circuited and no fallback available.
RecoveringCommand short-circuited and no fallback available.
RecoveringCommand short-circuited and no fallback available.
RecoveringCommand short-circuited and no fallback available.
RecoveringCommand short-circuited and no fallback available.
RecoveringCommand short-circuited and no fallback available.
RecoveringCommand short-circuited and no fallback available.
RecoveringCommand short-circuited and no fallback available.
RecoveringCommand short-circuited and no fallback available.
RecoveringCommand short-circuited and no fallback available.
RecoveringCommand short-circuited and no fallback available.
RecoveringCommand short-circuited and no fallback available.
RecoveringCommand short-circuited and no fallback available.
RecoveringCommand short-circuited and no fallback available.
RecoveringCommand short-circuited and no fallback available.
RecoveringCommand short-circuited and no fallback available.
RecoveringCommand short-circuited and no fallback available.
RecoveringCommand short-circuited and no fallback available.
RecoveringCommand short-circuited and no fallback available.
RecoveringCommand short-circuited and no fallback available.
RecoveringCommand short-circuited and no fallback available.
RecoveringCommand short-circuited and no fallback available.
RecoveringCommand short-circuited and no fallback available.
RecoveringCommand short-circuited and no fallback available.
RecoveringCommand short-circuited and no fallback available.
RecoveringCommand short-circuited and no fallback available.
RecoveringCommand short-circuited and no fallback available.
RecoveringCommand short-circuited and no fallback available.
RecoveringCommand short-circuited and no fallback available.
RecoveringCommand short-circuited and no fallback available.
RecoveringCommand short-circuited and no fallback available.
RecoveringCommand short-circuited and no fallback available.
RecoveringCommand short-circuited and no fallback available.
RecoveringCommand short-circuited and no fallback available.
RecoveringCommand short-circuited and no fallback available.
RecoveringCommand short-circuited and no fallback available.
RecoveringCommand short-circuited and no fallback available.
RecoveringCommand short-circuited and no fallback available.
RecoveringCommand short-circuited and no fallback available.
RecoveringCommand short-circuited and no fallback available.
RecoveringCommand short-circuited and no fallback available.
RecoveringCommand short-circuited and no fallback available.
RecoveringCommand short-circuited and no fallback available.
RecoveringCommand short-circuited and no fallback available.
RecoveringCommand short-circuited and no fallback available.
RecoveringCommand short-circuited and no fallback available.
RecoveringCommand short-circuited and no fallback available.
RecoveringCommand short-circuited and no fallback available.
RecoveringCommand short-circuited and no fallback available.
RecoveringCommand short-circuited and no fallback available.
RecoveringCommand short-circuited and no fallback available.
RecoveringCommand short-circuited and no fallback available.
RecoveringCommand short-circuited and no fallback available.
RecoveringCommand short-circuited and no fallback available.
RecoveringCommand short-circuited and no fallback available.
RecoveringCommand short-circuited and no fallback available.
RecoveringCommand short-circuited and no fallback available.
RecoveringCommand short-circuited and no fallback available.
RecoveringCommand short-circuited and no fallback available.
RecoveringCommand short-circuited and no fallback available.
RecoveringCommand short-circuited and no fallback available.
RecoveringCommand short-circuited and no fallback available.
RecoveringCommand short-circuited and no fallback available.
RecoveringCommand short-circuited and no fallback available.
RecoveringCommand short-circuited and no fallback available.
RecoveringCommand short-circuited and no fallback available.
RecoveringCommand short-circuited and no fallback available.
RecoveringCommand short-circuited and no fallback available.
RecoveringCommand short-circuited and no fallback available.
RecoveringCommand short-circuited and no fallback available.
RecoveringCommand short-circuited and no fallback available.
RecoveringCommand short-circuited and no fallback available.
RecoveringCommand short-circuited and no fallback available.
RecoveringCommand short-circuited and no fallback available.
RecoveringCommand short-circuited and no fallback available.
RecoveringCommand short-circuited and no fallback available.
RecoveringCommand short-circuited and no fallback available.
RecoveringCommand short-circuited and no fallback available.
RecoveringCommand short-circuited and no fallback available.
RecoveringCommand short-circuited and no fallback available.
RecoveringCommand short-circuited and no fallback available.
RecoveringCommand short-circuited and no fallback available.
RecoveringCommand short-circuited and no fallback available.
RecoveringCommand short-circuited and no fallback available.
RecoveringCommand short-circuited and no fallback available.
RecoveringCommand short-circuited and no fallback available.
RecoveringCommand short-circuited and no fallback available.
RecoveringCommand short-circuited and no fallback available.
RecoveringCommand short-circuited and no fallback available.
RecoveringCommand short-circuited and no fallback available.
RecoveringCommand short-circuited and no fallback available.
RecoveringCommand short-circuited and no fallback available.
RecoveringCommand short-circuited and no fallback available.
RecoveringCommand short-circuited and no fallback available.
RecoveringCommand short-circuited and no fallback available.
RecoveringCommand short-circuited and no fallback available.
RecoveringCommand short-circuited and no fallback available.
RecoveringCommand short-circuited and no fallback available.
RecoveringCommand short-circuited and no fallback available.
RecoveringCommand short-circuited and no fallback available.
RecoveringCommand short-circuited and no fallback available.
RecoveringCommand short-circuited and no fallback available.
RecoveringCommand short-circuited and no fallback available.
RecoveringCommand short-circuited and no fallback available.
RecoveringCommand short-circuited and no fallback available.
RecoveringCommand short-circuited and no fallback available.
RecoveringCommand short-circuited and no fallback available.
RecoveringCommand short-circuited and no fallback available.
RecoveringCommand short-circuited and no fallback available.
RecoveringCommand short-circuited and no fallback available.
RecoveringCommand short-circuited and no fallback available.
RecoveringCommand short-circuited and no fallback available.
RecoveringCommand short-circuited and no fallback available.
RecoveringCommand short-circuited and no fallback available.
RecoveringCommand short-circuited and no fallback available.
RecoveringCommand short-circuited and no fallback available.
RecoveringCommand short-circuited and no fallback available.
RecoveringCommand short-circuited and no fallback available.
RecoveringCommand short-circuited and no fallback available.
RecoveringCommand short-circuited and no fallback available.
RecoveringCommand short-circuited and no fallback available.
RecoveringCommand short-circuited and no fallback available.
RecoveringCommand short-circuited and no fallback available.
RecoveringCommand short-circuited and no fallback available.
RecoveringCommand short-circuited and no fallback available.
RecoveringCommand short-circuited and no fallback available.
RecoveringCommand short-circuited and no fallback available.
RecoveringCommand failed and no fallback available.
RecoveringCommand short-circuited and no fallback available.
RecoveringCommand short-circuited and no fallback available.
RecoveringCommand short-circuited and no fallback available.
RecoveringCommand short-circuited and no fallback available.
RecoveringCommand short-circuited and no fallback available.
RecoveringCommand short-circuited and no fallback available.
RecoveringCommand short-circuited and no fallback available.
RecoveringCommand short-circuited and no fallback available.
RecoveringCommand short-circuited and no fallback available.
RecoveringCommand short-circuited and no fallback available.
RecoveringCommand short-circuited and no fallback available.
RecoveringCommand short-circuited and no fallback available.
RecoveringCommand short-circuited and no fallback available.
RecoveringCommand short-circuited and no fallback available.
RecoveringCommand short-circuited and no fallback available.
RecoveringCommand short-circuited and no fallback available.
RecoveringCommand short-circuited and no fallback available.
RecoveringCommand short-circuited and no fallback available.
RecoveringCommand short-circuited and no fallback available.
RecoveringCommand short-circuited and no fallback available.
RecoveringCommand short-circuited and no fallback available.
RecoveringCommand short-circuited and no fallback available.
RecoveringCommand short-circuited and no fallback available.
RecoveringCommand short-circuited and no fallback available.
RecoveringCommand short-circuited and no fallback available.
RecoveringCommand short-circuited and no fallback available.
RecoveringCommand short-circuited and no fallback available.
RecoveringCommand short-circuited and no fallback available.
RecoveringCommand short-circuited and no fallback available.
RecoveringCommand short-circuited and no fallback available.
RecoveringCommand short-circuited and no fallback available.
RecoveringCommand short-circuited and no fallback available.
RecoveringCommand short-circuited and no fallback available.
RecoveringCommand short-circuited and no fallback available.
RecoveringCommand short-circuited and no fallback available.
RecoveringCommand short-circuited and no fallback available.
RecoveringCommand short-circuited and no fallback available.
RecoveringCommand short-circuited and no fallback available.
RecoveringCommand short-circuited and no fallback available.
RecoveringCommand short-circuited and no fallback available.
RecoveringCommand short-circuited and no fallback available.
RecoveringCommand short-circuited and no fallback available.
RecoveringCommand short-circuited and no fallback available.
RecoveringCommand short-circuited and no fallback available.
RecoveringCommand short-circuited and no fallback available.
RecoveringCommand short-circuited and no fallback available.
RecoveringCommand short-circuited and no fallback available.
RecoveringCommand short-circuited and no fallback available.
RecoveringCommand short-circuited and no fallback available.
RecoveringCommand short-circuited and no fallback available.
RecoveringCommand short-circuited and no fallback available.
RecoveringCommand short-circuited and no fallback available.
RecoveringCommand short-circuited and no fallback available.
RecoveringCommand short-circuited and no fallback available.
RecoveringCommand short-circuited and no fallback available.
RecoveringCommand short-circuited and no fallback available.
RecoveringCommand short-circuited and no fallback available.
RecoveringCommand short-circuited and no fallback available.
RecoveringCommand short-circuited and no fallback available.
RecoveringCommand short-circuited and no fallback available.
RecoveringCommand short-circuited and no fallback available.
RecoveringCommand short-circuited and no fallback available.
RecoveringCommand short-circuited and no fallback available.
RecoveringCommand short-circuited and no fallback available.
RecoveringCommand short-circuited and no fallback available.
RecoveringCommand short-circuited and no fallback available.
RecoveringCommand short-circuited and no fallback available.
RecoveringCommand short-circuited and no fallback available.
RecoveringCommand short-circuited and no fallback available.
RecoveringCommand short-circuited and no fallback available.
RecoveringCommand short-circuited and no fallback available.
RecoveringCommand short-circuited and no fallback available.
RecoveringCommand short-circuited and no fallback available.
RecoveringCommand short-circuited and no fallback available.
RecoveringCommand short-circuited and no fallback available.
RecoveringCommand short-circuited and no fallback available.
RecoveringCommand short-circuited and no fallback available.
RecoveringCommand short-circuited and no fallback available.
RecoveringCommand short-circuited and no fallback available.
RecoveringCommand short-circuited and no fallback available.
RecoveringCommand short-circuited and no fallback available.
RecoveringCommand short-circuited and no fallback available.
RecoveringCommand short-circuited and no fallback available.
RecoveringCommand short-circuited and no fallback available.
RecoveringCommand short-circuited and no fallback available.
RecoveringCommand short-circuited and no fallback available.
RecoveringCommand short-circuited and no fallback available.
RecoveringCommand short-circuited and no fallback available.
RecoveringCommand short-circuited and no fallback available.
RecoveringCommand short-circuited and no fallback available.
RecoveringCommand short-circuited and no fallback available.
RecoveringCommand short-circuited and no fallback available.
RecoveringCommand short-circuited and no fallback available.
RecoveringCommand short-circuited and no fallback available.
RecoveringCommand short-circuited and no fallback available.
RecoveringCommand short-circuited and no fallback available.
RecoveringCommand short-circuited and no fallback available.
RecoveringCommand short-circuited and no fallback available.
RecoveringCommand short-circuited and no fallback available.
RecoveringCommand short-circuited and no fallback available.
RecoveringCommand short-circuited and no fallback available.
RecoveringCommand short-circuited and no fallback available.
RecoveringCommand short-circuited and no fallback available.
RecoveringCommand short-circuited and no fallback available.
RecoveringCommand short-circuited and no fallback available.
RecoveringCommand short-circuited and no fallback available.
RecoveringCommand short-circuited and no fallback available.
RecoveringCommand short-circuited and no fallback available.
RecoveringCommand short-circuited and no fallback available.
RecoveringCommand short-circuited and no fallback available.
RecoveringCommand short-circuited and no fallback available.
RecoveringCommand short-circuited and no fallback available.
RecoveringCommand short-circuited and no fallback available.
RecoveringCommand short-circuited and no fallback available.
RecoveringCommand short-circuited and no fallback available.
RecoveringCommand short-circuited and no fallback available.
RecoveringCommand short-circuited and no fallback available.
RecoveringCommand short-circuited and no fallback available.
RecoveringCommand short-circuited and no fallback available.
RecoveringCommand short-circuited and no fallback available.
RecoveringCommand short-circuited and no fallback available.
RecoveringCommand short-circuited and no fallback available.
RecoveringCommand short-circuited and no fallback available.
RecoveringCommand short-circuited and no fallback available.
RecoveringCommand short-circuited and no fallback available.
RecoveringCommand short-circuited and no fallback available.
RecoveringCommand short-circuited and no fallback available.
RecoveringCommand short-circuited and no fallback available.
RecoveringCommand short-circuited and no fallback available.
RecoveringCommand short-circuited and no fallback available.
RecoveringCommand short-circuited and no fallback available.
RecoveringCommand short-circuited and no fallback available.
RecoveringCommand short-circuited and no fallback available.
RecoveringCommand short-circuited and no fallback available.
RecoveringCommand short-circuited and no fallback available.
RecoveringCommand short-circuited and no fallback available.
RecoveringCommand short-circuited and no fallback available.
RecoveringCommand short-circuited and no fallback available.
RecoveringCommand short-circuited and no fallback available.
RecoveringCommand short-circuited and no fallback available.
RecoveringCommand short-circuited and no fallback available.
RecoveringCommand short-circuited and no fallback available.
RecoveringCommand short-circuited and no fallback available.
RecoveringCommand short-circuited and no fallback available.
RecoveringCommand short-circuited and no fallback available.
RecoveringCommand short-circuited and no fallback available.
RecoveringCommand short-circuited and no fallback available.
RecoveringCommand short-circuited and no fallback available.
RecoveringCommand short-circuited and no fallback available.
RecoveringCommand short-circuited and no fallback available.
RecoveringCommand short-circuited and no fallback available.
RecoveringCommand short-circuited and no fallback available.
RecoveringCommand short-circuited and no fallback available.
RecoveringCommand short-circuited and no fallback available.
RecoveringCommand short-circuited and no fallback available.
RecoveringCommand short-circuited and no fallback available.
RecoveringCommand short-circuited and no fallback available.
RecoveringCommand short-circuited and no fallback available.
RecoveringCommand short-circuited and no fallback available.
RecoveringCommand short-circuited and no fallback available.
RecoveringCommand short-circuited and no fallback available.
RecoveringCommand short-circuited and no fallback available.
RecoveringCommand short-circuited and no fallback available.
RecoveringCommand short-circuited and no fallback available.
RecoveringCommand short-circuited and no fallback available.
RecoveringCommand short-circuited and no fallback available.
RecoveringCommand short-circuited and no fallback available.
RecoveringCommand short-circuited and no fallback available.
RecoveringCommand short-circuited and no fallback available.
RecoveringCommand short-circuited and no fallback available.
RecoveringCommand short-circuited and no fallback available.
RecoveringCommand short-circuited and no fallback available.
RecoveringCommand short-circuited and no fallback available.
RecoveringCommand short-circuited and no fallback available.
RecoveringCommand short-circuited and no fallback available.
RecoveringCommand short-circuited and no fallback available.
RecoveringCommand short-circuited and no fallback available.
RecoveringCommand short-circuited and no fallback available.
RecoveringCommand short-circuited and no fallback available.
RecoveringCommand short-circuited and no fallback available.
RecoveringCommand short-circuited and no fallback available.
RecoveringCommand short-circuited and no fallback available.
RecoveringCommand short-circuited and no fallback available.
RecoveringCommand short-circuited and no fallback available.
RecoveringCommand short-circuited and no fallback available.
RecoveringCommand short-circuited and no fallback available.
RecoveringCommand short-circuited and no fallback available.
RecoveringCommand short-circuited and no fallback available.
RecoveringCommand short-circuited and no fallback available.
RecoveringCommand short-circuited and no fallback available.
RecoveringCommand short-circuited and no fallback available.
RecoveringCommand short-circuited and no fallback available.
RecoveringCommand short-circuited and no fallback available.
RecoveringCommand short-circuited and no fallback available.
RecoveringCommand short-circuited and no fallback available.
RecoveringCommand short-circuited and no fallback available.
RecoveringCommand short-circuited and no fallback available.
RecoveringCommand short-circuited and no fallback available.
RecoveringCommand short-circuited and no fallback available.
RecoveringCommand short-circuited and no fallback available.
RecoveringCommand short-circuited and no fallback available.
RecoveringCommand short-circuited and no fallback available.
RecoveringCommand short-circuited and no fallback available.
RecoveringCommand short-circuited and no fallback available.
RecoveringCommand short-circuited and no fallback available.
RecoveringCommand short-circuited and no fallback available.
RecoveringCommand short-circuited and no fallback available.
RecoveringCommand short-circuited and no fallback available.
RecoveringCommand short-circuited and no fallback available.
RecoveringCommand short-circuited and no fallback available.
RecoveringCommand short-circuited and no fallback available.
RecoveringCommand short-circuited and no fallback available.
RecoveringCommand short-circuited and no fallback available.
RecoveringCommand short-circuited and no fallback available.
RecoveringCommand short-circuited and no fallback available.
RecoveringCommand short-circuited and no fallback available.
RecoveringCommand short-circuited and no fallback available.
RecoveringCommand short-circuited and no fallback available.
RecoveringCommand short-circuited and no fallback available.
RecoveringCommand short-circuited and no fallback available.
RecoveringCommand short-circuited and no fallback available.
RecoveringCommand short-circuited and no fallback available.
RecoveringCommand short-circuited and no fallback available.
RecoveringCommand short-circuited and no fallback available.
RecoveringCommand short-circuited and no fallback available.
RecoveringCommand short-circuited and no fallback available.
RecoveringCommand short-circuited and no fallback available.
RecoveringCommand short-circuited and no fallback available.
RecoveringCommand short-circuited and no fallback available.
RecoveringCommand short-circuited and no fallback available.
RecoveringCommand short-circuited and no fallback available.
RecoveringCommand short-circuited and no fallback available.
RecoveringCommand short-circuited and no fallback available.
RecoveringCommand short-circuited and no fallback available.
RecoveringCommand short-circuited and no fallback available.
RecoveringCommand short-circuited and no fallback available.
RecoveringCommand short-circuited and no fallback available.
RecoveringCommand short-circuited and no fallback available.
RecoveringCommand short-circuited and no fallback available.
RecoveringCommand short-circuited and no fallback available.
RecoveringCommand short-circuited and no fallback available.
RecoveringCommand short-circuited and no fallback available.
RecoveringCommand short-circuited and no fallback available.
RecoveringCommand short-circuited and no fallback available.
RecoveringCommand short-circuited and no fallback available.
RecoveringCommand short-circuited and no fallback available.
RecoveringCommand short-circuited and no fallback available.
RecoveringCommand short-circuited and no fallback available.
RecoveringCommand short-circuited and no fallback available.
RecoveringCommand short-circuited and no fallback available.
RecoveringCommand short-circuited and no fallback available.
RecoveringCommand short-circuited and no fallback available.
RecoveringCommand short-circuited and no fallback available.
RecoveringCommand short-circuited and no fallback available.
RecoveringCommand short-circuited and no fallback available.
RecoveringCommand short-circuited and no fallback available.
RecoveringCommand short-circuited and no fallback available.
RecoveringCommand short-circuited and no fallback available.
RecoveringCommand short-circuited and no fallback available.
RecoveringCommand short-circuited and no fallback available.
RecoveringCommand short-circuited and no fallback available.
RecoveringCommand short-circuited and no fallback available.
RecoveringCommand short-circuited and no fallback available.
RecoveringCommand short-circuited and no fallback available.
RecoveringCommand short-circuited and no fallback available.
RecoveringCommand short-circuited and no fallback available.
RecoveringCommand short-circuited and no fallback available.
RecoveringCommand short-circuited and no fallback available.
RecoveringCommand short-circuited and no fallback available.
RecoveringCommand short-circuited and no fallback available.
RecoveringCommand short-circuited and no fallback available.
RecoveringCommand short-circuited and no fallback available.
RecoveringCommand short-circuited and no fallback available.
RecoveringCommand short-circuited and no fallback available.
RecoveringCommand short-circuited and no fallback available.
RecoveringCommand short-circuited and no fallback available.
RecoveringCommand short-circuited and no fallback available.
RecoveringCommand short-circuited and no fallback available.
RecoveringCommand short-circuited and no fallback available.
RecoveringCommand short-circuited and no fallback available.
RecoveringCommand short-circuited and no fallback available.
RecoveringCommand short-circuited and no fallback available.
RecoveringCommand short-circuited and no fallback available.
RecoveringCommand short-circuited and no fallback available.
RecoveringCommand short-circuited and no fallback available.
RecoveringCommand short-circuited and no fallback available.
RecoveringCommand short-circuited and no fallback available.
RecoveringCommand short-circuited and no fallback available.
RecoveringCommand short-circuited and no fallback available.
RecoveringCommand short-circuited and no fallback available.
RecoveringCommand short-circuited and no fallback available.
RecoveringCommand short-circuited and no fallback available.
RecoveringCommand short-circuited and no fallback available.
RecoveringCommand short-circuited and no fallback available.
RecoveringCommand short-circuited and no fallback available.
RecoveringCommand short-circuited and no fallback available.
RecoveringCommand short-circuited and no fallback available.
RecoveringCommand short-circuited and no fallback available.
RecoveringCommand short-circuited and no fallback available.
RecoveringCommand short-circuited and no fallback available.
RecoveringCommand short-circuited and no fallback available.
RecoveringCommand short-circuited and no fallback available.
RecoveringCommand short-circuited and no fallback available.
RecoveringCommand short-circuited and no fallback available.
RecoveringCommand short-circuited and no fallback available.
RecoveringCommand short-circuited and no fallback available.
RecoveringCommand short-circuited and no fallback available.
RecoveringCommand short-circuited and no fallback available.
RecoveringCommand short-circuited and no fallback available.
RecoveringCommand short-circuited and no fallback available.
RecoveringCommand short-circuited and no fallback available.
RecoveringCommand short-circuited and no fallback available.
RecoveringCommand short-circuited and no fallback available.
RecoveringCommand short-circuited and no fallback available.
RecoveringCommand short-circuited and no fallback available.
RecoveringCommand short-circuited and no fallback available.
RecoveringCommand short-circuited and no fallback available.
RecoveringCommand short-circuited and no fallback available.
RecoveringCommand short-circuited and no fallback available.
RecoveringCommand short-circuited and no fallback available.
RecoveringCommand short-circuited and no fallback available.
RecoveringCommand short-circuited and no fallback available.
RecoveringCommand short-circuited and no fallback available.
RecoveringCommand short-circuited and no fallback available.
RecoveringCommand short-circuited and no fallback available.
RecoveringCommand short-circuited and no fallback available.
RecoveringCommand short-circuited and no fallback available.
RecoveringCommand short-circuited and no fallback available.
RecoveringCommand short-circuited and no fallback available.
RecoveringCommand short-circuited and no fallback available.
RecoveringCommand short-circuited and no fallback available.
RecoveringCommand short-circuited and no fallback available.
RecoveringCommand short-circuited and no fallback available.
RecoveringCommand short-circuited and no fallback available.
RecoveringCommand short-circuited and no fallback available.
RecoveringCommand short-circuited and no fallback available.
RecoveringCommand short-circuited and no fallback available.
RecoveringCommand short-circuited and no fallback available.
RecoveringCommand short-circuited and no fallback available.
RecoveringCommand short-circuited and no fallback available.
RecoveringCommand short-circuited and no fallback available.
RecoveringCommand short-circuited and no fallback available.
RecoveringCommand short-circuited and no fallback available.
RecoveringCommand short-circuited and no fallback available.
RecoveringCommand short-circuited and no fallback available.
RecoveringCommand short-circuited and no fallback available.
RecoveringCommand short-circuited and no fallback available.
RecoveringCommand short-circuited and no fallback available.
RecoveringCommand short-circuited and no fallback available.
RecoveringCommand short-circuited and no fallback available.
RecoveringCommand short-circuited and no fallback available.
RecoveringCommand short-circuited and no fallback available.
RecoveringCommand short-circuited and no fallback available.
RecoveringCommand short-circuited and no fallback available.
RecoveringCommand short-circuited and no fallback available.
RecoveringCommand short-circuited and no fallback available.
RecoveringCommand short-circuited and no fallback available.
RecoveringCommand short-circuited and no fallback available.
RecoveringCommand short-circuited and no fallback available.
RecoveringCommand short-circuited and no fallback available.
RecoveringCommand short-circuited and no fallback available.
RecoveringCommand short-circuited and no fallback available.
RecoveringCommand short-circuited and no fallback available.
RecoveringCommand short-circuited and no fallback available.
RecoveringCommand short-circuited and no fallback available.
RecoveringCommand short-circuited and no fallback available.
RecoveringCommand short-circuited and no fallback available.
RecoveringCommand short-circuited and no fallback available.
RecoveringCommand short-circuited and no fallback available.
RecoveringCommand short-circuited and no fallback available.
RecoveringCommand short-circuited and no fallback available.
RecoveringCommand short-circuited and no fallback available.
RecoveringCommand short-circuited and no fallback available.
RecoveringCommand short-circuited and no fallback available.
RecoveringCommand short-circuited and no fallback available.
RecoveringCommand short-circuited and no fallback available.
RecoveringCommand short-circuited and no fallback available.
RecoveringCommand short-circuited and no fallback available.
RecoveringCommand short-circuited and no fallback available.
RecoveringCommand short-circuited and no fallback available.
RecoveringCommand short-circuited and no fallback available.
RecoveringCommand short-circuited and no fallback available.
RecoveringCommand short-circuited and no fallback available.
RecoveringCommand short-circuited and no fallback available.
RecoveringCommand short-circuited and no fallback available.
RecoveringCommand short-circuited and no fallback available.
RecoveringCommand short-circuited and no fallback available.
RecoveringCommand short-circuited and no fallback available.
RecoveringCommand short-circuited and no fallback available.
RecoveringCommand short-circuited and no fallback available.
RecoveringCommand short-circuited and no fallback available.
RecoveringCommand short-circuited and no fallback available.
RecoveringCommand short-circuited and no fallback available.
RecoveringCommand short-circuited and no fallback available.
RecoveringCommand short-circuited and no fallback available.
RecoveringCommand short-circuited and no fallback available.
RecoveringCommand short-circuited and no fallback available.
RecoveringCommand short-circuited and no fallback available.
RecoveringCommand short-circuited and no fallback available.
RecoveringCommand short-circuited and no fallback available.
RecoveringCommand short-circuited and no fallback available.
RecoveringCommand short-circuited and no fallback available.
RecoveringCommand short-circuited and no fallback available.
RecoveringCommand short-circuited and no fallback available.
RecoveringCommand short-circuited and no fallback available.
RecoveringCommand short-circuited and no fallback available.
RecoveringCommand short-circuited and no fallback available.
RecoveringCommand short-circuited and no fallback available.
RecoveringCommand short-circuited and no fallback available.
RecoveringCommand short-circuited and no fallback available.
RecoveringCommand short-circuited and no fallback available.
RecoveringCommand short-circuited and no fallback available.
RecoveringCommand short-circuited and no fallback available.
RecoveringCommand short-circuited and no fallback available.
RecoveringCommand short-circuited and no fallback available.
RecoveringCommand short-circuited and no fallback available.
RecoveringCommand short-circuited and no fallback available.
RecoveringCommand short-circuited and no fallback available.
RecoveringCommand short-circuited and no fallback available.
RecoveringCommand short-circuited and no fallback available.
RecoveringCommand short-circuited and no fallback available.
RecoveringCommand short-circuited and no fallback available.
RecoveringCommand short-circuited and no fallback available.
RecoveringCommand short-circuited and no fallback available.
RecoveringCommand short-circuited and no fallback available.
RecoveringCommand short-circuited and no fallback available.
RecoveringCommand short-circuited and no fallback available.
RecoveringCommand short-circuited and no fallback available.
RecoveringCommand short-circuited and no fallback available.
RecoveringCommand short-circuited and no fallback available.
RecoveringCommand short-circuited and no fallback available.
RecoveringCommand short-circuited and no fallback available.
RecoveringCommand short-circuited and no fallback available.
RecoveringCommand short-circuited and no fallback available.
RecoveringCommand short-circuited and no fallback available.
RecoveringCommand short-circuited and no fallback available.
RecoveringCommand short-circuited and no fallback available.
RecoveringCommand short-circuited and no fallback available.
RecoveringCommand short-circuited and no fallback available.
RecoveringCommand short-circuited and no fallback available.
RecoveringCommand short-circuited and no fallback available.
RecoveringCommand short-circuited and no fallback available.
RecoveringCommand short-circuited and no fallback available.
RecoveringCommand short-circuited and no fallback available.
RecoveringCommand short-circuited and no fallback available.
RecoveringCommand short-circuited and no fallback available.
RecoveringCommand short-circuited and no fallback available.
RecoveringCommand short-circuited and no fallback available.
RecoveringCommand short-circuited and no fallback available.
RecoveringCommand short-circuited and no fallback available.
RecoveringCommand short-circuited and no fallback available.
RecoveringCommand short-circuited and no fallback available.
RecoveringCommand short-circuited and no fallback available.
RecoveringCommand short-circuited and no fallback available.
RecoveringCommand short-circuited and no fallback available.
RecoveringCommand short-circuited and no fallback available.
RecoveringCommand short-circuited and no fallback available.
RecoveringCommand short-circuited and no fallback available.
RecoveringCommand short-circuited and no fallback available.
RecoveringCommand short-circuited and no fallback available.
RecoveringCommand short-circuited and no fallback available.
RecoveringCommand short-circuited and no fallback available.
RecoveringCommand short-circuited and no fallback available.
RecoveringCommand short-circuited and no fallback available.
RecoveringCommand short-circuited and no fallback available.
RecoveringCommand short-circuited and no fallback available.
RecoveringCommand short-circuited and no fallback available.
RecoveringCommand short-circuited and no fallback available.
RecoveringCommand short-circuited and no fallback available.
RecoveringCommand short-circuited and no fallback available.
RecoveringCommand short-circuited and no fallback available.
RecoveringCommand short-circuited and no fallback available.
RecoveringCommand short-circuited and no fallback available.
RecoveringCommand short-circuited and no fallback available.
RecoveringCommand short-circuited and no fallback available.
RecoveringCommand short-circuited and no fallback available.
RecoveringCommand short-circuited and no fallback available.
RecoveringCommand short-circuited and no fallback available.
RecoveringCommand short-circuited and no fallback available.
RecoveringCommand short-circuited and no fallback available.
RecoveringCommand short-circuited and no fallback available.
RecoveringCommand short-circuited and no fallback available.
RecoveringCommand short-circuited and no fallback available.
RecoveringCommand short-circuited and no fallback available.
RecoveringCommand short-circuited and no fallback available.
RecoveringCommand short-circuited and no fallback available.
RecoveringCommand short-circuited and no fallback available.
RecoveringCommand short-circuited and no fallback available.
RecoveringCommand short-circuited and no fallback available.
RecoveringCommand short-circuited and no fallback available.
RecoveringCommand short-circuited and no fallback available.
RecoveringCommand short-circuited and no fallback available.
RecoveringCommand short-circuited and no fallback available.
RecoveringCommand short-circuited and no fallback available.
RecoveringCommand short-circuited and no fallback available.
RecoveringCommand short-circuited and no fallback available.
RecoveringCommand short-circuited and no fallback available.
RecoveringCommand short-circuited and no fallback available.
RecoveringCommand short-circuited and no fallback available.
RecoveringCommand short-circuited and no fallback available.
RecoveringCommand short-circuited and no fallback available.
RecoveringCommand short-circuited and no fallback available.
RecoveringCommand short-circuited and no fallback available.
RecoveringCommand short-circuited and no fallback available.
RecoveringCommand short-circuited and no fallback available.
RecoveringCommand short-circuited and no fallback available.
RecoveringCommand short-circuited and no fallback available.
RecoveringCommand short-circuited and no fallback available.
RecoveringCommand short-circuited and no fallback available.
RecoveringCommand short-circuited and no fallback available.
RecoveringCommand short-circuited and no fallback available.
RecoveringCommand short-circuited and no fallback available.
RecoveringCommand short-circuited and no fallback available.
RecoveringCommand short-circuited and no fallback available.
RecoveringCommand short-circuited and no fallback available.
RecoveringCommand short-circuited and no fallback available.
RecoveringCommand short-circuited and no fallback available.
RecoveringCommand short-circuited and no fallback available.
RecoveringCommand short-circuited and no fallback available.
RecoveringCommand short-circuited and no fallback available.
RecoveringCommand short-circuited and no fallback available.
RecoveringCommand short-circuited and no fallback available.
RecoveringCommand short-circuited and no fallback available.
RecoveringCommand short-circuited and no fallback available.
RecoveringCommand short-circuited and no fallback available.
RecoveringCommand short-circuited and no fallback available.
RecoveringCommand short-circuited and no fallback available.
RecoveringCommand short-circuited and no fallback available.
RecoveringCommand short-circuited and no fallback available.
RecoveringCommand short-circuited and no fallback available.
RecoveringCommand short-circuited and no fallback available.
RecoveringCommand short-circuited and no fallback available.
RecoveringCommand short-circuited and no fallback available.
RecoveringCommand short-circuited and no fallback available.
RecoveringCommand short-circuited and no fallback available.
RecoveringCommand short-circuited and no fallback available.
RecoveringCommand short-circuited and no fallback available.
RecoveringCommand short-circuited and no fallback available.
RecoveringCommand short-circuited and no fallback available.
RecoveringCommand short-circuited and no fallback available.
RecoveringCommand short-circuited and no fallback available.
RecoveringCommand short-circuited and no fallback available.
RecoveringCommand short-circuited and no fallback available.
RecoveringCommand short-circuited and no fallback available.
RecoveringCommand short-circuited and no fallback available.
RecoveringCommand short-circuited and no fallback available.
RecoveringCommand short-circuited and no fallback available.
RecoveringCommand short-circuited and no fallback available.
RecoveringCommand short-circuited and no fallback available.
RecoveringCommand short-circuited and no fallback available.
RecoveringCommand short-circuited and no fallback available.
RecoveringCommand short-circuited and no fallback available.
RecoveringCommand short-circuited and no fallback available.
RecoveringCommand short-circuited and no fallback available.
RecoveringCommand short-circuited and no fallback available.
RecoveringCommand short-circuited and no fallback available.
RecoveringCommand short-circuited and no fallback available.
RecoveringCommand short-circuited and no fallback available.
RecoveringCommand short-circuited and no fallback available.
RecoveringCommand short-circuited and no fallback available.
RecoveringCommand short-circuited and no fallback available.
RecoveringCommand short-circuited and no fallback available.
RecoveringCommand short-circuited and no fallback available.
RecoveringCommand short-circuited and no fallback available.
RecoveringCommand short-circuited and no fallback available.
RecoveringCommand short-circuited and no fallback available.
RecoveringCommand short-circuited and no fallback available.
RecoveringCommand short-circuited and no fallback available.
RecoveringCommand short-circuited and no fallback available.
RecoveringCommand short-circuited and no fallback available.
RecoveringCommand short-circuited and no fallback available.
RecoveringCommand short-circuited and no fallback available.
RecoveringCommand short-circuited and no fallback available.
RecoveringCommand short-circuited and no fallback available.
RecoveringCommand short-circuited and no fallback available.
RecoveringCommand short-circuited and no fallback available.
RecoveringCommand short-circuited and no fallback available.
RecoveringCommand short-circuited and no fallback available.
RecoveringCommand short-circuited and no fallback available.
RecoveringCommand short-circuited and no fallback available.
RecoveringCommand short-circuited and no fallback available.
RecoveringCommand short-circuited and no fallback available.
RecoveringCommand short-circuited and no fallback available.
RecoveringCommand short-circuited and no fallback available.
RecoveringCommand short-circuited and no fallback available.
RecoveringCommand short-circuited and no fallback available.
RecoveringCommand short-circuited and no fallback available.
RecoveringCommand short-circuited and no fallback available.
RecoveringCommand short-circuited and no fallback available.
RecoveringCommand short-circuited and no fallback available.
RecoveringCommand short-circuited and no fallback available.
RecoveringCommand short-circuited and no fallback available.
RecoveringCommand short-circuited and no fallback available.
RecoveringCommand short-circuited and no fallback available.
RecoveringCommand short-circuited and no fallback available.
RecoveringCommand short-circuited and no fallback available.
RecoveringCommand short-circuited and no fallback available.
RecoveringCommand short-circuited and no fallback available.
RecoveringCommand short-circuited and no fallback available.
RecoveringCommand short-circuited and no fallback available.
RecoveringCommand short-circuited and no fallback available.
RecoveringCommand short-circuited and no fallback available.
RecoveringCommand short-circuited and no fallback available.
RecoveringCommand short-circuited and no fallback available.
RecoveringCommand short-circuited and no fallback available.
RecoveringCommand short-circuited and no fallback available.
RecoveringCommand short-circuited and no fallback available.
RecoveringCommand short-circuited and no fallback available.
RecoveringCommand short-circuited and no fallback available.
RecoveringCommand short-circuited and no fallback available.
RecoveringCommand short-circuited and no fallback available.
RecoveringCommand short-circuited and no fallback available.
RecoveringCommand short-circuited and no fallback available.
RecoveringCommand short-circuited and no fallback available.
RecoveringCommand short-circuited and no fallback available.
RecoveringCommand short-circuited and no fallback available.
RecoveringCommand short-circuited and no fallback available.
RecoveringCommand short-circuited and no fallback available.
RecoveringCommand short-circuited and no fallback available.
RecoveringCommand short-circuited and no fallback available.
RecoveringCommand short-circuited and no fallback available.
RecoveringCommand short-circuited and no fallback available.
RecoveringCommand short-circuited and no fallback available.
RecoveringCommand short-circuited and no fallback available.
RecoveringCommand short-circuited and no fallback available.
RecoveringCommand short-circuited and no fallback available.
RecoveringCommand short-circuited and no fallback available.
RecoveringCommand short-circuited and no fallback available.
RecoveringCommand short-circuited and no fallback available.
RecoveringCommand short-circuited and no fallback available.
RecoveringCommand short-circuited and no fallback available.
RecoveringCommand short-circuited and no fallback available.
RecoveringCommand short-circuited and no fallback available.
RecoveringCommand short-circuited and no fallback available.
RecoveringCommand short-circuited and no fallback available.
RecoveringCommand short-circuited and no fallback available.
RecoveringCommand short-circuited and no fallback available.
RecoveringCommand short-circuited and no fallback available.
RecoveringCommand short-circuited and no fallback available.
RecoveringCommand short-circuited and no fallback available.
RecoveringCommand short-circuited and no fallback available.
RecoveringCommand short-circuited and no fallback available.
RecoveringCommand short-circuited and no fallback available.
RecoveringCommand short-circuited and no fallback available.
RecoveringCommand short-circuited and no fallback available.
RecoveringCommand short-circuited and no fallback available.
RecoveringCommand short-circuited and no fallback available.
RecoveringCommand short-circuited and no fallback available.
RecoveringCommand short-circuited and no fallback available.
RecoveringCommand short-circuited and no fallback available.
RecoveringCommand short-circuited and no fallback available.
RecoveringCommand short-circuited and no fallback available.
RecoveringCommand short-circuited and no fallback available.
RecoveringCommand short-circuited and no fallback available.
RecoveringCommand short-circuited and no fallback available.
RecoveringCommand short-circuited and no fallback available.
RecoveringCommand short-circuited and no fallback available.
RecoveringCommand short-circuited and no fallback available.
RecoveringCommand short-circuited and no fallback available.
RecoveringCommand short-circuited and no fallback available.
RecoveringCommand short-circuited and no fallback available.
RecoveringCommand short-circuited and no fallback available.
RecoveringCommand short-circuited and no fallback available.
RecoveringCommand short-circuited and no fallback available.
RecoveringCommand short-circuited and no fallback available.
RecoveringCommand short-circuited and no fallback available.
RecoveringCommand short-circuited and no fallback available.
RecoveringCommand short-circuited and no fallback available.
RecoveringCommand short-circuited and no fallback available.
RecoveringCommand short-circuited and no fallback available.
RecoveringCommand short-circuited and no fallback available.
RecoveringCommand short-circuited and no fallback available.
RecoveringCommand short-circuited and no fallback available.
RecoveringCommand short-circuited and no fallback available.
RecoveringCommand short-circuited and no fallback available.
RecoveringCommand short-circuited and no fallback available.
RecoveringCommand short-circuited and no fallback available.
RecoveringCommand short-circuited and no fallback available.
RecoveringCommand short-circuited and no fallback available.
RecoveringCommand short-circuited and no fallback available.
RecoveringCommand short-circuited and no fallback available.
RecoveringCommand short-circuited and no fallback available.
RecoveringCommand short-circuited and no fallback available.
RecoveringCommand short-circuited and no fallback available.
RecoveringCommand short-circuited and no fallback available.
RecoveringCommand short-circuited and no fallback available.
RecoveringCommand short-circuited and no fallback available.
RecoveringCommand short-circuited and no fallback available.
RecoveringCommand short-circuited and no fallback available.
RecoveringCommand short-circuited and no fallback available.
RecoveringCommand short-circuited and no fallback available.
RecoveringCommand short-circuited and no fallback available.
RecoveringCommand short-circuited and no fallback available.
RecoveringCommand short-circuited and no fallback available.
RecoveringCommand short-circuited and no fallback available.
RecoveringCommand short-circuited and no fallback available.
RecoveringCommand short-circuited and no fallback available.
RecoveringCommand short-circuited and no fallback available.
RecoveringCommand short-circuited and no fallback available.
RecoveringCommand short-circuited and no fallback available.
RecoveringCommand short-circuited and no fallback available.
RecoveringCommand short-circuited and no fallback available.
RecoveringCommand short-circuited and no fallback available.
RecoveringCommand short-circuited and no fallback available.
RecoveringCommand short-circuited and no fallback available.
RecoveringCommand short-circuited and no fallback available.
RecoveringCommand short-circuited and no fallback available.
RecoveringCommand short-circuited and no fallback available.
RecoveringCommand short-circuited and no fallback available.
RecoveringCommand short-circuited and no fallback available.
RecoveringCommand short-circuited and no fallback available.
RecoveringCommand short-circuited and no fallback available.
RecoveringCommand short-circuited and no fallback available.
RecoveringCommand short-circuited and no fallback available.
RecoveringCommand short-circuited and no fallback available.
RecoveringCommand short-circuited and no fallback available.
RecoveringCommand short-circuited and no fallback available.
RecoveringCommand short-circuited and no fallback available.
RecoveringCommand short-circuited and no fallback available.
RecoveringCommand short-circuited and no fallback available.
RecoveringCommand short-circuited and no fallback available.
RecoveringCommand short-circuited and no fallback available.
RecoveringCommand short-circuited and no fallback available.
RecoveringCommand short-circuited and no fallback available.
RecoveringCommand short-circuited and no fallback available.
RecoveringCommand short-circuited and no fallback available.
RecoveringCommand short-circuited and no fallback available.
RecoveringCommand short-circuited and no fallback available.
RecoveringCommand short-circuited and no fallback available.
RecoveringCommand short-circuited and no fallback available.
RecoveringCommand short-circuited and no fallback available.
RecoveringCommand short-circuited and no fallback available.
RecoveringCommand short-circuited and no fallback available.
RecoveringCommand short-circuited and no fallback available.
RecoveringCommand short-circuited and no fallback available.
RecoveringCommand short-circuited and no fallback available.
RecoveringCommand short-circuited and no fallback available.
RecoveringCommand short-circuited and no fallback available.
RecoveringCommand short-circuited and no fallback available.
RecoveringCommand short-circuited and no fallback available.
RecoveringCommand short-circuited and no fallback available.
RecoveringCommand short-circuited and no fallback available.
RecoveringCommand short-circuited and no fallback available.
RecoveringCommand short-circuited and no fallback available.
RecoveringCommand short-circuited and no fallback available.
RecoveringCommand short-circuited and no fallback available.
RecoveringCommand short-circuited and no fallback available.
RecoveringCommand short-circuited and no fallback available.
RecoveringCommand short-circuited and no fallback available.
RecoveringCommand short-circuited and no fallback available.
RecoveringCommand short-circuited and no fallback available.
RecoveringCommand short-circuited and no fallback available.
RecoveringCommand short-circuited and no fallback available.
RecoveringCommand short-circuited and no fallback available.
RecoveringCommand short-circuited and no fallback available.
RecoveringCommand short-circuited and no fallback available.
RecoveringCommand short-circuited and no fallback available.
RecoveringCommand short-circuited and no fallback available.
RecoveringCommand short-circuited and no fallback available.
RecoveringCommand short-circuited and no fallback available.
RecoveringCommand short-circuited and no fallback available.
RecoveringCommand short-circuited and no fallback available.
RecoveringCommand short-circuited and no fallback available.
RecoveringCommand short-circuited and no fallback available.
RecoveringCommand short-circuited and no fallback available.
RecoveringCommand short-circuited and no fallback available.
RecoveringCommand short-circuited and no fallback available.
RecoveringCommand short-circuited and no fallback available.
RecoveringCommand short-circuited and no fallback available.
RecoveringCommand short-circuited and no fallback available.
RecoveringCommand short-circuited and no fallback available.
RecoveringCommand short-circuited and no fallback available.
RecoveringCommand short-circuited and no fallback available.
RecoveringCommand short-circuited and no fallback available.
RecoveringCommand short-circuited and no fallback available.
RecoveringCommand short-circuited and no fallback available.
RecoveringCommand short-circuited and no fallback available.
RecoveringCommand short-circuited and no fallback available.
RecoveringCommand short-circuited and no fallback available.
RecoveringCommand short-circuited and no fallback available.
RecoveringCommand short-circuited and no fallback available.
RecoveringCommand short-circuited and no fallback available.
RecoveringCommand short-circuited and no fallback available.
RecoveringCommand short-circuited and no fallback available.
RecoveringCommand short-circuited and no fallback available.
RecoveringCommand short-circuited and no fallback available.
RecoveringCommand short-circuited and no fallback available.
RecoveringCommand short-circuited and no fallback available.
RecoveringCommand short-circuited and no fallback available.
RecoveringCommand short-circuited and no fallback available.
RecoveringCommand short-circuited and no fallback available.
RecoveringCommand short-circuited and no fallback available.
RecoveringCommand short-circuited and no fallback available.
RecoveringCommand short-circuited and no fallback available.
RecoveringCommand short-circuited and no fallback available.
RecoveringCommand short-circuited and no fallback available.
RecoveringCommand short-circuited and no fallback available.
RecoveringCommand short-circuited and no fallback available.
RecoveringCommand short-circuited and no fallback available.
RecoveringCommand short-circuited and no fallback available.
RecoveringCommand short-circuited and no fallback available.
RecoveringCommand short-circuited and no fallback available.
RecoveringCommand short-circuited and no fallback available.
RecoveringCommand short-circuited and no fallback available.
RecoveringCommand short-circuited and no fallback available.
RecoveringCommand short-circuited and no fallback available.
RecoveringCommand short-circuited and no fallback available.
RecoveringCommand short-circuited and no fallback available.
RecoveringCommand short-circuited and no fallback available.
RecoveringCommand short-circuited and no fallback available.
RecoveringCommand short-circuited and no fallback available.
RecoveringCommand short-circuited and no fallback available.
RecoveringCommand short-circuited and no fallback available.
RecoveringCommand short-circuited and no fallback available.
RecoveringCommand short-circuited and no fallback available.
RecoveringCommand short-circuited and no fallback available.
RecoveringCommand short-circuited and no fallback available.
RecoveringCommand short-circuited and no fallback available.
RecoveringCommand short-circuited and no fallback available.
RecoveringCommand short-circuited and no fallback available.
RecoveringCommand short-circuited and no fallback available.
RecoveringCommand short-circuited and no fallback available.
RecoveringCommand short-circuited and no fallback available.
RecoveringCommand short-circuited and no fallback available.
RecoveringCommand short-circuited and no fallback available.
RecoveringCommand short-circuited and no fallback available.
RecoveringCommand short-circuited and no fallback available.
RecoveringCommand short-circuited and no fallback available.
RecoveringCommand short-circuited and no fallback available.
RecoveringCommand short-circuited and no fallback available.
RecoveringCommand short-circuited and no fallback available.
RecoveringCommand short-circuited and no fallback available.
RecoveringCommand short-circuited and no fallback available.
RecoveringCommand short-circuited and no fallback available.
RecoveringCommand short-circuited and no fallback available.
RecoveringCommand short-circuited and no fallback available.
RecoveringCommand short-circuited and no fallback available.
RecoveringCommand short-circuited and no fallback available.
RecoveringCommand short-circuited and no fallback available.
RecoveringCommand short-circuited and no fallback available.
RecoveringCommand short-circuited and no fallback available.
RecoveringCommand short-circuited and no fallback available.
RecoveringCommand short-circuited and no fallback available.
RecoveringCommand short-circuited and no fallback available.
RecoveringCommand short-circuited and no fallback available.
RecoveringCommand short-circuited and no fallback available.
RecoveringCommand short-circuited and no fallback available.
RecoveringCommand short-circuited and no fallback available.
RecoveringCommand short-circuited and no fallback available.
RecoveringCommand short-circuited and no fallback available.
RecoveringCommand short-circuited and no fallback available.
RecoveringCommand short-circuited and no fallback available.
RecoveringCommand short-circuited and no fallback available.
RecoveringCommand short-circuited and no fallback available.
RecoveringCommand short-circuited and no fallback available.
RecoveringCommand short-circuited and no fallback available.
RecoveringCommand short-circuited and no fallback available.
RecoveringCommand short-circuited and no fallback available.
RecoveringCommand short-circuited and no fallback available.
RecoveringCommand short-circuited and no fallback available.
RecoveringCommand short-circuited and no fallback available.
RecoveringCommand short-circuited and no fallback available.
RecoveringCommand short-circuited and no fallback available.
RecoveringCommand short-circuited and no fallback available.
RecoveringCommand short-circuited and no fallback available.
RecoveringCommand short-circuited and no fallback available.
RecoveringCommand short-circuited and no fallback available.
RecoveringCommand short-circuited and no fallback available.
RecoveringCommand short-circuited and no fallback available.
RecoveringCommand short-circuited and no fallback available.
RecoveringCommand short-circuited and no fallback available.
RecoveringCommand short-circuited and no fallback available.
RecoveringCommand short-circuited and no fallback available.
RecoveringCommand short-circuited and no fallback available.
RecoveringCommand failed and no fallback available.
RecoveringCommand short-circuited and no fallback available.
RecoveringCommand short-circuited and no fallback available.
RecoveringCommand short-circuited and no fallback available.
RecoveringCommand short-circuited and no fallback available.
RecoveringCommand short-circuited and no fallback available.
RecoveringCommand short-circuited and no fallback available.
RecoveringCommand short-circuited and no fallback available.
RecoveringCommand short-circuited and no fallback available.
RecoveringCommand short-circuited and no fallback available.
RecoveringCommand short-circuited and no fallback available.
RecoveringCommand short-circuited and no fallback available.
RecoveringCommand short-circuited and no fallback available.
RecoveringCommand short-circuited and no fallback available.
RecoveringCommand short-circuited and no fallback available.
RecoveringCommand short-circuited and no fallback available.
RecoveringCommand short-circuited and no fallback available.
RecoveringCommand short-circuited and no fallback available.
RecoveringCommand short-circuited and no fallback available.
RecoveringCommand short-circuited and no fallback available.
RecoveringCommand short-circuited and no fallback available.
RecoveringCommand short-circuited and no fallback available.
RecoveringCommand short-circuited and no fallback available.
RecoveringCommand short-circuited and no fallback available.
RecoveringCommand short-circuited and no fallback available.
RecoveringCommand short-circuited and no fallback available.
RecoveringCommand short-circuited and no fallback available.
RecoveringCommand short-circuited and no fallback available.
RecoveringCommand short-circuited and no fallback available.
RecoveringCommand short-circuited and no fallback available.
RecoveringCommand short-circuited and no fallback available.
RecoveringCommand short-circuited and no fallback available.
RecoveringCommand short-circuited and no fallback available.
RecoveringCommand short-circuited and no fallback available.
RecoveringCommand short-circuited and no fallback available.
RecoveringCommand short-circuited and no fallback available.
RecoveringCommand short-circuited and no fallback available.
RecoveringCommand short-circuited and no fallback available.
RecoveringCommand short-circuited and no fallback available.
RecoveringCommand short-circuited and no fallback available.
RecoveringCommand short-circuited and no fallback available.
RecoveringCommand short-circuited and no fallback available.
RecoveringCommand short-circuited and no fallback available.
RecoveringCommand short-circuited and no fallback available.
RecoveringCommand short-circuited and no fallback available.
RecoveringCommand short-circuited and no fallback available.
RecoveringCommand short-circuited and no fallback available.
RecoveringCommand short-circuited and no fallback available.
RecoveringCommand short-circuited and no fallback available.
RecoveringCommand short-circuited and no fallback available.
RecoveringCommand short-circuited and no fallback available.
RecoveringCommand short-circuited and no fallback available.
RecoveringCommand short-circuited and no fallback available.
RecoveringCommand short-circuited and no fallback available.
RecoveringCommand short-circuited and no fallback available.
RecoveringCommand short-circuited and no fallback available.
RecoveringCommand short-circuited and no fallback available.
RecoveringCommand short-circuited and no fallback available.
RecoveringCommand short-circuited and no fallback available.
RecoveringCommand short-circuited and no fallback available.
RecoveringCommand short-circuited and no fallback available.
RecoveringCommand short-circuited and no fallback available.
RecoveringCommand short-circuited and no fallback available.
RecoveringCommand short-circuited and no fallback available.
RecoveringCommand short-circuited and no fallback available.
RecoveringCommand short-circuited and no fallback available.
RecoveringCommand short-circuited and no fallback available.
RecoveringCommand short-circuited and no fallback available.
RecoveringCommand short-circuited and no fallback available.
RecoveringCommand short-circuited and no fallback available.
RecoveringCommand short-circuited and no fallback available.
RecoveringCommand short-circuited and no fallback available.
RecoveringCommand short-circuited and no fallback available.
RecoveringCommand short-circuited and no fallback available.
RecoveringCommand short-circuited and no fallback available.
RecoveringCommand short-circuited and no fallback available.
RecoveringCommand short-circuited and no fallback available.
RecoveringCommand short-circuited and no fallback available.
RecoveringCommand short-circuited and no fallback available.
RecoveringCommand short-circuited and no fallback available.
RecoveringCommand short-circuited and no fallback available.
RecoveringCommand short-circuited and no fallback available.
RecoveringCommand short-circuited and no fallback available.
RecoveringCommand short-circuited and no fallback available.
RecoveringCommand short-circuited and no fallback available.
RecoveringCommand short-circuited and no fallback available.
RecoveringCommand short-circuited and no fallback available.
RecoveringCommand short-circuited and no fallback available.
RecoveringCommand short-circuited and no fallback available.
RecoveringCommand short-circuited and no fallback available.
RecoveringCommand short-circuited and no fallback available.
RecoveringCommand short-circuited and no fallback available.
RecoveringCommand short-circuited and no fallback available.
RecoveringCommand short-circuited and no fallback available.
RecoveringCommand short-circuited and no fallback available.
RecoveringCommand short-circuited and no fallback available.
RecoveringCommand short-circuited and no fallback available.
RecoveringCommand short-circuited and no fallback available.
RecoveringCommand short-circuited and no fallback available.
RecoveringCommand short-circuited and no fallback available.
RecoveringCommand short-circuited and no fallback available.
RecoveringCommand short-circuited and no fallback available.
RecoveringCommand short-circuited and no fallback available.
RecoveringCommand short-circuited and no fallback available.
RecoveringCommand short-circuited and no fallback available.
RecoveringCommand short-circuited and no fallback available.
RecoveringCommand short-circuited and no fallback available.
RecoveringCommand short-circuited and no fallback available.
RecoveringCommand short-circuited and no fallback available.
RecoveringCommand short-circuited and no fallback available.
RecoveringCommand short-circuited and no fallback available.
RecoveringCommand short-circuited and no fallback available.
RecoveringCommand short-circuited and no fallback available.
RecoveringCommand short-circuited and no fallback available.
RecoveringCommand short-circuited and no fallback available.
RecoveringCommand short-circuited and no fallback available.
RecoveringCommand short-circuited and no fallback available.
RecoveringCommand short-circuited and no fallback available.
RecoveringCommand short-circuited and no fallback available.
RecoveringCommand short-circuited and no fallback available.
RecoveringCommand short-circuited and no fallback available.
RecoveringCommand short-circuited and no fallback available.
RecoveringCommand short-circuited and no fallback available.
RecoveringCommand short-circuited and no fallback available.
RecoveringCommand short-circuited and no fallback available.
RecoveringCommand short-circuited and no fallback available.
RecoveringCommand short-circuited and no fallback available.
RecoveringCommand short-circuited and no fallback available.
RecoveringCommand short-circuited and no fallback available.
RecoveringCommand short-circuited and no fallback available.
RecoveringCommand short-circuited and no fallback available.
RecoveringCommand short-circuited and no fallback available.
RecoveringCommand short-circuited and no fallback available.
RecoveringCommand short-circuited and no fallback available.
RecoveringCommand short-circuited and no fallback available.
RecoveringCommand short-circuited and no fallback available.
RecoveringCommand short-circuited and no fallback available.
RecoveringCommand short-circuited and no fallback available.
RecoveringCommand short-circuited and no fallback available.
RecoveringCommand short-circuited and no fallback available.
RecoveringCommand short-circuited and no fallback available.
RecoveringCommand short-circuited and no fallback available.
RecoveringCommand short-circuited and no fallback available.
RecoveringCommand short-circuited and no fallback available.
RecoveringCommand short-circuited and no fallback available.
RecoveringCommand short-circuited and no fallback available.
RecoveringCommand short-circuited and no fallback available.
RecoveringCommand short-circuited and no fallback available.
RecoveringCommand short-circuited and no fallback available.
RecoveringCommand short-circuited and no fallback available.
RecoveringCommand short-circuited and no fallback available.
RecoveringCommand short-circuited and no fallback available.
RecoveringCommand short-circuited and no fallback available.
RecoveringCommand short-circuited and no fallback available.
RecoveringCommand short-circuited and no fallback available.
RecoveringCommand short-circuited and no fallback available.
RecoveringCommand short-circuited and no fallback available.
RecoveringCommand short-circuited and no fallback available.
RecoveringCommand short-circuited and no fallback available.
RecoveringCommand short-circuited and no fallback available.
RecoveringCommand short-circuited and no fallback available.
RecoveringCommand short-circuited and no fallback available.
RecoveringCommand short-circuited and no fallback available.
RecoveringCommand short-circuited and no fallback available.
RecoveringCommand short-circuited and no fallback available.
RecoveringCommand short-circuited and no fallback available.
RecoveringCommand short-circuited and no fallback available.
RecoveringCommand short-circuited and no fallback available.
RecoveringCommand short-circuited and no fallback available.
RecoveringCommand short-circuited and no fallback available.
RecoveringCommand short-circuited and no fallback available.
RecoveringCommand short-circuited and no fallback available.
RecoveringCommand short-circuited and no fallback available.
RecoveringCommand short-circuited and no fallback available.
RecoveringCommand short-circuited and no fallback available.
RecoveringCommand short-circuited and no fallback available.
RecoveringCommand short-circuited and no fallback available.
RecoveringCommand short-circuited and no fallback available.
RecoveringCommand short-circuited and no fallback available.
RecoveringCommand short-circuited and no fallback available.
RecoveringCommand short-circuited and no fallback available.
RecoveringCommand short-circuited and no fallback available.
RecoveringCommand short-circuited and no fallback available.
RecoveringCommand short-circuited and no fallback available.
RecoveringCommand short-circuited and no fallback available.
RecoveringCommand short-circuited and no fallback available.
RecoveringCommand short-circuited and no fallback available.
RecoveringCommand short-circuited and no fallback available.
RecoveringCommand short-circuited and no fallback available.
RecoveringCommand short-circuited and no fallback available.
RecoveringCommand short-circuited and no fallback available.
RecoveringCommand short-circuited and no fallback available.
RecoveringCommand short-circuited and no fallback available.
RecoveringCommand short-circuited and no fallback available.
RecoveringCommand short-circuited and no fallback available.
RecoveringCommand short-circuited and no fallback available.
RecoveringCommand short-circuited and no fallback available.
RecoveringCommand short-circuited and no fallback available.
RecoveringCommand short-circuited and no fallback available.
RecoveringCommand short-circuited and no fallback available.
RecoveringCommand short-circuited and no fallback available.
RecoveringCommand short-circuited and no fallback available.
RecoveringCommand short-circuited and no fallback available.
RecoveringCommand short-circuited and no fallback available.
RecoveringCommand short-circuited and no fallback available.
RecoveringCommand short-circuited and no fallback available.
RecoveringCommand short-circuited and no fallback available.
RecoveringCommand short-circuited and no fallback available.
RecoveringCommand short-circuited and no fallback available.
RecoveringCommand short-circuited and no fallback available.
RecoveringCommand short-circuited and no fallback available.
RecoveringCommand short-circuited and no fallback available.
RecoveringCommand short-circuited and no fallback available.
RecoveringCommand short-circuited and no fallback available.
RecoveringCommand short-circuited and no fallback available.
RecoveringCommand short-circuited and no fallback available.
RecoveringCommand short-circuited and no fallback available.
RecoveringCommand short-circuited and no fallback available.
RecoveringCommand short-circuited and no fallback available.
RecoveringCommand short-circuited and no fallback available.
RecoveringCommand short-circuited and no fallback available.
RecoveringCommand short-circuited and no fallback available.
RecoveringCommand short-circuited and no fallback available.
RecoveringCommand short-circuited and no fallback available.
RecoveringCommand short-circuited and no fallback available.
RecoveringCommand short-circuited and no fallback available.
RecoveringCommand short-circuited and no fallback available.
RecoveringCommand short-circuited and no fallback available.
RecoveringCommand short-circuited and no fallback available.
RecoveringCommand short-circuited and no fallback available.
RecoveringCommand short-circuited and no fallback available.
RecoveringCommand short-circuited and no fallback available.
RecoveringCommand short-circuited and no fallback available.
RecoveringCommand short-circuited and no fallback available.
RecoveringCommand short-circuited and no fallback available.
RecoveringCommand short-circuited and no fallback available.
RecoveringCommand short-circuited and no fallback available.
RecoveringCommand short-circuited and no fallback available.
RecoveringCommand short-circuited and no fallback available.
RecoveringCommand short-circuited and no fallback available.
RecoveringCommand short-circuited and no fallback available.
RecoveringCommand short-circuited and no fallback available.
RecoveringCommand short-circuited and no fallback available.
RecoveringCommand short-circuited and no fallback available.
RecoveringCommand short-circuited and no fallback available.
RecoveringCommand short-circuited and no fallback available.
RecoveringCommand short-circuited and no fallback available.
RecoveringCommand short-circuited and no fallback available.
RecoveringCommand short-circuited and no fallback available.
RecoveringCommand short-circuited and no fallback available.
RecoveringCommand short-circuited and no fallback available.
RecoveringCommand short-circuited and no fallback available.
RecoveringCommand short-circuited and no fallback available.
RecoveringCommand short-circuited and no fallback available.
RecoveringCommand short-circuited and no fallback available.
RecoveringCommand short-circuited and no fallback available.
RecoveringCommand short-circuited and no fallback available.
RecoveringCommand short-circuited and no fallback available.
RecoveringCommand short-circuited and no fallback available.
RecoveringCommand short-circuited and no fallback available.
RecoveringCommand short-circuited and no fallback available.
RecoveringCommand short-circuited and no fallback available.
RecoveringCommand short-circuited and no fallback available.
RecoveringCommand short-circuited and no fallback available.
RecoveringCommand short-circuited and no fallback available.
RecoveringCommand short-circuited and no fallback available.
RecoveringCommand short-circuited and no fallback available.
RecoveringCommand short-circuited and no fallback available.
RecoveringCommand short-circuited and no fallback available.
RecoveringCommand short-circuited and no fallback available.
RecoveringCommand short-circuited and no fallback available.
RecoveringCommand short-circuited and no fallback available.
RecoveringCommand short-circuited and no fallback available.
RecoveringCommand short-circuited and no fallback available.
RecoveringCommand short-circuited and no fallback available.
RecoveringCommand short-circuited and no fallback available.
RecoveringCommand short-circuited and no fallback available.
RecoveringCommand short-circuited and no fallback available.
RecoveringCommand short-circuited and no fallback available.
RecoveringCommand short-circuited and no fallback available.
RecoveringCommand short-circuited and no fallback available.
RecoveringCommand short-circuited and no fallback available.
RecoveringCommand short-circuited and no fallback available.
RecoveringCommand short-circuited and no fallback available.
RecoveringCommand short-circuited and no fallback available.
RecoveringCommand short-circuited and no fallback available.
RecoveringCommand short-circuited and no fallback available.
RecoveringCommand short-circuited and no fallback available.
RecoveringCommand short-circuited and no fallback available.
RecoveringCommand short-circuited and no fallback available.
RecoveringCommand short-circuited and no fallback available.
RecoveringCommand short-circuited and no fallback available.
RecoveringCommand short-circuited and no fallback available.
RecoveringCommand short-circuited and no fallback available.
RecoveringCommand short-circuited and no fallback available.
RecoveringCommand short-circuited and no fallback available.
RecoveringCommand short-circuited and no fallback available.
RecoveringCommand short-circuited and no fallback available.
RecoveringCommand short-circuited and no fallback available.
RecoveringCommand short-circuited and no fallback available.
RecoveringCommand short-circuited and no fallback available.
RecoveringCommand short-circuited and no fallback available.
RecoveringCommand short-circuited and no fallback available.
RecoveringCommand short-circuited and no fallback available.
RecoveringCommand short-circuited and no fallback available.
RecoveringCommand short-circuited and no fallback available.
RecoveringCommand short-circuited and no fallback available.
RecoveringCommand short-circuited and no fallback available.
RecoveringCommand short-circuited and no fallback available.
RecoveringCommand short-circuited and no fallback available.
RecoveringCommand short-circuited and no fallback available.
RecoveringCommand short-circuited and no fallback available.
RecoveringCommand short-circuited and no fallback available.
RecoveringCommand short-circuited and no fallback available.
RecoveringCommand short-circuited and no fallback available.
RecoveringCommand short-circuited and no fallback available.
RecoveringCommand short-circuited and no fallback available.
RecoveringCommand short-circuited and no fallback available.
RecoveringCommand short-circuited and no fallback available.
RecoveringCommand short-circuited and no fallback available.
RecoveringCommand short-circuited and no fallback available.
RecoveringCommand short-circuited and no fallback available.
RecoveringCommand short-circuited and no fallback available.
RecoveringCommand short-circuited and no fallback available.
RecoveringCommand short-circuited and no fallback available.
RecoveringCommand short-circuited and no fallback available.
RecoveringCommand short-circuited and no fallback available.
RecoveringCommand short-circuited and no fallback available.
RecoveringCommand short-circuited and no fallback available.
RecoveringCommand short-circuited and no fallback available.
RecoveringCommand short-circuited and no fallback available.
RecoveringCommand short-circuited and no fallback available.
RecoveringCommand short-circuited and no fallback available.
RecoveringCommand short-circuited and no fallback available.
RecoveringCommand short-circuited and no fallback available.
RecoveringCommand short-circuited and no fallback available.
RecoveringCommand short-circuited and no fallback available.
RecoveringCommand short-circuited and no fallback available.
RecoveringCommand short-circuited and no fallback available.
RecoveringCommand short-circuited and no fallback available.
RecoveringCommand short-circuited and no fallback available.
RecoveringCommand short-circuited and no fallback available.
RecoveringCommand short-circuited and no fallback available.
RecoveringCommand short-circuited and no fallback available.
RecoveringCommand short-circuited and no fallback available.
RecoveringCommand short-circuited and no fallback available.
RecoveringCommand short-circuited and no fallback available.
RecoveringCommand short-circuited and no fallback available.
RecoveringCommand short-circuited and no fallback available.
RecoveringCommand short-circuited and no fallback available.
RecoveringCommand short-circuited and no fallback available.
RecoveringCommand short-circuited and no fallback available.
RecoveringCommand short-circuited and no fallback available.
RecoveringCommand short-circuited and no fallback available.
RecoveringCommand short-circuited and no fallback available.
RecoveringCommand short-circuited and no fallback available.
RecoveringCommand short-circuited and no fallback available.
RecoveringCommand short-circuited and no fallback available.
RecoveringCommand short-circuited and no fallback available.
RecoveringCommand short-circuited and no fallback available.
RecoveringCommand short-circuited and no fallback available.
RecoveringCommand short-circuited and no fallback available.
RecoveringCommand short-circuited and no fallback available.
RecoveringCommand short-circuited and no fallback available.
RecoveringCommand short-circuited and no fallback available.
RecoveringCommand short-circuited and no fallback available.
RecoveringCommand short-circuited and no fallback available.
RecoveringCommand short-circuited and no fallback available.
RecoveringCommand short-circuited and no fallback available.
RecoveringCommand short-circuited and no fallback available.
RecoveringCommand short-circuited and no fallback available.
RecoveringCommand failed and no fallback available.
RecoveringCommand short-circuited and no fallback available.
RecoveringCommand short-circuited and no fallback available.
RecoveringCommand short-circuited and no fallback available.
RecoveringCommand short-circuited and no fallback available.
RecoveringCommand short-circuited and no fallback available.
RecoveringCommand short-circuited and no fallback available.
RecoveringCommand short-circuited and no fallback available.
RecoveringCommand short-circuited and no fallback available.
RecoveringCommand short-circuited and no fallback available.
RecoveringCommand short-circuited and no fallback available.
RecoveringCommand short-circuited and no fallback available.
RecoveringCommand short-circuited and no fallback available.
RecoveringCommand short-circuited and no fallback available.
RecoveringCommand short-circuited and no fallback available.
RecoveringCommand short-circuited and no fallback available.
RecoveringCommand short-circuited and no fallback available.
RecoveringCommand short-circuited and no fallback available.
RecoveringCommand short-circuited and no fallback available.
RecoveringCommand short-circuited and no fallback available.
RecoveringCommand short-circuited and no fallback available.
RecoveringCommand short-circuited and no fallback available.
RecoveringCommand short-circuited and no fallback available.
RecoveringCommand short-circuited and no fallback available.
RecoveringCommand short-circuited and no fallback available.
RecoveringCommand short-circuited and no fallback available.
RecoveringCommand short-circuited and no fallback available.
RecoveringCommand short-circuited and no fallback available.
RecoveringCommand short-circuited and no fallback available.
RecoveringCommand short-circuited and no fallback available.
RecoveringCommand short-circuited and no fallback available.
RecoveringCommand short-circuited and no fallback available.
RecoveringCommand short-circuited and no fallback available.
RecoveringCommand short-circuited and no fallback available.
RecoveringCommand short-circuited and no fallback available.
RecoveringCommand short-circuited and no fallback available.
RecoveringCommand short-circuited and no fallback available.
RecoveringCommand short-circuited and no fallback available.
RecoveringCommand short-circuited and no fallback available.
RecoveringCommand short-circuited and no fallback available.
RecoveringCommand short-circuited and no fallback available.
RecoveringCommand short-circuited and no fallback available.
RecoveringCommand short-circuited and no fallback available.
RecoveringCommand short-circuited and no fallback available.
RecoveringCommand short-circuited and no fallback available.
RecoveringCommand short-circuited and no fallback available.
RecoveringCommand short-circuited and no fallback available.
RecoveringCommand short-circuited and no fallback available.
RecoveringCommand short-circuited and no fallback available.
RecoveringCommand short-circuited and no fallback available.
RecoveringCommand short-circuited and no fallback available.
RecoveringCommand short-circuited and no fallback available.
RecoveringCommand short-circuited and no fallback available.
RecoveringCommand short-circuited and no fallback available.
RecoveringCommand short-circuited and no fallback available.
RecoveringCommand short-circuited and no fallback available.
RecoveringCommand short-circuited and no fallback available.
RecoveringCommand short-circuited and no fallback available.
RecoveringCommand short-circuited and no fallback available.
RecoveringCommand short-circuited and no fallback available.
RecoveringCommand short-circuited and no fallback available.
RecoveringCommand short-circuited and no fallback available.
RecoveringCommand short-circuited and no fallback available.
RecoveringCommand short-circuited and no fallback available.
RecoveringCommand short-circuited and no fallback available.
RecoveringCommand short-circuited and no fallback available.
RecoveringCommand short-circuited and no fallback available.
RecoveringCommand short-circuited and no fallback available.
RecoveringCommand short-circuited and no fallback available.
RecoveringCommand short-circuited and no fallback available.
RecoveringCommand short-circuited and no fallback available.
RecoveringCommand short-circuited and no fallback available.
RecoveringCommand short-circuited and no fallback available.
RecoveringCommand short-circuited and no fallback available.
RecoveringCommand short-circuited and no fallback available.
RecoveringCommand short-circuited and no fallback available.
RecoveringCommand short-circuited and no fallback available.
RecoveringCommand short-circuited and no fallback available.
RecoveringCommand short-circuited and no fallback available.
RecoveringCommand short-circuited and no fallback available.
RecoveringCommand short-circuited and no fallback available.
RecoveringCommand short-circuited and no fallback available.
RecoveringCommand short-circuited and no fallback available.
RecoveringCommand short-circuited and no fallback available.
RecoveringCommand short-circuited and no fallback available.
RecoveringCommand short-circuited and no fallback available.
RecoveringCommand short-circuited and no fallback available.
RecoveringCommand short-circuited and no fallback available.
RecoveringCommand short-circuited and no fallback available.
RecoveringCommand short-circuited and no fallback available.
RecoveringCommand short-circuited and no fallback available.
RecoveringCommand short-circuited and no fallback available.
RecoveringCommand short-circuited and no fallback available.
RecoveringCommand short-circuited and no fallback available.
RecoveringCommand short-circuited and no fallback available.
RecoveringCommand short-circuited and no fallback available.
RecoveringCommand short-circuited and no fallback available.
RecoveringCommand short-circuited and no fallback available.
RecoveringCommand short-circuited and no fallback available.
RecoveringCommand short-circuited and no fallback available.
RecoveringCommand short-circuited and no fallback available.
RecoveringCommand short-circuited and no fallback available.
RecoveringCommand short-circuited and no fallback available.
RecoveringCommand short-circuited and no fallback available.
RecoveringCommand short-circuited and no fallback available.
RecoveringCommand short-circuited and no fallback available.
RecoveringCommand short-circuited and no fallback available.
RecoveringCommand short-circuited and no fallback available.
RecoveringCommand short-circuited and no fallback available.
RecoveringCommand short-circuited and no fallback available.
RecoveringCommand short-circuited and no fallback available.
RecoveringCommand short-circuited and no fallback available.
RecoveringCommand short-circuited and no fallback available.
RecoveringCommand short-circuited and no fallback available.
RecoveringCommand short-circuited and no fallback available.
RecoveringCommand short-circuited and no fallback available.
RecoveringCommand short-circuited and no fallback available.
RecoveringCommand short-circuited and no fallback available.
RecoveringCommand short-circuited and no fallback available.
RecoveringCommand short-circuited and no fallback available.
RecoveringCommand short-circuited and no fallback available.
RecoveringCommand short-circuited and no fallback available.
RecoveringCommand short-circuited and no fallback available.
RecoveringCommand short-circuited and no fallback available.
RecoveringCommand short-circuited and no fallback available.
RecoveringCommand short-circuited and no fallback available.
RecoveringCommand short-circuited and no fallback available.
RecoveringCommand short-circuited and no fallback available.
RecoveringCommand short-circuited and no fallback available.
RecoveringCommand short-circuited and no fallback available.
RecoveringCommand short-circuited and no fallback available.
RecoveringCommand short-circuited and no fallback available.
RecoveringCommand short-circuited and no fallback available.
RecoveringCommand short-circuited and no fallback available.
RecoveringCommand short-circuited and no fallback available.
RecoveringCommand short-circuited and no fallback available.
RecoveringCommand short-circuited and no fallback available.
RecoveringCommand short-circuited and no fallback available.
RecoveringCommand short-circuited and no fallback available.
RecoveringCommand short-circuited and no fallback available.
RecoveringCommand short-circuited and no fallback available.
RecoveringCommand short-circuited and no fallback available.
RecoveringCommand short-circuited and no fallback available.
RecoveringCommand short-circuited and no fallback available.
RecoveringCommand short-circuited and no fallback available.
RecoveringCommand short-circuited and no fallback available.
RecoveringCommand short-circuited and no fallback available.
RecoveringCommand short-circuited and no fallback available.
RecoveringCommand short-circuited and no fallback available.
RecoveringCommand short-circuited and no fallback available.
RecoveringCommand short-circuited and no fallback available.
RecoveringCommand short-circuited and no fallback available.
RecoveringCommand short-circuited and no fallback available.
RecoveringCommand short-circuited and no fallback available.
RecoveringCommand short-circuited and no fallback available.
RecoveringCommand short-circuited and no fallback available.
RecoveringCommand short-circuited and no fallback available.
RecoveringCommand short-circuited and no fallback available.
RecoveringCommand short-circuited and no fallback available.
RecoveringCommand short-circuited and no fallback available.
RecoveringCommand short-circuited and no fallback available.
RecoveringCommand short-circuited and no fallback available.
RecoveringCommand short-circuited and no fallback available.
RecoveringCommand short-circuited and no fallback available.
RecoveringCommand short-circuited and no fallback available.
RecoveringCommand short-circuited and no fallback available.
RecoveringCommand short-circuited and no fallback available.
RecoveringCommand short-circuited and no fallback available.
RecoveringCommand short-circuited and no fallback available.
RecoveringCommand short-circuited and no fallback available.
RecoveringCommand short-circuited and no fallback available.
RecoveringCommand short-circuited and no fallback available.
RecoveringCommand short-circuited and no fallback available.
RecoveringCommand short-circuited and no fallback available.
RecoveringCommand short-circuited and no fallback available.
RecoveringCommand short-circuited and no fallback available.
RecoveringCommand short-circuited and no fallback available.
RecoveringCommand short-circuited and no fallback available.
RecoveringCommand short-circuited and no fallback available.
RecoveringCommand short-circuited and no fallback available.
RecoveringCommand short-circuited and no fallback available.
RecoveringCommand short-circuited and no fallback available.
RecoveringCommand short-circuited and no fallback available.
RecoveringCommand short-circuited and no fallback available.
RecoveringCommand short-circuited and no fallback available.
RecoveringCommand short-circuited and no fallback available.
RecoveringCommand short-circuited and no fallback available.
RecoveringCommand short-circuited and no fallback available.
RecoveringCommand short-circuited and no fallback available.
RecoveringCommand short-circuited and no fallback available.
RecoveringCommand short-circuited and no fallback available.
RecoveringCommand short-circuited and no fallback available.
RecoveringCommand short-circuited and no fallback available.
RecoveringCommand short-circuited and no fallback available.
RecoveringCommand short-circuited and no fallback available.
RecoveringCommand short-circuited and no fallback available.
RecoveringCommand short-circuited and no fallback available.
RecoveringCommand short-circuited and no fallback available.
RecoveringCommand short-circuited and no fallback available.
RecoveringCommand short-circuited and no fallback available.
RecoveringCommand short-circuited and no fallback available.
RecoveringCommand short-circuited and no fallback available.
RecoveringCommand short-circuited and no fallback available.
RecoveringCommand short-circuited and no fallback available.
RecoveringCommand short-circuited and no fallback available.
RecoveringCommand short-circuited and no fallback available.
RecoveringCommand short-circuited and no fallback available.
RecoveringCommand short-circuited and no fallback available.
RecoveringCommand short-circuited and no fallback available.
RecoveringCommand short-circuited and no fallback available.
RecoveringCommand short-circuited and no fallback available.
RecoveringCommand short-circuited and no fallback available.
RecoveringCommand short-circuited and no fallback available.
RecoveringCommand short-circuited and no fallback available.
RecoveringCommand short-circuited and no fallback available.
RecoveringCommand short-circuited and no fallback available.
RecoveringCommand short-circuited and no fallback available.
RecoveringCommand short-circuited and no fallback available.
RecoveringCommand short-circuited and no fallback available.
RecoveringCommand short-circuited and no fallback available.
RecoveringCommand short-circuited and no fallback available.
RecoveringCommand short-circuited and no fallback available.
RecoveringCommand short-circuited and no fallback available.
RecoveringCommand short-circuited and no fallback available.
RecoveringCommand short-circuited and no fallback available.
RecoveringCommand short-circuited and no fallback available.
RecoveringCommand short-circuited and no fallback available.
RecoveringCommand short-circuited and no fallback available.
RecoveringCommand short-circuited and no fallback available.
RecoveringCommand short-circuited and no fallback available.
RecoveringCommand short-circuited and no fallback available.
RecoveringCommand short-circuited and no fallback available.
RecoveringCommand short-circuited and no fallback available.
RecoveringCommand short-circuited and no fallback available.
RecoveringCommand short-circuited and no fallback available.
RecoveringCommand short-circuited and no fallback available.
RecoveringCommand short-circuited and no fallback available.
RecoveringCommand short-circuited and no fallback available.
RecoveringCommand short-circuited and no fallback available.
RecoveringCommand short-circuited and no fallback available.
RecoveringCommand short-circuited and no fallback available.
RecoveringCommand short-circuited and no fallback available.
RecoveringCommand short-circuited and no fallback available.
RecoveringCommand short-circuited and no fallback available.
RecoveringCommand short-circuited and no fallback available.
RecoveringCommand short-circuited and no fallback available.
RecoveringCommand short-circuited and no fallback available.
RecoveringCommand short-circuited and no fallback available.
RecoveringCommand short-circuited and no fallback available.
RecoveringCommand short-circuited and no fallback available.
RecoveringCommand short-circuited and no fallback available.
RecoveringCommand short-circuited and no fallback available.
RecoveringCommand short-circuited and no fallback available.
RecoveringCommand short-circuited and no fallback available.
RecoveringCommand short-circuited and no fallback available.
RecoveringCommand short-circuited and no fallback available.
RecoveringCommand short-circuited and no fallback available.
RecoveringCommand short-circuited and no fallback available.
RecoveringCommand short-circuited and no fallback available.
RecoveringCommand short-circuited and no fallback available.
RecoveringCommand short-circuited and no fallback available.
RecoveringCommand short-circuited and no fallback available.
RecoveringCommand short-circuited and no fallback available.
RecoveringCommand short-circuited and no fallback available.
RecoveringCommand short-circuited and no fallback available.
RecoveringCommand short-circuited and no fallback available.
RecoveringCommand short-circuited and no fallback available.
RecoveringCommand short-circuited and no fallback available.
RecoveringCommand short-circuited and no fallback available.
RecoveringCommand short-circuited and no fallback available.
RecoveringCommand short-circuited and no fallback available.
RecoveringCommand short-circuited and no fallback available.
RecoveringCommand short-circuited and no fallback available.
RecoveringCommand short-circuited and no fallback available.
RecoveringCommand short-circuited and no fallback available.
RecoveringCommand short-circuited and no fallback available.
RecoveringCommand short-circuited and no fallback available.
RecoveringCommand short-circuited and no fallback available.
RecoveringCommand short-circuited and no fallback available.
RecoveringCommand short-circuited and no fallback available.
RecoveringCommand short-circuited and no fallback available.
RecoveringCommand short-circuited and no fallback available.
RecoveringCommand short-circuited and no fallback available.
RecoveringCommand short-circuited and no fallback available.
RecoveringCommand short-circuited and no fallback available.
RecoveringCommand short-circuited and no fallback available.
RecoveringCommand short-circuited and no fallback available.
RecoveringCommand short-circuited and no fallback available.
RecoveringCommand short-circuited and no fallback available.
RecoveringCommand short-circuited and no fallback available.
RecoveringCommand short-circuited and no fallback available.
RecoveringCommand short-circuited and no fallback available.
RecoveringCommand short-circuited and no fallback available.
RecoveringCommand short-circuited and no fallback available.
RecoveringCommand short-circuited and no fallback available.
RecoveringCommand short-circuited and no fallback available.
RecoveringCommand short-circuited and no fallback available.
RecoveringCommand short-circuited and no fallback available.
RecoveringCommand short-circuited and no fallback available.
RecoveringCommand short-circuited and no fallback available.
RecoveringCommand short-circuited and no fallback available.
RecoveringCommand short-circuited and no fallback available.
RecoveringCommand short-circuited and no fallback available.
RecoveringCommand short-circuited and no fallback available.
RecoveringCommand short-circuited and no fallback available.
RecoveringCommand short-circuited and no fallback available.
RecoveringCommand short-circuited and no fallback available.
RecoveringCommand short-circuited and no fallback available.
RecoveringCommand short-circuited and no fallback available.
RecoveringCommand short-circuited and no fallback available.
RecoveringCommand short-circuited and no fallback available.
RecoveringCommand short-circuited and no fallback available.
RecoveringCommand short-circuited and no fallback available.
RecoveringCommand short-circuited and no fallback available.
RecoveringCommand short-circuited and no fallback available.
RecoveringCommand short-circuited and no fallback available.
RecoveringCommand short-circuited and no fallback available.
RecoveringCommand short-circuited and no fallback available.
RecoveringCommand short-circuited and no fallback available.
RecoveringCommand short-circuited and no fallback available.
RecoveringCommand short-circuited and no fallback available.
RecoveringCommand short-circuited and no fallback available.
RecoveringCommand short-circuited and no fallback available.
RecoveringCommand short-circuited and no fallback available.
RecoveringCommand short-circuited and no fallback available.
RecoveringCommand short-circuited and no fallback available.
RecoveringCommand short-circuited and no fallback available.
RecoveringCommand short-circuited and no fallback available.
RecoveringCommand short-circuited and no fallback available.
RecoveringCommand short-circuited and no fallback available.
RecoveringCommand short-circuited and no fallback available.
RecoveringCommand short-circuited and no fallback available.
RecoveringCommand short-circuited and no fallback available.
RecoveringCommand short-circuited and no fallback available.
RecoveringCommand short-circuited and no fallback available.
RecoveringCommand short-circuited and no fallback available.
RecoveringCommand short-circuited and no fallback available.
RecoveringCommand short-circuited and no fallback available.
RecoveringCommand short-circuited and no fallback available.
RecoveringCommand short-circuited and no fallback available.
RecoveringCommand short-circuited and no fallback available.
RecoveringCommand short-circuited and no fallback available.
RecoveringCommand short-circuited and no fallback available.
RecoveringCommand short-circuited and no fallback available.
RecoveringCommand short-circuited and no fallback available.
RecoveringCommand short-circuited and no fallback available.
RecoveringCommand short-circuited and no fallback available.
RecoveringCommand short-circuited and no fallback available.
RecoveringCommand short-circuited and no fallback available.
RecoveringCommand short-circuited and no fallback available.
RecoveringCommand short-circuited and no fallback available.
RecoveringCommand short-circuited and no fallback available.
RecoveringCommand short-circuited and no fallback available.
RecoveringCommand short-circuited and no fallback available.
RecoveringCommand short-circuited and no fallback available.
RecoveringCommand short-circuited and no fallback available.
RecoveringCommand short-circuited and no fallback available.
RecoveringCommand short-circuited and no fallback available.
RecoveringCommand short-circuited and no fallback available.
RecoveringCommand short-circuited and no fallback available.
RecoveringCommand short-circuited and no fallback available.
RecoveringCommand short-circuited and no fallback available.
RecoveringCommand short-circuited and no fallback available.
RecoveringCommand short-circuited and no fallback available.
RecoveringCommand short-circuited and no fallback available.
RecoveringCommand short-circuited and no fallback available.
RecoveringCommand short-circuited and no fallback available.
RecoveringCommand short-circuited and no fallback available.
RecoveringCommand short-circuited and no fallback available.
RecoveringCommand short-circuited and no fallback available.
RecoveringCommand short-circuited and no fallback available.
RecoveringCommand short-circuited and no fallback available.
RecoveringCommand short-circuited and no fallback available.
RecoveringCommand short-circuited and no fallback available.
RecoveringCommand short-circuited and no fallback available.
RecoveringCommand short-circuited and no fallback available.
RecoveringCommand short-circuited and no fallback available.
RecoveringCommand short-circuited and no fallback available.
RecoveringCommand short-circuited and no fallback available.
RecoveringCommand short-circuited and no fallback available.
RecoveringCommand short-circuited and no fallback available.
RecoveringCommand short-circuited and no fallback available.
RecoveringCommand short-circuited and no fallback available.
RecoveringCommand short-circuited and no fallback available.
RecoveringCommand short-circuited and no fallback available.
RecoveringCommand short-circuited and no fallback available.
RecoveringCommand short-circuited and no fallback available.
RecoveringCommand short-circuited and no fallback available.
RecoveringCommand short-circuited and no fallback available.
RecoveringCommand short-circuited and no fallback available.
RecoveringCommand short-circuited and no fallback available.
RecoveringCommand short-circuited and no fallback available.
RecoveringCommand short-circuited and no fallback available.
RecoveringCommand short-circuited and no fallback available.
RecoveringCommand short-circuited and no fallback available.
RecoveringCommand short-circuited and no fallback available.
RecoveringCommand short-circuited and no fallback available.
RecoveringCommand short-circuited and no fallback available.
RecoveringCommand short-circuited and no fallback available.
RecoveringCommand short-circuited and no fallback available.
RecoveringCommand short-circuited and no fallback available.
RecoveringCommand short-circuited and no fallback available.
RecoveringCommand short-circuited and no fallback available.
RecoveringCommand short-circuited and no fallback available.
RecoveringCommand short-circuited and no fallback available.
RecoveringCommand short-circuited and no fallback available.
RecoveringCommand short-circuited and no fallback available.
RecoveringCommand short-circuited and no fallback available.
RecoveringCommand short-circuited and no fallback available.
RecoveringCommand short-circuited and no fallback available.
RecoveringCommand short-circuited and no fallback available.
RecoveringCommand short-circuited and no fallback available.
RecoveringCommand short-circuited and no fallback available.
RecoveringCommand short-circuited and no fallback available.
RecoveringCommand short-circuited and no fallback available.
RecoveringCommand short-circuited and no fallback available.
RecoveringCommand short-circuited and no fallback available.
RecoveringCommand short-circuited and no fallback available.
RecoveringCommand short-circuited and no fallback available.
RecoveringCommand short-circuited and no fallback available.
RecoveringCommand short-circuited and no fallback available.
RecoveringCommand short-circuited and no fallback available.
RecoveringCommand short-circuited and no fallback available.
RecoveringCommand short-circuited and no fallback available.
RecoveringCommand short-circuited and no fallback available.
RecoveringCommand short-circuited and no fallback available.
RecoveringCommand short-circuited and no fallback available.
RecoveringCommand short-circuited and no fallback available.
RecoveringCommand short-circuited and no fallback available.
RecoveringCommand short-circuited and no fallback available.
RecoveringCommand short-circuited and no fallback available.
RecoveringCommand short-circuited and no fallback available.
RecoveringCommand short-circuited and no fallback available.
RecoveringCommand short-circuited and no fallback available.
RecoveringCommand short-circuited and no fallback available.
RecoveringCommand short-circuited and no fallback available.
RecoveringCommand short-circuited and no fallback available.
RecoveringCommand short-circuited and no fallback available.
RecoveringCommand short-circuited and no fallback available.
RecoveringCommand short-circuited and no fallback available.
RecoveringCommand short-circuited and no fallback available.
RecoveringCommand short-circuited and no fallback available.
RecoveringCommand short-circuited and no fallback available.
RecoveringCommand short-circuited and no fallback available.
RecoveringCommand short-circuited and no fallback available.
RecoveringCommand short-circuited and no fallback available.
RecoveringCommand short-circuited and no fallback available.
RecoveringCommand short-circuited and no fallback available.
RecoveringCommand short-circuited and no fallback available.
RecoveringCommand short-circuited and no fallback available.
RecoveringCommand short-circuited and no fallback available.
RecoveringCommand short-circuited and no fallback available.
RecoveringCommand short-circuited and no fallback available.
RecoveringCommand short-circuited and no fallback available.
RecoveringCommand short-circuited and no fallback available.
RecoveringCommand short-circuited and no fallback available.
RecoveringCommand short-circuited and no fallback available.
RecoveringCommand short-circuited and no fallback available.
RecoveringCommand short-circuited and no fallback available.
RecoveringCommand short-circuited and no fallback available.
RecoveringCommand short-circuited and no fallback available.
RecoveringCommand short-circuited and no fallback available.
RecoveringCommand short-circuited and no fallback available.
RecoveringCommand short-circuited and no fallback available.
RecoveringCommand short-circuited and no fallback available.
RecoveringCommand short-circuited and no fallback available.
RecoveringCommand short-circuited and no fallback available.
RecoveringCommand short-circuited and no fallback available.
RecoveringCommand short-circuited and no fallback available.
RecoveringCommand short-circuited and no fallback available.
RecoveringCommand short-circuited and no fallback available.
RecoveringCommand short-circuited and no fallback available.
RecoveringCommand short-circuited and no fallback available.
RecoveringCommand short-circuited and no fallback available.
RecoveringCommand short-circuited and no fallback available.
RecoveringCommand short-circuited and no fallback available.
RecoveringCommand short-circuited and no fallback available.
RecoveringCommand short-circuited and no fallback available.
RecoveringCommand short-circuited and no fallback available.
RecoveringCommand short-circuited and no fallback available.
RecoveringCommand short-circuited and no fallback available.
RecoveringCommand short-circuited and no fallback available.
RecoveringCommand short-circuited and no fallback available.
RecoveringCommand short-circuited and no fallback available.
RecoveringCommand short-circuited and no fallback available.
RecoveringCommand short-circuited and no fallback available.
RecoveringCommand short-circuited and no fallback available.
RecoveringCommand short-circuited and no fallback available.
RecoveringCommand short-circuited and no fallback available.
RecoveringCommand short-circuited and no fallback available.
RecoveringCommand short-circuited and no fallback available.
RecoveringCommand short-circuited and no fallback available.
RecoveringCommand short-circuited and no fallback available.
RecoveringCommand short-circuited and no fallback available.
RecoveringCommand short-circuited and no fallback available.
RecoveringCommand short-circuited and no fallback available.
RecoveringCommand short-circuited and no fallback available.
RecoveringCommand short-circuited and no fallback available.
RecoveringCommand short-circuited and no fallback available.
RecoveringCommand short-circuited and no fallback available.
RecoveringCommand short-circuited and no fallback available.
RecoveringCommand short-circuited and no fallback available.
RecoveringCommand short-circuited and no fallback available.
RecoveringCommand short-circuited and no fallback available.
RecoveringCommand short-circuited and no fallback available.
RecoveringCommand short-circuited and no fallback available.
RecoveringCommand short-circuited and no fallback available.
RecoveringCommand short-circuited and no fallback available.
RecoveringCommand short-circuited and no fallback available.
RecoveringCommand short-circuited and no fallback available.
RecoveringCommand short-circuited and no fallback available.
RecoveringCommand short-circuited and no fallback available.
RecoveringCommand short-circuited and no fallback available.
RecoveringCommand short-circuited and no fallback available.
RecoveringCommand short-circuited and no fallback available.
RecoveringCommand short-circuited and no fallback available.
RecoveringCommand short-circuited and no fallback available.
RecoveringCommand short-circuited and no fallback available.
RecoveringCommand short-circuited and no fallback available.
RecoveringCommand short-circuited and no fallback available.
RecoveringCommand short-circuited and no fallback available.
RecoveringCommand short-circuited and no fallback available.
RecoveringCommand short-circuited and no fallback available.
RecoveringCommand short-circuited and no fallback available.
RecoveringCommand short-circuited and no fallback available.
RecoveringCommand short-circuited and no fallback available.
RecoveringCommand short-circuited and no fallback available.
RecoveringCommand short-circuited and no fallback available.
RecoveringCommand short-circuited and no fallback available.
RecoveringCommand short-circuited and no fallback available.
RecoveringCommand short-circuited and no fallback available.
RecoveringCommand short-circuited and no fallback available.
RecoveringCommand short-circuited and no fallback available.
RecoveringCommand short-circuited and no fallback available.
RecoveringCommand short-circuited and no fallback available.
RecoveringCommand short-circuited and no fallback available.
RecoveringCommand short-circuited and no fallback available.
RecoveringCommand short-circuited and no fallback available.
RecoveringCommand short-circuited and no fallback available.
RecoveringCommand short-circuited and no fallback available.
RecoveringCommand short-circuited and no fallback available.
RecoveringCommand short-circuited and no fallback available.
RecoveringCommand short-circuited and no fallback available.
RecoveringCommand short-circuited and no fallback available.
RecoveringCommand short-circuited and no fallback available.
RecoveringCommand short-circuited and no fallback available.
RecoveringCommand short-circuited and no fallback available.
RecoveringCommand short-circuited and no fallback available.
RecoveringCommand short-circuited and no fallback available.
RecoveringCommand short-circuited and no fallback available.
RecoveringCommand short-circuited and no fallback available.
RecoveringCommand short-circuited and no fallback available.
RecoveringCommand short-circuited and no fallback available.
RecoveringCommand short-circuited and no fallback available.
RecoveringCommand short-circuited and no fallback available.
RecoveringCommand short-circuited and no fallback available.
RecoveringCommand short-circuited and no fallback available.
RecoveringCommand short-circuited and no fallback available.
RecoveringCommand short-circuited and no fallback available.
RecoveringCommand short-circuited and no fallback available.
RecoveringCommand short-circuited and no fallback available.
RecoveringCommand short-circuited and no fallback available.
RecoveringCommand short-circuited and no fallback available.
RecoveringCommand short-circuited and no fallback available.
RecoveringCommand short-circuited and no fallback available.
RecoveringCommand short-circuited and no fallback available.
RecoveringCommand short-circuited and no fallback available.
RecoveringCommand short-circuited and no fallback available.
RecoveringCommand short-circuited and no fallback available.
RecoveringCommand short-circuited and no fallback available.
RecoveringCommand short-circuited and no fallback available.
RecoveringCommand short-circuited and no fallback available.
RecoveringCommand short-circuited and no fallback available.
RecoveringCommand short-circuited and no fallback available.
RecoveringCommand short-circuited and no fallback available.
RecoveringCommand short-circuited and no fallback available.
RecoveringCommand short-circuited and no fallback available.
RecoveringCommand short-circuited and no fallback available.
RecoveringCommand short-circuited and no fallback available.
RecoveringCommand short-circuited and no fallback available.
RecoveringCommand short-circuited and no fallback available.
RecoveringCommand short-circuited and no fallback available.
RecoveringCommand short-circuited and no fallback available.
RecoveringCommand short-circuited and no fallback available.
RecoveringCommand short-circuited and no fallback available.
RecoveringCommand short-circuited and no fallback available.
RecoveringCommand short-circuited and no fallback available.
RecoveringCommand short-circuited and no fallback available.
RecoveringCommand short-circuited and no fallback available.
RecoveringCommand short-circuited and no fallback available.
RecoveringCommand short-circuited and no fallback available.
RecoveringCommand short-circuited and no fallback available.
RecoveringCommand short-circuited and no fallback available.
RecoveringCommand short-circuited and no fallback available.
RecoveringCommand short-circuited and no fallback available.
RecoveringCommand short-circuited and no fallback available.
RecoveringCommand short-circuited and no fallback available.
RecoveringCommand short-circuited and no fallback available.
RecoveringCommand short-circuited and no fallback available.
RecoveringCommand short-circuited and no fallback available.
RecoveringCommand short-circuited and no fallback available.
RecoveringCommand short-circuited and no fallback available.
RecoveringCommand short-circuited and no fallback available.
RecoveringCommand short-circuited and no fallback available.
RecoveringCommand short-circuited and no fallback available.
RecoveringCommand short-circuited and no fallback available.
RecoveringCommand short-circuited and no fallback available.
RecoveringCommand short-circuited and no fallback available.
RecoveringCommand short-circuited and no fallback available.
RecoveringCommand short-circuited and no fallback available.
RecoveringCommand short-circuited and no fallback available.
RecoveringCommand short-circuited and no fallback available.
RecoveringCommand short-circuited and no fallback available.
RecoveringCommand short-circuited and no fallback available.
RecoveringCommand short-circuited and no fallback available.
RecoveringCommand short-circuited and no fallback available.
RecoveringCommand short-circuited and no fallback available.
RecoveringCommand short-circuited and no fallback available.
RecoveringCommand short-circuited and no fallback available.
RecoveringCommand short-circuited and no fallback available.
RecoveringCommand short-circuited and no fallback available.
RecoveringCommand short-circuited and no fallback available.
RecoveringCommand short-circuited and no fallback available.
RecoveringCommand short-circuited and no fallback available.
RecoveringCommand short-circuited and no fallback available.
RecoveringCommand short-circuited and no fallback available.
RecoveringCommand short-circuited and no fallback available.
RecoveringCommand short-circuited and no fallback available.
RecoveringCommand short-circuited and no fallback available.
RecoveringCommand short-circuited and no fallback available.
RecoveringCommand short-circuited and no fallback available.
RecoveringCommand short-circuited and no fallback available.
RecoveringCommand short-circuited and no fallback available.
RecoveringCommand short-circuited and no fallback available.
RecoveringCommand short-circuited and no fallback available.
RecoveringCommand short-circuited and no fallback available.
RecoveringCommand short-circuited and no fallback available.
RecoveringCommand short-circuited and no fallback available.
RecoveringCommand short-circuited and no fallback available.
RecoveringCommand short-circuited and no fallback available.
RecoveringCommand short-circuited and no fallback available.
RecoveringCommand short-circuited and no fallback available.
RecoveringCommand short-circuited and no fallback available.
RecoveringCommand short-circuited and no fallback available.
RecoveringCommand short-circuited and no fallback available.
RecoveringCommand short-circuited and no fallback available.
RecoveringCommand short-circuited and no fallback available.
RecoveringCommand short-circuited and no fallback available.
RecoveringCommand short-circuited and no fallback available.
RecoveringCommand short-circuited and no fallback available.
RecoveringCommand short-circuited and no fallback available.
RecoveringCommand short-circuited and no fallback available.
RecoveringCommand short-circuited and no fallback available.
RecoveringCommand short-circuited and no fallback available.
RecoveringCommand short-circuited and no fallback available.
RecoveringCommand short-circuited and no fallback available.
RecoveringCommand short-circuited and no fallback available.
RecoveringCommand short-circuited and no fallback available.
RecoveringCommand failed and no fallback available.
RecoveringCommand short-circuited and no fallback available.
RecoveringCommand short-circuited and no fallback available.
RecoveringCommand short-circuited and no fallback available.
RecoveringCommand short-circuited and no fallback available.
RecoveringCommand short-circuited and no fallback available.
RecoveringCommand short-circuited and no fallback available.
RecoveringCommand short-circuited and no fallback available.
RecoveringCommand short-circuited and no fallback available.
RecoveringCommand short-circuited and no fallback available.
RecoveringCommand short-circuited and no fallback available.
RecoveringCommand short-circuited and no fallback available.
RecoveringCommand short-circuited and no fallback available.
RecoveringCommand short-circuited and no fallback available.
RecoveringCommand short-circuited and no fallback available.
RecoveringCommand short-circuited and no fallback available.
RecoveringCommand short-circuited and no fallback available.
RecoveringCommand short-circuited and no fallback available.
RecoveringCommand short-circuited and no fallback available.
RecoveringCommand short-circuited and no fallback available.
RecoveringCommand short-circuited and no fallback available.
RecoveringCommand short-circuited and no fallback available.
RecoveringCommand short-circuited and no fallback available.
RecoveringCommand short-circuited and no fallback available.
RecoveringCommand short-circuited and no fallback available.
RecoveringCommand short-circuited and no fallback available.
RecoveringCommand short-circuited and no fallback available.
RecoveringCommand short-circuited and no fallback available.
RecoveringCommand short-circuited and no fallback available.
RecoveringCommand short-circuited and no fallback available.
RecoveringCommand short-circuited and no fallback available.
RecoveringCommand short-circuited and no fallback available.
RecoveringCommand short-circuited and no fallback available.
RecoveringCommand short-circuited and no fallback available.
RecoveringCommand short-circuited and no fallback available.
RecoveringCommand short-circuited and no fallback available.
RecoveringCommand short-circuited and no fallback available.
RecoveringCommand short-circuited and no fallback available.
RecoveringCommand short-circuited and no fallback available.
RecoveringCommand short-circuited and no fallback available.
RecoveringCommand short-circuited and no fallback available.
RecoveringCommand short-circuited and no fallback available.
RecoveringCommand short-circuited and no fallback available.
RecoveringCommand short-circuited and no fallback available.
RecoveringCommand short-circuited and no fallback available.
RecoveringCommand short-circuited and no fallback available.
RecoveringCommand short-circuited and no fallback available.
RecoveringCommand short-circuited and no fallback available.
RecoveringCommand short-circuited and no fallback available.
RecoveringCommand short-circuited and no fallback available.
RecoveringCommand short-circuited and no fallback available.
RecoveringCommand short-circuited and no fallback available.
RecoveringCommand short-circuited and no fallback available.
RecoveringCommand short-circuited and no fallback available.
RecoveringCommand short-circuited and no fallback available.
RecoveringCommand short-circuited and no fallback available.
RecoveringCommand short-circuited and no fallback available.
RecoveringCommand short-circuited and no fallback available.
RecoveringCommand short-circuited and no fallback available.
RecoveringCommand short-circuited and no fallback available.
RecoveringCommand short-circuited and no fallback available.
RecoveringCommand short-circuited and no fallback available.
RecoveringCommand short-circuited and no fallback available.
RecoveringCommand short-circuited and no fallback available.
RecoveringCommand short-circuited and no fallback available.
RecoveringCommand short-circuited and no fallback available.
RecoveringCommand short-circuited and no fallback available.
RecoveringCommand short-circuited and no fallback available.
RecoveringCommand short-circuited and no fallback available.
RecoveringCommand short-circuited and no fallback available.
RecoveringCommand short-circuited and no fallback available.
RecoveringCommand short-circuited and no fallback available.
RecoveringCommand short-circuited and no fallback available.
RecoveringCommand short-circuited and no fallback available.
RecoveringCommand short-circuited and no fallback available.
RecoveringCommand short-circuited and no fallback available.
RecoveringCommand short-circuited and no fallback available.
RecoveringCommand short-circuited and no fallback available.
RecoveringCommand short-circuited and no fallback available.
RecoveringCommand short-circuited and no fallback available.
RecoveringCommand short-circuited and no fallback available.
RecoveringCommand short-circuited and no fallback available.
RecoveringCommand short-circuited and no fallback available.
RecoveringCommand short-circuited and no fallback available.
RecoveringCommand short-circuited and no fallback available.
RecoveringCommand short-circuited and no fallback available.
RecoveringCommand short-circuited and no fallback available.
RecoveringCommand short-circuited and no fallback available.
RecoveringCommand short-circuited and no fallback available.
RecoveringCommand short-circuited and no fallback available.
RecoveringCommand short-circuited and no fallback available.
RecoveringCommand short-circuited and no fallback available.
RecoveringCommand short-circuited and no fallback available.
RecoveringCommand short-circuited and no fallback available.
RecoveringCommand short-circuited and no fallback available.
RecoveringCommand short-circuited and no fallback available.
RecoveringCommand short-circuited and no fallback available.
RecoveringCommand short-circuited and no fallback available.
RecoveringCommand short-circuited and no fallback available.
RecoveringCommand short-circuited and no fallback available.
RecoveringCommand short-circuited and no fallback available.
RecoveringCommand short-circuited and no fallback available.
RecoveringCommand short-circuited and no fallback available.
RecoveringCommand short-circuited and no fallback available.
RecoveringCommand short-circuited and no fallback available.
RecoveringCommand short-circuited and no fallback available.
RecoveringCommand short-circuited and no fallback available.
RecoveringCommand short-circuited and no fallback available.
RecoveringCommand short-circuited and no fallback available.
RecoveringCommand short-circuited and no fallback available.
RecoveringCommand short-circuited and no fallback available.
RecoveringCommand short-circuited and no fallback available.
RecoveringCommand short-circuited and no fallback available.
RecoveringCommand short-circuited and no fallback available.
RecoveringCommand short-circuited and no fallback available.
RecoveringCommand short-circuited and no fallback available.
RecoveringCommand short-circuited and no fallback available.
RecoveringCommand short-circuited and no fallback available.
RecoveringCommand short-circuited and no fallback available.
RecoveringCommand short-circuited and no fallback available.
RecoveringCommand short-circuited and no fallback available.
RecoveringCommand short-circuited and no fallback available.
RecoveringCommand short-circuited and no fallback available.
RecoveringCommand short-circuited and no fallback available.
RecoveringCommand short-circuited and no fallback available.
RecoveringCommand short-circuited and no fallback available.
RecoveringCommand short-circuited and no fallback available.
RecoveringCommand short-circuited and no fallback available.
RecoveringCommand short-circuited and no fallback available.
RecoveringCommand short-circuited and no fallback available.
RecoveringCommand short-circuited and no fallback available.
RecoveringCommand short-circuited and no fallback available.
RecoveringCommand short-circuited and no fallback available.
RecoveringCommand short-circuited and no fallback available.
RecoveringCommand short-circuited and no fallback available.
RecoveringCommand short-circuited and no fallback available.
RecoveringCommand short-circuited and no fallback available.
RecoveringCommand short-circuited and no fallback available.
RecoveringCommand short-circuited and no fallback available.
RecoveringCommand short-circuited and no fallback available.
RecoveringCommand short-circuited and no fallback available.
RecoveringCommand short-circuited and no fallback available.
RecoveringCommand short-circuited and no fallback available.
RecoveringCommand short-circuited and no fallback available.
RecoveringCommand short-circuited and no fallback available.
RecoveringCommand short-circuited and no fallback available.
RecoveringCommand short-circuited and no fallback available.
RecoveringCommand short-circuited and no fallback available.
RecoveringCommand short-circuited and no fallback available.
RecoveringCommand short-circuited and no fallback available.
RecoveringCommand short-circuited and no fallback available.
RecoveringCommand short-circuited and no fallback available.
RecoveringCommand short-circuited and no fallback available.
RecoveringCommand short-circuited and no fallback available.
RecoveringCommand short-circuited and no fallback available.
RecoveringCommand short-circuited and no fallback available.
RecoveringCommand short-circuited and no fallback available.
RecoveringCommand short-circuited and no fallback available.
RecoveringCommand short-circuited and no fallback available.
RecoveringCommand short-circuited and no fallback available.
RecoveringCommand short-circuited and no fallback available.
RecoveringCommand short-circuited and no fallback available.
RecoveringCommand short-circuited and no fallback available.
RecoveringCommand short-circuited and no fallback available.
RecoveringCommand short-circuited and no fallback available.
RecoveringCommand short-circuited and no fallback available.
RecoveringCommand short-circuited and no fallback available.
RecoveringCommand short-circuited and no fallback available.
RecoveringCommand short-circuited and no fallback available.
RecoveringCommand short-circuited and no fallback available.
RecoveringCommand short-circuited and no fallback available.
RecoveringCommand short-circuited and no fallback available.
RecoveringCommand short-circuited and no fallback available.
RecoveringCommand short-circuited and no fallback available.
RecoveringCommand short-circuited and no fallback available.
RecoveringCommand short-circuited and no fallback available.
RecoveringCommand short-circuited and no fallback available.
RecoveringCommand short-circuited and no fallback available.
RecoveringCommand short-circuited and no fallback available.
RecoveringCommand short-circuited and no fallback available.
RecoveringCommand short-circuited and no fallback available.
RecoveringCommand short-circuited and no fallback available.
RecoveringCommand short-circuited and no fallback available.
RecoveringCommand short-circuited and no fallback available.
RecoveringCommand short-circuited and no fallback available.
RecoveringCommand short-circuited and no fallback available.
RecoveringCommand short-circuited and no fallback available.
RecoveringCommand short-circuited and no fallback available.
RecoveringCommand short-circuited and no fallback available.
RecoveringCommand short-circuited and no fallback available.
RecoveringCommand short-circuited and no fallback available.
RecoveringCommand short-circuited and no fallback available.
RecoveringCommand short-circuited and no fallback available.
RecoveringCommand short-circuited and no fallback available.
RecoveringCommand short-circuited and no fallback available.
RecoveringCommand short-circuited and no fallback available.
RecoveringCommand short-circuited and no fallback available.
RecoveringCommand short-circuited and no fallback available.
RecoveringCommand short-circuited and no fallback available.
RecoveringCommand short-circuited and no fallback available.
RecoveringCommand short-circuited and no fallback available.
RecoveringCommand short-circuited and no fallback available.
RecoveringCommand short-circuited and no fallback available.
RecoveringCommand short-circuited and no fallback available.
RecoveringCommand short-circuited and no fallback available.
RecoveringCommand short-circuited and no fallback available.
RecoveringCommand short-circuited and no fallback available.
RecoveringCommand short-circuited and no fallback available.
RecoveringCommand short-circuited and no fallback available.
RecoveringCommand short-circuited and no fallback available.
RecoveringCommand short-circuited and no fallback available.
RecoveringCommand short-circuited and no fallback available.
RecoveringCommand short-circuited and no fallback available.
RecoveringCommand short-circuited and no fallback available.
RecoveringCommand short-circuited and no fallback available.
RecoveringCommand short-circuited and no fallback available.
RecoveringCommand short-circuited and no fallback available.
RecoveringCommand short-circuited and no fallback available.
RecoveringCommand short-circuited and no fallback available.
RecoveringCommand short-circuited and no fallback available.
RecoveringCommand short-circuited and no fallback available.
RecoveringCommand short-circuited and no fallback available.
RecoveringCommand short-circuited and no fallback available.
RecoveringCommand short-circuited and no fallback available.
RecoveringCommand short-circuited and no fallback available.
RecoveringCommand short-circuited and no fallback available.
RecoveringCommand short-circuited and no fallback available.
RecoveringCommand short-circuited and no fallback available.
RecoveringCommand short-circuited and no fallback available.
RecoveringCommand short-circuited and no fallback available.
RecoveringCommand short-circuited and no fallback available.
RecoveringCommand short-circuited and no fallback available.
RecoveringCommand short-circuited and no fallback available.
RecoveringCommand short-circuited and no fallback available.
RecoveringCommand short-circuited and no fallback available.
RecoveringCommand short-circuited and no fallback available.
RecoveringCommand short-circuited and no fallback available.
RecoveringCommand short-circuited and no fallback available.
RecoveringCommand short-circuited and no fallback available.
RecoveringCommand short-circuited and no fallback available.
RecoveringCommand short-circuited and no fallback available.
RecoveringCommand short-circuited and no fallback available.
RecoveringCommand short-circuited and no fallback available.
RecoveringCommand short-circuited and no fallback available.
RecoveringCommand short-circuited and no fallback available.
RecoveringCommand short-circuited and no fallback available.
RecoveringCommand short-circuited and no fallback available.
RecoveringCommand short-circuited and no fallback available.
RecoveringCommand short-circuited and no fallback available.
RecoveringCommand short-circuited and no fallback available.
RecoveringCommand short-circuited and no fallback available.
RecoveringCommand short-circuited and no fallback available.
RecoveringCommand short-circuited and no fallback available.
RecoveringCommand short-circuited and no fallback available.
RecoveringCommand short-circuited and no fallback available.
RecoveringCommand short-circuited and no fallback available.
RecoveringCommand short-circuited and no fallback available.
RecoveringCommand short-circuited and no fallback available.
RecoveringCommand short-circuited and no fallback available.
RecoveringCommand short-circuited and no fallback available.
RecoveringCommand short-circuited and no fallback available.
RecoveringCommand short-circuited and no fallback available.
RecoveringCommand short-circuited and no fallback available.
RecoveringCommand short-circuited and no fallback available.
RecoveringCommand short-circuited and no fallback available.
RecoveringCommand short-circuited and no fallback available.
RecoveringCommand short-circuited and no fallback available.
RecoveringCommand short-circuited and no fallback available.
RecoveringCommand short-circuited and no fallback available.
RecoveringCommand short-circuited and no fallback available.
RecoveringCommand short-circuited and no fallback available.
RecoveringCommand short-circuited and no fallback available.
RecoveringCommand short-circuited and no fallback available.
RecoveringCommand short-circuited and no fallback available.
RecoveringCommand short-circuited and no fallback available.
RecoveringCommand short-circuited and no fallback available.
RecoveringCommand short-circuited and no fallback available.
RecoveringCommand short-circuited and no fallback available.
RecoveringCommand short-circuited and no fallback available.
RecoveringCommand short-circuited and no fallback available.
RecoveringCommand short-circuited and no fallback available.
RecoveringCommand short-circuited and no fallback available.
RecoveringCommand short-circuited and no fallback available.
RecoveringCommand short-circuited and no fallback available.
RecoveringCommand short-circuited and no fallback available.
RecoveringCommand short-circuited and no fallback available.
RecoveringCommand short-circuited and no fallback available.
RecoveringCommand short-circuited and no fallback available.
RecoveringCommand short-circuited and no fallback available.
RecoveringCommand short-circuited and no fallback available.
RecoveringCommand short-circuited and no fallback available.
RecoveringCommand short-circuited and no fallback available.
RecoveringCommand short-circuited and no fallback available.
RecoveringCommand short-circuited and no fallback available.
RecoveringCommand short-circuited and no fallback available.
RecoveringCommand short-circuited and no fallback available.
RecoveringCommand short-circuited and no fallback available.
RecoveringCommand short-circuited and no fallback available.
RecoveringCommand short-circuited and no fallback available.
RecoveringCommand short-circuited and no fallback available.
RecoveringCommand short-circuited and no fallback available.
RecoveringCommand short-circuited and no fallback available.
RecoveringCommand short-circuited and no fallback available.
RecoveringCommand short-circuited and no fallback available.
RecoveringCommand short-circuited and no fallback available.
RecoveringCommand short-circuited and no fallback available.
RecoveringCommand short-circuited and no fallback available.
RecoveringCommand short-circuited and no fallback available.
RecoveringCommand short-circuited and no fallback available.
RecoveringCommand short-circuited and no fallback available.
RecoveringCommand short-circuited and no fallback available.
RecoveringCommand short-circuited and no fallback available.
RecoveringCommand short-circuited and no fallback available.
RecoveringCommand short-circuited and no fallback available.
RecoveringCommand short-circuited and no fallback available.
RecoveringCommand short-circuited and no fallback available.
RecoveringCommand short-circuited and no fallback available.
RecoveringCommand short-circuited and no fallback available.
RecoveringCommand short-circuited and no fallback available.
RecoveringCommand short-circuited and no fallback available.
RecoveringCommand short-circuited and no fallback available.
RecoveringCommand short-circuited and no fallback available.
RecoveringCommand short-circuited and no fallback available.
RecoveringCommand short-circuited and no fallback available.
RecoveringCommand short-circuited and no fallback available.
RecoveringCommand short-circuited and no fallback available.
RecoveringCommand short-circuited and no fallback available.
RecoveringCommand short-circuited and no fallback available.
RecoveringCommand short-circuited and no fallback available.
RecoveringCommand short-circuited and no fallback available.
RecoveringCommand short-circuited and no fallback available.
RecoveringCommand short-circuited and no fallback available.
RecoveringCommand short-circuited and no fallback available.
RecoveringCommand short-circuited and no fallback available.
RecoveringCommand short-circuited and no fallback available.
RecoveringCommand short-circuited and no fallback available.
RecoveringCommand short-circuited and no fallback available.
RecoveringCommand short-circuited and no fallback available.
RecoveringCommand short-circuited and no fallback available.
RecoveringCommand short-circuited and no fallback available.
RecoveringCommand short-circuited and no fallback available.
RecoveringCommand short-circuited and no fallback available.
RecoveringCommand short-circuited and no fallback available.
RecoveringCommand short-circuited and no fallback available.
RecoveringCommand short-circuited and no fallback available.
RecoveringCommand short-circuited and no fallback available.
RecoveringCommand short-circuited and no fallback available.
RecoveringCommand short-circuited and no fallback available.
RecoveringCommand short-circuited and no fallback available.
RecoveringCommand short-circuited and no fallback available.
RecoveringCommand short-circuited and no fallback available.
RecoveringCommand short-circuited and no fallback available.
RecoveringCommand short-circuited and no fallback available.
RecoveringCommand short-circuited and no fallback available.
RecoveringCommand short-circuited and no fallback available.
RecoveringCommand short-circuited and no fallback available.
RecoveringCommand short-circuited and no fallback available.
RecoveringCommand short-circuited and no fallback available.
RecoveringCommand short-circuited and no fallback available.
RecoveringCommand short-circuited and no fallback available.
RecoveringCommand short-circuited and no fallback available.
RecoveringCommand short-circuited and no fallback available.
RecoveringCommand short-circuited and no fallback available.
RecoveringCommand short-circuited and no fallback available.
RecoveringCommand short-circuited and no fallback available.
RecoveringCommand short-circuited and no fallback available.
RecoveringCommand short-circuited and no fallback available.
RecoveringCommand short-circuited and no fallback available.
RecoveringCommand short-circuited and no fallback available.
RecoveringCommand short-circuited and no fallback available.
RecoveringCommand short-circuited and no fallback available.
RecoveringCommand short-circuited and no fallback available.
RecoveringCommand short-circuited and no fallback available.
RecoveringCommand short-circuited and no fallback available.
RecoveringCommand short-circuited and no fallback available.
RecoveringCommand short-circuited and no fallback available.
RecoveringCommand short-circuited and no fallback available.
RecoveringCommand short-circuited and no fallback available.
RecoveringCommand short-circuited and no fallback available.
RecoveringCommand short-circuited and no fallback available.
RecoveringCommand short-circuited and no fallback available.
RecoveringCommand short-circuited and no fallback available.
RecoveringCommand short-circuited and no fallback available.
RecoveringCommand short-circuited and no fallback available.
RecoveringCommand short-circuited and no fallback available.
RecoveringCommand short-circuited and no fallback available.
RecoveringCommand short-circuited and no fallback available.
RecoveringCommand short-circuited and no fallback available.
RecoveringCommand short-circuited and no fallback available.
RecoveringCommand short-circuited and no fallback available.
RecoveringCommand short-circuited and no fallback available.
RecoveringCommand short-circuited and no fallback available.
RecoveringCommand short-circuited and no fallback available.
RecoveringCommand short-circuited and no fallback available.
RecoveringCommand short-circuited and no fallback available.
RecoveringCommand short-circuited and no fallback available.
RecoveringCommand short-circuited and no fallback available.
RecoveringCommand short-circuited and no fallback available.
RecoveringCommand short-circuited and no fallback available.
RecoveringCommand short-circuited and no fallback available.
RecoveringCommand short-circuited and no fallback available.
RecoveringCommand short-circuited and no fallback available.
RecoveringCommand short-circuited and no fallback available.
RecoveringCommand short-circuited and no fallback available.
RecoveringCommand short-circuited and no fallback available.
RecoveringCommand short-circuited and no fallback available.
RecoveringCommand short-circuited and no fallback available.
RecoveringCommand short-circuited and no fallback available.
RecoveringCommand short-circuited and no fallback available.
RecoveringCommand short-circuited and no fallback available.
RecoveringCommand short-circuited and no fallback available.
RecoveringCommand short-circuited and no fallback available.
RecoveringCommand short-circuited and no fallback available.
RecoveringCommand short-circuited and no fallback available.
RecoveringCommand short-circuited and no fallback available.
RecoveringCommand short-circuited and no fallback available.
RecoveringCommand short-circuited and no fallback available.
RecoveringCommand short-circuited and no fallback available.
RecoveringCommand short-circuited and no fallback available.
RecoveringCommand short-circuited and no fallback available.
RecoveringCommand short-circuited and no fallback available.
RecoveringCommand short-circuited and no fallback available.
RecoveringCommand short-circuited and no fallback available.
RecoveringCommand short-circuited and no fallback available.
RecoveringCommand short-circuited and no fallback available.
RecoveringCommand short-circuited and no fallback available.
RecoveringCommand short-circuited and no fallback available.
RecoveringCommand short-circuited and no fallback available.
RecoveringCommand short-circuited and no fallback available.
RecoveringCommand short-circuited and no fallback available.
RecoveringCommand short-circuited and no fallback available.
RecoveringCommand short-circuited and no fallback available.
RecoveringCommand short-circuited and no fallback available.
RecoveringCommand short-circuited and no fallback available.
RecoveringCommand short-circuited and no fallback available.
RecoveringCommand short-circuited and no fallback available.
RecoveringCommand short-circuited and no fallback available.
RecoveringCommand short-circuited and no fallback available.
RecoveringCommand short-circuited and no fallback available.
RecoveringCommand short-circuited and no fallback available.
RecoveringCommand short-circuited and no fallback available.
RecoveringCommand short-circuited and no fallback available.
RecoveringCommand short-circuited and no fallback available.
RecoveringCommand short-circuited and no fallback available.
RecoveringCommand short-circuited and no fallback available.
RecoveringCommand short-circuited and no fallback available.
RecoveringCommand short-circuited and no fallback available.
RecoveringCommand short-circuited and no fallback available.
RecoveringCommand short-circuited and no fallback available.
RecoveringCommand short-circuited and no fallback available.
RecoveringCommand short-circuited and no fallback available.
RecoveringCommand short-circuited and no fallback available.
RecoveringCommand short-circuited and no fallback available.
RecoveringCommand short-circuited and no fallback available.
RecoveringCommand short-circuited and no fallback available.
RecoveringCommand short-circuited and no fallback available.
RecoveringCommand short-circuited and no fallback available.
RecoveringCommand short-circuited and no fallback available.
RecoveringCommand short-circuited and no fallback available.
RecoveringCommand short-circuited and no fallback available.
RecoveringCommand short-circuited and no fallback available.
RecoveringCommand short-circuited and no fallback available.
RecoveringCommand short-circuited and no fallback available.
RecoveringCommand short-circuited and no fallback available.
RecoveringCommand short-circuited and no fallback available.
RecoveringCommand short-circuited and no fallback available.
RecoveringCommand short-circuited and no fallback available.
RecoveringCommand short-circuited and no fallback available.
RecoveringCommand short-circuited and no fallback available.
RecoveringCommand short-circuited and no fallback available.
RecoveringCommand short-circuited and no fallback available.
RecoveringCommand short-circuited and no fallback available.
RecoveringCommand short-circuited and no fallback available.
RecoveringCommand short-circuited and no fallback available.
RecoveringCommand short-circuited and no fallback available.
RecoveringCommand short-circuited and no fallback available.
RecoveringCommand short-circuited and no fallback available.
RecoveringCommand short-circuited and no fallback available.
RecoveringCommand short-circuited and no fallback available.
RecoveringCommand short-circuited and no fallback available.
RecoveringCommand short-circuited and no fallback available.
RecoveringCommand short-circuited and no fallback available.
RecoveringCommand short-circuited and no fallback available.
RecoveringCommand short-circuited and no fallback available.
RecoveringCommand short-circuited and no fallback available.
RecoveringCommand short-circuited and no fallback available.
RecoveringCommand short-circuited and no fallback available.
RecoveringCommand short-circuited and no fallback available.
RecoveringCommand short-circuited and no fallback available.
RecoveringCommand short-circuited and no fallback available.
RecoveringCommand short-circuited and no fallback available.
RecoveringCommand short-circuited and no fallback available.
RecoveringCommand short-circuited and no fallback available.
RecoveringCommand short-circuited and no fallback available.
RecoveringCommand short-circuited and no fallback available.
RecoveringCommand short-circuited and no fallback available.
RecoveringCommand short-circuited and no fallback available.
RecoveringCommand short-circuited and no fallback available.
RecoveringCommand short-circuited and no fallback available.
RecoveringCommand short-circuited and no fallback available.
RecoveringCommand short-circuited and no fallback available.
RecoveringCommand short-circuited and no fallback available.
RecoveringCommand short-circuited and no fallback available.
RecoveringCommand short-circuited and no fallback available.
RecoveringCommand short-circuited and no fallback available.
RecoveringCommand short-circuited and no fallback available.
RecoveringCommand short-circuited and no fallback available.
RecoveringCommand short-circuited and no fallback available.
RecoveringCommand short-circuited and no fallback available.
RecoveringCommand short-circuited and no fallback available.
RecoveringCommand short-circuited and no fallback available.
RecoveringCommand short-circuited and no fallback available.
RecoveringCommand short-circuited and no fallback available.
RecoveringCommand short-circuited and no fallback available.
RecoveringCommand short-circuited and no fallback available.
RecoveringCommand short-circuited and no fallback available.
RecoveringCommand short-circuited and no fallback available.
RecoveringCommand short-circuited and no fallback available.
RecoveringCommand short-circuited and no fallback available.
RecoveringCommand short-circuited and no fallback available.
RecoveringCommand short-circuited and no fallback available.
RecoveringCommand short-circuited and no fallback available.
RecoveringCommand short-circuited and no fallback available.
RecoveringCommand short-circuited and no fallback available.
RecoveringCommand short-circuited and no fallback available.
RecoveringCommand short-circuited and no fallback available.
RecoveringCommand short-circuited and no fallback available.
RecoveringCommand short-circuited and no fallback available.
RecoveringCommand short-circuited and no fallback available.
RecoveringCommand short-circuited and no fallback available.
RecoveringCommand short-circuited and no fallback available.
RecoveringCommand short-circuited and no fallback available.
RecoveringCommand short-circuited and no fallback available.
RecoveringCommand short-circuited and no fallback available.
RecoveringCommand short-circuited and no fallback available.
RecoveringCommand short-circuited and no fallback available.
RecoveringCommand short-circuited and no fallback available.
RecoveringCommand short-circuited and no fallback available.
RecoveringCommand short-circuited and no fallback available.
RecoveringCommand short-circuited and no fallback available.
RecoveringCommand short-circuited and no fallback available.
RecoveringCommand short-circuited and no fallback available.
RecoveringCommand short-circuited and no fallback available.
RecoveringCommand short-circuited and no fallback available.
RecoveringCommand short-circuited and no fallback available.
RecoveringCommand short-circuited and no fallback available.
RecoveringCommand short-circuited and no fallback available.
RecoveringCommand short-circuited and no fallback available.
RecoveringCommand short-circuited and no fallback available.
RecoveringCommand short-circuited and no fallback available.
RecoveringCommand short-circuited and no fallback available.
RecoveringCommand short-circuited and no fallback available.
RecoveringCommand short-circuited and no fallback available.
RecoveringCommand short-circuited and no fallback available.
RecoveringCommand short-circuited and no fallback available.
RecoveringCommand short-circuited and no fallback available.
RecoveringCommand short-circuited and no fallback available.
RecoveringCommand short-circuited and no fallback available.
RecoveringCommand short-circuited and no fallback available.
RecoveringCommand short-circuited and no fallback available.
RecoveringCommand short-circuited and no fallback available.
RecoveringCommand short-circuited and no fallback available.
RecoveringCommand short-circuited and no fallback available.
RecoveringCommand short-circuited and no fallback available.
RecoveringCommand short-circuited and no fallback available.
RecoveringCommand short-circuited and no fallback available.
RecoveringCommand short-circuited and no fallback available.
RecoveringCommand short-circuited and no fallback available.
RecoveringCommand short-circuited and no fallback available.
RecoveringCommand short-circuited and no fallback available.
RecoveringCommand short-circuited and no fallback available.
RecoveringCommand short-circuited and no fallback available.
RecoveringCommand short-circuited and no fallback available.
RecoveringCommand short-circuited and no fallback available.
RecoveringCommand short-circuited and no fallback available.
RecoveringCommand short-circuited and no fallback available.
RecoveringCommand short-circuited and no fallback available.
RecoveringCommand short-circuited and no fallback available.
RecoveringCommand short-circuited and no fallback available.
RecoveringCommand short-circuited and no fallback available.
RecoveringCommand short-circuited and no fallback available.
RecoveringCommand short-circuited and no fallback available.
RecoveringCommand short-circuited and no fallback available.
RecoveringCommand short-circuited and no fallback available.
RecoveringCommand short-circuited and no fallback available.
RecoveringCommand short-circuited and no fallback available.
RecoveringCommand short-circuited and no fallback available.
RecoveringCommand short-circuited and no fallback available.
RecoveringCommand short-circuited and no fallback available.
RecoveringCommand short-circuited and no fallback available.
RecoveringCommand short-circuited and no fallback available.
RecoveringCommand short-circuited and no fallback available.
RecoveringCommand short-circuited and no fallback available.
RecoveringCommand short-circuited and no fallback available.
RecoveringCommand short-circuited and no fallback available.
RecoveringCommand short-circuited and no fallback available.
RecoveringCommand short-circuited and no fallback available.
RecoveringCommand short-circuited and no fallback available.
RecoveringCommand short-circuited and no fallback available.
RecoveringCommand short-circuited and no fallback available.
RecoveringCommand short-circuited and no fallback available.
RecoveringCommand short-circuited and no fallback available.
RecoveringCommand short-circuited and no fallback available.
RecoveringCommand short-circuited and no fallback available.
RecoveringCommand short-circuited and no fallback available.
RecoveringCommand short-circuited and no fallback available.
RecoveringCommand short-circuited and no fallback available.
RecoveringCommand short-circuited and no fallback available.
RecoveringCommand short-circuited and no fallback available.
RecoveringCommand short-circuited and no fallback available.
RecoveringCommand short-circuited and no fallback available.
RecoveringCommand short-circuited and no fallback available.
RecoveringCommand short-circuited and no fallback available.
RecoveringCommand short-circuited and no fallback available.
RecoveringCommand short-circuited and no fallback available.
RecoveringCommand short-circuited and no fallback available.
RecoveringCommand short-circuited and no fallback available.
RecoveringCommand short-circuited and no fallback available.
RecoveringCommand short-circuited and no fallback available.
RecoveringCommand short-circuited and no fallback available.
RecoveringCommand short-circuited and no fallback available.
RecoveringCommand short-circuited and no fallback available.
RecoveringCommand short-circuited and no fallback available.
RecoveringCommand short-circuited and no fallback available.
RecoveringCommand short-circuited and no fallback available.
RecoveringCommand short-circuited and no fallback available.
RecoveringCommand short-circuited and no fallback available.
RecoveringCommand short-circuited and no fallback available.
RecoveringCommand short-circuited and no fallback available.
RecoveringCommand short-circuited and no fallback available.
RecoveringCommand short-circuited and no fallback available.
RecoveringCommand short-circuited and no fallback available.
RecoveringCommand short-circuited and no fallback available.
RecoveringCommand short-circuited and no fallback available.
RecoveringCommand short-circuited and no fallback available.
RecoveringCommand short-circuited and no fallback available.
RecoveringCommand short-circuited and no fallback available.
RecoveringCommand short-circuited and no fallback available.
RecoveringCommand short-circuited and no fallback available.
RecoveringCommand short-circuited and no fallback available.
RecoveringCommand short-circuited and no fallback available.
RecoveringCommand short-circuited and no fallback available.
RecoveringCommand short-circuited and no fallback available.
RecoveringCommand short-circuited and no fallback available.
RecoveringCommand short-circuited and no fallback available.
RecoveringCommand short-circuited and no fallback available.
RecoveringCommand short-circuited and no fallback available.
RecoveringCommand short-circuited and no fallback available.
RecoveringCommand short-circuited and no fallback available.
RecoveringCommand short-circuited and no fallback available.
RecoveringCommand short-circuited and no fallback available.
RecoveringCommand short-circuited and no fallback available.
RecoveringCommand short-circuited and no fallback available.
RecoveringCommand short-circuited and no fallback available.
RecoveringCommand short-circuited and no fallback available.
RecoveringCommand short-circuited and no fallback available.
RecoveringCommand short-circuited and no fallback available.
RecoveringCommand short-circuited and no fallback available.
RecoveringCommand short-circuited and no fallback available.
RecoveringCommand short-circuited and no fallback available.
RecoveringCommand short-circuited and no fallback available.
RecoveringCommand short-circuited and no fallback available.
RecoveringCommand short-circuited and no fallback available.
RecoveringCommand short-circuited and no fallback available.
RecoveringCommand short-circuited and no fallback available.
RecoveringCommand short-circuited and no fallback available.
RecoveringCommand short-circuited and no fallback available.
RecoveringCommand short-circuited and no fallback available.
RecoveringCommand short-circuited and no fallback available.
RecoveringCommand short-circuited and no fallback available.
RecoveringCommand short-circuited and no fallback available.
RecoveringCommand short-circuited and no fallback available.
RecoveringCommand short-circuited and no fallback available.
RecoveringCommand short-circuited and no fallback available.
RecoveringCommand short-circuited and no fallback available.
RecoveringCommand short-circuited and no fallback available.
RecoveringCommand short-circuited and no fallback available.
RecoveringCommand short-circuited and no fallback available.
RecoveringCommand short-circuited and no fallback available.
RecoveringCommand short-circuited and no fallback available.
RecoveringCommand short-circuited and no fallback available.
RecoveringCommand short-circuited and no fallback available.
RecoveringCommand short-circuited and no fallback available.
RecoveringCommand short-circuited and no fallback available.
RecoveringCommand short-circuited and no fallback available.
RecoveringCommand short-circuited and no fallback available.
RecoveringCommand short-circuited and no fallback available.
RecoveringCommand short-circuited and no fallback available.
RecoveringCommand short-circuited and no fallback available.
RecoveringCommand short-circuited and no fallback available.
RecoveringCommand short-circuited and no fallback available.
RecoveringCommand short-circuited and no fallback available.
RecoveringCommand short-circuited and no fallback available.
RecoveringCommand short-circuited and no fallback available.
RecoveringCommand short-circuited and no fallback available.
RecoveringCommand short-circuited and no fallback available.
RecoveringCommand short-circuited and no fallback available.
RecoveringCommand short-circuited and no fallback available.
RecoveringCommand short-circuited and no fallback available.
RecoveringCommand short-circuited and no fallback available.
RecoveringCommand short-circuited and no fallback available.
RecoveringCommand short-circuited and no fallback available.
RecoveringCommand short-circuited and no fallback available.
RecoveringCommand short-circuited and no fallback available.
RecoveringCommand short-circuited and no fallback available.
RecoveringCommand short-circuited and no fallback available.
RecoveringCommand short-circuited and no fallback available.
RecoveringCommand short-circuited and no fallback available.
RecoveringCommand short-circuited and no fallback available.
RecoveringCommand short-circuited and no fallback available.
RecoveringCommand short-circuited and no fallback available.
RecoveringCommand short-circuited and no fallback available.
RecoveringCommand short-circuited and no fallback available.
RecoveringCommand short-circuited and no fallback available.
RecoveringCommand short-circuited and no fallback available.
RecoveringCommand short-circuited and no fallback available.
RecoveringCommand short-circuited and no fallback available.
RecoveringCommand short-circuited and no fallback available.
RecoveringCommand short-circuited and no fallback available.
RecoveringCommand short-circuited and no fallback available.
RecoveringCommand short-circuited and no fallback available.
RecoveringCommand short-circuited and no fallback available.
RecoveringCommand short-circuited and no fallback available.
RecoveringCommand short-circuited and no fallback available.
RecoveringCommand short-circuited and no fallback available.
RecoveringCommand short-circuited and no fallback available.
RecoveringCommand short-circuited and no fallback available.
RecoveringCommand short-circuited and no fallback available.
RecoveringCommand short-circuited and no fallback available.
RecoveringCommand short-circuited and no fallback available.
RecoveringCommand short-circuited and no fallback available.
RecoveringCommand short-circuited and no fallback available.
RecoveringCommand short-circuited and no fallback available.
RecoveringCommand short-circuited and no fallback available.
RecoveringCommand short-circuited and no fallback available.
RecoveringCommand short-circuited and no fallback available.
RecoveringCommand short-circuited and no fallback available.
RecoveringCommand short-circuited and no fallback available.
RecoveringCommand short-circuited and no fallback available.
RecoveringCommand short-circuited and no fallback available.
RecoveringCommand short-circuited and no fallback available.
RecoveringCommand short-circuited and no fallback available.
RecoveringCommand short-circuited and no fallback available.
RecoveringCommand failed and no fallback available.
RecoveringCommand short-circuited and no fallback available.
RecoveringCommand short-circuited and no fallback available.
RecoveringCommand short-circuited and no fallback available.
RecoveringCommand short-circuited and no fallback available.
RecoveringCommand short-circuited and no fallback available.
RecoveringCommand short-circuited and no fallback available.
RecoveringCommand short-circuited and no fallback available.
RecoveringCommand short-circuited and no fallback available.
RecoveringCommand short-circuited and no fallback available.
RecoveringCommand short-circuited and no fallback available.
RecoveringCommand short-circuited and no fallback available.
RecoveringCommand short-circuited and no fallback available.
RecoveringCommand short-circuited and no fallback available.
RecoveringCommand short-circuited and no fallback available.
RecoveringCommand short-circuited and no fallback available.
RecoveringCommand short-circuited and no fallback available.
RecoveringCommand short-circuited and no fallback available.
RecoveringCommand short-circuited and no fallback available.
RecoveringCommand short-circuited and no fallback available.
RecoveringCommand short-circuited and no fallback available.
RecoveringCommand short-circuited and no fallback available.
RecoveringCommand short-circuited and no fallback available.
RecoveringCommand short-circuited and no fallback available.
RecoveringCommand short-circuited and no fallback available.
RecoveringCommand short-circuited and no fallback available.
RecoveringCommand short-circuited and no fallback available.
RecoveringCommand short-circuited and no fallback available.
RecoveringCommand short-circuited and no fallback available.
RecoveringCommand short-circuited and no fallback available.
RecoveringCommand short-circuited and no fallback available.
RecoveringCommand short-circuited and no fallback available.
RecoveringCommand short-circuited and no fallback available.
RecoveringCommand short-circuited and no fallback available.
RecoveringCommand short-circuited and no fallback available.
RecoveringCommand short-circuited and no fallback available.
RecoveringCommand short-circuited and no fallback available.
RecoveringCommand short-circuited and no fallback available.
RecoveringCommand short-circuited and no fallback available.
RecoveringCommand short-circuited and no fallback available.
RecoveringCommand short-circuited and no fallback available.
RecoveringCommand short-circuited and no fallback available.
RecoveringCommand short-circuited and no fallback available.
RecoveringCommand short-circuited and no fallback available.
RecoveringCommand short-circuited and no fallback available.
RecoveringCommand short-circuited and no fallback available.
RecoveringCommand short-circuited and no fallback available.
RecoveringCommand short-circuited and no fallback available.
RecoveringCommand short-circuited and no fallback available.
RecoveringCommand short-circuited and no fallback available.
RecoveringCommand short-circuited and no fallback available.
RecoveringCommand short-circuited and no fallback available.
RecoveringCommand short-circuited and no fallback available.
RecoveringCommand short-circuited and no fallback available.
RecoveringCommand short-circuited and no fallback available.
RecoveringCommand short-circuited and no fallback available.
RecoveringCommand short-circuited and no fallback available.
RecoveringCommand short-circuited and no fallback available.
RecoveringCommand short-circuited and no fallback available.
RecoveringCommand short-circuited and no fallback available.
RecoveringCommand short-circuited and no fallback available.
RecoveringCommand short-circuited and no fallback available.
RecoveringCommand short-circuited and no fallback available.
RecoveringCommand short-circuited and no fallback available.
RecoveringCommand short-circuited and no fallback available.
RecoveringCommand short-circuited and no fallback available.
RecoveringCommand short-circuited and no fallback available.
RecoveringCommand short-circuited and no fallback available.
RecoveringCommand short-circuited and no fallback available.
RecoveringCommand short-circuited and no fallback available.
RecoveringCommand short-circuited and no fallback available.
RecoveringCommand short-circuited and no fallback available.
RecoveringCommand short-circuited and no fallback available.
RecoveringCommand short-circuited and no fallback available.
RecoveringCommand short-circuited and no fallback available.
RecoveringCommand short-circuited and no fallback available.
RecoveringCommand short-circuited and no fallback available.
RecoveringCommand short-circuited and no fallback available.
RecoveringCommand short-circuited and no fallback available.
RecoveringCommand short-circuited and no fallback available.
RecoveringCommand short-circuited and no fallback available.
RecoveringCommand short-circuited and no fallback available.
RecoveringCommand short-circuited and no fallback available.
RecoveringCommand short-circuited and no fallback available.
RecoveringCommand short-circuited and no fallback available.
RecoveringCommand short-circuited and no fallback available.
RecoveringCommand short-circuited and no fallback available.
RecoveringCommand short-circuited and no fallback available.
RecoveringCommand short-circuited and no fallback available.
RecoveringCommand short-circuited and no fallback available.
RecoveringCommand short-circuited and no fallback available.
RecoveringCommand short-circuited and no fallback available.
RecoveringCommand short-circuited and no fallback available.
RecoveringCommand short-circuited and no fallback available.
RecoveringCommand short-circuited and no fallback available.
RecoveringCommand short-circuited and no fallback available.
RecoveringCommand short-circuited and no fallback available.
RecoveringCommand short-circuited and no fallback available.
RecoveringCommand short-circuited and no fallback available.
RecoveringCommand short-circuited and no fallback available.
RecoveringCommand short-circuited and no fallback available.
RecoveringCommand short-circuited and no fallback available.
RecoveringCommand short-circuited and no fallback available.
RecoveringCommand short-circuited and no fallback available.
RecoveringCommand short-circuited and no fallback available.
RecoveringCommand short-circuited and no fallback available.
RecoveringCommand short-circuited and no fallback available.
RecoveringCommand short-circuited and no fallback available.
RecoveringCommand short-circuited and no fallback available.
RecoveringCommand short-circuited and no fallback available.
RecoveringCommand short-circuited and no fallback available.
RecoveringCommand short-circuited and no fallback available.
RecoveringCommand short-circuited and no fallback available.
RecoveringCommand short-circuited and no fallback available.
RecoveringCommand short-circuited and no fallback available.
RecoveringCommand short-circuited and no fallback available.
RecoveringCommand short-circuited and no fallback available.
RecoveringCommand short-circuited and no fallback available.
RecoveringCommand short-circuited and no fallback available.
RecoveringCommand short-circuited and no fallback available.
RecoveringCommand short-circuited and no fallback available.
RecoveringCommand short-circuited and no fallback available.
RecoveringCommand short-circuited and no fallback available.
RecoveringCommand short-circuited and no fallback available.
RecoveringCommand short-circuited and no fallback available.
RecoveringCommand short-circuited and no fallback available.
RecoveringCommand short-circuited and no fallback available.
RecoveringCommand short-circuited and no fallback available.
RecoveringCommand short-circuited and no fallback available.
RecoveringCommand short-circuited and no fallback available.
RecoveringCommand short-circuited and no fallback available.
RecoveringCommand short-circuited and no fallback available.
RecoveringCommand short-circuited and no fallback available.
RecoveringCommand short-circuited and no fallback available.
RecoveringCommand short-circuited and no fallback available.
RecoveringCommand short-circuited and no fallback available.
RecoveringCommand short-circuited and no fallback available.
RecoveringCommand short-circuited and no fallback available.
RecoveringCommand short-circuited and no fallback available.
RecoveringCommand short-circuited and no fallback available.
RecoveringCommand short-circuited and no fallback available.
RecoveringCommand short-circuited and no fallback available.
RecoveringCommand short-circuited and no fallback available.
RecoveringCommand short-circuited and no fallback available.
RecoveringCommand short-circuited and no fallback available.
RecoveringCommand short-circuited and no fallback available.
RecoveringCommand short-circuited and no fallback available.
RecoveringCommand short-circuited and no fallback available.
RecoveringCommand short-circuited and no fallback available.
RecoveringCommand short-circuited and no fallback available.
RecoveringCommand short-circuited and no fallback available.
RecoveringCommand short-circuited and no fallback available.
RecoveringCommand short-circuited and no fallback available.
RecoveringCommand short-circuited and no fallback available.
RecoveringCommand short-circuited and no fallback available.
RecoveringCommand short-circuited and no fallback available.
RecoveringCommand short-circuited and no fallback available.
RecoveringCommand short-circuited and no fallback available.
RecoveringCommand short-circuited and no fallback available.
RecoveringCommand short-circuited and no fallback available.
RecoveringCommand short-circuited and no fallback available.
RecoveringCommand short-circuited and no fallback available.
RecoveringCommand short-circuited and no fallback available.
RecoveringCommand short-circuited and no fallback available.
RecoveringCommand short-circuited and no fallback available.
RecoveringCommand short-circuited and no fallback available.
RecoveringCommand short-circuited and no fallback available.
RecoveringCommand short-circuited and no fallback available.
RecoveringCommand short-circuited and no fallback available.
RecoveringCommand short-circuited and no fallback available.
RecoveringCommand short-circuited and no fallback available.
RecoveringCommand short-circuited and no fallback available.
RecoveringCommand short-circuited and no fallback available.
RecoveringCommand short-circuited and no fallback available.
RecoveringCommand short-circuited and no fallback available.
RecoveringCommand short-circuited and no fallback available.
RecoveringCommand short-circuited and no fallback available.
RecoveringCommand short-circuited and no fallback available.
RecoveringCommand short-circuited and no fallback available.
RecoveringCommand short-circuited and no fallback available.
RecoveringCommand short-circuited and no fallback available.
RecoveringCommand short-circuited and no fallback available.
RecoveringCommand short-circuited and no fallback available.
RecoveringCommand short-circuited and no fallback available.
RecoveringCommand short-circuited and no fallback available.
RecoveringCommand short-circuited and no fallback available.
RecoveringCommand short-circuited and no fallback available.
RecoveringCommand short-circuited and no fallback available.
RecoveringCommand short-circuited and no fallback available.
RecoveringCommand short-circuited and no fallback available.
RecoveringCommand short-circuited and no fallback available.
RecoveringCommand short-circuited and no fallback available.
RecoveringCommand short-circuited and no fallback available.
RecoveringCommand short-circuited and no fallback available.
RecoveringCommand short-circuited and no fallback available.
RecoveringCommand short-circuited and no fallback available.
RecoveringCommand short-circuited and no fallback available.
RecoveringCommand short-circuited and no fallback available.
RecoveringCommand short-circuited and no fallback available.
RecoveringCommand short-circuited and no fallback available.
RecoveringCommand short-circuited and no fallback available.
RecoveringCommand short-circuited and no fallback available.
RecoveringCommand short-circuited and no fallback available.
RecoveringCommand short-circuited and no fallback available.
RecoveringCommand short-circuited and no fallback available.
RecoveringCommand short-circuited and no fallback available.
RecoveringCommand short-circuited and no fallback available.
RecoveringCommand short-circuited and no fallback available.
RecoveringCommand short-circuited and no fallback available.
RecoveringCommand short-circuited and no fallback available.
RecoveringCommand short-circuited and no fallback available.
RecoveringCommand short-circuited and no fallback available.
RecoveringCommand short-circuited and no fallback available.
RecoveringCommand short-circuited and no fallback available.
RecoveringCommand short-circuited and no fallback available.
RecoveringCommand short-circuited and no fallback available.
RecoveringCommand short-circuited and no fallback available.
RecoveringCommand short-circuited and no fallback available.
RecoveringCommand short-circuited and no fallback available.
RecoveringCommand short-circuited and no fallback available.
RecoveringCommand short-circuited and no fallback available.
RecoveringCommand short-circuited and no fallback available.
RecoveringCommand short-circuited and no fallback available.
RecoveringCommand short-circuited and no fallback available.
RecoveringCommand short-circuited and no fallback available.
RecoveringCommand short-circuited and no fallback available.
RecoveringCommand short-circuited and no fallback available.
RecoveringCommand short-circuited and no fallback available.
RecoveringCommand short-circuited and no fallback available.
RecoveringCommand short-circuited and no fallback available.
RecoveringCommand short-circuited and no fallback available.
RecoveringCommand short-circuited and no fallback available.
RecoveringCommand short-circuited and no fallback available.
RecoveringCommand short-circuited and no fallback available.
RecoveringCommand short-circuited and no fallback available.
RecoveringCommand short-circuited and no fallback available.
RecoveringCommand short-circuited and no fallback available.
RecoveringCommand short-circuited and no fallback available.
RecoveringCommand short-circuited and no fallback available.
RecoveringCommand short-circuited and no fallback available.
RecoveringCommand short-circuited and no fallback available.
RecoveringCommand short-circuited and no fallback available.
RecoveringCommand short-circuited and no fallback available.
RecoveringCommand short-circuited and no fallback available.
RecoveringCommand short-circuited and no fallback available.
RecoveringCommand short-circuited and no fallback available.
RecoveringCommand short-circuited and no fallback available.
RecoveringCommand short-circuited and no fallback available.
RecoveringCommand short-circuited and no fallback available.
RecoveringCommand short-circuited and no fallback available.
RecoveringCommand short-circuited and no fallback available.
RecoveringCommand short-circuited and no fallback available.
RecoveringCommand short-circuited and no fallback available.
RecoveringCommand short-circuited and no fallback available.
RecoveringCommand short-circuited and no fallback available.
RecoveringCommand short-circuited and no fallback available.
RecoveringCommand short-circuited and no fallback available.
RecoveringCommand short-circuited and no fallback available.
RecoveringCommand short-circuited and no fallback available.
RecoveringCommand short-circuited and no fallback available.
RecoveringCommand short-circuited and no fallback available.
RecoveringCommand short-circuited and no fallback available.
RecoveringCommand short-circuited and no fallback available.
RecoveringCommand short-circuited and no fallback available.
RecoveringCommand short-circuited and no fallback available.
RecoveringCommand short-circuited and no fallback available.
RecoveringCommand short-circuited and no fallback available.
RecoveringCommand short-circuited and no fallback available.
RecoveringCommand short-circuited and no fallback available.
RecoveringCommand short-circuited and no fallback available.
RecoveringCommand short-circuited and no fallback available.
RecoveringCommand short-circuited and no fallback available.
RecoveringCommand short-circuited and no fallback available.
RecoveringCommand short-circuited and no fallback available.
RecoveringCommand short-circuited and no fallback available.
RecoveringCommand short-circuited and no fallback available.
RecoveringCommand short-circuited and no fallback available.
RecoveringCommand short-circuited and no fallback available.
RecoveringCommand short-circuited and no fallback available.
RecoveringCommand short-circuited and no fallback available.
RecoveringCommand short-circuited and no fallback available.
RecoveringCommand short-circuited and no fallback available.
RecoveringCommand short-circuited and no fallback available.
RecoveringCommand short-circuited and no fallback available.
RecoveringCommand short-circuited and no fallback available.
RecoveringCommand short-circuited and no fallback available.
RecoveringCommand short-circuited and no fallback available.
RecoveringCommand short-circuited and no fallback available.
RecoveringCommand short-circuited and no fallback available.
RecoveringCommand short-circuited and no fallback available.
RecoveringCommand short-circuited and no fallback available.
RecoveringCommand short-circuited and no fallback available.
RecoveringCommand short-circuited and no fallback available.
RecoveringCommand short-circuited and no fallback available.
RecoveringCommand short-circuited and no fallback available.
RecoveringCommand short-circuited and no fallback available.
RecoveringCommand short-circuited and no fallback available.
RecoveringCommand short-circuited and no fallback available.
RecoveringCommand short-circuited and no fallback available.
RecoveringCommand short-circuited and no fallback available.
RecoveringCommand short-circuited and no fallback available.
RecoveringCommand short-circuited and no fallback available.
RecoveringCommand short-circuited and no fallback available.
RecoveringCommand short-circuited and no fallback available.
RecoveringCommand short-circuited and no fallback available.
RecoveringCommand short-circuited and no fallback available.
RecoveringCommand short-circuited and no fallback available.
RecoveringCommand short-circuited and no fallback available.
RecoveringCommand short-circuited and no fallback available.
RecoveringCommand short-circuited and no fallback available.
RecoveringCommand short-circuited and no fallback available.
RecoveringCommand short-circuited and no fallback available.
RecoveringCommand short-circuited and no fallback available.
RecoveringCommand short-circuited and no fallback available.
RecoveringCommand short-circuited and no fallback available.
RecoveringCommand short-circuited and no fallback available.
RecoveringCommand short-circuited and no fallback available.
RecoveringCommand short-circuited and no fallback available.
RecoveringCommand short-circuited and no fallback available.
RecoveringCommand short-circuited and no fallback available.
RecoveringCommand short-circuited and no fallback available.
RecoveringCommand short-circuited and no fallback available.
RecoveringCommand short-circuited and no fallback available.
RecoveringCommand short-circuited and no fallback available.
RecoveringCommand short-circuited and no fallback available.
RecoveringCommand short-circuited and no fallback available.
RecoveringCommand short-circuited and no fallback available.
RecoveringCommand short-circuited and no fallback available.
RecoveringCommand short-circuited and no fallback available.
RecoveringCommand short-circuited and no fallback available.
RecoveringCommand short-circuited and no fallback available.
RecoveringCommand short-circuited and no fallback available.
RecoveringCommand short-circuited and no fallback available.
RecoveringCommand short-circuited and no fallback available.
RecoveringCommand short-circuited and no fallback available.
RecoveringCommand short-circuited and no fallback available.
RecoveringCommand short-circuited and no fallback available.
RecoveringCommand short-circuited and no fallback available.
RecoveringCommand short-circuited and no fallback available.
RecoveringCommand short-circuited and no fallback available.
RecoveringCommand short-circuited and no fallback available.
RecoveringCommand short-circuited and no fallback available.
RecoveringCommand short-circuited and no fallback available.
RecoveringCommand short-circuited and no fallback available.
RecoveringCommand short-circuited and no fallback available.
RecoveringCommand short-circuited and no fallback available.
RecoveringCommand short-circuited and no fallback available.
RecoveringCommand short-circuited and no fallback available.
RecoveringCommand short-circuited and no fallback available.
RecoveringCommand short-circuited and no fallback available.
RecoveringCommand short-circuited and no fallback available.
RecoveringCommand short-circuited and no fallback available.
RecoveringCommand short-circuited and no fallback available.
RecoveringCommand short-circuited and no fallback available.
RecoveringCommand short-circuited and no fallback available.
RecoveringCommand short-circuited and no fallback available.
RecoveringCommand short-circuited and no fallback available.
RecoveringCommand short-circuited and no fallback available.
RecoveringCommand short-circuited and no fallback available.
RecoveringCommand short-circuited and no fallback available.
RecoveringCommand short-circuited and no fallback available.
RecoveringCommand short-circuited and no fallback available.
RecoveringCommand short-circuited and no fallback available.
RecoveringCommand short-circuited and no fallback available.
RecoveringCommand short-circuited and no fallback available.
RecoveringCommand short-circuited and no fallback available.
RecoveringCommand short-circuited and no fallback available.
RecoveringCommand short-circuited and no fallback available.
RecoveringCommand short-circuited and no fallback available.
RecoveringCommand short-circuited and no fallback available.
RecoveringCommand short-circuited and no fallback available.
RecoveringCommand short-circuited and no fallback available.
RecoveringCommand short-circuited and no fallback available.
RecoveringCommand short-circuited and no fallback available.
RecoveringCommand short-circuited and no fallback available.
RecoveringCommand short-circuited and no fallback available.
RecoveringCommand short-circuited and no fallback available.
RecoveringCommand short-circuited and no fallback available.
RecoveringCommand short-circuited and no fallback available.
RecoveringCommand short-circuited and no fallback available.
RecoveringCommand short-circuited and no fallback available.
RecoveringCommand short-circuited and no fallback available.
RecoveringCommand short-circuited and no fallback available.
RecoveringCommand short-circuited and no fallback available.
RecoveringCommand short-circuited and no fallback available.
RecoveringCommand short-circuited and no fallback available.
RecoveringCommand short-circuited and no fallback available.
RecoveringCommand short-circuited and no fallback available.
RecoveringCommand short-circuited and no fallback available.
RecoveringCommand short-circuited and no fallback available.
RecoveringCommand short-circuited and no fallback available.
RecoveringCommand short-circuited and no fallback available.
RecoveringCommand short-circuited and no fallback available.
RecoveringCommand short-circuited and no fallback available.
RecoveringCommand short-circuited and no fallback available.
RecoveringCommand short-circuited and no fallback available.
RecoveringCommand short-circuited and no fallback available.
RecoveringCommand short-circuited and no fallback available.
RecoveringCommand short-circuited and no fallback available.
RecoveringCommand short-circuited and no fallback available.
RecoveringCommand short-circuited and no fallback available.
RecoveringCommand short-circuited and no fallback available.
RecoveringCommand short-circuited and no fallback available.
RecoveringCommand short-circuited and no fallback available.
RecoveringCommand short-circuited and no fallback available.
RecoveringCommand short-circuited and no fallback available.
RecoveringCommand short-circuited and no fallback available.
RecoveringCommand short-circuited and no fallback available.
RecoveringCommand short-circuited and no fallback available.
RecoveringCommand short-circuited and no fallback available.
RecoveringCommand short-circuited and no fallback available.
RecoveringCommand short-circuited and no fallback available.
RecoveringCommand short-circuited and no fallback available.
RecoveringCommand short-circuited and no fallback available.
RecoveringCommand short-circuited and no fallback available.
RecoveringCommand short-circuited and no fallback available.
RecoveringCommand short-circuited and no fallback available.
RecoveringCommand short-circuited and no fallback available.
RecoveringCommand short-circuited and no fallback available.
RecoveringCommand short-circuited and no fallback available.
RecoveringCommand short-circuited and no fallback available.
RecoveringCommand short-circuited and no fallback available.
RecoveringCommand short-circuited and no fallback available.
RecoveringCommand short-circuited and no fallback available.
RecoveringCommand short-circuited and no fallback available.
RecoveringCommand short-circuited and no fallback available.
RecoveringCommand short-circuited and no fallback available.
RecoveringCommand short-circuited and no fallback available.
RecoveringCommand short-circuited and no fallback available.
RecoveringCommand short-circuited and no fallback available.
RecoveringCommand short-circuited and no fallback available.
RecoveringCommand short-circuited and no fallback available.
RecoveringCommand short-circuited and no fallback available.
RecoveringCommand short-circuited and no fallback available.
RecoveringCommand short-circuited and no fallback available.
RecoveringCommand short-circuited and no fallback available.
RecoveringCommand short-circuited and no fallback available.
RecoveringCommand short-circuited and no fallback available.
RecoveringCommand short-circuited and no fallback available.
RecoveringCommand short-circuited and no fallback available.
RecoveringCommand short-circuited and no fallback available.
RecoveringCommand short-circuited and no fallback available.
RecoveringCommand short-circuited and no fallback available.
RecoveringCommand short-circuited and no fallback available.
RecoveringCommand short-circuited and no fallback available.
RecoveringCommand short-circuited and no fallback available.
RecoveringCommand short-circuited and no fallback available.
RecoveringCommand short-circuited and no fallback available.
RecoveringCommand short-circuited and no fallback available.
RecoveringCommand short-circuited and no fallback available.
RecoveringCommand short-circuited and no fallback available.
RecoveringCommand short-circuited and no fallback available.
RecoveringCommand short-circuited and no fallback available.
RecoveringCommand short-circuited and no fallback available.
RecoveringCommand short-circuited and no fallback available.
RecoveringCommand short-circuited and no fallback available.
RecoveringCommand short-circuited and no fallback available.
RecoveringCommand short-circuited and no fallback available.
RecoveringCommand short-circuited and no fallback available.
RecoveringCommand short-circuited and no fallback available.
RecoveringCommand short-circuited and no fallback available.
RecoveringCommand short-circuited and no fallback available.
RecoveringCommand short-circuited and no fallback available.
RecoveringCommand short-circuited and no fallback available.
RecoveringCommand short-circuited and no fallback available.
RecoveringCommand short-circuited and no fallback available.
RecoveringCommand short-circuited and no fallback available.
RecoveringCommand short-circuited and no fallback available.
RecoveringCommand short-circuited and no fallback available.
RecoveringCommand short-circuited and no fallback available.
RecoveringCommand short-circuited and no fallback available.
RecoveringCommand short-circuited and no fallback available.
RecoveringCommand short-circuited and no fallback available.
RecoveringCommand short-circuited and no fallback available.
RecoveringCommand short-circuited and no fallback available.
RecoveringCommand short-circuited and no fallback available.
RecoveringCommand short-circuited and no fallback available.
RecoveringCommand short-circuited and no fallback available.
RecoveringCommand short-circuited and no fallback available.
RecoveringCommand short-circuited and no fallback available.
RecoveringCommand short-circuited and no fallback available.
RecoveringCommand short-circuited and no fallback available.
RecoveringCommand short-circuited and no fallback available.
RecoveringCommand short-circuited and no fallback available.
RecoveringCommand short-circuited and no fallback available.
RecoveringCommand short-circuited and no fallback available.
RecoveringCommand short-circuited and no fallback available.
RecoveringCommand short-circuited and no fallback available.
RecoveringCommand short-circuited and no fallback available.
RecoveringCommand short-circuited and no fallback available.
RecoveringCommand short-circuited and no fallback available.
RecoveringCommand short-circuited and no fallback available.
RecoveringCommand short-circuited and no fallback available.
RecoveringCommand short-circuited and no fallback available.
RecoveringCommand short-circuited and no fallback available.
RecoveringCommand short-circuited and no fallback available.
RecoveringCommand short-circuited and no fallback available.
RecoveringCommand short-circuited and no fallback available.
RecoveringCommand short-circuited and no fallback available.
RecoveringCommand short-circuited and no fallback available.
RecoveringCommand short-circuited and no fallback available.
RecoveringCommand short-circuited and no fallback available.
RecoveringCommand short-circuited and no fallback available.
RecoveringCommand short-circuited and no fallback available.
RecoveringCommand short-circuited and no fallback available.
RecoveringCommand short-circuited and no fallback available.
RecoveringCommand short-circuited and no fallback available.
RecoveringCommand short-circuited and no fallback available.
RecoveringCommand short-circuited and no fallback available.
RecoveringCommand short-circuited and no fallback available.
RecoveringCommand short-circuited and no fallback available.
RecoveringCommand short-circuited and no fallback available.
RecoveringCommand short-circuited and no fallback available.
RecoveringCommand short-circuited and no fallback available.
RecoveringCommand short-circuited and no fallback available.
RecoveringCommand short-circuited and no fallback available.
RecoveringCommand short-circuited and no fallback available.
RecoveringCommand short-circuited and no fallback available.
RecoveringCommand short-circuited and no fallback available.
RecoveringCommand short-circuited and no fallback available.
RecoveringCommand short-circuited and no fallback available.
RecoveringCommand short-circuited and no fallback available.
RecoveringCommand short-circuited and no fallback available.
RecoveringCommand short-circuited and no fallback available.
RecoveringCommand short-circuited and no fallback available.
RecoveringCommand short-circuited and no fallback available.
RecoveringCommand short-circuited and no fallback available.
RecoveringCommand short-circuited and no fallback available.
RecoveringCommand short-circuited and no fallback available.
RecoveringCommand short-circuited and no fallback available.
RecoveringCommand short-circuited and no fallback available.
RecoveringCommand short-circuited and no fallback available.
RecoveringCommand short-circuited and no fallback available.
RecoveringCommand short-circuited and no fallback available.
RecoveringCommand short-circuited and no fallback available.
RecoveringCommand short-circuited and no fallback available.
RecoveringCommand short-circuited and no fallback available.
RecoveringCommand short-circuited and no fallback available.
RecoveringCommand short-circuited and no fallback available.
RecoveringCommand short-circuited and no fallback available.
RecoveringCommand short-circuited and no fallback available.
RecoveringCommand short-circuited and no fallback available.
RecoveringCommand short-circuited and no fallback available.
RecoveringCommand short-circuited and no fallback available.
RecoveringCommand short-circuited and no fallback available.
RecoveringCommand short-circuited and no fallback available.
RecoveringCommand short-circuited and no fallback available.
RecoveringCommand short-circuited and no fallback available.
RecoveringCommand short-circuited and no fallback available.
RecoveringCommand short-circuited and no fallback available.
RecoveringCommand short-circuited and no fallback available.
RecoveringCommand short-circuited and no fallback available.
RecoveringCommand short-circuited and no fallback available.
RecoveringCommand short-circuited and no fallback available.
RecoveringCommand short-circuited and no fallback available.
RecoveringCommand short-circuited and no fallback available.
RecoveringCommand short-circuited and no fallback available.
RecoveringCommand short-circuited and no fallback available.
RecoveringCommand short-circuited and no fallback available.
RecoveringCommand short-circuited and no fallback available.
RecoveringCommand short-circuited and no fallback available.
RecoveringCommand short-circuited and no fallback available.
RecoveringCommand short-circuited and no fallback available.
RecoveringCommand short-circuited and no fallback available.
RecoveringCommand short-circuited and no fallback available.
RecoveringCommand short-circuited and no fallback available.
RecoveringCommand short-circuited and no fallback available.
RecoveringCommand short-circuited and no fallback available.
RecoveringCommand short-circuited and no fallback available.
RecoveringCommand short-circuited and no fallback available.
RecoveringCommand short-circuited and no fallback available.
RecoveringCommand short-circuited and no fallback available.
RecoveringCommand short-circuited and no fallback available.
RecoveringCommand short-circuited and no fallback available.
RecoveringCommand short-circuited and no fallback available.
RecoveringCommand short-circuited and no fallback available.
RecoveringCommand short-circuited and no fallback available.
RecoveringCommand short-circuited and no fallback available.
RecoveringCommand short-circuited and no fallback available.
RecoveringCommand short-circuited and no fallback available.
RecoveringCommand short-circuited and no fallback available.
RecoveringCommand short-circuited and no fallback available.
RecoveringCommand short-circuited and no fallback available.
RecoveringCommand short-circuited and no fallback available.
RecoveringCommand short-circuited and no fallback available.
RecoveringCommand short-circuited and no fallback available.
RecoveringCommand short-circuited and no fallback available.
RecoveringCommand short-circuited and no fallback available.
RecoveringCommand short-circuited and no fallback available.
RecoveringCommand short-circuited and no fallback available.
RecoveringCommand short-circuited and no fallback available.
RecoveringCommand short-circuited and no fallback available.
RecoveringCommand short-circuited and no fallback available.
RecoveringCommand short-circuited and no fallback available.
RecoveringCommand short-circuited and no fallback available.
RecoveringCommand short-circuited and no fallback available.
RecoveringCommand short-circuited and no fallback available.
RecoveringCommand short-circuited and no fallback available.
RecoveringCommand short-circuited and no fallback available.
RecoveringCommand short-circuited and no fallback available.
RecoveringCommand short-circuited and no fallback available.
RecoveringCommand short-circuited and no fallback available.
RecoveringCommand short-circuited and no fallback available.
RecoveringCommand short-circuited and no fallback available.
RecoveringCommand short-circuited and no fallback available.
RecoveringCommand short-circuited and no fallback available.
RecoveringCommand short-circuited and no fallback available.
RecoveringCommand short-circuited and no fallback available.
RecoveringCommand short-circuited and no fallback available.
RecoveringCommand short-circuited and no fallback available.
RecoveringCommand short-circuited and no fallback available.
RecoveringCommand short-circuited and no fallback available.
RecoveringCommand short-circuited and no fallback available.
RecoveringCommand short-circuited and no fallback available.
RecoveringCommand short-circuited and no fallback available.
RecoveringCommand short-circuited and no fallback available.
RecoveringCommand short-circuited and no fallback available.
RecoveringCommand short-circuited and no fallback available.
RecoveringCommand short-circuited and no fallback available.
RecoveringCommand short-circuited and no fallback available.
RecoveringCommand short-circuited and no fallback available.
RecoveringCommand short-circuited and no fallback available.
RecoveringCommand short-circuited and no fallback available.
RecoveringCommand short-circuited and no fallback available.
RecoveringCommand short-circuited and no fallback available.
RecoveringCommand short-circuited and no fallback available.
RecoveringCommand short-circuited and no fallback available.
RecoveringCommand short-circuited and no fallback available.
RecoveringCommand short-circuited and no fallback available.
RecoveringCommand short-circuited and no fallback available.
RecoveringCommand short-circuited and no fallback available.
RecoveringCommand short-circuited and no fallback available.
RecoveringCommand short-circuited and no fallback available.
RecoveringCommand short-circuited and no fallback available.
RecoveringCommand short-circuited and no fallback available.
RecoveringCommand short-circuited and no fallback available.
RecoveringCommand short-circuited and no fallback available.
RecoveringCommand short-circuited and no fallback available.
RecoveringCommand short-circuited and no fallback available.
RecoveringCommand short-circuited and no fallback available.
RecoveringCommand short-circuited and no fallback available.
RecoveringCommand short-circuited and no fallback available.
RecoveringCommand short-circuited and no fallback available.
RecoveringCommand short-circuited and no fallback available.
RecoveringCommand short-circuited and no fallback available.
RecoveringCommand short-circuited and no fallback available.
RecoveringCommand short-circuited and no fallback available.
RecoveringCommand short-circuited and no fallback available.
RecoveringCommand short-circuited and no fallback available.
RecoveringCommand short-circuited and no fallback available.
RecoveringCommand short-circuited and no fallback available.
RecoveringCommand short-circuited and no fallback available.
RecoveringCommand short-circuited and no fallback available.
RecoveringCommand short-circuited and no fallback available.
RecoveringCommand short-circuited and no fallback available.
RecoveringCommand short-circuited and no fallback available.
RecoveringCommand short-circuited and no fallback available.
RecoveringCommand short-circuited and no fallback available.
RecoveringCommand short-circuited and no fallback available.
RecoveringCommand short-circuited and no fallback available.
RecoveringCommand short-circuited and no fallback available.
RecoveringCommand short-circuited and no fallback available.
RecoveringCommand short-circuited and no fallback available.
RecoveringCommand short-circuited and no fallback available.
RecoveringCommand short-circuited and no fallback available.
RecoveringCommand short-circuited and no fallback available.
RecoveringCommand short-circuited and no fallback available.
RecoveringCommand short-circuited and no fallback available.
RecoveringCommand short-circuited and no fallback available.
RecoveringCommand short-circuited and no fallback available.
RecoveringCommand short-circuited and no fallback available.
RecoveringCommand short-circuited and no fallback available.
RecoveringCommand short-circuited and no fallback available.
RecoveringCommand short-circuited and no fallback available.
RecoveringCommand short-circuited and no fallback available.
RecoveringCommand short-circuited and no fallback available.
RecoveringCommand short-circuited and no fallback available.
RecoveringCommand short-circuited and no fallback available.
RecoveringCommand short-circuited and no fallback available.
RecoveringCommand short-circuited and no fallback available.
RecoveringCommand short-circuited and no fallback available.
RecoveringCommand short-circuited and no fallback available.
RecoveringCommand short-circuited and no fallback available.
RecoveringCommand short-circuited and no fallback available.
RecoveringCommand short-circuited and no fallback available.
RecoveringCommand short-circuited and no fallback available.
RecoveringCommand short-circuited and no fallback available.
RecoveringCommand short-circuited and no fallback available.
RecoveringCommand short-circuited and no fallback available.
RecoveringCommand short-circuited and no fallback available.
RecoveringCommand short-circuited and no fallback available.
RecoveringCommand short-circuited and no fallback available.
RecoveringCommand short-circuited and no fallback available.
RecoveringCommand short-circuited and no fallback available.
RecoveringCommand short-circuited and no fallback available.
RecoveringCommand short-circuited and no fallback available.
RecoveringCommand short-circuited and no fallback available.
RecoveringCommand short-circuited and no fallback available.
RecoveringCommand short-circuited and no fallback available.
RecoveringCommand short-circuited and no fallback available.
RecoveringCommand short-circuited and no fallback available.
RecoveringCommand short-circuited and no fallback available.
RecoveringCommand short-circuited and no fallback available.
RecoveringCommand short-circuited and no fallback available.
RecoveringCommand short-circuited and no fallback available.
RecoveringCommand short-circuited and no fallback available.
RecoveringCommand short-circuited and no fallback available.
RecoveringCommand short-circuited and no fallback available.
RecoveringCommand short-circuited and no fallback available.
RecoveringCommand short-circuited and no fallback available.
RecoveringCommand short-circuited and no fallback available.
RecoveringCommand short-circuited and no fallback available.
RecoveringCommand short-circuited and no fallback available.
RecoveringCommand short-circuited and no fallback available.
RecoveringCommand short-circuited and no fallback available.
RecoveringCommand short-circuited and no fallback available.
RecoveringCommand short-circuited and no fallback available.
RecoveringCommand short-circuited and no fallback available.
RecoveringCommand short-circuited and no fallback available.
RecoveringCommand short-circuited and no fallback available.
RecoveringCommand short-circuited and no fallback available.
RecoveringCommand short-circuited and no fallback available.
RecoveringCommand short-circuited and no fallback available.
RecoveringCommand short-circuited and no fallback available.
RecoveringCommand short-circuited and no fallback available.
RecoveringCommand short-circuited and no fallback available.
RecoveringCommand short-circuited and no fallback available.
RecoveringCommand short-circuited and no fallback available.
RecoveringCommand short-circuited and no fallback available.
RecoveringCommand short-circuited and no fallback available.
RecoveringCommand short-circuited and no fallback available.
RecoveringCommand short-circuited and no fallback available.
RecoveringCommand short-circuited and no fallback available.
RecoveringCommand short-circuited and no fallback available.
RecoveringCommand short-circuited and no fallback available.
RecoveringCommand short-circuited and no fallback available.
RecoveringCommand short-circuited and no fallback available.
RecoveringCommand short-circuited and no fallback available.
RecoveringCommand short-circuited and no fallback available.
RecoveringCommand short-circuited and no fallback available.
RecoveringCommand short-circuited and no fallback available.
RecoveringCommand short-circuited and no fallback available.
RecoveringCommand short-circuited and no fallback available.
RecoveringCommand short-circuited and no fallback available.
RecoveringCommand short-circuited and no fallback available.
RecoveringCommand short-circuited and no fallback available.
RecoveringCommand failed and no fallback available.
RecoveringCommand short-circuited and no fallback available.
RecoveringCommand short-circuited and no fallback available.
RecoveringCommand short-circuited and no fallback available.
RecoveringCommand short-circuited and no fallback available.
RecoveringCommand short-circuited and no fallback available.
RecoveringCommand short-circuited and no fallback available.
RecoveringCommand short-circuited and no fallback available.
RecoveringCommand short-circuited and no fallback available.
RecoveringCommand short-circuited and no fallback available.
RecoveringCommand short-circuited and no fallback available.
RecoveringCommand short-circuited and no fallback available.
RecoveringCommand short-circuited and no fallback available.
RecoveringCommand short-circuited and no fallback available.
RecoveringCommand short-circuited and no fallback available.
RecoveringCommand short-circuited and no fallback available.
RecoveringCommand short-circuited and no fallback available.
RecoveringCommand short-circuited and no fallback available.
RecoveringCommand short-circuited and no fallback available.
RecoveringCommand short-circuited and no fallback available.
RecoveringCommand short-circuited and no fallback available.
RecoveringCommand short-circuited and no fallback available.
RecoveringCommand short-circuited and no fallback available.
RecoveringCommand short-circuited and no fallback available.
RecoveringCommand short-circuited and no fallback available.
RecoveringCommand short-circuited and no fallback available.
RecoveringCommand short-circuited and no fallback available.
RecoveringCommand short-circuited and no fallback available.
RecoveringCommand short-circuited and no fallback available.
RecoveringCommand short-circuited and no fallback available.
RecoveringCommand short-circuited and no fallback available.
RecoveringCommand short-circuited and no fallback available.
RecoveringCommand short-circuited and no fallback available.
RecoveringCommand short-circuited and no fallback available.
RecoveringCommand short-circuited and no fallback available.
RecoveringCommand short-circuited and no fallback available.
RecoveringCommand short-circuited and no fallback available.
RecoveringCommand short-circuited and no fallback available.
RecoveringCommand short-circuited and no fallback available.
RecoveringCommand short-circuited and no fallback available.
RecoveringCommand short-circuited and no fallback available.
RecoveringCommand short-circuited and no fallback available.
RecoveringCommand short-circuited and no fallback available.
RecoveringCommand short-circuited and no fallback available.
RecoveringCommand short-circuited and no fallback available.
RecoveringCommand short-circuited and no fallback available.
RecoveringCommand short-circuited and no fallback available.
RecoveringCommand short-circuited and no fallback available.
RecoveringCommand short-circuited and no fallback available.
RecoveringCommand short-circuited and no fallback available.
RecoveringCommand short-circuited and no fallback available.
RecoveringCommand short-circuited and no fallback available.
RecoveringCommand short-circuited and no fallback available.
RecoveringCommand short-circuited and no fallback available.
RecoveringCommand short-circuited and no fallback available.
RecoveringCommand short-circuited and no fallback available.
RecoveringCommand short-circuited and no fallback available.
RecoveringCommand short-circuited and no fallback available.
RecoveringCommand short-circuited and no fallback available.
RecoveringCommand short-circuited and no fallback available.
RecoveringCommand short-circuited and no fallback available.
RecoveringCommand short-circuited and no fallback available.
RecoveringCommand short-circuited and no fallback available.
RecoveringCommand short-circuited and no fallback available.
RecoveringCommand short-circuited and no fallback available.
RecoveringCommand short-circuited and no fallback available.
RecoveringCommand short-circuited and no fallback available.
RecoveringCommand short-circuited and no fallback available.
RecoveringCommand short-circuited and no fallback available.
RecoveringCommand short-circuited and no fallback available.
RecoveringCommand short-circuited and no fallback available.
RecoveringCommand short-circuited and no fallback available.
RecoveringCommand short-circuited and no fallback available.
RecoveringCommand short-circuited and no fallback available.
RecoveringCommand short-circuited and no fallback available.
RecoveringCommand short-circuited and no fallback available.
RecoveringCommand short-circuited and no fallback available.
RecoveringCommand short-circuited and no fallback available.
RecoveringCommand short-circuited and no fallback available.
RecoveringCommand short-circuited and no fallback available.
RecoveringCommand short-circuited and no fallback available.
RecoveringCommand short-circuited and no fallback available.
RecoveringCommand short-circuited and no fallback available.
RecoveringCommand short-circuited and no fallback available.
RecoveringCommand short-circuited and no fallback available.
RecoveringCommand short-circuited and no fallback available.
RecoveringCommand short-circuited and no fallback available.
RecoveringCommand short-circuited and no fallback available.
RecoveringCommand short-circuited and no fallback available.
RecoveringCommand short-circuited and no fallback available.
RecoveringCommand short-circuited and no fallback available.
RecoveringCommand short-circuited and no fallback available.
RecoveringCommand short-circuited and no fallback available.
RecoveringCommand short-circuited and no fallback available.
RecoveringCommand short-circuited and no fallback available.
RecoveringCommand short-circuited and no fallback available.
RecoveringCommand short-circuited and no fallback available.
RecoveringCommand short-circuited and no fallback available.
RecoveringCommand short-circuited and no fallback available.
RecoveringCommand short-circuited and no fallback available.
RecoveringCommand short-circuited and no fallback available.
RecoveringCommand short-circuited and no fallback available.
RecoveringCommand short-circuited and no fallback available.
RecoveringCommand short-circuited and no fallback available.
RecoveringCommand short-circuited and no fallback available.
RecoveringCommand short-circuited and no fallback available.
RecoveringCommand short-circuited and no fallback available.
RecoveringCommand short-circuited and no fallback available.
RecoveringCommand short-circuited and no fallback available.
RecoveringCommand short-circuited and no fallback available.
RecoveringCommand short-circuited and no fallback available.
RecoveringCommand short-circuited and no fallback available.
RecoveringCommand short-circuited and no fallback available.
RecoveringCommand short-circuited and no fallback available.
RecoveringCommand short-circuited and no fallback available.
RecoveringCommand short-circuited and no fallback available.
RecoveringCommand short-circuited and no fallback available.
RecoveringCommand short-circuited and no fallback available.
RecoveringCommand short-circuited and no fallback available.
RecoveringCommand short-circuited and no fallback available.
RecoveringCommand short-circuited and no fallback available.
RecoveringCommand short-circuited and no fallback available.
RecoveringCommand short-circuited and no fallback available.
RecoveringCommand short-circuited and no fallback available.
RecoveringCommand short-circuited and no fallback available.
RecoveringCommand short-circuited and no fallback available.
RecoveringCommand short-circuited and no fallback available.
RecoveringCommand short-circuited and no fallback available.
RecoveringCommand short-circuited and no fallback available.
RecoveringCommand short-circuited and no fallback available.
RecoveringCommand short-circuited and no fallback available.
RecoveringCommand short-circuited and no fallback available.
RecoveringCommand short-circuited and no fallback available.
RecoveringCommand short-circuited and no fallback available.
RecoveringCommand short-circuited and no fallback available.
RecoveringCommand short-circuited and no fallback available.
RecoveringCommand short-circuited and no fallback available.
RecoveringCommand short-circuited and no fallback available.
RecoveringCommand short-circuited and no fallback available.
RecoveringCommand short-circuited and no fallback available.
RecoveringCommand short-circuited and no fallback available.
RecoveringCommand short-circuited and no fallback available.
RecoveringCommand short-circuited and no fallback available.
RecoveringCommand short-circuited and no fallback available.
RecoveringCommand short-circuited and no fallback available.
RecoveringCommand short-circuited and no fallback available.
RecoveringCommand short-circuited and no fallback available.
RecoveringCommand short-circuited and no fallback available.
RecoveringCommand short-circuited and no fallback available.
RecoveringCommand short-circuited and no fallback available.
RecoveringCommand short-circuited and no fallback available.
RecoveringCommand short-circuited and no fallback available.
RecoveringCommand short-circuited and no fallback available.
RecoveringCommand short-circuited and no fallback available.
RecoveringCommand short-circuited and no fallback available.
RecoveringCommand short-circuited and no fallback available.
RecoveringCommand short-circuited and no fallback available.
RecoveringCommand short-circuited and no fallback available.
RecoveringCommand short-circuited and no fallback available.
RecoveringCommand short-circuited and no fallback available.
RecoveringCommand short-circuited and no fallback available.
RecoveringCommand short-circuited and no fallback available.
RecoveringCommand short-circuited and no fallback available.
RecoveringCommand short-circuited and no fallback available.
RecoveringCommand short-circuited and no fallback available.
RecoveringCommand short-circuited and no fallback available.
RecoveringCommand short-circuited and no fallback available.
RecoveringCommand short-circuited and no fallback available.
RecoveringCommand short-circuited and no fallback available.
RecoveringCommand short-circuited and no fallback available.
RecoveringCommand short-circuited and no fallback available.
RecoveringCommand short-circuited and no fallback available.
RecoveringCommand short-circuited and no fallback available.
RecoveringCommand short-circuited and no fallback available.
RecoveringCommand short-circuited and no fallback available.
RecoveringCommand short-circuited and no fallback available.
RecoveringCommand short-circuited and no fallback available.
RecoveringCommand short-circuited and no fallback available.
RecoveringCommand short-circuited and no fallback available.
RecoveringCommand short-circuited and no fallback available.
RecoveringCommand short-circuited and no fallback available.
RecoveringCommand short-circuited and no fallback available.
RecoveringCommand short-circuited and no fallback available.
RecoveringCommand short-circuited and no fallback available.
RecoveringCommand short-circuited and no fallback available.
RecoveringCommand short-circuited and no fallback available.
RecoveringCommand short-circuited and no fallback available.
RecoveringCommand short-circuited and no fallback available.
RecoveringCommand short-circuited and no fallback available.
RecoveringCommand short-circuited and no fallback available.
RecoveringCommand short-circuited and no fallback available.
RecoveringCommand short-circuited and no fallback available.
RecoveringCommand short-circuited and no fallback available.
RecoveringCommand short-circuited and no fallback available.
RecoveringCommand short-circuited and no fallback available.
RecoveringCommand short-circuited and no fallback available.
RecoveringCommand short-circuited and no fallback available.
RecoveringCommand short-circuited and no fallback available.
RecoveringCommand short-circuited and no fallback available.
RecoveringCommand short-circuited and no fallback available.
RecoveringCommand short-circuited and no fallback available.
RecoveringCommand short-circuited and no fallback available.
RecoveringCommand short-circuited and no fallback available.
RecoveringCommand short-circuited and no fallback available.
RecoveringCommand short-circuited and no fallback available.
RecoveringCommand short-circuited and no fallback available.
RecoveringCommand short-circuited and no fallback available.
RecoveringCommand short-circuited and no fallback available.
RecoveringCommand short-circuited and no fallback available.
RecoveringCommand short-circuited and no fallback available.
RecoveringCommand short-circuited and no fallback available.
RecoveringCommand short-circuited and no fallback available.
RecoveringCommand short-circuited and no fallback available.
RecoveringCommand short-circuited and no fallback available.
RecoveringCommand short-circuited and no fallback available.
RecoveringCommand short-circuited and no fallback available.
RecoveringCommand short-circuited and no fallback available.
RecoveringCommand short-circuited and no fallback available.
RecoveringCommand short-circuited and no fallback available.
RecoveringCommand short-circuited and no fallback available.
RecoveringCommand short-circuited and no fallback available.
RecoveringCommand short-circuited and no fallback available.
RecoveringCommand short-circuited and no fallback available.
RecoveringCommand short-circuited and no fallback available.
RecoveringCommand short-circuited and no fallback available.
RecoveringCommand short-circuited and no fallback available.
RecoveringCommand short-circuited and no fallback available.
RecoveringCommand short-circuited and no fallback available.
RecoveringCommand short-circuited and no fallback available.
RecoveringCommand short-circuited and no fallback available.
RecoveringCommand short-circuited and no fallback available.
RecoveringCommand short-circuited and no fallback available.
RecoveringCommand short-circuited and no fallback available.
RecoveringCommand short-circuited and no fallback available.
RecoveringCommand short-circuited and no fallback available.
RecoveringCommand short-circuited and no fallback available.
RecoveringCommand short-circuited and no fallback available.
RecoveringCommand short-circuited and no fallback available.
RecoveringCommand short-circuited and no fallback available.
RecoveringCommand short-circuited and no fallback available.
RecoveringCommand short-circuited and no fallback available.
RecoveringCommand short-circuited and no fallback available.
RecoveringCommand short-circuited and no fallback available.
RecoveringCommand short-circuited and no fallback available.
RecoveringCommand short-circuited and no fallback available.
RecoveringCommand short-circuited and no fallback available.
RecoveringCommand short-circuited and no fallback available.
RecoveringCommand short-circuited and no fallback available.
RecoveringCommand short-circuited and no fallback available.
RecoveringCommand short-circuited and no fallback available.
RecoveringCommand short-circuited and no fallback available.
RecoveringCommand short-circuited and no fallback available.
RecoveringCommand short-circuited and no fallback available.
RecoveringCommand short-circuited and no fallback available.
RecoveringCommand short-circuited and no fallback available.
RecoveringCommand short-circuited and no fallback available.
RecoveringCommand short-circuited and no fallback available.
RecoveringCommand short-circuited and no fallback available.
RecoveringCommand short-circuited and no fallback available.
RecoveringCommand short-circuited and no fallback available.
RecoveringCommand short-circuited and no fallback available.
RecoveringCommand short-circuited and no fallback available.
RecoveringCommand short-circuited and no fallback available.
RecoveringCommand short-circuited and no fallback available.
RecoveringCommand short-circuited and no fallback available.
RecoveringCommand short-circuited and no fallback available.
RecoveringCommand short-circuited and no fallback available.
RecoveringCommand short-circuited and no fallback available.
RecoveringCommand short-circuited and no fallback available.
RecoveringCommand short-circuited and no fallback available.
RecoveringCommand short-circuited and no fallback available.
RecoveringCommand short-circuited and no fallback available.
RecoveringCommand short-circuited and no fallback available.
RecoveringCommand short-circuited and no fallback available.
RecoveringCommand short-circuited and no fallback available.
RecoveringCommand short-circuited and no fallback available.
RecoveringCommand short-circuited and no fallback available.
RecoveringCommand short-circuited and no fallback available.
RecoveringCommand short-circuited and no fallback available.
RecoveringCommand short-circuited and no fallback available.
RecoveringCommand short-circuited and no fallback available.
RecoveringCommand short-circuited and no fallback available.
RecoveringCommand short-circuited and no fallback available.
RecoveringCommand short-circuited and no fallback available.
RecoveringCommand short-circuited and no fallback available.
RecoveringCommand short-circuited and no fallback available.
RecoveringCommand short-circuited and no fallback available.
RecoveringCommand short-circuited and no fallback available.
RecoveringCommand short-circuited and no fallback available.
RecoveringCommand short-circuited and no fallback available.
RecoveringCommand short-circuited and no fallback available.
RecoveringCommand short-circuited and no fallback available.
RecoveringCommand short-circuited and no fallback available.
RecoveringCommand short-circuited and no fallback available.
RecoveringCommand short-circuited and no fallback available.
RecoveringCommand short-circuited and no fallback available.
RecoveringCommand short-circuited and no fallback available.
RecoveringCommand short-circuited and no fallback available.
RecoveringCommand short-circuited and no fallback available.
RecoveringCommand short-circuited and no fallback available.
RecoveringCommand short-circuited and no fallback available.
RecoveringCommand short-circuited and no fallback available.
RecoveringCommand short-circuited and no fallback available.
RecoveringCommand short-circuited and no fallback available.
RecoveringCommand short-circuited and no fallback available.
RecoveringCommand short-circuited and no fallback available.
RecoveringCommand short-circuited and no fallback available.
RecoveringCommand short-circuited and no fallback available.
RecoveringCommand short-circuited and no fallback available.
RecoveringCommand short-circuited and no fallback available.
RecoveringCommand short-circuited and no fallback available.
RecoveringCommand short-circuited and no fallback available.
RecoveringCommand short-circuited and no fallback available.
RecoveringCommand short-circuited and no fallback available.
RecoveringCommand short-circuited and no fallback available.
RecoveringCommand short-circuited and no fallback available.
RecoveringCommand short-circuited and no fallback available.
RecoveringCommand short-circuited and no fallback available.
RecoveringCommand short-circuited and no fallback available.
RecoveringCommand short-circuited and no fallback available.
RecoveringCommand short-circuited and no fallback available.
RecoveringCommand short-circuited and no fallback available.
RecoveringCommand short-circuited and no fallback available.
RecoveringCommand short-circuited and no fallback available.
RecoveringCommand short-circuited and no fallback available.
RecoveringCommand short-circuited and no fallback available.
RecoveringCommand short-circuited and no fallback available.
RecoveringCommand short-circuited and no fallback available.
RecoveringCommand short-circuited and no fallback available.
RecoveringCommand short-circuited and no fallback available.
RecoveringCommand short-circuited and no fallback available.
RecoveringCommand short-circuited and no fallback available.
RecoveringCommand short-circuited and no fallback available.
RecoveringCommand short-circuited and no fallback available.
RecoveringCommand short-circuited and no fallback available.
RecoveringCommand short-circuited and no fallback available.
RecoveringCommand short-circuited and no fallback available.
RecoveringCommand short-circuited and no fallback available.
RecoveringCommand short-circuited and no fallback available.
RecoveringCommand short-circuited and no fallback available.
RecoveringCommand short-circuited and no fallback available.
RecoveringCommand short-circuited and no fallback available.
RecoveringCommand short-circuited and no fallback available.
RecoveringCommand short-circuited and no fallback available.
RecoveringCommand short-circuited and no fallback available.
RecoveringCommand short-circuited and no fallback available.
RecoveringCommand short-circuited and no fallback available.
RecoveringCommand short-circuited and no fallback available.
RecoveringCommand short-circuited and no fallback available.
RecoveringCommand short-circuited and no fallback available.
RecoveringCommand short-circuited and no fallback available.
RecoveringCommand short-circuited and no fallback available.
RecoveringCommand short-circuited and no fallback available.
RecoveringCommand short-circuited and no fallback available.
RecoveringCommand short-circuited and no fallback available.
RecoveringCommand short-circuited and no fallback available.
RecoveringCommand short-circuited and no fallback available.
RecoveringCommand short-circuited and no fallback available.
RecoveringCommand short-circuited and no fallback available.
RecoveringCommand short-circuited and no fallback available.
RecoveringCommand short-circuited and no fallback available.
RecoveringCommand short-circuited and no fallback available.
RecoveringCommand short-circuited and no fallback available.
RecoveringCommand short-circuited and no fallback available.
RecoveringCommand short-circuited and no fallback available.
RecoveringCommand short-circuited and no fallback available.
RecoveringCommand short-circuited and no fallback available.
RecoveringCommand short-circuited and no fallback available.
RecoveringCommand short-circuited and no fallback available.
RecoveringCommand short-circuited and no fallback available.
RecoveringCommand short-circuited and no fallback available.
RecoveringCommand short-circuited and no fallback available.
RecoveringCommand short-circuited and no fallback available.
RecoveringCommand short-circuited and no fallback available.
RecoveringCommand short-circuited and no fallback available.
RecoveringCommand short-circuited and no fallback available.
RecoveringCommand short-circuited and no fallback available.
RecoveringCommand short-circuited and no fallback available.
RecoveringCommand short-circuited and no fallback available.
RecoveringCommand short-circuited and no fallback available.
RecoveringCommand short-circuited and no fallback available.
RecoveringCommand short-circuited and no fallback available.
RecoveringCommand short-circuited and no fallback available.
RecoveringCommand short-circuited and no fallback available.
RecoveringCommand short-circuited and no fallback available.
RecoveringCommand short-circuited and no fallback available.
RecoveringCommand short-circuited and no fallback available.
RecoveringCommand short-circuited and no fallback available.
RecoveringCommand short-circuited and no fallback available.
RecoveringCommand short-circuited and no fallback available.
RecoveringCommand short-circuited and no fallback available.
RecoveringCommand short-circuited and no fallback available.
RecoveringCommand short-circuited and no fallback available.
RecoveringCommand short-circuited and no fallback available.
RecoveringCommand short-circuited and no fallback available.
RecoveringCommand short-circuited and no fallback available.
RecoveringCommand short-circuited and no fallback available.
RecoveringCommand short-circuited and no fallback available.
RecoveringCommand short-circuited and no fallback available.
RecoveringCommand short-circuited and no fallback available.
RecoveringCommand short-circuited and no fallback available.
RecoveringCommand short-circuited and no fallback available.
RecoveringCommand short-circuited and no fallback available.
RecoveringCommand short-circuited and no fallback available.
RecoveringCommand short-circuited and no fallback available.
RecoveringCommand short-circuited and no fallback available.
RecoveringCommand short-circuited and no fallback available.
RecoveringCommand short-circuited and no fallback available.
RecoveringCommand short-circuited and no fallback available.
RecoveringCommand short-circuited and no fallback available.
RecoveringCommand short-circuited and no fallback available.
RecoveringCommand short-circuited and no fallback available.
RecoveringCommand short-circuited and no fallback available.
RecoveringCommand short-circuited and no fallback available.
RecoveringCommand short-circuited and no fallback available.
RecoveringCommand short-circuited and no fallback available.
RecoveringCommand short-circuited and no fallback available.
RecoveringCommand short-circuited and no fallback available.
RecoveringCommand short-circuited and no fallback available.
RecoveringCommand short-circuited and no fallback available.
RecoveringCommand short-circuited and no fallback available.
RecoveringCommand short-circuited and no fallback available.
RecoveringCommand short-circuited and no fallback available.
RecoveringCommand short-circuited and no fallback available.
RecoveringCommand short-circuited and no fallback available.
RecoveringCommand short-circuited and no fallback available.
RecoveringCommand short-circuited and no fallback available.
RecoveringCommand short-circuited and no fallback available.
RecoveringCommand short-circuited and no fallback available.
RecoveringCommand short-circuited and no fallback available.
RecoveringCommand short-circuited and no fallback available.
RecoveringCommand short-circuited and no fallback available.
RecoveringCommand short-circuited and no fallback available.
RecoveringCommand short-circuited and no fallback available.
RecoveringCommand short-circuited and no fallback available.
RecoveringCommand short-circuited and no fallback available.
RecoveringCommand short-circuited and no fallback available.
RecoveringCommand short-circuited and no fallback available.
RecoveringCommand short-circuited and no fallback available.
RecoveringCommand short-circuited and no fallback available.
RecoveringCommand short-circuited and no fallback available.
RecoveringCommand short-circuited and no fallback available.
RecoveringCommand short-circuited and no fallback available.
RecoveringCommand short-circuited and no fallback available.
RecoveringCommand short-circuited and no fallback available.
RecoveringCommand short-circuited and no fallback available.
RecoveringCommand short-circuited and no fallback available.
RecoveringCommand short-circuited and no fallback available.
RecoveringCommand short-circuited and no fallback available.
RecoveringCommand short-circuited and no fallback available.
RecoveringCommand short-circuited and no fallback available.
RecoveringCommand short-circuited and no fallback available.
RecoveringCommand short-circuited and no fallback available.
RecoveringCommand short-circuited and no fallback available.
RecoveringCommand short-circuited and no fallback available.
RecoveringCommand short-circuited and no fallback available.
RecoveringCommand short-circuited and no fallback available.
RecoveringCommand short-circuited and no fallback available.
RecoveringCommand short-circuited and no fallback available.
RecoveringCommand short-circuited and no fallback available.
RecoveringCommand short-circuited and no fallback available.
RecoveringCommand short-circuited and no fallback available.
RecoveringCommand short-circuited and no fallback available.
RecoveringCommand short-circuited and no fallback available.
RecoveringCommand short-circuited and no fallback available.
RecoveringCommand short-circuited and no fallback available.
RecoveringCommand short-circuited and no fallback available.
RecoveringCommand short-circuited and no fallback available.
RecoveringCommand short-circuited and no fallback available.
RecoveringCommand short-circuited and no fallback available.
RecoveringCommand short-circuited and no fallback available.
RecoveringCommand short-circuited and no fallback available.
RecoveringCommand short-circuited and no fallback available.
RecoveringCommand short-circuited and no fallback available.
RecoveringCommand short-circuited and no fallback available.
RecoveringCommand short-circuited and no fallback available.
RecoveringCommand short-circuited and no fallback available.
RecoveringCommand short-circuited and no fallback available.
RecoveringCommand short-circuited and no fallback available.
RecoveringCommand short-circuited and no fallback available.
RecoveringCommand short-circuited and no fallback available.
RecoveringCommand short-circuited and no fallback available.
RecoveringCommand short-circuited and no fallback available.
RecoveringCommand short-circuited and no fallback available.
RecoveringCommand short-circuited and no fallback available.
RecoveringCommand short-circuited and no fallback available.
RecoveringCommand short-circuited and no fallback available.
RecoveringCommand short-circuited and no fallback available.
RecoveringCommand short-circuited and no fallback available.
RecoveringCommand short-circuited and no fallback available.
RecoveringCommand short-circuited and no fallback available.
RecoveringCommand short-circuited and no fallback available.
RecoveringCommand short-circuited and no fallback available.
RecoveringCommand short-circuited and no fallback available.
RecoveringCommand short-circuited and no fallback available.
RecoveringCommand short-circuited and no fallback available.
RecoveringCommand short-circuited and no fallback available.
RecoveringCommand short-circuited and no fallback available.
RecoveringCommand short-circuited and no fallback available.
RecoveringCommand short-circuited and no fallback available.
RecoveringCommand short-circuited and no fallback available.
RecoveringCommand short-circuited and no fallback available.
RecoveringCommand short-circuited and no fallback available.
RecoveringCommand short-circuited and no fallback available.
RecoveringCommand short-circuited and no fallback available.
RecoveringCommand short-circuited and no fallback available.
RecoveringCommand short-circuited and no fallback available.
RecoveringCommand short-circuited and no fallback available.
RecoveringCommand short-circuited and no fallback available.
RecoveringCommand short-circuited and no fallback available.
RecoveringCommand short-circuited and no fallback available.
RecoveringCommand short-circuited and no fallback available.
RecoveringCommand short-circuited and no fallback available.
RecoveringCommand short-circuited and no fallback available.
RecoveringCommand short-circuited and no fallback available.
RecoveringCommand short-circuited and no fallback available.
RecoveringCommand short-circuited and no fallback available.
RecoveringCommand short-circuited and no fallback available.
RecoveringCommand short-circuited and no fallback available.
RecoveringCommand short-circuited and no fallback available.
RecoveringCommand short-circuited and no fallback available.
RecoveringCommand short-circuited and no fallback available.
RecoveringCommand short-circuited and no fallback available.
RecoveringCommand short-circuited and no fallback available.
RecoveringCommand short-circuited and no fallback available.
RecoveringCommand short-circuited and no fallback available.
RecoveringCommand short-circuited and no fallback available.
RecoveringCommand short-circuited and no fallback available.
RecoveringCommand short-circuited and no fallback available.
RecoveringCommand short-circuited and no fallback available.
RecoveringCommand short-circuited and no fallback available.
RecoveringCommand short-circuited and no fallback available.
RecoveringCommand short-circuited and no fallback available.
RecoveringCommand short-circuited and no fallback available.
RecoveringCommand short-circuited and no fallback available.
RecoveringCommand short-circuited and no fallback available.
RecoveringCommand short-circuited and no fallback available.
RecoveringCommand short-circuited and no fallback available.
RecoveringCommand short-circuited and no fallback available.
RecoveringCommand short-circuited and no fallback available.
RecoveringCommand short-circuited and no fallback available.
RecoveringCommand short-circuited and no fallback available.
RecoveringCommand short-circuited and no fallback available.
RecoveringCommand short-circuited and no fallback available.
RecoveringCommand short-circuited and no fallback available.
RecoveringCommand short-circuited and no fallback available.
RecoveringCommand short-circuited and no fallback available.
RecoveringCommand short-circuited and no fallback available.
RecoveringCommand short-circuited and no fallback available.
RecoveringCommand short-circuited and no fallback available.
RecoveringCommand short-circuited and no fallback available.
RecoveringCommand short-circuited and no fallback available.
RecoveringCommand short-circuited and no fallback available.
RecoveringCommand short-circuited and no fallback available.
RecoveringCommand short-circuited and no fallback available.
RecoveringCommand short-circuited and no fallback available.
RecoveringCommand short-circuited and no fallback available.
RecoveringCommand short-circuited and no fallback available.
RecoveringCommand short-circuited and no fallback available.
RecoveringCommand short-circuited and no fallback available.
RecoveringCommand short-circuited and no fallback available.
RecoveringCommand short-circuited and no fallback available.
RecoveringCommand short-circuited and no fallback available.
RecoveringCommand short-circuited and no fallback available.
RecoveringCommand short-circuited and no fallback available.
RecoveringCommand short-circuited and no fallback available.
RecoveringCommand short-circuited and no fallback available.
RecoveringCommand short-circuited and no fallback available.
RecoveringCommand short-circuited and no fallback available.
RecoveringCommand short-circuited and no fallback available.
RecoveringCommand short-circuited and no fallback available.
RecoveringCommand short-circuited and no fallback available.
RecoveringCommand short-circuited and no fallback available.
RecoveringCommand short-circuited and no fallback available.
RecoveringCommand short-circuited and no fallback available.
RecoveringCommand short-circuited and no fallback available.
RecoveringCommand short-circuited and no fallback available.
RecoveringCommand short-circuited and no fallback available.
RecoveringCommand short-circuited and no fallback available.
RecoveringCommand short-circuited and no fallback available.
RecoveringCommand short-circuited and no fallback available.
RecoveringCommand short-circuited and no fallback available.
RecoveringCommand short-circuited and no fallback available.
RecoveringCommand short-circuited and no fallback available.
RecoveringCommand short-circuited and no fallback available.
RecoveringCommand short-circuited and no fallback available.
RecoveringCommand short-circuited and no fallback available.
RecoveringCommand short-circuited and no fallback available.
RecoveringCommand short-circuited and no fallback available.
RecoveringCommand short-circuited and no fallback available.
RecoveringCommand short-circuited and no fallback available.
RecoveringCommand short-circuited and no fallback available.
RecoveringCommand short-circuited and no fallback available.
RecoveringCommand short-circuited and no fallback available.
RecoveringCommand short-circuited and no fallback available.
RecoveringCommand short-circuited and no fallback available.
RecoveringCommand short-circuited and no fallback available.
RecoveringCommand short-circuited and no fallback available.
RecoveringCommand short-circuited and no fallback available.
RecoveringCommand short-circuited and no fallback available.
RecoveringCommand short-circuited and no fallback available.
RecoveringCommand short-circuited and no fallback available.
RecoveringCommand short-circuited and no fallback available.
RecoveringCommand short-circuited and no fallback available.
RecoveringCommand short-circuited and no fallback available.
RecoveringCommand short-circuited and no fallback available.
RecoveringCommand short-circuited and no fallback available.
RecoveringCommand short-circuited and no fallback available.
RecoveringCommand short-circuited and no fallback available.
RecoveringCommand short-circuited and no fallback available.
RecoveringCommand short-circuited and no fallback available.
RecoveringCommand short-circuited and no fallback available.
RecoveringCommand short-circuited and no fallback available.
RecoveringCommand short-circuited and no fallback available.
RecoveringCommand short-circuited and no fallback available.
RecoveringCommand short-circuited and no fallback available.
RecoveringCommand short-circuited and no fallback available.
RecoveringCommand short-circuited and no fallback available.
RecoveringCommand short-circuited and no fallback available.
RecoveringCommand short-circuited and no fallback available.
RecoveringCommand short-circuited and no fallback available.
RecoveringCommand short-circuited and no fallback available.
RecoveringCommand short-circuited and no fallback available.
RecoveringCommand short-circuited and no fallback available.
RecoveringCommand short-circuited and no fallback available.
RecoveringCommand short-circuited and no fallback available.
RecoveringCommand short-circuited and no fallback available.
RecoveringCommand short-circuited and no fallback available.
RecoveringCommand short-circuited and no fallback available.
RecoveringCommand short-circuited and no fallback available.
RecoveringCommand short-circuited and no fallback available.
RecoveringCommand short-circuited and no fallback available.
RecoveringCommand short-circuited and no fallback available.
RecoveringCommand short-circuited and no fallback available.
RecoveringCommand short-circuited and no fallback available.
RecoveringCommand short-circuited and no fallback available.
RecoveringCommand short-circuited and no fallback available.
RecoveringCommand short-circuited and no fallback available.
RecoveringCommand short-circuited and no fallback available.
RecoveringCommand short-circuited and no fallback available.
RecoveringCommand short-circuited and no fallback available.
RecoveringCommand short-circuited and no fallback available.
RecoveringCommand short-circuited and no fallback available.
RecoveringCommand short-circuited and no fallback available.
RecoveringCommand short-circuited and no fallback available.
RecoveringCommand short-circuited and no fallback available.
RecoveringCommand short-circuited and no fallback available.
RecoveringCommand short-circuited and no fallback available.
RecoveringCommand short-circuited and no fallback available.
RecoveringCommand short-circuited and no fallback available.
RecoveringCommand short-circuited and no fallback available.
RecoveringCommand short-circuited and no fallback available.
RecoveringCommand short-circuited and no fallback available.
RecoveringCommand short-circuited and no fallback available.
RecoveringCommand short-circuited and no fallback available.
RecoveringCommand short-circuited and no fallback available.
RecoveringCommand short-circuited and no fallback available.
RecoveringCommand short-circuited and no fallback available.
RecoveringCommand short-circuited and no fallback available.
RecoveringCommand short-circuited and no fallback available.
RecoveringCommand short-circuited and no fallback available.
RecoveringCommand short-circuited and no fallback available.
RecoveringCommand short-circuited and no fallback available.
RecoveringCommand short-circuited and no fallback available.
RecoveringCommand short-circuited and no fallback available.
RecoveringCommand short-circuited and no fallback available.
RecoveringCommand short-circuited and no fallback available.
RecoveringCommand short-circuited and no fallback available.
RecoveringCommand short-circuited and no fallback available.
RecoveringCommand short-circuited and no fallback available.
RecoveringCommand short-circuited and no fallback available.
RecoveringCommand short-circuited and no fallback available.
RecoveringCommand short-circuited and no fallback available.
RecoveringCommand short-circuited and no fallback available.
RecoveringCommand short-circuited and no fallback available.
RecoveringCommand short-circuited and no fallback available.
RecoveringCommand short-circuited and no fallback available.
RecoveringCommand short-circuited and no fallback available.
RecoveringCommand short-circuited and no fallback available.
RecoveringCommand short-circuited and no fallback available.
RecoveringCommand short-circuited and no fallback available.
RecoveringCommand short-circuited and no fallback available.
RecoveringCommand short-circuited and no fallback available.
RecoveringCommand short-circuited and no fallback available.
RecoveringCommand short-circuited and no fallback available.
RecoveringCommand short-circuited and no fallback available.
RecoveringCommand short-circuited and no fallback available.
RecoveringCommand short-circuited and no fallback available.
RecoveringCommand short-circuited and no fallback available.
RecoveringCommand short-circuited and no fallback available.
RecoveringCommand short-circuited and no fallback available.
RecoveringCommand short-circuited and no fallback available.
RecoveringCommand short-circuited and no fallback available.
RecoveringCommand short-circuited and no fallback available.
RecoveringCommand short-circuited and no fallback available.
RecoveringCommand short-circuited and no fallback available.
RecoveringCommand short-circuited and no fallback available.
RecoveringCommand short-circuited and no fallback available.
RecoveringCommand short-circuited and no fallback available.
RecoveringCommand short-circuited and no fallback available.
RecoveringCommand short-circuited and no fallback available.
RecoveringCommand short-circuited and no fallback available.
RecoveringCommand short-circuited and no fallback available.
RecoveringCommand short-circuited and no fallback available.
RecoveringCommand short-circuited and no fallback available.
RecoveringCommand short-circuited and no fallback available.
RecoveringCommand short-circuited and no fallback available.
RecoveringCommand short-circuited and no fallback available.
RecoveringCommand short-circuited and no fallback available.
RecoveringCommand short-circuited and no fallback available.
RecoveringCommand short-circuited and no fallback available.
RecoveringCommand short-circuited and no fallback available.
RecoveringCommand short-circuited and no fallback available.
RecoveringCommand short-circuited and no fallback available.
RecoveringCommand short-circuited and no fallback available.
RecoveringCommand short-circuited and no fallback available.
RecoveringCommand short-circuited and no fallback available.
RecoveringCommand short-circuited and no fallback available.
RecoveringCommand short-circuited and no fallback available.
RecoveringCommand short-circuited and no fallback available.
RecoveringCommand short-circuited and no fallback available.
RecoveringCommand short-circuited and no fallback available.
RecoveringCommand short-circuited and no fallback available.
RecoveringCommand short-circuited and no fallback available.
RecoveringCommand short-circuited and no fallback available.
RecoveringCommand short-circuited and no fallback available.
RecoveringCommand short-circuited and no fallback available.
RecoveringCommand short-circuited and no fallback available.
RecoveringCommand short-circuited and no fallback available.
RecoveringCommand short-circuited and no fallback available.
RecoveringCommand short-circuited and no fallback available.
RecoveringCommand short-circuited and no fallback available.
RecoveringCommand short-circuited and no fallback available.
RecoveringCommand short-circuited and no fallback available.
RecoveringCommand short-circuited and no fallback available.
RecoveringCommand short-circuited and no fallback available.
RecoveringCommand short-circuited and no fallback available.
RecoveringCommand short-circuited and no fallback available.
RecoveringCommand short-circuited and no fallback available.
RecoveringCommand short-circuited and no fallback available.
RecoveringCommand short-circuited and no fallback available.
RecoveringCommand short-circuited and no fallback available.
RecoveringCommand short-circuited and no fallback available.
RecoveringCommand short-circuited and no fallback available.
RecoveringCommand short-circuited and no fallback available.
RecoveringCommand short-circuited and no fallback available.
RecoveringCommand short-circuited and no fallback available.
RecoveringCommand short-circuited and no fallback available.
RecoveringCommand short-circuited and no fallback available.
RecoveringCommand short-circuited and no fallback available.
RecoveringCommand short-circuited and no fallback available.
RecoveringCommand short-circuited and no fallback available.
RecoveringCommand short-circuited and no fallback available.
RecoveringCommand short-circuited and no fallback available.
RecoveringCommand short-circuited and no fallback available.
RecoveringCommand short-circuited and no fallback available.
RecoveringCommand short-circuited and no fallback available.
RecoveringCommand short-circuited and no fallback available.
RecoveringCommand short-circuited and no fallback available.
RecoveringCommand short-circuited and no fallback available.
RecoveringCommand short-circuited and no fallback available.
RecoveringCommand short-circuited and no fallback available.
RecoveringCommand short-circuited and no fallback available.
RecoveringCommand short-circuited and no fallback available.
RecoveringCommand short-circuited and no fallback available.
RecoveringCommand short-circuited and no fallback available.
RecoveringCommand short-circuited and no fallback available.
RecoveringCommand short-circuited and no fallback available.
RecoveringCommand short-circuited and no fallback available.
RecoveringCommand short-circuited and no fallback available.
RecoveringCommand short-circuited and no fallback available.
RecoveringCommand short-circuited and no fallback available.
RecoveringCommand short-circuited and no fallback available.
RecoveringCommand short-circuited and no fallback available.
RecoveringCommand short-circuited and no fallback available.
RecoveringCommand short-circuited and no fallback available.
RecoveringCommand short-circuited and no fallback available.
RecoveringCommand short-circuited and no fallback available.
RecoveringCommand short-circuited and no fallback available.
RecoveringCommand short-circuited and no fallback available.
RecoveringCommand short-circuited and no fallback available.
RecoveringCommand short-circuited and no fallback available.
RecoveringCommand short-circuited and no fallback available.
RecoveringCommand short-circuited and no fallback available.
RecoveringCommand short-circuited and no fallback available.
RecoveringCommand short-circuited and no fallback available.
RecoveringCommand short-circuited and no fallback available.
RecoveringCommand short-circuited and no fallback available.
RecoveringCommand short-circuited and no fallback available.
RecoveringCommand short-circuited and no fallback available.
RecoveringCommand short-circuited and no fallback available.
RecoveringCommand short-circuited and no fallback available.
RecoveringCommand short-circuited and no fallback available.
RecoveringCommand short-circuited and no fallback available.
RecoveringCommand short-circuited and no fallback available.
RecoveringCommand short-circuited and no fallback available.
RecoveringCommand short-circuited and no fallback available.
RecoveringCommand short-circuited and no fallback available.
RecoveringCommand short-circuited and no fallback available.
RecoveringCommand failed and no fallback available.
RecoveringCommand short-circuited and no fallback available.
RecoveringCommand short-circuited and no fallback available.
RecoveringCommand short-circuited and no fallback available.
RecoveringCommand short-circuited and no fallback available.
RecoveringCommand short-circuited and no fallback available.
RecoveringCommand short-circuited and no fallback available.
RecoveringCommand short-circuited and no fallback available.
RecoveringCommand short-circuited and no fallback available.
RecoveringCommand short-circuited and no fallback available.
RecoveringCommand short-circuited and no fallback available.
RecoveringCommand short-circuited and no fallback available.
RecoveringCommand short-circuited and no fallback available.
RecoveringCommand short-circuited and no fallback available.
RecoveringCommand short-circuited and no fallback available.
RecoveringCommand short-circuited and no fallback available.
RecoveringCommand short-circuited and no fallback available.
RecoveringCommand short-circuited and no fallback available.
RecoveringCommand short-circuited and no fallback available.
RecoveringCommand short-circuited and no fallback available.
RecoveringCommand short-circuited and no fallback available.
RecoveringCommand short-circuited and no fallback available.
RecoveringCommand short-circuited and no fallback available.
RecoveringCommand short-circuited and no fallback available.
RecoveringCommand short-circuited and no fallback available.
RecoveringCommand short-circuited and no fallback available.
RecoveringCommand short-circuited and no fallback available.
RecoveringCommand short-circuited and no fallback available.
RecoveringCommand short-circuited and no fallback available.
RecoveringCommand short-circuited and no fallback available.
RecoveringCommand short-circuited and no fallback available.
RecoveringCommand short-circuited and no fallback available.
RecoveringCommand short-circuited and no fallback available.
RecoveringCommand short-circuited and no fallback available.
RecoveringCommand short-circuited and no fallback available.
RecoveringCommand short-circuited and no fallback available.
RecoveringCommand short-circuited and no fallback available.
RecoveringCommand short-circuited and no fallback available.
RecoveringCommand short-circuited and no fallback available.
RecoveringCommand short-circuited and no fallback available.
RecoveringCommand short-circuited and no fallback available.
RecoveringCommand short-circuited and no fallback available.
RecoveringCommand short-circuited and no fallback available.
RecoveringCommand short-circuited and no fallback available.
RecoveringCommand short-circuited and no fallback available.
RecoveringCommand short-circuited and no fallback available.
RecoveringCommand short-circuited and no fallback available.
RecoveringCommand short-circuited and no fallback available.
RecoveringCommand short-circuited and no fallback available.
RecoveringCommand short-circuited and no fallback available.
RecoveringCommand short-circuited and no fallback available.
RecoveringCommand short-circuited and no fallback available.
RecoveringCommand short-circuited and no fallback available.
RecoveringCommand short-circuited and no fallback available.
RecoveringCommand short-circuited and no fallback available.
RecoveringCommand short-circuited and no fallback available.
RecoveringCommand short-circuited and no fallback available.
RecoveringCommand short-circuited and no fallback available.
RecoveringCommand short-circuited and no fallback available.
RecoveringCommand short-circuited and no fallback available.
RecoveringCommand short-circuited and no fallback available.
RecoveringCommand short-circuited and no fallback available.
RecoveringCommand short-circuited and no fallback available.
RecoveringCommand short-circuited and no fallback available.
RecoveringCommand short-circuited and no fallback available.
RecoveringCommand short-circuited and no fallback available.
RecoveringCommand short-circuited and no fallback available.
RecoveringCommand short-circuited and no fallback available.
RecoveringCommand short-circuited and no fallback available.
RecoveringCommand short-circuited and no fallback available.
RecoveringCommand short-circuited and no fallback available.
RecoveringCommand short-circuited and no fallback available.
RecoveringCommand short-circuited and no fallback available.
RecoveringCommand short-circuited and no fallback available.
RecoveringCommand short-circuited and no fallback available.
RecoveringCommand short-circuited and no fallback available.
RecoveringCommand short-circuited and no fallback available.
RecoveringCommand short-circuited and no fallback available.
RecoveringCommand short-circuited and no fallback available.
RecoveringCommand short-circuited and no fallback available.
RecoveringCommand short-circuited and no fallback available.
RecoveringCommand short-circuited and no fallback available.
RecoveringCommand short-circuited and no fallback available.
RecoveringCommand short-circuited and no fallback available.
RecoveringCommand short-circuited and no fallback available.
RecoveringCommand short-circuited and no fallback available.
RecoveringCommand short-circuited and no fallback available.
RecoveringCommand short-circuited and no fallback available.
RecoveringCommand short-circuited and no fallback available.
RecoveringCommand short-circuited and no fallback available.
RecoveringCommand short-circuited and no fallback available.
RecoveringCommand short-circuited and no fallback available.
RecoveringCommand short-circuited and no fallback available.
RecoveringCommand short-circuited and no fallback available.
RecoveringCommand short-circuited and no fallback available.
RecoveringCommand short-circuited and no fallback available.
RecoveringCommand short-circuited and no fallback available.
RecoveringCommand short-circuited and no fallback available.
RecoveringCommand short-circuited and no fallback available.
RecoveringCommand short-circuited and no fallback available.
RecoveringCommand short-circuited and no fallback available.
RecoveringCommand short-circuited and no fallback available.
RecoveringCommand short-circuited and no fallback available.
RecoveringCommand short-circuited and no fallback available.
RecoveringCommand short-circuited and no fallback available.
RecoveringCommand short-circuited and no fallback available.
RecoveringCommand short-circuited and no fallback available.
RecoveringCommand short-circuited and no fallback available.
RecoveringCommand short-circuited and no fallback available.
RecoveringCommand short-circuited and no fallback available.
RecoveringCommand short-circuited and no fallback available.
RecoveringCommand short-circuited and no fallback available.
RecoveringCommand short-circuited and no fallback available.
RecoveringCommand short-circuited and no fallback available.
RecoveringCommand short-circuited and no fallback available.
RecoveringCommand short-circuited and no fallback available.
RecoveringCommand short-circuited and no fallback available.
RecoveringCommand short-circuited and no fallback available.
RecoveringCommand short-circuited and no fallback available.
RecoveringCommand short-circuited and no fallback available.
RecoveringCommand short-circuited and no fallback available.
RecoveringCommand short-circuited and no fallback available.
RecoveringCommand short-circuited and no fallback available.
RecoveringCommand short-circuited and no fallback available.
RecoveringCommand short-circuited and no fallback available.
RecoveringCommand short-circuited and no fallback available.
RecoveringCommand short-circuited and no fallback available.
RecoveringCommand short-circuited and no fallback available.
RecoveringCommand short-circuited and no fallback available.
RecoveringCommand short-circuited and no fallback available.
RecoveringCommand short-circuited and no fallback available.
RecoveringCommand short-circuited and no fallback available.
RecoveringCommand short-circuited and no fallback available.
RecoveringCommand short-circuited and no fallback available.
RecoveringCommand short-circuited and no fallback available.
RecoveringCommand short-circuited and no fallback available.
RecoveringCommand short-circuited and no fallback available.
RecoveringCommand short-circuited and no fallback available.
RecoveringCommand short-circuited and no fallback available.
RecoveringCommand short-circuited and no fallback available.
RecoveringCommand short-circuited and no fallback available.
RecoveringCommand short-circuited and no fallback available.
RecoveringCommand short-circuited and no fallback available.
RecoveringCommand short-circuited and no fallback available.
RecoveringCommand short-circuited and no fallback available.
RecoveringCommand short-circuited and no fallback available.
RecoveringCommand short-circuited and no fallback available.
RecoveringCommand short-circuited and no fallback available.
RecoveringCommand short-circuited and no fallback available.
RecoveringCommand short-circuited and no fallback available.
RecoveringCommand short-circuited and no fallback available.
RecoveringCommand short-circuited and no fallback available.
RecoveringCommand short-circuited and no fallback available.
RecoveringCommand short-circuited and no fallback available.
RecoveringCommand short-circuited and no fallback available.
RecoveringCommand short-circuited and no fallback available.
RecoveringCommand short-circuited and no fallback available.
RecoveringCommand short-circuited and no fallback available.
RecoveringCommand short-circuited and no fallback available.
RecoveringCommand short-circuited and no fallback available.
RecoveringCommand short-circuited and no fallback available.
RecoveringCommand short-circuited and no fallback available.
RecoveringCommand short-circuited and no fallback available.
RecoveringCommand short-circuited and no fallback available.
RecoveringCommand short-circuited and no fallback available.
RecoveringCommand short-circuited and no fallback available.
RecoveringCommand short-circuited and no fallback available.
RecoveringCommand short-circuited and no fallback available.
RecoveringCommand short-circuited and no fallback available.
RecoveringCommand short-circuited and no fallback available.
RecoveringCommand short-circuited and no fallback available.
RecoveringCommand short-circuited and no fallback available.
RecoveringCommand short-circuited and no fallback available.
RecoveringCommand short-circuited and no fallback available.
RecoveringCommand short-circuited and no fallback available.
RecoveringCommand short-circuited and no fallback available.
RecoveringCommand short-circuited and no fallback available.
RecoveringCommand short-circuited and no fallback available.
RecoveringCommand short-circuited and no fallback available.
RecoveringCommand short-circuited and no fallback available.
RecoveringCommand short-circuited and no fallback available.
RecoveringCommand short-circuited and no fallback available.
RecoveringCommand short-circuited and no fallback available.
RecoveringCommand short-circuited and no fallback available.
RecoveringCommand short-circuited and no fallback available.
RecoveringCommand short-circuited and no fallback available.
RecoveringCommand short-circuited and no fallback available.
RecoveringCommand short-circuited and no fallback available.
RecoveringCommand short-circuited and no fallback available.
RecoveringCommand short-circuited and no fallback available.
RecoveringCommand short-circuited and no fallback available.
RecoveringCommand short-circuited and no fallback available.
RecoveringCommand short-circuited and no fallback available.
RecoveringCommand short-circuited and no fallback available.
RecoveringCommand short-circuited and no fallback available.
RecoveringCommand short-circuited and no fallback available.
RecoveringCommand short-circuited and no fallback available.
RecoveringCommand short-circuited and no fallback available.
RecoveringCommand short-circuited and no fallback available.
RecoveringCommand short-circuited and no fallback available.
RecoveringCommand short-circuited and no fallback available.
RecoveringCommand short-circuited and no fallback available.
RecoveringCommand short-circuited and no fallback available.
RecoveringCommand short-circuited and no fallback available.
RecoveringCommand short-circuited and no fallback available.
RecoveringCommand short-circuited and no fallback available.
RecoveringCommand short-circuited and no fallback available.
RecoveringCommand short-circuited and no fallback available.
RecoveringCommand short-circuited and no fallback available.
RecoveringCommand short-circuited and no fallback available.
RecoveringCommand short-circuited and no fallback available.
RecoveringCommand short-circuited and no fallback available.
RecoveringCommand short-circuited and no fallback available.
RecoveringCommand short-circuited and no fallback available.
RecoveringCommand short-circuited and no fallback available.
RecoveringCommand short-circuited and no fallback available.
RecoveringCommand short-circuited and no fallback available.
RecoveringCommand short-circuited and no fallback available.
RecoveringCommand short-circuited and no fallback available.
RecoveringCommand short-circuited and no fallback available.
RecoveringCommand short-circuited and no fallback available.
RecoveringCommand short-circuited and no fallback available.
RecoveringCommand short-circuited and no fallback available.
RecoveringCommand short-circuited and no fallback available.
RecoveringCommand short-circuited and no fallback available.
RecoveringCommand short-circuited and no fallback available.
RecoveringCommand short-circuited and no fallback available.
RecoveringCommand short-circuited and no fallback available.
RecoveringCommand short-circuited and no fallback available.
RecoveringCommand short-circuited and no fallback available.
RecoveringCommand short-circuited and no fallback available.
RecoveringCommand short-circuited and no fallback available.
RecoveringCommand short-circuited and no fallback available.
RecoveringCommand short-circuited and no fallback available.
RecoveringCommand short-circuited and no fallback available.
RecoveringCommand short-circuited and no fallback available.
RecoveringCommand short-circuited and no fallback available.
RecoveringCommand short-circuited and no fallback available.
RecoveringCommand short-circuited and no fallback available.
RecoveringCommand short-circuited and no fallback available.
RecoveringCommand short-circuited and no fallback available.
RecoveringCommand short-circuited and no fallback available.
RecoveringCommand short-circuited and no fallback available.
RecoveringCommand short-circuited and no fallback available.
RecoveringCommand short-circuited and no fallback available.
RecoveringCommand short-circuited and no fallback available.
RecoveringCommand short-circuited and no fallback available.
RecoveringCommand short-circuited and no fallback available.
RecoveringCommand short-circuited and no fallback available.
RecoveringCommand short-circuited and no fallback available.
RecoveringCommand short-circuited and no fallback available.
RecoveringCommand short-circuited and no fallback available.
RecoveringCommand short-circuited and no fallback available.
RecoveringCommand short-circuited and no fallback available.
RecoveringCommand short-circuited and no fallback available.
RecoveringCommand short-circuited and no fallback available.
RecoveringCommand short-circuited and no fallback available.
RecoveringCommand short-circuited and no fallback available.
RecoveringCommand short-circuited and no fallback available.
RecoveringCommand short-circuited and no fallback available.
RecoveringCommand short-circuited and no fallback available.
RecoveringCommand short-circuited and no fallback available.
RecoveringCommand short-circuited and no fallback available.
RecoveringCommand short-circuited and no fallback available.
RecoveringCommand short-circuited and no fallback available.
RecoveringCommand short-circuited and no fallback available.
RecoveringCommand short-circuited and no fallback available.
RecoveringCommand short-circuited and no fallback available.
RecoveringCommand short-circuited and no fallback available.
RecoveringCommand short-circuited and no fallback available.
RecoveringCommand short-circuited and no fallback available.
RecoveringCommand short-circuited and no fallback available.
RecoveringCommand short-circuited and no fallback available.
RecoveringCommand short-circuited and no fallback available.
RecoveringCommand short-circuited and no fallback available.
RecoveringCommand short-circuited and no fallback available.
RecoveringCommand short-circuited and no fallback available.
RecoveringCommand short-circuited and no fallback available.
RecoveringCommand short-circuited and no fallback available.
RecoveringCommand short-circuited and no fallback available.
RecoveringCommand short-circuited and no fallback available.
RecoveringCommand short-circuited and no fallback available.
RecoveringCommand short-circuited and no fallback available.
RecoveringCommand short-circuited and no fallback available.
RecoveringCommand short-circuited and no fallback available.
RecoveringCommand short-circuited and no fallback available.
RecoveringCommand short-circuited and no fallback available.
RecoveringCommand short-circuited and no fallback available.
RecoveringCommand short-circuited and no fallback available.
RecoveringCommand short-circuited and no fallback available.
RecoveringCommand short-circuited and no fallback available.
RecoveringCommand short-circuited and no fallback available.
RecoveringCommand short-circuited and no fallback available.
RecoveringCommand short-circuited and no fallback available.
RecoveringCommand short-circuited and no fallback available.
RecoveringCommand short-circuited and no fallback available.
RecoveringCommand short-circuited and no fallback available.
RecoveringCommand short-circuited and no fallback available.
RecoveringCommand short-circuited and no fallback available.
RecoveringCommand short-circuited and no fallback available.
RecoveringCommand short-circuited and no fallback available.
RecoveringCommand short-circuited and no fallback available.
RecoveringCommand short-circuited and no fallback available.
RecoveringCommand short-circuited and no fallback available.
RecoveringCommand short-circuited and no fallback available.
RecoveringCommand short-circuited and no fallback available.
RecoveringCommand short-circuited and no fallback available.
RecoveringCommand short-circuited and no fallback available.
RecoveringCommand short-circuited and no fallback available.
RecoveringCommand short-circuited and no fallback available.
RecoveringCommand short-circuited and no fallback available.
RecoveringCommand short-circuited and no fallback available.
RecoveringCommand short-circuited and no fallback available.
RecoveringCommand short-circuited and no fallback available.
RecoveringCommand short-circuited and no fallback available.
RecoveringCommand short-circuited and no fallback available.
RecoveringCommand short-circuited and no fallback available.
RecoveringCommand short-circuited and no fallback available.
RecoveringCommand short-circuited and no fallback available.
RecoveringCommand short-circuited and no fallback available.
RecoveringCommand short-circuited and no fallback available.
RecoveringCommand short-circuited and no fallback available.
RecoveringCommand short-circuited and no fallback available.
RecoveringCommand short-circuited and no fallback available.
RecoveringCommand short-circuited and no fallback available.
RecoveringCommand short-circuited and no fallback available.
RecoveringCommand short-circuited and no fallback available.
RecoveringCommand short-circuited and no fallback available.
RecoveringCommand short-circuited and no fallback available.
RecoveringCommand short-circuited and no fallback available.
RecoveringCommand short-circuited and no fallback available.
RecoveringCommand short-circuited and no fallback available.
RecoveringCommand short-circuited and no fallback available.
RecoveringCommand short-circuited and no fallback available.
RecoveringCommand short-circuited and no fallback available.
RecoveringCommand short-circuited and no fallback available.
RecoveringCommand short-circuited and no fallback available.
RecoveringCommand short-circuited and no fallback available.
RecoveringCommand short-circuited and no fallback available.
RecoveringCommand short-circuited and no fallback available.
RecoveringCommand short-circuited and no fallback available.
RecoveringCommand short-circuited and no fallback available.
RecoveringCommand short-circuited and no fallback available.
RecoveringCommand short-circuited and no fallback available.
RecoveringCommand short-circuited and no fallback available.
RecoveringCommand short-circuited and no fallback available.
RecoveringCommand short-circuited and no fallback available.
RecoveringCommand short-circuited and no fallback available.
RecoveringCommand short-circuited and no fallback available.
RecoveringCommand short-circuited and no fallback available.
RecoveringCommand short-circuited and no fallback available.
RecoveringCommand short-circuited and no fallback available.
RecoveringCommand short-circuited and no fallback available.
RecoveringCommand short-circuited and no fallback available.
RecoveringCommand short-circuited and no fallback available.
RecoveringCommand short-circuited and no fallback available.
RecoveringCommand short-circuited and no fallback available.
RecoveringCommand short-circuited and no fallback available.
RecoveringCommand short-circuited and no fallback available.
RecoveringCommand short-circuited and no fallback available.
RecoveringCommand short-circuited and no fallback available.
RecoveringCommand short-circuited and no fallback available.
RecoveringCommand short-circuited and no fallback available.
RecoveringCommand short-circuited and no fallback available.
RecoveringCommand short-circuited and no fallback available.
RecoveringCommand short-circuited and no fallback available.
RecoveringCommand short-circuited and no fallback available.
RecoveringCommand short-circuited and no fallback available.
RecoveringCommand short-circuited and no fallback available.
RecoveringCommand short-circuited and no fallback available.
RecoveringCommand short-circuited and no fallback available.
RecoveringCommand short-circuited and no fallback available.
RecoveringCommand short-circuited and no fallback available.
RecoveringCommand short-circuited and no fallback available.
RecoveringCommand short-circuited and no fallback available.
RecoveringCommand short-circuited and no fallback available.
RecoveringCommand short-circuited and no fallback available.
RecoveringCommand short-circuited and no fallback available.
RecoveringCommand short-circuited and no fallback available.
RecoveringCommand short-circuited and no fallback available.
RecoveringCommand short-circuited and no fallback available.
RecoveringCommand short-circuited and no fallback available.
RecoveringCommand short-circuited and no fallback available.
RecoveringCommand short-circuited and no fallback available.
RecoveringCommand short-circuited and no fallback available.
RecoveringCommand short-circuited and no fallback available.
RecoveringCommand short-circuited and no fallback available.
RecoveringCommand short-circuited and no fallback available.
RecoveringCommand short-circuited and no fallback available.
RecoveringCommand short-circuited and no fallback available.
RecoveringCommand short-circuited and no fallback available.
RecoveringCommand short-circuited and no fallback available.
RecoveringCommand short-circuited and no fallback available.
RecoveringCommand short-circuited and no fallback available.
RecoveringCommand short-circuited and no fallback available.
RecoveringCommand short-circuited and no fallback available.
RecoveringCommand short-circuited and no fallback available.
RecoveringCommand short-circuited and no fallback available.
RecoveringCommand short-circuited and no fallback available.
RecoveringCommand short-circuited and no fallback available.
RecoveringCommand short-circuited and no fallback available.
RecoveringCommand short-circuited and no fallback available.
RecoveringCommand short-circuited and no fallback available.
RecoveringCommand short-circuited and no fallback available.
RecoveringCommand short-circuited and no fallback available.
RecoveringCommand short-circuited and no fallback available.
RecoveringCommand short-circuited and no fallback available.
RecoveringCommand short-circuited and no fallback available.
RecoveringCommand short-circuited and no fallback available.
RecoveringCommand short-circuited and no fallback available.
RecoveringCommand short-circuited and no fallback available.
RecoveringCommand short-circuited and no fallback available.
RecoveringCommand short-circuited and no fallback available.
RecoveringCommand short-circuited and no fallback available.
RecoveringCommand short-circuited and no fallback available.
RecoveringCommand short-circuited and no fallback available.
RecoveringCommand short-circuited and no fallback available.
RecoveringCommand short-circuited and no fallback available.
RecoveringCommand short-circuited and no fallback available.
RecoveringCommand short-circuited and no fallback available.
RecoveringCommand short-circuited and no fallback available.
RecoveringCommand short-circuited and no fallback available.
RecoveringCommand short-circuited and no fallback available.
RecoveringCommand short-circuited and no fallback available.
RecoveringCommand short-circuited and no fallback available.
RecoveringCommand short-circuited and no fallback available.
RecoveringCommand short-circuited and no fallback available.
RecoveringCommand short-circuited and no fallback available.
RecoveringCommand short-circuited and no fallback available.
RecoveringCommand short-circuited and no fallback available.
RecoveringCommand short-circuited and no fallback available.
RecoveringCommand short-circuited and no fallback available.
RecoveringCommand short-circuited and no fallback available.
RecoveringCommand short-circuited and no fallback available.
RecoveringCommand short-circuited and no fallback available.
RecoveringCommand short-circuited and no fallback available.
RecoveringCommand short-circuited and no fallback available.
RecoveringCommand short-circuited and no fallback available.
RecoveringCommand short-circuited and no fallback available.
RecoveringCommand short-circuited and no fallback available.
RecoveringCommand short-circuited and no fallback available.
RecoveringCommand short-circuited and no fallback available.
RecoveringCommand short-circuited and no fallback available.
RecoveringCommand short-circuited and no fallback available.
RecoveringCommand short-circuited and no fallback available.
RecoveringCommand short-circuited and no fallback available.
RecoveringCommand short-circuited and no fallback available.
RecoveringCommand short-circuited and no fallback available.
RecoveringCommand short-circuited and no fallback available.
RecoveringCommand short-circuited and no fallback available.
RecoveringCommand short-circuited and no fallback available.
RecoveringCommand short-circuited and no fallback available.
RecoveringCommand short-circuited and no fallback available.
RecoveringCommand short-circuited and no fallback available.
RecoveringCommand short-circuited and no fallback available.
RecoveringCommand short-circuited and no fallback available.
RecoveringCommand short-circuited and no fallback available.
RecoveringCommand short-circuited and no fallback available.
RecoveringCommand short-circuited and no fallback available.
RecoveringCommand short-circuited and no fallback available.
RecoveringCommand short-circuited and no fallback available.
RecoveringCommand short-circuited and no fallback available.
RecoveringCommand short-circuited and no fallback available.
RecoveringCommand short-circuited and no fallback available.
RecoveringCommand short-circuited and no fallback available.
RecoveringCommand short-circuited and no fallback available.
RecoveringCommand short-circuited and no fallback available.
RecoveringCommand short-circuited and no fallback available.
RecoveringCommand short-circuited and no fallback available.
RecoveringCommand short-circuited and no fallback available.
RecoveringCommand short-circuited and no fallback available.
RecoveringCommand short-circuited and no fallback available.
RecoveringCommand short-circuited and no fallback available.
RecoveringCommand short-circuited and no fallback available.
RecoveringCommand short-circuited and no fallback available.
RecoveringCommand short-circuited and no fallback available.
RecoveringCommand short-circuited and no fallback available.
RecoveringCommand short-circuited and no fallback available.
RecoveringCommand short-circuited and no fallback available.
RecoveringCommand short-circuited and no fallback available.
RecoveringCommand short-circuited and no fallback available.
RecoveringCommand short-circuited and no fallback available.
RecoveringCommand short-circuited and no fallback available.
RecoveringCommand short-circuited and no fallback available.
RecoveringCommand short-circuited and no fallback available.
RecoveringCommand short-circuited and no fallback available.
RecoveringCommand short-circuited and no fallback available.
RecoveringCommand short-circuited and no fallback available.
RecoveringCommand short-circuited and no fallback available.
RecoveringCommand short-circuited and no fallback available.
RecoveringCommand short-circuited and no fallback available.
RecoveringCommand short-circuited and no fallback available.
RecoveringCommand short-circuited and no fallback available.
RecoveringCommand short-circuited and no fallback available.
RecoveringCommand short-circuited and no fallback available.
RecoveringCommand short-circuited and no fallback available.
RecoveringCommand short-circuited and no fallback available.
RecoveringCommand short-circuited and no fallback available.
RecoveringCommand short-circuited and no fallback available.
RecoveringCommand short-circuited and no fallback available.
RecoveringCommand short-circuited and no fallback available.
RecoveringCommand short-circuited and no fallback available.
RecoveringCommand short-circuited and no fallback available.
RecoveringCommand short-circuited and no fallback available.
RecoveringCommand short-circuited and no fallback available.
RecoveringCommand short-circuited and no fallback available.
RecoveringCommand short-circuited and no fallback available.
RecoveringCommand short-circuited and no fallback available.
RecoveringCommand short-circuited and no fallback available.
RecoveringCommand short-circuited and no fallback available.
RecoveringCommand short-circuited and no fallback available.
RecoveringCommand short-circuited and no fallback available.
RecoveringCommand short-circuited and no fallback available.
RecoveringCommand short-circuited and no fallback available.
RecoveringCommand short-circuited and no fallback available.
RecoveringCommand short-circuited and no fallback available.
RecoveringCommand short-circuited and no fallback available.
RecoveringCommand short-circuited and no fallback available.
RecoveringCommand short-circuited and no fallback available.
RecoveringCommand short-circuited and no fallback available.
RecoveringCommand short-circuited and no fallback available.
RecoveringCommand short-circuited and no fallback available.
RecoveringCommand short-circuited and no fallback available.
RecoveringCommand short-circuited and no fallback available.
RecoveringCommand short-circuited and no fallback available.
RecoveringCommand short-circuited and no fallback available.
RecoveringCommand short-circuited and no fallback available.
RecoveringCommand short-circuited and no fallback available.
RecoveringCommand short-circuited and no fallback available.
RecoveringCommand short-circuited and no fallback available.
RecoveringCommand short-circuited and no fallback available.
RecoveringCommand short-circuited and no fallback available.
RecoveringCommand short-circuited and no fallback available.
RecoveringCommand short-circuited and no fallback available.
RecoveringCommand short-circuited and no fallback available.
RecoveringCommand short-circuited and no fallback available.
RecoveringCommand short-circuited and no fallback available.
RecoveringCommand short-circuited and no fallback available.
RecoveringCommand short-circuited and no fallback available.
RecoveringCommand short-circuited and no fallback available.
RecoveringCommand short-circuited and no fallback available.
RecoveringCommand short-circuited and no fallback available.
RecoveringCommand short-circuited and no fallback available.
RecoveringCommand short-circuited and no fallback available.
RecoveringCommand short-circuited and no fallback available.
RecoveringCommand short-circuited and no fallback available.
RecoveringCommand short-circuited and no fallback available.
RecoveringCommand short-circuited and no fallback available.
RecoveringCommand short-circuited and no fallback available.
RecoveringCommand short-circuited and no fallback available.
RecoveringCommand short-circuited and no fallback available.
RecoveringCommand short-circuited and no fallback available.
RecoveringCommand short-circuited and no fallback available.
RecoveringCommand short-circuited and no fallback available.
RecoveringCommand short-circuited and no fallback available.
RecoveringCommand short-circuited and no fallback available.
RecoveringCommand short-circuited and no fallback available.
RecoveringCommand short-circuited and no fallback available.
RecoveringCommand short-circuited and no fallback available.
RecoveringCommand short-circuited and no fallback available.
RecoveringCommand short-circuited and no fallback available.
RecoveringCommand short-circuited and no fallback available.
RecoveringCommand short-circuited and no fallback available.
RecoveringCommand short-circuited and no fallback available.
RecoveringCommand short-circuited and no fallback available.
RecoveringCommand short-circuited and no fallback available.
RecoveringCommand short-circuited and no fallback available.
RecoveringCommand short-circuited and no fallback available.
RecoveringCommand short-circuited and no fallback available.
RecoveringCommand short-circuited and no fallback available.
RecoveringCommand short-circuited and no fallback available.
RecoveringCommand short-circuited and no fallback available.
RecoveringCommand short-circuited and no fallback available.
RecoveringCommand short-circuited and no fallback available.
RecoveringCommand short-circuited and no fallback available.
RecoveringCommand short-circuited and no fallback available.
RecoveringCommand short-circuited and no fallback available.
RecoveringCommand short-circuited and no fallback available.
RecoveringCommand short-circuited and no fallback available.
RecoveringCommand short-circuited and no fallback available.
RecoveringCommand short-circuited and no fallback available.
RecoveringCommand short-circuited and no fallback available.
RecoveringCommand short-circuited and no fallback available.
RecoveringCommand short-circuited and no fallback available.
RecoveringCommand short-circuited and no fallback available.
RecoveringCommand short-circuited and no fallback available.
RecoveringCommand short-circuited and no fallback available.
RecoveringCommand short-circuited and no fallback available.
RecoveringCommand short-circuited and no fallback available.
RecoveringCommand short-circuited and no fallback available.
RecoveringCommand short-circuited and no fallback available.
RecoveringCommand short-circuited and no fallback available.
RecoveringCommand short-circuited and no fallback available.
RecoveringCommand short-circuited and no fallback available.
RecoveringCommand short-circuited and no fallback available.
RecoveringCommand short-circuited and no fallback available.
RecoveringCommand short-circuited and no fallback available.
RecoveringCommand short-circuited and no fallback available.
RecoveringCommand short-circuited and no fallback available.
RecoveringCommand short-circuited and no fallback available.
RecoveringCommand short-circuited and no fallback available.
RecoveringCommand short-circuited and no fallback available.
RecoveringCommand short-circuited and no fallback available.
RecoveringCommand short-circuited and no fallback available.
RecoveringCommand short-circuited and no fallback available.
RecoveringCommand short-circuited and no fallback available.
RecoveringCommand short-circuited and no fallback available.
RecoveringCommand short-circuited and no fallback available.
RecoveringCommand short-circuited and no fallback available.
RecoveringCommand short-circuited and no fallback available.
RecoveringCommand short-circuited and no fallback available.
RecoveringCommand short-circuited and no fallback available.
RecoveringCommand short-circuited and no fallback available.
RecoveringCommand short-circuited and no fallback available.
RecoveringCommand short-circuited and no fallback available.
RecoveringCommand short-circuited and no fallback available.
RecoveringCommand short-circuited and no fallback available.
RecoveringCommand short-circuited and no fallback available.
RecoveringCommand short-circuited and no fallback available.
RecoveringCommand short-circuited and no fallback available.
RecoveringCommand short-circuited and no fallback available.
RecoveringCommand short-circuited and no fallback available.
RecoveringCommand short-circuited and no fallback available.
RecoveringCommand short-circuited and no fallback available.
RecoveringCommand short-circuited and no fallback available.
RecoveringCommand short-circuited and no fallback available.
RecoveringCommand short-circuited and no fallback available.
RecoveringCommand short-circuited and no fallback available.
RecoveringCommand short-circuited and no fallback available.
RecoveringCommand short-circuited and no fallback available.
RecoveringCommand short-circuited and no fallback available.
RecoveringCommand short-circuited and no fallback available.
RecoveringCommand short-circuited and no fallback available.
RecoveringCommand short-circuited and no fallback available.
RecoveringCommand short-circuited and no fallback available.
RecoveringCommand short-circuited and no fallback available.
RecoveringCommand short-circuited and no fallback available.
RecoveringCommand short-circuited and no fallback available.
RecoveringCommand short-circuited and no fallback available.
RecoveringCommand short-circuited and no fallback available.
RecoveringCommand short-circuited and no fallback available.
RecoveringCommand short-circuited and no fallback available.
RecoveringCommand short-circuited and no fallback available.
RecoveringCommand short-circuited and no fallback available.
RecoveringCommand short-circuited and no fallback available.
RecoveringCommand short-circuited and no fallback available.
RecoveringCommand short-circuited and no fallback available.
RecoveringCommand short-circuited and no fallback available.
RecoveringCommand short-circuited and no fallback available.
RecoveringCommand short-circuited and no fallback available.
RecoveringCommand short-circuited and no fallback available.
RecoveringCommand short-circuited and no fallback available.
RecoveringCommand short-circuited and no fallback available.
RecoveringCommand short-circuited and no fallback available.
RecoveringCommand short-circuited and no fallback available.
RecoveringCommand short-circuited and no fallback available.
RecoveringCommand short-circuited and no fallback available.
RecoveringCommand short-circuited and no fallback available.
RecoveringCommand short-circuited and no fallback available.
RecoveringCommand short-circuited and no fallback available.
RecoveringCommand short-circuited and no fallback available.
RecoveringCommand short-circuited and no fallback available.
RecoveringCommand short-circuited and no fallback available.
RecoveringCommand short-circuited and no fallback available.
RecoveringCommand short-circuited and no fallback available.
RecoveringCommand short-circuited and no fallback available.
RecoveringCommand short-circuited and no fallback available.
RecoveringCommand short-circuited and no fallback available.
RecoveringCommand short-circuited and no fallback available.
RecoveringCommand short-circuited and no fallback available.
RecoveringCommand short-circuited and no fallback available.
RecoveringCommand short-circuited and no fallback available.
RecoveringCommand short-circuited and no fallback available.
RecoveringCommand short-circuited and no fallback available.
RecoveringCommand short-circuited and no fallback available.
RecoveringCommand short-circuited and no fallback available.
RecoveringCommand short-circuited and no fallback available.
RecoveringCommand short-circuited and no fallback available.
RecoveringCommand short-circuited and no fallback available.
RecoveringCommand short-circuited and no fallback available.
RecoveringCommand short-circuited and no fallback available.
RecoveringCommand short-circuited and no fallback available.
RecoveringCommand short-circuited and no fallback available.
RecoveringCommand short-circuited and no fallback available.
RecoveringCommand short-circuited and no fallback available.
RecoveringCommand short-circuited and no fallback available.
RecoveringCommand short-circuited and no fallback available.
RecoveringCommand short-circuited and no fallback available.
RecoveringCommand short-circuited and no fallback available.
RecoveringCommand short-circuited and no fallback available.
RecoveringCommand short-circuited and no fallback available.
RecoveringCommand short-circuited and no fallback available.
RecoveringCommand short-circuited and no fallback available.
RecoveringCommand short-circuited and no fallback available.
RecoveringCommand short-circuited and no fallback available.
RecoveringCommand short-circuited and no fallback available.
RecoveringCommand short-circuited and no fallback available.
RecoveringCommand short-circuited and no fallback available.
RecoveringCommand short-circuited and no fallback available.
RecoveringCommand short-circuited and no fallback available.
RecoveringCommand short-circuited and no fallback available.
RecoveringCommand short-circuited and no fallback available.
RecoveringCommand short-circuited and no fallback available.
RecoveringCommand short-circuited and no fallback available.
RecoveringCommand short-circuited and no fallback available.
RecoveringCommand short-circuited and no fallback available.
RecoveringCommand short-circuited and no fallback available.
RecoveringCommand short-circuited and no fallback available.
RecoveringCommand short-circuited and no fallback available.
RecoveringCommand short-circuited and no fallback available.
RecoveringCommand short-circuited and no fallback available.
RecoveringCommand short-circuited and no fallback available.
RecoveringCommand short-circuited and no fallback available.
RecoveringCommand short-circuited and no fallback available.
RecoveringCommand short-circuited and no fallback available.
RecoveringCommand short-circuited and no fallback available.
RecoveringCommand short-circuited and no fallback available.
RecoveringCommand short-circuited and no fallback available.
RecoveringCommand short-circuited and no fallback available.
RecoveringCommand short-circuited and no fallback available.
RecoveringCommand short-circuited and no fallback available.
RecoveringCommand short-circuited and no fallback available.
RecoveringCommand short-circuited and no fallback available.
RecoveringCommand short-circuited and no fallback available.
RecoveringCommand short-circuited and no fallback available.
RecoveringCommand short-circuited and no fallback available.
RecoveringCommand short-circuited and no fallback available.
RecoveringCommand short-circuited and no fallback available.
RecoveringCommand short-circuited and no fallback available.
RecoveringCommand short-circuited and no fallback available.
RecoveringCommand short-circuited and no fallback available.
RecoveringCommand short-circuited and no fallback available.
RecoveringCommand short-circuited and no fallback available.
RecoveringCommand short-circuited and no fallback available.
RecoveringCommand short-circuited and no fallback available.
RecoveringCommand failed and no fallback available.
RecoveringCommand short-circuited and no fallback available.
RecoveringCommand short-circuited and no fallback available.
RecoveringCommand short-circuited and no fallback available.
RecoveringCommand short-circuited and no fallback available.
RecoveringCommand short-circuited and no fallback available.
RecoveringCommand short-circuited and no fallback available.
RecoveringCommand short-circuited and no fallback available.
RecoveringCommand short-circuited and no fallback available.
RecoveringCommand short-circuited and no fallback available.
RecoveringCommand short-circuited and no fallback available.
RecoveringCommand short-circuited and no fallback available.
RecoveringCommand short-circuited and no fallback available.
RecoveringCommand short-circuited and no fallback available.
RecoveringCommand short-circuited and no fallback available.
RecoveringCommand short-circuited and no fallback available.
RecoveringCommand short-circuited and no fallback available.
RecoveringCommand short-circuited and no fallback available.
RecoveringCommand short-circuited and no fallback available.
RecoveringCommand short-circuited and no fallback available.
RecoveringCommand short-circuited and no fallback available.
RecoveringCommand short-circuited and no fallback available.
RecoveringCommand short-circuited and no fallback available.
RecoveringCommand short-circuited and no fallback available.
RecoveringCommand short-circuited and no fallback available.
RecoveringCommand short-circuited and no fallback available.
RecoveringCommand short-circuited and no fallback available.
RecoveringCommand short-circuited and no fallback available.
RecoveringCommand short-circuited and no fallback available.
RecoveringCommand short-circuited and no fallback available.
RecoveringCommand short-circuited and no fallback available.
RecoveringCommand short-circuited and no fallback available.
RecoveringCommand short-circuited and no fallback available.
RecoveringCommand short-circuited and no fallback available.
RecoveringCommand short-circuited and no fallback available.
RecoveringCommand short-circuited and no fallback available.
RecoveringCommand short-circuited and no fallback available.
RecoveringCommand short-circuited and no fallback available.
RecoveringCommand short-circuited and no fallback available.
RecoveringCommand short-circuited and no fallback available.
RecoveringCommand short-circuited and no fallback available.
RecoveringCommand short-circuited and no fallback available.
RecoveringCommand short-circuited and no fallback available.
RecoveringCommand short-circuited and no fallback available.
RecoveringCommand short-circuited and no fallback available.
RecoveringCommand short-circuited and no fallback available.
RecoveringCommand short-circuited and no fallback available.
RecoveringCommand short-circuited and no fallback available.
RecoveringCommand short-circuited and no fallback available.
RecoveringCommand short-circuited and no fallback available.
RecoveringCommand short-circuited and no fallback available.
RecoveringCommand short-circuited and no fallback available.
RecoveringCommand short-circuited and no fallback available.
RecoveringCommand short-circuited and no fallback available.
RecoveringCommand short-circuited and no fallback available.
RecoveringCommand short-circuited and no fallback available.
RecoveringCommand short-circuited and no fallback available.
RecoveringCommand short-circuited and no fallback available.
RecoveringCommand short-circuited and no fallback available.
RecoveringCommand short-circuited and no fallback available.
RecoveringCommand short-circuited and no fallback available.
RecoveringCommand short-circuited and no fallback available.
RecoveringCommand short-circuited and no fallback available.
RecoveringCommand short-circuited and no fallback available.
RecoveringCommand short-circuited and no fallback available.
RecoveringCommand short-circuited and no fallback available.
RecoveringCommand short-circuited and no fallback available.
RecoveringCommand short-circuited and no fallback available.
RecoveringCommand short-circuited and no fallback available.
RecoveringCommand short-circuited and no fallback available.
RecoveringCommand short-circuited and no fallback available.
RecoveringCommand short-circuited and no fallback available.
RecoveringCommand short-circuited and no fallback available.
RecoveringCommand short-circuited and no fallback available.
RecoveringCommand short-circuited and no fallback available.
RecoveringCommand short-circuited and no fallback available.
RecoveringCommand short-circuited and no fallback available.
RecoveringCommand short-circuited and no fallback available.
RecoveringCommand short-circuited and no fallback available.
RecoveringCommand short-circuited and no fallback available.
RecoveringCommand short-circuited and no fallback available.
RecoveringCommand short-circuited and no fallback available.
RecoveringCommand short-circuited and no fallback available.
RecoveringCommand short-circuited and no fallback available.
RecoveringCommand short-circuited and no fallback available.
RecoveringCommand short-circuited and no fallback available.
RecoveringCommand short-circuited and no fallback available.
RecoveringCommand short-circuited and no fallback available.
RecoveringCommand short-circuited and no fallback available.
RecoveringCommand short-circuited and no fallback available.
RecoveringCommand short-circuited and no fallback available.
RecoveringCommand short-circuited and no fallback available.
RecoveringCommand short-circuited and no fallback available.
RecoveringCommand short-circuited and no fallback available.
RecoveringCommand short-circuited and no fallback available.
RecoveringCommand short-circuited and no fallback available.
RecoveringCommand short-circuited and no fallback available.
RecoveringCommand short-circuited and no fallback available.
RecoveringCommand short-circuited and no fallback available.
RecoveringCommand short-circuited and no fallback available.
RecoveringCommand short-circuited and no fallback available.
RecoveringCommand short-circuited and no fallback available.
RecoveringCommand short-circuited and no fallback available.
RecoveringCommand short-circuited and no fallback available.
RecoveringCommand short-circuited and no fallback available.
RecoveringCommand short-circuited and no fallback available.
RecoveringCommand short-circuited and no fallback available.
RecoveringCommand short-circuited and no fallback available.
RecoveringCommand short-circuited and no fallback available.
RecoveringCommand short-circuited and no fallback available.
RecoveringCommand short-circuited and no fallback available.
RecoveringCommand short-circuited and no fallback available.
RecoveringCommand short-circuited and no fallback available.
RecoveringCommand short-circuited and no fallback available.
RecoveringCommand short-circuited and no fallback available.
RecoveringCommand short-circuited and no fallback available.
RecoveringCommand short-circuited and no fallback available.
RecoveringCommand short-circuited and no fallback available.
RecoveringCommand short-circuited and no fallback available.
RecoveringCommand short-circuited and no fallback available.
RecoveringCommand short-circuited and no fallback available.
RecoveringCommand short-circuited and no fallback available.
RecoveringCommand short-circuited and no fallback available.
RecoveringCommand short-circuited and no fallback available.
RecoveringCommand short-circuited and no fallback available.
RecoveringCommand short-circuited and no fallback available.
RecoveringCommand short-circuited and no fallback available.
RecoveringCommand short-circuited and no fallback available.
RecoveringCommand short-circuited and no fallback available.
RecoveringCommand short-circuited and no fallback available.
RecoveringCommand short-circuited and no fallback available.
RecoveringCommand short-circuited and no fallback available.
RecoveringCommand short-circuited and no fallback available.
RecoveringCommand short-circuited and no fallback available.
RecoveringCommand short-circuited and no fallback available.
RecoveringCommand short-circuited and no fallback available.
RecoveringCommand short-circuited and no fallback available.
RecoveringCommand short-circuited and no fallback available.
RecoveringCommand short-circuited and no fallback available.
RecoveringCommand short-circuited and no fallback available.
RecoveringCommand short-circuited and no fallback available.
RecoveringCommand short-circuited and no fallback available.
RecoveringCommand short-circuited and no fallback available.
RecoveringCommand short-circuited and no fallback available.
RecoveringCommand short-circuited and no fallback available.
RecoveringCommand short-circuited and no fallback available.
RecoveringCommand short-circuited and no fallback available.
RecoveringCommand short-circuited and no fallback available.
RecoveringCommand short-circuited and no fallback available.
RecoveringCommand short-circuited and no fallback available.
RecoveringCommand short-circuited and no fallback available.
RecoveringCommand short-circuited and no fallback available.
RecoveringCommand short-circuited and no fallback available.
RecoveringCommand short-circuited and no fallback available.
RecoveringCommand short-circuited and no fallback available.
RecoveringCommand short-circuited and no fallback available.
RecoveringCommand short-circuited and no fallback available.
RecoveringCommand short-circuited and no fallback available.
RecoveringCommand short-circuited and no fallback available.
RecoveringCommand short-circuited and no fallback available.
RecoveringCommand short-circuited and no fallback available.
RecoveringCommand short-circuited and no fallback available.
RecoveringCommand short-circuited and no fallback available.
RecoveringCommand short-circuited and no fallback available.
RecoveringCommand short-circuited and no fallback available.
RecoveringCommand short-circuited and no fallback available.
RecoveringCommand short-circuited and no fallback available.
RecoveringCommand short-circuited and no fallback available.
RecoveringCommand short-circuited and no fallback available.
RecoveringCommand short-circuited and no fallback available.
RecoveringCommand short-circuited and no fallback available.
RecoveringCommand short-circuited and no fallback available.
RecoveringCommand short-circuited and no fallback available.
RecoveringCommand short-circuited and no fallback available.
RecoveringCommand short-circuited and no fallback available.
RecoveringCommand short-circuited and no fallback available.
RecoveringCommand short-circuited and no fallback available.
RecoveringCommand short-circuited and no fallback available.
RecoveringCommand short-circuited and no fallback available.
RecoveringCommand short-circuited and no fallback available.
RecoveringCommand short-circuited and no fallback available.
RecoveringCommand short-circuited and no fallback available.
RecoveringCommand short-circuited and no fallback available.
RecoveringCommand short-circuited and no fallback available.
RecoveringCommand short-circuited and no fallback available.
RecoveringCommand short-circuited and no fallback available.
RecoveringCommand short-circuited and no fallback available.
RecoveringCommand short-circuited and no fallback available.
RecoveringCommand short-circuited and no fallback available.
RecoveringCommand short-circuited and no fallback available.
RecoveringCommand short-circuited and no fallback available.
RecoveringCommand short-circuited and no fallback available.
RecoveringCommand short-circuited and no fallback available.
RecoveringCommand short-circuited and no fallback available.
RecoveringCommand short-circuited and no fallback available.
RecoveringCommand short-circuited and no fallback available.
RecoveringCommand short-circuited and no fallback available.
RecoveringCommand short-circuited and no fallback available.
RecoveringCommand short-circuited and no fallback available.
RecoveringCommand short-circuited and no fallback available.
RecoveringCommand short-circuited and no fallback available.
RecoveringCommand short-circuited and no fallback available.
RecoveringCommand short-circuited and no fallback available.
RecoveringCommand short-circuited and no fallback available.
RecoveringCommand short-circuited and no fallback available.
RecoveringCommand short-circuited and no fallback available.
RecoveringCommand short-circuited and no fallback available.
RecoveringCommand short-circuited and no fallback available.
RecoveringCommand short-circuited and no fallback available.
RecoveringCommand short-circuited and no fallback available.
RecoveringCommand short-circuited and no fallback available.
RecoveringCommand short-circuited and no fallback available.
RecoveringCommand short-circuited and no fallback available.
RecoveringCommand short-circuited and no fallback available.
RecoveringCommand short-circuited and no fallback available.
RecoveringCommand short-circuited and no fallback available.
RecoveringCommand short-circuited and no fallback available.
RecoveringCommand short-circuited and no fallback available.
RecoveringCommand short-circuited and no fallback available.
RecoveringCommand short-circuited and no fallback available.
RecoveringCommand short-circuited and no fallback available.
RecoveringCommand short-circuited and no fallback available.
RecoveringCommand short-circuited and no fallback available.
RecoveringCommand short-circuited and no fallback available.
RecoveringCommand short-circuited and no fallback available.
RecoveringCommand short-circuited and no fallback available.
RecoveringCommand short-circuited and no fallback available.
RecoveringCommand short-circuited and no fallback available.
RecoveringCommand short-circuited and no fallback available.
RecoveringCommand short-circuited and no fallback available.
RecoveringCommand short-circuited and no fallback available.
RecoveringCommand short-circuited and no fallback available.
RecoveringCommand short-circuited and no fallback available.
RecoveringCommand short-circuited and no fallback available.
RecoveringCommand short-circuited and no fallback available.
RecoveringCommand short-circuited and no fallback available.
RecoveringCommand short-circuited and no fallback available.
RecoveringCommand short-circuited and no fallback available.
RecoveringCommand short-circuited and no fallback available.
RecoveringCommand short-circuited and no fallback available.
RecoveringCommand short-circuited and no fallback available.
RecoveringCommand short-circuited and no fallback available.
RecoveringCommand short-circuited and no fallback available.
RecoveringCommand short-circuited and no fallback available.
RecoveringCommand short-circuited and no fallback available.
RecoveringCommand short-circuited and no fallback available.
RecoveringCommand short-circuited and no fallback available.
RecoveringCommand short-circuited and no fallback available.
RecoveringCommand short-circuited and no fallback available.
RecoveringCommand short-circuited and no fallback available.
RecoveringCommand short-circuited and no fallback available.
RecoveringCommand short-circuited and no fallback available.
RecoveringCommand short-circuited and no fallback available.
RecoveringCommand short-circuited and no fallback available.
RecoveringCommand short-circuited and no fallback available.
RecoveringCommand short-circuited and no fallback available.
RecoveringCommand short-circuited and no fallback available.
RecoveringCommand short-circuited and no fallback available.
RecoveringCommand short-circuited and no fallback available.
RecoveringCommand short-circuited and no fallback available.
RecoveringCommand short-circuited and no fallback available.
RecoveringCommand short-circuited and no fallback available.
RecoveringCommand short-circuited and no fallback available.
RecoveringCommand short-circuited and no fallback available.
RecoveringCommand short-circuited and no fallback available.
RecoveringCommand short-circuited and no fallback available.
RecoveringCommand short-circuited and no fallback available.
RecoveringCommand short-circuited and no fallback available.
RecoveringCommand short-circuited and no fallback available.
RecoveringCommand short-circuited and no fallback available.
RecoveringCommand short-circuited and no fallback available.
RecoveringCommand short-circuited and no fallback available.
RecoveringCommand short-circuited and no fallback available.
RecoveringCommand short-circuited and no fallback available.
RecoveringCommand short-circuited and no fallback available.
RecoveringCommand short-circuited and no fallback available.
RecoveringCommand short-circuited and no fallback available.
RecoveringCommand short-circuited and no fallback available.
RecoveringCommand short-circuited and no fallback available.
RecoveringCommand short-circuited and no fallback available.
RecoveringCommand short-circuited and no fallback available.
RecoveringCommand short-circuited and no fallback available.
RecoveringCommand short-circuited and no fallback available.
RecoveringCommand short-circuited and no fallback available.
RecoveringCommand short-circuited and no fallback available.
RecoveringCommand short-circuited and no fallback available.
RecoveringCommand short-circuited and no fallback available.
RecoveringCommand short-circuited and no fallback available.
RecoveringCommand short-circuited and no fallback available.
RecoveringCommand short-circuited and no fallback available.
RecoveringCommand short-circuited and no fallback available.
RecoveringCommand short-circuited and no fallback available.
RecoveringCommand short-circuited and no fallback available.
RecoveringCommand short-circuited and no fallback available.
RecoveringCommand short-circuited and no fallback available.
RecoveringCommand short-circuited and no fallback available.
RecoveringCommand short-circuited and no fallback available.
RecoveringCommand short-circuited and no fallback available.
RecoveringCommand short-circuited and no fallback available.
RecoveringCommand short-circuited and no fallback available.
RecoveringCommand short-circuited and no fallback available.
RecoveringCommand short-circuited and no fallback available.
RecoveringCommand short-circuited and no fallback available.
RecoveringCommand short-circuited and no fallback available.
RecoveringCommand short-circuited and no fallback available.
RecoveringCommand short-circuited and no fallback available.
RecoveringCommand short-circuited and no fallback available.
RecoveringCommand short-circuited and no fallback available.
RecoveringCommand short-circuited and no fallback available.
RecoveringCommand short-circuited and no fallback available.
RecoveringCommand short-circuited and no fallback available.
RecoveringCommand short-circuited and no fallback available.
RecoveringCommand short-circuited and no fallback available.
RecoveringCommand short-circuited and no fallback available.
RecoveringCommand short-circuited and no fallback available.
RecoveringCommand short-circuited and no fallback available.
RecoveringCommand short-circuited and no fallback available.
RecoveringCommand short-circuited and no fallback available.
RecoveringCommand short-circuited and no fallback available.
RecoveringCommand short-circuited and no fallback available.
RecoveringCommand short-circuited and no fallback available.
RecoveringCommand short-circuited and no fallback available.
RecoveringCommand short-circuited and no fallback available.
RecoveringCommand short-circuited and no fallback available.
RecoveringCommand short-circuited and no fallback available.
RecoveringCommand short-circuited and no fallback available.
RecoveringCommand short-circuited and no fallback available.
RecoveringCommand short-circuited and no fallback available.
RecoveringCommand short-circuited and no fallback available.
RecoveringCommand short-circuited and no fallback available.
RecoveringCommand short-circuited and no fallback available.
RecoveringCommand short-circuited and no fallback available.
RecoveringCommand short-circuited and no fallback available.
RecoveringCommand short-circuited and no fallback available.
RecoveringCommand short-circuited and no fallback available.
RecoveringCommand short-circuited and no fallback available.
RecoveringCommand short-circuited and no fallback available.
RecoveringCommand short-circuited and no fallback available.
RecoveringCommand short-circuited and no fallback available.
RecoveringCommand short-circuited and no fallback available.
RecoveringCommand short-circuited and no fallback available.
RecoveringCommand short-circuited and no fallback available.
RecoveringCommand short-circuited and no fallback available.
RecoveringCommand short-circuited and no fallback available.
RecoveringCommand short-circuited and no fallback available.
RecoveringCommand short-circuited and no fallback available.
RecoveringCommand short-circuited and no fallback available.
RecoveringCommand short-circuited and no fallback available.
RecoveringCommand short-circuited and no fallback available.
RecoveringCommand short-circuited and no fallback available.
RecoveringCommand short-circuited and no fallback available.
RecoveringCommand short-circuited and no fallback available.
RecoveringCommand short-circuited and no fallback available.
RecoveringCommand short-circuited and no fallback available.
RecoveringCommand short-circuited and no fallback available.
RecoveringCommand short-circuited and no fallback available.
RecoveringCommand short-circuited and no fallback available.
RecoveringCommand short-circuited and no fallback available.
RecoveringCommand short-circuited and no fallback available.
RecoveringCommand short-circuited and no fallback available.
RecoveringCommand short-circuited and no fallback available.
RecoveringCommand short-circuited and no fallback available.
RecoveringCommand short-circuited and no fallback available.
RecoveringCommand short-circuited and no fallback available.
RecoveringCommand short-circuited and no fallback available.
RecoveringCommand short-circuited and no fallback available.
RecoveringCommand short-circuited and no fallback available.
RecoveringCommand short-circuited and no fallback available.
RecoveringCommand short-circuited and no fallback available.
RecoveringCommand short-circuited and no fallback available.
RecoveringCommand short-circuited and no fallback available.
RecoveringCommand short-circuited and no fallback available.
RecoveringCommand short-circuited and no fallback available.
RecoveringCommand short-circuited and no fallback available.
RecoveringCommand short-circuited and no fallback available.
RecoveringCommand short-circuited and no fallback available.
RecoveringCommand short-circuited and no fallback available.
RecoveringCommand short-circuited and no fallback available.
RecoveringCommand short-circuited and no fallback available.
RecoveringCommand short-circuited and no fallback available.
RecoveringCommand short-circuited and no fallback available.
RecoveringCommand short-circuited and no fallback available.
RecoveringCommand short-circuited and no fallback available.
RecoveringCommand short-circuited and no fallback available.
RecoveringCommand short-circuited and no fallback available.
RecoveringCommand short-circuited and no fallback available.
RecoveringCommand short-circuited and no fallback available.
RecoveringCommand short-circuited and no fallback available.
RecoveringCommand short-circuited and no fallback available.
RecoveringCommand short-circuited and no fallback available.
RecoveringCommand short-circuited and no fallback available.
RecoveringCommand short-circuited and no fallback available.
RecoveringCommand short-circuited and no fallback available.
RecoveringCommand short-circuited and no fallback available.
RecoveringCommand short-circuited and no fallback available.
RecoveringCommand short-circuited and no fallback available.
RecoveringCommand short-circuited and no fallback available.
RecoveringCommand short-circuited and no fallback available.
RecoveringCommand short-circuited and no fallback available.
RecoveringCommand short-circuited and no fallback available.
RecoveringCommand short-circuited and no fallback available.
RecoveringCommand short-circuited and no fallback available.
RecoveringCommand short-circuited and no fallback available.
RecoveringCommand short-circuited and no fallback available.
RecoveringCommand short-circuited and no fallback available.
RecoveringCommand short-circuited and no fallback available.
RecoveringCommand short-circuited and no fallback available.
RecoveringCommand short-circuited and no fallback available.
RecoveringCommand short-circuited and no fallback available.
RecoveringCommand short-circuited and no fallback available.
RecoveringCommand short-circuited and no fallback available.
RecoveringCommand short-circuited and no fallback available.
RecoveringCommand short-circuited and no fallback available.
RecoveringCommand short-circuited and no fallback available.
RecoveringCommand short-circuited and no fallback available.
RecoveringCommand short-circuited and no fallback available.
RecoveringCommand short-circuited and no fallback available.
RecoveringCommand short-circuited and no fallback available.
RecoveringCommand short-circuited and no fallback available.
RecoveringCommand short-circuited and no fallback available.
RecoveringCommand short-circuited and no fallback available.
RecoveringCommand short-circuited and no fallback available.
RecoveringCommand short-circuited and no fallback available.
RecoveringCommand short-circuited and no fallback available.
RecoveringCommand short-circuited and no fallback available.
RecoveringCommand short-circuited and no fallback available.
RecoveringCommand short-circuited and no fallback available.
RecoveringCommand short-circuited and no fallback available.
RecoveringCommand short-circuited and no fallback available.
RecoveringCommand short-circuited and no fallback available.
RecoveringCommand short-circuited and no fallback available.
RecoveringCommand short-circuited and no fallback available.
RecoveringCommand short-circuited and no fallback available.
RecoveringCommand short-circuited and no fallback available.
RecoveringCommand short-circuited and no fallback available.
RecoveringCommand short-circuited and no fallback available.
RecoveringCommand short-circuited and no fallback available.
RecoveringCommand short-circuited and no fallback available.
RecoveringCommand short-circuited and no fallback available.
RecoveringCommand short-circuited and no fallback available.
RecoveringCommand short-circuited and no fallback available.
RecoveringCommand short-circuited and no fallback available.
RecoveringCommand short-circuited and no fallback available.
RecoveringCommand short-circuited and no fallback available.
RecoveringCommand short-circuited and no fallback available.
RecoveringCommand short-circuited and no fallback available.
RecoveringCommand short-circuited and no fallback available.
RecoveringCommand short-circuited and no fallback available.
RecoveringCommand short-circuited and no fallback available.
RecoveringCommand short-circuited and no fallback available.
RecoveringCommand short-circuited and no fallback available.
RecoveringCommand short-circuited and no fallback available.
RecoveringCommand short-circuited and no fallback available.
RecoveringCommand short-circuited and no fallback available.
RecoveringCommand short-circuited and no fallback available.
RecoveringCommand short-circuited and no fallback available.
RecoveringCommand short-circuited and no fallback available.
RecoveringCommand short-circuited and no fallback available.
RecoveringCommand short-circuited and no fallback available.
RecoveringCommand short-circuited and no fallback available.
RecoveringCommand short-circuited and no fallback available.
RecoveringCommand short-circuited and no fallback available.
RecoveringCommand short-circuited and no fallback available.
RecoveringCommand short-circuited and no fallback available.
RecoveringCommand short-circuited and no fallback available.
RecoveringCommand short-circuited and no fallback available.
RecoveringCommand short-circuited and no fallback available.
RecoveringCommand short-circuited and no fallback available.
RecoveringCommand short-circuited and no fallback available.
RecoveringCommand short-circuited and no fallback available.
RecoveringCommand short-circuited and no fallback available.
RecoveringCommand short-circuited and no fallback available.
RecoveringCommand short-circuited and no fallback available.
RecoveringCommand short-circuited and no fallback available.
RecoveringCommand short-circuited and no fallback available.
RecoveringCommand short-circuited and no fallback available.
RecoveringCommand short-circuited and no fallback available.
RecoveringCommand short-circuited and no fallback available.
RecoveringCommand short-circuited and no fallback available.
RecoveringCommand short-circuited and no fallback available.
RecoveringCommand short-circuited and no fallback available.
RecoveringCommand short-circuited and no fallback available.
RecoveringCommand short-circuited and no fallback available.
RecoveringCommand short-circuited and no fallback available.
RecoveringCommand short-circuited and no fallback available.
RecoveringCommand short-circuited and no fallback available.
RecoveringCommand short-circuited and no fallback available.
RecoveringCommand short-circuited and no fallback available.
RecoveringCommand short-circuited and no fallback available.
RecoveringCommand short-circuited and no fallback available.
RecoveringCommand short-circuited and no fallback available.
RecoveringCommand short-circuited and no fallback available.
RecoveringCommand short-circuited and no fallback available.
RecoveringCommand short-circuited and no fallback available.
RecoveringCommand short-circuited and no fallback available.
RecoveringCommand short-circuited and no fallback available.
RecoveringCommand short-circuited and no fallback available.
RecoveringCommand short-circuited and no fallback available.
RecoveringCommand short-circuited and no fallback available.
RecoveringCommand short-circuited and no fallback available.
RecoveringCommand short-circuited and no fallback available.
RecoveringCommand short-circuited and no fallback available.
RecoveringCommand short-circuited and no fallback available.
RecoveringCommand short-circuited and no fallback available.
RecoveringCommand short-circuited and no fallback available.
RecoveringCommand short-circuited and no fallback available.
RecoveringCommand short-circuited and no fallback available.
RecoveringCommand short-circuited and no fallback available.
RecoveringCommand short-circuited and no fallback available.
RecoveringCommand short-circuited and no fallback available.
RecoveringCommand short-circuited and no fallback available.
RecoveringCommand short-circuited and no fallback available.
RecoveringCommand short-circuited and no fallback available.
RecoveringCommand short-circuited and no fallback available.
RecoveringCommand short-circuited and no fallback available.
RecoveringCommand short-circuited and no fallback available.
RecoveringCommand short-circuited and no fallback available.
RecoveringCommand short-circuited and no fallback available.
RecoveringCommand short-circuited and no fallback available.
RecoveringCommand short-circuited and no fallback available.
RecoveringCommand short-circuited and no fallback available.
RecoveringCommand short-circuited and no fallback available.
RecoveringCommand short-circuited and no fallback available.
RecoveringCommand short-circuited and no fallback available.
RecoveringCommand short-circuited and no fallback available.
RecoveringCommand short-circuited and no fallback available.
RecoveringCommand short-circuited and no fallback available.
RecoveringCommand short-circuited and no fallback available.
RecoveringCommand short-circuited and no fallback available.
RecoveringCommand short-circuited and no fallback available.
RecoveringCommand short-circuited and no fallback available.
RecoveringCommand short-circuited and no fallback available.
RecoveringCommand short-circuited and no fallback available.
RecoveringCommand short-circuited and no fallback available.
RecoveringCommand short-circuited and no fallback available.
RecoveringCommand short-circuited and no fallback available.
RecoveringCommand short-circuited and no fallback available.
RecoveringCommand short-circuited and no fallback available.
RecoveringCommand short-circuited and no fallback available.
RecoveringCommand short-circuited and no fallback available.
RecoveringCommand short-circuited and no fallback available.
RecoveringCommand short-circuited and no fallback available.
RecoveringCommand short-circuited and no fallback available.
RecoveringCommand short-circuited and no fallback available.
RecoveringCommand short-circuited and no fallback available.
RecoveringCommand short-circuited and no fallback available.
RecoveringCommand short-circuited and no fallback available.
RecoveringCommand short-circuited and no fallback available.
RecoveringCommand short-circuited and no fallback available.
RecoveringCommand short-circuited and no fallback available.
RecoveringCommand short-circuited and no fallback available.
RecoveringCommand short-circuited and no fallback available.
RecoveringCommand short-circuited and no fallback available.
RecoveringCommand short-circuited and no fallback available.
RecoveringCommand short-circuited and no fallback available.
RecoveringCommand short-circuited and no fallback available.
RecoveringCommand short-circuited and no fallback available.
RecoveringCommand short-circuited and no fallback available.
RecoveringCommand short-circuited and no fallback available.
RecoveringCommand short-circuited and no fallback available.
RecoveringCommand short-circuited and no fallback available.
RecoveringCommand short-circuited and no fallback available.
RecoveringCommand short-circuited and no fallback available.
RecoveringCommand short-circuited and no fallback available.
RecoveringCommand short-circuited and no fallback available.
RecoveringCommand short-circuited and no fallback available.
RecoveringCommand short-circuited and no fallback available.
RecoveringCommand short-circuited and no fallback available.
RecoveringCommand short-circuited and no fallback available.
RecoveringCommand short-circuited and no fallback available.
RecoveringCommand short-circuited and no fallback available.
RecoveringCommand short-circuited and no fallback available.
RecoveringCommand short-circuited and no fallback available.
RecoveringCommand short-circuited and no fallback available.
RecoveringCommand short-circuited and no fallback available.
RecoveringCommand short-circuited and no fallback available.
RecoveringCommand short-circuited and no fallback available.
RecoveringCommand short-circuited and no fallback available.
RecoveringCommand short-circuited and no fallback available.
RecoveringCommand short-circuited and no fallback available.
RecoveringCommand short-circuited and no fallback available.
RecoveringCommand short-circuited and no fallback available.
RecoveringCommand short-circuited and no fallback available.
RecoveringCommand short-circuited and no fallback available.
RecoveringCommand short-circuited and no fallback available.
RecoveringCommand short-circuited and no fallback available.
RecoveringCommand short-circuited and no fallback available.
RecoveringCommand short-circuited and no fallback available.
RecoveringCommand short-circuited and no fallback available.
RecoveringCommand short-circuited and no fallback available.
RecoveringCommand short-circuited and no fallback available.
RecoveringCommand short-circuited and no fallback available.
RecoveringCommand short-circuited and no fallback available.
RecoveringCommand short-circuited and no fallback available.
RecoveringCommand short-circuited and no fallback available.
RecoveringCommand short-circuited and no fallback available.
RecoveringCommand short-circuited and no fallback available.
RecoveringCommand short-circuited and no fallback available.
RecoveringCommand short-circuited and no fallback available.
RecoveringCommand short-circuited and no fallback available.
RecoveringCommand short-circuited and no fallback available.
RecoveringCommand short-circuited and no fallback available.
RecoveringCommand short-circuited and no fallback available.
RecoveringCommand short-circuited and no fallback available.
RecoveringCommand short-circuited and no fallback available.
RecoveringCommand short-circuited and no fallback available.
RecoveringCommand short-circuited and no fallback available.
RecoveringCommand short-circuited and no fallback available.
RecoveringCommand short-circuited and no fallback available.
RecoveringCommand short-circuited and no fallback available.
RecoveringCommand short-circuited and no fallback available.
RecoveringCommand short-circuited and no fallback available.
RecoveringCommand short-circuited and no fallback available.
RecoveringCommand short-circuited and no fallback available.
RecoveringCommand short-circuited and no fallback available.
RecoveringCommand short-circuited and no fallback available.
RecoveringCommand short-circuited and no fallback available.
RecoveringCommand short-circuited and no fallback available.
RecoveringCommand short-circuited and no fallback available.
RecoveringCommand short-circuited and no fallback available.
RecoveringCommand short-circuited and no fallback available.
RecoveringCommand short-circuited and no fallback available.
RecoveringCommand short-circuited and no fallback available.
RecoveringCommand short-circuited and no fallback available.
RecoveringCommand short-circuited and no fallback available.
RecoveringCommand short-circuited and no fallback available.
RecoveringCommand short-circuited and no fallback available.
RecoveringCommand short-circuited and no fallback available.
RecoveringCommand short-circuited and no fallback available.
RecoveringCommand short-circuited and no fallback available.
RecoveringCommand short-circuited and no fallback available.
RecoveringCommand short-circuited and no fallback available.
RecoveringCommand short-circuited and no fallback available.
RecoveringCommand short-circuited and no fallback available.
RecoveringCommand short-circuited and no fallback available.
RecoveringCommand short-circuited and no fallback available.
RecoveringCommand short-circuited and no fallback available.
RecoveringCommand short-circuited and no fallback available.
RecoveringCommand short-circuited and no fallback available.
RecoveringCommand short-circuited and no fallback available.
RecoveringCommand short-circuited and no fallback available.
RecoveringCommand short-circuited and no fallback available.
RecoveringCommand short-circuited and no fallback available.
RecoveringCommand short-circuited and no fallback available.
RecoveringCommand short-circuited and no fallback available.
RecoveringCommand short-circuited and no fallback available.
RecoveringCommand short-circuited and no fallback available.
RecoveringCommand short-circuited and no fallback available.
RecoveringCommand short-circuited and no fallback available.
RecoveringCommand short-circuited and no fallback available.
RecoveringCommand short-circuited and no fallback available.
RecoveringCommand short-circuited and no fallback available.
RecoveringCommand short-circuited and no fallback available.
RecoveringCommand short-circuited and no fallback available.
RecoveringCommand short-circuited and no fallback available.
RecoveringCommand short-circuited and no fallback available.
RecoveringCommand short-circuited and no fallback available.
RecoveringCommand short-circuited and no fallback available.
RecoveringCommand short-circuited and no fallback available.
RecoveringCommand short-circuited and no fallback available.
RecoveringCommand short-circuited and no fallback available.
RecoveringCommand short-circuited and no fallback available.
RecoveringCommand short-circuited and no fallback available.
RecoveringCommand short-circuited and no fallback available.
RecoveringCommand short-circuited and no fallback available.
RecoveringCommand short-circuited and no fallback available.
RecoveringCommand short-circuited and no fallback available.
RecoveringCommand short-circuited and no fallback available.
RecoveringCommand short-circuited and no fallback available.
RecoveringCommand short-circuited and no fallback available.
RecoveringCommand short-circuited and no fallback available.
RecoveringCommand short-circuited and no fallback available.
RecoveringCommand short-circuited and no fallback available.
RecoveringCommand short-circuited and no fallback available.
RecoveringCommand short-circuited and no fallback available.
RecoveringCommand short-circuited and no fallback available.
RecoveringCommand short-circuited and no fallback available.
RecoveringCommand short-circuited and no fallback available.
RecoveringCommand short-circuited and no fallback available.
RecoveringCommand short-circuited and no fallback available.
RecoveringCommand short-circuited and no fallback available.
RecoveringCommand short-circuited and no fallback available.
RecoveringCommand short-circuited and no fallback available.
RecoveringCommand short-circuited and no fallback available.
RecoveringCommand short-circuited and no fallback available.
RecoveringCommand short-circuited and no fallback available.
RecoveringCommand short-circuited and no fallback available.
RecoveringCommand short-circuited and no fallback available.
RecoveringCommand short-circuited and no fallback available.
RecoveringCommand short-circuited and no fallback available.
RecoveringCommand short-circuited and no fallback available.
RecoveringCommand short-circuited and no fallback available.
RecoveringCommand short-circuited and no fallback available.
RecoveringCommand short-circuited and no fallback available.
RecoveringCommand short-circuited and no fallback available.
RecoveringCommand short-circuited and no fallback available.
RecoveringCommand short-circuited and no fallback available.
RecoveringCommand short-circuited and no fallback available.
RecoveringCommand short-circuited and no fallback available.
RecoveringCommand short-circuited and no fallback available.
RecoveringCommand short-circuited and no fallback available.
RecoveringCommand short-circuited and no fallback available.
RecoveringCommand short-circuited and no fallback available.
RecoveringCommand short-circuited and no fallback available.
RecoveringCommand short-circuited and no fallback available.
RecoveringCommand short-circuited and no fallback available.
RecoveringCommand short-circuited and no fallback available.
RecoveringCommand short-circuited and no fallback available.
RecoveringCommand short-circuited and no fallback available.
RecoveringCommand short-circuited and no fallback available.
RecoveringCommand short-circuited and no fallback available.
RecoveringCommand short-circuited and no fallback available.
RecoveringCommand short-circuited and no fallback available.
RecoveringCommand short-circuited and no fallback available.
RecoveringCommand short-circuited and no fallback available.
RecoveringCommand short-circuited and no fallback available.
RecoveringCommand short-circuited and no fallback available.
RecoveringCommand short-circuited and no fallback available.
RecoveringCommand short-circuited and no fallback available.
RecoveringCommand short-circuited and no fallback available.
RecoveringCommand short-circuited and no fallback available.
RecoveringCommand short-circuited and no fallback available.
RecoveringCommand short-circuited and no fallback available.
RecoveringCommand short-circuited and no fallback available.
RecoveringCommand short-circuited and no fallback available.
RecoveringCommand short-circuited and no fallback available.
RecoveringCommand short-circuited and no fallback available.
RecoveringCommand short-circuited and no fallback available.
RecoveringCommand short-circuited and no fallback available.
RecoveringCommand short-circuited and no fallback available.
RecoveringCommand short-circuited and no fallback available.
RecoveringCommand short-circuited and no fallback available.
RecoveringCommand short-circuited and no fallback available.
RecoveringCommand short-circuited and no fallback available.
RecoveringCommand short-circuited and no fallback available.
RecoveringCommand short-circuited and no fallback available.
RecoveringCommand short-circuited and no fallback available.
RecoveringCommand short-circuited and no fallback available.
RecoveringCommand short-circuited and no fallback available.
RecoveringCommand short-circuited and no fallback available.
RecoveringCommand short-circuited and no fallback available.
RecoveringCommand short-circuited and no fallback available.
RecoveringCommand short-circuited and no fallback available.
RecoveringCommand short-circuited and no fallback available.
RecoveringCommand short-circuited and no fallback available.
RecoveringCommand short-circuited and no fallback available.
RecoveringCommand short-circuited and no fallback available.
RecoveringCommand short-circuited and no fallback available.
RecoveringCommand short-circuited and no fallback available.
RecoveringCommand short-circuited and no fallback available.
RecoveringCommand short-circuited and no fallback available.
RecoveringCommand short-circuited and no fallback available.
RecoveringCommand short-circuited and no fallback available.
RecoveringCommand short-circuited and no fallback available.
RecoveringCommand short-circuited and no fallback available.
RecoveringCommand short-circuited and no fallback available.
RecoveringCommand short-circuited and no fallback available.
RecoveringCommand short-circuited and no fallback available.
RecoveringCommand short-circuited and no fallback available.
RecoveringCommand short-circuited and no fallback available.
RecoveringCommand short-circuited and no fallback available.
RecoveringCommand short-circuited and no fallback available.
RecoveringCommand short-circuited and no fallback available.
RecoveringCommand short-circuited and no fallback available.
RecoveringCommand short-circuited and no fallback available.
RecoveringCommand short-circuited and no fallback available.
RecoveringCommand short-circuited and no fallback available.
RecoveringCommand short-circuited and no fallback available.
RecoveringCommand short-circuited and no fallback available.
RecoveringCommand short-circuited and no fallback available.
RecoveringCommand short-circuited and no fallback available.
RecoveringCommand short-circuited and no fallback available.
RecoveringCommand short-circuited and no fallback available.
RecoveringCommand short-circuited and no fallback available.
RecoveringCommand short-circuited and no fallback available.
RecoveringCommand short-circuited and no fallback available.
RecoveringCommand short-circuited and no fallback available.
RecoveringCommand short-circuited and no fallback available.
RecoveringCommand short-circuited and no fallback available.
RecoveringCommand short-circuited and no fallback available.
RecoveringCommand short-circuited and no fallback available.
RecoveringCommand short-circuited and no fallback available.
RecoveringCommand short-circuited and no fallback available.
RecoveringCommand short-circuited and no fallback available.
RecoveringCommand short-circuited and no fallback available.
RecoveringCommand short-circuited and no fallback available.
RecoveringCommand short-circuited and no fallback available.
RecoveringCommand short-circuited and no fallback available.
RecoveringCommand short-circuited and no fallback available.
RecoveringCommand short-circuited and no fallback available.
RecoveringCommand short-circuited and no fallback available.
RecoveringCommand short-circuited and no fallback available.
RecoveringCommand short-circuited and no fallback available.
RecoveringCommand short-circuited and no fallback available.
RecoveringCommand short-circuited and no fallback available.
RecoveringCommand short-circuited and no fallback available.
RecoveringCommand short-circuited and no fallback available.
RecoveringCommand short-circuited and no fallback available.
RecoveringCommand short-circuited and no fallback available.
RecoveringCommand short-circuited and no fallback available.
RecoveringCommand short-circuited and no fallback available.
RecoveringCommand short-circuited and no fallback available.
RecoveringCommand short-circuited and no fallback available.
RecoveringCommand short-circuited and no fallback available.
RecoveringCommand short-circuited and no fallback available.
RecoveringCommand short-circuited and no fallback available.
RecoveringCommand short-circuited and no fallback available.
RecoveringCommand short-circuited and no fallback available.
RecoveringCommand short-circuited and no fallback available.
RecoveringCommand short-circuited and no fallback available.
RecoveringCommand short-circuited and no fallback available.
RecoveringCommand short-circuited and no fallback available.
RecoveringCommand short-circuited and no fallback available.
RecoveringCommand short-circuited and no fallback available.
RecoveringCommand short-circuited and no fallback available.
RecoveringCommand short-circuited and no fallback available.
RecoveringCommand short-circuited and no fallback available.
RecoveringCommand short-circuited and no fallback available.
RecoveringCommand short-circuited and no fallback available.
RecoveringCommand short-circuited and no fallback available.
RecoveringCommand short-circuited and no fallback available.
RecoveringCommand short-circuited and no fallback available.
RecoveringCommand short-circuited and no fallback available.
RecoveringCommand short-circuited and no fallback available.
RecoveringCommand short-circuited and no fallback available.
RecoveringCommand short-circuited and no fallback available.
RecoveringCommand short-circuited and no fallback available.
RecoveringCommand short-circuited and no fallback available.
RecoveringCommand short-circuited and no fallback available.
RecoveringCommand short-circuited and no fallback available.
RecoveringCommand short-circuited and no fallback available.
RecoveringCommand short-circuited and no fallback available.
RecoveringCommand short-circuited and no fallback available.
RecoveringCommand short-circuited and no fallback available.
RecoveringCommand short-circuited and no fallback available.
RecoveringCommand short-circuited and no fallback available.
RecoveringCommand short-circuited and no fallback available.
RecoveringCommand short-circuited and no fallback available.
RecoveringCommand short-circuited and no fallback available.
RecoveringCommand short-circuited and no fallback available.
RecoveringCommand short-circuited and no fallback available.
RecoveringCommand short-circuited and no fallback available.
RecoveringCommand short-circuited and no fallback available.
RecoveringCommand short-circuited and no fallback available.
RecoveringCommand short-circuited and no fallback available.
RecoveringCommand short-circuited and no fallback available.
RecoveringCommand short-circuited and no fallback available.
RecoveringCommand short-circuited and no fallback available.
RecoveringCommand short-circuited and no fallback available.
RecoveringCommand short-circuited and no fallback available.
RecoveringCommand short-circuited and no fallback available.
RecoveringCommand short-circuited and no fallback available.
RecoveringCommand short-circuited and no fallback available.
RecoveringCommand short-circuited and no fallback available.
RecoveringCommand short-circuited and no fallback available.
RecoveringCommand short-circuited and no fallback available.
RecoveringCommand short-circuited and no fallback available.
RecoveringCommand short-circuited and no fallback available.
RecoveringCommand short-circuited and no fallback available.
RecoveringCommand short-circuited and no fallback available.
RecoveringCommand short-circuited and no fallback available.
RecoveringCommand short-circuited and no fallback available.
RecoveringCommand short-circuited and no fallback available.
RecoveringCommand short-circuited and no fallback available.
RecoveringCommand short-circuited and no fallback available.
RecoveringCommand short-circuited and no fallback available.
RecoveringCommand short-circuited and no fallback available.
RecoveringCommand short-circuited and no fallback available.
RecoveringCommand short-circuited and no fallback available.
RecoveringCommand short-circuited and no fallback available.
RecoveringCommand short-circuited and no fallback available.
RecoveringCommand short-circuited and no fallback available.
RecoveringCommand short-circuited and no fallback available.
RecoveringCommand short-circuited and no fallback available.
RecoveringCommand short-circuited and no fallback available.
RecoveringCommand short-circuited and no fallback available.
RecoveringCommand short-circuited and no fallback available.
RecoveringCommand short-circuited and no fallback available.
RecoveringCommand short-circuited and no fallback available.
RecoveringCommand short-circuited and no fallback available.
RecoveringCommand short-circuited and no fallback available.
RecoveringCommand short-circuited and no fallback available.
RecoveringCommand short-circuited and no fallback available.
RecoveringCommand short-circuited and no fallback available.
RecoveringCommand short-circuited and no fallback available.
RecoveringCommand short-circuited and no fallback available.
RecoveringCommand short-circuited and no fallback available.
RecoveringCommand short-circuited and no fallback available.
RecoveringCommand short-circuited and no fallback available.
RecoveringCommand short-circuited and no fallback available.
RecoveringCommand short-circuited and no fallback available.
RecoveringCommand short-circuited and no fallback available.
RecoveringCommand short-circuited and no fallback available.
RecoveringCommand short-circuited and no fallback available.
RecoveringCommand short-circuited and no fallback available.
RecoveringCommand short-circuited and no fallback available.
RecoveringCommand short-circuited and no fallback available.
RecoveringCommand short-circuited and no fallback available.
RecoveringCommand short-circuited and no fallback available.
RecoveringCommand short-circuited and no fallback available.
RecoveringCommand short-circuited and no fallback available.
RecoveringCommand short-circuited and no fallback available.
RecoveringCommand short-circuited and no fallback available.
RecoveringCommand short-circuited and no fallback available.
RecoveringCommand short-circuited and no fallback available.
RecoveringCommand short-circuited and no fallback available.
RecoveringCommand short-circuited and no fallback available.
RecoveringCommand short-circuited and no fallback available.
RecoveringCommand short-circuited and no fallback available.
RecoveringCommand short-circuited and no fallback available.
RecoveringCommand short-circuited and no fallback available.
RecoveringCommand short-circuited and no fallback available.
RecoveringCommand short-circuited and no fallback available.
RecoveringCommand short-circuited and no fallback available.
RecoveringCommand short-circuited and no fallback available.
RecoveringCommand short-circuited and no fallback available.
RecoveringCommand short-circuited and no fallback available.
RecoveringCommand short-circuited and no fallback available.
RecoveringCommand short-circuited and no fallback available.
RecoveringCommand short-circuited and no fallback available.
RecoveringCommand short-circuited and no fallback available.
RecoveringCommand short-circuited and no fallback available.
RecoveringCommand failed and no fallback available.
RecoveringCommand short-circuited and no fallback available.
RecoveringCommand short-circuited and no fallback available.
RecoveringCommand short-circuited and no fallback available.
RecoveringCommand short-circuited and no fallback available.
RecoveringCommand short-circuited and no fallback available.
RecoveringCommand short-circuited and no fallback available.
RecoveringCommand short-circuited and no fallback available.
RecoveringCommand short-circuited and no fallback available.
RecoveringCommand short-circuited and no fallback available.
RecoveringCommand short-circuited and no fallback available.
RecoveringCommand short-circuited and no fallback available.
RecoveringCommand short-circuited and no fallback available.
RecoveringCommand short-circuited and no fallback available.
RecoveringCommand short-circuited and no fallback available.
RecoveringCommand short-circuited and no fallback available.
RecoveringCommand short-circuited and no fallback available.
RecoveringCommand short-circuited and no fallback available.
RecoveringCommand short-circuited and no fallback available.
RecoveringCommand short-circuited and no fallback available.
RecoveringCommand short-circuited and no fallback available.
RecoveringCommand short-circuited and no fallback available.
RecoveringCommand short-circuited and no fallback available.
RecoveringCommand short-circuited and no fallback available.
RecoveringCommand short-circuited and no fallback available.
RecoveringCommand short-circuited and no fallback available.
RecoveringCommand short-circuited and no fallback available.
RecoveringCommand short-circuited and no fallback available.
RecoveringCommand short-circuited and no fallback available.
RecoveringCommand short-circuited and no fallback available.
RecoveringCommand short-circuited and no fallback available.
RecoveringCommand short-circuited and no fallback available.
RecoveringCommand short-circuited and no fallback available.
RecoveringCommand short-circuited and no fallback available.
RecoveringCommand short-circuited and no fallback available.
RecoveringCommand short-circuited and no fallback available.
RecoveringCommand short-circuited and no fallback available.
RecoveringCommand short-circuited and no fallback available.
RecoveringCommand short-circuited and no fallback available.
RecoveringCommand short-circuited and no fallback available.
RecoveringCommand short-circuited and no fallback available.
RecoveringCommand short-circuited and no fallback available.
RecoveringCommand short-circuited and no fallback available.
RecoveringCommand short-circuited and no fallback available.
RecoveringCommand short-circuited and no fallback available.
RecoveringCommand short-circuited and no fallback available.
RecoveringCommand short-circuited and no fallback available.
RecoveringCommand short-circuited and no fallback available.
RecoveringCommand short-circuited and no fallback available.
RecoveringCommand short-circuited and no fallback available.
RecoveringCommand short-circuited and no fallback available.
RecoveringCommand short-circuited and no fallback available.
RecoveringCommand short-circuited and no fallback available.
RecoveringCommand short-circuited and no fallback available.
RecoveringCommand short-circuited and no fallback available.
RecoveringCommand short-circuited and no fallback available.
RecoveringCommand short-circuited and no fallback available.
RecoveringCommand short-circuited and no fallback available.
RecoveringCommand short-circuited and no fallback available.
RecoveringCommand short-circuited and no fallback available.
RecoveringCommand short-circuited and no fallback available.
RecoveringCommand short-circuited and no fallback available.
RecoveringCommand short-circuited and no fallback available.
RecoveringCommand short-circuited and no fallback available.
RecoveringCommand short-circuited and no fallback available.
RecoveringCommand short-circuited and no fallback available.
RecoveringCommand short-circuited and no fallback available.
RecoveringCommand short-circuited and no fallback available.
RecoveringCommand short-circuited and no fallback available.
RecoveringCommand short-circuited and no fallback available.
RecoveringCommand short-circuited and no fallback available.
RecoveringCommand short-circuited and no fallback available.
RecoveringCommand short-circuited and no fallback available.
RecoveringCommand short-circuited and no fallback available.
RecoveringCommand short-circuited and no fallback available.
RecoveringCommand short-circuited and no fallback available.
RecoveringCommand short-circuited and no fallback available.
RecoveringCommand short-circuited and no fallback available.
RecoveringCommand short-circuited and no fallback available.
RecoveringCommand short-circuited and no fallback available.
RecoveringCommand short-circuited and no fallback available.
RecoveringCommand short-circuited and no fallback available.
RecoveringCommand short-circuited and no fallback available.
RecoveringCommand short-circuited and no fallback available.
RecoveringCommand short-circuited and no fallback available.
RecoveringCommand short-circuited and no fallback available.
RecoveringCommand short-circuited and no fallback available.
RecoveringCommand short-circuited and no fallback available.
RecoveringCommand short-circuited and no fallback available.
RecoveringCommand short-circuited and no fallback available.
RecoveringCommand short-circuited and no fallback available.
RecoveringCommand short-circuited and no fallback available.
RecoveringCommand short-circuited and no fallback available.
RecoveringCommand short-circuited and no fallback available.
RecoveringCommand short-circuited and no fallback available.
RecoveringCommand short-circuited and no fallback available.
RecoveringCommand short-circuited and no fallback available.
RecoveringCommand short-circuited and no fallback available.
RecoveringCommand short-circuited and no fallback available.
RecoveringCommand short-circuited and no fallback available.
RecoveringCommand short-circuited and no fallback available.
RecoveringCommand short-circuited and no fallback available.
RecoveringCommand short-circuited and no fallback available.
RecoveringCommand short-circuited and no fallback available.
RecoveringCommand short-circuited and no fallback available.
RecoveringCommand short-circuited and no fallback available.
RecoveringCommand short-circuited and no fallback available.
RecoveringCommand short-circuited and no fallback available.
RecoveringCommand short-circuited and no fallback available.
RecoveringCommand short-circuited and no fallback available.
RecoveringCommand short-circuited and no fallback available.
RecoveringCommand short-circuited and no fallback available.
RecoveringCommand short-circuited and no fallback available.
RecoveringCommand short-circuited and no fallback available.
RecoveringCommand short-circuited and no fallback available.
RecoveringCommand short-circuited and no fallback available.
RecoveringCommand short-circuited and no fallback available.
RecoveringCommand short-circuited and no fallback available.
RecoveringCommand short-circuited and no fallback available.
RecoveringCommand short-circuited and no fallback available.
RecoveringCommand short-circuited and no fallback available.
RecoveringCommand short-circuited and no fallback available.
RecoveringCommand short-circuited and no fallback available.
RecoveringCommand short-circuited and no fallback available.
RecoveringCommand short-circuited and no fallback available.
RecoveringCommand short-circuited and no fallback available.
RecoveringCommand short-circuited and no fallback available.
RecoveringCommand short-circuited and no fallback available.
RecoveringCommand short-circuited and no fallback available.
RecoveringCommand short-circuited and no fallback available.
RecoveringCommand short-circuited and no fallback available.
RecoveringCommand short-circuited and no fallback available.
RecoveringCommand short-circuited and no fallback available.
RecoveringCommand short-circuited and no fallback available.
RecoveringCommand short-circuited and no fallback available.
RecoveringCommand short-circuited and no fallback available.
RecoveringCommand short-circuited and no fallback available.
RecoveringCommand short-circuited and no fallback available.
RecoveringCommand short-circuited and no fallback available.
RecoveringCommand short-circuited and no fallback available.
RecoveringCommand short-circuited and no fallback available.
RecoveringCommand short-circuited and no fallback available.
RecoveringCommand short-circuited and no fallback available.
RecoveringCommand short-circuited and no fallback available.
RecoveringCommand short-circuited and no fallback available.
RecoveringCommand short-circuited and no fallback available.
RecoveringCommand short-circuited and no fallback available.
RecoveringCommand short-circuited and no fallback available.
RecoveringCommand short-circuited and no fallback available.
RecoveringCommand short-circuited and no fallback available.
RecoveringCommand short-circuited and no fallback available.
RecoveringCommand short-circuited and no fallback available.
RecoveringCommand short-circuited and no fallback available.
RecoveringCommand short-circuited and no fallback available.
RecoveringCommand short-circuited and no fallback available.
RecoveringCommand short-circuited and no fallback available.
RecoveringCommand short-circuited and no fallback available.
RecoveringCommand short-circuited and no fallback available.
RecoveringCommand short-circuited and no fallback available.
RecoveringCommand short-circuited and no fallback available.
RecoveringCommand short-circuited and no fallback available.
RecoveringCommand short-circuited and no fallback available.
RecoveringCommand short-circuited and no fallback available.
RecoveringCommand short-circuited and no fallback available.
RecoveringCommand short-circuited and no fallback available.
RecoveringCommand short-circuited and no fallback available.
RecoveringCommand short-circuited and no fallback available.
RecoveringCommand short-circuited and no fallback available.
RecoveringCommand short-circuited and no fallback available.
RecoveringCommand short-circuited and no fallback available.
RecoveringCommand short-circuited and no fallback available.
RecoveringCommand short-circuited and no fallback available.
RecoveringCommand short-circuited and no fallback available.
RecoveringCommand short-circuited and no fallback available.
RecoveringCommand short-circuited and no fallback available.
RecoveringCommand short-circuited and no fallback available.
RecoveringCommand short-circuited and no fallback available.
RecoveringCommand short-circuited and no fallback available.
RecoveringCommand short-circuited and no fallback available.
RecoveringCommand short-circuited and no fallback available.
RecoveringCommand short-circuited and no fallback available.
RecoveringCommand short-circuited and no fallback available.
RecoveringCommand short-circuited and no fallback available.
RecoveringCommand short-circuited and no fallback available.
RecoveringCommand short-circuited and no fallback available.
RecoveringCommand short-circuited and no fallback available.
RecoveringCommand short-circuited and no fallback available.
RecoveringCommand short-circuited and no fallback available.
RecoveringCommand short-circuited and no fallback available.
RecoveringCommand short-circuited and no fallback available.
RecoveringCommand short-circuited and no fallback available.
RecoveringCommand short-circuited and no fallback available.
RecoveringCommand short-circuited and no fallback available.
RecoveringCommand short-circuited and no fallback available.
RecoveringCommand short-circuited and no fallback available.
RecoveringCommand short-circuited and no fallback available.
RecoveringCommand short-circuited and no fallback available.
RecoveringCommand short-circuited and no fallback available.
RecoveringCommand short-circuited and no fallback available.
RecoveringCommand short-circuited and no fallback available.
RecoveringCommand short-circuited and no fallback available.
RecoveringCommand short-circuited and no fallback available.
RecoveringCommand short-circuited and no fallback available.
RecoveringCommand short-circuited and no fallback available.
RecoveringCommand short-circuited and no fallback available.
RecoveringCommand short-circuited and no fallback available.
RecoveringCommand short-circuited and no fallback available.
RecoveringCommand short-circuited and no fallback available.
RecoveringCommand short-circuited and no fallback available.
RecoveringCommand short-circuited and no fallback available.
RecoveringCommand short-circuited and no fallback available.
RecoveringCommand short-circuited and no fallback available.
RecoveringCommand short-circuited and no fallback available.
RecoveringCommand short-circuited and no fallback available.
RecoveringCommand short-circuited and no fallback available.
RecoveringCommand short-circuited and no fallback available.
RecoveringCommand short-circuited and no fallback available.
RecoveringCommand short-circuited and no fallback available.
RecoveringCommand short-circuited and no fallback available.
RecoveringCommand short-circuited and no fallback available.
RecoveringCommand short-circuited and no fallback available.
RecoveringCommand short-circuited and no fallback available.
RecoveringCommand short-circuited and no fallback available.
RecoveringCommand short-circuited and no fallback available.
RecoveringCommand short-circuited and no fallback available.
RecoveringCommand short-circuited and no fallback available.
RecoveringCommand short-circuited and no fallback available.
RecoveringCommand short-circuited and no fallback available.
RecoveringCommand short-circuited and no fallback available.
RecoveringCommand short-circuited and no fallback available.
RecoveringCommand short-circuited and no fallback available.
RecoveringCommand short-circuited and no fallback available.
RecoveringCommand short-circuited and no fallback available.
RecoveringCommand short-circuited and no fallback available.
RecoveringCommand short-circuited and no fallback available.
RecoveringCommand short-circuited and no fallback available.
RecoveringCommand short-circuited and no fallback available.
RecoveringCommand short-circuited and no fallback available.
RecoveringCommand short-circuited and no fallback available.
RecoveringCommand short-circuited and no fallback available.
RecoveringCommand short-circuited and no fallback available.
RecoveringCommand short-circuited and no fallback available.
RecoveringCommand short-circuited and no fallback available.
RecoveringCommand short-circuited and no fallback available.
RecoveringCommand short-circuited and no fallback available.
RecoveringCommand short-circuited and no fallback available.
RecoveringCommand short-circuited and no fallback available.
RecoveringCommand short-circuited and no fallback available.
RecoveringCommand short-circuited and no fallback available.
RecoveringCommand short-circuited and no fallback available.
RecoveringCommand short-circuited and no fallback available.
RecoveringCommand short-circuited and no fallback available.
RecoveringCommand short-circuited and no fallback available.
RecoveringCommand short-circuited and no fallback available.
RecoveringCommand short-circuited and no fallback available.
RecoveringCommand short-circuited and no fallback available.
RecoveringCommand short-circuited and no fallback available.
RecoveringCommand short-circuited and no fallback available.
RecoveringCommand short-circuited and no fallback available.
RecoveringCommand short-circuited and no fallback available.
RecoveringCommand short-circuited and no fallback available.
RecoveringCommand short-circuited and no fallback available.
RecoveringCommand short-circuited and no fallback available.
RecoveringCommand short-circuited and no fallback available.
RecoveringCommand short-circuited and no fallback available.
RecoveringCommand short-circuited and no fallback available.
RecoveringCommand short-circuited and no fallback available.
RecoveringCommand short-circuited and no fallback available.
RecoveringCommand short-circuited and no fallback available.
RecoveringCommand short-circuited and no fallback available.
RecoveringCommand short-circuited and no fallback available.
RecoveringCommand short-circuited and no fallback available.
RecoveringCommand short-circuited and no fallback available.
RecoveringCommand short-circuited and no fallback available.
RecoveringCommand short-circuited and no fallback available.
RecoveringCommand short-circuited and no fallback available.
RecoveringCommand short-circuited and no fallback available.
RecoveringCommand short-circuited and no fallback available.
RecoveringCommand short-circuited and no fallback available.
RecoveringCommand short-circuited and no fallback available.
RecoveringCommand short-circuited and no fallback available.
RecoveringCommand short-circuited and no fallback available.
RecoveringCommand short-circuited and no fallback available.
RecoveringCommand short-circuited and no fallback available.
RecoveringCommand short-circuited and no fallback available.
RecoveringCommand short-circuited and no fallback available.
RecoveringCommand short-circuited and no fallback available.
RecoveringCommand short-circuited and no fallback available.
RecoveringCommand short-circuited and no fallback available.
RecoveringCommand short-circuited and no fallback available.
RecoveringCommand short-circuited and no fallback available.
RecoveringCommand short-circuited and no fallback available.
RecoveringCommand short-circuited and no fallback available.
RecoveringCommand short-circuited and no fallback available.
RecoveringCommand short-circuited and no fallback available.
RecoveringCommand short-circuited and no fallback available.
RecoveringCommand short-circuited and no fallback available.
RecoveringCommand short-circuited and no fallback available.
RecoveringCommand short-circuited and no fallback available.
RecoveringCommand short-circuited and no fallback available.
RecoveringCommand short-circuited and no fallback available.
RecoveringCommand short-circuited and no fallback available.
RecoveringCommand short-circuited and no fallback available.
RecoveringCommand short-circuited and no fallback available.
RecoveringCommand short-circuited and no fallback available.
RecoveringCommand short-circuited and no fallback available.
RecoveringCommand short-circuited and no fallback available.
RecoveringCommand short-circuited and no fallback available.
RecoveringCommand short-circuited and no fallback available.
RecoveringCommand short-circuited and no fallback available.
RecoveringCommand short-circuited and no fallback available.
RecoveringCommand short-circuited and no fallback available.
RecoveringCommand short-circuited and no fallback available.
RecoveringCommand short-circuited and no fallback available.
RecoveringCommand short-circuited and no fallback available.
RecoveringCommand short-circuited and no fallback available.
RecoveringCommand short-circuited and no fallback available.
RecoveringCommand short-circuited and no fallback available.
RecoveringCommand short-circuited and no fallback available.
RecoveringCommand short-circuited and no fallback available.
RecoveringCommand short-circuited and no fallback available.
RecoveringCommand short-circuited and no fallback available.
RecoveringCommand short-circuited and no fallback available.
RecoveringCommand short-circuited and no fallback available.
RecoveringCommand short-circuited and no fallback available.
RecoveringCommand short-circuited and no fallback available.
RecoveringCommand short-circuited and no fallback available.
RecoveringCommand short-circuited and no fallback available.
RecoveringCommand short-circuited and no fallback available.
RecoveringCommand short-circuited and no fallback available.
RecoveringCommand short-circuited and no fallback available.
RecoveringCommand short-circuited and no fallback available.
RecoveringCommand short-circuited and no fallback available.
RecoveringCommand short-circuited and no fallback available.
RecoveringCommand short-circuited and no fallback available.
RecoveringCommand short-circuited and no fallback available.
RecoveringCommand short-circuited and no fallback available.
RecoveringCommand short-circuited and no fallback available.
RecoveringCommand short-circuited and no fallback available.
RecoveringCommand short-circuited and no fallback available.
RecoveringCommand short-circuited and no fallback available.
RecoveringCommand short-circuited and no fallback available.
RecoveringCommand short-circuited and no fallback available.
RecoveringCommand short-circuited and no fallback available.
RecoveringCommand short-circuited and no fallback available.
RecoveringCommand short-circuited and no fallback available.
RecoveringCommand short-circuited and no fallback available.
RecoveringCommand short-circuited and no fallback available.
RecoveringCommand short-circuited and no fallback available.
RecoveringCommand short-circuited and no fallback available.
RecoveringCommand short-circuited and no fallback available.
RecoveringCommand short-circuited and no fallback available.
RecoveringCommand short-circuited and no fallback available.
RecoveringCommand short-circuited and no fallback available.
RecoveringCommand short-circuited and no fallback available.
RecoveringCommand short-circuited and no fallback available.
RecoveringCommand short-circuited and no fallback available.
RecoveringCommand short-circuited and no fallback available.
RecoveringCommand short-circuited and no fallback available.
RecoveringCommand short-circuited and no fallback available.
RecoveringCommand short-circuited and no fallback available.
RecoveringCommand short-circuited and no fallback available.
RecoveringCommand short-circuited and no fallback available.
RecoveringCommand short-circuited and no fallback available.
RecoveringCommand short-circuited and no fallback available.
RecoveringCommand short-circuited and no fallback available.
RecoveringCommand short-circuited and no fallback available.
RecoveringCommand short-circuited and no fallback available.
RecoveringCommand short-circuited and no fallback available.
RecoveringCommand short-circuited and no fallback available.
RecoveringCommand short-circuited and no fallback available.
RecoveringCommand short-circuited and no fallback available.
RecoveringCommand short-circuited and no fallback available.
RecoveringCommand short-circuited and no fallback available.
RecoveringCommand short-circuited and no fallback available.
RecoveringCommand short-circuited and no fallback available.
RecoveringCommand short-circuited and no fallback available.
RecoveringCommand short-circuited and no fallback available.
RecoveringCommand short-circuited and no fallback available.
RecoveringCommand short-circuited and no fallback available.
RecoveringCommand short-circuited and no fallback available.
RecoveringCommand short-circuited and no fallback available.
RecoveringCommand short-circuited and no fallback available.
RecoveringCommand short-circuited and no fallback available.
RecoveringCommand short-circuited and no fallback available.
RecoveringCommand short-circuited and no fallback available.
RecoveringCommand short-circuited and no fallback available.
RecoveringCommand short-circuited and no fallback available.
RecoveringCommand short-circuited and no fallback available.
RecoveringCommand short-circuited and no fallback available.
RecoveringCommand short-circuited and no fallback available.
RecoveringCommand short-circuited and no fallback available.
RecoveringCommand short-circuited and no fallback available.
RecoveringCommand short-circuited and no fallback available.
RecoveringCommand short-circuited and no fallback available.
RecoveringCommand short-circuited and no fallback available.
RecoveringCommand short-circuited and no fallback available.
RecoveringCommand short-circuited and no fallback available.
RecoveringCommand short-circuited and no fallback available.
RecoveringCommand short-circuited and no fallback available.
RecoveringCommand short-circuited and no fallback available.
RecoveringCommand short-circuited and no fallback available.
RecoveringCommand short-circuited and no fallback available.
RecoveringCommand short-circuited and no fallback available.
RecoveringCommand short-circuited and no fallback available.
RecoveringCommand short-circuited and no fallback available.
RecoveringCommand short-circuited and no fallback available.
RecoveringCommand short-circuited and no fallback available.
RecoveringCommand short-circuited and no fallback available.
RecoveringCommand short-circuited and no fallback available.
RecoveringCommand short-circuited and no fallback available.
RecoveringCommand short-circuited and no fallback available.
RecoveringCommand short-circuited and no fallback available.
RecoveringCommand short-circuited and no fallback available.
RecoveringCommand short-circuited and no fallback available.
RecoveringCommand short-circuited and no fallback available.
RecoveringCommand short-circuited and no fallback available.
RecoveringCommand short-circuited and no fallback available.
RecoveringCommand short-circuited and no fallback available.
RecoveringCommand short-circuited and no fallback available.
RecoveringCommand short-circuited and no fallback available.
RecoveringCommand short-circuited and no fallback available.
RecoveringCommand short-circuited and no fallback available.
RecoveringCommand short-circuited and no fallback available.
RecoveringCommand short-circuited and no fallback available.
RecoveringCommand short-circuited and no fallback available.
RecoveringCommand short-circuited and no fallback available.
RecoveringCommand short-circuited and no fallback available.
RecoveringCommand short-circuited and no fallback available.
RecoveringCommand short-circuited and no fallback available.
RecoveringCommand short-circuited and no fallback available.
RecoveringCommand short-circuited and no fallback available.
RecoveringCommand short-circuited and no fallback available.
RecoveringCommand short-circuited and no fallback available.
RecoveringCommand short-circuited and no fallback available.
RecoveringCommand short-circuited and no fallback available.
RecoveringCommand short-circuited and no fallback available.
RecoveringCommand short-circuited and no fallback available.
RecoveringCommand short-circuited and no fallback available.
RecoveringCommand short-circuited and no fallback available.
RecoveringCommand short-circuited and no fallback available.
RecoveringCommand short-circuited and no fallback available.
RecoveringCommand short-circuited and no fallback available.
RecoveringCommand short-circuited and no fallback available.
RecoveringCommand short-circuited and no fallback available.
RecoveringCommand short-circuited and no fallback available.
RecoveringCommand short-circuited and no fallback available.
RecoveringCommand short-circuited and no fallback available.
RecoveringCommand short-circuited and no fallback available.
RecoveringCommand short-circuited and no fallback available.
RecoveringCommand short-circuited and no fallback available.
RecoveringCommand short-circuited and no fallback available.
RecoveringCommand short-circuited and no fallback available.
RecoveringCommand short-circuited and no fallback available.
RecoveringCommand short-circuited and no fallback available.
RecoveringCommand short-circuited and no fallback available.
RecoveringCommand short-circuited and no fallback available.
RecoveringCommand short-circuited and no fallback available.
RecoveringCommand short-circuited and no fallback available.
RecoveringCommand short-circuited and no fallback available.
RecoveringCommand short-circuited and no fallback available.
RecoveringCommand short-circuited and no fallback available.
RecoveringCommand short-circuited and no fallback available.
RecoveringCommand short-circuited and no fallback available.
RecoveringCommand short-circuited and no fallback available.
RecoveringCommand short-circuited and no fallback available.
RecoveringCommand short-circuited and no fallback available.
RecoveringCommand short-circuited and no fallback available.
RecoveringCommand short-circuited and no fallback available.
RecoveringCommand short-circuited and no fallback available.
RecoveringCommand short-circuited and no fallback available.
RecoveringCommand short-circuited and no fallback available.
RecoveringCommand short-circuited and no fallback available.
RecoveringCommand short-circuited and no fallback available.
RecoveringCommand short-circuited and no fallback available.
RecoveringCommand short-circuited and no fallback available.
RecoveringCommand short-circuited and no fallback available.
RecoveringCommand short-circuited and no fallback available.
RecoveringCommand short-circuited and no fallback available.
RecoveringCommand short-circuited and no fallback available.
RecoveringCommand short-circuited and no fallback available.
RecoveringCommand short-circuited and no fallback available.
RecoveringCommand short-circuited and no fallback available.
RecoveringCommand short-circuited and no fallback available.
RecoveringCommand short-circuited and no fallback available.
RecoveringCommand short-circuited and no fallback available.
RecoveringCommand short-circuited and no fallback available.
RecoveringCommand short-circuited and no fallback available.
RecoveringCommand short-circuited and no fallback available.
RecoveringCommand short-circuited and no fallback available.
RecoveringCommand short-circuited and no fallback available.
RecoveringCommand short-circuited and no fallback available.
RecoveringCommand short-circuited and no fallback available.
RecoveringCommand short-circuited and no fallback available.
RecoveringCommand short-circuited and no fallback available.
RecoveringCommand short-circuited and no fallback available.
RecoveringCommand short-circuited and no fallback available.
RecoveringCommand short-circuited and no fallback available.
RecoveringCommand short-circuited and no fallback available.
RecoveringCommand short-circuited and no fallback available.
RecoveringCommand short-circuited and no fallback available.
RecoveringCommand short-circuited and no fallback available.
RecoveringCommand short-circuited and no fallback available.
RecoveringCommand short-circuited and no fallback available.
RecoveringCommand short-circuited and no fallback available.
RecoveringCommand short-circuited and no fallback available.
RecoveringCommand short-circuited and no fallback available.
RecoveringCommand short-circuited and no fallback available.
RecoveringCommand short-circuited and no fallback available.
RecoveringCommand short-circuited and no fallback available.
RecoveringCommand short-circuited and no fallback available.
RecoveringCommand short-circuited and no fallback available.
RecoveringCommand short-circuited and no fallback available.
RecoveringCommand short-circuited and no fallback available.
RecoveringCommand short-circuited and no fallback available.
RecoveringCommand short-circuited and no fallback available.
RecoveringCommand short-circuited and no fallback available.
RecoveringCommand short-circuited and no fallback available.
RecoveringCommand short-circuited and no fallback available.
RecoveringCommand short-circuited and no fallback available.
RecoveringCommand short-circuited and no fallback available.
RecoveringCommand short-circuited and no fallback available.
RecoveringCommand short-circuited and no fallback available.
RecoveringCommand short-circuited and no fallback available.
RecoveringCommand short-circuited and no fallback available.
RecoveringCommand short-circuited and no fallback available.
RecoveringCommand short-circuited and no fallback available.
RecoveringCommand short-circuited and no fallback available.
RecoveringCommand short-circuited and no fallback available.
RecoveringCommand short-circuited and no fallback available.
RecoveringCommand short-circuited and no fallback available.
RecoveringCommand short-circuited and no fallback available.
RecoveringCommand short-circuited and no fallback available.
RecoveringCommand short-circuited and no fallback available.
RecoveringCommand short-circuited and no fallback available.
RecoveringCommand short-circuited and no fallback available.
RecoveringCommand short-circuited and no fallback available.
RecoveringCommand short-circuited and no fallback available.
RecoveringCommand short-circuited and no fallback available.
RecoveringCommand short-circuited and no fallback available.
RecoveringCommand short-circuited and no fallback available.
RecoveringCommand short-circuited and no fallback available.
RecoveringCommand short-circuited and no fallback available.
RecoveringCommand short-circuited and no fallback available.
RecoveringCommand short-circuited and no fallback available.
RecoveringCommand short-circuited and no fallback available.
RecoveringCommand short-circuited and no fallback available.
RecoveringCommand short-circuited and no fallback available.
RecoveringCommand short-circuited and no fallback available.
RecoveringCommand short-circuited and no fallback available.
RecoveringCommand short-circuited and no fallback available.
RecoveringCommand short-circuited and no fallback available.
RecoveringCommand short-circuited and no fallback available.
RecoveringCommand short-circuited and no fallback available.
RecoveringCommand short-circuited and no fallback available.
RecoveringCommand short-circuited and no fallback available.
RecoveringCommand short-circuited and no fallback available.
RecoveringCommand short-circuited and no fallback available.
RecoveringCommand short-circuited and no fallback available.
RecoveringCommand short-circuited and no fallback available.
RecoveringCommand short-circuited and no fallback available.
RecoveringCommand short-circuited and no fallback available.
RecoveringCommand short-circuited and no fallback available.
RecoveringCommand short-circuited and no fallback available.
RecoveringCommand short-circuited and no fallback available.
RecoveringCommand short-circuited and no fallback available.
RecoveringCommand short-circuited and no fallback available.
RecoveringCommand short-circuited and no fallback available.
RecoveringCommand short-circuited and no fallback available.
RecoveringCommand short-circuited and no fallback available.
RecoveringCommand short-circuited and no fallback available.
RecoveringCommand short-circuited and no fallback available.
RecoveringCommand short-circuited and no fallback available.
RecoveringCommand short-circuited and no fallback available.
RecoveringCommand short-circuited and no fallback available.
RecoveringCommand short-circuited and no fallback available.
RecoveringCommand short-circuited and no fallback available.
RecoveringCommand short-circuited and no fallback available.
RecoveringCommand short-circuited and no fallback available.
RecoveringCommand short-circuited and no fallback available.
RecoveringCommand short-circuited and no fallback available.
RecoveringCommand short-circuited and no fallback available.
RecoveringCommand short-circuited and no fallback available.
RecoveringCommand short-circuited and no fallback available.
RecoveringCommand short-circuited and no fallback available.
RecoveringCommand short-circuited and no fallback available.
RecoveringCommand short-circuited and no fallback available.
RecoveringCommand short-circuited and no fallback available.
RecoveringCommand short-circuited and no fallback available.
RecoveringCommand short-circuited and no fallback available.
RecoveringCommand short-circuited and no fallback available.
RecoveringCommand short-circuited and no fallback available.
RecoveringCommand short-circuited and no fallback available.
RecoveringCommand short-circuited and no fallback available.
RecoveringCommand short-circuited and no fallback available.
RecoveringCommand short-circuited and no fallback available.
RecoveringCommand short-circuited and no fallback available.
RecoveringCommand short-circuited and no fallback available.
RecoveringCommand short-circuited and no fallback available.
RecoveringCommand short-circuited and no fallback available.
RecoveringCommand short-circuited and no fallback available.
RecoveringCommand short-circuited and no fallback available.
RecoveringCommand short-circuited and no fallback available.
RecoveringCommand short-circuited and no fallback available.
RecoveringCommand short-circuited and no fallback available.
RecoveringCommand short-circuited and no fallback available.
RecoveringCommand short-circuited and no fallback available.
RecoveringCommand short-circuited and no fallback available.
RecoveringCommand short-circuited and no fallback available.
RecoveringCommand short-circuited and no fallback available.
RecoveringCommand short-circuited and no fallback available.
RecoveringCommand short-circuited and no fallback available.
RecoveringCommand short-circuited and no fallback available.
RecoveringCommand short-circuited and no fallback available.
RecoveringCommand short-circuited and no fallback available.
RecoveringCommand short-circuited and no fallback available.
RecoveringCommand short-circuited and no fallback available.
RecoveringCommand short-circuited and no fallback available.
RecoveringCommand short-circuited and no fallback available.
RecoveringCommand short-circuited and no fallback available.
RecoveringCommand short-circuited and no fallback available.
RecoveringCommand short-circuited and no fallback available.
RecoveringCommand short-circuited and no fallback available.
RecoveringCommand short-circuited and no fallback available.
RecoveringCommand short-circuited and no fallback available.
RecoveringCommand short-circuited and no fallback available.
RecoveringCommand short-circuited and no fallback available.
RecoveringCommand short-circuited and no fallback available.
RecoveringCommand short-circuited and no fallback available.
RecoveringCommand short-circuited and no fallback available.
RecoveringCommand short-circuited and no fallback available.
RecoveringCommand short-circuited and no fallback available.
RecoveringCommand short-circuited and no fallback available.
RecoveringCommand short-circuited and no fallback available.
RecoveringCommand short-circuited and no fallback available.
RecoveringCommand short-circuited and no fallback available.
RecoveringCommand short-circuited and no fallback available.
RecoveringCommand short-circuited and no fallback available.
RecoveringCommand short-circuited and no fallback available.
RecoveringCommand short-circuited and no fallback available.
RecoveringCommand short-circuited and no fallback available.
RecoveringCommand short-circuited and no fallback available.
RecoveringCommand short-circuited and no fallback available.
RecoveringCommand short-circuited and no fallback available.
RecoveringCommand short-circuited and no fallback available.
RecoveringCommand short-circuited and no fallback available.
RecoveringCommand short-circuited and no fallback available.
RecoveringCommand short-circuited and no fallback available.
RecoveringCommand short-circuited and no fallback available.
RecoveringCommand short-circuited and no fallback available.
RecoveringCommand short-circuited and no fallback available.
RecoveringCommand short-circuited and no fallback available.
RecoveringCommand short-circuited and no fallback available.
RecoveringCommand short-circuited and no fallback available.
RecoveringCommand short-circuited and no fallback available.
RecoveringCommand short-circuited and no fallback available.
RecoveringCommand short-circuited and no fallback available.
RecoveringCommand short-circuited and no fallback available.
RecoveringCommand short-circuited and no fallback available.
RecoveringCommand short-circuited and no fallback available.
RecoveringCommand short-circuited and no fallback available.
RecoveringCommand short-circuited and no fallback available.
RecoveringCommand short-circuited and no fallback available.
RecoveringCommand short-circuited and no fallback available.
RecoveringCommand short-circuited and no fallback available.
RecoveringCommand short-circuited and no fallback available.
RecoveringCommand short-circuited and no fallback available.
RecoveringCommand short-circuited and no fallback available.
RecoveringCommand short-circuited and no fallback available.
RecoveringCommand short-circuited and no fallback available.
RecoveringCommand short-circuited and no fallback available.
RecoveringCommand short-circuited and no fallback available.
RecoveringCommand short-circuited and no fallback available.
RecoveringCommand short-circuited and no fallback available.
RecoveringCommand short-circuited and no fallback available.
RecoveringCommand short-circuited and no fallback available.
RecoveringCommand short-circuited and no fallback available.
RecoveringCommand short-circuited and no fallback available.
RecoveringCommand short-circuited and no fallback available.
RecoveringCommand short-circuited and no fallback available.
RecoveringCommand short-circuited and no fallback available.
RecoveringCommand short-circuited and no fallback available.
RecoveringCommand short-circuited and no fallback available.
RecoveringCommand short-circuited and no fallback available.
RecoveringCommand short-circuited and no fallback available.
RecoveringCommand short-circuited and no fallback available.
RecoveringCommand short-circuited and no fallback available.
RecoveringCommand short-circuited and no fallback available.
RecoveringCommand short-circuited and no fallback available.
RecoveringCommand short-circuited and no fallback available.
RecoveringCommand short-circuited and no fallback available.
RecoveringCommand short-circuited and no fallback available.
RecoveringCommand short-circuited and no fallback available.
RecoveringCommand short-circuited and no fallback available.
RecoveringCommand short-circuited and no fallback available.
RecoveringCommand short-circuited and no fallback available.
RecoveringCommand short-circuited and no fallback available.
RecoveringCommand short-circuited and no fallback available.
RecoveringCommand short-circuited and no fallback available.
RecoveringCommand short-circuited and no fallback available.
RecoveringCommand short-circuited and no fallback available.
RecoveringCommand short-circuited and no fallback available.
RecoveringCommand short-circuited and no fallback available.
RecoveringCommand short-circuited and no fallback available.
RecoveringCommand short-circuited and no fallback available.
RecoveringCommand short-circuited and no fallback available.
RecoveringCommand short-circuited and no fallback available.
RecoveringCommand short-circuited and no fallback available.
RecoveringCommand short-circuited and no fallback available.
RecoveringCommand short-circuited and no fallback available.
RecoveringCommand short-circuited and no fallback available.
RecoveringCommand short-circuited and no fallback available.
RecoveringCommand short-circuited and no fallback available.
RecoveringCommand short-circuited and no fallback available.
RecoveringCommand short-circuited and no fallback available.
RecoveringCommand short-circuited and no fallback available.
RecoveringCommand short-circuited and no fallback available.
RecoveringCommand short-circuited and no fallback available.
RecoveringCommand short-circuited and no fallback available.
RecoveringCommand short-circuited and no fallback available.
RecoveringCommand short-circuited and no fallback available.
RecoveringCommand short-circuited and no fallback available.
RecoveringCommand short-circuited and no fallback available.
RecoveringCommand short-circuited and no fallback available.
RecoveringCommand short-circuited and no fallback available.
RecoveringCommand short-circuited and no fallback available.
RecoveringCommand short-circuited and no fallback available.
RecoveringCommand short-circuited and no fallback available.
RecoveringCommand short-circuited and no fallback available.
RecoveringCommand short-circuited and no fallback available.
RecoveringCommand short-circuited and no fallback available.
RecoveringCommand short-circuited and no fallback available.
RecoveringCommand short-circuited and no fallback available.
RecoveringCommand short-circuited and no fallback available.
RecoveringCommand short-circuited and no fallback available.
RecoveringCommand short-circuited and no fallback available.
RecoveringCommand short-circuited and no fallback available.
RecoveringCommand short-circuited and no fallback available.
RecoveringCommand short-circuited and no fallback available.
RecoveringCommand short-circuited and no fallback available.
RecoveringCommand short-circuited and no fallback available.
RecoveringCommand short-circuited and no fallback available.
RecoveringCommand short-circuited and no fallback available.
RecoveringCommand short-circuited and no fallback available.
RecoveringCommand short-circuited and no fallback available.
RecoveringCommand short-circuited and no fallback available.
RecoveringCommand short-circuited and no fallback available.
RecoveringCommand short-circuited and no fallback available.
RecoveringCommand short-circuited and no fallback available.
RecoveringCommand short-circuited and no fallback available.
RecoveringCommand short-circuited and no fallback available.
RecoveringCommand short-circuited and no fallback available.
RecoveringCommand short-circuited and no fallback available.
RecoveringCommand short-circuited and no fallback available.
RecoveringCommand short-circuited and no fallback available.
RecoveringCommand short-circuited and no fallback available.
RecoveringCommand short-circuited and no fallback available.
RecoveringCommand short-circuited and no fallback available.
RecoveringCommand short-circuited and no fallback available.
RecoveringCommand short-circuited and no fallback available.
RecoveringCommand short-circuited and no fallback available.
RecoveringCommand short-circuited and no fallback available.
RecoveringCommand short-circuited and no fallback available.
RecoveringCommand short-circuited and no fallback available.
RecoveringCommand short-circuited and no fallback available.
RecoveringCommand short-circuited and no fallback available.
RecoveringCommand short-circuited and no fallback available.
RecoveringCommand short-circuited and no fallback available.
RecoveringCommand short-circuited and no fallback available.
RecoveringCommand short-circuited and no fallback available.
RecoveringCommand short-circuited and no fallback available.
RecoveringCommand short-circuited and no fallback available.
RecoveringCommand short-circuited and no fallback available.
RecoveringCommand short-circuited and no fallback available.
RecoveringCommand short-circuited and no fallback available.
RecoveringCommand short-circuited and no fallback available.
RecoveringCommand short-circuited and no fallback available.
RecoveringCommand short-circuited and no fallback available.
RecoveringCommand short-circuited and no fallback available.
RecoveringCommand short-circuited and no fallback available.
RecoveringCommand short-circuited and no fallback available.
RecoveringCommand short-circuited and no fallback available.
RecoveringCommand short-circuited and no fallback available.
RecoveringCommand short-circuited and no fallback available.
RecoveringCommand short-circuited and no fallback available.
RecoveringCommand short-circuited and no fallback available.
RecoveringCommand short-circuited and no fallback available.
RecoveringCommand short-circuited and no fallback available.
RecoveringCommand short-circuited and no fallback available.
RecoveringCommand short-circuited and no fallback available.
RecoveringCommand short-circuited and no fallback available.
RecoveringCommand short-circuited and no fallback available.
RecoveringCommand short-circuited and no fallback available.
RecoveringCommand short-circuited and no fallback available.
RecoveringCommand short-circuited and no fallback available.
RecoveringCommand short-circuited and no fallback available.
RecoveringCommand short-circuited and no fallback available.
RecoveringCommand short-circuited and no fallback available.
RecoveringCommand short-circuited and no fallback available.
RecoveringCommand short-circuited and no fallback available.
RecoveringCommand short-circuited and no fallback available.
RecoveringCommand short-circuited and no fallback available.
RecoveringCommand short-circuited and no fallback available.
RecoveringCommand short-circuited and no fallback available.
RecoveringCommand short-circuited and no fallback available.
RecoveringCommand short-circuited and no fallback available.
RecoveringCommand short-circuited and no fallback available.
RecoveringCommand short-circuited and no fallback available.
RecoveringCommand short-circuited and no fallback available.
RecoveringCommand short-circuited and no fallback available.
RecoveringCommand short-circuited and no fallback available.
RecoveringCommand short-circuited and no fallback available.
RecoveringCommand short-circuited and no fallback available.
RecoveringCommand short-circuited and no fallback available.
RecoveringCommand short-circuited and no fallback available.
RecoveringCommand short-circuited and no fallback available.
RecoveringCommand short-circuited and no fallback available.
RecoveringCommand short-circuited and no fallback available.
RecoveringCommand short-circuited and no fallback available.
RecoveringCommand short-circuited and no fallback available.
RecoveringCommand short-circuited and no fallback available.
RecoveringCommand short-circuited and no fallback available.
RecoveringCommand short-circuited and no fallback available.
RecoveringCommand short-circuited and no fallback available.
RecoveringCommand short-circuited and no fallback available.
RecoveringCommand short-circuited and no fallback available.
RecoveringCommand short-circuited and no fallback available.
RecoveringCommand short-circuited and no fallback available.
RecoveringCommand short-circuited and no fallback available.
RecoveringCommand short-circuited and no fallback available.
RecoveringCommand short-circuited and no fallback available.
RecoveringCommand short-circuited and no fallback available.
RecoveringCommand short-circuited and no fallback available.
RecoveringCommand short-circuited and no fallback available.
RecoveringCommand short-circuited and no fallback available.
RecoveringCommand short-circuited and no fallback available.
RecoveringCommand short-circuited and no fallback available.
RecoveringCommand short-circuited and no fallback available.
RecoveringCommand short-circuited and no fallback available.
RecoveringCommand short-circuited and no fallback available.
RecoveringCommand short-circuited and no fallback available.
RecoveringCommand short-circuited and no fallback available.
RecoveringCommand short-circuited and no fallback available.
RecoveringCommand short-circuited and no fallback available.
RecoveringCommand short-circuited and no fallback available.
RecoveringCommand short-circuited and no fallback available.
RecoveringCommand short-circuited and no fallback available.
RecoveringCommand short-circuited and no fallback available.
RecoveringCommand short-circuited and no fallback available.
RecoveringCommand short-circuited and no fallback available.
RecoveringCommand short-circuited and no fallback available.
RecoveringCommand short-circuited and no fallback available.
RecoveringCommand short-circuited and no fallback available.
RecoveringCommand short-circuited and no fallback available.
RecoveringCommand short-circuited and no fallback available.
RecoveringCommand short-circuited and no fallback available.
RecoveringCommand short-circuited and no fallback available.
RecoveringCommand short-circuited and no fallback available.
RecoveringCommand short-circuited and no fallback available.
RecoveringCommand short-circuited and no fallback available.
RecoveringCommand short-circuited and no fallback available.
RecoveringCommand short-circuited and no fallback available.
RecoveringCommand short-circuited and no fallback available.
RecoveringCommand short-circuited and no fallback available.
RecoveringCommand short-circuited and no fallback available.
RecoveringCommand short-circuited and no fallback available.
RecoveringCommand short-circuited and no fallback available.
RecoveringCommand short-circuited and no fallback available.
RecoveringCommand short-circuited and no fallback available.
RecoveringCommand short-circuited and no fallback available.
RecoveringCommand short-circuited and no fallback available.
RecoveringCommand short-circuited and no fallback available.
RecoveringCommand short-circuited and no fallback available.
RecoveringCommand short-circuited and no fallback available.
RecoveringCommand short-circuited and no fallback available.
RecoveringCommand short-circuited and no fallback available.
RecoveringCommand short-circuited and no fallback available.
RecoveringCommand short-circuited and no fallback available.
RecoveringCommand short-circuited and no fallback available.
RecoveringCommand short-circuited and no fallback available.
RecoveringCommand short-circuited and no fallback available.
RecoveringCommand short-circuited and no fallback available.
RecoveringCommand short-circuited and no fallback available.
RecoveringCommand short-circuited and no fallback available.
RecoveringCommand short-circuited and no fallback available.
RecoveringCommand short-circuited and no fallback available.
RecoveringCommand short-circuited and no fallback available.
RecoveringCommand short-circuited and no fallback available.
RecoveringCommand short-circuited and no fallback available.
RecoveringCommand short-circuited and no fallback available.
RecoveringCommand short-circuited and no fallback available.
RecoveringCommand short-circuited and no fallback available.
RecoveringCommand short-circuited and no fallback available.
RecoveringCommand short-circuited and no fallback available.
RecoveringCommand short-circuited and no fallback available.
RecoveringCommand short-circuited and no fallback available.
RecoveringCommand short-circuited and no fallback available.
RecoveringCommand short-circuited and no fallback available.
RecoveringCommand short-circuited and no fallback available.
RecoveringCommand short-circuited and no fallback available.
RecoveringCommand short-circuited and no fallback available.
RecoveringCommand short-circuited and no fallback available.
RecoveringCommand short-circuited and no fallback available.
RecoveringCommand short-circuited and no fallback available.
RecoveringCommand short-circuited and no fallback available.
RecoveringCommand short-circuited and no fallback available.
RecoveringCommand short-circuited and no fallback available.
RecoveringCommand short-circuited and no fallback available.
RecoveringCommand short-circuited and no fallback available.
RecoveringCommand short-circuited and no fallback available.
RecoveringCommand short-circuited and no fallback available.
RecoveringCommand short-circuited and no fallback available.
RecoveringCommand short-circuited and no fallback available.
RecoveringCommand short-circuited and no fallback available.
RecoveringCommand short-circuited and no fallback available.
RecoveringCommand short-circuited and no fallback available.
RecoveringCommand short-circuited and no fallback available.
RecoveringCommand short-circuited and no fallback available.
RecoveringCommand short-circuited and no fallback available.
RecoveringCommand short-circuited and no fallback available.
RecoveringCommand short-circuited and no fallback available.
RecoveringCommand short-circuited and no fallback available.
RecoveringCommand short-circuited and no fallback available.
RecoveringCommand short-circuited and no fallback available.
RecoveringCommand short-circuited and no fallback available.
RecoveringCommand short-circuited and no fallback available.
RecoveringCommand short-circuited and no fallback available.
RecoveringCommand short-circuited and no fallback available.
RecoveringCommand short-circuited and no fallback available.
RecoveringCommand short-circuited and no fallback available.
RecoveringCommand short-circuited and no fallback available.
RecoveringCommand short-circuited and no fallback available.
RecoveringCommand short-circuited and no fallback available.
RecoveringCommand short-circuited and no fallback available.
RecoveringCommand short-circuited and no fallback available.
RecoveringCommand short-circuited and no fallback available.
RecoveringCommand short-circuited and no fallback available.
RecoveringCommand short-circuited and no fallback available.
RecoveringCommand short-circuited and no fallback available.
RecoveringCommand short-circuited and no fallback available.
RecoveringCommand short-circuited and no fallback available.
RecoveringCommand short-circuited and no fallback available.
RecoveringCommand short-circuited and no fallback available.
RecoveringCommand short-circuited and no fallback available.
RecoveringCommand short-circuited and no fallback available.
RecoveringCommand short-circuited and no fallback available.
RecoveringCommand short-circuited and no fallback available.
RecoveringCommand short-circuited and no fallback available.
RecoveringCommand short-circuited and no fallback available.
RecoveringCommand short-circuited and no fallback available.
RecoveringCommand short-circuited and no fallback available.
RecoveringCommand short-circuited and no fallback available.
RecoveringCommand short-circuited and no fallback available.
RecoveringCommand short-circuited and no fallback available.
RecoveringCommand short-circuited and no fallback available.
RecoveringCommand short-circuited and no fallback available.
RecoveringCommand short-circuited and no fallback available.
RecoveringCommand short-circuited and no fallback available.
RecoveringCommand short-circuited and no fallback available.
RecoveringCommand short-circuited and no fallback available.
RecoveringCommand short-circuited and no fallback available.
RecoveringCommand short-circuited and no fallback available.
RecoveringCommand short-circuited and no fallback available.
RecoveringCommand short-circuited and no fallback available.
RecoveringCommand short-circuited and no fallback available.
RecoveringCommand short-circuited and no fallback available.
RecoveringCommand short-circuited and no fallback available.
RecoveringCommand short-circuited and no fallback available.
RecoveringCommand short-circuited and no fallback available.
RecoveringCommand short-circuited and no fallback available.
RecoveringCommand short-circuited and no fallback available.
RecoveringCommand short-circuited and no fallback available.
RecoveringCommand short-circuited and no fallback available.
RecoveringCommand short-circuited and no fallback available.
RecoveringCommand short-circuited and no fallback available.
RecoveringCommand short-circuited and no fallback available.
RecoveringCommand short-circuited and no fallback available.
RecoveringCommand short-circuited and no fallback available.
RecoveringCommand short-circuited and no fallback available.
RecoveringCommand short-circuited and no fallback available.
RecoveringCommand short-circuited and no fallback available.
RecoveringCommand short-circuited and no fallback available.
RecoveringCommand short-circuited and no fallback available.
RecoveringCommand short-circuited and no fallback available.
RecoveringCommand short-circuited and no fallback available.
RecoveringCommand short-circuited and no fallback available.
RecoveringCommand short-circuited and no fallback available.
RecoveringCommand short-circuited and no fallback available.
RecoveringCommand short-circuited and no fallback available.
RecoveringCommand short-circuited and no fallback available.
RecoveringCommand short-circuited and no fallback available.
RecoveringCommand short-circuited and no fallback available.
RecoveringCommand short-circuited and no fallback available.
RecoveringCommand short-circuited and no fallback available.
RecoveringCommand short-circuited and no fallback available.
RecoveringCommand short-circuited and no fallback available.
RecoveringCommand short-circuited and no fallback available.
RecoveringCommand short-circuited and no fallback available.
RecoveringCommand short-circuited and no fallback available.
RecoveringCommand short-circuited and no fallback available.
RecoveringCommand short-circuited and no fallback available.
RecoveringCommand short-circuited and no fallback available.
RecoveringCommand short-circuited and no fallback available.
RecoveringCommand short-circuited and no fallback available.
RecoveringCommand short-circuited and no fallback available.
RecoveringCommand short-circuited and no fallback available.
RecoveringCommand short-circuited and no fallback available.
RecoveringCommand short-circuited and no fallback available.
RecoveringCommand short-circuited and no fallback available.
RecoveringCommand short-circuited and no fallback available.
RecoveringCommand short-circuited and no fallback available.
RecoveringCommand short-circuited and no fallback available.
RecoveringCommand short-circuited and no fallback available.
RecoveringCommand short-circuited and no fallback available.
RecoveringCommand short-circuited and no fallback available.
RecoveringCommand short-circuited and no fallback available.
RecoveringCommand short-circuited and no fallback available.
RecoveringCommand short-circuited and no fallback available.
RecoveringCommand short-circuited and no fallback available.
RecoveringCommand short-circuited and no fallback available.
RecoveringCommand short-circuited and no fallback available.
RecoveringCommand short-circuited and no fallback available.
RecoveringCommand short-circuited and no fallback available.
RecoveringCommand short-circuited and no fallback available.
RecoveringCommand short-circuited and no fallback available.
RecoveringCommand short-circuited and no fallback available.
RecoveringCommand short-circuited and no fallback available.
RecoveringCommand short-circuited and no fallback available.
RecoveringCommand short-circuited and no fallback available.
RecoveringCommand short-circuited and no fallback available.
RecoveringCommand short-circuited and no fallback available.
RecoveringCommand short-circuited and no fallback available.
RecoveringCommand short-circuited and no fallback available.
RecoveringCommand short-circuited and no fallback available.
RecoveringCommand short-circuited and no fallback available.
RecoveringCommand short-circuited and no fallback available.
RecoveringCommand short-circuited and no fallback available.
RecoveringCommand short-circuited and no fallback available.
RecoveringCommand short-circuited and no fallback available.
RecoveringCommand short-circuited and no fallback available.
RecoveringCommand short-circuited and no fallback available.
RecoveringCommand short-circuited and no fallback available.
RecoveringCommand short-circuited and no fallback available.
RecoveringCommand short-circuited and no fallback available.
RecoveringCommand short-circuited and no fallback available.
RecoveringCommand short-circuited and no fallback available.
RecoveringCommand short-circuited and no fallback available.
RecoveringCommand short-circuited and no fallback available.
RecoveringCommand short-circuited and no fallback available.
RecoveringCommand short-circuited and no fallback available.
RecoveringCommand short-circuited and no fallback available.
RecoveringCommand short-circuited and no fallback available.
RecoveringCommand short-circuited and no fallback available.
RecoveringCommand short-circuited and no fallback available.
RecoveringCommand short-circuited and no fallback available.
RecoveringCommand short-circuited and no fallback available.
RecoveringCommand short-circuited and no fallback available.
RecoveringCommand short-circuited and no fallback available.
RecoveringCommand short-circuited and no fallback available.
RecoveringCommand short-circuited and no fallback available.
RecoveringCommand short-circuited and no fallback available.
RecoveringCommand short-circuited and no fallback available.
RecoveringCommand short-circuited and no fallback available.
RecoveringCommand short-circuited and no fallback available.
RecoveringCommand short-circuited and no fallback available.
RecoveringCommand short-circuited and no fallback available.
RecoveringCommand short-circuited and no fallback available.
RecoveringCommand short-circuited and no fallback available.
RecoveringCommand short-circuited and no fallback available.
RecoveringCommand short-circuited and no fallback available.
RecoveringCommand short-circuited and no fallback available.
RecoveringCommand short-circuited and no fallback available.
RecoveringCommand short-circuited and no fallback available.
RecoveringCommand short-circuited and no fallback available.
RecoveringCommand short-circuited and no fallback available.
RecoveringCommand short-circuited and no fallback available.
RecoveringCommand short-circuited and no fallback available.
RecoveringCommand short-circuited and no fallback available.
RecoveringCommand short-circuited and no fallback available.
RecoveringCommand short-circuited and no fallback available.
RecoveringCommand short-circuited and no fallback available.
RecoveringCommand short-circuited and no fallback available.
RecoveringCommand short-circuited and no fallback available.
RecoveringCommand short-circuited and no fallback available.
RecoveringCommand short-circuited and no fallback available.
RecoveringCommand short-circuited and no fallback available.
RecoveringCommand short-circuited and no fallback available.
RecoveringCommand short-circuited and no fallback available.
RecoveringCommand short-circuited and no fallback available.
RecoveringCommand short-circuited and no fallback available.
RecoveringCommand short-circuited and no fallback available.
RecoveringCommand short-circuited and no fallback available.
RecoveringCommand short-circuited and no fallback available.
RecoveringCommand short-circuited and no fallback available.
RecoveringCommand short-circuited and no fallback available.
RecoveringCommand short-circuited and no fallback available.
RecoveringCommand short-circuited and no fallback available.
RecoveringCommand short-circuited and no fallback available.
RecoveringCommand short-circuited and no fallback available.
RecoveringCommand short-circuited and no fallback available.
RecoveringCommand short-circuited and no fallback available.
RecoveringCommand short-circuited and no fallback available.
RecoveringCommand short-circuited and no fallback available.
RecoveringCommand short-circuited and no fallback available.
RecoveringCommand short-circuited and no fallback available.
RecoveringCommand short-circuited and no fallback available.
RecoveringCommand short-circuited and no fallback available.
RecoveringCommand short-circuited and no fallback available.
RecoveringCommand short-circuited and no fallback available.
RecoveringCommand short-circuited and no fallback available.
RecoveringCommand short-circuited and no fallback available.
RecoveringCommand short-circuited and no fallback available.
RecoveringCommand short-circuited and no fallback available.
RecoveringCommand short-circuited and no fallback available.
RecoveringCommand short-circuited and no fallback available.
RecoveringCommand short-circuited and no fallback available.
RecoveringCommand short-circuited and no fallback available.
RecoveringCommand short-circuited and no fallback available.
RecoveringCommand short-circuited and no fallback available.
RecoveringCommand short-circuited and no fallback available.
RecoveringCommand short-circuited and no fallback available.
RecoveringCommand short-circuited and no fallback available.
RecoveringCommand short-circuited and no fallback available.
RecoveringCommand short-circuited and no fallback available.
RecoveringCommand short-circuited and no fallback available.
RecoveringCommand short-circuited and no fallback available.
RecoveringCommand short-circuited and no fallback available.
RecoveringCommand short-circuited and no fallback available.
RecoveringCommand short-circuited and no fallback available.
RecoveringCommand short-circuited and no fallback available.
RecoveringCommand short-circuited and no fallback available.
RecoveringCommand short-circuited and no fallback available.
RecoveringCommand short-circuited and no fallback available.
RecoveringCommand short-circuited and no fallback available.
RecoveringCommand short-circuited and no fallback available.
RecoveringCommand short-circuited and no fallback available.
RecoveringCommand short-circuited and no fallback available.
RecoveringCommand short-circuited and no fallback available.
RecoveringCommand short-circuited and no fallback available.
RecoveringCommand short-circuited and no fallback available.
RecoveringCommand short-circuited and no fallback available.
RecoveringCommand short-circuited and no fallback available.
RecoveringCommand short-circuited and no fallback available.
RecoveringCommand short-circuited and no fallback available.
RecoveringCommand short-circuited and no fallback available.
RecoveringCommand short-circuited and no fallback available.
RecoveringCommand short-circuited and no fallback available.
RecoveringCommand short-circuited and no fallback available.
RecoveringCommand short-circuited and no fallback available.
RecoveringCommand short-circuited and no fallback available.
RecoveringCommand short-circuited and no fallback available.
RecoveringCommand short-circuited and no fallback available.
RecoveringCommand short-circuited and no fallback available.
RecoveringCommand short-circuited and no fallback available.
RecoveringCommand short-circuited and no fallback available.
RecoveringCommand short-circuited and no fallback available.
RecoveringCommand short-circuited and no fallback available.
RecoveringCommand short-circuited and no fallback available.
RecoveringCommand short-circuited and no fallback available.
RecoveringCommand short-circuited and no fallback available.
RecoveringCommand short-circuited and no fallback available.
RecoveringCommand short-circuited and no fallback available.
RecoveringCommand short-circuited and no fallback available.
RecoveringCommand short-circuited and no fallback available.
RecoveringCommand short-circuited and no fallback available.
RecoveringCommand short-circuited and no fallback available.
RecoveringCommand short-circuited and no fallback available.
RecoveringCommand short-circuited and no fallback available.
RecoveringCommand short-circuited and no fallback available.
RecoveringCommand short-circuited and no fallback available.
RecoveringCommand short-circuited and no fallback available.
RecoveringCommand short-circuited and no fallback available.
RecoveringCommand short-circuited and no fallback available.
RecoveringCommand short-circuited and no fallback available.
RecoveringCommand short-circuited and no fallback available.
RecoveringCommand short-circuited and no fallback available.
RecoveringCommand short-circuited and no fallback available.
RecoveringCommand short-circuited and no fallback available.
RecoveringCommand short-circuited and no fallback available.
RecoveringCommand short-circuited and no fallback available.
RecoveringCommand short-circuited and no fallback available.
RecoveringCommand short-circuited and no fallback available.
RecoveringCommand short-circuited and no fallback available.
RecoveringCommand short-circuited and no fallback available.
RecoveringCommand short-circuited and no fallback available.
RecoveringCommand short-circuited and no fallback available.
RecoveringCommand short-circuited and no fallback available.
RecoveringCommand short-circuited and no fallback available.
RecoveringCommand short-circuited and no fallback available.
RecoveringCommand short-circuited and no fallback available.
RecoveringCommand short-circuited and no fallback available.
RecoveringCommand short-circuited and no fallback available.
RecoveringCommand short-circuited and no fallback available.
RecoveringCommand short-circuited and no fallback available.
RecoveringCommand short-circuited and no fallback available.
RecoveringCommand short-circuited and no fallback available.
RecoveringCommand short-circuited and no fallback available.
RecoveringCommand short-circuited and no fallback available.
RecoveringCommand short-circuited and no fallback available.
RecoveringCommand short-circuited and no fallback available.
RecoveringCommand short-circuited and no fallback available.
RecoveringCommand short-circuited and no fallback available.
RecoveringCommand short-circuited and no fallback available.
RecoveringCommand short-circuited and no fallback available.
RecoveringCommand short-circuited and no fallback available.
RecoveringCommand short-circuited and no fallback available.
RecoveringCommand short-circuited and no fallback available.
RecoveringCommand short-circuited and no fallback available.
RecoveringCommand short-circuited and no fallback available.
RecoveringCommand short-circuited and no fallback available.
RecoveringCommand short-circuited and no fallback available.
RecoveringCommand short-circuited and no fallback available.
RecoveringCommand short-circuited and no fallback available.
RecoveringCommand short-circuited and no fallback available.
RecoveringCommand short-circuited and no fallback available.
RecoveringCommand short-circuited and no fallback available.
RecoveringCommand short-circuited and no fallback available.
RecoveringCommand short-circuited and no fallback available.
RecoveringCommand short-circuited and no fallback available.
RecoveringCommand short-circuited and no fallback available.
RecoveringCommand short-circuited and no fallback available.
RecoveringCommand short-circuited and no fallback available.
RecoveringCommand short-circuited and no fallback available.
RecoveringCommand short-circuited and no fallback available.
RecoveringCommand short-circuited and no fallback available.
RecoveringCommand short-circuited and no fallback available.
RecoveringCommand short-circuited and no fallback available.
RecoveringCommand short-circuited and no fallback available.
RecoveringCommand short-circuited and no fallback available.
RecoveringCommand short-circuited and no fallback available.
RecoveringCommand short-circuited and no fallback available.
RecoveringCommand short-circuited and no fallback available.
RecoveringCommand short-circuited and no fallback available.
RecoveringCommand short-circuited and no fallback available.
RecoveringCommand short-circuited and no fallback available.
RecoveringCommand short-circuited and no fallback available.
RecoveringCommand short-circuited and no fallback available.
RecoveringCommand short-circuited and no fallback available.
RecoveringCommand short-circuited and no fallback available.
RecoveringCommand short-circuited and no fallback available.
RecoveringCommand short-circuited and no fallback available.
RecoveringCommand short-circuited and no fallback available.
RecoveringCommand short-circuited and no fallback available.
RecoveringCommand short-circuited and no fallback available.
RecoveringCommand short-circuited and no fallback available.
RecoveringCommand short-circuited and no fallback available.
RecoveringCommand short-circuited and no fallback available.
RecoveringCommand short-circuited and no fallback available.
RecoveringCommand short-circuited and no fallback available.
RecoveringCommand short-circuited and no fallback available.
RecoveringCommand short-circuited and no fallback available.
RecoveringCommand short-circuited and no fallback available.
RecoveringCommand short-circuited and no fallback available.
RecoveringCommand short-circuited and no fallback available.
RecoveringCommand short-circuited and no fallback available.
RecoveringCommand short-circuited and no fallback available.
RecoveringCommand short-circuited and no fallback available.
RecoveringCommand short-circuited and no fallback available.
RecoveringCommand short-circuited and no fallback available.
RecoveringCommand short-circuited and no fallback available.
RecoveringCommand short-circuited and no fallback available.
RecoveringCommand short-circuited and no fallback available.
RecoveringCommand short-circuited and no fallback available.
RecoveringCommand short-circuited and no fallback available.
RecoveringCommand short-circuited and no fallback available.
RecoveringCommand short-circuited and no fallback available.
RecoveringCommand short-circuited and no fallback available.
RecoveringCommand short-circuited and no fallback available.
RecoveringCommand short-circuited and no fallback available.
RecoveringCommand short-circuited and no fallback available.
RecoveringCommand short-circuited and no fallback available.
RecoveringCommand short-circuited and no fallback available.
RecoveringCommand short-circuited and no fallback available.
RecoveringCommand short-circuited and no fallback available.
RecoveringCommand short-circuited and no fallback available.
RecoveringCommand short-circuited and no fallback available.
RecoveringCommand short-circuited and no fallback available.
RecoveringCommand short-circuited and no fallback available.
RecoveringCommand short-circuited and no fallback available.
RecoveringCommand short-circuited and no fallback available.
RecoveringCommand short-circuited and no fallback available.
RecoveringCommand short-circuited and no fallback available.
RecoveringCommand short-circuited and no fallback available.
RecoveringCommand short-circuited and no fallback available.
RecoveringCommand short-circuited and no fallback available.
RecoveringCommand short-circuited and no fallback available.
RecoveringCommand short-circuited and no fallback available.
RecoveringCommand short-circuited and no fallback available.
RecoveringCommand short-circuited and no fallback available.
RecoveringCommand short-circuited and no fallback available.
RecoveringCommand short-circuited and no fallback available.
RecoveringCommand short-circuited and no fallback available.
RecoveringCommand short-circuited and no fallback available.
RecoveringCommand short-circuited and no fallback available.
RecoveringCommand short-circuited and no fallback available.
RecoveringCommand short-circuited and no fallback available.
RecoveringCommand short-circuited and no fallback available.
RecoveringCommand short-circuited and no fallback available.
RecoveringCommand short-circuited and no fallback available.
RecoveringCommand short-circuited and no fallback available.
RecoveringCommand short-circuited and no fallback available.
RecoveringCommand short-circuited and no fallback available.
RecoveringCommand short-circuited and no fallback available.
RecoveringCommand short-circuited and no fallback available.
RecoveringCommand short-circuited and no fallback available.
RecoveringCommand short-circuited and no fallback available.
RecoveringCommand short-circuited and no fallback available.
RecoveringCommand short-circuited and no fallback available.
RecoveringCommand short-circuited and no fallback available.
RecoveringCommand short-circuited and no fallback available.
RecoveringCommand short-circuited and no fallback available.
RecoveringCommand short-circuited and no fallback available.
RecoveringCommand short-circuited and no fallback available.
RecoveringCommand short-circuited and no fallback available.
RecoveringCommand short-circuited and no fallback available.
RecoveringCommand short-circuited and no fallback available.
RecoveringCommand short-circuited and no fallback available.
RecoveringCommand failed and no fallback available.
RecoveringCommand short-circuited and no fallback available.
RecoveringCommand short-circuited and no fallback available.
RecoveringCommand short-circuited and no fallback available.
RecoveringCommand short-circuited and no fallback available.
RecoveringCommand short-circuited and no fallback available.
RecoveringCommand short-circuited and no fallback available.
RecoveringCommand short-circuited and no fallback available.
RecoveringCommand short-circuited and no fallback available.
RecoveringCommand short-circuited and no fallback available.
RecoveringCommand short-circuited and no fallback available.
RecoveringCommand short-circuited and no fallback available.
RecoveringCommand short-circuited and no fallback available.
RecoveringCommand short-circuited and no fallback available.
RecoveringCommand short-circuited and no fallback available.
RecoveringCommand short-circuited and no fallback available.
RecoveringCommand short-circuited and no fallback available.
RecoveringCommand short-circuited and no fallback available.
RecoveringCommand short-circuited and no fallback available.
RecoveringCommand short-circuited and no fallback available.
RecoveringCommand short-circuited and no fallback available.
RecoveringCommand short-circuited and no fallback available.
RecoveringCommand short-circuited and no fallback available.
RecoveringCommand short-circuited and no fallback available.
RecoveringCommand short-circuited and no fallback available.
RecoveringCommand short-circuited and no fallback available.
RecoveringCommand short-circuited and no fallback available.
RecoveringCommand short-circuited and no fallback available.
RecoveringCommand short-circuited and no fallback available.
RecoveringCommand short-circuited and no fallback available.
RecoveringCommand short-circuited and no fallback available.
RecoveringCommand short-circuited and no fallback available.
RecoveringCommand short-circuited and no fallback available.
RecoveringCommand short-circuited and no fallback available.
RecoveringCommand short-circuited and no fallback available.
RecoveringCommand short-circuited and no fallback available.
RecoveringCommand short-circuited and no fallback available.
RecoveringCommand short-circuited and no fallback available.
RecoveringCommand short-circuited and no fallback available.
RecoveringCommand short-circuited and no fallback available.
RecoveringCommand short-circuited and no fallback available.
RecoveringCommand short-circuited and no fallback available.
RecoveringCommand short-circuited and no fallback available.
RecoveringCommand short-circuited and no fallback available.
RecoveringCommand short-circuited and no fallback available.
RecoveringCommand short-circuited and no fallback available.
RecoveringCommand short-circuited and no fallback available.
RecoveringCommand short-circuited and no fallback available.
RecoveringCommand short-circuited and no fallback available.
RecoveringCommand short-circuited and no fallback available.
RecoveringCommand short-circuited and no fallback available.
RecoveringCommand short-circuited and no fallback available.
RecoveringCommand short-circuited and no fallback available.
RecoveringCommand short-circuited and no fallback available.
RecoveringCommand short-circuited and no fallback available.
RecoveringCommand short-circuited and no fallback available.
RecoveringCommand short-circuited and no fallback available.
RecoveringCommand short-circuited and no fallback available.
RecoveringCommand short-circuited and no fallback available.
RecoveringCommand short-circuited and no fallback available.
RecoveringCommand short-circuited and no fallback available.
RecoveringCommand short-circuited and no fallback available.
RecoveringCommand short-circuited and no fallback available.
RecoveringCommand short-circuited and no fallback available.
RecoveringCommand short-circuited and no fallback available.
RecoveringCommand short-circuited and no fallback available.
RecoveringCommand short-circuited and no fallback available.
RecoveringCommand short-circuited and no fallback available.
RecoveringCommand short-circuited and no fallback available.
RecoveringCommand short-circuited and no fallback available.
RecoveringCommand short-circuited and no fallback available.
RecoveringCommand short-circuited and no fallback available.
RecoveringCommand short-circuited and no fallback available.
RecoveringCommand short-circuited and no fallback available.
RecoveringCommand short-circuited and no fallback available.
RecoveringCommand short-circuited and no fallback available.
RecoveringCommand short-circuited and no fallback available.
RecoveringCommand short-circuited and no fallback available.
RecoveringCommand short-circuited and no fallback available.
RecoveringCommand short-circuited and no fallback available.
RecoveringCommand short-circuited and no fallback available.
RecoveringCommand short-circuited and no fallback available.
RecoveringCommand short-circuited and no fallback available.
RecoveringCommand short-circuited and no fallback available.
RecoveringCommand short-circuited and no fallback available.
RecoveringCommand short-circuited and no fallback available.
RecoveringCommand short-circuited and no fallback available.
RecoveringCommand short-circuited and no fallback available.
RecoveringCommand short-circuited and no fallback available.
RecoveringCommand short-circuited and no fallback available.
RecoveringCommand short-circuited and no fallback available.
RecoveringCommand short-circuited and no fallback available.
RecoveringCommand short-circuited and no fallback available.
RecoveringCommand short-circuited and no fallback available.
RecoveringCommand short-circuited and no fallback available.
RecoveringCommand short-circuited and no fallback available.
RecoveringCommand short-circuited and no fallback available.
RecoveringCommand short-circuited and no fallback available.
RecoveringCommand short-circuited and no fallback available.
RecoveringCommand short-circuited and no fallback available.
RecoveringCommand short-circuited and no fallback available.
RecoveringCommand short-circuited and no fallback available.
RecoveringCommand short-circuited and no fallback available.
RecoveringCommand short-circuited and no fallback available.
RecoveringCommand short-circuited and no fallback available.
RecoveringCommand short-circuited and no fallback available.
RecoveringCommand short-circuited and no fallback available.
RecoveringCommand short-circuited and no fallback available.
RecoveringCommand short-circuited and no fallback available.
RecoveringCommand short-circuited and no fallback available.
RecoveringCommand short-circuited and no fallback available.
RecoveringCommand short-circuited and no fallback available.
RecoveringCommand short-circuited and no fallback available.
RecoveringCommand short-circuited and no fallback available.
RecoveringCommand short-circuited and no fallback available.
RecoveringCommand short-circuited and no fallback available.
RecoveringCommand short-circuited and no fallback available.
RecoveringCommand short-circuited and no fallback available.
RecoveringCommand short-circuited and no fallback available.
RecoveringCommand short-circuited and no fallback available.
RecoveringCommand short-circuited and no fallback available.
RecoveringCommand short-circuited and no fallback available.
RecoveringCommand short-circuited and no fallback available.
RecoveringCommand short-circuited and no fallback available.
RecoveringCommand short-circuited and no fallback available.
RecoveringCommand short-circuited and no fallback available.
RecoveringCommand short-circuited and no fallback available.
RecoveringCommand short-circuited and no fallback available.
RecoveringCommand short-circuited and no fallback available.
RecoveringCommand short-circuited and no fallback available.
RecoveringCommand short-circuited and no fallback available.
RecoveringCommand short-circuited and no fallback available.
RecoveringCommand short-circuited and no fallback available.
RecoveringCommand short-circuited and no fallback available.
RecoveringCommand short-circuited and no fallback available.
RecoveringCommand short-circuited and no fallback available.
RecoveringCommand short-circuited and no fallback available.
RecoveringCommand short-circuited and no fallback available.
RecoveringCommand short-circuited and no fallback available.
RecoveringCommand short-circuited and no fallback available.
RecoveringCommand short-circuited and no fallback available.
RecoveringCommand short-circuited and no fallback available.
RecoveringCommand short-circuited and no fallback available.
RecoveringCommand short-circuited and no fallback available.
RecoveringCommand short-circuited and no fallback available.
RecoveringCommand short-circuited and no fallback available.
RecoveringCommand short-circuited and no fallback available.
RecoveringCommand short-circuited and no fallback available.
RecoveringCommand short-circuited and no fallback available.
RecoveringCommand short-circuited and no fallback available.
RecoveringCommand short-circuited and no fallback available.
RecoveringCommand short-circuited and no fallback available.
RecoveringCommand short-circuited and no fallback available.
RecoveringCommand short-circuited and no fallback available.
RecoveringCommand short-circuited and no fallback available.
RecoveringCommand short-circuited and no fallback available.
RecoveringCommand short-circuited and no fallback available.
RecoveringCommand short-circuited and no fallback available.
RecoveringCommand short-circuited and no fallback available.
RecoveringCommand short-circuited and no fallback available.
RecoveringCommand short-circuited and no fallback available.
RecoveringCommand short-circuited and no fallback available.
RecoveringCommand short-circuited and no fallback available.
RecoveringCommand short-circuited and no fallback available.
RecoveringCommand short-circuited and no fallback available.
RecoveringCommand short-circuited and no fallback available.
RecoveringCommand short-circuited and no fallback available.
RecoveringCommand short-circuited and no fallback available.
RecoveringCommand short-circuited and no fallback available.
RecoveringCommand short-circuited and no fallback available.
RecoveringCommand short-circuited and no fallback available.
RecoveringCommand short-circuited and no fallback available.
RecoveringCommand short-circuited and no fallback available.
RecoveringCommand short-circuited and no fallback available.
RecoveringCommand short-circuited and no fallback available.
RecoveringCommand short-circuited and no fallback available.
RecoveringCommand short-circuited and no fallback available.
RecoveringCommand short-circuited and no fallback available.
RecoveringCommand short-circuited and no fallback available.
RecoveringCommand short-circuited and no fallback available.
RecoveringCommand short-circuited and no fallback available.
RecoveringCommand short-circuited and no fallback available.
RecoveringCommand short-circuited and no fallback available.
RecoveringCommand short-circuited and no fallback available.
RecoveringCommand short-circuited and no fallback available.
RecoveringCommand short-circuited and no fallback available.
RecoveringCommand short-circuited and no fallback available.
RecoveringCommand short-circuited and no fallback available.
RecoveringCommand short-circuited and no fallback available.
RecoveringCommand short-circuited and no fallback available.
RecoveringCommand short-circuited and no fallback available.
RecoveringCommand short-circuited and no fallback available.
RecoveringCommand short-circuited and no fallback available.
RecoveringCommand short-circuited and no fallback available.
RecoveringCommand short-circuited and no fallback available.
RecoveringCommand short-circuited and no fallback available.
RecoveringCommand short-circuited and no fallback available.
RecoveringCommand short-circuited and no fallback available.
RecoveringCommand short-circuited and no fallback available.
RecoveringCommand short-circuited and no fallback available.
RecoveringCommand short-circuited and no fallback available.
RecoveringCommand short-circuited and no fallback available.
RecoveringCommand short-circuited and no fallback available.
RecoveringCommand short-circuited and no fallback available.
RecoveringCommand short-circuited and no fallback available.
RecoveringCommand short-circuited and no fallback available.
RecoveringCommand short-circuited and no fallback available.
RecoveringCommand short-circuited and no fallback available.
RecoveringCommand short-circuited and no fallback available.
RecoveringCommand short-circuited and no fallback available.
RecoveringCommand short-circuited and no fallback available.
RecoveringCommand short-circuited and no fallback available.
RecoveringCommand short-circuited and no fallback available.
RecoveringCommand short-circuited and no fallback available.
RecoveringCommand short-circuited and no fallback available.
RecoveringCommand short-circuited and no fallback available.
RecoveringCommand short-circuited and no fallback available.
RecoveringCommand short-circuited and no fallback available.
RecoveringCommand short-circuited and no fallback available.
RecoveringCommand short-circuited and no fallback available.
RecoveringCommand short-circuited and no fallback available.
RecoveringCommand short-circuited and no fallback available.
RecoveringCommand short-circuited and no fallback available.
RecoveringCommand short-circuited and no fallback available.
RecoveringCommand short-circuited and no fallback available.
RecoveringCommand short-circuited and no fallback available.
RecoveringCommand short-circuited and no fallback available.
RecoveringCommand short-circuited and no fallback available.
RecoveringCommand short-circuited and no fallback available.
RecoveringCommand short-circuited and no fallback available.
RecoveringCommand short-circuited and no fallback available.
RecoveringCommand short-circuited and no fallback available.
RecoveringCommand short-circuited and no fallback available.
RecoveringCommand short-circuited and no fallback available.
RecoveringCommand short-circuited and no fallback available.
RecoveringCommand short-circuited and no fallback available.
RecoveringCommand short-circuited and no fallback available.
RecoveringCommand short-circuited and no fallback available.
RecoveringCommand short-circuited and no fallback available.
RecoveringCommand short-circuited and no fallback available.
RecoveringCommand short-circuited and no fallback available.
RecoveringCommand short-circuited and no fallback available.
RecoveringCommand short-circuited and no fallback available.
RecoveringCommand short-circuited and no fallback available.
RecoveringCommand short-circuited and no fallback available.
RecoveringCommand short-circuited and no fallback available.
RecoveringCommand short-circuited and no fallback available.
RecoveringCommand short-circuited and no fallback available.
RecoveringCommand short-circuited and no fallback available.
RecoveringCommand short-circuited and no fallback available.
RecoveringCommand short-circuited and no fallback available.
RecoveringCommand short-circuited and no fallback available.
RecoveringCommand short-circuited and no fallback available.
RecoveringCommand short-circuited and no fallback available.
RecoveringCommand short-circuited and no fallback available.
RecoveringCommand short-circuited and no fallback available.
RecoveringCommand short-circuited and no fallback available.
RecoveringCommand short-circuited and no fallback available.
RecoveringCommand short-circuited and no fallback available.
RecoveringCommand short-circuited and no fallback available.
RecoveringCommand short-circuited and no fallback available.
RecoveringCommand short-circuited and no fallback available.
RecoveringCommand short-circuited and no fallback available.
RecoveringCommand short-circuited and no fallback available.
RecoveringCommand short-circuited and no fallback available.
RecoveringCommand short-circuited and no fallback available.
RecoveringCommand short-circuited and no fallback available.
RecoveringCommand short-circuited and no fallback available.
RecoveringCommand short-circuited and no fallback available.
RecoveringCommand short-circuited and no fallback available.
RecoveringCommand short-circuited and no fallback available.
RecoveringCommand short-circuited and no fallback available.
RecoveringCommand short-circuited and no fallback available.
RecoveringCommand short-circuited and no fallback available.
RecoveringCommand short-circuited and no fallback available.
RecoveringCommand short-circuited and no fallback available.
RecoveringCommand short-circuited and no fallback available.
RecoveringCommand short-circuited and no fallback available.
RecoveringCommand short-circuited and no fallback available.
RecoveringCommand short-circuited and no fallback available.
RecoveringCommand short-circuited and no fallback available.
RecoveringCommand short-circuited and no fallback available.
RecoveringCommand short-circuited and no fallback available.
RecoveringCommand short-circuited and no fallback available.
RecoveringCommand short-circuited and no fallback available.
RecoveringCommand short-circuited and no fallback available.
RecoveringCommand short-circuited and no fallback available.
RecoveringCommand short-circuited and no fallback available.
RecoveringCommand short-circuited and no fallback available.
RecoveringCommand short-circuited and no fallback available.
RecoveringCommand short-circuited and no fallback available.
RecoveringCommand short-circuited and no fallback available.
RecoveringCommand short-circuited and no fallback available.
RecoveringCommand short-circuited and no fallback available.
RecoveringCommand short-circuited and no fallback available.
RecoveringCommand short-circuited and no fallback available.
RecoveringCommand short-circuited and no fallback available.
RecoveringCommand short-circuited and no fallback available.
RecoveringCommand short-circuited and no fallback available.
RecoveringCommand short-circuited and no fallback available.
RecoveringCommand short-circuited and no fallback available.
RecoveringCommand short-circuited and no fallback available.
RecoveringCommand short-circuited and no fallback available.
RecoveringCommand short-circuited and no fallback available.
RecoveringCommand short-circuited and no fallback available.
RecoveringCommand short-circuited and no fallback available.
RecoveringCommand short-circuited and no fallback available.
RecoveringCommand short-circuited and no fallback available.
RecoveringCommand short-circuited and no fallback available.
RecoveringCommand short-circuited and no fallback available.
RecoveringCommand short-circuited and no fallback available.
RecoveringCommand short-circuited and no fallback available.
RecoveringCommand short-circuited and no fallback available.
RecoveringCommand short-circuited and no fallback available.
RecoveringCommand short-circuited and no fallback available.
RecoveringCommand short-circuited and no fallback available.
RecoveringCommand short-circuited and no fallback available.
RecoveringCommand short-circuited and no fallback available.
RecoveringCommand short-circuited and no fallback available.
RecoveringCommand short-circuited and no fallback available.
RecoveringCommand short-circuited and no fallback available.
RecoveringCommand short-circuited and no fallback available.
RecoveringCommand short-circuited and no fallback available.
RecoveringCommand short-circuited and no fallback available.
RecoveringCommand short-circuited and no fallback available.
RecoveringCommand short-circuited and no fallback available.
RecoveringCommand short-circuited and no fallback available.
RecoveringCommand short-circuited and no fallback available.
RecoveringCommand short-circuited and no fallback available.
RecoveringCommand short-circuited and no fallback available.
RecoveringCommand short-circuited and no fallback available.
RecoveringCommand short-circuited and no fallback available.
RecoveringCommand short-circuited and no fallback available.
RecoveringCommand short-circuited and no fallback available.
RecoveringCommand short-circuited and no fallback available.
RecoveringCommand short-circuited and no fallback available.
RecoveringCommand short-circuited and no fallback available.
RecoveringCommand short-circuited and no fallback available.
RecoveringCommand short-circuited and no fallback available.
RecoveringCommand short-circuited and no fallback available.
RecoveringCommand short-circuited and no fallback available.
RecoveringCommand short-circuited and no fallback available.
RecoveringCommand short-circuited and no fallback available.
RecoveringCommand short-circuited and no fallback available.
RecoveringCommand short-circuited and no fallback available.
RecoveringCommand short-circuited and no fallback available.
RecoveringCommand short-circuited and no fallback available.
RecoveringCommand short-circuited and no fallback available.
RecoveringCommand short-circuited and no fallback available.
RecoveringCommand short-circuited and no fallback available.
RecoveringCommand short-circuited and no fallback available.
RecoveringCommand short-circuited and no fallback available.
RecoveringCommand short-circuited and no fallback available.
RecoveringCommand short-circuited and no fallback available.
RecoveringCommand short-circuited and no fallback available.
RecoveringCommand short-circuited and no fallback available.
RecoveringCommand short-circuited and no fallback available.
RecoveringCommand short-circuited and no fallback available.
RecoveringCommand short-circuited and no fallback available.
RecoveringCommand short-circuited and no fallback available.
RecoveringCommand short-circuited and no fallback available.
RecoveringCommand short-circuited and no fallback available.
RecoveringCommand short-circuited and no fallback available.
RecoveringCommand short-circuited and no fallback available.
RecoveringCommand short-circuited and no fallback available.
RecoveringCommand short-circuited and no fallback available.
RecoveringCommand short-circuited and no fallback available.
RecoveringCommand short-circuited and no fallback available.
RecoveringCommand short-circuited and no fallback available.
RecoveringCommand short-circuited and no fallback available.
RecoveringCommand short-circuited and no fallback available.
RecoveringCommand short-circuited and no fallback available.
RecoveringCommand short-circuited and no fallback available.
RecoveringCommand short-circuited and no fallback available.
RecoveringCommand short-circuited and no fallback available.
RecoveringCommand short-circuited and no fallback available.
RecoveringCommand short-circuited and no fallback available.
RecoveringCommand short-circuited and no fallback available.
RecoveringCommand short-circuited and no fallback available.
RecoveringCommand short-circuited and no fallback available.
RecoveringCommand short-circuited and no fallback available.
RecoveringCommand short-circuited and no fallback available.
RecoveringCommand short-circuited and no fallback available.
RecoveringCommand short-circuited and no fallback available.
RecoveringCommand short-circuited and no fallback available.
RecoveringCommand short-circuited and no fallback available.
RecoveringCommand short-circuited and no fallback available.
RecoveringCommand short-circuited and no fallback available.
RecoveringCommand short-circuited and no fallback available.
RecoveringCommand short-circuited and no fallback available.
RecoveringCommand short-circuited and no fallback available.
RecoveringCommand short-circuited and no fallback available.
RecoveringCommand short-circuited and no fallback available.
RecoveringCommand short-circuited and no fallback available.
RecoveringCommand short-circuited and no fallback available.
RecoveringCommand short-circuited and no fallback available.
RecoveringCommand short-circuited and no fallback available.
RecoveringCommand short-circuited and no fallback available.
RecoveringCommand short-circuited and no fallback available.
RecoveringCommand short-circuited and no fallback available.
RecoveringCommand short-circuited and no fallback available.
RecoveringCommand short-circuited and no fallback available.
RecoveringCommand short-circuited and no fallback available.
RecoveringCommand short-circuited and no fallback available.
RecoveringCommand short-circuited and no fallback available.
RecoveringCommand short-circuited and no fallback available.
RecoveringCommand short-circuited and no fallback available.
RecoveringCommand short-circuited and no fallback available.
RecoveringCommand short-circuited and no fallback available.
RecoveringCommand short-circuited and no fallback available.
RecoveringCommand short-circuited and no fallback available.
RecoveringCommand short-circuited and no fallback available.
RecoveringCommand short-circuited and no fallback available.
RecoveringCommand short-circuited and no fallback available.
RecoveringCommand short-circuited and no fallback available.
RecoveringCommand short-circuited and no fallback available.
RecoveringCommand short-circuited and no fallback available.
RecoveringCommand short-circuited and no fallback available.
RecoveringCommand short-circuited and no fallback available.
RecoveringCommand short-circuited and no fallback available.
RecoveringCommand short-circuited and no fallback available.
RecoveringCommand short-circuited and no fallback available.
RecoveringCommand short-circuited and no fallback available.
RecoveringCommand short-circuited and no fallback available.
RecoveringCommand short-circuited and no fallback available.
RecoveringCommand short-circuited and no fallback available.
RecoveringCommand short-circuited and no fallback available.
RecoveringCommand short-circuited and no fallback available.
RecoveringCommand short-circuited and no fallback available.
RecoveringCommand short-circuited and no fallback available.
RecoveringCommand short-circuited and no fallback available.
RecoveringCommand short-circuited and no fallback available.
RecoveringCommand short-circuited and no fallback available.
RecoveringCommand short-circuited and no fallback available.
RecoveringCommand short-circuited and no fallback available.
RecoveringCommand short-circuited and no fallback available.
RecoveringCommand short-circuited and no fallback available.
RecoveringCommand short-circuited and no fallback available.
RecoveringCommand short-circuited and no fallback available.
RecoveringCommand short-circuited and no fallback available.
RecoveringCommand short-circuited and no fallback available.
RecoveringCommand short-circuited and no fallback available.
RecoveringCommand short-circuited and no fallback available.
RecoveringCommand short-circuited and no fallback available.
RecoveringCommand short-circuited and no fallback available.
RecoveringCommand short-circuited and no fallback available.
RecoveringCommand short-circuited and no fallback available.
RecoveringCommand short-circuited and no fallback available.
RecoveringCommand short-circuited and no fallback available.
RecoveringCommand short-circuited and no fallback available.
RecoveringCommand short-circuited and no fallback available.
RecoveringCommand short-circuited and no fallback available.
RecoveringCommand short-circuited and no fallback available.
RecoveringCommand short-circuited and no fallback available.
RecoveringCommand short-circuited and no fallback available.
RecoveringCommand short-circuited and no fallback available.
RecoveringCommand short-circuited and no fallback available.
RecoveringCommand short-circuited and no fallback available.
RecoveringCommand short-circuited and no fallback available.
RecoveringCommand short-circuited and no fallback available.
RecoveringCommand short-circuited and no fallback available.
RecoveringCommand short-circuited and no fallback available.
RecoveringCommand short-circuited and no fallback available.
RecoveringCommand short-circuited and no fallback available.
RecoveringCommand short-circuited and no fallback available.
RecoveringCommand short-circuited and no fallback available.
RecoveringCommand short-circuited and no fallback available.
RecoveringCommand short-circuited and no fallback available.
RecoveringCommand short-circuited and no fallback available.
RecoveringCommand short-circuited and no fallback available.
RecoveringCommand short-circuited and no fallback available.
RecoveringCommand short-circuited and no fallback available.
RecoveringCommand short-circuited and no fallback available.
RecoveringCommand short-circuited and no fallback available.
RecoveringCommand short-circuited and no fallback available.
RecoveringCommand short-circuited and no fallback available.
RecoveringCommand short-circuited and no fallback available.
RecoveringCommand short-circuited and no fallback available.
RecoveringCommand short-circuited and no fallback available.
RecoveringCommand short-circuited and no fallback available.
RecoveringCommand short-circuited and no fallback available.
RecoveringCommand short-circuited and no fallback available.
RecoveringCommand short-circuited and no fallback available.
RecoveringCommand short-circuited and no fallback available.
RecoveringCommand short-circuited and no fallback available.
RecoveringCommand short-circuited and no fallback available.
RecoveringCommand short-circuited and no fallback available.
RecoveringCommand short-circuited and no fallback available.
RecoveringCommand short-circuited and no fallback available.
RecoveringCommand short-circuited and no fallback available.
RecoveringCommand short-circuited and no fallback available.
RecoveringCommand short-circuited and no fallback available.
RecoveringCommand short-circuited and no fallback available.
RecoveringCommand short-circuited and no fallback available.
RecoveringCommand short-circuited and no fallback available.
RecoveringCommand short-circuited and no fallback available.
RecoveringCommand short-circuited and no fallback available.
RecoveringCommand short-circuited and no fallback available.
RecoveringCommand short-circuited and no fallback available.
RecoveringCommand short-circuited and no fallback available.
RecoveringCommand short-circuited and no fallback available.
RecoveringCommand short-circuited and no fallback available.
RecoveringCommand short-circuited and no fallback available.
RecoveringCommand short-circuited and no fallback available.
RecoveringCommand short-circuited and no fallback available.
RecoveringCommand short-circuited and no fallback available.
RecoveringCommand short-circuited and no fallback available.
RecoveringCommand short-circuited and no fallback available.
RecoveringCommand short-circuited and no fallback available.
RecoveringCommand short-circuited and no fallback available.
RecoveringCommand short-circuited and no fallback available.
RecoveringCommand short-circuited and no fallback available.
RecoveringCommand short-circuited and no fallback available.
RecoveringCommand short-circuited and no fallback available.
RecoveringCommand short-circuited and no fallback available.
RecoveringCommand short-circuited and no fallback available.
RecoveringCommand short-circuited and no fallback available.
RecoveringCommand short-circuited and no fallback available.
RecoveringCommand short-circuited and no fallback available.
RecoveringCommand short-circuited and no fallback available.
RecoveringCommand short-circuited and no fallback available.
RecoveringCommand short-circuited and no fallback available.
RecoveringCommand short-circuited and no fallback available.
RecoveringCommand short-circuited and no fallback available.
RecoveringCommand short-circuited and no fallback available.
RecoveringCommand short-circuited and no fallback available.
RecoveringCommand short-circuited and no fallback available.
RecoveringCommand short-circuited and no fallback available.
RecoveringCommand short-circuited and no fallback available.
RecoveringCommand short-circuited and no fallback available.
RecoveringCommand short-circuited and no fallback available.
RecoveringCommand short-circuited and no fallback available.
RecoveringCommand short-circuited and no fallback available.
RecoveringCommand short-circuited and no fallback available.
RecoveringCommand short-circuited and no fallback available.
RecoveringCommand short-circuited and no fallback available.
RecoveringCommand short-circuited and no fallback available.
RecoveringCommand short-circuited and no fallback available.
RecoveringCommand short-circuited and no fallback available.
RecoveringCommand short-circuited and no fallback available.
RecoveringCommand short-circuited and no fallback available.
RecoveringCommand short-circuited and no fallback available.
RecoveringCommand short-circuited and no fallback available.
RecoveringCommand short-circuited and no fallback available.
RecoveringCommand short-circuited and no fallback available.
RecoveringCommand short-circuited and no fallback available.
RecoveringCommand short-circuited and no fallback available.
RecoveringCommand short-circuited and no fallback available.
RecoveringCommand short-circuited and no fallback available.
RecoveringCommand short-circuited and no fallback available.
RecoveringCommand short-circuited and no fallback available.
RecoveringCommand short-circuited and no fallback available.
RecoveringCommand short-circuited and no fallback available.
RecoveringCommand short-circuited and no fallback available.
RecoveringCommand short-circuited and no fallback available.
RecoveringCommand short-circuited and no fallback available.
RecoveringCommand short-circuited and no fallback available.
RecoveringCommand short-circuited and no fallback available.
RecoveringCommand short-circuited and no fallback available.
RecoveringCommand short-circuited and no fallback available.
RecoveringCommand short-circuited and no fallback available.
RecoveringCommand short-circuited and no fallback available.
RecoveringCommand short-circuited and no fallback available.
RecoveringCommand short-circuited and no fallback available.
RecoveringCommand short-circuited and no fallback available.
RecoveringCommand short-circuited and no fallback available.
RecoveringCommand short-circuited and no fallback available.
RecoveringCommand short-circuited and no fallback available.
RecoveringCommand short-circuited and no fallback available.
RecoveringCommand short-circuited and no fallback available.
RecoveringCommand short-circuited and no fallback available.
RecoveringCommand short-circuited and no fallback available.
RecoveringCommand short-circuited and no fallback available.
RecoveringCommand short-circuited and no fallback available.
RecoveringCommand short-circuited and no fallback available.
RecoveringCommand short-circuited and no fallback available.
RecoveringCommand short-circuited and no fallback available.
RecoveringCommand short-circuited and no fallback available.
RecoveringCommand short-circuited and no fallback available.
RecoveringCommand short-circuited and no fallback available.
RecoveringCommand short-circuited and no fallback available.
RecoveringCommand short-circuited and no fallback available.
RecoveringCommand short-circuited and no fallback available.
RecoveringCommand short-circuited and no fallback available.
RecoveringCommand short-circuited and no fallback available.
RecoveringCommand short-circuited and no fallback available.
RecoveringCommand short-circuited and no fallback available.
RecoveringCommand short-circuited and no fallback available.
RecoveringCommand short-circuited and no fallback available.
RecoveringCommand short-circuited and no fallback available.
RecoveringCommand short-circuited and no fallback available.
RecoveringCommand short-circuited and no fallback available.
RecoveringCommand short-circuited and no fallback available.
RecoveringCommand short-circuited and no fallback available.
RecoveringCommand short-circuited and no fallback available.
RecoveringCommand short-circuited and no fallback available.
RecoveringCommand short-circuited and no fallback available.
RecoveringCommand short-circuited and no fallback available.
RecoveringCommand short-circuited and no fallback available.
RecoveringCommand short-circuited and no fallback available.
RecoveringCommand short-circuited and no fallback available.
RecoveringCommand short-circuited and no fallback available.
RecoveringCommand short-circuited and no fallback available.
RecoveringCommand short-circuited and no fallback available.
RecoveringCommand short-circuited and no fallback available.
RecoveringCommand short-circuited and no fallback available.
RecoveringCommand short-circuited and no fallback available.
RecoveringCommand short-circuited and no fallback available.
RecoveringCommand short-circuited and no fallback available.
RecoveringCommand short-circuited and no fallback available.
RecoveringCommand short-circuited and no fallback available.
RecoveringCommand short-circuited and no fallback available.
RecoveringCommand short-circuited and no fallback available.
RecoveringCommand short-circuited and no fallback available.
RecoveringCommand short-circuited and no fallback available.
RecoveringCommand short-circuited and no fallback available.
RecoveringCommand short-circuited and no fallback available.
RecoveringCommand short-circuited and no fallback available.
RecoveringCommand short-circuited and no fallback available.
RecoveringCommand short-circuited and no fallback available.
RecoveringCommand short-circuited and no fallback available.
RecoveringCommand short-circuited and no fallback available.
RecoveringCommand short-circuited and no fallback available.
RecoveringCommand short-circuited and no fallback available.
RecoveringCommand short-circuited and no fallback available.
RecoveringCommand short-circuited and no fallback available.
RecoveringCommand short-circuited and no fallback available.
RecoveringCommand short-circuited and no fallback available.
RecoveringCommand short-circuited and no fallback available.
RecoveringCommand short-circuited and no fallback available.
RecoveringCommand short-circuited and no fallback available.
RecoveringCommand short-circuited and no fallback available.
RecoveringCommand short-circuited and no fallback available.
RecoveringCommand short-circuited and no fallback available.
RecoveringCommand short-circuited and no fallback available.
RecoveringCommand short-circuited and no fallback available.
RecoveringCommand short-circuited and no fallback available.
RecoveringCommand short-circuited and no fallback available.
RecoveringCommand short-circuited and no fallback available.
RecoveringCommand short-circuited and no fallback available.
RecoveringCommand short-circuited and no fallback available.
RecoveringCommand short-circuited and no fallback available.
RecoveringCommand short-circuited and no fallback available.
RecoveringCommand short-circuited and no fallback available.
RecoveringCommand short-circuited and no fallback available.
RecoveringCommand short-circuited and no fallback available.
RecoveringCommand short-circuited and no fallback available.
RecoveringCommand short-circuited and no fallback available.
RecoveringCommand short-circuited and no fallback available.
RecoveringCommand short-circuited and no fallback available.
RecoveringCommand short-circuited and no fallback available.
RecoveringCommand short-circuited and no fallback available.
RecoveringCommand short-circuited and no fallback available.
RecoveringCommand short-circuited and no fallback available.
RecoveringCommand short-circuited and no fallback available.
RecoveringCommand short-circuited and no fallback available.
RecoveringCommand short-circuited and no fallback available.
RecoveringCommand short-circuited and no fallback available.
RecoveringCommand short-circuited and no fallback available.
RecoveringCommand short-circuited and no fallback available.
RecoveringCommand short-circuited and no fallback available.
RecoveringCommand short-circuited and no fallback available.
RecoveringCommand short-circuited and no fallback available.
RecoveringCommand short-circuited and no fallback available.
RecoveringCommand short-circuited and no fallback available.
RecoveringCommand short-circuited and no fallback available.
RecoveringCommand short-circuited and no fallback available.
RecoveringCommand short-circuited and no fallback available.
RecoveringCommand short-circuited and no fallback available.
RecoveringCommand short-circuited and no fallback available.
RecoveringCommand short-circuited and no fallback available.
RecoveringCommand short-circuited and no fallback available.
RecoveringCommand short-circuited and no fallback available.
RecoveringCommand short-circuited and no fallback available.
RecoveringCommand short-circuited and no fallback available.
RecoveringCommand short-circuited and no fallback available.
RecoveringCommand short-circuited and no fallback available.
RecoveringCommand short-circuited and no fallback available.
RecoveringCommand short-circuited and no fallback available.
RecoveringCommand short-circuited and no fallback available.
RecoveringCommand short-circuited and no fallback available.
RecoveringCommand short-circuited and no fallback available.
RecoveringCommand short-circuited and no fallback available.
RecoveringCommand short-circuited and no fallback available.
RecoveringCommand short-circuited and no fallback available.
RecoveringCommand short-circuited and no fallback available.
RecoveringCommand short-circuited and no fallback available.
RecoveringCommand short-circuited and no fallback available.
RecoveringCommand short-circuited and no fallback available.
RecoveringCommand short-circuited and no fallback available.
RecoveringCommand short-circuited and no fallback available.
RecoveringCommand short-circuited and no fallback available.
RecoveringCommand short-circuited and no fallback available.
RecoveringCommand short-circuited and no fallback available.
RecoveringCommand short-circuited and no fallback available.
RecoveringCommand short-circuited and no fallback available.
RecoveringCommand short-circuited and no fallback available.
RecoveringCommand short-circuited and no fallback available.
RecoveringCommand short-circuited and no fallback available.
RecoveringCommand short-circuited and no fallback available.
RecoveringCommand short-circuited and no fallback available.
RecoveringCommand short-circuited and no fallback available.
RecoveringCommand short-circuited and no fallback available.
RecoveringCommand short-circuited and no fallback available.
RecoveringCommand short-circuited and no fallback available.
RecoveringCommand short-circuited and no fallback available.
RecoveringCommand short-circuited and no fallback available.
RecoveringCommand short-circuited and no fallback available.
RecoveringCommand short-circuited and no fallback available.
RecoveringCommand short-circuited and no fallback available.
RecoveringCommand short-circuited and no fallback available.
RecoveringCommand short-circuited and no fallback available.
RecoveringCommand short-circuited and no fallback available.
RecoveringCommand short-circuited and no fallback available.
RecoveringCommand short-circuited and no fallback available.
RecoveringCommand short-circuited and no fallback available.
RecoveringCommand short-circuited and no fallback available.
RecoveringCommand short-circuited and no fallback available.
RecoveringCommand short-circuited and no fallback available.
RecoveringCommand short-circuited and no fallback available.
RecoveringCommand short-circuited and no fallback available.
RecoveringCommand short-circuited and no fallback available.
RecoveringCommand short-circuited and no fallback available.
RecoveringCommand short-circuited and no fallback available.
RecoveringCommand short-circuited and no fallback available.
RecoveringCommand short-circuited and no fallback available.
RecoveringCommand short-circuited and no fallback available.
RecoveringCommand short-circuited and no fallback available.
RecoveringCommand short-circuited and no fallback available.
RecoveringCommand short-circuited and no fallback available.
RecoveringCommand short-circuited and no fallback available.
RecoveringCommand short-circuited and no fallback available.
RecoveringCommand short-circuited and no fallback available.
RecoveringCommand short-circuited and no fallback available.
RecoveringCommand short-circuited and no fallback available.
RecoveringCommand short-circuited and no fallback available.
RecoveringCommand short-circuited and no fallback available.
RecoveringCommand short-circuited and no fallback available.
RecoveringCommand short-circuited and no fallback available.
RecoveringCommand short-circuited and no fallback available.
RecoveringCommand short-circuited and no fallback available.
RecoveringCommand short-circuited and no fallback available.
RecoveringCommand short-circuited and no fallback available.
RecoveringCommand short-circuited and no fallback available.
RecoveringCommand short-circuited and no fallback available.
RecoveringCommand short-circuited and no fallback available.
RecoveringCommand short-circuited and no fallback available.
RecoveringCommand short-circuited and no fallback available.
RecoveringCommand short-circuited and no fallback available.
RecoveringCommand short-circuited and no fallback available.
RecoveringCommand short-circuited and no fallback available.
RecoveringCommand short-circuited and no fallback available.
RecoveringCommand short-circuited and no fallback available.
RecoveringCommand short-circuited and no fallback available.
RecoveringCommand short-circuited and no fallback available.
RecoveringCommand short-circuited and no fallback available.
RecoveringCommand short-circuited and no fallback available.
RecoveringCommand short-circuited and no fallback available.
RecoveringCommand short-circuited and no fallback available.
RecoveringCommand short-circuited and no fallback available.
RecoveringCommand short-circuited and no fallback available.
RecoveringCommand short-circuited and no fallback available.
RecoveringCommand short-circuited and no fallback available.
RecoveringCommand short-circuited and no fallback available.
RecoveringCommand short-circuited and no fallback available.
RecoveringCommand short-circuited and no fallback available.
RecoveringCommand short-circuited and no fallback available.
RecoveringCommand short-circuited and no fallback available.
RecoveringCommand short-circuited and no fallback available.
RecoveringCommand short-circuited and no fallback available.
RecoveringCommand short-circuited and no fallback available.
RecoveringCommand short-circuited and no fallback available.
RecoveringCommand short-circuited and no fallback available.
RecoveringCommand short-circuited and no fallback available.
RecoveringCommand short-circuited and no fallback available.
RecoveringCommand short-circuited and no fallback available.
RecoveringCommand short-circuited and no fallback available.
RecoveringCommand short-circuited and no fallback available.
RecoveringCommand short-circuited and no fallback available.
RecoveringCommand short-circuited and no fallback available.
RecoveringCommand short-circuited and no fallback available.
RecoveringCommand short-circuited and no fallback available.
RecoveringCommand short-circuited and no fallback available.
RecoveringCommand short-circuited and no fallback available.
RecoveringCommand short-circuited and no fallback available.
RecoveringCommand short-circuited and no fallback available.
RecoveringCommand short-circuited and no fallback available.
RecoveringCommand short-circuited and no fallback available.
RecoveringCommand short-circuited and no fallback available.
RecoveringCommand short-circuited and no fallback available.
RecoveringCommand short-circuited and no fallback available.
RecoveringCommand short-circuited and no fallback available.
RecoveringCommand short-circuited and no fallback available.
RecoveringCommand short-circuited and no fallback available.
RecoveringCommand short-circuited and no fallback available.
RecoveringCommand short-circuited and no fallback available.
RecoveringCommand short-circuited and no fallback available.
RecoveringCommand short-circuited and no fallback available.
RecoveringCommand short-circuited and no fallback available.
RecoveringCommand short-circuited and no fallback available.
RecoveringCommand short-circuited and no fallback available.
RecoveringCommand short-circuited and no fallback available.
RecoveringCommand short-circuited and no fallback available.
RecoveringCommand short-circuited and no fallback available.
RecoveringCommand short-circuited and no fallback available.
RecoveringCommand short-circuited and no fallback available.
RecoveringCommand short-circuited and no fallback available.
RecoveringCommand short-circuited and no fallback available.
RecoveringCommand short-circuited and no fallback available.
RecoveringCommand short-circuited and no fallback available.
RecoveringCommand short-circuited and no fallback available.
RecoveringCommand short-circuited and no fallback available.
RecoveringCommand short-circuited and no fallback available.
RecoveringCommand short-circuited and no fallback available.
RecoveringCommand short-circuited and no fallback available.
RecoveringCommand short-circuited and no fallback available.
RecoveringCommand short-circuited and no fallback available.
RecoveringCommand short-circuited and no fallback available.
RecoveringCommand short-circuited and no fallback available.
RecoveringCommand short-circuited and no fallback available.
RecoveringCommand short-circuited and no fallback available.
RecoveringCommand short-circuited and no fallback available.
RecoveringCommand short-circuited and no fallback available.
RecoveringCommand short-circuited and no fallback available.
RecoveringCommand short-circuited and no fallback available.
RecoveringCommand short-circuited and no fallback available.
RecoveringCommand short-circuited and no fallback available.
RecoveringCommand short-circuited and no fallback available.
RecoveringCommand short-circuited and no fallback available.
RecoveringCommand short-circuited and no fallback available.
RecoveringCommand short-circuited and no fallback available.
RecoveringCommand short-circuited and no fallback available.
RecoveringCommand short-circuited and no fallback available.
RecoveringCommand short-circuited and no fallback available.
RecoveringCommand short-circuited and no fallback available.
RecoveringCommand short-circuited and no fallback available.
RecoveringCommand short-circuited and no fallback available.
RecoveringCommand short-circuited and no fallback available.
RecoveringCommand short-circuited and no fallback available.
RecoveringCommand short-circuited and no fallback available.
RecoveringCommand short-circuited and no fallback available.
RecoveringCommand short-circuited and no fallback available.
RecoveringCommand short-circuited and no fallback available.
RecoveringCommand short-circuited and no fallback available.
RecoveringCommand short-circuited and no fallback available.
RecoveringCommand short-circuited and no fallback available.
RecoveringCommand short-circuited and no fallback available.
RecoveringCommand short-circuited and no fallback available.
RecoveringCommand short-circuited and no fallback available.
RecoveringCommand short-circuited and no fallback available.
RecoveringCommand short-circuited and no fallback available.
RecoveringCommand short-circuited and no fallback available.
RecoveringCommand short-circuited and no fallback available.
RecoveringCommand short-circuited and no fallback available.
RecoveringCommand short-circuited and no fallback available.
RecoveringCommand short-circuited and no fallback available.
RecoveringCommand short-circuited and no fallback available.
RecoveringCommand short-circuited and no fallback available.
RecoveringCommand short-circuited and no fallback available.
RecoveringCommand short-circuited and no fallback available.
RecoveringCommand short-circuited and no fallback available.
RecoveringCommand short-circuited and no fallback available.
RecoveringCommand short-circuited and no fallback available.
RecoveringCommand short-circuited and no fallback available.
RecoveringCommand short-circuited and no fallback available.
RecoveringCommand short-circuited and no fallback available.
RecoveringCommand short-circuited and no fallback available.
RecoveringCommand short-circuited and no fallback available.
RecoveringCommand short-circuited and no fallback available.
RecoveringCommand short-circuited and no fallback available.
RecoveringCommand short-circuited and no fallback available.
RecoveringCommand short-circuited and no fallback available.
RecoveringCommand short-circuited and no fallback available.
RecoveringCommand short-circuited and no fallback available.
RecoveringCommand short-circuited and no fallback available.
RecoveringCommand short-circuited and no fallback available.
RecoveringCommand short-circuited and no fallback available.
RecoveringCommand short-circuited and no fallback available.
RecoveringCommand short-circuited and no fallback available.
RecoveringCommand short-circuited and no fallback available.
RecoveringCommand short-circuited and no fallback available.
RecoveringCommand short-circuited and no fallback available.
RecoveringCommand short-circuited and no fallback available.
RecoveringCommand short-circuited and no fallback available.
RecoveringCommand short-circuited and no fallback available.
RecoveringCommand short-circuited and no fallback available.
RecoveringCommand short-circuited and no fallback available.
RecoveringCommand short-circuited and no fallback available.
RecoveringCommand short-circuited and no fallback available.
RecoveringCommand short-circuited and no fallback available.
RecoveringCommand short-circuited and no fallback available.
RecoveringCommand short-circuited and no fallback available.
RecoveringCommand short-circuited and no fallback available.
RecoveringCommand short-circuited and no fallback available.
RecoveringCommand short-circuited and no fallback available.
RecoveringCommand short-circuited and no fallback available.
RecoveringCommand short-circuited and no fallback available.
RecoveringCommand short-circuited and no fallback available.
RecoveringCommand short-circuited and no fallback available.
RecoveringCommand short-circuited and no fallback available.
RecoveringCommand short-circuited and no fallback available.
RecoveringCommand short-circuited and no fallback available.
RecoveringCommand short-circuited and no fallback available.
RecoveringCommand short-circuited and no fallback available.
RecoveringCommand short-circuited and no fallback available.
RecoveringCommand short-circuited and no fallback available.
RecoveringCommand short-circuited and no fallback available.
RecoveringCommand short-circuited and no fallback available.
RecoveringCommand short-circuited and no fallback available.
RecoveringCommand short-circuited and no fallback available.
RecoveringCommand short-circuited and no fallback available.
RecoveringCommand short-circuited and no fallback available.
RecoveringCommand short-circuited and no fallback available.
RecoveringCommand short-circuited and no fallback available.
RecoveringCommand short-circuited and no fallback available.
RecoveringCommand short-circuited and no fallback available.
RecoveringCommand short-circuited and no fallback available.
RecoveringCommand short-circuited and no fallback available.
RecoveringCommand short-circuited and no fallback available.
RecoveringCommand short-circuited and no fallback available.
RecoveringCommand short-circuited and no fallback available.
RecoveringCommand short-circuited and no fallback available.
RecoveringCommand short-circuited and no fallback available.
RecoveringCommand short-circuited and no fallback available.
RecoveringCommand short-circuited and no fallback available.
RecoveringCommand short-circuited and no fallback available.
RecoveringCommand short-circuited and no fallback available.
RecoveringCommand short-circuited and no fallback available.
RecoveringCommand short-circuited and no fallback available.
RecoveringCommand short-circuited and no fallback available.
RecoveringCommand short-circuited and no fallback available.
RecoveringCommand short-circuited and no fallback available.
RecoveringCommand short-circuited and no fallback available.
RecoveringCommand short-circuited and no fallback available.
RecoveringCommand short-circuited and no fallback available.
RecoveringCommand short-circuited and no fallback available.
RecoveringCommand short-circuited and no fallback available.
RecoveringCommand short-circuited and no fallback available.
RecoveringCommand short-circuited and no fallback available.
RecoveringCommand short-circuited and no fallback available.
RecoveringCommand short-circuited and no fallback available.
RecoveringCommand short-circuited and no fallback available.
RecoveringCommand short-circuited and no fallback available.
RecoveringCommand short-circuited and no fallback available.
RecoveringCommand short-circuited and no fallback available.
RecoveringCommand short-circuited and no fallback available.
RecoveringCommand short-circuited and no fallback available.
RecoveringCommand short-circuited and no fallback available.
RecoveringCommand short-circuited and no fallback available.
RecoveringCommand short-circuited and no fallback available.
RecoveringCommand short-circuited and no fallback available.
RecoveringCommand short-circuited and no fallback available.
RecoveringCommand short-circuited and no fallback available.
RecoveringCommand short-circuited and no fallback available.
RecoveringCommand short-circuited and no fallback available.
RecoveringCommand short-circuited and no fallback available.
RecoveringCommand short-circuited and no fallback available.
RecoveringCommand short-circuited and no fallback available.
RecoveringCommand short-circuited and no fallback available.
RecoveringCommand short-circuited and no fallback available.
RecoveringCommand short-circuited and no fallback available.
RecoveringCommand short-circuited and no fallback available.
RecoveringCommand short-circuited and no fallback available.
RecoveringCommand short-circuited and no fallback available.
RecoveringCommand short-circuited and no fallback available.
RecoveringCommand short-circuited and no fallback available.
RecoveringCommand short-circuited and no fallback available.
RecoveringCommand short-circuited and no fallback available.
RecoveringCommand short-circuited and no fallback available.
RecoveringCommand short-circuited and no fallback available.
RecoveringCommand short-circuited and no fallback available.
RecoveringCommand short-circuited and no fallback available.
RecoveringCommand short-circuited and no fallback available.
RecoveringCommand short-circuited and no fallback available.
RecoveringCommand short-circuited and no fallback available.
RecoveringCommand short-circuited and no fallback available.
RecoveringCommand short-circuited and no fallback available.
RecoveringCommand short-circuited and no fallback available.
RecoveringCommand short-circuited and no fallback available.
RecoveringCommand short-circuited and no fallback available.
RecoveringCommand short-circuited and no fallback available.
RecoveringCommand short-circuited and no fallback available.
RecoveringCommand short-circuited and no fallback available.
RecoveringCommand short-circuited and no fallback available.
RecoveringCommand short-circuited and no fallback available.
RecoveringCommand short-circuited and no fallback available.
RecoveringCommand short-circuited and no fallback available.
RecoveringCommand short-circuited and no fallback available.
RecoveringCommand short-circuited and no fallback available.
RecoveringCommand short-circuited and no fallback available.
RecoveringCommand short-circuited and no fallback available.
RecoveringCommand short-circuited and no fallback available.
RecoveringCommand short-circuited and no fallback available.
RecoveringCommand short-circuited and no fallback available.
RecoveringCommand short-circuited and no fallback available.
RecoveringCommand short-circuited and no fallback available.
RecoveringCommand short-circuited and no fallback available.
RecoveringCommand short-circuited and no fallback available.
RecoveringCommand short-circuited and no fallback available.
RecoveringCommand short-circuited and no fallback available.
RecoveringCommand short-circuited and no fallback available.
RecoveringCommand short-circuited and no fallback available.
RecoveringCommand short-circuited and no fallback available.
RecoveringCommand short-circuited and no fallback available.
RecoveringCommand short-circuited and no fallback available.
RecoveringCommand short-circuited and no fallback available.
RecoveringCommand short-circuited and no fallback available.
RecoveringCommand short-circuited and no fallback available.
RecoveringCommand short-circuited and no fallback available.
RecoveringCommand short-circuited and no fallback available.
RecoveringCommand short-circuited and no fallback available.
RecoveringCommand short-circuited and no fallback available.
RecoveringCommand short-circuited and no fallback available.
RecoveringCommand short-circuited and no fallback available.
RecoveringCommand short-circuited and no fallback available.
RecoveringCommand short-circuited and no fallback available.
RecoveringCommand short-circuited and no fallback available.
RecoveringCommand short-circuited and no fallback available.
RecoveringCommand short-circuited and no fallback available.
RecoveringCommand short-circuited and no fallback available.
RecoveringCommand short-circuited and no fallback available.
RecoveringCommand short-circuited and no fallback available.
RecoveringCommand short-circuited and no fallback available.
RecoveringCommand short-circuited and no fallback available.
RecoveringCommand short-circuited and no fallback available.
RecoveringCommand short-circuited and no fallback available.
RecoveringCommand short-circuited and no fallback available.
RecoveringCommand short-circuited and no fallback available.
RecoveringCommand short-circuited and no fallback available.
RecoveringCommand short-circuited and no fallback available.
RecoveringCommand short-circuited and no fallback available.
RecoveringCommand short-circuited and no fallback available.
RecoveringCommand short-circuited and no fallback available.
RecoveringCommand short-circuited and no fallback available.
RecoveringCommand short-circuited and no fallback available.
RecoveringCommand short-circuited and no fallback available.
RecoveringCommand short-circuited and no fallback available.
RecoveringCommand short-circuited and no fallback available.
RecoveringCommand short-circuited and no fallback available.
RecoveringCommand short-circuited and no fallback available.
RecoveringCommand short-circuited and no fallback available.
RecoveringCommand short-circuited and no fallback available.
RecoveringCommand short-circuited and no fallback available.
RecoveringCommand short-circuited and no fallback available.
RecoveringCommand short-circuited and no fallback available.
RecoveringCommand short-circuited and no fallback available.
RecoveringCommand short-circuited and no fallback available.
RecoveringCommand short-circuited and no fallback available.
RecoveringCommand short-circuited and no fallback available.
RecoveringCommand short-circuited and no fallback available.
RecoveringCommand short-circuited and no fallback available.
RecoveringCommand short-circuited and no fallback available.
RecoveringCommand short-circuited and no fallback available.
RecoveringCommand short-circuited and no fallback available.
RecoveringCommand short-circuited and no fallback available.
RecoveringCommand short-circuited and no fallback available.
RecoveringCommand short-circuited and no fallback available.
RecoveringCommand short-circuited and no fallback available.
RecoveringCommand short-circuited and no fallback available.
RecoveringCommand short-circuited and no fallback available.
RecoveringCommand short-circuited and no fallback available.
RecoveringCommand short-circuited and no fallback available.
RecoveringCommand short-circuited and no fallback available.
RecoveringCommand short-circuited and no fallback available.
RecoveringCommand short-circuited and no fallback available.
RecoveringCommand short-circuited and no fallback available.
RecoveringCommand short-circuited and no fallback available.
RecoveringCommand short-circuited and no fallback available.
RecoveringCommand short-circuited and no fallback available.
RecoveringCommand short-circuited and no fallback available.
RecoveringCommand short-circuited and no fallback available.
RecoveringCommand short-circuited and no fallback available.
RecoveringCommand short-circuited and no fallback available.
RecoveringCommand short-circuited and no fallback available.
RecoveringCommand short-circuited and no fallback available.
RecoveringCommand short-circuited and no fallback available.
RecoveringCommand short-circuited and no fallback available.
RecoveringCommand short-circuited and no fallback available.
RecoveringCommand short-circuited and no fallback available.
RecoveringCommand short-circuited and no fallback available.
RecoveringCommand short-circuited and no fallback available.
RecoveringCommand short-circuited and no fallback available.
RecoveringCommand short-circuited and no fallback available.
RecoveringCommand short-circuited and no fallback available.
RecoveringCommand short-circuited and no fallback available.
RecoveringCommand short-circuited and no fallback available.
RecoveringCommand short-circuited and no fallback available.
RecoveringCommand short-circuited and no fallback available.
RecoveringCommand short-circuited and no fallback available.
RecoveringCommand short-circuited and no fallback available.
RecoveringCommand short-circuited and no fallback available.
RecoveringCommand short-circuited and no fallback available.
RecoveringCommand short-circuited and no fallback available.
RecoveringCommand short-circuited and no fallback available.
RecoveringCommand short-circuited and no fallback available.
RecoveringCommand short-circuited and no fallback available.
RecoveringCommand short-circuited and no fallback available.
RecoveringCommand short-circuited and no fallback available.
RecoveringCommand short-circuited and no fallback available.
RecoveringCommand short-circuited and no fallback available.
RecoveringCommand short-circuited and no fallback available.
RecoveringCommand short-circuited and no fallback available.
RecoveringCommand short-circuited and no fallback available.
RecoveringCommand short-circuited and no fallback available.
RecoveringCommand short-circuited and no fallback available.
RecoveringCommand short-circuited and no fallback available.
RecoveringCommand short-circuited and no fallback available.
RecoveringCommand failed and no fallback available.
RecoveringCommand short-circuited and no fallback available.
RecoveringCommand short-circuited and no fallback available.
RecoveringCommand short-circuited and no fallback available.
RecoveringCommand short-circuited and no fallback available.
RecoveringCommand short-circuited and no fallback available.
RecoveringCommand short-circuited and no fallback available.
RecoveringCommand short-circuited and no fallback available.
RecoveringCommand short-circuited and no fallback available.
RecoveringCommand short-circuited and no fallback available.
RecoveringCommand short-circuited and no fallback available.
RecoveringCommand short-circuited and no fallback available.
RecoveringCommand short-circuited and no fallback available.
RecoveringCommand short-circuited and no fallback available.
RecoveringCommand short-circuited and no fallback available.
RecoveringCommand short-circuited and no fallback available.
RecoveringCommand short-circuited and no fallback available.
RecoveringCommand short-circuited and no fallback available.
RecoveringCommand short-circuited and no fallback available.
RecoveringCommand short-circuited and no fallback available.
RecoveringCommand short-circuited and no fallback available.
RecoveringCommand short-circuited and no fallback available.
RecoveringCommand short-circuited and no fallback available.
RecoveringCommand short-circuited and no fallback available.
RecoveringCommand short-circuited and no fallback available.
RecoveringCommand short-circuited and no fallback available.
RecoveringCommand short-circuited and no fallback available.
RecoveringCommand short-circuited and no fallback available.
RecoveringCommand short-circuited and no fallback available.
RecoveringCommand short-circuited and no fallback available.
RecoveringCommand short-circuited and no fallback available.
RecoveringCommand short-circuited and no fallback available.
RecoveringCommand short-circuited and no fallback available.
RecoveringCommand short-circuited and no fallback available.
RecoveringCommand short-circuited and no fallback available.
RecoveringCommand short-circuited and no fallback available.
RecoveringCommand short-circuited and no fallback available.
RecoveringCommand short-circuited and no fallback available.
RecoveringCommand short-circuited and no fallback available.
RecoveringCommand short-circuited and no fallback available.
RecoveringCommand short-circuited and no fallback available.
RecoveringCommand short-circuited and no fallback available.
RecoveringCommand short-circuited and no fallback available.
RecoveringCommand short-circuited and no fallback available.
RecoveringCommand short-circuited and no fallback available.
RecoveringCommand short-circuited and no fallback available.
RecoveringCommand short-circuited and no fallback available.
RecoveringCommand short-circuited and no fallback available.
RecoveringCommand short-circuited and no fallback available.
RecoveringCommand short-circuited and no fallback available.
RecoveringCommand short-circuited and no fallback available.
RecoveringCommand short-circuited and no fallback available.
RecoveringCommand short-circuited and no fallback available.
RecoveringCommand short-circuited and no fallback available.
RecoveringCommand short-circuited and no fallback available.
RecoveringCommand short-circuited and no fallback available.
RecoveringCommand short-circuited and no fallback available.
RecoveringCommand short-circuited and no fallback available.
RecoveringCommand short-circuited and no fallback available.
RecoveringCommand short-circuited and no fallback available.
RecoveringCommand short-circuited and no fallback available.
RecoveringCommand short-circuited and no fallback available.
RecoveringCommand short-circuited and no fallback available.
RecoveringCommand short-circuited and no fallback available.
RecoveringCommand short-circuited and no fallback available.
RecoveringCommand short-circuited and no fallback available.
RecoveringCommand short-circuited and no fallback available.
RecoveringCommand short-circuited and no fallback available.
RecoveringCommand short-circuited and no fallback available.
RecoveringCommand short-circuited and no fallback available.
RecoveringCommand short-circuited and no fallback available.
RecoveringCommand short-circuited and no fallback available.
RecoveringCommand short-circuited and no fallback available.
RecoveringCommand short-circuited and no fallback available.
RecoveringCommand short-circuited and no fallback available.
RecoveringCommand short-circuited and no fallback available.
RecoveringCommand short-circuited and no fallback available.
RecoveringCommand short-circuited and no fallback available.
RecoveringCommand short-circuited and no fallback available.
RecoveringCommand short-circuited and no fallback available.
RecoveringCommand short-circuited and no fallback available.
RecoveringCommand short-circuited and no fallback available.
RecoveringCommand short-circuited and no fallback available.
RecoveringCommand short-circuited and no fallback available.
RecoveringCommand short-circuited and no fallback available.
RecoveringCommand short-circuited and no fallback available.
RecoveringCommand short-circuited and no fallback available.
RecoveringCommand short-circuited and no fallback available.
RecoveringCommand short-circuited and no fallback available.
RecoveringCommand short-circuited and no fallback available.
RecoveringCommand short-circuited and no fallback available.
RecoveringCommand short-circuited and no fallback available.
RecoveringCommand short-circuited and no fallback available.
RecoveringCommand short-circuited and no fallback available.
RecoveringCommand short-circuited and no fallback available.
RecoveringCommand short-circuited and no fallback available.
RecoveringCommand short-circuited and no fallback available.
RecoveringCommand short-circuited and no fallback available.
RecoveringCommand short-circuited and no fallback available.
RecoveringCommand short-circuited and no fallback available.
RecoveringCommand short-circuited and no fallback available.
RecoveringCommand short-circuited and no fallback available.
RecoveringCommand short-circuited and no fallback available.
RecoveringCommand short-circuited and no fallback available.
RecoveringCommand short-circuited and no fallback available.
RecoveringCommand short-circuited and no fallback available.
RecoveringCommand short-circuited and no fallback available.
RecoveringCommand short-circuited and no fallback available.
RecoveringCommand short-circuited and no fallback available.
RecoveringCommand short-circuited and no fallback available.
RecoveringCommand short-circuited and no fallback available.
RecoveringCommand short-circuited and no fallback available.
RecoveringCommand short-circuited and no fallback available.
RecoveringCommand short-circuited and no fallback available.
RecoveringCommand short-circuited and no fallback available.
RecoveringCommand short-circuited and no fallback available.
RecoveringCommand short-circuited and no fallback available.
RecoveringCommand short-circuited and no fallback available.
RecoveringCommand short-circuited and no fallback available.
RecoveringCommand short-circuited and no fallback available.
RecoveringCommand short-circuited and no fallback available.
RecoveringCommand short-circuited and no fallback available.
RecoveringCommand short-circuited and no fallback available.
RecoveringCommand short-circuited and no fallback available.
RecoveringCommand short-circuited and no fallback available.
RecoveringCommand short-circuited and no fallback available.
RecoveringCommand short-circuited and no fallback available.
RecoveringCommand short-circuited and no fallback available.
RecoveringCommand short-circuited and no fallback available.
RecoveringCommand short-circuited and no fallback available.
RecoveringCommand short-circuited and no fallback available.
RecoveringCommand short-circuited and no fallback available.
RecoveringCommand short-circuited and no fallback available.
RecoveringCommand short-circuited and no fallback available.
RecoveringCommand short-circuited and no fallback available.
RecoveringCommand short-circuited and no fallback available.
RecoveringCommand short-circuited and no fallback available.
RecoveringCommand short-circuited and no fallback available.
RecoveringCommand short-circuited and no fallback available.
RecoveringCommand short-circuited and no fallback available.
RecoveringCommand short-circuited and no fallback available.
RecoveringCommand short-circuited and no fallback available.
RecoveringCommand short-circuited and no fallback available.
RecoveringCommand short-circuited and no fallback available.
RecoveringCommand short-circuited and no fallback available.
RecoveringCommand short-circuited and no fallback available.
RecoveringCommand short-circuited and no fallback available.
RecoveringCommand short-circuited and no fallback available.
RecoveringCommand short-circuited and no fallback available.
RecoveringCommand short-circuited and no fallback available.
RecoveringCommand short-circuited and no fallback available.
RecoveringCommand short-circuited and no fallback available.
RecoveringCommand short-circuited and no fallback available.
RecoveringCommand short-circuited and no fallback available.
RecoveringCommand short-circuited and no fallback available.
RecoveringCommand short-circuited and no fallback available.
RecoveringCommand short-circuited and no fallback available.
RecoveringCommand short-circuited and no fallback available.
RecoveringCommand short-circuited and no fallback available.
RecoveringCommand short-circuited and no fallback available.
RecoveringCommand short-circuited and no fallback available.
RecoveringCommand short-circuited and no fallback available.
RecoveringCommand short-circuited and no fallback available.
RecoveringCommand short-circuited and no fallback available.
RecoveringCommand short-circuited and no fallback available.
RecoveringCommand short-circuited and no fallback available.
RecoveringCommand short-circuited and no fallback available.
RecoveringCommand short-circuited and no fallback available.
RecoveringCommand short-circuited and no fallback available.
RecoveringCommand short-circuited and no fallback available.
RecoveringCommand short-circuited and no fallback available.
RecoveringCommand short-circuited and no fallback available.
RecoveringCommand short-circuited and no fallback available.
RecoveringCommand short-circuited and no fallback available.
RecoveringCommand short-circuited and no fallback available.
RecoveringCommand short-circuited and no fallback available.
RecoveringCommand short-circuited and no fallback available.
RecoveringCommand short-circuited and no fallback available.
RecoveringCommand short-circuited and no fallback available.
RecoveringCommand short-circuited and no fallback available.
RecoveringCommand short-circuited and no fallback available.
RecoveringCommand short-circuited and no fallback available.
RecoveringCommand short-circuited and no fallback available.
RecoveringCommand short-circuited and no fallback available.
RecoveringCommand short-circuited and no fallback available.
RecoveringCommand short-circuited and no fallback available.
RecoveringCommand short-circuited and no fallback available.
RecoveringCommand short-circuited and no fallback available.
RecoveringCommand short-circuited and no fallback available.
RecoveringCommand short-circuited and no fallback available.
RecoveringCommand short-circuited and no fallback available.
RecoveringCommand short-circuited and no fallback available.
RecoveringCommand short-circuited and no fallback available.
RecoveringCommand short-circuited and no fallback available.
RecoveringCommand short-circuited and no fallback available.
RecoveringCommand short-circuited and no fallback available.
RecoveringCommand short-circuited and no fallback available.
RecoveringCommand short-circuited and no fallback available.
RecoveringCommand short-circuited and no fallback available.
RecoveringCommand short-circuited and no fallback available.
RecoveringCommand short-circuited and no fallback available.
RecoveringCommand short-circuited and no fallback available.
RecoveringCommand short-circuited and no fallback available.
RecoveringCommand short-circuited and no fallback available.
RecoveringCommand short-circuited and no fallback available.
RecoveringCommand short-circuited and no fallback available.
RecoveringCommand short-circuited and no fallback available.
RecoveringCommand short-circuited and no fallback available.
RecoveringCommand short-circuited and no fallback available.
RecoveringCommand short-circuited and no fallback available.
RecoveringCommand short-circuited and no fallback available.
RecoveringCommand short-circuited and no fallback available.
RecoveringCommand short-circuited and no fallback available.
RecoveringCommand short-circuited and no fallback available.
RecoveringCommand short-circuited and no fallback available.
RecoveringCommand short-circuited and no fallback available.
RecoveringCommand short-circuited and no fallback available.
RecoveringCommand short-circuited and no fallback available.
RecoveringCommand short-circuited and no fallback available.
RecoveringCommand short-circuited and no fallback available.
RecoveringCommand short-circuited and no fallback available.
RecoveringCommand short-circuited and no fallback available.
RecoveringCommand short-circuited and no fallback available.
RecoveringCommand short-circuited and no fallback available.
RecoveringCommand short-circuited and no fallback available.
RecoveringCommand short-circuited and no fallback available.
RecoveringCommand short-circuited and no fallback available.
RecoveringCommand short-circuited and no fallback available.
RecoveringCommand short-circuited and no fallback available.
RecoveringCommand short-circuited and no fallback available.
RecoveringCommand short-circuited and no fallback available.
RecoveringCommand short-circuited and no fallback available.
RecoveringCommand short-circuited and no fallback available.
RecoveringCommand short-circuited and no fallback available.
RecoveringCommand short-circuited and no fallback available.
RecoveringCommand short-circuited and no fallback available.
RecoveringCommand short-circuited and no fallback available.
RecoveringCommand short-circuited and no fallback available.
RecoveringCommand short-circuited and no fallback available.
RecoveringCommand short-circuited and no fallback available.
RecoveringCommand short-circuited and no fallback available.
RecoveringCommand short-circuited and no fallback available.
RecoveringCommand short-circuited and no fallback available.
RecoveringCommand short-circuited and no fallback available.
RecoveringCommand short-circuited and no fallback available.
RecoveringCommand short-circuited and no fallback available.
RecoveringCommand short-circuited and no fallback available.
RecoveringCommand short-circuited and no fallback available.
RecoveringCommand short-circuited and no fallback available.
RecoveringCommand short-circuited and no fallback available.
RecoveringCommand short-circuited and no fallback available.
RecoveringCommand short-circuited and no fallback available.
RecoveringCommand short-circuited and no fallback available.
RecoveringCommand short-circuited and no fallback available.
RecoveringCommand short-circuited and no fallback available.
RecoveringCommand short-circuited and no fallback available.
RecoveringCommand short-circuited and no fallback available.
RecoveringCommand short-circuited and no fallback available.
RecoveringCommand short-circuited and no fallback available.
RecoveringCommand short-circuited and no fallback available.
RecoveringCommand short-circuited and no fallback available.
RecoveringCommand short-circuited and no fallback available.
RecoveringCommand short-circuited and no fallback available.
RecoveringCommand short-circuited and no fallback available.
RecoveringCommand short-circuited and no fallback available.
RecoveringCommand short-circuited and no fallback available.
RecoveringCommand short-circuited and no fallback available.
RecoveringCommand short-circuited and no fallback available.
RecoveringCommand short-circuited and no fallback available.
RecoveringCommand short-circuited and no fallback available.
RecoveringCommand short-circuited and no fallback available.
RecoveringCommand short-circuited and no fallback available.
RecoveringCommand short-circuited and no fallback available.
RecoveringCommand short-circuited and no fallback available.
RecoveringCommand short-circuited and no fallback available.
RecoveringCommand short-circuited and no fallback available.
RecoveringCommand short-circuited and no fallback available.
RecoveringCommand short-circuited and no fallback available.
RecoveringCommand short-circuited and no fallback available.
RecoveringCommand short-circuited and no fallback available.
RecoveringCommand short-circuited and no fallback available.
RecoveringCommand short-circuited and no fallback available.
RecoveringCommand short-circuited and no fallback available.
RecoveringCommand short-circuited and no fallback available.
RecoveringCommand short-circuited and no fallback available.
RecoveringCommand short-circuited and no fallback available.
RecoveringCommand short-circuited and no fallback available.
RecoveringCommand short-circuited and no fallback available.
RecoveringCommand short-circuited and no fallback available.
RecoveringCommand short-circuited and no fallback available.
RecoveringCommand short-circuited and no fallback available.
RecoveringCommand short-circuited and no fallback available.
RecoveringCommand short-circuited and no fallback available.
RecoveringCommand short-circuited and no fallback available.
RecoveringCommand short-circuited and no fallback available.
RecoveringCommand short-circuited and no fallback available.
RecoveringCommand short-circuited and no fallback available.
RecoveringCommand short-circuited and no fallback available.
RecoveringCommand short-circuited and no fallback available.
RecoveringCommand short-circuited and no fallback available.
RecoveringCommand short-circuited and no fallback available.
RecoveringCommand short-circuited and no fallback available.
RecoveringCommand short-circuited and no fallback available.
RecoveringCommand short-circuited and no fallback available.
RecoveringCommand short-circuited and no fallback available.
RecoveringCommand short-circuited and no fallback available.
RecoveringCommand short-circuited and no fallback available.
RecoveringCommand short-circuited and no fallback available.
RecoveringCommand short-circuited and no fallback available.
RecoveringCommand short-circuited and no fallback available.
RecoveringCommand short-circuited and no fallback available.
RecoveringCommand short-circuited and no fallback available.
RecoveringCommand short-circuited and no fallback available.
RecoveringCommand short-circuited and no fallback available.
RecoveringCommand short-circuited and no fallback available.
RecoveringCommand short-circuited and no fallback available.
RecoveringCommand short-circuited and no fallback available.
RecoveringCommand short-circuited and no fallback available.
RecoveringCommand short-circuited and no fallback available.
RecoveringCommand short-circuited and no fallback available.
RecoveringCommand short-circuited and no fallback available.
RecoveringCommand short-circuited and no fallback available.
RecoveringCommand short-circuited and no fallback available.
RecoveringCommand short-circuited and no fallback available.
RecoveringCommand short-circuited and no fallback available.
RecoveringCommand short-circuited and no fallback available.
RecoveringCommand short-circuited and no fallback available.
RecoveringCommand short-circuited and no fallback available.
RecoveringCommand short-circuited and no fallback available.
RecoveringCommand short-circuited and no fallback available.
RecoveringCommand short-circuited and no fallback available.
RecoveringCommand short-circuited and no fallback available.
RecoveringCommand short-circuited and no fallback available.
RecoveringCommand short-circuited and no fallback available.
RecoveringCommand short-circuited and no fallback available.
RecoveringCommand short-circuited and no fallback available.
RecoveringCommand short-circuited and no fallback available.
RecoveringCommand short-circuited and no fallback available.
RecoveringCommand short-circuited and no fallback available.
RecoveringCommand short-circuited and no fallback available.
RecoveringCommand short-circuited and no fallback available.
RecoveringCommand short-circuited and no fallback available.
RecoveringCommand short-circuited and no fallback available.
RecoveringCommand short-circuited and no fallback available.
RecoveringCommand short-circuited and no fallback available.
RecoveringCommand short-circuited and no fallback available.
RecoveringCommand short-circuited and no fallback available.
RecoveringCommand short-circuited and no fallback available.
RecoveringCommand short-circuited and no fallback available.
RecoveringCommand short-circuited and no fallback available.
RecoveringCommand short-circuited and no fallback available.
RecoveringCommand short-circuited and no fallback available.
RecoveringCommand short-circuited and no fallback available.
RecoveringCommand short-circuited and no fallback available.
RecoveringCommand short-circuited and no fallback available.
RecoveringCommand short-circuited and no fallback available.
RecoveringCommand short-circuited and no fallback available.
RecoveringCommand short-circuited and no fallback available.
RecoveringCommand short-circuited and no fallback available.
RecoveringCommand short-circuited and no fallback available.
RecoveringCommand short-circuited and no fallback available.
RecoveringCommand short-circuited and no fallback available.
RecoveringCommand short-circuited and no fallback available.
RecoveringCommand short-circuited and no fallback available.
RecoveringCommand short-circuited and no fallback available.
RecoveringCommand short-circuited and no fallback available.
RecoveringCommand short-circuited and no fallback available.
RecoveringCommand short-circuited and no fallback available.
RecoveringCommand short-circuited and no fallback available.
RecoveringCommand short-circuited and no fallback available.
RecoveringCommand short-circuited and no fallback available.
RecoveringCommand short-circuited and no fallback available.
RecoveringCommand short-circuited and no fallback available.
RecoveringCommand short-circuited and no fallback available.
RecoveringCommand short-circuited and no fallback available.
RecoveringCommand short-circuited and no fallback available.
RecoveringCommand short-circuited and no fallback available.
RecoveringCommand short-circuited and no fallback available.
RecoveringCommand short-circuited and no fallback available.
RecoveringCommand short-circuited and no fallback available.
RecoveringCommand short-circuited and no fallback available.
RecoveringCommand short-circuited and no fallback available.
RecoveringCommand short-circuited and no fallback available.
RecoveringCommand short-circuited and no fallback available.
RecoveringCommand short-circuited and no fallback available.
RecoveringCommand short-circuited and no fallback available.
RecoveringCommand short-circuited and no fallback available.
RecoveringCommand short-circuited and no fallback available.
RecoveringCommand short-circuited and no fallback available.
RecoveringCommand short-circuited and no fallback available.
RecoveringCommand short-circuited and no fallback available.
RecoveringCommand short-circuited and no fallback available.
RecoveringCommand short-circuited and no fallback available.
RecoveringCommand short-circuited and no fallback available.
RecoveringCommand short-circuited and no fallback available.
RecoveringCommand short-circuited and no fallback available.
RecoveringCommand short-circuited and no fallback available.
RecoveringCommand short-circuited and no fallback available.
RecoveringCommand short-circuited and no fallback available.
RecoveringCommand short-circuited and no fallback available.
RecoveringCommand short-circuited and no fallback available.
RecoveringCommand short-circuited and no fallback available.
RecoveringCommand short-circuited and no fallback available.
RecoveringCommand short-circuited and no fallback available.
RecoveringCommand short-circuited and no fallback available.
RecoveringCommand short-circuited and no fallback available.
RecoveringCommand short-circuited and no fallback available.
RecoveringCommand short-circuited and no fallback available.
RecoveringCommand short-circuited and no fallback available.
RecoveringCommand short-circuited and no fallback available.
RecoveringCommand short-circuited and no fallback available.
RecoveringCommand short-circuited and no fallback available.
RecoveringCommand short-circuited and no fallback available.
RecoveringCommand short-circuited and no fallback available.
RecoveringCommand short-circuited and no fallback available.
RecoveringCommand short-circuited and no fallback available.
RecoveringCommand short-circuited and no fallback available.
RecoveringCommand short-circuited and no fallback available.
RecoveringCommand short-circuited and no fallback available.
RecoveringCommand short-circuited and no fallback available.
RecoveringCommand short-circuited and no fallback available.
RecoveringCommand short-circuited and no fallback available.
RecoveringCommand short-circuited and no fallback available.
RecoveringCommand short-circuited and no fallback available.
RecoveringCommand short-circuited and no fallback available.
RecoveringCommand short-circuited and no fallback available.
RecoveringCommand short-circuited and no fallback available.
RecoveringCommand short-circuited and no fallback available.
RecoveringCommand short-circuited and no fallback available.
RecoveringCommand short-circuited and no fallback available.
RecoveringCommand short-circuited and no fallback available.
RecoveringCommand short-circuited and no fallback available.
RecoveringCommand short-circuited and no fallback available.
RecoveringCommand short-circuited and no fallback available.
RecoveringCommand short-circuited and no fallback available.
RecoveringCommand short-circuited and no fallback available.
RecoveringCommand short-circuited and no fallback available.
RecoveringCommand short-circuited and no fallback available.
RecoveringCommand short-circuited and no fallback available.
RecoveringCommand short-circuited and no fallback available.
RecoveringCommand short-circuited and no fallback available.
RecoveringCommand short-circuited and no fallback available.
RecoveringCommand short-circuited and no fallback available.
RecoveringCommand short-circuited and no fallback available.
RecoveringCommand short-circuited and no fallback available.
RecoveringCommand short-circuited and no fallback available.
RecoveringCommand short-circuited and no fallback available.
RecoveringCommand short-circuited and no fallback available.
RecoveringCommand short-circuited and no fallback available.
RecoveringCommand short-circuited and no fallback available.
RecoveringCommand short-circuited and no fallback available.
RecoveringCommand short-circuited and no fallback available.
RecoveringCommand short-circuited and no fallback available.
RecoveringCommand short-circuited and no fallback available.
RecoveringCommand short-circuited and no fallback available.
RecoveringCommand short-circuited and no fallback available.
RecoveringCommand short-circuited and no fallback available.
RecoveringCommand short-circuited and no fallback available.
RecoveringCommand short-circuited and no fallback available.
RecoveringCommand short-circuited and no fallback available.
RecoveringCommand short-circuited and no fallback available.
RecoveringCommand short-circuited and no fallback available.
RecoveringCommand short-circuited and no fallback available.
RecoveringCommand short-circuited and no fallback available.
RecoveringCommand short-circuited and no fallback available.
RecoveringCommand short-circuited and no fallback available.
RecoveringCommand short-circuited and no fallback available.
RecoveringCommand short-circuited and no fallback available.
RecoveringCommand short-circuited and no fallback available.
RecoveringCommand short-circuited and no fallback available.
RecoveringCommand short-circuited and no fallback available.
RecoveringCommand short-circuited and no fallback available.
RecoveringCommand short-circuited and no fallback available.
RecoveringCommand short-circuited and no fallback available.
RecoveringCommand short-circuited and no fallback available.
RecoveringCommand short-circuited and no fallback available.
RecoveringCommand short-circuited and no fallback available.
RecoveringCommand short-circuited and no fallback available.
RecoveringCommand short-circuited and no fallback available.
RecoveringCommand short-circuited and no fallback available.
RecoveringCommand short-circuited and no fallback available.
RecoveringCommand short-circuited and no fallback available.
RecoveringCommand short-circuited and no fallback available.
RecoveringCommand short-circuited and no fallback available.
RecoveringCommand short-circuited and no fallback available.
RecoveringCommand short-circuited and no fallback available.
RecoveringCommand short-circuited and no fallback available.
RecoveringCommand short-circuited and no fallback available.
RecoveringCommand short-circuited and no fallback available.
RecoveringCommand short-circuited and no fallback available.
RecoveringCommand short-circuited and no fallback available.
RecoveringCommand short-circuited and no fallback available.
RecoveringCommand short-circuited and no fallback available.
RecoveringCommand short-circuited and no fallback available.
RecoveringCommand short-circuited and no fallback available.
RecoveringCommand short-circuited and no fallback available.
RecoveringCommand short-circuited and no fallback available.
RecoveringCommand short-circuited and no fallback available.
RecoveringCommand short-circuited and no fallback available.
RecoveringCommand short-circuited and no fallback available.
RecoveringCommand short-circuited and no fallback available.
RecoveringCommand short-circuited and no fallback available.
RecoveringCommand short-circuited and no fallback available.
RecoveringCommand short-circuited and no fallback available.
RecoveringCommand short-circuited and no fallback available.
RecoveringCommand short-circuited and no fallback available.
RecoveringCommand short-circuited and no fallback available.
RecoveringCommand short-circuited and no fallback available.
RecoveringCommand short-circuited and no fallback available.
RecoveringCommand short-circuited and no fallback available.
RecoveringCommand short-circuited and no fallback available.
RecoveringCommand short-circuited and no fallback available.
RecoveringCommand short-circuited and no fallback available.
RecoveringCommand short-circuited and no fallback available.
RecoveringCommand short-circuited and no fallback available.
RecoveringCommand short-circuited and no fallback available.
RecoveringCommand short-circuited and no fallback available.
RecoveringCommand short-circuited and no fallback available.
RecoveringCommand short-circuited and no fallback available.
RecoveringCommand short-circuited and no fallback available.
RecoveringCommand short-circuited and no fallback available.
RecoveringCommand short-circuited and no fallback available.
RecoveringCommand short-circuited and no fallback available.
RecoveringCommand short-circuited and no fallback available.
RecoveringCommand short-circuited and no fallback available.
RecoveringCommand short-circuited and no fallback available.
RecoveringCommand short-circuited and no fallback available.
RecoveringCommand short-circuited and no fallback available.
RecoveringCommand short-circuited and no fallback available.
RecoveringCommand short-circuited and no fallback available.
RecoveringCommand short-circuited and no fallback available.
RecoveringCommand short-circuited and no fallback available.
RecoveringCommand short-circuited and no fallback available.
RecoveringCommand short-circuited and no fallback available.
RecoveringCommand short-circuited and no fallback available.
RecoveringCommand short-circuited and no fallback available.
RecoveringCommand short-circuited and no fallback available.
RecoveringCommand short-circuited and no fallback available.
RecoveringCommand short-circuited and no fallback available.
RecoveringCommand short-circuited and no fallback available.
RecoveringCommand short-circuited and no fallback available.
RecoveringCommand short-circuited and no fallback available.
RecoveringCommand short-circuited and no fallback available.
RecoveringCommand short-circuited and no fallback available.
RecoveringCommand short-circuited and no fallback available.
RecoveringCommand short-circuited and no fallback available.
RecoveringCommand short-circuited and no fallback available.
RecoveringCommand short-circuited and no fallback available.
RecoveringCommand short-circuited and no fallback available.
RecoveringCommand short-circuited and no fallback available.
RecoveringCommand short-circuited and no fallback available.
RecoveringCommand short-circuited and no fallback available.
RecoveringCommand short-circuited and no fallback available.
RecoveringCommand short-circuited and no fallback available.
RecoveringCommand short-circuited and no fallback available.
RecoveringCommand short-circuited and no fallback available.
RecoveringCommand short-circuited and no fallback available.
RecoveringCommand short-circuited and no fallback available.
RecoveringCommand short-circuited and no fallback available.
RecoveringCommand short-circuited and no fallback available.
RecoveringCommand short-circuited and no fallback available.
RecoveringCommand short-circuited and no fallback available.
RecoveringCommand short-circuited and no fallback available.
RecoveringCommand short-circuited and no fallback available.
RecoveringCommand short-circuited and no fallback available.
RecoveringCommand short-circuited and no fallback available.
RecoveringCommand short-circuited and no fallback available.
RecoveringCommand short-circuited and no fallback available.
RecoveringCommand short-circuited and no fallback available.
RecoveringCommand short-circuited and no fallback available.
RecoveringCommand short-circuited and no fallback available.
RecoveringCommand short-circuited and no fallback available.
RecoveringCommand short-circuited and no fallback available.
RecoveringCommand short-circuited and no fallback available.
RecoveringCommand short-circuited and no fallback available.
RecoveringCommand short-circuited and no fallback available.
RecoveringCommand short-circuited and no fallback available.
RecoveringCommand short-circuited and no fallback available.
RecoveringCommand short-circuited and no fallback available.
RecoveringCommand short-circuited and no fallback available.
RecoveringCommand short-circuited and no fallback available.
RecoveringCommand short-circuited and no fallback available.
RecoveringCommand short-circuited and no fallback available.
RecoveringCommand short-circuited and no fallback available.
RecoveringCommand short-circuited and no fallback available.
RecoveringCommand short-circuited and no fallback available.
RecoveringCommand short-circuited and no fallback available.
RecoveringCommand short-circuited and no fallback available.
RecoveringCommand short-circuited and no fallback available.
RecoveringCommand short-circuited and no fallback available.
RecoveringCommand short-circuited and no fallback available.
RecoveringCommand short-circuited and no fallback available.
RecoveringCommand short-circuited and no fallback available.
RecoveringCommand short-circuited and no fallback available.
RecoveringCommand short-circuited and no fallback available.
RecoveringCommand short-circuited and no fallback available.
RecoveringCommand short-circuited and no fallback available.
RecoveringCommand short-circuited and no fallback available.
RecoveringCommand short-circuited and no fallback available.
RecoveringCommand short-circuited and no fallback available.
RecoveringCommand short-circuited and no fallback available.
RecoveringCommand short-circuited and no fallback available.
RecoveringCommand short-circuited and no fallback available.
RecoveringCommand short-circuited and no fallback available.
RecoveringCommand short-circuited and no fallback available.
RecoveringCommand short-circuited and no fallback available.
RecoveringCommand short-circuited and no fallback available.
RecoveringCommand short-circuited and no fallback available.
RecoveringCommand short-circuited and no fallback available.
RecoveringCommand short-circuited and no fallback available.
RecoveringCommand short-circuited and no fallback available.
RecoveringCommand short-circuited and no fallback available.
RecoveringCommand short-circuited and no fallback available.
RecoveringCommand short-circuited and no fallback available.
RecoveringCommand short-circuited and no fallback available.
RecoveringCommand short-circuited and no fallback available.
RecoveringCommand short-circuited and no fallback available.
RecoveringCommand short-circuited and no fallback available.
RecoveringCommand short-circuited and no fallback available.
RecoveringCommand short-circuited and no fallback available.
RecoveringCommand short-circuited and no fallback available.
RecoveringCommand short-circuited and no fallback available.
RecoveringCommand short-circuited and no fallback available.
RecoveringCommand short-circuited and no fallback available.
RecoveringCommand short-circuited and no fallback available.
RecoveringCommand short-circuited and no fallback available.
RecoveringCommand short-circuited and no fallback available.
RecoveringCommand short-circuited and no fallback available.
RecoveringCommand short-circuited and no fallback available.
RecoveringCommand short-circuited and no fallback available.
RecoveringCommand short-circuited and no fallback available.
RecoveringCommand short-circuited and no fallback available.
RecoveringCommand short-circuited and no fallback available.
RecoveringCommand short-circuited and no fallback available.
RecoveringCommand short-circuited and no fallback available.
RecoveringCommand short-circuited and no fallback available.
RecoveringCommand short-circuited and no fallback available.
RecoveringCommand short-circuited and no fallback available.
RecoveringCommand short-circuited and no fallback available.
RecoveringCommand short-circuited and no fallback available.
RecoveringCommand short-circuited and no fallback available.
RecoveringCommand short-circuited and no fallback available.
RecoveringCommand short-circuited and no fallback available.
RecoveringCommand short-circuited and no fallback available.
RecoveringCommand short-circuited and no fallback available.
RecoveringCommand short-circuited and no fallback available.
RecoveringCommand short-circuited and no fallback available.
RecoveringCommand short-circuited and no fallback available.
RecoveringCommand short-circuited and no fallback available.
RecoveringCommand short-circuited and no fallback available.
RecoveringCommand short-circuited and no fallback available.
RecoveringCommand short-circuited and no fallback available.
RecoveringCommand short-circuited and no fallback available.
RecoveringCommand short-circuited and no fallback available.
RecoveringCommand short-circuited and no fallback available.
RecoveringCommand short-circuited and no fallback available.
RecoveringCommand short-circuited and no fallback available.
RecoveringCommand short-circuited and no fallback available.
RecoveringCommand short-circuited and no fallback available.
RecoveringCommand short-circuited and no fallback available.
RecoveringCommand short-circuited and no fallback available.
RecoveringCommand short-circuited and no fallback available.
RecoveringCommand short-circuited and no fallback available.
RecoveringCommand short-circuited and no fallback available.
RecoveringCommand short-circuited and no fallback available.
RecoveringCommand short-circuited and no fallback available.
RecoveringCommand short-circuited and no fallback available.
RecoveringCommand short-circuited and no fallback available.
RecoveringCommand short-circuited and no fallback available.
RecoveringCommand short-circuited and no fallback available.
RecoveringCommand short-circuited and no fallback available.
RecoveringCommand short-circuited and no fallback available.
RecoveringCommand short-circuited and no fallback available.
RecoveringCommand short-circuited and no fallback available.
RecoveringCommand short-circuited and no fallback available.
RecoveringCommand short-circuited and no fallback available.
RecoveringCommand short-circuited and no fallback available.
RecoveringCommand short-circuited and no fallback available.
RecoveringCommand short-circuited and no fallback available.
RecoveringCommand short-circuited and no fallback available.
RecoveringCommand short-circuited and no fallback available.
RecoveringCommand short-circuited and no fallback available.
RecoveringCommand short-circuited and no fallback available.
RecoveringCommand short-circuited and no fallback available.
RecoveringCommand short-circuited and no fallback available.
RecoveringCommand short-circuited and no fallback available.
RecoveringCommand short-circuited and no fallback available.
RecoveringCommand short-circuited and no fallback available.
RecoveringCommand short-circuited and no fallback available.
RecoveringCommand short-circuited and no fallback available.
RecoveringCommand short-circuited and no fallback available.
RecoveringCommand short-circuited and no fallback available.
RecoveringCommand short-circuited and no fallback available.
RecoveringCommand short-circuited and no fallback available.
RecoveringCommand short-circuited and no fallback available.
RecoveringCommand short-circuited and no fallback available.
RecoveringCommand short-circuited and no fallback available.
RecoveringCommand short-circuited and no fallback available.
RecoveringCommand short-circuited and no fallback available.
RecoveringCommand short-circuited and no fallback available.
RecoveringCommand short-circuited and no fallback available.
RecoveringCommand short-circuited and no fallback available.
RecoveringCommand short-circuited and no fallback available.
RecoveringCommand short-circuited and no fallback available.
RecoveringCommand short-circuited and no fallback available.
RecoveringCommand short-circuited and no fallback available.
RecoveringCommand short-circuited and no fallback available.
RecoveringCommand short-circuited and no fallback available.
RecoveringCommand short-circuited and no fallback available.
RecoveringCommand short-circuited and no fallback available.
RecoveringCommand short-circuited and no fallback available.
RecoveringCommand short-circuited and no fallback available.
RecoveringCommand short-circuited and no fallback available.
RecoveringCommand short-circuited and no fallback available.
RecoveringCommand short-circuited and no fallback available.
RecoveringCommand short-circuited and no fallback available.
RecoveringCommand short-circuited and no fallback available.
RecoveringCommand short-circuited and no fallback available.
RecoveringCommand short-circuited and no fallback available.
RecoveringCommand short-circuited and no fallback available.
RecoveringCommand short-circuited and no fallback available.
RecoveringCommand short-circuited and no fallback available.
RecoveringCommand short-circuited and no fallback available.
RecoveringCommand short-circuited and no fallback available.
RecoveringCommand short-circuited and no fallback available.
RecoveringCommand short-circuited and no fallback available.
RecoveringCommand short-circuited and no fallback available.
RecoveringCommand short-circuited and no fallback available.
RecoveringCommand short-circuited and no fallback available.
RecoveringCommand short-circuited and no fallback available.
RecoveringCommand short-circuited and no fallback available.
RecoveringCommand short-circuited and no fallback available.
RecoveringCommand short-circuited and no fallback available.
RecoveringCommand short-circuited and no fallback available.
RecoveringCommand short-circuited and no fallback available.
RecoveringCommand short-circuited and no fallback available.
RecoveringCommand short-circuited and no fallback available.
RecoveringCommand short-circuited and no fallback available.
RecoveringCommand short-circuited and no fallback available.
RecoveringCommand short-circuited and no fallback available.
RecoveringCommand short-circuited and no fallback available.
RecoveringCommand short-circuited and no fallback available.
RecoveringCommand short-circuited and no fallback available.
RecoveringCommand short-circuited and no fallback available.
RecoveringCommand short-circuited and no fallback available.
RecoveringCommand short-circuited and no fallback available.
RecoveringCommand short-circuited and no fallback available.
RecoveringCommand short-circuited and no fallback available.
RecoveringCommand short-circuited and no fallback available.
RecoveringCommand short-circuited and no fallback available.
RecoveringCommand short-circuited and no fallback available.
RecoveringCommand short-circuited and no fallback available.
RecoveringCommand short-circuited and no fallback available.
RecoveringCommand short-circuited and no fallback available.
RecoveringCommand short-circuited and no fallback available.
RecoveringCommand short-circuited and no fallback available.
RecoveringCommand short-circuited and no fallback available.
RecoveringCommand short-circuited and no fallback available.
RecoveringCommand short-circuited and no fallback available.
RecoveringCommand short-circuited and no fallback available.
RecoveringCommand short-circuited and no fallback available.
RecoveringCommand short-circuited and no fallback available.
RecoveringCommand short-circuited and no fallback available.
RecoveringCommand short-circuited and no fallback available.
RecoveringCommand short-circuited and no fallback available.
RecoveringCommand short-circuited and no fallback available.
RecoveringCommand short-circuited and no fallback available.
RecoveringCommand short-circuited and no fallback available.
RecoveringCommand short-circuited and no fallback available.
RecoveringCommand short-circuited and no fallback available.
RecoveringCommand short-circuited and no fallback available.
RecoveringCommand short-circuited and no fallback available.
RecoveringCommand short-circuited and no fallback available.
RecoveringCommand short-circuited and no fallback available.
RecoveringCommand short-circuited and no fallback available.
RecoveringCommand short-circuited and no fallback available.
RecoveringCommand short-circuited and no fallback available.
RecoveringCommand short-circuited and no fallback available.
RecoveringCommand short-circuited and no fallback available.
RecoveringCommand short-circuited and no fallback available.
RecoveringCommand short-circuited and no fallback available.
RecoveringCommand short-circuited and no fallback available.
RecoveringCommand short-circuited and no fallback available.
RecoveringCommand short-circuited and no fallback available.
RecoveringCommand short-circuited and no fallback available.
RecoveringCommand short-circuited and no fallback available.
RecoveringCommand short-circuited and no fallback available.
RecoveringCommand short-circuited and no fallback available.
RecoveringCommand short-circuited and no fallback available.
RecoveringCommand short-circuited and no fallback available.
RecoveringCommand short-circuited and no fallback available.
RecoveringCommand short-circuited and no fallback available.
RecoveringCommand short-circuited and no fallback available.
RecoveringCommand short-circuited and no fallback available.
RecoveringCommand short-circuited and no fallback available.
RecoveringCommand short-circuited and no fallback available.
RecoveringCommand short-circuited and no fallback available.
RecoveringCommand short-circuited and no fallback available.
RecoveringCommand short-circuited and no fallback available.
RecoveringCommand short-circuited and no fallback available.
RecoveringCommand short-circuited and no fallback available.
RecoveringCommand short-circuited and no fallback available.
RecoveringCommand short-circuited and no fallback available.
RecoveringCommand short-circuited and no fallback available.
RecoveringCommand short-circuited and no fallback available.
RecoveringCommand short-circuited and no fallback available.
RecoveringCommand short-circuited and no fallback available.
RecoveringCommand short-circuited and no fallback available.
RecoveringCommand short-circuited and no fallback available.
RecoveringCommand short-circuited and no fallback available.
RecoveringCommand short-circuited and no fallback available.
RecoveringCommand short-circuited and no fallback available.
RecoveringCommand short-circuited and no fallback available.
RecoveringCommand short-circuited and no fallback available.
RecoveringCommand short-circuited and no fallback available.
RecoveringCommand short-circuited and no fallback available.
RecoveringCommand short-circuited and no fallback available.
RecoveringCommand short-circuited and no fallback available.
RecoveringCommand short-circuited and no fallback available.
RecoveringCommand short-circuited and no fallback available.
RecoveringCommand short-circuited and no fallback available.
RecoveringCommand short-circuited and no fallback available.
RecoveringCommand short-circuited and no fallback available.
RecoveringCommand short-circuited and no fallback available.
RecoveringCommand short-circuited and no fallback available.
RecoveringCommand short-circuited and no fallback available.
RecoveringCommand short-circuited and no fallback available.
RecoveringCommand short-circuited and no fallback available.
RecoveringCommand short-circuited and no fallback available.
RecoveringCommand short-circuited and no fallback available.
RecoveringCommand short-circuited and no fallback available.
RecoveringCommand short-circuited and no fallback available.
RecoveringCommand short-circuited and no fallback available.
RecoveringCommand short-circuited and no fallback available.
RecoveringCommand short-circuited and no fallback available.
RecoveringCommand short-circuited and no fallback available.
RecoveringCommand short-circuited and no fallback available.
RecoveringCommand short-circuited and no fallback available.
RecoveringCommand short-circuited and no fallback available.
RecoveringCommand short-circuited and no fallback available.
RecoveringCommand short-circuited and no fallback available.
RecoveringCommand short-circuited and no fallback available.
RecoveringCommand short-circuited and no fallback available.
RecoveringCommand short-circuited and no fallback available.
RecoveringCommand short-circuited and no fallback available.
RecoveringCommand short-circuited and no fallback available.
RecoveringCommand short-circuited and no fallback available.
RecoveringCommand short-circuited and no fallback available.
RecoveringCommand short-circuited and no fallback available.
RecoveringCommand short-circuited and no fallback available.
RecoveringCommand short-circuited and no fallback available.
RecoveringCommand short-circuited and no fallback available.
RecoveringCommand short-circuited and no fallback available.
RecoveringCommand short-circuited and no fallback available.
RecoveringCommand short-circuited and no fallback available.
RecoveringCommand short-circuited and no fallback available.
RecoveringCommand short-circuited and no fallback available.
RecoveringCommand short-circuited and no fallback available.
RecoveringCommand short-circuited and no fallback available.
RecoveringCommand short-circuited and no fallback available.
RecoveringCommand short-circuited and no fallback available.
RecoveringCommand short-circuited and no fallback available.
RecoveringCommand short-circuited and no fallback available.
RecoveringCommand short-circuited and no fallback available.
RecoveringCommand short-circuited and no fallback available.
RecoveringCommand short-circuited and no fallback available.
RecoveringCommand short-circuited and no fallback available.
RecoveringCommand short-circuited and no fallback available.
RecoveringCommand short-circuited and no fallback available.
RecoveringCommand short-circuited and no fallback available.
RecoveringCommand short-circuited and no fallback available.
RecoveringCommand short-circuited and no fallback available.
RecoveringCommand short-circuited and no fallback available.
RecoveringCommand short-circuited and no fallback available.
RecoveringCommand short-circuited and no fallback available.
RecoveringCommand short-circuited and no fallback available.
RecoveringCommand short-circuited and no fallback available.
RecoveringCommand short-circuited and no fallback available.
RecoveringCommand short-circuited and no fallback available.
RecoveringCommand short-circuited and no fallback available.
RecoveringCommand short-circuited and no fallback available.
RecoveringCommand short-circuited and no fallback available.
RecoveringCommand short-circuited and no fallback available.
RecoveringCommand short-circuited and no fallback available.
RecoveringCommand short-circuited and no fallback available.
RecoveringCommand short-circuited and no fallback available.
RecoveringCommand short-circuited and no fallback available.
RecoveringCommand short-circuited and no fallback available.
RecoveringCommand short-circuited and no fallback available.
RecoveringCommand short-circuited and no fallback available.
RecoveringCommand short-circuited and no fallback available.
RecoveringCommand short-circuited and no fallback available.
RecoveringCommand short-circuited and no fallback available.
RecoveringCommand short-circuited and no fallback available.
RecoveringCommand short-circuited and no fallback available.
RecoveringCommand short-circuited and no fallback available.
RecoveringCommand short-circuited and no fallback available.
RecoveringCommand short-circuited and no fallback available.
RecoveringCommand short-circuited and no fallback available.
RecoveringCommand short-circuited and no fallback available.
RecoveringCommand short-circuited and no fallback available.
RecoveringCommand short-circuited and no fallback available.
RecoveringCommand short-circuited and no fallback available.
RecoveringCommand short-circuited and no fallback available.
RecoveringCommand short-circuited and no fallback available.
RecoveringCommand short-circuited and no fallback available.
RecoveringCommand short-circuited and no fallback available.
RecoveringCommand short-circuited and no fallback available.
RecoveringCommand short-circuited and no fallback available.
RecoveringCommand short-circuited and no fallback available.
RecoveringCommand short-circuited and no fallback available.
RecoveringCommand short-circuited and no fallback available.
RecoveringCommand short-circuited and no fallback available.
RecoveringCommand short-circuited and no fallback available.
RecoveringCommand short-circuited and no fallback available.
RecoveringCommand short-circuited and no fallback available.
RecoveringCommand short-circuited and no fallback available.
RecoveringCommand short-circuited and no fallback available.
RecoveringCommand short-circuited and no fallback available.
RecoveringCommand short-circuited and no fallback available.
RecoveringCommand short-circuited and no fallback available.
RecoveringCommand short-circuited and no fallback available.
RecoveringCommand short-circuited and no fallback available.
RecoveringCommand short-circuited and no fallback available.
RecoveringCommand short-circuited and no fallback available.
RecoveringCommand short-circuited and no fallback available.
RecoveringCommand short-circuited and no fallback available.
RecoveringCommand short-circuited and no fallback available.
RecoveringCommand short-circuited and no fallback available.
RecoveringCommand short-circuited and no fallback available.
RecoveringCommand short-circuited and no fallback available.
RecoveringCommand short-circuited and no fallback available.
RecoveringCommand short-circuited and no fallback available.
RecoveringCommand short-circuited and no fallback available.
RecoveringCommand short-circuited and no fallback available.
RecoveringCommand short-circuited and no fallback available.
RecoveringCommand short-circuited and no fallback available.
RecoveringCommand short-circuited and no fallback available.
RecoveringCommand short-circuited and no fallback available.
RecoveringCommand short-circuited and no fallback available.
RecoveringCommand short-circuited and no fallback available.
RecoveringCommand short-circuited and no fallback available.
RecoveringCommand short-circuited and no fallback available.
RecoveringCommand short-circuited and no fallback available.
RecoveringCommand short-circuited and no fallback available.
RecoveringCommand short-circuited and no fallback available.
RecoveringCommand short-circuited and no fallback available.
RecoveringCommand short-circuited and no fallback available.
RecoveringCommand short-circuited and no fallback available.
RecoveringCommand short-circuited and no fallback available.
RecoveringCommand short-circuited and no fallback available.
RecoveringCommand short-circuited and no fallback available.
RecoveringCommand short-circuited and no fallback available.
RecoveringCommand short-circuited and no fallback available.
RecoveringCommand short-circuited and no fallback available.
RecoveringCommand short-circuited and no fallback available.
RecoveringCommand short-circuited and no fallback available.
RecoveringCommand short-circuited and no fallback available.
RecoveringCommand short-circuited and no fallback available.
RecoveringCommand short-circuited and no fallback available.
RecoveringCommand short-circuited and no fallback available.
RecoveringCommand short-circuited and no fallback available.
RecoveringCommand short-circuited and no fallback available.
RecoveringCommand short-circuited and no fallback available.
RecoveringCommand short-circuited and no fallback available.
RecoveringCommand short-circuited and no fallback available.
RecoveringCommand short-circuited and no fallback available.
RecoveringCommand short-circuited and no fallback available.
RecoveringCommand short-circuited and no fallback available.
RecoveringCommand short-circuited and no fallback available.
RecoveringCommand short-circuited and no fallback available.
RecoveringCommand short-circuited and no fallback available.
RecoveringCommand short-circuited and no fallback available.
RecoveringCommand short-circuited and no fallback available.
RecoveringCommand short-circuited and no fallback available.
RecoveringCommand short-circuited and no fallback available.
RecoveringCommand short-circuited and no fallback available.
RecoveringCommand short-circuited and no fallback available.
RecoveringCommand short-circuited and no fallback available.
RecoveringCommand short-circuited and no fallback available.
RecoveringCommand short-circuited and no fallback available.
RecoveringCommand short-circuited and no fallback available.
RecoveringCommand short-circuited and no fallback available.
RecoveringCommand short-circuited and no fallback available.
RecoveringCommand short-circuited and no fallback available.
RecoveringCommand short-circuited and no fallback available.
RecoveringCommand short-circuited and no fallback available.
RecoveringCommand short-circuited and no fallback available.
RecoveringCommand short-circuited and no fallback available.
RecoveringCommand short-circuited and no fallback available.
RecoveringCommand short-circuited and no fallback available.
RecoveringCommand short-circuited and no fallback available.
RecoveringCommand short-circuited and no fallback available.
RecoveringCommand short-circuited and no fallback available.
RecoveringCommand short-circuited and no fallback available.
RecoveringCommand short-circuited and no fallback available.
RecoveringCommand short-circuited and no fallback available.
RecoveringCommand short-circuited and no fallback available.
RecoveringCommand short-circuited and no fallback available.
RecoveringCommand short-circuited and no fallback available.
RecoveringCommand short-circuited and no fallback available.
RecoveringCommand short-circuited and no fallback available.
RecoveringCommand short-circuited and no fallback available.
RecoveringCommand short-circuited and no fallback available.
RecoveringCommand short-circuited and no fallback available.
RecoveringCommand short-circuited and no fallback available.
RecoveringCommand short-circuited and no fallback available.
RecoveringCommand short-circuited and no fallback available.
RecoveringCommand short-circuited and no fallback available.
RecoveringCommand short-circuited and no fallback available.
RecoveringCommand short-circuited and no fallback available.
RecoveringCommand short-circuited and no fallback available.
RecoveringCommand short-circuited and no fallback available.
RecoveringCommand short-circuited and no fallback available.
RecoveringCommand short-circuited and no fallback available.
RecoveringCommand short-circuited and no fallback available.
RecoveringCommand short-circuited and no fallback available.
RecoveringCommand short-circuited and no fallback available.
RecoveringCommand short-circuited and no fallback available.
RecoveringCommand short-circuited and no fallback available.
RecoveringCommand short-circuited and no fallback available.
RecoveringCommand short-circuited and no fallback available.
RecoveringCommand short-circuited and no fallback available.
RecoveringCommand short-circuited and no fallback available.
RecoveringCommand short-circuited and no fallback available.
RecoveringCommand short-circuited and no fallback available.
RecoveringCommand short-circuited and no fallback available.
RecoveringCommand short-circuited and no fallback available.
RecoveringCommand short-circuited and no fallback available.
RecoveringCommand short-circuited and no fallback available.
RecoveringCommand short-circuited and no fallback available.
RecoveringCommand short-circuited and no fallback available.
RecoveringCommand short-circuited and no fallback available.
RecoveringCommand short-circuited and no fallback available.
RecoveringCommand short-circuited and no fallback available.
RecoveringCommand short-circuited and no fallback available.
RecoveringCommand short-circuited and no fallback available.
RecoveringCommand short-circuited and no fallback available.
RecoveringCommand short-circuited and no fallback available.
RecoveringCommand short-circuited and no fallback available.
RecoveringCommand short-circuited and no fallback available.
RecoveringCommand short-circuited and no fallback available.
RecoveringCommand short-circuited and no fallback available.
RecoveringCommand short-circuited and no fallback available.
RecoveringCommand short-circuited and no fallback available.
RecoveringCommand short-circuited and no fallback available.
RecoveringCommand short-circuited and no fallback available.
RecoveringCommand short-circuited and no fallback available.
RecoveringCommand short-circuited and no fallback available.
RecoveringCommand short-circuited and no fallback available.
RecoveringCommand short-circuited and no fallback available.
RecoveringCommand short-circuited and no fallback available.
RecoveringCommand short-circuited and no fallback available.
RecoveringCommand short-circuited and no fallback available.
RecoveringCommand short-circuited and no fallback available.
RecoveringCommand failed and no fallback available.
RecoveringCommand short-circuited and no fallback available.
RecoveringCommand short-circuited and no fallback available.
RecoveringCommand short-circuited and no fallback available.
RecoveringCommand short-circuited and no fallback available.
RecoveringCommand short-circuited and no fallback available.
RecoveringCommand short-circuited and no fallback available.
RecoveringCommand short-circuited and no fallback available.
RecoveringCommand short-circuited and no fallback available.
RecoveringCommand short-circuited and no fallback available.
RecoveringCommand short-circuited and no fallback available.
RecoveringCommand short-circuited and no fallback available.
RecoveringCommand short-circuited and no fallback available.
RecoveringCommand short-circuited and no fallback available.
RecoveringCommand short-circuited and no fallback available.
RecoveringCommand short-circuited and no fallback available.
RecoveringCommand short-circuited and no fallback available.
RecoveringCommand short-circuited and no fallback available.
RecoveringCommand short-circuited and no fallback available.
RecoveringCommand short-circuited and no fallback available.
RecoveringCommand short-circuited and no fallback available.
RecoveringCommand short-circuited and no fallback available.
RecoveringCommand short-circuited and no fallback available.
RecoveringCommand short-circuited and no fallback available.
RecoveringCommand short-circuited and no fallback available.
RecoveringCommand short-circuited and no fallback available.
RecoveringCommand short-circuited and no fallback available.
RecoveringCommand short-circuited and no fallback available.
RecoveringCommand short-circuited and no fallback available.
RecoveringCommand short-circuited and no fallback available.
RecoveringCommand short-circuited and no fallback available.
RecoveringCommand short-circuited and no fallback available.
RecoveringCommand short-circuited and no fallback available.
RecoveringCommand short-circuited and no fallback available.
RecoveringCommand short-circuited and no fallback available.
RecoveringCommand short-circuited and no fallback available.
RecoveringCommand short-circuited and no fallback available.
RecoveringCommand short-circuited and no fallback available.
RecoveringCommand short-circuited and no fallback available.
RecoveringCommand short-circuited and no fallback available.
RecoveringCommand short-circuited and no fallback available.
RecoveringCommand short-circuited and no fallback available.
RecoveringCommand short-circuited and no fallback available.
RecoveringCommand short-circuited and no fallback available.
RecoveringCommand short-circuited and no fallback available.
RecoveringCommand short-circuited and no fallback available.
RecoveringCommand short-circuited and no fallback available.
RecoveringCommand short-circuited and no fallback available.
RecoveringCommand short-circuited and no fallback available.
RecoveringCommand short-circuited and no fallback available.
RecoveringCommand short-circuited and no fallback available.
RecoveringCommand short-circuited and no fallback available.
RecoveringCommand short-circuited and no fallback available.
RecoveringCommand short-circuited and no fallback available.
RecoveringCommand short-circuited and no fallback available.
RecoveringCommand short-circuited and no fallback available.
RecoveringCommand short-circuited and no fallback available.
RecoveringCommand short-circuited and no fallback available.
RecoveringCommand short-circuited and no fallback available.
RecoveringCommand short-circuited and no fallback available.
RecoveringCommand short-circuited and no fallback available.
RecoveringCommand short-circuited and no fallback available.
RecoveringCommand short-circuited and no fallback available.
RecoveringCommand short-circuited and no fallback available.
RecoveringCommand short-circuited and no fallback available.
RecoveringCommand short-circuited and no fallback available.
RecoveringCommand short-circuited and no fallback available.
RecoveringCommand short-circuited and no fallback available.
RecoveringCommand short-circuited and no fallback available.
RecoveringCommand short-circuited and no fallback available.
RecoveringCommand short-circuited and no fallback available.
RecoveringCommand short-circuited and no fallback available.
RecoveringCommand short-circuited and no fallback available.
RecoveringCommand short-circuited and no fallback available.
RecoveringCommand short-circuited and no fallback available.
RecoveringCommand short-circuited and no fallback available.
RecoveringCommand short-circuited and no fallback available.
RecoveringCommand short-circuited and no fallback available.
RecoveringCommand short-circuited and no fallback available.
RecoveringCommand short-circuited and no fallback available.
RecoveringCommand short-circuited and no fallback available.
RecoveringCommand short-circuited and no fallback available.
RecoveringCommand short-circuited and no fallback available.
RecoveringCommand short-circuited and no fallback available.
RecoveringCommand short-circuited and no fallback available.
RecoveringCommand short-circuited and no fallback available.
RecoveringCommand short-circuited and no fallback available.
RecoveringCommand short-circuited and no fallback available.
RecoveringCommand short-circuited and no fallback available.
RecoveringCommand short-circuited and no fallback available.
RecoveringCommand short-circuited and no fallback available.
RecoveringCommand short-circuited and no fallback available.
RecoveringCommand short-circuited and no fallback available.
RecoveringCommand short-circuited and no fallback available.
RecoveringCommand short-circuited and no fallback available.
RecoveringCommand short-circuited and no fallback available.
RecoveringCommand short-circuited and no fallback available.
RecoveringCommand short-circuited and no fallback available.
RecoveringCommand short-circuited and no fallback available.
RecoveringCommand short-circuited and no fallback available.
RecoveringCommand short-circuited and no fallback available.
RecoveringCommand short-circuited and no fallback available.
RecoveringCommand short-circuited and no fallback available.
RecoveringCommand short-circuited and no fallback available.
RecoveringCommand short-circuited and no fallback available.
RecoveringCommand short-circuited and no fallback available.
RecoveringCommand short-circuited and no fallback available.
RecoveringCommand short-circuited and no fallback available.
RecoveringCommand short-circuited and no fallback available.
RecoveringCommand short-circuited and no fallback available.
RecoveringCommand short-circuited and no fallback available.
RecoveringCommand short-circuited and no fallback available.
RecoveringCommand short-circuited and no fallback available.
RecoveringCommand short-circuited and no fallback available.
RecoveringCommand short-circuited and no fallback available.
RecoveringCommand short-circuited and no fallback available.
RecoveringCommand short-circuited and no fallback available.
RecoveringCommand short-circuited and no fallback available.
RecoveringCommand short-circuited and no fallback available.
RecoveringCommand short-circuited and no fallback available.
RecoveringCommand short-circuited and no fallback available.
RecoveringCommand short-circuited and no fallback available.
RecoveringCommand short-circuited and no fallback available.
RecoveringCommand short-circuited and no fallback available.
RecoveringCommand short-circuited and no fallback available.
RecoveringCommand short-circuited and no fallback available.
RecoveringCommand short-circuited and no fallback available.
RecoveringCommand short-circuited and no fallback available.
RecoveringCommand short-circuited and no fallback available.
RecoveringCommand short-circuited and no fallback available.
RecoveringCommand short-circuited and no fallback available.
RecoveringCommand short-circuited and no fallback available.
RecoveringCommand short-circuited and no fallback available.
RecoveringCommand short-circuited and no fallback available.
RecoveringCommand short-circuited and no fallback available.
RecoveringCommand short-circuited and no fallback available.
RecoveringCommand short-circuited and no fallback available.
RecoveringCommand short-circuited and no fallback available.
RecoveringCommand short-circuited and no fallback available.
RecoveringCommand short-circuited and no fallback available.
RecoveringCommand short-circuited and no fallback available.
RecoveringCommand short-circuited and no fallback available.
RecoveringCommand short-circuited and no fallback available.
RecoveringCommand short-circuited and no fallback available.
RecoveringCommand short-circuited and no fallback available.
RecoveringCommand short-circuited and no fallback available.
RecoveringCommand short-circuited and no fallback available.
RecoveringCommand short-circuited and no fallback available.
RecoveringCommand short-circuited and no fallback available.
RecoveringCommand short-circuited and no fallback available.
RecoveringCommand short-circuited and no fallback available.
RecoveringCommand short-circuited and no fallback available.
RecoveringCommand short-circuited and no fallback available.
RecoveringCommand short-circuited and no fallback available.
RecoveringCommand short-circuited and no fallback available.
RecoveringCommand short-circuited and no fallback available.
RecoveringCommand short-circuited and no fallback available.
RecoveringCommand short-circuited and no fallback available.
RecoveringCommand short-circuited and no fallback available.
RecoveringCommand short-circuited and no fallback available.
RecoveringCommand short-circuited and no fallback available.
RecoveringCommand short-circuited and no fallback available.
RecoveringCommand short-circuited and no fallback available.
RecoveringCommand short-circuited and no fallback available.
RecoveringCommand short-circuited and no fallback available.
RecoveringCommand short-circuited and no fallback available.
RecoveringCommand short-circuited and no fallback available.
RecoveringCommand short-circuited and no fallback available.
RecoveringCommand short-circuited and no fallback available.
RecoveringCommand short-circuited and no fallback available.
RecoveringCommand short-circuited and no fallback available.
RecoveringCommand short-circuited and no fallback available.
RecoveringCommand short-circuited and no fallback available.
RecoveringCommand short-circuited and no fallback available.
RecoveringCommand short-circuited and no fallback available.
RecoveringCommand short-circuited and no fallback available.
RecoveringCommand short-circuited and no fallback available.
RecoveringCommand short-circuited and no fallback available.
RecoveringCommand short-circuited and no fallback available.
RecoveringCommand short-circuited and no fallback available.
RecoveringCommand short-circuited and no fallback available.
RecoveringCommand short-circuited and no fallback available.
RecoveringCommand short-circuited and no fallback available.
RecoveringCommand short-circuited and no fallback available.
RecoveringCommand short-circuited and no fallback available.
RecoveringCommand short-circuited and no fallback available.
RecoveringCommand short-circuited and no fallback available.
RecoveringCommand short-circuited and no fallback available.
RecoveringCommand short-circuited and no fallback available.
RecoveringCommand short-circuited and no fallback available.
RecoveringCommand short-circuited and no fallback available.
RecoveringCommand short-circuited and no fallback available.
RecoveringCommand short-circuited and no fallback available.
RecoveringCommand short-circuited and no fallback available.
RecoveringCommand short-circuited and no fallback available.
RecoveringCommand short-circuited and no fallback available.
RecoveringCommand short-circuited and no fallback available.
RecoveringCommand short-circuited and no fallback available.
RecoveringCommand short-circuited and no fallback available.
RecoveringCommand short-circuited and no fallback available.
RecoveringCommand short-circuited and no fallback available.
RecoveringCommand short-circuited and no fallback available.
RecoveringCommand short-circuited and no fallback available.
RecoveringCommand short-circuited and no fallback available.
RecoveringCommand short-circuited and no fallback available.
RecoveringCommand short-circuited and no fallback available.
RecoveringCommand short-circuited and no fallback available.
RecoveringCommand short-circuited and no fallback available.
RecoveringCommand short-circuited and no fallback available.
RecoveringCommand short-circuited and no fallback available.
RecoveringCommand short-circuited and no fallback available.
RecoveringCommand short-circuited and no fallback available.
RecoveringCommand short-circuited and no fallback available.
RecoveringCommand short-circuited and no fallback available.
RecoveringCommand short-circuited and no fallback available.
RecoveringCommand short-circuited and no fallback available.
RecoveringCommand short-circuited and no fallback available.
RecoveringCommand short-circuited and no fallback available.
RecoveringCommand short-circuited and no fallback available.
RecoveringCommand short-circuited and no fallback available.
RecoveringCommand short-circuited and no fallback available.
RecoveringCommand short-circuited and no fallback available.
RecoveringCommand short-circuited and no fallback available.
RecoveringCommand short-circuited and no fallback available.
RecoveringCommand short-circuited and no fallback available.
RecoveringCommand short-circuited and no fallback available.
RecoveringCommand short-circuited and no fallback available.
RecoveringCommand short-circuited and no fallback available.
RecoveringCommand short-circuited and no fallback available.
RecoveringCommand short-circuited and no fallback available.
RecoveringCommand short-circuited and no fallback available.
RecoveringCommand short-circuited and no fallback available.
RecoveringCommand short-circuited and no fallback available.
RecoveringCommand short-circuited and no fallback available.
RecoveringCommand short-circuited and no fallback available.
RecoveringCommand short-circuited and no fallback available.
RecoveringCommand short-circuited and no fallback available.
RecoveringCommand short-circuited and no fallback available.
RecoveringCommand short-circuited and no fallback available.
RecoveringCommand short-circuited and no fallback available.
RecoveringCommand short-circuited and no fallback available.
RecoveringCommand short-circuited and no fallback available.
RecoveringCommand short-circuited and no fallback available.
RecoveringCommand short-circuited and no fallback available.
RecoveringCommand short-circuited and no fallback available.
RecoveringCommand short-circuited and no fallback available.
RecoveringCommand short-circuited and no fallback available.
RecoveringCommand short-circuited and no fallback available.
RecoveringCommand short-circuited and no fallback available.
RecoveringCommand short-circuited and no fallback available.
RecoveringCommand short-circuited and no fallback available.
RecoveringCommand short-circuited and no fallback available.
RecoveringCommand short-circuited and no fallback available.
RecoveringCommand short-circuited and no fallback available.
RecoveringCommand short-circuited and no fallback available.
RecoveringCommand short-circuited and no fallback available.
RecoveringCommand short-circuited and no fallback available.
RecoveringCommand short-circuited and no fallback available.
RecoveringCommand short-circuited and no fallback available.
RecoveringCommand short-circuited and no fallback available.
RecoveringCommand short-circuited and no fallback available.
RecoveringCommand short-circuited and no fallback available.
RecoveringCommand short-circuited and no fallback available.
RecoveringCommand short-circuited and no fallback available.
RecoveringCommand short-circuited and no fallback available.
RecoveringCommand short-circuited and no fallback available.
RecoveringCommand short-circuited and no fallback available.
RecoveringCommand short-circuited and no fallback available.
RecoveringCommand short-circuited and no fallback available.
RecoveringCommand short-circuited and no fallback available.
RecoveringCommand short-circuited and no fallback available.
RecoveringCommand short-circuited and no fallback available.
RecoveringCommand short-circuited and no fallback available.
RecoveringCommand short-circuited and no fallback available.
RecoveringCommand short-circuited and no fallback available.
RecoveringCommand short-circuited and no fallback available.
RecoveringCommand short-circuited and no fallback available.
RecoveringCommand short-circuited and no fallback available.
RecoveringCommand short-circuited and no fallback available.
RecoveringCommand short-circuited and no fallback available.
RecoveringCommand short-circuited and no fallback available.
RecoveringCommand short-circuited and no fallback available.
RecoveringCommand short-circuited and no fallback available.
RecoveringCommand short-circuited and no fallback available.
RecoveringCommand short-circuited and no fallback available.
RecoveringCommand short-circuited and no fallback available.
RecoveringCommand short-circuited and no fallback available.
RecoveringCommand short-circuited and no fallback available.
RecoveringCommand short-circuited and no fallback available.
RecoveringCommand short-circuited and no fallback available.
RecoveringCommand short-circuited and no fallback available.
RecoveringCommand short-circuited and no fallback available.
RecoveringCommand short-circuited and no fallback available.
RecoveringCommand short-circuited and no fallback available.
RecoveringCommand short-circuited and no fallback available.
RecoveringCommand short-circuited and no fallback available.
RecoveringCommand short-circuited and no fallback available.
RecoveringCommand short-circuited and no fallback available.
RecoveringCommand short-circuited and no fallback available.
RecoveringCommand short-circuited and no fallback available.
RecoveringCommand short-circuited and no fallback available.
RecoveringCommand short-circuited and no fallback available.
RecoveringCommand short-circuited and no fallback available.
RecoveringCommand short-circuited and no fallback available.
RecoveringCommand short-circuited and no fallback available.
RecoveringCommand short-circuited and no fallback available.
RecoveringCommand short-circuited and no fallback available.
RecoveringCommand short-circuited and no fallback available.
RecoveringCommand short-circuited and no fallback available.
RecoveringCommand short-circuited and no fallback available.
RecoveringCommand short-circuited and no fallback available.
RecoveringCommand short-circuited and no fallback available.
RecoveringCommand short-circuited and no fallback available.
RecoveringCommand short-circuited and no fallback available.
RecoveringCommand short-circuited and no fallback available.
RecoveringCommand short-circuited and no fallback available.
RecoveringCommand short-circuited and no fallback available.
RecoveringCommand short-circuited and no fallback available.
RecoveringCommand short-circuited and no fallback available.
RecoveringCommand short-circuited and no fallback available.
RecoveringCommand short-circuited and no fallback available.
RecoveringCommand short-circuited and no fallback available.
RecoveringCommand short-circuited and no fallback available.
RecoveringCommand short-circuited and no fallback available.
RecoveringCommand short-circuited and no fallback available.
RecoveringCommand short-circuited and no fallback available.
RecoveringCommand short-circuited and no fallback available.
RecoveringCommand short-circuited and no fallback available.
RecoveringCommand short-circuited and no fallback available.
RecoveringCommand short-circuited and no fallback available.
RecoveringCommand short-circuited and no fallback available.
RecoveringCommand short-circuited and no fallback available.
RecoveringCommand short-circuited and no fallback available.
RecoveringCommand short-circuited and no fallback available.
RecoveringCommand short-circuited and no fallback available.
RecoveringCommand short-circuited and no fallback available.
RecoveringCommand short-circuited and no fallback available.
RecoveringCommand short-circuited and no fallback available.
RecoveringCommand short-circuited and no fallback available.
RecoveringCommand short-circuited and no fallback available.
RecoveringCommand short-circuited and no fallback available.
RecoveringCommand short-circuited and no fallback available.
RecoveringCommand short-circuited and no fallback available.
RecoveringCommand short-circuited and no fallback available.
RecoveringCommand short-circuited and no fallback available.
RecoveringCommand short-circuited and no fallback available.
RecoveringCommand short-circuited and no fallback available.
RecoveringCommand short-circuited and no fallback available.
RecoveringCommand short-circuited and no fallback available.
RecoveringCommand short-circuited and no fallback available.
RecoveringCommand short-circuited and no fallback available.
RecoveringCommand short-circuited and no fallback available.
RecoveringCommand short-circuited and no fallback available.
RecoveringCommand short-circuited and no fallback available.
RecoveringCommand short-circuited and no fallback available.
RecoveringCommand short-circuited and no fallback available.
RecoveringCommand short-circuited and no fallback available.
RecoveringCommand short-circuited and no fallback available.
RecoveringCommand short-circuited and no fallback available.
RecoveringCommand short-circuited and no fallback available.
RecoveringCommand short-circuited and no fallback available.
RecoveringCommand short-circuited and no fallback available.
RecoveringCommand short-circuited and no fallback available.
RecoveringCommand short-circuited and no fallback available.
RecoveringCommand short-circuited and no fallback available.
RecoveringCommand short-circuited and no fallback available.
RecoveringCommand short-circuited and no fallback available.
RecoveringCommand short-circuited and no fallback available.
RecoveringCommand short-circuited and no fallback available.
RecoveringCommand short-circuited and no fallback available.
RecoveringCommand short-circuited and no fallback available.
RecoveringCommand short-circuited and no fallback available.
RecoveringCommand short-circuited and no fallback available.
RecoveringCommand short-circuited and no fallback available.
RecoveringCommand short-circuited and no fallback available.
RecoveringCommand short-circuited and no fallback available.
RecoveringCommand short-circuited and no fallback available.
RecoveringCommand short-circuited and no fallback available.
RecoveringCommand short-circuited and no fallback available.
RecoveringCommand short-circuited and no fallback available.
RecoveringCommand short-circuited and no fallback available.
RecoveringCommand short-circuited and no fallback available.
RecoveringCommand short-circuited and no fallback available.
RecoveringCommand short-circuited and no fallback available.
RecoveringCommand short-circuited and no fallback available.
RecoveringCommand short-circuited and no fallback available.
RecoveringCommand short-circuited and no fallback available.
RecoveringCommand short-circuited and no fallback available.
RecoveringCommand short-circuited and no fallback available.
RecoveringCommand short-circuited and no fallback available.
RecoveringCommand short-circuited and no fallback available.
RecoveringCommand short-circuited and no fallback available.
RecoveringCommand short-circuited and no fallback available.
RecoveringCommand short-circuited and no fallback available.
RecoveringCommand short-circuited and no fallback available.
RecoveringCommand short-circuited and no fallback available.
RecoveringCommand short-circuited and no fallback available.
RecoveringCommand short-circuited and no fallback available.
RecoveringCommand short-circuited and no fallback available.
RecoveringCommand short-circuited and no fallback available.
RecoveringCommand short-circuited and no fallback available.
RecoveringCommand short-circuited and no fallback available.
RecoveringCommand short-circuited and no fallback available.
RecoveringCommand short-circuited and no fallback available.
RecoveringCommand short-circuited and no fallback available.
RecoveringCommand short-circuited and no fallback available.
RecoveringCommand short-circuited and no fallback available.
RecoveringCommand short-circuited and no fallback available.
RecoveringCommand short-circuited and no fallback available.
RecoveringCommand short-circuited and no fallback available.
RecoveringCommand short-circuited and no fallback available.
RecoveringCommand short-circuited and no fallback available.
RecoveringCommand short-circuited and no fallback available.
RecoveringCommand short-circuited and no fallback available.
RecoveringCommand short-circuited and no fallback available.
RecoveringCommand short-circuited and no fallback available.
RecoveringCommand short-circuited and no fallback available.
RecoveringCommand short-circuited and no fallback available.
RecoveringCommand short-circuited and no fallback available.
RecoveringCommand short-circuited and no fallback available.
RecoveringCommand short-circuited and no fallback available.
RecoveringCommand short-circuited and no fallback available.
RecoveringCommand short-circuited and no fallback available.
RecoveringCommand short-circuited and no fallback available.
RecoveringCommand short-circuited and no fallback available.
RecoveringCommand short-circuited and no fallback available.
RecoveringCommand short-circuited and no fallback available.
RecoveringCommand short-circuited and no fallback available.
RecoveringCommand short-circuited and no fallback available.
RecoveringCommand short-circuited and no fallback available.
RecoveringCommand short-circuited and no fallback available.
RecoveringCommand short-circuited and no fallback available.
RecoveringCommand short-circuited and no fallback available.
RecoveringCommand short-circuited and no fallback available.
RecoveringCommand short-circuited and no fallback available.
RecoveringCommand short-circuited and no fallback available.
RecoveringCommand short-circuited and no fallback available.
RecoveringCommand short-circuited and no fallback available.
RecoveringCommand short-circuited and no fallback available.
RecoveringCommand short-circuited and no fallback available.
RecoveringCommand short-circuited and no fallback available.
RecoveringCommand short-circuited and no fallback available.
RecoveringCommand short-circuited and no fallback available.
RecoveringCommand short-circuited and no fallback available.
RecoveringCommand short-circuited and no fallback available.
RecoveringCommand short-circuited and no fallback available.
RecoveringCommand short-circuited and no fallback available.
RecoveringCommand short-circuited and no fallback available.
RecoveringCommand short-circuited and no fallback available.
RecoveringCommand short-circuited and no fallback available.
RecoveringCommand short-circuited and no fallback available.
RecoveringCommand short-circuited and no fallback available.
RecoveringCommand short-circuited and no fallback available.
RecoveringCommand short-circuited and no fallback available.
RecoveringCommand short-circuited and no fallback available.
RecoveringCommand short-circuited and no fallback available.
RecoveringCommand short-circuited and no fallback available.
RecoveringCommand short-circuited and no fallback available.
RecoveringCommand short-circuited and no fallback available.
RecoveringCommand short-circuited and no fallback available.
RecoveringCommand short-circuited and no fallback available.
RecoveringCommand short-circuited and no fallback available.
RecoveringCommand short-circuited and no fallback available.
RecoveringCommand short-circuited and no fallback available.
RecoveringCommand short-circuited and no fallback available.
RecoveringCommand short-circuited and no fallback available.
RecoveringCommand short-circuited and no fallback available.
RecoveringCommand short-circuited and no fallback available.
RecoveringCommand short-circuited and no fallback available.
RecoveringCommand short-circuited and no fallback available.
RecoveringCommand short-circuited and no fallback available.
RecoveringCommand short-circuited and no fallback available.
RecoveringCommand short-circuited and no fallback available.
RecoveringCommand short-circuited and no fallback available.
RecoveringCommand short-circuited and no fallback available.
RecoveringCommand short-circuited and no fallback available.
RecoveringCommand short-circuited and no fallback available.
RecoveringCommand short-circuited and no fallback available.
RecoveringCommand short-circuited and no fallback available.
RecoveringCommand short-circuited and no fallback available.
RecoveringCommand short-circuited and no fallback available.
RecoveringCommand short-circuited and no fallback available.
RecoveringCommand short-circuited and no fallback available.
RecoveringCommand short-circuited and no fallback available.
RecoveringCommand short-circuited and no fallback available.
RecoveringCommand short-circuited and no fallback available.
RecoveringCommand short-circuited and no fallback available.
RecoveringCommand short-circuited and no fallback available.
RecoveringCommand short-circuited and no fallback available.
RecoveringCommand short-circuited and no fallback available.
RecoveringCommand short-circuited and no fallback available.
RecoveringCommand short-circuited and no fallback available.
RecoveringCommand short-circuited and no fallback available.
RecoveringCommand short-circuited and no fallback available.
RecoveringCommand short-circuited and no fallback available.
RecoveringCommand short-circuited and no fallback available.
RecoveringCommand short-circuited and no fallback available.
RecoveringCommand short-circuited and no fallback available.
RecoveringCommand short-circuited and no fallback available.
RecoveringCommand short-circuited and no fallback available.
RecoveringCommand short-circuited and no fallback available.
RecoveringCommand short-circuited and no fallback available.
RecoveringCommand short-circuited and no fallback available.
RecoveringCommand short-circuited and no fallback available.
RecoveringCommand short-circuited and no fallback available.
RecoveringCommand short-circuited and no fallback available.
RecoveringCommand short-circuited and no fallback available.
RecoveringCommand short-circuited and no fallback available.
RecoveringCommand short-circuited and no fallback available.
RecoveringCommand short-circuited and no fallback available.
RecoveringCommand short-circuited and no fallback available.
RecoveringCommand short-circuited and no fallback available.
RecoveringCommand short-circuited and no fallback available.
RecoveringCommand short-circuited and no fallback available.
RecoveringCommand short-circuited and no fallback available.
RecoveringCommand short-circuited and no fallback available.
RecoveringCommand short-circuited and no fallback available.
RecoveringCommand short-circuited and no fallback available.
RecoveringCommand short-circuited and no fallback available.
RecoveringCommand short-circuited and no fallback available.
RecoveringCommand short-circuited and no fallback available.
RecoveringCommand short-circuited and no fallback available.
RecoveringCommand short-circuited and no fallback available.
RecoveringCommand short-circuited and no fallback available.
RecoveringCommand short-circuited and no fallback available.
RecoveringCommand short-circuited and no fallback available.
RecoveringCommand short-circuited and no fallback available.
RecoveringCommand short-circuited and no fallback available.
RecoveringCommand short-circuited and no fallback available.
RecoveringCommand short-circuited and no fallback available.
RecoveringCommand short-circuited and no fallback available.
RecoveringCommand short-circuited and no fallback available.
RecoveringCommand short-circuited and no fallback available.
RecoveringCommand short-circuited and no fallback available.
RecoveringCommand short-circuited and no fallback available.
RecoveringCommand short-circuited and no fallback available.
RecoveringCommand short-circuited and no fallback available.
RecoveringCommand short-circuited and no fallback available.
RecoveringCommand short-circuited and no fallback available.
RecoveringCommand short-circuited and no fallback available.
RecoveringCommand short-circuited and no fallback available.
RecoveringCommand short-circuited and no fallback available.
RecoveringCommand short-circuited and no fallback available.
RecoveringCommand short-circuited and no fallback available.
RecoveringCommand short-circuited and no fallback available.
RecoveringCommand short-circuited and no fallback available.
RecoveringCommand short-circuited and no fallback available.
RecoveringCommand short-circuited and no fallback available.
RecoveringCommand short-circuited and no fallback available.
RecoveringCommand short-circuited and no fallback available.
RecoveringCommand short-circuited and no fallback available.
RecoveringCommand short-circuited and no fallback available.
RecoveringCommand short-circuited and no fallback available.
RecoveringCommand short-circuited and no fallback available.
RecoveringCommand short-circuited and no fallback available.
RecoveringCommand short-circuited and no fallback available.
RecoveringCommand short-circuited and no fallback available.
RecoveringCommand short-circuited and no fallback available.
RecoveringCommand short-circuited and no fallback available.
RecoveringCommand short-circuited and no fallback available.
RecoveringCommand short-circuited and no fallback available.
RecoveringCommand short-circuited and no fallback available.
RecoveringCommand short-circuited and no fallback available.
RecoveringCommand short-circuited and no fallback available.
RecoveringCommand short-circuited and no fallback available.
RecoveringCommand short-circuited and no fallback available.
RecoveringCommand short-circuited and no fallback available.
RecoveringCommand short-circuited and no fallback available.
RecoveringCommand short-circuited and no fallback available.
RecoveringCommand short-circuited and no fallback available.
RecoveringCommand short-circuited and no fallback available.
RecoveringCommand short-circuited and no fallback available.
RecoveringCommand short-circuited and no fallback available.
RecoveringCommand short-circuited and no fallback available.
RecoveringCommand short-circuited and no fallback available.
RecoveringCommand short-circuited and no fallback available.
RecoveringCommand short-circuited and no fallback available.
RecoveringCommand short-circuited and no fallback available.
RecoveringCommand short-circuited and no fallback available.
RecoveringCommand short-circuited and no fallback available.
RecoveringCommand short-circuited and no fallback available.
RecoveringCommand short-circuited and no fallback available.
RecoveringCommand short-circuited and no fallback available.
RecoveringCommand short-circuited and no fallback available.
RecoveringCommand short-circuited and no fallback available.
RecoveringCommand short-circuited and no fallback available.
RecoveringCommand short-circuited and no fallback available.
RecoveringCommand short-circuited and no fallback available.
RecoveringCommand short-circuited and no fallback available.
RecoveringCommand short-circuited and no fallback available.
RecoveringCommand short-circuited and no fallback available.
RecoveringCommand short-circuited and no fallback available.
RecoveringCommand short-circuited and no fallback available.
RecoveringCommand short-circuited and no fallback available.
RecoveringCommand short-circuited and no fallback available.
RecoveringCommand short-circuited and no fallback available.
RecoveringCommand short-circuited and no fallback available.
RecoveringCommand short-circuited and no fallback available.
RecoveringCommand short-circuited and no fallback available.
RecoveringCommand short-circuited and no fallback available.
RecoveringCommand short-circuited and no fallback available.
RecoveringCommand short-circuited and no fallback available.
RecoveringCommand short-circuited and no fallback available.
RecoveringCommand short-circuited and no fallback available.
RecoveringCommand short-circuited and no fallback available.
RecoveringCommand short-circuited and no fallback available.
RecoveringCommand short-circuited and no fallback available.
RecoveringCommand short-circuited and no fallback available.
RecoveringCommand short-circuited and no fallback available.
RecoveringCommand short-circuited and no fallback available.
RecoveringCommand short-circuited and no fallback available.
RecoveringCommand short-circuited and no fallback available.
RecoveringCommand short-circuited and no fallback available.
RecoveringCommand short-circuited and no fallback available.
RecoveringCommand short-circuited and no fallback available.
RecoveringCommand short-circuited and no fallback available.
RecoveringCommand short-circuited and no fallback available.
RecoveringCommand short-circuited and no fallback available.
RecoveringCommand short-circuited and no fallback available.
RecoveringCommand short-circuited and no fallback available.
RecoveringCommand short-circuited and no fallback available.
RecoveringCommand short-circuited and no fallback available.
RecoveringCommand short-circuited and no fallback available.
RecoveringCommand short-circuited and no fallback available.
RecoveringCommand short-circuited and no fallback available.
RecoveringCommand short-circuited and no fallback available.
RecoveringCommand short-circuited and no fallback available.
RecoveringCommand short-circuited and no fallback available.
RecoveringCommand short-circuited and no fallback available.
RecoveringCommand short-circuited and no fallback available.
RecoveringCommand short-circuited and no fallback available.
RecoveringCommand short-circuited and no fallback available.
RecoveringCommand short-circuited and no fallback available.
RecoveringCommand short-circuited and no fallback available.
RecoveringCommand short-circuited and no fallback available.
RecoveringCommand short-circuited and no fallback available.
RecoveringCommand short-circuited and no fallback available.
RecoveringCommand short-circuited and no fallback available.
RecoveringCommand short-circuited and no fallback available.
RecoveringCommand short-circuited and no fallback available.
RecoveringCommand short-circuited and no fallback available.
RecoveringCommand short-circuited and no fallback available.
RecoveringCommand short-circuited and no fallback available.
RecoveringCommand short-circuited and no fallback available.
RecoveringCommand short-circuited and no fallback available.
RecoveringCommand short-circuited and no fallback available.
RecoveringCommand short-circuited and no fallback available.
RecoveringCommand short-circuited and no fallback available.
RecoveringCommand short-circuited and no fallback available.
RecoveringCommand short-circuited and no fallback available.
RecoveringCommand short-circuited and no fallback available.
RecoveringCommand short-circuited and no fallback available.
RecoveringCommand short-circuited and no fallback available.
RecoveringCommand short-circuited and no fallback available.
RecoveringCommand short-circuited and no fallback available.
RecoveringCommand short-circuited and no fallback available.
RecoveringCommand short-circuited and no fallback available.
RecoveringCommand short-circuited and no fallback available.
RecoveringCommand short-circuited and no fallback available.
RecoveringCommand short-circuited and no fallback available.
RecoveringCommand short-circuited and no fallback available.
RecoveringCommand short-circuited and no fallback available.
RecoveringCommand short-circuited and no fallback available.
RecoveringCommand short-circuited and no fallback available.
RecoveringCommand short-circuited and no fallback available.
RecoveringCommand short-circuited and no fallback available.
RecoveringCommand short-circuited and no fallback available.
RecoveringCommand short-circuited and no fallback available.
RecoveringCommand short-circuited and no fallback available.
RecoveringCommand short-circuited and no fallback available.
RecoveringCommand short-circuited and no fallback available.
RecoveringCommand short-circuited and no fallback available.
RecoveringCommand short-circuited and no fallback available.
RecoveringCommand short-circuited and no fallback available.
RecoveringCommand short-circuited and no fallback available.
RecoveringCommand short-circuited and no fallback available.
RecoveringCommand short-circuited and no fallback available.
RecoveringCommand short-circuited and no fallback available.
RecoveringCommand short-circuited and no fallback available.
RecoveringCommand short-circuited and no fallback available.
RecoveringCommand short-circuited and no fallback available.
RecoveringCommand short-circuited and no fallback available.
RecoveringCommand short-circuited and no fallback available.
RecoveringCommand short-circuited and no fallback available.
RecoveringCommand short-circuited and no fallback available.
RecoveringCommand short-circuited and no fallback available.
RecoveringCommand short-circuited and no fallback available.
RecoveringCommand short-circuited and no fallback available.
RecoveringCommand short-circuited and no fallback available.
RecoveringCommand short-circuited and no fallback available.
RecoveringCommand short-circuited and no fallback available.
RecoveringCommand short-circuited and no fallback available.
RecoveringCommand short-circuited and no fallback available.
RecoveringCommand short-circuited and no fallback available.
RecoveringCommand short-circuited and no fallback available.
RecoveringCommand short-circuited and no fallback available.
RecoveringCommand short-circuited and no fallback available.
RecoveringCommand short-circuited and no fallback available.
RecoveringCommand short-circuited and no fallback available.
RecoveringCommand short-circuited and no fallback available.
RecoveringCommand short-circuited and no fallback available.
RecoveringCommand short-circuited and no fallback available.
RecoveringCommand short-circuited and no fallback available.
RecoveringCommand short-circuited and no fallback available.
RecoveringCommand short-circuited and no fallback available.
RecoveringCommand short-circuited and no fallback available.
RecoveringCommand short-circuited and no fallback available.
RecoveringCommand short-circuited and no fallback available.
RecoveringCommand short-circuited and no fallback available.
RecoveringCommand short-circuited and no fallback available.
RecoveringCommand short-circuited and no fallback available.
RecoveringCommand short-circuited and no fallback available.
RecoveringCommand short-circuited and no fallback available.
RecoveringCommand short-circuited and no fallback available.
RecoveringCommand short-circuited and no fallback available.
RecoveringCommand short-circuited and no fallback available.
RecoveringCommand short-circuited and no fallback available.
RecoveringCommand short-circuited and no fallback available.
RecoveringCommand short-circuited and no fallback available.
RecoveringCommand short-circuited and no fallback available.
RecoveringCommand short-circuited and no fallback available.
RecoveringCommand short-circuited and no fallback available.
RecoveringCommand short-circuited and no fallback available.
RecoveringCommand short-circuited and no fallback available.
RecoveringCommand short-circuited and no fallback available.
RecoveringCommand short-circuited and no fallback available.
RecoveringCommand short-circuited and no fallback available.
RecoveringCommand short-circuited and no fallback available.
RecoveringCommand short-circuited and no fallback available.
RecoveringCommand short-circuited and no fallback available.
RecoveringCommand short-circuited and no fallback available.
RecoveringCommand short-circuited and no fallback available.
RecoveringCommand short-circuited and no fallback available.
RecoveringCommand short-circuited and no fallback available.
RecoveringCommand short-circuited and no fallback available.
RecoveringCommand short-circuited and no fallback available.
RecoveringCommand short-circuited and no fallback available.
RecoveringCommand short-circuited and no fallback available.
RecoveringCommand short-circuited and no fallback available.
RecoveringCommand short-circuited and no fallback available.
RecoveringCommand short-circuited and no fallback available.
RecoveringCommand short-circuited and no fallback available.
RecoveringCommand short-circuited and no fallback available.
RecoveringCommand short-circuited and no fallback available.
RecoveringCommand short-circuited and no fallback available.
RecoveringCommand short-circuited and no fallback available.
RecoveringCommand short-circuited and no fallback available.
RecoveringCommand short-circuited and no fallback available.
RecoveringCommand short-circuited and no fallback available.
RecoveringCommand short-circuited and no fallback available.
RecoveringCommand short-circuited and no fallback available.
RecoveringCommand short-circuited and no fallback available.
RecoveringCommand short-circuited and no fallback available.
RecoveringCommand short-circuited and no fallback available.
RecoveringCommand short-circuited and no fallback available.
RecoveringCommand short-circuited and no fallback available.
RecoveringCommand short-circuited and no fallback available.
RecoveringCommand short-circuited and no fallback available.
RecoveringCommand short-circuited and no fallback available.
RecoveringCommand short-circuited and no fallback available.
RecoveringCommand short-circuited and no fallback available.
RecoveringCommand short-circuited and no fallback available.
RecoveringCommand short-circuited and no fallback available.
RecoveringCommand short-circuited and no fallback available.
RecoveringCommand short-circuited and no fallback available.
RecoveringCommand short-circuited and no fallback available.
RecoveringCommand short-circuited and no fallback available.
RecoveringCommand short-circuited and no fallback available.
RecoveringCommand short-circuited and no fallback available.
RecoveringCommand short-circuited and no fallback available.
RecoveringCommand short-circuited and no fallback available.
RecoveringCommand short-circuited and no fallback available.
RecoveringCommand short-circuited and no fallback available.
RecoveringCommand short-circuited and no fallback available.
RecoveringCommand short-circuited and no fallback available.
RecoveringCommand short-circuited and no fallback available.
RecoveringCommand short-circuited and no fallback available.
RecoveringCommand short-circuited and no fallback available.
RecoveringCommand short-circuited and no fallback available.
RecoveringCommand short-circuited and no fallback available.
RecoveringCommand short-circuited and no fallback available.
RecoveringCommand short-circuited and no fallback available.
RecoveringCommand short-circuited and no fallback available.
RecoveringCommand short-circuited and no fallback available.
RecoveringCommand short-circuited and no fallback available.
RecoveringCommand short-circuited and no fallback available.
RecoveringCommand short-circuited and no fallback available.
RecoveringCommand short-circuited and no fallback available.
RecoveringCommand short-circuited and no fallback available.
RecoveringCommand short-circuited and no fallback available.
RecoveringCommand short-circuited and no fallback available.
RecoveringCommand short-circuited and no fallback available.
RecoveringCommand short-circuited and no fallback available.
RecoveringCommand short-circuited and no fallback available.
RecoveringCommand short-circuited and no fallback available.
RecoveringCommand short-circuited and no fallback available.
RecoveringCommand short-circuited and no fallback available.
RecoveringCommand short-circuited and no fallback available.
RecoveringCommand short-circuited and no fallback available.
RecoveringCommand short-circuited and no fallback available.
RecoveringCommand short-circuited and no fallback available.
RecoveringCommand short-circuited and no fallback available.
RecoveringCommand short-circuited and no fallback available.
RecoveringCommand short-circuited and no fallback available.
RecoveringCommand short-circuited and no fallback available.
RecoveringCommand short-circuited and no fallback available.
RecoveringCommand short-circuited and no fallback available.
RecoveringCommand short-circuited and no fallback available.
RecoveringCommand short-circuited and no fallback available.
RecoveringCommand short-circuited and no fallback available.
RecoveringCommand short-circuited and no fallback available.
RecoveringCommand short-circuited and no fallback available.
RecoveringCommand short-circuited and no fallback available.
RecoveringCommand short-circuited and no fallback available.
RecoveringCommand short-circuited and no fallback available.
RecoveringCommand short-circuited and no fallback available.
RecoveringCommand short-circuited and no fallback available.
RecoveringCommand short-circuited and no fallback available.
RecoveringCommand short-circuited and no fallback available.
RecoveringCommand short-circuited and no fallback available.
RecoveringCommand short-circuited and no fallback available.
RecoveringCommand short-circuited and no fallback available.
RecoveringCommand short-circuited and no fallback available.
RecoveringCommand short-circuited and no fallback available.
RecoveringCommand short-circuited and no fallback available.
RecoveringCommand short-circuited and no fallback available.
RecoveringCommand short-circuited and no fallback available.
RecoveringCommand short-circuited and no fallback available.
RecoveringCommand short-circuited and no fallback available.
RecoveringCommand short-circuited and no fallback available.
RecoveringCommand short-circuited and no fallback available.
RecoveringCommand short-circuited and no fallback available.
RecoveringCommand short-circuited and no fallback available.
RecoveringCommand short-circuited and no fallback available.
RecoveringCommand short-circuited and no fallback available.
RecoveringCommand short-circuited and no fallback available.
RecoveringCommand short-circuited and no fallback available.
RecoveringCommand short-circuited and no fallback available.
RecoveringCommand short-circuited and no fallback available.
RecoveringCommand short-circuited and no fallback available.
RecoveringCommand short-circuited and no fallback available.
RecoveringCommand short-circuited and no fallback available.
RecoveringCommand short-circuited and no fallback available.
RecoveringCommand short-circuited and no fallback available.
RecoveringCommand short-circuited and no fallback available.
RecoveringCommand short-circuited and no fallback available.
RecoveringCommand short-circuited and no fallback available.
RecoveringCommand short-circuited and no fallback available.
RecoveringCommand short-circuited and no fallback available.
RecoveringCommand short-circuited and no fallback available.
RecoveringCommand short-circuited and no fallback available.
RecoveringCommand short-circuited and no fallback available.
RecoveringCommand short-circuited and no fallback available.
RecoveringCommand short-circuited and no fallback available.
RecoveringCommand short-circuited and no fallback available.
RecoveringCommand short-circuited and no fallback available.
RecoveringCommand short-circuited and no fallback available.
RecoveringCommand short-circuited and no fallback available.
RecoveringCommand short-circuited and no fallback available.
RecoveringCommand short-circuited and no fallback available.
RecoveringCommand short-circuited and no fallback available.
RecoveringCommand short-circuited and no fallback available.
RecoveringCommand short-circuited and no fallback available.
RecoveringCommand short-circuited and no fallback available.
RecoveringCommand short-circuited and no fallback available.
RecoveringCommand short-circuited and no fallback available.
RecoveringCommand short-circuited and no fallback available.
RecoveringCommand short-circuited and no fallback available.
RecoveringCommand short-circuited and no fallback available.
RecoveringCommand short-circuited and no fallback available.
RecoveringCommand short-circuited and no fallback available.
RecoveringCommand short-circuited and no fallback available.
RecoveringCommand short-circuited and no fallback available.
RecoveringCommand short-circuited and no fallback available.
RecoveringCommand short-circuited and no fallback available.
RecoveringCommand short-circuited and no fallback available.
RecoveringCommand short-circuited and no fallback available.
RecoveringCommand short-circuited and no fallback available.
RecoveringCommand short-circuited and no fallback available.
RecoveringCommand short-circuited and no fallback available.
RecoveringCommand short-circuited and no fallback available.
RecoveringCommand short-circuited and no fallback available.
RecoveringCommand short-circuited and no fallback available.
RecoveringCommand short-circuited and no fallback available.
RecoveringCommand short-circuited and no fallback available.
RecoveringCommand short-circuited and no fallback available.
RecoveringCommand short-circuited and no fallback available.
RecoveringCommand short-circuited and no fallback available.
RecoveringCommand short-circuited and no fallback available.
RecoveringCommand short-circuited and no fallback available.
RecoveringCommand short-circuited and no fallback available.
RecoveringCommand short-circuited and no fallback available.
RecoveringCommand short-circuited and no fallback available.
RecoveringCommand short-circuited and no fallback available.
RecoveringCommand short-circuited and no fallback available.
RecoveringCommand short-circuited and no fallback available.
RecoveringCommand short-circuited and no fallback available.
RecoveringCommand short-circuited and no fallback available.
RecoveringCommand short-circuited and no fallback available.
RecoveringCommand short-circuited and no fallback available.
RecoveringCommand short-circuited and no fallback available.
RecoveringCommand short-circuited and no fallback available.
RecoveringCommand short-circuited and no fallback available.
RecoveringCommand short-circuited and no fallback available.
RecoveringCommand short-circuited and no fallback available.
RecoveringCommand short-circuited and no fallback available.
RecoveringCommand short-circuited and no fallback available.
RecoveringCommand short-circuited and no fallback available.
RecoveringCommand short-circuited and no fallback available.
RecoveringCommand short-circuited and no fallback available.
RecoveringCommand short-circuited and no fallback available.
RecoveringCommand short-circuited and no fallback available.
RecoveringCommand short-circuited and no fallback available.
RecoveringCommand short-circuited and no fallback available.
RecoveringCommand short-circuited and no fallback available.
RecoveringCommand short-circuited and no fallback available.
RecoveringCommand short-circuited and no fallback available.
RecoveringCommand short-circuited and no fallback available.
RecoveringCommand short-circuited and no fallback available.
RecoveringCommand short-circuited and no fallback available.
RecoveringCommand short-circuited and no fallback available.
RecoveringCommand short-circuited and no fallback available.
RecoveringCommand short-circuited and no fallback available.
RecoveringCommand short-circuited and no fallback available.
RecoveringCommand short-circuited and no fallback available.
RecoveringCommand short-circuited and no fallback available.
RecoveringCommand short-circuited and no fallback available.
RecoveringCommand short-circuited and no fallback available.
RecoveringCommand short-circuited and no fallback available.
RecoveringCommand short-circuited and no fallback available.
RecoveringCommand short-circuited and no fallback available.
RecoveringCommand short-circuited and no fallback available.
RecoveringCommand short-circuited and no fallback available.
RecoveringCommand short-circuited and no fallback available.
RecoveringCommand short-circuited and no fallback available.
RecoveringCommand short-circuited and no fallback available.
RecoveringCommand short-circuited and no fallback available.
RecoveringCommand short-circuited and no fallback available.
RecoveringCommand short-circuited and no fallback available.
RecoveringCommand short-circuited and no fallback available.
RecoveringCommand short-circuited and no fallback available.
RecoveringCommand short-circuited and no fallback available.
RecoveringCommand short-circuited and no fallback available.
RecoveringCommand short-circuited and no fallback available.
RecoveringCommand short-circuited and no fallback available.
RecoveringCommand short-circuited and no fallback available.
RecoveringCommand short-circuited and no fallback available.
RecoveringCommand short-circuited and no fallback available.
RecoveringCommand short-circuited and no fallback available.
RecoveringCommand short-circuited and no fallback available.
RecoveringCommand short-circuited and no fallback available.
RecoveringCommand short-circuited and no fallback available.
RecoveringCommand short-circuited and no fallback available.
RecoveringCommand short-circuited and no fallback available.
RecoveringCommand short-circuited and no fallback available.
RecoveringCommand short-circuited and no fallback available.
RecoveringCommand short-circuited and no fallback available.
RecoveringCommand short-circuited and no fallback available.
RecoveringCommand short-circuited and no fallback available.
RecoveringCommand short-circuited and no fallback available.
RecoveringCommand short-circuited and no fallback available.
RecoveringCommand short-circuited and no fallback available.
RecoveringCommand short-circuited and no fallback available.
RecoveringCommand short-circuited and no fallback available.
RecoveringCommand short-circuited and no fallback available.
RecoveringCommand short-circuited and no fallback available.
RecoveringCommand short-circuited and no fallback available.
RecoveringCommand short-circuited and no fallback available.
RecoveringCommand short-circuited and no fallback available.
RecoveringCommand short-circuited and no fallback available.
RecoveringCommand short-circuited and no fallback available.
RecoveringCommand short-circuited and no fallback available.
RecoveringCommand short-circuited and no fallback available.
RecoveringCommand short-circuited and no fallback available.
RecoveringCommand short-circuited and no fallback available.
RecoveringCommand short-circuited and no fallback available.
RecoveringCommand short-circuited and no fallback available.
RecoveringCommand short-circuited and no fallback available.
RecoveringCommand short-circuited and no fallback available.
RecoveringCommand short-circuited and no fallback available.
RecoveringCommand short-circuited and no fallback available.
RecoveringCommand short-circuited and no fallback available.
RecoveringCommand short-circuited and no fallback available.
RecoveringCommand short-circuited and no fallback available.
RecoveringCommand short-circuited and no fallback available.
RecoveringCommand short-circuited and no fallback available.
RecoveringCommand short-circuited and no fallback available.
RecoveringCommand short-circuited and no fallback available.
RecoveringCommand short-circuited and no fallback available.
RecoveringCommand short-circuited and no fallback available.
RecoveringCommand short-circuited and no fallback available.
RecoveringCommand short-circuited and no fallback available.
RecoveringCommand short-circuited and no fallback available.
RecoveringCommand short-circuited and no fallback available.
RecoveringCommand short-circuited and no fallback available.
RecoveringCommand short-circuited and no fallback available.
RecoveringCommand short-circuited and no fallback available.
RecoveringCommand short-circuited and no fallback available.
RecoveringCommand short-circuited and no fallback available.
RecoveringCommand short-circuited and no fallback available.
RecoveringCommand short-circuited and no fallback available.
RecoveringCommand short-circuited and no fallback available.
RecoveringCommand short-circuited and no fallback available.
RecoveringCommand short-circuited and no fallback available.
RecoveringCommand short-circuited and no fallback available.
RecoveringCommand short-circuited and no fallback available.
RecoveringCommand short-circuited and no fallback available.
RecoveringCommand short-circuited and no fallback available.
RecoveringCommand short-circuited and no fallback available.
RecoveringCommand short-circuited and no fallback available.
RecoveringCommand short-circuited and no fallback available.
RecoveringCommand short-circuited and no fallback available.
RecoveringCommand short-circuited and no fallback available.
RecoveringCommand short-circuited and no fallback available.
RecoveringCommand short-circuited and no fallback available.
RecoveringCommand short-circuited and no fallback available.
RecoveringCommand short-circuited and no fallback available.
RecoveringCommand short-circuited and no fallback available.
RecoveringCommand short-circuited and no fallback available.
RecoveringCommand short-circuited and no fallback available.
RecoveringCommand short-circuited and no fallback available.
RecoveringCommand short-circuited and no fallback available.
RecoveringCommand short-circuited and no fallback available.
RecoveringCommand short-circuited and no fallback available.
RecoveringCommand short-circuited and no fallback available.
RecoveringCommand short-circuited and no fallback available.
RecoveringCommand short-circuited and no fallback available.
RecoveringCommand short-circuited and no fallback available.
RecoveringCommand short-circuited and no fallback available.
RecoveringCommand short-circuited and no fallback available.
RecoveringCommand short-circuited and no fallback available.
RecoveringCommand short-circuited and no fallback available.
RecoveringCommand short-circuited and no fallback available.
RecoveringCommand short-circuited and no fallback available.
RecoveringCommand short-circuited and no fallback available.
RecoveringCommand short-circuited and no fallback available.
RecoveringCommand short-circuited and no fallback available.
RecoveringCommand short-circuited and no fallback available.
RecoveringCommand short-circuited and no fallback available.
RecoveringCommand short-circuited and no fallback available.
RecoveringCommand short-circuited and no fallback available.
RecoveringCommand short-circuited and no fallback available.
RecoveringCommand short-circuited and no fallback available.
RecoveringCommand short-circuited and no fallback available.
RecoveringCommand short-circuited and no fallback available.
RecoveringCommand short-circuited and no fallback available.
RecoveringCommand short-circuited and no fallback available.
RecoveringCommand short-circuited and no fallback available.
RecoveringCommand short-circuited and no fallback available.
RecoveringCommand short-circuited and no fallback available.
RecoveringCommand short-circuited and no fallback available.
RecoveringCommand short-circuited and no fallback available.
RecoveringCommand short-circuited and no fallback available.
RecoveringCommand short-circuited and no fallback available.
RecoveringCommand short-circuited and no fallback available.
RecoveringCommand short-circuited and no fallback available.
RecoveringCommand short-circuited and no fallback available.
RecoveringCommand short-circuited and no fallback available.
RecoveringCommand short-circuited and no fallback available.
RecoveringCommand short-circuited and no fallback available.
RecoveringCommand short-circuited and no fallback available.
RecoveringCommand short-circuited and no fallback available.
RecoveringCommand short-circuited and no fallback available.
RecoveringCommand short-circuited and no fallback available.
RecoveringCommand short-circuited and no fallback available.
RecoveringCommand short-circuited and no fallback available.
RecoveringCommand short-circuited and no fallback available.
RecoveringCommand short-circuited and no fallback available.
RecoveringCommand short-circuited and no fallback available.
RecoveringCommand short-circuited and no fallback available.
RecoveringCommand short-circuited and no fallback available.
RecoveringCommand short-circuited and no fallback available.
RecoveringCommand short-circuited and no fallback available.
RecoveringCommand short-circuited and no fallback available.
RecoveringCommand short-circuited and no fallback available.
RecoveringCommand short-circuited and no fallback available.
RecoveringCommand short-circuited and no fallback available.
RecoveringCommand short-circuited and no fallback available.
RecoveringCommand short-circuited and no fallback available.
RecoveringCommand short-circuited and no fallback available.
RecoveringCommand short-circuited and no fallback available.
RecoveringCommand short-circuited and no fallback available.
RecoveringCommand short-circuited and no fallback available.
RecoveringCommand short-circuited and no fallback available.
RecoveringCommand short-circuited and no fallback available.
RecoveringCommand short-circuited and no fallback available.
RecoveringCommand short-circuited and no fallback available.
RecoveringCommand short-circuited and no fallback available.
RecoveringCommand short-circuited and no fallback available.
RecoveringCommand short-circuited and no fallback available.
RecoveringCommand short-circuited and no fallback available.
RecoveringCommand short-circuited and no fallback available.
RecoveringCommand short-circuited and no fallback available.
RecoveringCommand short-circuited and no fallback available.
RecoveringCommand short-circuited and no fallback available.
RecoveringCommand short-circuited and no fallback available.
RecoveringCommand short-circuited and no fallback available.
RecoveringCommand short-circuited and no fallback available.
RecoveringCommand short-circuited and no fallback available.
RecoveringCommand short-circuited and no fallback available.
RecoveringCommand short-circuited and no fallback available.
RecoveringCommand short-circuited and no fallback available.
RecoveringCommand short-circuited and no fallback available.
RecoveringCommand short-circuited and no fallback available.
RecoveringCommand short-circuited and no fallback available.
RecoveringCommand short-circuited and no fallback available.
RecoveringCommand short-circuited and no fallback available.
RecoveringCommand short-circuited and no fallback available.
RecoveringCommand short-circuited and no fallback available.
RecoveringCommand short-circuited and no fallback available.
RecoveringCommand short-circuited and no fallback available.
RecoveringCommand short-circuited and no fallback available.
RecoveringCommand short-circuited and no fallback available.
RecoveringCommand short-circuited and no fallback available.
RecoveringCommand short-circuited and no fallback available.
RecoveringCommand short-circuited and no fallback available.
RecoveringCommand short-circuited and no fallback available.
RecoveringCommand short-circuited and no fallback available.
RecoveringCommand short-circuited and no fallback available.
RecoveringCommand short-circuited and no fallback available.
RecoveringCommand short-circuited and no fallback available.
RecoveringCommand short-circuited and no fallback available.
RecoveringCommand short-circuited and no fallback available.
RecoveringCommand short-circuited and no fallback available.
RecoveringCommand short-circuited and no fallback available.
RecoveringCommand short-circuited and no fallback available.
RecoveringCommand short-circuited and no fallback available.
RecoveringCommand short-circuited and no fallback available.
RecoveringCommand short-circuited and no fallback available.
RecoveringCommand short-circuited and no fallback available.
RecoveringCommand short-circuited and no fallback available.
RecoveringCommand short-circuited and no fallback available.
RecoveringCommand short-circuited and no fallback available.
RecoveringCommand short-circuited and no fallback available.
RecoveringCommand short-circuited and no fallback available.
RecoveringCommand short-circuited and no fallback available.
RecoveringCommand short-circuited and no fallback available.
RecoveringCommand short-circuited and no fallback available.
RecoveringCommand failed and no fallback available.
RecoveringCommand short-circuited and no fallback available.
RecoveringCommand short-circuited and no fallback available.
RecoveringCommand short-circuited and no fallback available.
RecoveringCommand short-circuited and no fallback available.
RecoveringCommand short-circuited and no fallback available.
RecoveringCommand short-circuited and no fallback available.
RecoveringCommand short-circuited and no fallback available.
RecoveringCommand short-circuited and no fallback available.
RecoveringCommand short-circuited and no fallback available.
RecoveringCommand short-circuited and no fallback available.
RecoveringCommand short-circuited and no fallback available.
RecoveringCommand short-circuited and no fallback available.
RecoveringCommand short-circuited and no fallback available.
RecoveringCommand short-circuited and no fallback available.
RecoveringCommand short-circuited and no fallback available.
RecoveringCommand short-circuited and no fallback available.
RecoveringCommand short-circuited and no fallback available.
RecoveringCommand short-circuited and no fallback available.
RecoveringCommand short-circuited and no fallback available.
RecoveringCommand short-circuited and no fallback available.
RecoveringCommand short-circuited and no fallback available.
RecoveringCommand short-circuited and no fallback available.
RecoveringCommand short-circuited and no fallback available.
RecoveringCommand short-circuited and no fallback available.
RecoveringCommand short-circuited and no fallback available.
RecoveringCommand short-circuited and no fallback available.
RecoveringCommand short-circuited and no fallback available.
RecoveringCommand short-circuited and no fallback available.
RecoveringCommand short-circuited and no fallback available.
RecoveringCommand short-circuited and no fallback available.
RecoveringCommand short-circuited and no fallback available.
RecoveringCommand short-circuited and no fallback available.
RecoveringCommand short-circuited and no fallback available.
RecoveringCommand short-circuited and no fallback available.
RecoveringCommand short-circuited and no fallback available.
RecoveringCommand short-circuited and no fallback available.
RecoveringCommand short-circuited and no fallback available.
RecoveringCommand short-circuited and no fallback available.
RecoveringCommand short-circuited and no fallback available.
RecoveringCommand short-circuited and no fallback available.
RecoveringCommand short-circuited and no fallback available.
RecoveringCommand short-circuited and no fallback available.
RecoveringCommand short-circuited and no fallback available.
RecoveringCommand short-circuited and no fallback available.
RecoveringCommand short-circuited and no fallback available.
RecoveringCommand short-circuited and no fallback available.
RecoveringCommand short-circuited and no fallback available.
RecoveringCommand short-circuited and no fallback available.
RecoveringCommand short-circuited and no fallback available.
RecoveringCommand short-circuited and no fallback available.
RecoveringCommand short-circuited and no fallback available.
RecoveringCommand short-circuited and no fallback available.
RecoveringCommand short-circuited and no fallback available.
RecoveringCommand short-circuited and no fallback available.
RecoveringCommand short-circuited and no fallback available.
RecoveringCommand short-circuited and no fallback available.
RecoveringCommand short-circuited and no fallback available.
RecoveringCommand short-circuited and no fallback available.
RecoveringCommand short-circuited and no fallback available.
RecoveringCommand short-circuited and no fallback available.
RecoveringCommand short-circuited and no fallback available.
RecoveringCommand short-circuited and no fallback available.
RecoveringCommand short-circuited and no fallback available.
RecoveringCommand short-circuited and no fallback available.
RecoveringCommand short-circuited and no fallback available.
RecoveringCommand short-circuited and no fallback available.
RecoveringCommand short-circuited and no fallback available.
RecoveringCommand short-circuited and no fallback available.
RecoveringCommand short-circuited and no fallback available.
RecoveringCommand short-circuited and no fallback available.
RecoveringCommand short-circuited and no fallback available.
RecoveringCommand short-circuited and no fallback available.
RecoveringCommand short-circuited and no fallback available.
RecoveringCommand short-circuited and no fallback available.
RecoveringCommand short-circuited and no fallback available.
RecoveringCommand short-circuited and no fallback available.
RecoveringCommand short-circuited and no fallback available.
RecoveringCommand short-circuited and no fallback available.
RecoveringCommand short-circuited and no fallback available.
RecoveringCommand short-circuited and no fallback available.
RecoveringCommand short-circuited and no fallback available.
RecoveringCommand short-circuited and no fallback available.
RecoveringCommand short-circuited and no fallback available.
RecoveringCommand short-circuited and no fallback available.
RecoveringCommand short-circuited and no fallback available.
RecoveringCommand short-circuited and no fallback available.
RecoveringCommand short-circuited and no fallback available.
RecoveringCommand short-circuited and no fallback available.
RecoveringCommand short-circuited and no fallback available.
RecoveringCommand short-circuited and no fallback available.
RecoveringCommand short-circuited and no fallback available.
RecoveringCommand short-circuited and no fallback available.
RecoveringCommand short-circuited and no fallback available.
RecoveringCommand short-circuited and no fallback available.
RecoveringCommand short-circuited and no fallback available.
RecoveringCommand short-circuited and no fallback available.
RecoveringCommand short-circuited and no fallback available.
RecoveringCommand short-circuited and no fallback available.
RecoveringCommand short-circuited and no fallback available.
RecoveringCommand short-circuited and no fallback available.
RecoveringCommand short-circuited and no fallback available.
RecoveringCommand short-circuited and no fallback available.
RecoveringCommand short-circuited and no fallback available.
RecoveringCommand short-circuited and no fallback available.
RecoveringCommand short-circuited and no fallback available.
RecoveringCommand short-circuited and no fallback available.
RecoveringCommand short-circuited and no fallback available.
RecoveringCommand short-circuited and no fallback available.
RecoveringCommand short-circuited and no fallback available.
RecoveringCommand short-circuited and no fallback available.
RecoveringCommand short-circuited and no fallback available.
RecoveringCommand short-circuited and no fallback available.
RecoveringCommand short-circuited and no fallback available.
RecoveringCommand short-circuited and no fallback available.
RecoveringCommand short-circuited and no fallback available.
RecoveringCommand short-circuited and no fallback available.
RecoveringCommand short-circuited and no fallback available.
RecoveringCommand short-circuited and no fallback available.
RecoveringCommand short-circuited and no fallback available.
RecoveringCommand short-circuited and no fallback available.
RecoveringCommand short-circuited and no fallback available.
RecoveringCommand short-circuited and no fallback available.
RecoveringCommand short-circuited and no fallback available.
RecoveringCommand short-circuited and no fallback available.
RecoveringCommand short-circuited and no fallback available.
RecoveringCommand short-circuited and no fallback available.
RecoveringCommand short-circuited and no fallback available.
RecoveringCommand short-circuited and no fallback available.
RecoveringCommand short-circuited and no fallback available.
RecoveringCommand short-circuited and no fallback available.
RecoveringCommand short-circuited and no fallback available.
RecoveringCommand short-circuited and no fallback available.
RecoveringCommand short-circuited and no fallback available.
RecoveringCommand short-circuited and no fallback available.
RecoveringCommand short-circuited and no fallback available.
RecoveringCommand short-circuited and no fallback available.
RecoveringCommand short-circuited and no fallback available.
RecoveringCommand short-circuited and no fallback available.
RecoveringCommand short-circuited and no fallback available.
RecoveringCommand short-circuited and no fallback available.
RecoveringCommand short-circuited and no fallback available.
RecoveringCommand short-circuited and no fallback available.
RecoveringCommand short-circuited and no fallback available.
RecoveringCommand short-circuited and no fallback available.
RecoveringCommand short-circuited and no fallback available.
RecoveringCommand short-circuited and no fallback available.
RecoveringCommand short-circuited and no fallback available.
RecoveringCommand short-circuited and no fallback available.
RecoveringCommand short-circuited and no fallback available.
RecoveringCommand short-circuited and no fallback available.
RecoveringCommand short-circuited and no fallback available.
RecoveringCommand short-circuited and no fallback available.
RecoveringCommand short-circuited and no fallback available.
RecoveringCommand short-circuited and no fallback available.
RecoveringCommand short-circuited and no fallback available.
RecoveringCommand short-circuited and no fallback available.
RecoveringCommand short-circuited and no fallback available.
RecoveringCommand short-circuited and no fallback available.
RecoveringCommand short-circuited and no fallback available.
RecoveringCommand short-circuited and no fallback available.
RecoveringCommand short-circuited and no fallback available.
RecoveringCommand short-circuited and no fallback available.
RecoveringCommand short-circuited and no fallback available.
RecoveringCommand short-circuited and no fallback available.
RecoveringCommand short-circuited and no fallback available.
RecoveringCommand short-circuited and no fallback available.
RecoveringCommand short-circuited and no fallback available.
RecoveringCommand short-circuited and no fallback available.
RecoveringCommand short-circuited and no fallback available.
RecoveringCommand short-circuited and no fallback available.
RecoveringCommand short-circuited and no fallback available.
RecoveringCommand short-circuited and no fallback available.
RecoveringCommand short-circuited and no fallback available.
RecoveringCommand short-circuited and no fallback available.
RecoveringCommand short-circuited and no fallback available.
RecoveringCommand short-circuited and no fallback available.
RecoveringCommand short-circuited and no fallback available.
RecoveringCommand short-circuited and no fallback available.
RecoveringCommand short-circuited and no fallback available.
RecoveringCommand short-circuited and no fallback available.
RecoveringCommand short-circuited and no fallback available.
RecoveringCommand short-circuited and no fallback available.
RecoveringCommand short-circuited and no fallback available.
RecoveringCommand short-circuited and no fallback available.
RecoveringCommand short-circuited and no fallback available.
RecoveringCommand short-circuited and no fallback available.
RecoveringCommand short-circuited and no fallback available.
RecoveringCommand short-circuited and no fallback available.
RecoveringCommand short-circuited and no fallback available.
RecoveringCommand short-circuited and no fallback available.
RecoveringCommand short-circuited and no fallback available.
RecoveringCommand short-circuited and no fallback available.
RecoveringCommand short-circuited and no fallback available.
RecoveringCommand short-circuited and no fallback available.
RecoveringCommand short-circuited and no fallback available.
RecoveringCommand short-circuited and no fallback available.
RecoveringCommand short-circuited and no fallback available.
RecoveringCommand short-circuited and no fallback available.
RecoveringCommand short-circuited and no fallback available.
RecoveringCommand short-circuited and no fallback available.
RecoveringCommand short-circuited and no fallback available.
RecoveringCommand short-circuited and no fallback available.
RecoveringCommand short-circuited and no fallback available.
RecoveringCommand short-circuited and no fallback available.
RecoveringCommand short-circuited and no fallback available.
RecoveringCommand short-circuited and no fallback available.
RecoveringCommand short-circuited and no fallback available.
RecoveringCommand short-circuited and no fallback available.
RecoveringCommand short-circuited and no fallback available.
RecoveringCommand short-circuited and no fallback available.
RecoveringCommand short-circuited and no fallback available.
RecoveringCommand short-circuited and no fallback available.
RecoveringCommand short-circuited and no fallback available.
RecoveringCommand short-circuited and no fallback available.
RecoveringCommand short-circuited and no fallback available.
RecoveringCommand short-circuited and no fallback available.
RecoveringCommand short-circuited and no fallback available.
RecoveringCommand short-circuited and no fallback available.
RecoveringCommand short-circuited and no fallback available.
RecoveringCommand short-circuited and no fallback available.
RecoveringCommand short-circuited and no fallback available.
RecoveringCommand short-circuited and no fallback available.
RecoveringCommand short-circuited and no fallback available.
RecoveringCommand short-circuited and no fallback available.
RecoveringCommand short-circuited and no fallback available.
RecoveringCommand short-circuited and no fallback available.
RecoveringCommand short-circuited and no fallback available.
RecoveringCommand short-circuited and no fallback available.
RecoveringCommand short-circuited and no fallback available.
RecoveringCommand short-circuited and no fallback available.
RecoveringCommand short-circuited and no fallback available.
RecoveringCommand short-circuited and no fallback available.
RecoveringCommand short-circuited and no fallback available.
RecoveringCommand short-circuited and no fallback available.
RecoveringCommand short-circuited and no fallback available.
RecoveringCommand short-circuited and no fallback available.
RecoveringCommand short-circuited and no fallback available.
RecoveringCommand short-circuited and no fallback available.
RecoveringCommand short-circuited and no fallback available.
RecoveringCommand short-circuited and no fallback available.
RecoveringCommand short-circuited and no fallback available.
RecoveringCommand short-circuited and no fallback available.
RecoveringCommand short-circuited and no fallback available.
RecoveringCommand short-circuited and no fallback available.
RecoveringCommand short-circuited and no fallback available.
RecoveringCommand short-circuited and no fallback available.
RecoveringCommand short-circuited and no fallback available.
RecoveringCommand short-circuited and no fallback available.
RecoveringCommand short-circuited and no fallback available.
RecoveringCommand short-circuited and no fallback available.
RecoveringCommand short-circuited and no fallback available.
RecoveringCommand short-circuited and no fallback available.
RecoveringCommand short-circuited and no fallback available.
RecoveringCommand short-circuited and no fallback available.
RecoveringCommand short-circuited and no fallback available.
RecoveringCommand short-circuited and no fallback available.
RecoveringCommand short-circuited and no fallback available.
RecoveringCommand short-circuited and no fallback available.
RecoveringCommand short-circuited and no fallback available.
RecoveringCommand short-circuited and no fallback available.
RecoveringCommand short-circuited and no fallback available.
RecoveringCommand short-circuited and no fallback available.
RecoveringCommand short-circuited and no fallback available.
RecoveringCommand short-circuited and no fallback available.
RecoveringCommand short-circuited and no fallback available.
RecoveringCommand short-circuited and no fallback available.
RecoveringCommand short-circuited and no fallback available.
RecoveringCommand short-circuited and no fallback available.
RecoveringCommand short-circuited and no fallback available.
RecoveringCommand short-circuited and no fallback available.
RecoveringCommand short-circuited and no fallback available.
RecoveringCommand short-circuited and no fallback available.
RecoveringCommand short-circuited and no fallback available.
RecoveringCommand short-circuited and no fallback available.
RecoveringCommand short-circuited and no fallback available.
RecoveringCommand short-circuited and no fallback available.
RecoveringCommand short-circuited and no fallback available.
RecoveringCommand short-circuited and no fallback available.
RecoveringCommand short-circuited and no fallback available.
RecoveringCommand short-circuited and no fallback available.
RecoveringCommand short-circuited and no fallback available.
RecoveringCommand short-circuited and no fallback available.
RecoveringCommand short-circuited and no fallback available.
RecoveringCommand short-circuited and no fallback available.
RecoveringCommand short-circuited and no fallback available.
RecoveringCommand short-circuited and no fallback available.
RecoveringCommand short-circuited and no fallback available.
RecoveringCommand short-circuited and no fallback available.
RecoveringCommand short-circuited and no fallback available.
RecoveringCommand short-circuited and no fallback available.
RecoveringCommand short-circuited and no fallback available.
RecoveringCommand short-circuited and no fallback available.
RecoveringCommand short-circuited and no fallback available.
RecoveringCommand short-circuited and no fallback available.
RecoveringCommand short-circuited and no fallback available.
RecoveringCommand short-circuited and no fallback available.
RecoveringCommand short-circuited and no fallback available.
RecoveringCommand short-circuited and no fallback available.
RecoveringCommand short-circuited and no fallback available.
RecoveringCommand short-circuited and no fallback available.
RecoveringCommand short-circuited and no fallback available.
RecoveringCommand short-circuited and no fallback available.
RecoveringCommand short-circuited and no fallback available.
RecoveringCommand short-circuited and no fallback available.
RecoveringCommand short-circuited and no fallback available.
RecoveringCommand short-circuited and no fallback available.
RecoveringCommand short-circuited and no fallback available.
RecoveringCommand short-circuited and no fallback available.
RecoveringCommand short-circuited and no fallback available.
RecoveringCommand short-circuited and no fallback available.
RecoveringCommand short-circuited and no fallback available.
RecoveringCommand short-circuited and no fallback available.
RecoveringCommand short-circuited and no fallback available.
RecoveringCommand short-circuited and no fallback available.
RecoveringCommand short-circuited and no fallback available.
RecoveringCommand short-circuited and no fallback available.
RecoveringCommand short-circuited and no fallback available.
RecoveringCommand short-circuited and no fallback available.
RecoveringCommand short-circuited and no fallback available.
RecoveringCommand short-circuited and no fallback available.
RecoveringCommand short-circuited and no fallback available.
RecoveringCommand short-circuited and no fallback available.
RecoveringCommand short-circuited and no fallback available.
RecoveringCommand short-circuited and no fallback available.
RecoveringCommand short-circuited and no fallback available.
RecoveringCommand short-circuited and no fallback available.
RecoveringCommand short-circuited and no fallback available.
RecoveringCommand short-circuited and no fallback available.
RecoveringCommand short-circuited and no fallback available.
RecoveringCommand short-circuited and no fallback available.
RecoveringCommand short-circuited and no fallback available.
RecoveringCommand short-circuited and no fallback available.
RecoveringCommand short-circuited and no fallback available.
RecoveringCommand short-circuited and no fallback available.
RecoveringCommand short-circuited and no fallback available.
RecoveringCommand short-circuited and no fallback available.
RecoveringCommand short-circuited and no fallback available.
RecoveringCommand short-circuited and no fallback available.
RecoveringCommand short-circuited and no fallback available.
RecoveringCommand short-circuited and no fallback available.
RecoveringCommand short-circuited and no fallback available.
RecoveringCommand short-circuited and no fallback available.
RecoveringCommand short-circuited and no fallback available.
RecoveringCommand short-circuited and no fallback available.
RecoveringCommand short-circuited and no fallback available.
RecoveringCommand short-circuited and no fallback available.
RecoveringCommand short-circuited and no fallback available.
RecoveringCommand short-circuited and no fallback available.
RecoveringCommand short-circuited and no fallback available.
RecoveringCommand short-circuited and no fallback available.
RecoveringCommand short-circuited and no fallback available.
RecoveringCommand short-circuited and no fallback available.
RecoveringCommand short-circuited and no fallback available.
RecoveringCommand short-circuited and no fallback available.
RecoveringCommand short-circuited and no fallback available.
RecoveringCommand short-circuited and no fallback available.
RecoveringCommand short-circuited and no fallback available.
RecoveringCommand short-circuited and no fallback available.
RecoveringCommand short-circuited and no fallback available.
RecoveringCommand short-circuited and no fallback available.
RecoveringCommand short-circuited and no fallback available.
RecoveringCommand short-circuited and no fallback available.
RecoveringCommand short-circuited and no fallback available.
RecoveringCommand short-circuited and no fallback available.
RecoveringCommand short-circuited and no fallback available.
RecoveringCommand short-circuited and no fallback available.
RecoveringCommand short-circuited and no fallback available.
RecoveringCommand short-circuited and no fallback available.
RecoveringCommand short-circuited and no fallback available.
RecoveringCommand short-circuited and no fallback available.
RecoveringCommand short-circuited and no fallback available.
RecoveringCommand short-circuited and no fallback available.
RecoveringCommand short-circuited and no fallback available.
RecoveringCommand short-circuited and no fallback available.
RecoveringCommand short-circuited and no fallback available.
RecoveringCommand short-circuited and no fallback available.
RecoveringCommand short-circuited and no fallback available.
RecoveringCommand short-circuited and no fallback available.
RecoveringCommand short-circuited and no fallback available.
RecoveringCommand short-circuited and no fallback available.
RecoveringCommand short-circuited and no fallback available.
RecoveringCommand short-circuited and no fallback available.
RecoveringCommand short-circuited and no fallback available.
RecoveringCommand short-circuited and no fallback available.
RecoveringCommand short-circuited and no fallback available.
RecoveringCommand short-circuited and no fallback available.
RecoveringCommand short-circuited and no fallback available.
RecoveringCommand short-circuited and no fallback available.
RecoveringCommand short-circuited and no fallback available.
RecoveringCommand short-circuited and no fallback available.
RecoveringCommand short-circuited and no fallback available.
RecoveringCommand short-circuited and no fallback available.
RecoveringCommand short-circuited and no fallback available.
RecoveringCommand short-circuited and no fallback available.
RecoveringCommand short-circuited and no fallback available.
RecoveringCommand short-circuited and no fallback available.
RecoveringCommand short-circuited and no fallback available.
RecoveringCommand short-circuited and no fallback available.
RecoveringCommand short-circuited and no fallback available.
RecoveringCommand short-circuited and no fallback available.
RecoveringCommand short-circuited and no fallback available.
RecoveringCommand short-circuited and no fallback available.
RecoveringCommand short-circuited and no fallback available.
RecoveringCommand short-circuited and no fallback available.
RecoveringCommand short-circuited and no fallback available.
RecoveringCommand short-circuited and no fallback available.
RecoveringCommand short-circuited and no fallback available.
RecoveringCommand short-circuited and no fallback available.
RecoveringCommand short-circuited and no fallback available.
RecoveringCommand short-circuited and no fallback available.
RecoveringCommand short-circuited and no fallback available.
RecoveringCommand short-circuited and no fallback available.
RecoveringCommand short-circuited and no fallback available.
RecoveringCommand short-circuited and no fallback available.
RecoveringCommand short-circuited and no fallback available.
RecoveringCommand short-circuited and no fallback available.
RecoveringCommand short-circuited and no fallback available.
RecoveringCommand short-circuited and no fallback available.
RecoveringCommand short-circuited and no fallback available.
RecoveringCommand short-circuited and no fallback available.
RecoveringCommand short-circuited and no fallback available.
RecoveringCommand short-circuited and no fallback available.
RecoveringCommand short-circuited and no fallback available.
RecoveringCommand short-circuited and no fallback available.
RecoveringCommand short-circuited and no fallback available.
RecoveringCommand short-circuited and no fallback available.
RecoveringCommand short-circuited and no fallback available.
RecoveringCommand short-circuited and no fallback available.
RecoveringCommand short-circuited and no fallback available.
RecoveringCommand short-circuited and no fallback available.
RecoveringCommand short-circuited and no fallback available.
RecoveringCommand short-circuited and no fallback available.
RecoveringCommand short-circuited and no fallback available.
RecoveringCommand short-circuited and no fallback available.
RecoveringCommand short-circuited and no fallback available.
RecoveringCommand short-circuited and no fallback available.
RecoveringCommand short-circuited and no fallback available.
RecoveringCommand short-circuited and no fallback available.
RecoveringCommand short-circuited and no fallback available.
RecoveringCommand short-circuited and no fallback available.
RecoveringCommand short-circuited and no fallback available.
RecoveringCommand short-circuited and no fallback available.
RecoveringCommand short-circuited and no fallback available.
RecoveringCommand short-circuited and no fallback available.
RecoveringCommand short-circuited and no fallback available.
RecoveringCommand short-circuited and no fallback available.
RecoveringCommand short-circuited and no fallback available.
RecoveringCommand short-circuited and no fallback available.
RecoveringCommand short-circuited and no fallback available.
RecoveringCommand short-circuited and no fallback available.
RecoveringCommand short-circuited and no fallback available.
RecoveringCommand short-circuited and no fallback available.
RecoveringCommand short-circuited and no fallback available.
RecoveringCommand short-circuited and no fallback available.
RecoveringCommand short-circuited and no fallback available.
RecoveringCommand short-circuited and no fallback available.
RecoveringCommand short-circuited and no fallback available.
RecoveringCommand short-circuited and no fallback available.
RecoveringCommand short-circuited and no fallback available.
RecoveringCommand short-circuited and no fallback available.
RecoveringCommand short-circuited and no fallback available.
RecoveringCommand short-circuited and no fallback available.
RecoveringCommand short-circuited and no fallback available.
RecoveringCommand short-circuited and no fallback available.
RecoveringCommand short-circuited and no fallback available.
RecoveringCommand short-circuited and no fallback available.
RecoveringCommand short-circuited and no fallback available.
RecoveringCommand short-circuited and no fallback available.
RecoveringCommand short-circuited and no fallback available.
RecoveringCommand short-circuited and no fallback available.
RecoveringCommand short-circuited and no fallback available.
RecoveringCommand short-circuited and no fallback available.
RecoveringCommand short-circuited and no fallback available.
RecoveringCommand short-circuited and no fallback available.
RecoveringCommand short-circuited and no fallback available.
RecoveringCommand short-circuited and no fallback available.
RecoveringCommand short-circuited and no fallback available.
RecoveringCommand short-circuited and no fallback available.
RecoveringCommand short-circuited and no fallback available.
RecoveringCommand short-circuited and no fallback available.
RecoveringCommand short-circuited and no fallback available.
RecoveringCommand short-circuited and no fallback available.
RecoveringCommand short-circuited and no fallback available.
RecoveringCommand short-circuited and no fallback available.
RecoveringCommand short-circuited and no fallback available.
RecoveringCommand short-circuited and no fallback available.
RecoveringCommand short-circuited and no fallback available.
RecoveringCommand short-circuited and no fallback available.
RecoveringCommand short-circuited and no fallback available.
RecoveringCommand short-circuited and no fallback available.
RecoveringCommand short-circuited and no fallback available.
RecoveringCommand short-circuited and no fallback available.
RecoveringCommand short-circuited and no fallback available.
RecoveringCommand short-circuited and no fallback available.
RecoveringCommand short-circuited and no fallback available.
RecoveringCommand short-circuited and no fallback available.
RecoveringCommand short-circuited and no fallback available.
RecoveringCommand short-circuited and no fallback available.
RecoveringCommand short-circuited and no fallback available.
RecoveringCommand short-circuited and no fallback available.
RecoveringCommand short-circuited and no fallback available.
RecoveringCommand short-circuited and no fallback available.
RecoveringCommand short-circuited and no fallback available.
RecoveringCommand short-circuited and no fallback available.
RecoveringCommand short-circuited and no fallback available.
RecoveringCommand short-circuited and no fallback available.
RecoveringCommand short-circuited and no fallback available.
RecoveringCommand short-circuited and no fallback available.
RecoveringCommand short-circuited and no fallback available.
RecoveringCommand short-circuited and no fallback available.
RecoveringCommand short-circuited and no fallback available.
RecoveringCommand short-circuited and no fallback available.
RecoveringCommand short-circuited and no fallback available.
RecoveringCommand short-circuited and no fallback available.
RecoveringCommand short-circuited and no fallback available.
RecoveringCommand short-circuited and no fallback available.
RecoveringCommand short-circuited and no fallback available.
RecoveringCommand short-circuited and no fallback available.
RecoveringCommand short-circuited and no fallback available.
RecoveringCommand short-circuited and no fallback available.
RecoveringCommand short-circuited and no fallback available.
RecoveringCommand short-circuited and no fallback available.
RecoveringCommand short-circuited and no fallback available.
RecoveringCommand short-circuited and no fallback available.
RecoveringCommand short-circuited and no fallback available.
RecoveringCommand short-circuited and no fallback available.
RecoveringCommand short-circuited and no fallback available.
RecoveringCommand short-circuited and no fallback available.
RecoveringCommand short-circuited and no fallback available.
RecoveringCommand short-circuited and no fallback available.
RecoveringCommand short-circuited and no fallback available.
RecoveringCommand short-circuited and no fallback available.
RecoveringCommand short-circuited and no fallback available.
RecoveringCommand short-circuited and no fallback available.
RecoveringCommand short-circuited and no fallback available.
RecoveringCommand short-circuited and no fallback available.
RecoveringCommand short-circuited and no fallback available.
RecoveringCommand short-circuited and no fallback available.
RecoveringCommand short-circuited and no fallback available.
RecoveringCommand short-circuited and no fallback available.
RecoveringCommand short-circuited and no fallback available.
RecoveringCommand short-circuited and no fallback available.
RecoveringCommand short-circuited and no fallback available.
RecoveringCommand short-circuited and no fallback available.
RecoveringCommand short-circuited and no fallback available.
RecoveringCommand short-circuited and no fallback available.
RecoveringCommand short-circuited and no fallback available.
RecoveringCommand short-circuited and no fallback available.
RecoveringCommand short-circuited and no fallback available.
RecoveringCommand short-circuited and no fallback available.
RecoveringCommand short-circuited and no fallback available.
RecoveringCommand short-circuited and no fallback available.
RecoveringCommand short-circuited and no fallback available.
RecoveringCommand short-circuited and no fallback available.
RecoveringCommand short-circuited and no fallback available.
RecoveringCommand short-circuited and no fallback available.
RecoveringCommand short-circuited and no fallback available.
RecoveringCommand short-circuited and no fallback available.
RecoveringCommand short-circuited and no fallback available.
RecoveringCommand short-circuited and no fallback available.
RecoveringCommand short-circuited and no fallback available.
RecoveringCommand short-circuited and no fallback available.
RecoveringCommand short-circuited and no fallback available.
RecoveringCommand short-circuited and no fallback available.
RecoveringCommand short-circuited and no fallback available.
RecoveringCommand short-circuited and no fallback available.
RecoveringCommand short-circuited and no fallback available.
RecoveringCommand short-circuited and no fallback available.
RecoveringCommand short-circuited and no fallback available.
RecoveringCommand short-circuited and no fallback available.
RecoveringCommand short-circuited and no fallback available.
RecoveringCommand short-circuited and no fallback available.
RecoveringCommand short-circuited and no fallback available.
RecoveringCommand short-circuited and no fallback available.
RecoveringCommand short-circuited and no fallback available.
RecoveringCommand short-circuited and no fallback available.
RecoveringCommand short-circuited and no fallback available.
RecoveringCommand short-circuited and no fallback available.
RecoveringCommand short-circuited and no fallback available.
RecoveringCommand short-circuited and no fallback available.
RecoveringCommand short-circuited and no fallback available.
RecoveringCommand short-circuited and no fallback available.
RecoveringCommand short-circuited and no fallback available.
RecoveringCommand short-circuited and no fallback available.
RecoveringCommand short-circuited and no fallback available.
RecoveringCommand short-circuited and no fallback available.
RecoveringCommand short-circuited and no fallback available.
RecoveringCommand short-circuited and no fallback available.
RecoveringCommand short-circuited and no fallback available.
RecoveringCommand short-circuited and no fallback available.
RecoveringCommand short-circuited and no fallback available.
RecoveringCommand short-circuited and no fallback available.
RecoveringCommand short-circuited and no fallback available.
RecoveringCommand short-circuited and no fallback available.
RecoveringCommand short-circuited and no fallback available.
RecoveringCommand short-circuited and no fallback available.
RecoveringCommand short-circuited and no fallback available.
RecoveringCommand short-circuited and no fallback available.
RecoveringCommand short-circuited and no fallback available.
RecoveringCommand short-circuited and no fallback available.
RecoveringCommand short-circuited and no fallback available.
RecoveringCommand short-circuited and no fallback available.
RecoveringCommand short-circuited and no fallback available.
RecoveringCommand short-circuited and no fallback available.
RecoveringCommand short-circuited and no fallback available.
RecoveringCommand short-circuited and no fallback available.
RecoveringCommand short-circuited and no fallback available.
RecoveringCommand short-circuited and no fallback available.
RecoveringCommand short-circuited and no fallback available.
RecoveringCommand short-circuited and no fallback available.
RecoveringCommand short-circuited and no fallback available.
RecoveringCommand short-circuited and no fallback available.
RecoveringCommand short-circuited and no fallback available.
RecoveringCommand short-circuited and no fallback available.
RecoveringCommand short-circuited and no fallback available.
RecoveringCommand short-circuited and no fallback available.
RecoveringCommand short-circuited and no fallback available.
RecoveringCommand short-circuited and no fallback available.
RecoveringCommand short-circuited and no fallback available.
RecoveringCommand short-circuited and no fallback available.
RecoveringCommand short-circuited and no fallback available.
RecoveringCommand short-circuited and no fallback available.
RecoveringCommand short-circuited and no fallback available.
RecoveringCommand short-circuited and no fallback available.
RecoveringCommand short-circuited and no fallback available.
RecoveringCommand short-circuited and no fallback available.
RecoveringCommand short-circuited and no fallback available.
RecoveringCommand short-circuited and no fallback available.
RecoveringCommand short-circuited and no fallback available.
RecoveringCommand short-circuited and no fallback available.
RecoveringCommand short-circuited and no fallback available.
RecoveringCommand short-circuited and no fallback available.
RecoveringCommand short-circuited and no fallback available.
RecoveringCommand short-circuited and no fallback available.
RecoveringCommand short-circuited and no fallback available.
RecoveringCommand short-circuited and no fallback available.
RecoveringCommand short-circuited and no fallback available.
RecoveringCommand short-circuited and no fallback available.
RecoveringCommand short-circuited and no fallback available.
RecoveringCommand short-circuited and no fallback available.
RecoveringCommand short-circuited and no fallback available.
RecoveringCommand short-circuited and no fallback available.
RecoveringCommand short-circuited and no fallback available.
RecoveringCommand short-circuited and no fallback available.
RecoveringCommand short-circuited and no fallback available.
RecoveringCommand short-circuited and no fallback available.
RecoveringCommand short-circuited and no fallback available.
RecoveringCommand short-circuited and no fallback available.
RecoveringCommand short-circuited and no fallback available.
RecoveringCommand short-circuited and no fallback available.
RecoveringCommand short-circuited and no fallback available.
RecoveringCommand short-circuited and no fallback available.
RecoveringCommand short-circuited and no fallback available.
RecoveringCommand short-circuited and no fallback available.
RecoveringCommand short-circuited and no fallback available.
RecoveringCommand short-circuited and no fallback available.
RecoveringCommand short-circuited and no fallback available.
RecoveringCommand short-circuited and no fallback available.
RecoveringCommand short-circuited and no fallback available.
RecoveringCommand short-circuited and no fallback available.
RecoveringCommand short-circuited and no fallback available.
RecoveringCommand short-circuited and no fallback available.
RecoveringCommand short-circuited and no fallback available.
RecoveringCommand short-circuited and no fallback available.
RecoveringCommand short-circuited and no fallback available.
RecoveringCommand short-circuited and no fallback available.
RecoveringCommand short-circuited and no fallback available.
RecoveringCommand short-circuited and no fallback available.
RecoveringCommand short-circuited and no fallback available.
RecoveringCommand short-circuited and no fallback available.
RecoveringCommand short-circuited and no fallback available.
RecoveringCommand short-circuited and no fallback available.
RecoveringCommand short-circuited and no fallback available.
RecoveringCommand short-circuited and no fallback available.
RecoveringCommand short-circuited and no fallback available.
RecoveringCommand short-circuited and no fallback available.
RecoveringCommand short-circuited and no fallback available.
RecoveringCommand short-circuited and no fallback available.
RecoveringCommand short-circuited and no fallback available.
RecoveringCommand short-circuited and no fallback available.
RecoveringCommand short-circuited and no fallback available.
RecoveringCommand short-circuited and no fallback available.
RecoveringCommand short-circuited and no fallback available.
RecoveringCommand short-circuited and no fallback available.
RecoveringCommand short-circuited and no fallback available.
RecoveringCommand short-circuited and no fallback available.
RecoveringCommand short-circuited and no fallback available.
RecoveringCommand short-circuited and no fallback available.
RecoveringCommand short-circuited and no fallback available.
RecoveringCommand short-circuited and no fallback available.
RecoveringCommand short-circuited and no fallback available.
RecoveringCommand short-circuited and no fallback available.
RecoveringCommand short-circuited and no fallback available.
RecoveringCommand short-circuited and no fallback available.
RecoveringCommand short-circuited and no fallback available.
RecoveringCommand short-circuited and no fallback available.
RecoveringCommand short-circuited and no fallback available.
RecoveringCommand short-circuited and no fallback available.
RecoveringCommand short-circuited and no fallback available.
RecoveringCommand short-circuited and no fallback available.
RecoveringCommand short-circuited and no fallback available.
RecoveringCommand short-circuited and no fallback available.
RecoveringCommand short-circuited and no fallback available.
RecoveringCommand short-circuited and no fallback available.
RecoveringCommand short-circuited and no fallback available.
RecoveringCommand short-circuited and no fallback available.
RecoveringCommand short-circuited and no fallback available.
RecoveringCommand short-circuited and no fallback available.
RecoveringCommand short-circuited and no fallback available.
RecoveringCommand short-circuited and no fallback available.
RecoveringCommand short-circuited and no fallback available.
RecoveringCommand short-circuited and no fallback available.
RecoveringCommand short-circuited and no fallback available.
RecoveringCommand short-circuited and no fallback available.
RecoveringCommand short-circuited and no fallback available.
RecoveringCommand short-circuited and no fallback available.
RecoveringCommand short-circuited and no fallback available.
RecoveringCommand short-circuited and no fallback available.
RecoveringCommand short-circuited and no fallback available.
RecoveringCommand short-circuited and no fallback available.
RecoveringCommand short-circuited and no fallback available.
RecoveringCommand short-circuited and no fallback available.
RecoveringCommand short-circuited and no fallback available.
RecoveringCommand short-circuited and no fallback available.
RecoveringCommand short-circuited and no fallback available.
RecoveringCommand short-circuited and no fallback available.
RecoveringCommand short-circuited and no fallback available.
RecoveringCommand short-circuited and no fallback available.
RecoveringCommand short-circuited and no fallback available.
RecoveringCommand short-circuited and no fallback available.
RecoveringCommand short-circuited and no fallback available.
RecoveringCommand short-circuited and no fallback available.
RecoveringCommand short-circuited and no fallback available.
RecoveringCommand short-circuited and no fallback available.
RecoveringCommand short-circuited and no fallback available.
RecoveringCommand short-circuited and no fallback available.
RecoveringCommand short-circuited and no fallback available.
RecoveringCommand short-circuited and no fallback available.
RecoveringCommand short-circuited and no fallback available.
RecoveringCommand short-circuited and no fallback available.
RecoveringCommand short-circuited and no fallback available.
RecoveringCommand short-circuited and no fallback available.
RecoveringCommand short-circuited and no fallback available.
RecoveringCommand short-circuited and no fallback available.
RecoveringCommand short-circuited and no fallback available.
RecoveringCommand short-circuited and no fallback available.
RecoveringCommand short-circuited and no fallback available.
RecoveringCommand short-circuited and no fallback available.
RecoveringCommand short-circuited and no fallback available.
RecoveringCommand short-circuited and no fallback available.
RecoveringCommand short-circuited and no fallback available.
RecoveringCommand short-circuited and no fallback available.
RecoveringCommand short-circuited and no fallback available.
RecoveringCommand short-circuited and no fallback available.
RecoveringCommand short-circuited and no fallback available.
RecoveringCommand short-circuited and no fallback available.
RecoveringCommand short-circuited and no fallback available.
RecoveringCommand short-circuited and no fallback available.
RecoveringCommand short-circuited and no fallback available.
RecoveringCommand short-circuited and no fallback available.
RecoveringCommand short-circuited and no fallback available.
RecoveringCommand short-circuited and no fallback available.
RecoveringCommand short-circuited and no fallback available.
RecoveringCommand short-circuited and no fallback available.
RecoveringCommand short-circuited and no fallback available.
RecoveringCommand short-circuited and no fallback available.
RecoveringCommand short-circuited and no fallback available.
RecoveringCommand short-circuited and no fallback available.
RecoveringCommand short-circuited and no fallback available.
RecoveringCommand short-circuited and no fallback available.
RecoveringCommand short-circuited and no fallback available.
RecoveringCommand short-circuited and no fallback available.
RecoveringCommand short-circuited and no fallback available.
RecoveringCommand short-circuited and no fallback available.
RecoveringCommand short-circuited and no fallback available.
RecoveringCommand short-circuited and no fallback available.
RecoveringCommand short-circuited and no fallback available.
RecoveringCommand short-circuited and no fallback available.
RecoveringCommand short-circuited and no fallback available.
RecoveringCommand short-circuited and no fallback available.
RecoveringCommand short-circuited and no fallback available.
RecoveringCommand short-circuited and no fallback available.
RecoveringCommand short-circuited and no fallback available.
RecoveringCommand short-circuited and no fallback available.
RecoveringCommand short-circuited and no fallback available.
RecoveringCommand short-circuited and no fallback available.
RecoveringCommand short-circuited and no fallback available.
RecoveringCommand short-circuited and no fallback available.
RecoveringCommand short-circuited and no fallback available.
RecoveringCommand short-circuited and no fallback available.
RecoveringCommand short-circuited and no fallback available.
RecoveringCommand short-circuited and no fallback available.
RecoveringCommand short-circuited and no fallback available.
RecoveringCommand short-circuited and no fallback available.
RecoveringCommand short-circuited and no fallback available.
RecoveringCommand short-circuited and no fallback available.
RecoveringCommand short-circuited and no fallback available.
RecoveringCommand short-circuited and no fallback available.
RecoveringCommand short-circuited and no fallback available.
RecoveringCommand short-circuited and no fallback available.
RecoveringCommand short-circuited and no fallback available.
RecoveringCommand short-circuited and no fallback available.
RecoveringCommand short-circuited and no fallback available.
RecoveringCommand short-circuited and no fallback available.
RecoveringCommand short-circuited and no fallback available.
RecoveringCommand short-circuited and no fallback available.
RecoveringCommand short-circuited and no fallback available.
RecoveringCommand short-circuited and no fallback available.
RecoveringCommand short-circuited and no fallback available.
RecoveringCommand short-circuited and no fallback available.
RecoveringCommand short-circuited and no fallback available.
RecoveringCommand short-circuited and no fallback available.
RecoveringCommand short-circuited and no fallback available.
RecoveringCommand short-circuited and no fallback available.
RecoveringCommand short-circuited and no fallback available.
RecoveringCommand short-circuited and no fallback available.
RecoveringCommand short-circuited and no fallback available.
RecoveringCommand short-circuited and no fallback available.
RecoveringCommand short-circuited and no fallback available.
RecoveringCommand short-circuited and no fallback available.
RecoveringCommand short-circuited and no fallback available.
RecoveringCommand short-circuited and no fallback available.
RecoveringCommand short-circuited and no fallback available.
RecoveringCommand short-circuited and no fallback available.
RecoveringCommand short-circuited and no fallback available.
RecoveringCommand short-circuited and no fallback available.
RecoveringCommand short-circuited and no fallback available.
RecoveringCommand short-circuited and no fallback available.
RecoveringCommand short-circuited and no fallback available.
RecoveringCommand short-circuited and no fallback available.
RecoveringCommand short-circuited and no fallback available.
RecoveringCommand short-circuited and no fallback available.
RecoveringCommand short-circuited and no fallback available.
RecoveringCommand short-circuited and no fallback available.
RecoveringCommand short-circuited and no fallback available.
RecoveringCommand short-circuited and no fallback available.
RecoveringCommand short-circuited and no fallback available.
RecoveringCommand short-circuited and no fallback available.
RecoveringCommand short-circuited and no fallback available.
RecoveringCommand short-circuited and no fallback available.
RecoveringCommand short-circuited and no fallback available.
RecoveringCommand short-circuited and no fallback available.
RecoveringCommand short-circuited and no fallback available.
RecoveringCommand short-circuited and no fallback available.
RecoveringCommand short-circuited and no fallback available.
RecoveringCommand short-circuited and no fallback available.
RecoveringCommand short-circuited and no fallback available.
RecoveringCommand short-circuited and no fallback available.
RecoveringCommand short-circuited and no fallback available.
RecoveringCommand short-circuited and no fallback available.
RecoveringCommand short-circuited and no fallback available.
RecoveringCommand short-circuited and no fallback available.
RecoveringCommand short-circuited and no fallback available.
RecoveringCommand short-circuited and no fallback available.
RecoveringCommand short-circuited and no fallback available.
RecoveringCommand short-circuited and no fallback available.
RecoveringCommand short-circuited and no fallback available.
RecoveringCommand short-circuited and no fallback available.
RecoveringCommand short-circuited and no fallback available.
RecoveringCommand short-circuited and no fallback available.
RecoveringCommand short-circuited and no fallback available.
RecoveringCommand short-circuited and no fallback available.
RecoveringCommand short-circuited and no fallback available.
RecoveringCommand short-circuited and no fallback available.
RecoveringCommand short-circuited and no fallback available.
RecoveringCommand short-circuited and no fallback available.
RecoveringCommand short-circuited and no fallback available.
RecoveringCommand short-circuited and no fallback available.
RecoveringCommand short-circuited and no fallback available.
RecoveringCommand short-circuited and no fallback available.
RecoveringCommand short-circuited and no fallback available.
RecoveringCommand short-circuited and no fallback available.
RecoveringCommand short-circuited and no fallback available.
RecoveringCommand short-circuited and no fallback available.
RecoveringCommand short-circuited and no fallback available.
RecoveringCommand short-circuited and no fallback available.
RecoveringCommand short-circuited and no fallback available.
RecoveringCommand short-circuited and no fallback available.
RecoveringCommand short-circuited and no fallback available.
RecoveringCommand short-circuited and no fallback available.
RecoveringCommand short-circuited and no fallback available.
RecoveringCommand short-circuited and no fallback available.
RecoveringCommand short-circuited and no fallback available.
RecoveringCommand short-circuited and no fallback available.
RecoveringCommand short-circuited and no fallback available.
RecoveringCommand short-circuited and no fallback available.
RecoveringCommand short-circuited and no fallback available.
RecoveringCommand short-circuited and no fallback available.
RecoveringCommand short-circuited and no fallback available.
RecoveringCommand short-circuited and no fallback available.
RecoveringCommand short-circuited and no fallback available.
RecoveringCommand short-circuited and no fallback available.
RecoveringCommand short-circuited and no fallback available.
RecoveringCommand short-circuited and no fallback available.
RecoveringCommand short-circuited and no fallback available.
RecoveringCommand short-circuited and no fallback available.
RecoveringCommand short-circuited and no fallback available.
RecoveringCommand short-circuited and no fallback available.
RecoveringCommand short-circuited and no fallback available.
RecoveringCommand short-circuited and no fallback available.
RecoveringCommand short-circuited and no fallback available.
RecoveringCommand short-circuited and no fallback available.
RecoveringCommand short-circuited and no fallback available.
RecoveringCommand short-circuited and no fallback available.
RecoveringCommand short-circuited and no fallback available.
RecoveringCommand short-circuited and no fallback available.
RecoveringCommand short-circuited and no fallback available.
RecoveringCommand short-circuited and no fallback available.
RecoveringCommand short-circuited and no fallback available.
RecoveringCommand short-circuited and no fallback available.
RecoveringCommand short-circuited and no fallback available.
RecoveringCommand short-circuited and no fallback available.
RecoveringCommand short-circuited and no fallback available.
RecoveringCommand short-circuited and no fallback available.
RecoveringCommand short-circuited and no fallback available.
RecoveringCommand short-circuited and no fallback available.
RecoveringCommand short-circuited and no fallback available.
RecoveringCommand short-circuited and no fallback available.
RecoveringCommand short-circuited and no fallback available.
RecoveringCommand short-circuited and no fallback available.
RecoveringCommand short-circuited and no fallback available.
RecoveringCommand short-circuited and no fallback available.
RecoveringCommand short-circuited and no fallback available.
RecoveringCommand short-circuited and no fallback available.
RecoveringCommand short-circuited and no fallback available.
RecoveringCommand short-circuited and no fallback available.
RecoveringCommand short-circuited and no fallback available.
RecoveringCommand short-circuited and no fallback available.
RecoveringCommand short-circuited and no fallback available.
RecoveringCommand short-circuited and no fallback available.
RecoveringCommand short-circuited and no fallback available.
RecoveringCommand short-circuited and no fallback available.
RecoveringCommand short-circuited and no fallback available.
RecoveringCommand short-circuited and no fallback available.
RecoveringCommand short-circuited and no fallback available.
RecoveringCommand short-circuited and no fallback available.
RecoveringCommand short-circuited and no fallback available.
RecoveringCommand short-circuited and no fallback available.
RecoveringCommand short-circuited and no fallback available.
RecoveringCommand short-circuited and no fallback available.
RecoveringCommand short-circuited and no fallback available.
RecoveringCommand short-circuited and no fallback available.
RecoveringCommand short-circuited and no fallback available.
RecoveringCommand short-circuited and no fallback available.
RecoveringCommand short-circuited and no fallback available.
RecoveringCommand short-circuited and no fallback available.
RecoveringCommand short-circuited and no fallback available.
RecoveringCommand short-circuited and no fallback available.
RecoveringCommand short-circuited and no fallback available.
RecoveringCommand short-circuited and no fallback available.
RecoveringCommand short-circuited and no fallback available.
RecoveringCommand short-circuited and no fallback available.
RecoveringCommand short-circuited and no fallback available.
RecoveringCommand short-circuited and no fallback available.
RecoveringCommand short-circuited and no fallback available.
RecoveringCommand short-circuited and no fallback available.
RecoveringCommand short-circuited and no fallback available.
RecoveringCommand short-circuited and no fallback available.
RecoveringCommand short-circuited and no fallback available.
RecoveringCommand short-circuited and no fallback available.
RecoveringCommand short-circuited and no fallback available.
RecoveringCommand short-circuited and no fallback available.
RecoveringCommand short-circuited and no fallback available.
RecoveringCommand short-circuited and no fallback available.
RecoveringCommand short-circuited and no fallback available.
RecoveringCommand short-circuited and no fallback available.
RecoveringCommand short-circuited and no fallback available.
RecoveringCommand short-circuited and no fallback available.
RecoveringCommand short-circuited and no fallback available.
RecoveringCommand short-circuited and no fallback available.
RecoveringCommand short-circuited and no fallback available.
RecoveringCommand short-circuited and no fallback available.
RecoveringCommand short-circuited and no fallback available.
RecoveringCommand short-circuited and no fallback available.
RecoveringCommand short-circuited and no fallback available.
RecoveringCommand short-circuited and no fallback available.
RecoveringCommand short-circuited and no fallback available.
RecoveringCommand short-circuited and no fallback available.
RecoveringCommand short-circuited and no fallback available.
RecoveringCommand short-circuited and no fallback available.
RecoveringCommand short-circuited and no fallback available.
RecoveringCommand short-circuited and no fallback available.
RecoveringCommand short-circuited and no fallback available.
RecoveringCommand short-circuited and no fallback available.
RecoveringCommand short-circuited and no fallback available.
RecoveringCommand short-circuited and no fallback available.
RecoveringCommand short-circuited and no fallback available.
RecoveringCommand short-circuited and no fallback available.
RecoveringCommand short-circuited and no fallback available.
RecoveringCommand short-circuited and no fallback available.
RecoveringCommand short-circuited and no fallback available.
RecoveringCommand short-circuited and no fallback available.
RecoveringCommand short-circuited and no fallback available.
RecoveringCommand short-circuited and no fallback available.
RecoveringCommand short-circuited and no fallback available.
RecoveringCommand short-circuited and no fallback available.
RecoveringCommand short-circuited and no fallback available.
RecoveringCommand short-circuited and no fallback available.
RecoveringCommand short-circuited and no fallback available.
RecoveringCommand short-circuited and no fallback available.
RecoveringCommand short-circuited and no fallback available.
RecoveringCommand short-circuited and no fallback available.
RecoveringCommand short-circuited and no fallback available.
RecoveringCommand short-circuited and no fallback available.
RecoveringCommand short-circuited and no fallback available.
RecoveringCommand short-circuited and no fallback available.
RecoveringCommand short-circuited and no fallback available.
RecoveringCommand short-circuited and no fallback available.
RecoveringCommand short-circuited and no fallback available.
RecoveringCommand short-circuited and no fallback available.
RecoveringCommand short-circuited and no fallback available.
RecoveringCommand short-circuited and no fallback available.
RecoveringCommand short-circuited and no fallback available.
RecoveringCommand short-circuited and no fallback available.
RecoveringCommand short-circuited and no fallback available.
RecoveringCommand short-circuited and no fallback available.
RecoveringCommand short-circuited and no fallback available.
RecoveringCommand short-circuited and no fallback available.
RecoveringCommand short-circuited and no fallback available.
RecoveringCommand short-circuited and no fallback available.
RecoveringCommand short-circuited and no fallback available.
RecoveringCommand short-circuited and no fallback available.
RecoveringCommand short-circuited and no fallback available.
RecoveringCommand short-circuited and no fallback available.
RecoveringCommand short-circuited and no fallback available.
RecoveringCommand short-circuited and no fallback available.
RecoveringCommand short-circuited and no fallback available.
RecoveringCommand short-circuited and no fallback available.
RecoveringCommand short-circuited and no fallback available.
RecoveringCommand short-circuited and no fallback available.
RecoveringCommand short-circuited and no fallback available.
RecoveringCommand short-circuited and no fallback available.
RecoveringCommand short-circuited and no fallback available.
RecoveringCommand short-circuited and no fallback available.
RecoveringCommand short-circuited and no fallback available.
RecoveringCommand short-circuited and no fallback available.
RecoveringCommand short-circuited and no fallback available.
RecoveringCommand short-circuited and no fallback available.
RecoveringCommand short-circuited and no fallback available.
RecoveringCommand short-circuited and no fallback available.
RecoveringCommand short-circuited and no fallback available.
RecoveringCommand short-circuited and no fallback available.
RecoveringCommand short-circuited and no fallback available.
RecoveringCommand short-circuited and no fallback available.
RecoveringCommand short-circuited and no fallback available.
RecoveringCommand short-circuited and no fallback available.
RecoveringCommand short-circuited and no fallback available.
RecoveringCommand short-circuited and no fallback available.
RecoveringCommand short-circuited and no fallback available.
RecoveringCommand short-circuited and no fallback available.
RecoveringCommand short-circuited and no fallback available.
RecoveringCommand short-circuited and no fallback available.
RecoveringCommand short-circuited and no fallback available.
RecoveringCommand short-circuited and no fallback available.
RecoveringCommand short-circuited and no fallback available.
RecoveringCommand short-circuited and no fallback available.
RecoveringCommand short-circuited and no fallback available.
RecoveringCommand short-circuited and no fallback available.
RecoveringCommand short-circuited and no fallback available.
RecoveringCommand short-circuited and no fallback available.
RecoveringCommand short-circuited and no fallback available.
RecoveringCommand short-circuited and no fallback available.
RecoveringCommand short-circuited and no fallback available.
RecoveringCommand short-circuited and no fallback available.
RecoveringCommand short-circuited and no fallback available.
RecoveringCommand short-circuited and no fallback available.
RecoveringCommand short-circuited and no fallback available.
RecoveringCommand short-circuited and no fallback available.
RecoveringCommand short-circuited and no fallback available.
RecoveringCommand short-circuited and no fallback available.
RecoveringCommand short-circuited and no fallback available.
RecoveringCommand short-circuited and no fallback available.
RecoveringCommand short-circuited and no fallback available.
RecoveringCommand short-circuited and no fallback available.
RecoveringCommand short-circuited and no fallback available.
RecoveringCommand short-circuited and no fallback available.
RecoveringCommand short-circuited and no fallback available.
RecoveringCommand short-circuited and no fallback available.
RecoveringCommand short-circuited and no fallback available.
RecoveringCommand short-circuited and no fallback available.
RecoveringCommand short-circuited and no fallback available.
RecoveringCommand short-circuited and no fallback available.
RecoveringCommand short-circuited and no fallback available.
RecoveringCommand short-circuited and no fallback available.
RecoveringCommand short-circuited and no fallback available.
RecoveringCommand short-circuited and no fallback available.
RecoveringCommand short-circuited and no fallback available.
RecoveringCommand short-circuited and no fallback available.
RecoveringCommand short-circuited and no fallback available.
RecoveringCommand short-circuited and no fallback available.
RecoveringCommand short-circuited and no fallback available.
RecoveringCommand short-circuited and no fallback available.
RecoveringCommand short-circuited and no fallback available.
RecoveringCommand short-circuited and no fallback available.
RecoveringCommand short-circuited and no fallback available.
RecoveringCommand short-circuited and no fallback available.
RecoveringCommand short-circuited and no fallback available.
RecoveringCommand short-circuited and no fallback available.
RecoveringCommand short-circuited and no fallback available.
RecoveringCommand short-circuited and no fallback available.
RecoveringCommand short-circuited and no fallback available.
RecoveringCommand short-circuited and no fallback available.
RecoveringCommand short-circuited and no fallback available.
RecoveringCommand short-circuited and no fallback available.
RecoveringCommand short-circuited and no fallback available.
RecoveringCommand short-circuited and no fallback available.
RecoveringCommand short-circuited and no fallback available.
RecoveringCommand short-circuited and no fallback available.
RecoveringCommand short-circuited and no fallback available.
RecoveringCommand short-circuited and no fallback available.
RecoveringCommand short-circuited and no fallback available.
RecoveringCommand short-circuited and no fallback available.
RecoveringCommand short-circuited and no fallback available.
RecoveringCommand short-circuited and no fallback available.
RecoveringCommand short-circuited and no fallback available.
RecoveringCommand short-circuited and no fallback available.
RecoveringCommand short-circuited and no fallback available.
RecoveringCommand short-circuited and no fallback available.
RecoveringCommand short-circuited and no fallback available.
RecoveringCommand short-circuited and no fallback available.
RecoveringCommand short-circuited and no fallback available.
RecoveringCommand short-circuited and no fallback available.
RecoveringCommand short-circuited and no fallback available.
RecoveringCommand short-circuited and no fallback available.
RecoveringCommand short-circuited and no fallback available.
RecoveringCommand short-circuited and no fallback available.
RecoveringCommand short-circuited and no fallback available.
RecoveringCommand short-circuited and no fallback available.
RecoveringCommand short-circuited and no fallback available.
RecoveringCommand short-circuited and no fallback available.
RecoveringCommand short-circuited and no fallback available.
RecoveringCommand short-circuited and no fallback available.
RecoveringCommand short-circuited and no fallback available.
RecoveringCommand short-circuited and no fallback available.
RecoveringCommand short-circuited and no fallback available.
RecoveringCommand short-circuited and no fallback available.
RecoveringCommand short-circuited and no fallback available.
RecoveringCommand short-circuited and no fallback available.
RecoveringCommand short-circuited and no fallback available.
RecoveringCommand short-circuited and no fallback available.
RecoveringCommand short-circuited and no fallback available.
RecoveringCommand short-circuited and no fallback available.
RecoveringCommand short-circuited and no fallback available.
RecoveringCommand short-circuited and no fallback available.
RecoveringCommand short-circuited and no fallback available.
RecoveringCommand short-circuited and no fallback available.
RecoveringCommand short-circuited and no fallback available.
RecoveringCommand short-circuited and no fallback available.
RecoveringCommand short-circuited and no fallback available.
RecoveringCommand short-circuited and no fallback available.
RecoveringCommand short-circuited and no fallback available.
RecoveringCommand short-circuited and no fallback available.
RecoveringCommand short-circuited and no fallback available.
RecoveringCommand short-circuited and no fallback available.
RecoveringCommand short-circuited and no fallback available.
RecoveringCommand short-circuited and no fallback available.
RecoveringCommand short-circuited and no fallback available.
RecoveringCommand short-circuited and no fallback available.
RecoveringCommand short-circuited and no fallback available.
RecoveringCommand short-circuited and no fallback available.
RecoveringCommand short-circuited and no fallback available.
RecoveringCommand short-circuited and no fallback available.
RecoveringCommand short-circuited and no fallback available.
RecoveringCommand short-circuited and no fallback available.
RecoveringCommand short-circuited and no fallback available.
RecoveringCommand short-circuited and no fallback available.
RecoveringCommand short-circuited and no fallback available.
RecoveringCommand short-circuited and no fallback available.
RecoveringCommand short-circuited and no fallback available.
RecoveringCommand short-circuited and no fallback available.
RecoveringCommand short-circuited and no fallback available.
RecoveringCommand short-circuited and no fallback available.
RecoveringCommand short-circuited and no fallback available.
RecoveringCommand short-circuited and no fallback available.
RecoveringCommand short-circuited and no fallback available.
RecoveringCommand short-circuited and no fallback available.
RecoveringCommand short-circuited and no fallback available.
RecoveringCommand short-circuited and no fallback available.
RecoveringCommand short-circuited and no fallback available.
RecoveringCommand short-circuited and no fallback available.
RecoveringCommand short-circuited and no fallback available.
RecoveringCommand short-circuited and no fallback available.
RecoveringCommand short-circuited and no fallback available.
RecoveringCommand short-circuited and no fallback available.
RecoveringCommand short-circuited and no fallback available.
RecoveringCommand short-circuited and no fallback available.
RecoveringCommand short-circuited and no fallback available.
RecoveringCommand short-circuited and no fallback available.
RecoveringCommand short-circuited and no fallback available.
RecoveringCommand short-circuited and no fallback available.
RecoveringCommand short-circuited and no fallback available.
RecoveringCommand short-circuited and no fallback available.
RecoveringCommand short-circuited and no fallback available.
RecoveringCommand short-circuited and no fallback available.
RecoveringCommand short-circuited and no fallback available.
RecoveringCommand short-circuited and no fallback available.
RecoveringCommand short-circuited and no fallback available.
RecoveringCommand short-circuited and no fallback available.
RecoveringCommand short-circuited and no fallback available.
RecoveringCommand short-circuited and no fallback available.
RecoveringCommand short-circuited and no fallback available.
RecoveringCommand short-circuited and no fallback available.
RecoveringCommand short-circuited and no fallback available.
RecoveringCommand short-circuited and no fallback available.
RecoveringCommand short-circuited and no fallback available.
RecoveringCommand short-circuited and no fallback available.
RecoveringCommand short-circuited and no fallback available.
RecoveringCommand short-circuited and no fallback available.
RecoveringCommand short-circuited and no fallback available.
RecoveringCommand short-circuited and no fallback available.
RecoveringCommand short-circuited and no fallback available.
RecoveringCommand short-circuited and no fallback available.
RecoveringCommand short-circuited and no fallback available.
RecoveringCommand short-circuited and no fallback available.
RecoveringCommand short-circuited and no fallback available.
RecoveringCommand short-circuited and no fallback available.
RecoveringCommand short-circuited and no fallback available.
RecoveringCommand short-circuited and no fallback available.
RecoveringCommand short-circuited and no fallback available.
RecoveringCommand short-circuited and no fallback available.
RecoveringCommand short-circuited and no fallback available.
RecoveringCommand short-circuited and no fallback available.
RecoveringCommand short-circuited and no fallback available.
RecoveringCommand short-circuited and no fallback available.
RecoveringCommand short-circuited and no fallback available.
RecoveringCommand short-circuited and no fallback available.
RecoveringCommand short-circuited and no fallback available.
RecoveringCommand short-circuited and no fallback available.
RecoveringCommand short-circuited and no fallback available.
RecoveringCommand short-circuited and no fallback available.
RecoveringCommand short-circuited and no fallback available.
RecoveringCommand short-circuited and no fallback available.
RecoveringCommand short-circuited and no fallback available.
RecoveringCommand short-circuited and no fallback available.
RecoveringCommand short-circuited and no fallback available.
RecoveringCommand short-circuited and no fallback available.
RecoveringCommand short-circuited and no fallback available.
RecoveringCommand short-circuited and no fallback available.
RecoveringCommand short-circuited and no fallback available.
RecoveringCommand short-circuited and no fallback available.
RecoveringCommand short-circuited and no fallback available.
RecoveringCommand short-circuited and no fallback available.
RecoveringCommand short-circuited and no fallback available.
RecoveringCommand short-circuited and no fallback available.
RecoveringCommand short-circuited and no fallback available.
RecoveringCommand short-circuited and no fallback available.
RecoveringCommand short-circuited and no fallback available.
RecoveringCommand short-circuited and no fallback available.
RecoveringCommand short-circuited and no fallback available.
RecoveringCommand short-circuited and no fallback available.
RecoveringCommand short-circuited and no fallback available.
RecoveringCommand short-circuited and no fallback available.
RecoveringCommand short-circuited and no fallback available.
RecoveringCommand short-circuited and no fallback available.
RecoveringCommand short-circuited and no fallback available.
RecoveringCommand short-circuited and no fallback available.
RecoveringCommand short-circuited and no fallback available.
RecoveringCommand short-circuited and no fallback available.
RecoveringCommand short-circuited and no fallback available.
RecoveringCommand short-circuited and no fallback available.
RecoveringCommand short-circuited and no fallback available.
RecoveringCommand short-circuited and no fallback available.
RecoveringCommand short-circuited and no fallback available.
RecoveringCommand short-circuited and no fallback available.
RecoveringCommand short-circuited and no fallback available.
RecoveringCommand short-circuited and no fallback available.
RecoveringCommand short-circuited and no fallback available.
RecoveringCommand short-circuited and no fallback available.
RecoveringCommand short-circuited and no fallback available.
RecoveringCommand short-circuited and no fallback available.
RecoveringCommand short-circuited and no fallback available.
RecoveringCommand short-circuited and no fallback available.
RecoveringCommand short-circuited and no fallback available.
RecoveringCommand short-circuited and no fallback available.
RecoveringCommand short-circuited and no fallback available.
RecoveringCommand short-circuited and no fallback available.
RecoveringCommand short-circuited and no fallback available.
RecoveringCommand short-circuited and no fallback available.
RecoveringCommand short-circuited and no fallback available.
RecoveringCommand short-circuited and no fallback available.
RecoveringCommand short-circuited and no fallback available.
RecoveringCommand short-circuited and no fallback available.
RecoveringCommand short-circuited and no fallback available.
RecoveringCommand short-circuited and no fallback available.
RecoveringCommand short-circuited and no fallback available.
RecoveringCommand short-circuited and no fallback available.
RecoveringCommand short-circuited and no fallback available.
RecoveringCommand short-circuited and no fallback available.
RecoveringCommand short-circuited and no fallback available.
RecoveringCommand short-circuited and no fallback available.
RecoveringCommand short-circuited and no fallback available.
RecoveringCommand short-circuited and no fallback available.
RecoveringCommand short-circuited and no fallback available.
RecoveringCommand short-circuited and no fallback available.
RecoveringCommand short-circuited and no fallback available.
RecoveringCommand short-circuited and no fallback available.
RecoveringCommand short-circuited and no fallback available.
RecoveringCommand short-circuited and no fallback available.
RecoveringCommand short-circuited and no fallback available.
RecoveringCommand short-circuited and no fallback available.
RecoveringCommand short-circuited and no fallback available.
RecoveringCommand short-circuited and no fallback available.
RecoveringCommand short-circuited and no fallback available.
RecoveringCommand short-circuited and no fallback available.
RecoveringCommand short-circuited and no fallback available.
RecoveringCommand short-circuited and no fallback available.
RecoveringCommand short-circuited and no fallback available.
RecoveringCommand short-circuited and no fallback available.
RecoveringCommand short-circuited and no fallback available.
RecoveringCommand short-circuited and no fallback available.
RecoveringCommand short-circuited and no fallback available.
RecoveringCommand short-circuited and no fallback available.
RecoveringCommand short-circuited and no fallback available.
RecoveringCommand short-circuited and no fallback available.
RecoveringCommand short-circuited and no fallback available.
RecoveringCommand short-circuited and no fallback available.
RecoveringCommand short-circuited and no fallback available.
RecoveringCommand short-circuited and no fallback available.
RecoveringCommand short-circuited and no fallback available.
RecoveringCommand short-circuited and no fallback available.
RecoveringCommand short-circuited and no fallback available.
RecoveringCommand short-circuited and no fallback available.
RecoveringCommand short-circuited and no fallback available.
RecoveringCommand short-circuited and no fallback available.
RecoveringCommand short-circuited and no fallback available.
RecoveringCommand short-circuited and no fallback available.
RecoveringCommand short-circuited and no fallback available.
RecoveringCommand short-circuited and no fallback available.
RecoveringCommand short-circuited and no fallback available.
RecoveringCommand short-circuited and no fallback available.
RecoveringCommand short-circuited and no fallback available.
RecoveringCommand short-circuited and no fallback available.
RecoveringCommand short-circuited and no fallback available.
RecoveringCommand short-circuited and no fallback available.
RecoveringCommand short-circuited and no fallback available.
RecoveringCommand short-circuited and no fallback available.
RecoveringCommand short-circuited and no fallback available.
RecoveringCommand short-circuited and no fallback available.
RecoveringCommand short-circuited and no fallback available.
RecoveringCommand short-circuited and no fallback available.
RecoveringCommand short-circuited and no fallback available.
RecoveringCommand short-circuited and no fallback available.
RecoveringCommand short-circuited and no fallback available.
RecoveringCommand short-circuited and no fallback available.
RecoveringCommand short-circuited and no fallback available.
RecoveringCommand short-circuited and no fallback available.
RecoveringCommand short-circuited and no fallback available.
RecoveringCommand short-circuited and no fallback available.
RecoveringCommand short-circuited and no fallback available.
RecoveringCommand short-circuited and no fallback available.
RecoveringCommand short-circuited and no fallback available.
RecoveringCommand short-circuited and no fallback available.
RecoveringCommand short-circuited and no fallback available.
RecoveringCommand short-circuited and no fallback available.
RecoveringCommand short-circuited and no fallback available.
RecoveringCommand short-circuited and no fallback available.
RecoveringCommand short-circuited and no fallback available.
RecoveringCommand short-circuited and no fallback available.
RecoveringCommand short-circuited and no fallback available.
RecoveringCommand short-circuited and no fallback available.
RecoveringCommand short-circuited and no fallback available.
RecoveringCommand short-circuited and no fallback available.
RecoveringCommand short-circuited and no fallback available.
RecoveringCommand short-circuited and no fallback available.
RecoveringCommand short-circuited and no fallback available.
RecoveringCommand short-circuited and no fallback available.
RecoveringCommand short-circuited and no fallback available.
RecoveringCommand short-circuited and no fallback available.
RecoveringCommand short-circuited and no fallback available.
RecoveringCommand short-circuited and no fallback available.
RecoveringCommand short-circuited and no fallback available.
RecoveringCommand short-circuited and no fallback available.
RecoveringCommand short-circuited and no fallback available.
RecoveringCommand short-circuited and no fallback available.
RecoveringCommand short-circuited and no fallback available.
RecoveringCommand short-circuited and no fallback available.
RecoveringCommand short-circuited and no fallback available.
RecoveringCommand short-circuited and no fallback available.
RecoveringCommand short-circuited and no fallback available.
RecoveringCommand short-circuited and no fallback available.
RecoveringCommand short-circuited and no fallback available.
RecoveringCommand short-circuited and no fallback available.
RecoveringCommand short-circuited and no fallback available.
RecoveringCommand short-circuited and no fallback available.
RecoveringCommand short-circuited and no fallback available.
RecoveringCommand short-circuited and no fallback available.
RecoveringCommand short-circuited and no fallback available.
RecoveringCommand short-circuited and no fallback available.
RecoveringCommand short-circuited and no fallback available.
RecoveringCommand short-circuited and no fallback available.
RecoveringCommand short-circuited and no fallback available.
RecoveringCommand short-circuited and no fallback available.
RecoveringCommand short-circuited and no fallback available.
RecoveringCommand short-circuited and no fallback available.
RecoveringCommand short-circuited and no fallback available.
RecoveringCommand short-circuited and no fallback available.
RecoveringCommand short-circuited and no fallback available.
RecoveringCommand short-circuited and no fallback available.
RecoveringCommand short-circuited and no fallback available.
RecoveringCommand short-circuited and no fallback available.
RecoveringCommand short-circuited and no fallback available.
RecoveringCommand short-circuited and no fallback available.
RecoveringCommand short-circuited and no fallback available.
RecoveringCommand short-circuited and no fallback available.
RecoveringCommand short-circuited and no fallback available.
RecoveringCommand short-circuited and no fallback available.
RecoveringCommand short-circuited and no fallback available.
RecoveringCommand short-circuited and no fallback available.
RecoveringCommand short-circuited and no fallback available.
RecoveringCommand short-circuited and no fallback available.
RecoveringCommand short-circuited and no fallback available.
RecoveringCommand short-circuited and no fallback available.
RecoveringCommand short-circuited and no fallback available.
RecoveringCommand short-circuited and no fallback available.
RecoveringCommand short-circuited and no fallback available.
RecoveringCommand short-circuited and no fallback available.
RecoveringCommand short-circuited and no fallback available.
RecoveringCommand short-circuited and no fallback available.
RecoveringCommand short-circuited and no fallback available.
RecoveringCommand short-circuited and no fallback available.
RecoveringCommand short-circuited and no fallback available.
RecoveringCommand short-circuited and no fallback available.
RecoveringCommand short-circuited and no fallback available.
RecoveringCommand short-circuited and no fallback available.
RecoveringCommand short-circuited and no fallback available.
RecoveringCommand short-circuited and no fallback available.
RecoveringCommand short-circuited and no fallback available.
RecoveringCommand short-circuited and no fallback available.
RecoveringCommand short-circuited and no fallback available.
RecoveringCommand short-circuited and no fallback available.
RecoveringCommand short-circuited and no fallback available.
RecoveringCommand short-circuited and no fallback available.
RecoveringCommand short-circuited and no fallback available.
RecoveringCommand short-circuited and no fallback available.
RecoveringCommand short-circuited and no fallback available.
RecoveringCommand short-circuited and no fallback available.
RecoveringCommand short-circuited and no fallback available.
RecoveringCommand short-circuited and no fallback available.
RecoveringCommand short-circuited and no fallback available.
RecoveringCommand short-circuited and no fallback available.
RecoveringCommand short-circuited and no fallback available.
RecoveringCommand short-circuited and no fallback available.
RecoveringCommand short-circuited and no fallback available.
RecoveringCommand short-circuited and no fallback available.
RecoveringCommand short-circuited and no fallback available.
RecoveringCommand short-circuited and no fallback available.
RecoveringCommand short-circuited and no fallback available.
RecoveringCommand short-circuited and no fallback available.
RecoveringCommand short-circuited and no fallback available.
RecoveringCommand short-circuited and no fallback available.
RecoveringCommand short-circuited and no fallback available.
RecoveringCommand short-circuited and no fallback available.
RecoveringCommand short-circuited and no fallback available.
RecoveringCommand short-circuited and no fallback available.
RecoveringCommand short-circuited and no fallback available.
RecoveringCommand short-circuited and no fallback available.
RecoveringCommand short-circuited and no fallback available.
RecoveringCommand short-circuited and no fallback available.
RecoveringCommand short-circuited and no fallback available.
RecoveringCommand short-circuited and no fallback available.
RecoveringCommand short-circuited and no fallback available.
RecoveringCommand short-circuited and no fallback available.
RecoveringCommand short-circuited and no fallback available.
RecoveringCommand short-circuited and no fallback available.
RecoveringCommand short-circuited and no fallback available.
RecoveringCommand short-circuited and no fallback available.
RecoveringCommand short-circuited and no fallback available.
RecoveringCommand short-circuited and no fallback available.
RecoveringCommand short-circuited and no fallback available.
RecoveringCommand short-circuited and no fallback available.
RecoveringCommand short-circuited and no fallback available.
RecoveringCommand short-circuited and no fallback available.
RecoveringCommand short-circuited and no fallback available.
RecoveringCommand short-circuited and no fallback available.
RecoveringCommand short-circuited and no fallback available.
RecoveringCommand short-circuited and no fallback available.
RecoveringCommand short-circuited and no fallback available.
RecoveringCommand short-circuited and no fallback available.
RecoveringCommand short-circuited and no fallback available.
RecoveringCommand short-circuited and no fallback available.
RecoveringCommand short-circuited and no fallback available.
RecoveringCommand short-circuited and no fallback available.
RecoveringCommand short-circuited and no fallback available.
RecoveringCommand short-circuited and no fallback available.
RecoveringCommand short-circuited and no fallback available.
RecoveringCommand short-circuited and no fallback available.
RecoveringCommand short-circuited and no fallback available.
RecoveringCommand short-circuited and no fallback available.
RecoveringCommand short-circuited and no fallback available.
RecoveringCommand short-circuited and no fallback available.
RecoveringCommand short-circuited and no fallback available.
RecoveringCommand short-circuited and no fallback available.
RecoveringCommand short-circuited and no fallback available.
RecoveringCommand short-circuited and no fallback available.
RecoveringCommand short-circuited and no fallback available.
RecoveringCommand short-circuited and no fallback available.
RecoveringCommand short-circuited and no fallback available.
RecoveringCommand short-circuited and no fallback available.
RecoveringCommand short-circuited and no fallback available.
RecoveringCommand short-circuited and no fallback available.
RecoveringCommand short-circuited and no fallback available.
RecoveringCommand short-circuited and no fallback available.
RecoveringCommand short-circuited and no fallback available.
RecoveringCommand short-circuited and no fallback available.
RecoveringCommand short-circuited and no fallback available.
RecoveringCommand short-circuited and no fallback available.
RecoveringCommand short-circuited and no fallback available.
RecoveringCommand short-circuited and no fallback available.
RecoveringCommand short-circuited and no fallback available.
RecoveringCommand short-circuited and no fallback available.
RecoveringCommand short-circuited and no fallback available.
RecoveringCommand short-circuited and no fallback available.
RecoveringCommand short-circuited and no fallback available.
RecoveringCommand short-circuited and no fallback available.
RecoveringCommand short-circuited and no fallback available.
RecoveringCommand short-circuited and no fallback available.
RecoveringCommand short-circuited and no fallback available.
RecoveringCommand short-circuited and no fallback available.
RecoveringCommand short-circuited and no fallback available.
RecoveringCommand short-circuited and no fallback available.
RecoveringCommand short-circuited and no fallback available.
RecoveringCommand short-circuited and no fallback available.
RecoveringCommand short-circuited and no fallback available.
RecoveringCommand short-circuited and no fallback available.
RecoveringCommand short-circuited and no fallback available.
RecoveringCommand short-circuited and no fallback available.
RecoveringCommand short-circuited and no fallback available.
RecoveringCommand short-circuited and no fallback available.
RecoveringCommand short-circuited and no fallback available.
RecoveringCommand short-circuited and no fallback available.
RecoveringCommand short-circuited and no fallback available.
RecoveringCommand short-circuited and no fallback available.
RecoveringCommand short-circuited and no fallback available.
RecoveringCommand short-circuited and no fallback available.
RecoveringCommand short-circuited and no fallback available.
RecoveringCommand short-circuited and no fallback available.
RecoveringCommand short-circuited and no fallback available.
RecoveringCommand short-circuited and no fallback available.
RecoveringCommand short-circuited and no fallback available.
RecoveringCommand short-circuited and no fallback available.
RecoveringCommand short-circuited and no fallback available.
RecoveringCommand short-circuited and no fallback available.
RecoveringCommand short-circuited and no fallback available.
RecoveringCommand short-circuited and no fallback available.
RecoveringCommand short-circuited and no fallback available.
RecoveringCommand short-circuited and no fallback available.
RecoveringCommand short-circuited and no fallback available.
RecoveringCommand short-circuited and no fallback available.
RecoveringCommand short-circuited and no fallback available.
RecoveringCommand short-circuited and no fallback available.
RecoveringCommand short-circuited and no fallback available.
RecoveringCommand short-circuited and no fallback available.
RecoveringCommand short-circuited and no fallback available.
RecoveringCommand short-circuited and no fallback available.
RecoveringCommand short-circuited and no fallback available.
RecoveringCommand short-circuited and no fallback available.
RecoveringCommand short-circuited and no fallback available.
RecoveringCommand short-circuited and no fallback available.
RecoveringCommand short-circuited and no fallback available.
RecoveringCommand short-circuited and no fallback available.
RecoveringCommand short-circuited and no fallback available.
RecoveringCommand short-circuited and no fallback available.
RecoveringCommand short-circuited and no fallback available.
RecoveringCommand short-circuited and no fallback available.
RecoveringCommand short-circuited and no fallback available.
RecoveringCommand short-circuited and no fallback available.
RecoveringCommand short-circuited and no fallback available.
RecoveringCommand short-circuited and no fallback available.
RecoveringCommand short-circuited and no fallback available.
RecoveringCommand short-circuited and no fallback available.
RecoveringCommand short-circuited and no fallback available.
RecoveringCommand short-circuited and no fallback available.
RecoveringCommand short-circuited and no fallback available.
RecoveringCommand short-circuited and no fallback available.
RecoveringCommand short-circuited and no fallback available.
RecoveringCommand short-circuited and no fallback available.
RecoveringCommand short-circuited and no fallback available.
RecoveringCommand short-circuited and no fallback available.
RecoveringCommand short-circuited and no fallback available.
RecoveringCommand short-circuited and no fallback available.
RecoveringCommand short-circuited and no fallback available.
RecoveringCommand short-circuited and no fallback available.
RecoveringCommand short-circuited and no fallback available.
RecoveringCommand short-circuited and no fallback available.
RecoveringCommand short-circuited and no fallback available.
RecoveringCommand short-circuited and no fallback available.
RecoveringCommand short-circuited and no fallback available.
RecoveringCommand short-circuited and no fallback available.
RecoveringCommand short-circuited and no fallback available.
RecoveringCommand short-circuited and no fallback available.
RecoveringCommand short-circuited and no fallback available.
RecoveringCommand short-circuited and no fallback available.
RecoveringCommand short-circuited and no fallback available.
RecoveringCommand short-circuited and no fallback available.
RecoveringCommand short-circuited and no fallback available.
RecoveringCommand short-circuited and no fallback available.
RecoveringCommand short-circuited and no fallback available.
RecoveringCommand short-circuited and no fallback available.
RecoveringCommand short-circuited and no fallback available.
RecoveringCommand short-circuited and no fallback available.
RecoveringCommand short-circuited and no fallback available.
RecoveringCommand short-circuited and no fallback available.
RecoveringCommand short-circuited and no fallback available.
RecoveringCommand short-circuited and no fallback available.
RecoveringCommand short-circuited and no fallback available.
RecoveringCommand short-circuited and no fallback available.
RecoveringCommand short-circuited and no fallback available.
RecoveringCommand short-circuited and no fallback available.
RecoveringCommand short-circuited and no fallback available.
RecoveringCommand short-circuited and no fallback available.
RecoveringCommand short-circuited and no fallback available.
RecoveringCommand short-circuited and no fallback available.
RecoveringCommand short-circuited and no fallback available.
RecoveringCommand short-circuited and no fallback available.
RecoveringCommand short-circuited and no fallback available.
RecoveringCommand short-circuited and no fallback available.
RecoveringCommand short-circuited and no fallback available.
RecoveringCommand short-circuited and no fallback available.
RecoveringCommand short-circuited and no fallback available.
RecoveringCommand short-circuited and no fallback available.
RecoveringCommand short-circuited and no fallback available.
RecoveringCommand short-circuited and no fallback available.
RecoveringCommand short-circuited and no fallback available.
RecoveringCommand short-circuited and no fallback available.
RecoveringCommand short-circuited and no fallback available.
RecoveringCommand short-circuited and no fallback available.
RecoveringCommand short-circuited and no fallback available.
RecoveringCommand short-circuited and no fallback available.
RecoveringCommand short-circuited and no fallback available.
RecoveringCommand short-circuited and no fallback available.
RecoveringCommand short-circuited and no fallback available.
RecoveringCommand short-circuited and no fallback available.
RecoveringCommand short-circuited and no fallback available.
RecoveringCommand short-circuited and no fallback available.
RecoveringCommand short-circuited and no fallback available.
RecoveringCommand short-circuited and no fallback available.
RecoveringCommand short-circuited and no fallback available.
RecoveringCommand short-circuited and no fallback available.
RecoveringCommand short-circuited and no fallback available.
RecoveringCommand short-circuited and no fallback available.
RecoveringCommand short-circuited and no fallback available.
RecoveringCommand short-circuited and no fallback available.
RecoveringCommand short-circuited and no fallback available.
RecoveringCommand short-circuited and no fallback available.
RecoveringCommand short-circuited and no fallback available.
RecoveringCommand short-circuited and no fallback available.
RecoveringCommand short-circuited and no fallback available.
RecoveringCommand short-circuited and no fallback available.
RecoveringCommand short-circuited and no fallback available.
RecoveringCommand short-circuited and no fallback available.
RecoveringCommand short-circuited and no fallback available.
RecoveringCommand short-circuited and no fallback available.
RecoveringCommand short-circuited and no fallback available.
RecoveringCommand short-circuited and no fallback available.
RecoveringCommand short-circuited and no fallback available.
RecoveringCommand short-circuited and no fallback available.
RecoveringCommand short-circuited and no fallback available.
RecoveringCommand short-circuited and no fallback available.
RecoveringCommand short-circuited and no fallback available.
RecoveringCommand short-circuited and no fallback available.
RecoveringCommand short-circuited and no fallback available.
RecoveringCommand short-circuited and no fallback available.
RecoveringCommand short-circuited and no fallback available.
RecoveringCommand short-circuited and no fallback available.
RecoveringCommand short-circuited and no fallback available.
RecoveringCommand short-circuited and no fallback available.
RecoveringCommand short-circuited and no fallback available.
RecoveringCommand short-circuited and no fallback available.
RecoveringCommand short-circuited and no fallback available.
RecoveringCommand short-circuited and no fallback available.
RecoveringCommand short-circuited and no fallback available.
RecoveringCommand short-circuited and no fallback available.
RecoveringCommand short-circuited and no fallback available.
RecoveringCommand short-circuited and no fallback available.
RecoveringCommand short-circuited and no fallback available.
RecoveringCommand short-circuited and no fallback available.
RecoveringCommand short-circuited and no fallback available.
RecoveringCommand short-circuited and no fallback available.
RecoveringCommand short-circuited and no fallback available.
RecoveringCommand short-circuited and no fallback available.
RecoveringCommand short-circuited and no fallback available.
RecoveringCommand short-circuited and no fallback available.
RecoveringCommand short-circuited and no fallback available.
RecoveringCommand short-circuited and no fallback available.
RecoveringCommand short-circuited and no fallback available.
RecoveringCommand short-circuited and no fallback available.
RecoveringCommand short-circuited and no fallback available.
RecoveringCommand short-circuited and no fallback available.
RecoveringCommand short-circuited and no fallback available.
RecoveringCommand short-circuited and no fallback available.
RecoveringCommand short-circuited and no fallback available.
RecoveringCommand short-circuited and no fallback available.
RecoveringCommand short-circuited and no fallback available.
RecoveringCommand short-circuited and no fallback available.
RecoveringCommand short-circuited and no fallback available.
RecoveringCommand short-circuited and no fallback available.
RecoveringCommand short-circuited and no fallback available.
RecoveringCommand short-circuited and no fallback available.
RecoveringCommand short-circuited and no fallback available.
RecoveringCommand short-circuited and no fallback available.
RecoveringCommand short-circuited and no fallback available.
RecoveringCommand short-circuited and no fallback available.
RecoveringCommand short-circuited and no fallback available.
RecoveringCommand short-circuited and no fallback available.
RecoveringCommand short-circuited and no fallback available.
RecoveringCommand short-circuited and no fallback available.
RecoveringCommand short-circuited and no fallback available.
RecoveringCommand short-circuited and no fallback available.
RecoveringCommand short-circuited and no fallback available.
RecoveringCommand short-circuited and no fallback available.
RecoveringCommand short-circuited and no fallback available.
RecoveringCommand short-circuited and no fallback available.
RecoveringCommand short-circuited and no fallback available.
RecoveringCommand short-circuited and no fallback available.
RecoveringCommand short-circuited and no fallback available.
RecoveringCommand short-circuited and no fallback available.
RecoveringCommand short-circuited and no fallback available.
RecoveringCommand short-circuited and no fallback available.
RecoveringCommand short-circuited and no fallback available.
RecoveringCommand short-circuited and no fallback available.
RecoveringCommand short-circuited and no fallback available.
RecoveringCommand short-circuited and no fallback available.
RecoveringCommand short-circuited and no fallback available.
RecoveringCommand short-circuited and no fallback available.
RecoveringCommand short-circuited and no fallback available.
RecoveringCommand short-circuited and no fallback available.
RecoveringCommand short-circuited and no fallback available.
RecoveringCommand short-circuited and no fallback available.
RecoveringCommand short-circuited and no fallback available.
RecoveringCommand short-circuited and no fallback available.
RecoveringCommand short-circuited and no fallback available.
RecoveringCommand short-circuited and no fallback available.
RecoveringCommand short-circuited and no fallback available.
RecoveringCommand short-circuited and no fallback available.
RecoveringCommand short-circuited and no fallback available.
RecoveringCommand short-circuited and no fallback available.
RecoveringCommand short-circuited and no fallback available.
RecoveringCommand short-circuited and no fallback available.
RecoveringCommand short-circuited and no fallback available.
RecoveringCommand short-circuited and no fallback available.
RecoveringCommand short-circuited and no fallback available.
RecoveringCommand short-circuited and no fallback available.
RecoveringCommand short-circuited and no fallback available.
RecoveringCommand short-circuited and no fallback available.
RecoveringCommand short-circuited and no fallback available.
RecoveringCommand short-circuited and no fallback available.
RecoveringCommand short-circuited and no fallback available.
RecoveringCommand short-circuited and no fallback available.
RecoveringCommand short-circuited and no fallback available.
RecoveringCommand short-circuited and no fallback available.
RecoveringCommand short-circuited and no fallback available.
RecoveringCommand short-circuited and no fallback available.
RecoveringCommand short-circuited and no fallback available.
RecoveringCommand short-circuited and no fallback available.
RecoveringCommand short-circuited and no fallback available.
RecoveringCommand short-circuited and no fallback available.
RecoveringCommand short-circuited and no fallback available.
RecoveringCommand short-circuited and no fallback available.
RecoveringCommand short-circuited and no fallback available.
RecoveringCommand short-circuited and no fallback available.
RecoveringCommand short-circuited and no fallback available.
RecoveringCommand short-circuited and no fallback available.
RecoveringCommand short-circuited and no fallback available.
RecoveringCommand short-circuited and no fallback available.
RecoveringCommand short-circuited and no fallback available.
RecoveringCommand short-circuited and no fallback available.
RecoveringCommand short-circuited and no fallback available.
RecoveringCommand short-circuited and no fallback available.
RecoveringCommand short-circuited and no fallback available.
RecoveringCommand short-circuited and no fallback available.
RecoveringCommand short-circuited and no fallback available.
RecoveringCommand short-circuited and no fallback available.
RecoveringCommand short-circuited and no fallback available.
RecoveringCommand short-circuited and no fallback available.
RecoveringCommand short-circuited and no fallback available.
RecoveringCommand short-circuited and no fallback available.
RecoveringCommand short-circuited and no fallback available.
RecoveringCommand short-circuited and no fallback available.
RecoveringCommand short-circuited and no fallback available.
RecoveringCommand short-circuited and no fallback available.
RecoveringCommand short-circuited and no fallback available.
RecoveringCommand short-circuited and no fallback available.
RecoveringCommand short-circuited and no fallback available.
RecoveringCommand short-circuited and no fallback available.
RecoveringCommand short-circuited and no fallback available.
RecoveringCommand failed and no fallback available.
RecoveringCommand short-circuited and no fallback available.
RecoveringCommand short-circuited and no fallback available.
RecoveringCommand short-circuited and no fallback available.
RecoveringCommand short-circuited and no fallback available.
RecoveringCommand short-circuited and no fallback available.
RecoveringCommand short-circuited and no fallback available.
RecoveringCommand short-circuited and no fallback available.
RecoveringCommand short-circuited and no fallback available.
RecoveringCommand short-circuited and no fallback available.
RecoveringCommand short-circuited and no fallback available.
RecoveringCommand short-circuited and no fallback available.
RecoveringCommand short-circuited and no fallback available.
RecoveringCommand short-circuited and no fallback available.
RecoveringCommand short-circuited and no fallback available.
RecoveringCommand short-circuited and no fallback available.
RecoveringCommand short-circuited and no fallback available.
RecoveringCommand short-circuited and no fallback available.
RecoveringCommand short-circuited and no fallback available.
RecoveringCommand short-circuited and no fallback available.
RecoveringCommand short-circuited and no fallback available.
RecoveringCommand short-circuited and no fallback available.
RecoveringCommand short-circuited and no fallback available.
RecoveringCommand short-circuited and no fallback available.
RecoveringCommand short-circuited and no fallback available.
RecoveringCommand short-circuited and no fallback available.
RecoveringCommand short-circuited and no fallback available.
RecoveringCommand short-circuited and no fallback available.
RecoveringCommand short-circuited and no fallback available.
RecoveringCommand short-circuited and no fallback available.
RecoveringCommand short-circuited and no fallback available.
RecoveringCommand short-circuited and no fallback available.
RecoveringCommand short-circuited and no fallback available.
RecoveringCommand short-circuited and no fallback available.
RecoveringCommand short-circuited and no fallback available.
RecoveringCommand short-circuited and no fallback available.
RecoveringCommand short-circuited and no fallback available.
RecoveringCommand short-circuited and no fallback available.
RecoveringCommand short-circuited and no fallback available.
RecoveringCommand short-circuited and no fallback available.
RecoveringCommand short-circuited and no fallback available.
RecoveringCommand short-circuited and no fallback available.
RecoveringCommand short-circuited and no fallback available.
RecoveringCommand short-circuited and no fallback available.
RecoveringCommand short-circuited and no fallback available.
RecoveringCommand short-circuited and no fallback available.
RecoveringCommand short-circuited and no fallback available.
RecoveringCommand short-circuited and no fallback available.
RecoveringCommand short-circuited and no fallback available.
RecoveringCommand short-circuited and no fallback available.
RecoveringCommand short-circuited and no fallback available.
RecoveringCommand short-circuited and no fallback available.
RecoveringCommand short-circuited and no fallback available.
RecoveringCommand short-circuited and no fallback available.
RecoveringCommand short-circuited and no fallback available.
RecoveringCommand short-circuited and no fallback available.
RecoveringCommand short-circuited and no fallback available.
RecoveringCommand short-circuited and no fallback available.
RecoveringCommand short-circuited and no fallback available.
RecoveringCommand short-circuited and no fallback available.
RecoveringCommand short-circuited and no fallback available.
RecoveringCommand short-circuited and no fallback available.
RecoveringCommand short-circuited and no fallback available.
RecoveringCommand short-circuited and no fallback available.
RecoveringCommand short-circuited and no fallback available.
RecoveringCommand short-circuited and no fallback available.
RecoveringCommand short-circuited and no fallback available.
RecoveringCommand short-circuited and no fallback available.
RecoveringCommand short-circuited and no fallback available.
RecoveringCommand short-circuited and no fallback available.
RecoveringCommand short-circuited and no fallback available.
RecoveringCommand short-circuited and no fallback available.
RecoveringCommand short-circuited and no fallback available.
RecoveringCommand short-circuited and no fallback available.
RecoveringCommand short-circuited and no fallback available.
RecoveringCommand short-circuited and no fallback available.
RecoveringCommand short-circuited and no fallback available.
RecoveringCommand short-circuited and no fallback available.
RecoveringCommand short-circuited and no fallback available.
RecoveringCommand short-circuited and no fallback available.
RecoveringCommand short-circuited and no fallback available.
RecoveringCommand short-circuited and no fallback available.
RecoveringCommand short-circuited and no fallback available.
RecoveringCommand short-circuited and no fallback available.
RecoveringCommand short-circuited and no fallback available.
RecoveringCommand short-circuited and no fallback available.
RecoveringCommand short-circuited and no fallback available.
RecoveringCommand short-circuited and no fallback available.
RecoveringCommand short-circuited and no fallback available.
RecoveringCommand short-circuited and no fallback available.
RecoveringCommand short-circuited and no fallback available.
RecoveringCommand short-circuited and no fallback available.
RecoveringCommand short-circuited and no fallback available.
RecoveringCommand short-circuited and no fallback available.
RecoveringCommand short-circuited and no fallback available.
RecoveringCommand short-circuited and no fallback available.
RecoveringCommand short-circuited and no fallback available.
RecoveringCommand short-circuited and no fallback available.
RecoveringCommand short-circuited and no fallback available.
RecoveringCommand short-circuited and no fallback available.
RecoveringCommand short-circuited and no fallback available.
RecoveringCommand short-circuited and no fallback available.
RecoveringCommand short-circuited and no fallback available.
RecoveringCommand short-circuited and no fallback available.
RecoveringCommand short-circuited and no fallback available.
RecoveringCommand short-circuited and no fallback available.
RecoveringCommand short-circuited and no fallback available.
RecoveringCommand short-circuited and no fallback available.
RecoveringCommand short-circuited and no fallback available.
RecoveringCommand short-circuited and no fallback available.
RecoveringCommand short-circuited and no fallback available.
RecoveringCommand short-circuited and no fallback available.
RecoveringCommand short-circuited and no fallback available.
RecoveringCommand short-circuited and no fallback available.
RecoveringCommand short-circuited and no fallback available.
RecoveringCommand short-circuited and no fallback available.
RecoveringCommand short-circuited and no fallback available.
RecoveringCommand short-circuited and no fallback available.
RecoveringCommand short-circuited and no fallback available.
RecoveringCommand short-circuited and no fallback available.
RecoveringCommand short-circuited and no fallback available.
RecoveringCommand short-circuited and no fallback available.
RecoveringCommand short-circuited and no fallback available.
RecoveringCommand short-circuited and no fallback available.
RecoveringCommand short-circuited and no fallback available.
RecoveringCommand short-circuited and no fallback available.
RecoveringCommand short-circuited and no fallback available.
RecoveringCommand short-circuited and no fallback available.
RecoveringCommand short-circuited and no fallback available.
RecoveringCommand short-circuited and no fallback available.
RecoveringCommand short-circuited and no fallback available.
RecoveringCommand short-circuited and no fallback available.
RecoveringCommand short-circuited and no fallback available.
RecoveringCommand short-circuited and no fallback available.
RecoveringCommand short-circuited and no fallback available.
RecoveringCommand short-circuited and no fallback available.
RecoveringCommand short-circuited and no fallback available.
RecoveringCommand short-circuited and no fallback available.
RecoveringCommand short-circuited and no fallback available.
RecoveringCommand short-circuited and no fallback available.
RecoveringCommand short-circuited and no fallback available.
RecoveringCommand short-circuited and no fallback available.
RecoveringCommand short-circuited and no fallback available.
RecoveringCommand short-circuited and no fallback available.
RecoveringCommand short-circuited and no fallback available.
RecoveringCommand short-circuited and no fallback available.
RecoveringCommand short-circuited and no fallback available.
RecoveringCommand short-circuited and no fallback available.
RecoveringCommand short-circuited and no fallback available.
RecoveringCommand short-circuited and no fallback available.
RecoveringCommand short-circuited and no fallback available.
RecoveringCommand short-circuited and no fallback available.
RecoveringCommand short-circuited and no fallback available.
RecoveringCommand short-circuited and no fallback available.
RecoveringCommand short-circuited and no fallback available.
RecoveringCommand short-circuited and no fallback available.
RecoveringCommand short-circuited and no fallback available.
RecoveringCommand short-circuited and no fallback available.
RecoveringCommand short-circuited and no fallback available.
RecoveringCommand short-circuited and no fallback available.
RecoveringCommand short-circuited and no fallback available.
RecoveringCommand short-circuited and no fallback available.
RecoveringCommand short-circuited and no fallback available.
RecoveringCommand short-circuited and no fallback available.
RecoveringCommand short-circuited and no fallback available.
RecoveringCommand short-circuited and no fallback available.
RecoveringCommand short-circuited and no fallback available.
RecoveringCommand short-circuited and no fallback available.
RecoveringCommand short-circuited and no fallback available.
RecoveringCommand short-circuited and no fallback available.
RecoveringCommand short-circuited and no fallback available.
RecoveringCommand short-circuited and no fallback available.
RecoveringCommand short-circuited and no fallback available.
RecoveringCommand short-circuited and no fallback available.
RecoveringCommand short-circuited and no fallback available.
RecoveringCommand short-circuited and no fallback available.
RecoveringCommand short-circuited and no fallback available.
RecoveringCommand short-circuited and no fallback available.
RecoveringCommand short-circuited and no fallback available.
RecoveringCommand short-circuited and no fallback available.
RecoveringCommand short-circuited and no fallback available.
RecoveringCommand short-circuited and no fallback available.
RecoveringCommand short-circuited and no fallback available.
RecoveringCommand short-circuited and no fallback available.
RecoveringCommand short-circuited and no fallback available.
RecoveringCommand short-circuited and no fallback available.
RecoveringCommand short-circuited and no fallback available.
RecoveringCommand short-circuited and no fallback available.
RecoveringCommand short-circuited and no fallback available.
RecoveringCommand short-circuited and no fallback available.
RecoveringCommand short-circuited and no fallback available.
RecoveringCommand short-circuited and no fallback available.
RecoveringCommand short-circuited and no fallback available.
RecoveringCommand short-circuited and no fallback available.
RecoveringCommand short-circuited and no fallback available.
RecoveringCommand short-circuited and no fallback available.
RecoveringCommand short-circuited and no fallback available.
RecoveringCommand short-circuited and no fallback available.
RecoveringCommand short-circuited and no fallback available.
RecoveringCommand short-circuited and no fallback available.
RecoveringCommand short-circuited and no fallback available.
RecoveringCommand short-circuited and no fallback available.
RecoveringCommand short-circuited and no fallback available.
RecoveringCommand short-circuited and no fallback available.
RecoveringCommand short-circuited and no fallback available.
RecoveringCommand short-circuited and no fallback available.
RecoveringCommand short-circuited and no fallback available.
RecoveringCommand short-circuited and no fallback available.
RecoveringCommand short-circuited and no fallback available.
RecoveringCommand short-circuited and no fallback available.
RecoveringCommand short-circuited and no fallback available.
RecoveringCommand short-circuited and no fallback available.
RecoveringCommand short-circuited and no fallback available.
RecoveringCommand short-circuited and no fallback available.
RecoveringCommand short-circuited and no fallback available.
RecoveringCommand short-circuited and no fallback available.
RecoveringCommand short-circuited and no fallback available.
RecoveringCommand short-circuited and no fallback available.
RecoveringCommand short-circuited and no fallback available.
RecoveringCommand short-circuited and no fallback available.
RecoveringCommand short-circuited and no fallback available.
RecoveringCommand short-circuited and no fallback available.
RecoveringCommand short-circuited and no fallback available.
RecoveringCommand short-circuited and no fallback available.
RecoveringCommand short-circuited and no fallback available.
RecoveringCommand short-circuited and no fallback available.
RecoveringCommand short-circuited and no fallback available.
RecoveringCommand short-circuited and no fallback available.
RecoveringCommand short-circuited and no fallback available.
RecoveringCommand short-circuited and no fallback available.
RecoveringCommand short-circuited and no fallback available.
RecoveringCommand short-circuited and no fallback available.
RecoveringCommand short-circuited and no fallback available.
RecoveringCommand short-circuited and no fallback available.
RecoveringCommand short-circuited and no fallback available.
RecoveringCommand short-circuited and no fallback available.
RecoveringCommand short-circuited and no fallback available.
RecoveringCommand short-circuited and no fallback available.
RecoveringCommand short-circuited and no fallback available.
RecoveringCommand short-circuited and no fallback available.
RecoveringCommand short-circuited and no fallback available.
RecoveringCommand short-circuited and no fallback available.
RecoveringCommand short-circuited and no fallback available.
RecoveringCommand short-circuited and no fallback available.
RecoveringCommand short-circuited and no fallback available.
RecoveringCommand short-circuited and no fallback available.
RecoveringCommand short-circuited and no fallback available.
RecoveringCommand short-circuited and no fallback available.
RecoveringCommand short-circuited and no fallback available.
RecoveringCommand short-circuited and no fallback available.
RecoveringCommand short-circuited and no fallback available.
RecoveringCommand short-circuited and no fallback available.
RecoveringCommand short-circuited and no fallback available.
RecoveringCommand short-circuited and no fallback available.
RecoveringCommand short-circuited and no fallback available.
RecoveringCommand short-circuited and no fallback available.
RecoveringCommand short-circuited and no fallback available.
RecoveringCommand short-circuited and no fallback available.
RecoveringCommand short-circuited and no fallback available.
RecoveringCommand short-circuited and no fallback available.
RecoveringCommand short-circuited and no fallback available.
RecoveringCommand short-circuited and no fallback available.
RecoveringCommand short-circuited and no fallback available.
RecoveringCommand short-circuited and no fallback available.
RecoveringCommand short-circuited and no fallback available.
RecoveringCommand short-circuited and no fallback available.
RecoveringCommand short-circuited and no fallback available.
RecoveringCommand short-circuited and no fallback available.
RecoveringCommand short-circuited and no fallback available.
RecoveringCommand short-circuited and no fallback available.
RecoveringCommand short-circuited and no fallback available.
RecoveringCommand short-circuited and no fallback available.
RecoveringCommand short-circuited and no fallback available.
RecoveringCommand short-circuited and no fallback available.
RecoveringCommand short-circuited and no fallback available.
RecoveringCommand short-circuited and no fallback available.
RecoveringCommand short-circuited and no fallback available.
RecoveringCommand short-circuited and no fallback available.
RecoveringCommand short-circuited and no fallback available.
RecoveringCommand short-circuited and no fallback available.
RecoveringCommand short-circuited and no fallback available.
RecoveringCommand short-circuited and no fallback available.
RecoveringCommand short-circuited and no fallback available.
RecoveringCommand short-circuited and no fallback available.
RecoveringCommand short-circuited and no fallback available.
RecoveringCommand short-circuited and no fallback available.
RecoveringCommand short-circuited and no fallback available.
RecoveringCommand short-circuited and no fallback available.
RecoveringCommand short-circuited and no fallback available.
RecoveringCommand short-circuited and no fallback available.
RecoveringCommand short-circuited and no fallback available.
RecoveringCommand short-circuited and no fallback available.
RecoveringCommand short-circuited and no fallback available.
RecoveringCommand short-circuited and no fallback available.
RecoveringCommand short-circuited and no fallback available.
RecoveringCommand short-circuited and no fallback available.
RecoveringCommand short-circuited and no fallback available.
RecoveringCommand short-circuited and no fallback available.
RecoveringCommand short-circuited and no fallback available.
RecoveringCommand short-circuited and no fallback available.
RecoveringCommand short-circuited and no fallback available.
RecoveringCommand short-circuited and no fallback available.
RecoveringCommand short-circuited and no fallback available.
RecoveringCommand short-circuited and no fallback available.
RecoveringCommand short-circuited and no fallback available.
RecoveringCommand short-circuited and no fallback available.
RecoveringCommand short-circuited and no fallback available.
RecoveringCommand short-circuited and no fallback available.
RecoveringCommand short-circuited and no fallback available.
RecoveringCommand short-circuited and no fallback available.
RecoveringCommand short-circuited and no fallback available.
RecoveringCommand short-circuited and no fallback available.
RecoveringCommand short-circuited and no fallback available.
RecoveringCommand short-circuited and no fallback available.
RecoveringCommand short-circuited and no fallback available.
RecoveringCommand short-circuited and no fallback available.
RecoveringCommand short-circuited and no fallback available.
RecoveringCommand short-circuited and no fallback available.
RecoveringCommand short-circuited and no fallback available.
RecoveringCommand short-circuited and no fallback available.
RecoveringCommand short-circuited and no fallback available.
RecoveringCommand short-circuited and no fallback available.
RecoveringCommand short-circuited and no fallback available.
RecoveringCommand short-circuited and no fallback available.
RecoveringCommand short-circuited and no fallback available.
RecoveringCommand short-circuited and no fallback available.
RecoveringCommand short-circuited and no fallback available.
RecoveringCommand short-circuited and no fallback available.
RecoveringCommand short-circuited and no fallback available.
RecoveringCommand short-circuited and no fallback available.
RecoveringCommand short-circuited and no fallback available.
RecoveringCommand short-circuited and no fallback available.
RecoveringCommand short-circuited and no fallback available.
RecoveringCommand short-circuited and no fallback available.
RecoveringCommand short-circuited and no fallback available.
RecoveringCommand short-circuited and no fallback available.
RecoveringCommand short-circuited and no fallback available.
RecoveringCommand short-circuited and no fallback available.
RecoveringCommand short-circuited and no fallback available.
RecoveringCommand short-circuited and no fallback available.
RecoveringCommand short-circuited and no fallback available.
RecoveringCommand short-circuited and no fallback available.
RecoveringCommand short-circuited and no fallback available.
RecoveringCommand short-circuited and no fallback available.
RecoveringCommand short-circuited and no fallback available.
RecoveringCommand short-circuited and no fallback available.
RecoveringCommand short-circuited and no fallback available.
RecoveringCommand short-circuited and no fallback available.
RecoveringCommand short-circuited and no fallback available.
RecoveringCommand short-circuited and no fallback available.
RecoveringCommand short-circuited and no fallback available.
RecoveringCommand short-circuited and no fallback available.
RecoveringCommand short-circuited and no fallback available.
RecoveringCommand short-circuited and no fallback available.
RecoveringCommand short-circuited and no fallback available.
RecoveringCommand short-circuited and no fallback available.
RecoveringCommand short-circuited and no fallback available.
RecoveringCommand short-circuited and no fallback available.
RecoveringCommand short-circuited and no fallback available.
RecoveringCommand short-circuited and no fallback available.
RecoveringCommand short-circuited and no fallback available.
RecoveringCommand short-circuited and no fallback available.
RecoveringCommand short-circuited and no fallback available.
RecoveringCommand short-circuited and no fallback available.
RecoveringCommand short-circuited and no fallback available.
RecoveringCommand short-circuited and no fallback available.
RecoveringCommand short-circuited and no fallback available.
RecoveringCommand short-circuited and no fallback available.
RecoveringCommand short-circuited and no fallback available.
RecoveringCommand short-circuited and no fallback available.
RecoveringCommand short-circuited and no fallback available.
RecoveringCommand short-circuited and no fallback available.
RecoveringCommand short-circuited and no fallback available.
RecoveringCommand short-circuited and no fallback available.
RecoveringCommand short-circuited and no fallback available.
RecoveringCommand short-circuited and no fallback available.
RecoveringCommand short-circuited and no fallback available.
RecoveringCommand short-circuited and no fallback available.
RecoveringCommand short-circuited and no fallback available.
RecoveringCommand short-circuited and no fallback available.
RecoveringCommand short-circuited and no fallback available.
RecoveringCommand short-circuited and no fallback available.
RecoveringCommand short-circuited and no fallback available.
RecoveringCommand short-circuited and no fallback available.
RecoveringCommand short-circuited and no fallback available.
RecoveringCommand short-circuited and no fallback available.
RecoveringCommand short-circuited and no fallback available.
RecoveringCommand short-circuited and no fallback available.
RecoveringCommand short-circuited and no fallback available.
RecoveringCommand short-circuited and no fallback available.
RecoveringCommand short-circuited and no fallback available.
RecoveringCommand short-circuited and no fallback available.
RecoveringCommand short-circuited and no fallback available.
RecoveringCommand short-circuited and no fallback available.
RecoveringCommand short-circuited and no fallback available.
RecoveringCommand short-circuited and no fallback available.
RecoveringCommand short-circuited and no fallback available.
RecoveringCommand short-circuited and no fallback available.
RecoveringCommand short-circuited and no fallback available.
RecoveringCommand short-circuited and no fallback available.
RecoveringCommand short-circuited and no fallback available.
RecoveringCommand short-circuited and no fallback available.
RecoveringCommand short-circuited and no fallback available.
RecoveringCommand short-circuited and no fallback available.
RecoveringCommand short-circuited and no fallback available.
RecoveringCommand short-circuited and no fallback available.
RecoveringCommand short-circuited and no fallback available.
RecoveringCommand short-circuited and no fallback available.
RecoveringCommand short-circuited and no fallback available.
RecoveringCommand short-circuited and no fallback available.
RecoveringCommand short-circuited and no fallback available.
RecoveringCommand short-circuited and no fallback available.
RecoveringCommand short-circuited and no fallback available.
RecoveringCommand short-circuited and no fallback available.
RecoveringCommand short-circuited and no fallback available.
RecoveringCommand short-circuited and no fallback available.
RecoveringCommand short-circuited and no fallback available.
RecoveringCommand short-circuited and no fallback available.
RecoveringCommand short-circuited and no fallback available.
RecoveringCommand short-circuited and no fallback available.
RecoveringCommand short-circuited and no fallback available.
RecoveringCommand short-circuited and no fallback available.
RecoveringCommand short-circuited and no fallback available.
RecoveringCommand short-circuited and no fallback available.
RecoveringCommand short-circuited and no fallback available.
RecoveringCommand short-circuited and no fallback available.
RecoveringCommand short-circuited and no fallback available.
RecoveringCommand short-circuited and no fallback available.
RecoveringCommand short-circuited and no fallback available.
RecoveringCommand short-circuited and no fallback available.
RecoveringCommand short-circuited and no fallback available.
RecoveringCommand short-circuited and no fallback available.
RecoveringCommand short-circuited and no fallback available.
RecoveringCommand short-circuited and no fallback available.
RecoveringCommand short-circuited and no fallback available.
RecoveringCommand short-circuited and no fallback available.
RecoveringCommand short-circuited and no fallback available.
RecoveringCommand short-circuited and no fallback available.
RecoveringCommand short-circuited and no fallback available.
RecoveringCommand short-circuited and no fallback available.
RecoveringCommand short-circuited and no fallback available.
RecoveringCommand short-circuited and no fallback available.
RecoveringCommand short-circuited and no fallback available.
RecoveringCommand short-circuited and no fallback available.
RecoveringCommand short-circuited and no fallback available.
RecoveringCommand short-circuited and no fallback available.
RecoveringCommand short-circuited and no fallback available.
RecoveringCommand short-circuited and no fallback available.
RecoveringCommand short-circuited and no fallback available.
RecoveringCommand short-circuited and no fallback available.
RecoveringCommand short-circuited and no fallback available.
RecoveringCommand short-circuited and no fallback available.
RecoveringCommand short-circuited and no fallback available.
RecoveringCommand short-circuited and no fallback available.
RecoveringCommand short-circuited and no fallback available.
RecoveringCommand short-circuited and no fallback available.
RecoveringCommand short-circuited and no fallback available.
RecoveringCommand short-circuited and no fallback available.
RecoveringCommand short-circuited and no fallback available.
RecoveringCommand short-circuited and no fallback available.
RecoveringCommand short-circuited and no fallback available.
RecoveringCommand short-circuited and no fallback available.
RecoveringCommand short-circuited and no fallback available.
RecoveringCommand short-circuited and no fallback available.
RecoveringCommand short-circuited and no fallback available.
RecoveringCommand short-circuited and no fallback available.
RecoveringCommand short-circuited and no fallback available.
RecoveringCommand short-circuited and no fallback available.
RecoveringCommand short-circuited and no fallback available.
RecoveringCommand short-circuited and no fallback available.
RecoveringCommand short-circuited and no fallback available.
RecoveringCommand short-circuited and no fallback available.
RecoveringCommand short-circuited and no fallback available.
RecoveringCommand short-circuited and no fallback available.
RecoveringCommand short-circuited and no fallback available.
RecoveringCommand short-circuited and no fallback available.
RecoveringCommand short-circuited and no fallback available.
RecoveringCommand short-circuited and no fallback available.
RecoveringCommand short-circuited and no fallback available.
RecoveringCommand short-circuited and no fallback available.
RecoveringCommand short-circuited and no fallback available.
RecoveringCommand short-circuited and no fallback available.
RecoveringCommand short-circuited and no fallback available.
RecoveringCommand short-circuited and no fallback available.
RecoveringCommand short-circuited and no fallback available.
RecoveringCommand short-circuited and no fallback available.
RecoveringCommand short-circuited and no fallback available.
RecoveringCommand short-circuited and no fallback available.
RecoveringCommand short-circuited and no fallback available.
RecoveringCommand short-circuited and no fallback available.
RecoveringCommand short-circuited and no fallback available.
RecoveringCommand short-circuited and no fallback available.
RecoveringCommand short-circuited and no fallback available.
RecoveringCommand short-circuited and no fallback available.
RecoveringCommand short-circuited and no fallback available.
RecoveringCommand short-circuited and no fallback available.
RecoveringCommand short-circuited and no fallback available.
RecoveringCommand short-circuited and no fallback available.
RecoveringCommand short-circuited and no fallback available.
RecoveringCommand short-circuited and no fallback available.
RecoveringCommand short-circuited and no fallback available.
RecoveringCommand short-circuited and no fallback available.
RecoveringCommand short-circuited and no fallback available.
RecoveringCommand short-circuited and no fallback available.
RecoveringCommand short-circuited and no fallback available.
RecoveringCommand short-circuited and no fallback available.
RecoveringCommand short-circuited and no fallback available.
RecoveringCommand short-circuited and no fallback available.
RecoveringCommand short-circuited and no fallback available.
RecoveringCommand short-circuited and no fallback available.
RecoveringCommand short-circuited and no fallback available.
RecoveringCommand short-circuited and no fallback available.
RecoveringCommand short-circuited and no fallback available.
RecoveringCommand short-circuited and no fallback available.
RecoveringCommand short-circuited and no fallback available.
RecoveringCommand short-circuited and no fallback available.
RecoveringCommand short-circuited and no fallback available.
RecoveringCommand short-circuited and no fallback available.
RecoveringCommand short-circuited and no fallback available.
RecoveringCommand short-circuited and no fallback available.
RecoveringCommand short-circuited and no fallback available.
RecoveringCommand short-circuited and no fallback available.
RecoveringCommand short-circuited and no fallback available.
RecoveringCommand short-circuited and no fallback available.
RecoveringCommand short-circuited and no fallback available.
RecoveringCommand short-circuited and no fallback available.
RecoveringCommand short-circuited and no fallback available.
RecoveringCommand short-circuited and no fallback available.
RecoveringCommand short-circuited and no fallback available.
RecoveringCommand short-circuited and no fallback available.
RecoveringCommand short-circuited and no fallback available.
RecoveringCommand short-circuited and no fallback available.
RecoveringCommand short-circuited and no fallback available.
RecoveringCommand short-circuited and no fallback available.
RecoveringCommand short-circuited and no fallback available.
RecoveringCommand short-circuited and no fallback available.
RecoveringCommand short-circuited and no fallback available.
RecoveringCommand short-circuited and no fallback available.
RecoveringCommand short-circuited and no fallback available.
RecoveringCommand short-circuited and no fallback available.
RecoveringCommand short-circuited and no fallback available.
RecoveringCommand short-circuited and no fallback available.
RecoveringCommand short-circuited and no fallback available.
RecoveringCommand short-circuited and no fallback available.
RecoveringCommand short-circuited and no fallback available.
RecoveringCommand short-circuited and no fallback available.
RecoveringCommand short-circuited and no fallback available.
RecoveringCommand short-circuited and no fallback available.
RecoveringCommand short-circuited and no fallback available.
RecoveringCommand short-circuited and no fallback available.
RecoveringCommand short-circuited and no fallback available.
RecoveringCommand short-circuited and no fallback available.
RecoveringCommand short-circuited and no fallback available.
RecoveringCommand short-circuited and no fallback available.
RecoveringCommand short-circuited and no fallback available.
RecoveringCommand short-circuited and no fallback available.
RecoveringCommand short-circuited and no fallback available.
RecoveringCommand short-circuited and no fallback available.
RecoveringCommand short-circuited and no fallback available.
RecoveringCommand short-circuited and no fallback available.
RecoveringCommand short-circuited and no fallback available.
RecoveringCommand short-circuited and no fallback available.
RecoveringCommand short-circuited and no fallback available.
RecoveringCommand short-circuited and no fallback available.
RecoveringCommand short-circuited and no fallback available.
RecoveringCommand short-circuited and no fallback available.
RecoveringCommand short-circuited and no fallback available.
RecoveringCommand short-circuited and no fallback available.
RecoveringCommand short-circuited and no fallback available.
RecoveringCommand short-circuited and no fallback available.
RecoveringCommand short-circuited and no fallback available.
RecoveringCommand short-circuited and no fallback available.
RecoveringCommand short-circuited and no fallback available.
RecoveringCommand short-circuited and no fallback available.
RecoveringCommand short-circuited and no fallback available.
RecoveringCommand short-circuited and no fallback available.
RecoveringCommand short-circuited and no fallback available.
RecoveringCommand short-circuited and no fallback available.
RecoveringCommand short-circuited and no fallback available.
RecoveringCommand short-circuited and no fallback available.
RecoveringCommand short-circuited and no fallback available.
RecoveringCommand short-circuited and no fallback available.
RecoveringCommand short-circuited and no fallback available.
RecoveringCommand short-circuited and no fallback available.
RecoveringCommand short-circuited and no fallback available.
RecoveringCommand short-circuited and no fallback available.
RecoveringCommand short-circuited and no fallback available.
RecoveringCommand short-circuited and no fallback available.
RecoveringCommand short-circuited and no fallback available.
RecoveringCommand short-circuited and no fallback available.
RecoveringCommand short-circuited and no fallback available.
RecoveringCommand short-circuited and no fallback available.
RecoveringCommand short-circuited and no fallback available.
RecoveringCommand short-circuited and no fallback available.
RecoveringCommand short-circuited and no fallback available.
RecoveringCommand short-circuited and no fallback available.
RecoveringCommand short-circuited and no fallback available.
RecoveringCommand short-circuited and no fallback available.
RecoveringCommand short-circuited and no fallback available.
RecoveringCommand short-circuited and no fallback available.
RecoveringCommand short-circuited and no fallback available.
RecoveringCommand short-circuited and no fallback available.
RecoveringCommand short-circuited and no fallback available.
RecoveringCommand short-circuited and no fallback available.
RecoveringCommand short-circuited and no fallback available.
RecoveringCommand short-circuited and no fallback available.
RecoveringCommand short-circuited and no fallback available.
RecoveringCommand short-circuited and no fallback available.
RecoveringCommand short-circuited and no fallback available.
RecoveringCommand short-circuited and no fallback available.
RecoveringCommand short-circuited and no fallback available.
RecoveringCommand short-circuited and no fallback available.
RecoveringCommand short-circuited and no fallback available.
RecoveringCommand short-circuited and no fallback available.
RecoveringCommand short-circuited and no fallback available.
RecoveringCommand short-circuited and no fallback available.
RecoveringCommand short-circuited and no fallback available.
RecoveringCommand short-circuited and no fallback available.
RecoveringCommand short-circuited and no fallback available.
RecoveringCommand short-circuited and no fallback available.
RecoveringCommand short-circuited and no fallback available.
RecoveringCommand short-circuited and no fallback available.
RecoveringCommand short-circuited and no fallback available.
RecoveringCommand short-circuited and no fallback available.
RecoveringCommand short-circuited and no fallback available.
RecoveringCommand short-circuited and no fallback available.
RecoveringCommand short-circuited and no fallback available.
RecoveringCommand short-circuited and no fallback available.
RecoveringCommand short-circuited and no fallback available.
RecoveringCommand short-circuited and no fallback available.
RecoveringCommand short-circuited and no fallback available.
RecoveringCommand short-circuited and no fallback available.
RecoveringCommand short-circuited and no fallback available.
RecoveringCommand short-circuited and no fallback available.
RecoveringCommand short-circuited and no fallback available.
RecoveringCommand short-circuited and no fallback available.
RecoveringCommand short-circuited and no fallback available.
RecoveringCommand short-circuited and no fallback available.
RecoveringCommand short-circuited and no fallback available.
RecoveringCommand short-circuited and no fallback available.
RecoveringCommand short-circuited and no fallback available.
RecoveringCommand short-circuited and no fallback available.
RecoveringCommand short-circuited and no fallback available.
RecoveringCommand short-circuited and no fallback available.
RecoveringCommand short-circuited and no fallback available.
RecoveringCommand short-circuited and no fallback available.
RecoveringCommand short-circuited and no fallback available.
RecoveringCommand short-circuited and no fallback available.
RecoveringCommand short-circuited and no fallback available.
RecoveringCommand short-circuited and no fallback available.
RecoveringCommand short-circuited and no fallback available.
RecoveringCommand short-circuited and no fallback available.
RecoveringCommand short-circuited and no fallback available.
RecoveringCommand short-circuited and no fallback available.
RecoveringCommand short-circuited and no fallback available.
RecoveringCommand short-circuited and no fallback available.
RecoveringCommand short-circuited and no fallback available.
RecoveringCommand short-circuited and no fallback available.
RecoveringCommand short-circuited and no fallback available.
RecoveringCommand short-circuited and no fallback available.
RecoveringCommand short-circuited and no fallback available.
RecoveringCommand short-circuited and no fallback available.
RecoveringCommand short-circuited and no fallback available.
RecoveringCommand short-circuited and no fallback available.
RecoveringCommand short-circuited and no fallback available.
RecoveringCommand short-circuited and no fallback available.
RecoveringCommand short-circuited and no fallback available.
RecoveringCommand short-circuited and no fallback available.
RecoveringCommand short-circuited and no fallback available.
RecoveringCommand short-circuited and no fallback available.
RecoveringCommand short-circuited and no fallback available.
RecoveringCommand short-circuited and no fallback available.
RecoveringCommand short-circuited and no fallback available.
RecoveringCommand short-circuited and no fallback available.
RecoveringCommand short-circuited and no fallback available.
RecoveringCommand short-circuited and no fallback available.
RecoveringCommand short-circuited and no fallback available.
RecoveringCommand short-circuited and no fallback available.
RecoveringCommand short-circuited and no fallback available.
RecoveringCommand short-circuited and no fallback available.
RecoveringCommand short-circuited and no fallback available.
RecoveringCommand short-circuited and no fallback available.
RecoveringCommand short-circuited and no fallback available.
RecoveringCommand short-circuited and no fallback available.
RecoveringCommand short-circuited and no fallback available.
RecoveringCommand short-circuited and no fallback available.
RecoveringCommand short-circuited and no fallback available.
RecoveringCommand short-circuited and no fallback available.
RecoveringCommand short-circuited and no fallback available.
RecoveringCommand short-circuited and no fallback available.
RecoveringCommand short-circuited and no fallback available.
RecoveringCommand short-circuited and no fallback available.
RecoveringCommand short-circuited and no fallback available.
RecoveringCommand short-circuited and no fallback available.
RecoveringCommand short-circuited and no fallback available.
RecoveringCommand short-circuited and no fallback available.
RecoveringCommand short-circuited and no fallback available.
RecoveringCommand short-circuited and no fallback available.
RecoveringCommand short-circuited and no fallback available.
RecoveringCommand short-circuited and no fallback available.
RecoveringCommand short-circuited and no fallback available.
RecoveringCommand short-circuited and no fallback available.
RecoveringCommand short-circuited and no fallback available.
RecoveringCommand short-circuited and no fallback available.
RecoveringCommand short-circuited and no fallback available.
RecoveringCommand short-circuited and no fallback available.
RecoveringCommand short-circuited and no fallback available.
RecoveringCommand short-circuited and no fallback available.
RecoveringCommand short-circuited and no fallback available.
RecoveringCommand short-circuited and no fallback available.
RecoveringCommand short-circuited and no fallback available.
RecoveringCommand short-circuited and no fallback available.
RecoveringCommand short-circuited and no fallback available.
RecoveringCommand short-circuited and no fallback available.
RecoveringCommand short-circuited and no fallback available.
RecoveringCommand short-circuited and no fallback available.
RecoveringCommand short-circuited and no fallback available.
RecoveringCommand short-circuited and no fallback available.
RecoveringCommand short-circuited and no fallback available.
RecoveringCommand short-circuited and no fallback available.
RecoveringCommand short-circuited and no fallback available.
RecoveringCommand short-circuited and no fallback available.
RecoveringCommand short-circuited and no fallback available.
RecoveringCommand short-circuited and no fallback available.
RecoveringCommand short-circuited and no fallback available.
RecoveringCommand short-circuited and no fallback available.
RecoveringCommand short-circuited and no fallback available.
RecoveringCommand short-circuited and no fallback available.
RecoveringCommand short-circuited and no fallback available.
RecoveringCommand short-circuited and no fallback available.
RecoveringCommand short-circuited and no fallback available.
RecoveringCommand short-circuited and no fallback available.
RecoveringCommand short-circuited and no fallback available.
RecoveringCommand short-circuited and no fallback available.
RecoveringCommand short-circuited and no fallback available.
RecoveringCommand short-circuited and no fallback available.
RecoveringCommand short-circuited and no fallback available.
RecoveringCommand short-circuited and no fallback available.
RecoveringCommand short-circuited and no fallback available.
RecoveringCommand short-circuited and no fallback available.
RecoveringCommand short-circuited and no fallback available.
RecoveringCommand short-circuited and no fallback available.
RecoveringCommand short-circuited and no fallback available.
RecoveringCommand short-circuited and no fallback available.
RecoveringCommand short-circuited and no fallback available.
RecoveringCommand short-circuited and no fallback available.
RecoveringCommand short-circuited and no fallback available.
RecoveringCommand short-circuited and no fallback available.
RecoveringCommand short-circuited and no fallback available.
RecoveringCommand short-circuited and no fallback available.
RecoveringCommand short-circuited and no fallback available.
RecoveringCommand short-circuited and no fallback available.
RecoveringCommand short-circuited and no fallback available.
RecoveringCommand short-circuited and no fallback available.
RecoveringCommand short-circuited and no fallback available.
RecoveringCommand short-circuited and no fallback available.
RecoveringCommand short-circuited and no fallback available.
RecoveringCommand short-circuited and no fallback available.
RecoveringCommand short-circuited and no fallback available.
RecoveringCommand short-circuited and no fallback available.
RecoveringCommand short-circuited and no fallback available.
RecoveringCommand short-circuited and no fallback available.
RecoveringCommand short-circuited and no fallback available.
RecoveringCommand short-circuited and no fallback available.
RecoveringCommand short-circuited and no fallback available.
RecoveringCommand short-circuited and no fallback available.
RecoveringCommand short-circuited and no fallback available.
RecoveringCommand short-circuited and no fallback available.
RecoveringCommand short-circuited and no fallback available.
RecoveringCommand short-circuited and no fallback available.
RecoveringCommand short-circuited and no fallback available.
RecoveringCommand short-circuited and no fallback available.
RecoveringCommand short-circuited and no fallback available.
RecoveringCommand short-circuited and no fallback available.
RecoveringCommand short-circuited and no fallback available.
RecoveringCommand short-circuited and no fallback available.
RecoveringCommand short-circuited and no fallback available.
RecoveringCommand short-circuited and no fallback available.
RecoveringCommand short-circuited and no fallback available.
RecoveringCommand short-circuited and no fallback available.
RecoveringCommand short-circuited and no fallback available.
RecoveringCommand short-circuited and no fallback available.
RecoveringCommand short-circuited and no fallback available.
RecoveringCommand short-circuited and no fallback available.
RecoveringCommand short-circuited and no fallback available.
RecoveringCommand short-circuited and no fallback available.
RecoveringCommand short-circuited and no fallback available.
RecoveringCommand short-circuited and no fallback available.
RecoveringCommand short-circuited and no fallback available.
RecoveringCommand short-circuited and no fallback available.
RecoveringCommand short-circuited and no fallback available.
RecoveringCommand short-circuited and no fallback available.
RecoveringCommand short-circuited and no fallback available.
RecoveringCommand short-circuited and no fallback available.
RecoveringCommand short-circuited and no fallback available.
RecoveringCommand short-circuited and no fallback available.
RecoveringCommand short-circuited and no fallback available.
RecoveringCommand short-circuited and no fallback available.
RecoveringCommand short-circuited and no fallback available.
RecoveringCommand short-circuited and no fallback available.
RecoveringCommand short-circuited and no fallback available.
RecoveringCommand short-circuited and no fallback available.
RecoveringCommand short-circuited and no fallback available.
RecoveringCommand short-circuited and no fallback available.
RecoveringCommand short-circuited and no fallback available.
RecoveringCommand short-circuited and no fallback available.
RecoveringCommand short-circuited and no fallback available.
RecoveringCommand short-circuited and no fallback available.
RecoveringCommand short-circuited and no fallback available.
RecoveringCommand short-circuited and no fallback available.
RecoveringCommand short-circuited and no fallback available.
RecoveringCommand short-circuited and no fallback available.
RecoveringCommand short-circuited and no fallback available.
RecoveringCommand short-circuited and no fallback available.
RecoveringCommand short-circuited and no fallback available.
RecoveringCommand short-circuited and no fallback available.
RecoveringCommand short-circuited and no fallback available.
RecoveringCommand short-circuited and no fallback available.
RecoveringCommand short-circuited and no fallback available.
RecoveringCommand short-circuited and no fallback available.
RecoveringCommand short-circuited and no fallback available.
RecoveringCommand short-circuited and no fallback available.
RecoveringCommand short-circuited and no fallback available.
RecoveringCommand short-circuited and no fallback available.
RecoveringCommand short-circuited and no fallback available.
RecoveringCommand short-circuited and no fallback available.
RecoveringCommand short-circuited and no fallback available.
RecoveringCommand short-circuited and no fallback available.
RecoveringCommand short-circuited and no fallback available.
RecoveringCommand short-circuited and no fallback available.
RecoveringCommand short-circuited and no fallback available.
RecoveringCommand short-circuited and no fallback available.
RecoveringCommand short-circuited and no fallback available.
RecoveringCommand short-circuited and no fallback available.
RecoveringCommand short-circuited and no fallback available.
RecoveringCommand short-circuited and no fallback available.
RecoveringCommand short-circuited and no fallback available.
RecoveringCommand short-circuited and no fallback available.
RecoveringCommand short-circuited and no fallback available.
RecoveringCommand short-circuited and no fallback available.
RecoveringCommand short-circuited and no fallback available.
RecoveringCommand short-circuited and no fallback available.
RecoveringCommand short-circuited and no fallback available.
RecoveringCommand short-circuited and no fallback available.
RecoveringCommand short-circuited and no fallback available.
RecoveringCommand short-circuited and no fallback available.
RecoveringCommand short-circuited and no fallback available.
RecoveringCommand short-circuited and no fallback available.
RecoveringCommand short-circuited and no fallback available.
RecoveringCommand short-circuited and no fallback available.
RecoveringCommand short-circuited and no fallback available.
RecoveringCommand short-circuited and no fallback available.
RecoveringCommand short-circuited and no fallback available.
RecoveringCommand short-circuited and no fallback available.
RecoveringCommand short-circuited and no fallback available.
RecoveringCommand short-circuited and no fallback available.
RecoveringCommand short-circuited and no fallback available.
RecoveringCommand short-circuited and no fallback available.
RecoveringCommand short-circuited and no fallback available.
RecoveringCommand short-circuited and no fallback available.
RecoveringCommand short-circuited and no fallback available.
RecoveringCommand short-circuited and no fallback available.
RecoveringCommand short-circuited and no fallback available.
RecoveringCommand short-circuited and no fallback available.
RecoveringCommand short-circuited and no fallback available.
RecoveringCommand short-circuited and no fallback available.
RecoveringCommand short-circuited and no fallback available.
RecoveringCommand short-circuited and no fallback available.
RecoveringCommand short-circuited and no fallback available.
RecoveringCommand short-circuited and no fallback available.
RecoveringCommand short-circuited and no fallback available.
RecoveringCommand short-circuited and no fallback available.
RecoveringCommand short-circuited and no fallback available.
RecoveringCommand short-circuited and no fallback available.
RecoveringCommand short-circuited and no fallback available.
RecoveringCommand short-circuited and no fallback available.
RecoveringCommand short-circuited and no fallback available.
RecoveringCommand short-circuited and no fallback available.
RecoveringCommand short-circuited and no fallback available.
RecoveringCommand short-circuited and no fallback available.
RecoveringCommand short-circuited and no fallback available.
RecoveringCommand short-circuited and no fallback available.
RecoveringCommand short-circuited and no fallback available.
RecoveringCommand short-circuited and no fallback available.
RecoveringCommand short-circuited and no fallback available.
RecoveringCommand short-circuited and no fallback available.
RecoveringCommand short-circuited and no fallback available.
RecoveringCommand short-circuited and no fallback available.
RecoveringCommand short-circuited and no fallback available.
RecoveringCommand short-circuited and no fallback available.
RecoveringCommand short-circuited and no fallback available.
RecoveringCommand short-circuited and no fallback available.
RecoveringCommand short-circuited and no fallback available.
RecoveringCommand short-circuited and no fallback available.
RecoveringCommand short-circuited and no fallback available.
RecoveringCommand short-circuited and no fallback available.
RecoveringCommand short-circuited and no fallback available.
RecoveringCommand short-circuited and no fallback available.
RecoveringCommand short-circuited and no fallback available.
RecoveringCommand short-circuited and no fallback available.
RecoveringCommand short-circuited and no fallback available.
RecoveringCommand short-circuited and no fallback available.
RecoveringCommand short-circuited and no fallback available.
RecoveringCommand short-circuited and no fallback available.
RecoveringCommand short-circuited and no fallback available.
RecoveringCommand short-circuited and no fallback available.
RecoveringCommand short-circuited and no fallback available.
RecoveringCommand short-circuited and no fallback available.
RecoveringCommand short-circuited and no fallback available.
RecoveringCommand short-circuited and no fallback available.
RecoveringCommand short-circuited and no fallback available.
RecoveringCommand short-circuited and no fallback available.
RecoveringCommand short-circuited and no fallback available.
RecoveringCommand short-circuited and no fallback available.
RecoveringCommand short-circuited and no fallback available.
RecoveringCommand short-circuited and no fallback available.
RecoveringCommand short-circuited and no fallback available.
RecoveringCommand short-circuited and no fallback available.
RecoveringCommand short-circuited and no fallback available.
RecoveringCommand short-circuited and no fallback available.
RecoveringCommand short-circuited and no fallback available.
RecoveringCommand short-circuited and no fallback available.
RecoveringCommand short-circuited and no fallback available.
RecoveringCommand short-circuited and no fallback available.
RecoveringCommand short-circuited and no fallback available.
RecoveringCommand short-circuited and no fallback available.
RecoveringCommand short-circuited and no fallback available.
RecoveringCommand short-circuited and no fallback available.
RecoveringCommand short-circuited and no fallback available.
RecoveringCommand short-circuited and no fallback available.
RecoveringCommand short-circuited and no fallback available.
RecoveringCommand short-circuited and no fallback available.
RecoveringCommand short-circuited and no fallback available.
RecoveringCommand short-circuited and no fallback available.
RecoveringCommand short-circuited and no fallback available.
RecoveringCommand short-circuited and no fallback available.
RecoveringCommand short-circuited and no fallback available.
RecoveringCommand short-circuited and no fallback available.
RecoveringCommand short-circuited and no fallback available.
RecoveringCommand short-circuited and no fallback available.
RecoveringCommand short-circuited and no fallback available.
RecoveringCommand short-circuited and no fallback available.
RecoveringCommand short-circuited and no fallback available.
RecoveringCommand short-circuited and no fallback available.
RecoveringCommand short-circuited and no fallback available.
RecoveringCommand short-circuited and no fallback available.
RecoveringCommand short-circuited and no fallback available.
RecoveringCommand short-circuited and no fallback available.
RecoveringCommand short-circuited and no fallback available.
RecoveringCommand short-circuited and no fallback available.
RecoveringCommand short-circuited and no fallback available.
RecoveringCommand short-circuited and no fallback available.
RecoveringCommand short-circuited and no fallback available.
RecoveringCommand short-circuited and no fallback available.
RecoveringCommand short-circuited and no fallback available.
RecoveringCommand short-circuited and no fallback available.
RecoveringCommand short-circuited and no fallback available.
RecoveringCommand short-circuited and no fallback available.
RecoveringCommand short-circuited and no fallback available.
RecoveringCommand short-circuited and no fallback available.
RecoveringCommand short-circuited and no fallback available.
RecoveringCommand short-circuited and no fallback available.
RecoveringCommand short-circuited and no fallback available.
RecoveringCommand short-circuited and no fallback available.
RecoveringCommand short-circuited and no fallback available.
RecoveringCommand short-circuited and no fallback available.
RecoveringCommand short-circuited and no fallback available.
RecoveringCommand short-circuited and no fallback available.
RecoveringCommand short-circuited and no fallback available.
RecoveringCommand short-circuited and no fallback available.
RecoveringCommand short-circuited and no fallback available.
RecoveringCommand short-circuited and no fallback available.
RecoveringCommand short-circuited and no fallback available.
RecoveringCommand short-circuited and no fallback available.
RecoveringCommand short-circuited and no fallback available.
RecoveringCommand short-circuited and no fallback available.
RecoveringCommand short-circuited and no fallback available.
RecoveringCommand short-circuited and no fallback available.
RecoveringCommand short-circuited and no fallback available.
RecoveringCommand short-circuited and no fallback available.
RecoveringCommand short-circuited and no fallback available.
RecoveringCommand short-circuited and no fallback available.
RecoveringCommand short-circuited and no fallback available.
RecoveringCommand short-circuited and no fallback available.
RecoveringCommand short-circuited and no fallback available.
RecoveringCommand short-circuited and no fallback available.
RecoveringCommand short-circuited and no fallback available.
RecoveringCommand short-circuited and no fallback available.
RecoveringCommand short-circuited and no fallback available.
RecoveringCommand short-circuited and no fallback available.
RecoveringCommand short-circuited and no fallback available.
RecoveringCommand short-circuited and no fallback available.
RecoveringCommand short-circuited and no fallback available.
RecoveringCommand short-circuited and no fallback available.
RecoveringCommand short-circuited and no fallback available.
RecoveringCommand short-circuited and no fallback available.
RecoveringCommand short-circuited and no fallback available.
RecoveringCommand short-circuited and no fallback available.
RecoveringCommand short-circuited and no fallback available.
RecoveringCommand short-circuited and no fallback available.
RecoveringCommand short-circuited and no fallback available.
RecoveringCommand short-circuited and no fallback available.
RecoveringCommand short-circuited and no fallback available.
RecoveringCommand short-circuited and no fallback available.
RecoveringCommand short-circuited and no fallback available.
RecoveringCommand short-circuited and no fallback available.
RecoveringCommand short-circuited and no fallback available.
RecoveringCommand short-circuited and no fallback available.
RecoveringCommand short-circuited and no fallback available.
RecoveringCommand short-circuited and no fallback available.
RecoveringCommand short-circuited and no fallback available.
RecoveringCommand short-circuited and no fallback available.
RecoveringCommand short-circuited and no fallback available.
RecoveringCommand short-circuited and no fallback available.
RecoveringCommand short-circuited and no fallback available.
RecoveringCommand short-circuited and no fallback available.
RecoveringCommand short-circuited and no fallback available.
RecoveringCommand short-circuited and no fallback available.
RecoveringCommand short-circuited and no fallback available.
RecoveringCommand short-circuited and no fallback available.
RecoveringCommand short-circuited and no fallback available.
RecoveringCommand short-circuited and no fallback available.
RecoveringCommand short-circuited and no fallback available.
RecoveringCommand short-circuited and no fallback available.
RecoveringCommand short-circuited and no fallback available.
RecoveringCommand short-circuited and no fallback available.
RecoveringCommand short-circuited and no fallback available.
RecoveringCommand short-circuited and no fallback available.
RecoveringCommand short-circuited and no fallback available.
RecoveringCommand short-circuited and no fallback available.
RecoveringCommand short-circuited and no fallback available.
RecoveringCommand short-circuited and no fallback available.
RecoveringCommand short-circuited and no fallback available.
RecoveringCommand short-circuited and no fallback available.
RecoveringCommand short-circuited and no fallback available.
RecoveringCommand short-circuited and no fallback available.
RecoveringCommand short-circuited and no fallback available.
RecoveringCommand short-circuited and no fallback available.
RecoveringCommand short-circuited and no fallback available.
RecoveringCommand short-circuited and no fallback available.
RecoveringCommand short-circuited and no fallback available.
RecoveringCommand short-circuited and no fallback available.
RecoveringCommand short-circuited and no fallback available.
RecoveringCommand short-circuited and no fallback available.
RecoveringCommand short-circuited and no fallback available.
RecoveringCommand short-circuited and no fallback available.
RecoveringCommand short-circuited and no fallback available.
RecoveringCommand short-circuited and no fallback available.
RecoveringCommand short-circuited and no fallback available.
RecoveringCommand short-circuited and no fallback available.
RecoveringCommand short-circuited and no fallback available.
RecoveringCommand short-circuited and no fallback available.
RecoveringCommand short-circuited and no fallback available.
RecoveringCommand short-circuited and no fallback available.
RecoveringCommand short-circuited and no fallback available.
RecoveringCommand short-circuited and no fallback available.
RecoveringCommand short-circuited and no fallback available.
RecoveringCommand short-circuited and no fallback available.
RecoveringCommand short-circuited and no fallback available.
RecoveringCommand short-circuited and no fallback available.
RecoveringCommand short-circuited and no fallback available.
RecoveringCommand short-circuited and no fallback available.
RecoveringCommand short-circuited and no fallback available.
RecoveringCommand short-circuited and no fallback available.
RecoveringCommand short-circuited and no fallback available.
RecoveringCommand short-circuited and no fallback available.
RecoveringCommand short-circuited and no fallback available.
RecoveringCommand short-circuited and no fallback available.
RecoveringCommand short-circuited and no fallback available.
RecoveringCommand short-circuited and no fallback available.
RecoveringCommand short-circuited and no fallback available.
RecoveringCommand short-circuited and no fallback available.
RecoveringCommand short-circuited and no fallback available.
RecoveringCommand short-circuited and no fallback available.
RecoveringCommand short-circuited and no fallback available.
RecoveringCommand short-circuited and no fallback available.
RecoveringCommand short-circuited and no fallback available.
RecoveringCommand short-circuited and no fallback available.
RecoveringCommand short-circuited and no fallback available.
RecoveringCommand short-circuited and no fallback available.
RecoveringCommand short-circuited and no fallback available.
RecoveringCommand short-circuited and no fallback available.
RecoveringCommand short-circuited and no fallback available.
RecoveringCommand short-circuited and no fallback available.
RecoveringCommand short-circuited and no fallback available.
RecoveringCommand short-circuited and no fallback available.
RecoveringCommand short-circuited and no fallback available.
RecoveringCommand short-circuited and no fallback available.
RecoveringCommand short-circuited and no fallback available.
RecoveringCommand short-circuited and no fallback available.
RecoveringCommand short-circuited and no fallback available.
RecoveringCommand short-circuited and no fallback available.
RecoveringCommand short-circuited and no fallback available.
RecoveringCommand short-circuited and no fallback available.
RecoveringCommand short-circuited and no fallback available.
RecoveringCommand short-circuited and no fallback available.
RecoveringCommand short-circuited and no fallback available.
RecoveringCommand short-circuited and no fallback available.
RecoveringCommand short-circuited and no fallback available.
RecoveringCommand short-circuited and no fallback available.
RecoveringCommand short-circuited and no fallback available.
RecoveringCommand short-circuited and no fallback available.
RecoveringCommand short-circuited and no fallback available.
RecoveringCommand short-circuited and no fallback available.
RecoveringCommand short-circuited and no fallback available.
RecoveringCommand short-circuited and no fallback available.
RecoveringCommand short-circuited and no fallback available.
RecoveringCommand short-circuited and no fallback available.
RecoveringCommand short-circuited and no fallback available.
RecoveringCommand short-circuited and no fallback available.
RecoveringCommand short-circuited and no fallback available.
RecoveringCommand short-circuited and no fallback available.
RecoveringCommand short-circuited and no fallback available.
RecoveringCommand short-circuited and no fallback available.
RecoveringCommand short-circuited and no fallback available.
RecoveringCommand short-circuited and no fallback available.
RecoveringCommand short-circuited and no fallback available.
RecoveringCommand short-circuited and no fallback available.
RecoveringCommand short-circuited and no fallback available.
RecoveringCommand short-circuited and no fallback available.
RecoveringCommand short-circuited and no fallback available.
RecoveringCommand short-circuited and no fallback available.
RecoveringCommand short-circuited and no fallback available.
RecoveringCommand short-circuited and no fallback available.
RecoveringCommand short-circuited and no fallback available.
RecoveringCommand short-circuited and no fallback available.
RecoveringCommand short-circuited and no fallback available.
RecoveringCommand short-circuited and no fallback available.
RecoveringCommand short-circuited and no fallback available.
RecoveringCommand short-circuited and no fallback available.
RecoveringCommand short-circuited and no fallback available.
RecoveringCommand short-circuited and no fallback available.
RecoveringCommand short-circuited and no fallback available.
RecoveringCommand short-circuited and no fallback available.
RecoveringCommand short-circuited and no fallback available.
RecoveringCommand short-circuited and no fallback available.
RecoveringCommand short-circuited and no fallback available.
RecoveringCommand short-circuited and no fallback available.
RecoveringCommand short-circuited and no fallback available.
RecoveringCommand short-circuited and no fallback available.
RecoveringCommand short-circuited and no fallback available.
RecoveringCommand short-circuited and no fallback available.
RecoveringCommand short-circuited and no fallback available.
RecoveringCommand short-circuited and no fallback available.
RecoveringCommand short-circuited and no fallback available.
RecoveringCommand short-circuited and no fallback available.
RecoveringCommand short-circuited and no fallback available.
RecoveringCommand short-circuited and no fallback available.
RecoveringCommand short-circuited and no fallback available.
RecoveringCommand short-circuited and no fallback available.
RecoveringCommand short-circuited and no fallback available.
RecoveringCommand short-circuited and no fallback available.
RecoveringCommand short-circuited and no fallback available.
RecoveringCommand short-circuited and no fallback available.
RecoveringCommand short-circuited and no fallback available.
RecoveringCommand short-circuited and no fallback available.
RecoveringCommand short-circuited and no fallback available.
RecoveringCommand short-circuited and no fallback available.
RecoveringCommand short-circuited and no fallback available.
RecoveringCommand short-circuited and no fallback available.
RecoveringCommand short-circuited and no fallback available.
RecoveringCommand short-circuited and no fallback available.
RecoveringCommand short-circuited and no fallback available.
RecoveringCommand short-circuited and no fallback available.
RecoveringCommand short-circuited and no fallback available.
RecoveringCommand short-circuited and no fallback available.
RecoveringCommand short-circuited and no fallback available.
RecoveringCommand short-circuited and no fallback available.
RecoveringCommand short-circuited and no fallback available.
RecoveringCommand short-circuited and no fallback available.
RecoveringCommand short-circuited and no fallback available.
RecoveringCommand short-circuited and no fallback available.
RecoveringCommand short-circuited and no fallback available.
RecoveringCommand short-circuited and no fallback available.
RecoveringCommand short-circuited and no fallback available.
RecoveringCommand short-circuited and no fallback available.
RecoveringCommand short-circuited and no fallback available.
RecoveringCommand short-circuited and no fallback available.
RecoveringCommand short-circuited and no fallback available.
RecoveringCommand short-circuited and no fallback available.
RecoveringCommand short-circuited and no fallback available.
RecoveringCommand short-circuited and no fallback available.
RecoveringCommand short-circuited and no fallback available.
RecoveringCommand short-circuited and no fallback available.
RecoveringCommand short-circuited and no fallback available.
RecoveringCommand short-circuited and no fallback available.
RecoveringCommand short-circuited and no fallback available.
RecoveringCommand short-circuited and no fallback available.
RecoveringCommand short-circuited and no fallback available.
RecoveringCommand short-circuited and no fallback available.
RecoveringCommand short-circuited and no fallback available.
RecoveringCommand short-circuited and no fallback available.
RecoveringCommand short-circuited and no fallback available.
RecoveringCommand short-circuited and no fallback available.
RecoveringCommand short-circuited and no fallback available.
RecoveringCommand short-circuited and no fallback available.
RecoveringCommand short-circuited and no fallback available.
RecoveringCommand short-circuited and no fallback available.
RecoveringCommand short-circuited and no fallback available.
RecoveringCommand short-circuited and no fallback available.
RecoveringCommand short-circuited and no fallback available.
RecoveringCommand short-circuited and no fallback available.
RecoveringCommand short-circuited and no fallback available.
RecoveringCommand short-circuited and no fallback available.
RecoveringCommand short-circuited and no fallback available.
RecoveringCommand short-circuited and no fallback available.
RecoveringCommand short-circuited and no fallback available.
RecoveringCommand short-circuited and no fallback available.
RecoveringCommand short-circuited and no fallback available.
RecoveringCommand short-circuited and no fallback available.
RecoveringCommand short-circuited and no fallback available.
RecoveringCommand short-circuited and no fallback available.
RecoveringCommand short-circuited and no fallback available.
RecoveringCommand short-circuited and no fallback available.
RecoveringCommand short-circuited and no fallback available.
RecoveringCommand short-circuited and no fallback available.
RecoveringCommand short-circuited and no fallback available.
RecoveringCommand short-circuited and no fallback available.
RecoveringCommand short-circuited and no fallback available.
RecoveringCommand short-circuited and no fallback available.
RecoveringCommand short-circuited and no fallback available.
RecoveringCommand short-circuited and no fallback available.
RecoveringCommand short-circuited and no fallback available.
RecoveringCommand short-circuited and no fallback available.
RecoveringCommand short-circuited and no fallback available.
RecoveringCommand short-circuited and no fallback available.
RecoveringCommand short-circuited and no fallback available.
RecoveringCommand short-circuited and no fallback available.
RecoveringCommand short-circuited and no fallback available.
RecoveringCommand short-circuited and no fallback available.
RecoveringCommand short-circuited and no fallback available.
RecoveringCommand short-circuited and no fallback available.
RecoveringCommand short-circuited and no fallback available.
RecoveringCommand short-circuited and no fallback available.
RecoveringCommand short-circuited and no fallback available.
RecoveringCommand short-circuited and no fallback available.
RecoveringCommand short-circuited and no fallback available.
RecoveringCommand short-circuited and no fallback available.
RecoveringCommand short-circuited and no fallback available.
RecoveringCommand short-circuited and no fallback available.
RecoveringCommand short-circuited and no fallback available.
RecoveringCommand short-circuited and no fallback available.
RecoveringCommand short-circuited and no fallback available.
RecoveringCommand short-circuited and no fallback available.
RecoveringCommand short-circuited and no fallback available.
RecoveringCommand short-circuited and no fallback available.
RecoveringCommand short-circuited and no fallback available.
RecoveringCommand short-circuited and no fallback available.
RecoveringCommand short-circuited and no fallback available.
RecoveringCommand short-circuited and no fallback available.
RecoveringCommand short-circuited and no fallback available.
RecoveringCommand short-circuited and no fallback available.
RecoveringCommand short-circuited and no fallback available.
RecoveringCommand short-circuited and no fallback available.
RecoveringCommand short-circuited and no fallback available.
RecoveringCommand short-circuited and no fallback available.
RecoveringCommand short-circuited and no fallback available.
RecoveringCommand short-circuited and no fallback available.
RecoveringCommand short-circuited and no fallback available.
RecoveringCommand short-circuited and no fallback available.
RecoveringCommand short-circuited and no fallback available.
RecoveringCommand short-circuited and no fallback available.
RecoveringCommand short-circuited and no fallback available.
RecoveringCommand short-circuited and no fallback available.
RecoveringCommand short-circuited and no fallback available.
RecoveringCommand short-circuited and no fallback available.
RecoveringCommand short-circuited and no fallback available.
RecoveringCommand short-circuited and no fallback available.
RecoveringCommand short-circuited and no fallback available.
RecoveringCommand short-circuited and no fallback available.
RecoveringCommand short-circuited and no fallback available.
RecoveringCommand short-circuited and no fallback available.
RecoveringCommand short-circuited and no fallback available.
RecoveringCommand short-circuited and no fallback available.
RecoveringCommand short-circuited and no fallback available.
RecoveringCommand short-circuited and no fallback available.
RecoveringCommand short-circuited and no fallback available.
RecoveringCommand short-circuited and no fallback available.
RecoveringCommand short-circuited and no fallback available.
RecoveringCommand short-circuited and no fallback available.
RecoveringCommand short-circuited and no fallback available.
RecoveringCommand short-circuited and no fallback available.
RecoveringCommand short-circuited and no fallback available.
RecoveringCommand short-circuited and no fallback available.
RecoveringCommand short-circuited and no fallback available.
RecoveringCommand short-circuited and no fallback available.
RecoveringCommand short-circuited and no fallback available.
RecoveringCommand short-circuited and no fallback available.
RecoveringCommand short-circuited and no fallback available.
RecoveringCommand short-circuited and no fallback available.
RecoveringCommand short-circuited and no fallback available.
RecoveringCommand short-circuited and no fallback available.
RecoveringCommand short-circuited and no fallback available.
RecoveringCommand short-circuited and no fallback available.
RecoveringCommand short-circuited and no fallback available.
RecoveringCommand short-circuited and no fallback available.
RecoveringCommand short-circuited and no fallback available.
RecoveringCommand short-circuited and no fallback available.
RecoveringCommand short-circuited and no fallback available.
RecoveringCommand short-circuited and no fallback available.
RecoveringCommand short-circuited and no fallback available.
RecoveringCommand short-circuited and no fallback available.
RecoveringCommand short-circuited and no fallback available.
RecoveringCommand short-circuited and no fallback available.
RecoveringCommand short-circuited and no fallback available.
RecoveringCommand short-circuited and no fallback available.
RecoveringCommand short-circuited and no fallback available.
RecoveringCommand short-circuited and no fallback available.
RecoveringCommand short-circuited and no fallback available.
RecoveringCommand short-circuited and no fallback available.
RecoveringCommand short-circuited and no fallback available.
RecoveringCommand short-circuited and no fallback available.
RecoveringCommand short-circuited and no fallback available.
RecoveringCommand short-circuited and no fallback available.
RecoveringCommand short-circuited and no fallback available.
RecoveringCommand short-circuited and no fallback available.
RecoveringCommand short-circuited and no fallback available.
RecoveringCommand short-circuited and no fallback available.
RecoveringCommand short-circuited and no fallback available.
RecoveringCommand short-circuited and no fallback available.
RecoveringCommand short-circuited and no fallback available.
RecoveringCommand short-circuited and no fallback available.
RecoveringCommand short-circuited and no fallback available.
RecoveringCommand short-circuited and no fallback available.
RecoveringCommand short-circuited and no fallback available.
RecoveringCommand short-circuited and no fallback available.
RecoveringCommand short-circuited and no fallback available.
RecoveringCommand short-circuited and no fallback available.
RecoveringCommand short-circuited and no fallback available.
RecoveringCommand short-circuited and no fallback available.
RecoveringCommand short-circuited and no fallback available.
RecoveringCommand short-circuited and no fallback available.
RecoveringCommand short-circuited and no fallback available.
RecoveringCommand short-circuited and no fallback available.
RecoveringCommand short-circuited and no fallback available.
RecoveringCommand short-circuited and no fallback available.
RecoveringCommand short-circuited and no fallback available.
RecoveringCommand short-circuited and no fallback available.
RecoveringCommand short-circuited and no fallback available.
RecoveringCommand short-circuited and no fallback available.
RecoveringCommand short-circuited and no fallback available.
RecoveringCommand short-circuited and no fallback available.
RecoveringCommand short-circuited and no fallback available.
RecoveringCommand short-circuited and no fallback available.
RecoveringCommand short-circuited and no fallback available.
RecoveringCommand short-circuited and no fallback available.
RecoveringCommand short-circuited and no fallback available.
RecoveringCommand short-circuited and no fallback available.
RecoveringCommand short-circuited and no fallback available.
RecoveringCommand short-circuited and no fallback available.
RecoveringCommand short-circuited and no fallback available.
RecoveringCommand short-circuited and no fallback available.
RecoveringCommand short-circuited and no fallback available.
RecoveringCommand short-circuited and no fallback available.
RecoveringCommand short-circuited and no fallback available.
RecoveringCommand short-circuited and no fallback available.
RecoveringCommand short-circuited and no fallback available.
RecoveringCommand short-circuited and no fallback available.
RecoveringCommand short-circuited and no fallback available.
RecoveringCommand short-circuited and no fallback available.
RecoveringCommand short-circuited and no fallback available.
RecoveringCommand short-circuited and no fallback available.
RecoveringCommand short-circuited and no fallback available.
RecoveringCommand short-circuited and no fallback available.
RecoveringCommand short-circuited and no fallback available.
RecoveringCommand short-circuited and no fallback available.
RecoveringCommand short-circuited and no fallback available.
RecoveringCommand short-circuited and no fallback available.
RecoveringCommand short-circuited and no fallback available.
RecoveringCommand short-circuited and no fallback available.
RecoveringCommand short-circuited and no fallback available.
RecoveringCommand short-circuited and no fallback available.
RecoveringCommand short-circuited and no fallback available.
RecoveringCommand short-circuited and no fallback available.
RecoveringCommand short-circuited and no fallback available.
RecoveringCommand short-circuited and no fallback available.
RecoveringCommand short-circuited and no fallback available.
RecoveringCommand short-circuited and no fallback available.
RecoveringCommand short-circuited and no fallback available.
RecoveringCommand short-circuited and no fallback available.
RecoveringCommand short-circuited and no fallback available.
RecoveringCommand short-circuited and no fallback available.
RecoveringCommand short-circuited and no fallback available.
RecoveringCommand short-circuited and no fallback available.
RecoveringCommand short-circuited and no fallback available.
RecoveringCommand short-circuited and no fallback available.
RecoveringCommand short-circuited and no fallback available.
RecoveringCommand short-circuited and no fallback available.
RecoveringCommand short-circuited and no fallback available.
RecoveringCommand short-circuited and no fallback available.
RecoveringCommand short-circuited and no fallback available.
RecoveringCommand short-circuited and no fallback available.
RecoveringCommand short-circuited and no fallback available.
RecoveringCommand short-circuited and no fallback available.
RecoveringCommand short-circuited and no fallback available.
RecoveringCommand short-circuited and no fallback available.
RecoveringCommand short-circuited and no fallback available.
RecoveringCommand short-circuited and no fallback available.
RecoveringCommand short-circuited and no fallback available.
RecoveringCommand short-circuited and no fallback available.
RecoveringCommand short-circuited and no fallback available.
RecoveringCommand short-circuited and no fallback available.
RecoveringCommand short-circuited and no fallback available.
RecoveringCommand short-circuited and no fallback available.
RecoveringCommand short-circuited and no fallback available.
RecoveringCommand short-circuited and no fallback available.
RecoveringCommand short-circuited and no fallback available.
RecoveringCommand short-circuited and no fallback available.
RecoveringCommand short-circuited and no fallback available.
RecoveringCommand short-circuited and no fallback available.
RecoveringCommand short-circuited and no fallback available.
RecoveringCommand short-circuited and no fallback available.
RecoveringCommand short-circuited and no fallback available.
RecoveringCommand short-circuited and no fallback available.
RecoveringCommand short-circuited and no fallback available.
RecoveringCommand short-circuited and no fallback available.
RecoveringCommand short-circuited and no fallback available.
RecoveringCommand short-circuited and no fallback available.
RecoveringCommand short-circuited and no fallback available.
RecoveringCommand short-circuited and no fallback available.
RecoveringCommand short-circuited and no fallback available.
RecoveringCommand short-circuited and no fallback available.
RecoveringCommand short-circuited and no fallback available.
RecoveringCommand short-circuited and no fallback available.
RecoveringCommand short-circuited and no fallback available.
RecoveringCommand short-circuited and no fallback available.
RecoveringCommand short-circuited and no fallback available.
RecoveringCommand short-circuited and no fallback available.
RecoveringCommand short-circuited and no fallback available.
RecoveringCommand short-circuited and no fallback available.
RecoveringCommand short-circuited and no fallback available.
RecoveringCommand short-circuited and no fallback available.
RecoveringCommand short-circuited and no fallback available.
RecoveringCommand short-circuited and no fallback available.
RecoveringCommand short-circuited and no fallback available.
RecoveringCommand short-circuited and no fallback available.
RecoveringCommand short-circuited and no fallback available.
RecoveringCommand short-circuited and no fallback available.
RecoveringCommand short-circuited and no fallback available.
RecoveringCommand short-circuited and no fallback available.
RecoveringCommand short-circuited and no fallback available.
RecoveringCommand short-circuited and no fallback available.
RecoveringCommand short-circuited and no fallback available.
RecoveringCommand short-circuited and no fallback available.
RecoveringCommand short-circuited and no fallback available.
RecoveringCommand short-circuited and no fallback available.
RecoveringCommand short-circuited and no fallback available.
RecoveringCommand short-circuited and no fallback available.
RecoveringCommand short-circuited and no fallback available.
RecoveringCommand short-circuited and no fallback available.
RecoveringCommand short-circuited and no fallback available.
RecoveringCommand short-circuited and no fallback available.
RecoveringCommand short-circuited and no fallback available.
RecoveringCommand short-circuited and no fallback available.
RecoveringCommand short-circuited and no fallback available.
RecoveringCommand short-circuited and no fallback available.
RecoveringCommand short-circuited and no fallback available.
RecoveringCommand short-circuited and no fallback available.
RecoveringCommand short-circuited and no fallback available.
RecoveringCommand short-circuited and no fallback available.
RecoveringCommand short-circuited and no fallback available.
RecoveringCommand short-circuited and no fallback available.
RecoveringCommand short-circuited and no fallback available.
RecoveringCommand short-circuited and no fallback available.
RecoveringCommand short-circuited and no fallback available.
RecoveringCommand short-circuited and no fallback available.
RecoveringCommand short-circuited and no fallback available.
RecoveringCommand short-circuited and no fallback available.
RecoveringCommand short-circuited and no fallback available.
RecoveringCommand short-circuited and no fallback available.
RecoveringCommand short-circuited and no fallback available.
RecoveringCommand short-circuited and no fallback available.
RecoveringCommand short-circuited and no fallback available.
RecoveringCommand short-circuited and no fallback available.
RecoveringCommand short-circuited and no fallback available.
RecoveringCommand short-circuited and no fallback available.
RecoveringCommand short-circuited and no fallback available.
RecoveringCommand short-circuited and no fallback available.
RecoveringCommand short-circuited and no fallback available.
RecoveringCommand short-circuited and no fallback available.
RecoveringCommand short-circuited and no fallback available.
RecoveringCommand short-circuited and no fallback available.
RecoveringCommand short-circuited and no fallback available.
RecoveringCommand short-circuited and no fallback available.
RecoveringCommand short-circuited and no fallback available.
RecoveringCommand short-circuited and no fallback available.
RecoveringCommand short-circuited and no fallback available.
RecoveringCommand short-circuited and no fallback available.
RecoveringCommand short-circuited and no fallback available.
RecoveringCommand short-circuited and no fallback available.
RecoveringCommand short-circuited and no fallback available.
RecoveringCommand short-circuited and no fallback available.
RecoveringCommand short-circuited and no fallback available.
RecoveringCommand short-circuited and no fallback available.
RecoveringCommand short-circuited and no fallback available.
RecoveringCommand short-circuited and no fallback available.
RecoveringCommand short-circuited and no fallback available.
RecoveringCommand short-circuited and no fallback available.
RecoveringCommand short-circuited and no fallback available.
RecoveringCommand short-circuited and no fallback available.
RecoveringCommand short-circuited and no fallback available.
RecoveringCommand short-circuited and no fallback available.
RecoveringCommand short-circuited and no fallback available.
RecoveringCommand short-circuited and no fallback available.
RecoveringCommand short-circuited and no fallback available.
RecoveringCommand short-circuited and no fallback available.
RecoveringCommand short-circuited and no fallback available.
RecoveringCommand short-circuited and no fallback available.
RecoveringCommand short-circuited and no fallback available.
RecoveringCommand short-circuited and no fallback available.
RecoveringCommand short-circuited and no fallback available.
RecoveringCommand short-circuited and no fallback available.
RecoveringCommand short-circuited and no fallback available.
RecoveringCommand short-circuited and no fallback available.
RecoveringCommand short-circuited and no fallback available.
RecoveringCommand short-circuited and no fallback available.
RecoveringCommand short-circuited and no fallback available.
RecoveringCommand short-circuited and no fallback available.
RecoveringCommand short-circuited and no fallback available.
RecoveringCommand short-circuited and no fallback available.
RecoveringCommand short-circuited and no fallback available.
RecoveringCommand short-circuited and no fallback available.
RecoveringCommand short-circuited and no fallback available.
RecoveringCommand short-circuited and no fallback available.
RecoveringCommand short-circuited and no fallback available.
RecoveringCommand short-circuited and no fallback available.
RecoveringCommand short-circuited and no fallback available.
RecoveringCommand short-circuited and no fallback available.
RecoveringCommand short-circuited and no fallback available.
RecoveringCommand short-circuited and no fallback available.
RecoveringCommand short-circuited and no fallback available.
RecoveringCommand short-circuited and no fallback available.
RecoveringCommand short-circuited and no fallback available.
RecoveringCommand short-circuited and no fallback available.
RecoveringCommand short-circuited and no fallback available.
RecoveringCommand short-circuited and no fallback available.
RecoveringCommand short-circuited and no fallback available.
RecoveringCommand short-circuited and no fallback available.
RecoveringCommand short-circuited and no fallback available.
RecoveringCommand short-circuited and no fallback available.
RecoveringCommand short-circuited and no fallback available.
RecoveringCommand short-circuited and no fallback available.
RecoveringCommand short-circuited and no fallback available.
RecoveringCommand short-circuited and no fallback available.
RecoveringCommand short-circuited and no fallback available.
RecoveringCommand short-circuited and no fallback available.
RecoveringCommand short-circuited and no fallback available.
RecoveringCommand short-circuited and no fallback available.
RecoveringCommand short-circuited and no fallback available.
RecoveringCommand short-circuited and no fallback available.
RecoveringCommand short-circuited and no fallback available.
RecoveringCommand short-circuited and no fallback available.
RecoveringCommand short-circuited and no fallback available.
RecoveringCommand short-circuited and no fallback available.
RecoveringCommand short-circuited and no fallback available.
RecoveringCommand short-circuited and no fallback available.
RecoveringCommand short-circuited and no fallback available.
RecoveringCommand short-circuited and no fallback available.
RecoveringCommand short-circuited and no fallback available.
RecoveringCommand short-circuited and no fallback available.
RecoveringCommand short-circuited and no fallback available.
RecoveringCommand short-circuited and no fallback available.
RecoveringCommand short-circuited and no fallback available.
RecoveringCommand short-circuited and no fallback available.
RecoveringCommand short-circuited and no fallback available.
RecoveringCommand short-circuited and no fallback available.
RecoveringCommand short-circuited and no fallback available.
RecoveringCommand short-circuited and no fallback available.
RecoveringCommand short-circuited and no fallback available.
RecoveringCommand short-circuited and no fallback available.
RecoveringCommand short-circuited and no fallback available.
RecoveringCommand short-circuited and no fallback available.
RecoveringCommand short-circuited and no fallback available.
RecoveringCommand short-circuited and no fallback available.
RecoveringCommand short-circuited and no fallback available.
RecoveringCommand short-circuited and no fallback available.
RecoveringCommand short-circuited and no fallback available.
RecoveringCommand short-circuited and no fallback available.
RecoveringCommand short-circuited and no fallback available.
RecoveringCommand short-circuited and no fallback available.
RecoveringCommand short-circuited and no fallback available.
RecoveringCommand short-circuited and no fallback available.
RecoveringCommand short-circuited and no fallback available.
RecoveringCommand short-circuited and no fallback available.
RecoveringCommand short-circuited and no fallback available.
RecoveringCommand short-circuited and no fallback available.
RecoveringCommand short-circuited and no fallback available.
RecoveringCommand short-circuited and no fallback available.
RecoveringCommand short-circuited and no fallback available.
RecoveringCommand short-circuited and no fallback available.
RecoveringCommand short-circuited and no fallback available.
RecoveringCommand short-circuited and no fallback available.
RecoveringCommand short-circuited and no fallback available.
RecoveringCommand short-circuited and no fallback available.
RecoveringCommand short-circuited and no fallback available.
RecoveringCommand short-circuited and no fallback available.
RecoveringCommand short-circuited and no fallback available.
RecoveringCommand short-circuited and no fallback available.
RecoveringCommand short-circuited and no fallback available.
RecoveringCommand short-circuited and no fallback available.
RecoveringCommand short-circuited and no fallback available.
RecoveringCommand short-circuited and no fallback available.
RecoveringCommand short-circuited and no fallback available.
RecoveringCommand short-circuited and no fallback available.
RecoveringCommand short-circuited and no fallback available.
RecoveringCommand short-circuited and no fallback available.
RecoveringCommand short-circuited and no fallback available.
RecoveringCommand short-circuited and no fallback available.
RecoveringCommand short-circuited and no fallback available.
RecoveringCommand short-circuited and no fallback available.
RecoveringCommand short-circuited and no fallback available.
RecoveringCommand short-circuited and no fallback available.
RecoveringCommand short-circuited and no fallback available.
RecoveringCommand short-circuited and no fallback available.
RecoveringCommand short-circuited and no fallback available.
RecoveringCommand short-circuited and no fallback available.
RecoveringCommand short-circuited and no fallback available.
RecoveringCommand short-circuited and no fallback available.
RecoveringCommand short-circuited and no fallback available.
RecoveringCommand short-circuited and no fallback available.
RecoveringCommand short-circuited and no fallback available.
RecoveringCommand short-circuited and no fallback available.
RecoveringCommand short-circuited and no fallback available.
RecoveringCommand short-circuited and no fallback available.
RecoveringCommand short-circuited and no fallback available.
RecoveringCommand short-circuited and no fallback available.
RecoveringCommand short-circuited and no fallback available.
RecoveringCommand short-circuited and no fallback available.
RecoveringCommand short-circuited and no fallback available.
RecoveringCommand short-circuited and no fallback available.
RecoveringCommand short-circuited and no fallback available.
RecoveringCommand short-circuited and no fallback available.
RecoveringCommand short-circuited and no fallback available.
RecoveringCommand short-circuited and no fallback available.
RecoveringCommand short-circuited and no fallback available.
RecoveringCommand short-circuited and no fallback available.
RecoveringCommand short-circuited and no fallback available.
RecoveringCommand short-circuited and no fallback available.
RecoveringCommand short-circuited and no fallback available.
RecoveringCommand short-circuited and no fallback available.
RecoveringCommand short-circuited and no fallback available.
RecoveringCommand short-circuited and no fallback available.
RecoveringCommand short-circuited and no fallback available.
RecoveringCommand short-circuited and no fallback available.
RecoveringCommand short-circuited and no fallback available.
RecoveringCommand short-circuited and no fallback available.
RecoveringCommand short-circuited and no fallback available.
RecoveringCommand short-circuited and no fallback available.
RecoveringCommand short-circuited and no fallback available.
RecoveringCommand short-circuited and no fallback available.
RecoveringCommand short-circuited and no fallback available.
RecoveringCommand short-circuited and no fallback available.
RecoveringCommand short-circuited and no fallback available.
RecoveringCommand short-circuited and no fallback available.
RecoveringCommand short-circuited and no fallback available.
RecoveringCommand short-circuited and no fallback available.
RecoveringCommand short-circuited and no fallback available.
RecoveringCommand short-circuited and no fallback available.
RecoveringCommand short-circuited and no fallback available.
RecoveringCommand short-circuited and no fallback available.
RecoveringCommand short-circuited and no fallback available.
RecoveringCommand short-circuited and no fallback available.
RecoveringCommand short-circuited and no fallback available.
RecoveringCommand short-circuited and no fallback available.
RecoveringCommand short-circuited and no fallback available.
RecoveringCommand short-circuited and no fallback available.
RecoveringCommand short-circuited and no fallback available.
RecoveringCommand short-circuited and no fallback available.
RecoveringCommand short-circuited and no fallback available.
RecoveringCommand short-circuited and no fallback available.
RecoveringCommand short-circuited and no fallback available.
RecoveringCommand short-circuited and no fallback available.
RecoveringCommand short-circuited and no fallback available.
RecoveringCommand short-circuited and no fallback available.
RecoveringCommand short-circuited and no fallback available.
RecoveringCommand short-circuited and no fallback available.
RecoveringCommand short-circuited and no fallback available.
RecoveringCommand short-circuited and no fallback available.
RecoveringCommand short-circuited and no fallback available.
RecoveringCommand short-circuited and no fallback available.
RecoveringCommand short-circuited and no fallback available.
RecoveringCommand short-circuited and no fallback available.
RecoveringCommand short-circuited and no fallback available.
RecoveringCommand short-circuited and no fallback available.
RecoveringCommand short-circuited and no fallback available.
RecoveringCommand short-circuited and no fallback available.
RecoveringCommand short-circuited and no fallback available.
RecoveringCommand short-circuited and no fallback available.
RecoveringCommand short-circuited and no fallback available.
RecoveringCommand short-circuited and no fallback available.
RecoveringCommand short-circuited and no fallback available.
RecoveringCommand short-circuited and no fallback available.
RecoveringCommand short-circuited and no fallback available.
RecoveringCommand short-circuited and no fallback available.
RecoveringCommand short-circuited and no fallback available.
RecoveringCommand short-circuited and no fallback available.
RecoveringCommand short-circuited and no fallback available.
RecoveringCommand short-circuited and no fallback available.
RecoveringCommand short-circuited and no fallback available.
RecoveringCommand short-circuited and no fallback available.
RecoveringCommand short-circuited and no fallback available.
RecoveringCommand short-circuited and no fallback available.
RecoveringCommand short-circuited and no fallback available.
RecoveringCommand short-circuited and no fallback available.
RecoveringCommand short-circuited and no fallback available.
RecoveringCommand short-circuited and no fallback available.
RecoveringCommand short-circuited and no fallback available.
RecoveringCommand short-circuited and no fallback available.
RecoveringCommand short-circuited and no fallback available.
RecoveringCommand short-circuited and no fallback available.
RecoveringCommand short-circuited and no fallback available.
RecoveringCommand short-circuited and no fallback available.
RecoveringCommand short-circuited and no fallback available.
RecoveringCommand short-circuited and no fallback available.
RecoveringCommand short-circuited and no fallback available.
RecoveringCommand short-circuited and no fallback available.
RecoveringCommand short-circuited and no fallback available.
RecoveringCommand short-circuited and no fallback available.
RecoveringCommand short-circuited and no fallback available.
RecoveringCommand short-circuited and no fallback available.
RecoveringCommand short-circuited and no fallback available.
RecoveringCommand short-circuited and no fallback available.
RecoveringCommand short-circuited and no fallback available.
RecoveringCommand short-circuited and no fallback available.
RecoveringCommand short-circuited and no fallback available.
RecoveringCommand short-circuited and no fallback available.
RecoveringCommand short-circuited and no fallback available.
RecoveringCommand short-circuited and no fallback available.
RecoveringCommand short-circuited and no fallback available.
RecoveringCommand short-circuited and no fallback available.
RecoveringCommand short-circuited and no fallback available.
RecoveringCommand short-circuited and no fallback available.
RecoveringCommand short-circuited and no fallback available.
RecoveringCommand short-circuited and no fallback available.
RecoveringCommand short-circuited and no fallback available.
RecoveringCommand short-circuited and no fallback available.
RecoveringCommand short-circuited and no fallback available.
RecoveringCommand short-circuited and no fallback available.
RecoveringCommand short-circuited and no fallback available.
RecoveringCommand short-circuited and no fallback available.
RecoveringCommand short-circuited and no fallback available.
RecoveringCommand short-circuited and no fallback available.
RecoveringCommand short-circuited and no fallback available.
RecoveringCommand short-circuited and no fallback available.
RecoveringCommand short-circuited and no fallback available.
RecoveringCommand short-circuited and no fallback available.
RecoveringCommand short-circuited and no fallback available.
RecoveringCommand short-circuited and no fallback available.
RecoveringCommand short-circuited and no fallback available.
RecoveringCommand short-circuited and no fallback available.
RecoveringCommand short-circuited and no fallback available.
RecoveringCommand short-circuited and no fallback available.
RecoveringCommand short-circuited and no fallback available.
RecoveringCommand short-circuited and no fallback available.
RecoveringCommand short-circuited and no fallback available.
RecoveringCommand short-circuited and no fallback available.
RecoveringCommand short-circuited and no fallback available.
RecoveringCommand short-circuited and no fallback available.
RecoveringCommand short-circuited and no fallback available.
RecoveringCommand short-circuited and no fallback available.
RecoveringCommand short-circuited and no fallback available.
RecoveringCommand short-circuited and no fallback available.
RecoveringCommand short-circuited and no fallback available.
RecoveringCommand short-circuited and no fallback available.
RecoveringCommand short-circuited and no fallback available.
RecoveringCommand short-circuited and no fallback available.
RecoveringCommand short-circuited and no fallback available.
RecoveringCommand short-circuited and no fallback available.
RecoveringCommand short-circuited and no fallback available.
RecoveringCommand short-circuited and no fallback available.
RecoveringCommand short-circuited and no fallback available.
RecoveringCommand short-circuited and no fallback available.
RecoveringCommand short-circuited and no fallback available.
RecoveringCommand short-circuited and no fallback available.
RecoveringCommand short-circuited and no fallback available.
RecoveringCommand short-circuited and no fallback available.
RecoveringCommand short-circuited and no fallback available.
RecoveringCommand short-circuited and no fallback available.
RecoveringCommand short-circuited and no fallback available.
RecoveringCommand short-circuited and no fallback available.
RecoveringCommand short-circuited and no fallback available.
RecoveringCommand short-circuited and no fallback available.
RecoveringCommand short-circuited and no fallback available.
RecoveringCommand short-circuited and no fallback available.
RecoveringCommand short-circuited and no fallback available.
RecoveringCommand short-circuited and no fallback available.
RecoveringCommand short-circuited and no fallback available.
RecoveringCommand short-circuited and no fallback available.
RecoveringCommand short-circuited and no fallback available.
RecoveringCommand short-circuited and no fallback available.
RecoveringCommand short-circuited and no fallback available.
RecoveringCommand short-circuited and no fallback available.
RecoveringCommand short-circuited and no fallback available.
RecoveringCommand short-circuited and no fallback available.
RecoveringCommand short-circuited and no fallback available.
RecoveringCommand short-circuited and no fallback available.
RecoveringCommand short-circuited and no fallback available.
RecoveringCommand short-circuited and no fallback available.
RecoveringCommand short-circuited and no fallback available.
RecoveringCommand short-circuited and no fallback available.
RecoveringCommand short-circuited and no fallback available.
RecoveringCommand short-circuited and no fallback available.
RecoveringCommand short-circuited and no fallback available.
RecoveringCommand short-circuited and no fallback available.
RecoveringCommand short-circuited and no fallback available.
RecoveringCommand short-circuited and no fallback available.
RecoveringCommand short-circuited and no fallback available.
RecoveringCommand short-circuited and no fallback available.
RecoveringCommand short-circuited and no fallback available.
RecoveringCommand short-circuited and no fallback available.
RecoveringCommand short-circuited and no fallback available.
RecoveringCommand short-circuited and no fallback available.
RecoveringCommand short-circuited and no fallback available.
RecoveringCommand short-circuited and no fallback available.
RecoveringCommand short-circuited and no fallback available.
RecoveringCommand short-circuited and no fallback available.
RecoveringCommand short-circuited and no fallback available.
RecoveringCommand short-circuited and no fallback available.
RecoveringCommand short-circuited and no fallback available.
RecoveringCommand short-circuited and no fallback available.
RecoveringCommand short-circuited and no fallback available.
RecoveringCommand short-circuited and no fallback available.
RecoveringCommand short-circuited and no fallback available.
RecoveringCommand short-circuited and no fallback available.
RecoveringCommand short-circuited and no fallback available.
RecoveringCommand short-circuited and no fallback available.
RecoveringCommand short-circuited and no fallback available.
RecoveringCommand short-circuited and no fallback available.
RecoveringCommand short-circuited and no fallback available.
RecoveringCommand short-circuited and no fallback available.
RecoveringCommand short-circuited and no fallback available.
RecoveringCommand short-circuited and no fallback available.
RecoveringCommand short-circuited and no fallback available.
RecoveringCommand short-circuited and no fallback available.
RecoveringCommand short-circuited and no fallback available.
RecoveringCommand short-circuited and no fallback available.
RecoveringCommand short-circuited and no fallback available.
RecoveringCommand short-circuited and no fallback available.
RecoveringCommand short-circuited and no fallback available.
RecoveringCommand short-circuited and no fallback available.
RecoveringCommand short-circuited and no fallback available.
RecoveringCommand short-circuited and no fallback available.
RecoveringCommand short-circuited and no fallback available.
RecoveringCommand short-circuited and no fallback available.
RecoveringCommand short-circuited and no fallback available.
RecoveringCommand short-circuited and no fallback available.
RecoveringCommand short-circuited and no fallback available.
RecoveringCommand short-circuited and no fallback available.
RecoveringCommand short-circuited and no fallback available.
RecoveringCommand short-circuited and no fallback available.
RecoveringCommand short-circuited and no fallback available.
RecoveringCommand short-circuited and no fallback available.
RecoveringCommand short-circuited and no fallback available.
RecoveringCommand short-circuited and no fallback available.
RecoveringCommand short-circuited and no fallback available.
RecoveringCommand short-circuited and no fallback available.
RecoveringCommand short-circuited and no fallback available.
RecoveringCommand short-circuited and no fallback available.
RecoveringCommand short-circuited and no fallback available.
RecoveringCommand short-circuited and no fallback available.
RecoveringCommand short-circuited and no fallback available.
RecoveringCommand short-circuited and no fallback available.
RecoveringCommand short-circuited and no fallback available.
RecoveringCommand short-circuited and no fallback available.
RecoveringCommand short-circuited and no fallback available.
RecoveringCommand short-circuited and no fallback available.
RecoveringCommand short-circuited and no fallback available.
RecoveringCommand short-circuited and no fallback available.
RecoveringCommand short-circuited and no fallback available.
RecoveringCommand short-circuited and no fallback available.
RecoveringCommand short-circuited and no fallback available.
RecoveringCommand short-circuited and no fallback available.
RecoveringCommand short-circuited and no fallback available.
RecoveringCommand short-circuited and no fallback available.
RecoveringCommand short-circuited and no fallback available.
RecoveringCommand short-circuited and no fallback available.
RecoveringCommand short-circuited and no fallback available.
RecoveringCommand short-circuited and no fallback available.
RecoveringCommand short-circuited and no fallback available.
RecoveringCommand short-circuited and no fallback available.
RecoveringCommand short-circuited and no fallback available.
RecoveringCommand short-circuited and no fallback available.
RecoveringCommand short-circuited and no fallback available.
RecoveringCommand short-circuited and no fallback available.
RecoveringCommand short-circuited and no fallback available.
RecoveringCommand short-circuited and no fallback available.
RecoveringCommand short-circuited and no fallback available.
RecoveringCommand short-circuited and no fallback available.
RecoveringCommand short-circuited and no fallback available.
RecoveringCommand short-circuited and no fallback available.
RecoveringCommand short-circuited and no fallback available.
RecoveringCommand short-circuited and no fallback available.
RecoveringCommand short-circuited and no fallback available.
RecoveringCommand short-circuited and no fallback available.
RecoveringCommand short-circuited and no fallback available.
RecoveringCommand short-circuited and no fallback available.
RecoveringCommand short-circuited and no fallback available.
RecoveringCommand short-circuited and no fallback available.
RecoveringCommand short-circuited and no fallback available.
RecoveringCommand short-circuited and no fallback available.
RecoveringCommand failed and no fallback available.
RecoveringCommand short-circuited and no fallback available.
RecoveringCommand short-circuited and no fallback available.
RecoveringCommand short-circuited and no fallback available.
RecoveringCommand short-circuited and no fallback available.
RecoveringCommand short-circuited and no fallback available.
RecoveringCommand short-circuited and no fallback available.
RecoveringCommand short-circuited and no fallback available.
RecoveringCommand short-circuited and no fallback available.
RecoveringCommand short-circuited and no fallback available.
RecoveringCommand short-circuited and no fallback available.
RecoveringCommand short-circuited and no fallback available.
RecoveringCommand short-circuited and no fallback available.
RecoveringCommand short-circuited and no fallback available.
RecoveringCommand short-circuited and no fallback available.
RecoveringCommand short-circuited and no fallback available.
RecoveringCommand short-circuited and no fallback available.
RecoveringCommand short-circuited and no fallback available.
RecoveringCommand short-circuited and no fallback available.
RecoveringCommand short-circuited and no fallback available.
RecoveringCommand short-circuited and no fallback available.
RecoveringCommand short-circuited and no fallback available.
RecoveringCommand short-circuited and no fallback available.
RecoveringCommand short-circuited and no fallback available.
RecoveringCommand short-circuited and no fallback available.
RecoveringCommand short-circuited and no fallback available.
RecoveringCommand short-circuited and no fallback available.
RecoveringCommand short-circuited and no fallback available.
RecoveringCommand short-circuited and no fallback available.
RecoveringCommand short-circuited and no fallback available.
RecoveringCommand short-circuited and no fallback available.
RecoveringCommand short-circuited and no fallback available.
RecoveringCommand short-circuited and no fallback available.
RecoveringCommand short-circuited and no fallback available.
RecoveringCommand short-circuited and no fallback available.
RecoveringCommand short-circuited and no fallback available.
RecoveringCommand short-circuited and no fallback available.
RecoveringCommand short-circuited and no fallback available.
RecoveringCommand short-circuited and no fallback available.
RecoveringCommand short-circuited and no fallback available.
RecoveringCommand short-circuited and no fallback available.
RecoveringCommand short-circuited and no fallback available.
RecoveringCommand short-circuited and no fallback available.
RecoveringCommand short-circuited and no fallback available.
RecoveringCommand short-circuited and no fallback available.
RecoveringCommand short-circuited and no fallback available.
RecoveringCommand short-circuited and no fallback available.
RecoveringCommand short-circuited and no fallback available.
RecoveringCommand short-circuited and no fallback available.
RecoveringCommand short-circuited and no fallback available.
RecoveringCommand short-circuited and no fallback available.
RecoveringCommand short-circuited and no fallback available.
RecoveringCommand short-circuited and no fallback available.
RecoveringCommand short-circuited and no fallback available.
RecoveringCommand short-circuited and no fallback available.
RecoveringCommand short-circuited and no fallback available.
RecoveringCommand short-circuited and no fallback available.
RecoveringCommand short-circuited and no fallback available.
RecoveringCommand short-circuited and no fallback available.
RecoveringCommand short-circuited and no fallback available.
RecoveringCommand short-circuited and no fallback available.
RecoveringCommand short-circuited and no fallback available.
RecoveringCommand short-circuited and no fallback available.
RecoveringCommand short-circuited and no fallback available.
RecoveringCommand short-circuited and no fallback available.
RecoveringCommand short-circuited and no fallback available.
RecoveringCommand short-circuited and no fallback available.
RecoveringCommand short-circuited and no fallback available.
RecoveringCommand short-circuited and no fallback available.
RecoveringCommand short-circuited and no fallback available.
RecoveringCommand short-circuited and no fallback available.
RecoveringCommand short-circuited and no fallback available.
RecoveringCommand short-circuited and no fallback available.
RecoveringCommand short-circuited and no fallback available.
RecoveringCommand short-circuited and no fallback available.
RecoveringCommand short-circuited and no fallback available.
RecoveringCommand short-circuited and no fallback available.
RecoveringCommand short-circuited and no fallback available.
RecoveringCommand short-circuited and no fallback available.
RecoveringCommand short-circuited and no fallback available.
RecoveringCommand short-circuited and no fallback available.
RecoveringCommand short-circuited and no fallback available.
RecoveringCommand short-circuited and no fallback available.
RecoveringCommand short-circuited and no fallback available.
RecoveringCommand short-circuited and no fallback available.
RecoveringCommand short-circuited and no fallback available.
RecoveringCommand short-circuited and no fallback available.
RecoveringCommand short-circuited and no fallback available.
RecoveringCommand short-circuited and no fallback available.
RecoveringCommand short-circuited and no fallback available.
RecoveringCommand short-circuited and no fallback available.
RecoveringCommand short-circuited and no fallback available.
RecoveringCommand short-circuited and no fallback available.
RecoveringCommand short-circuited and no fallback available.
RecoveringCommand short-circuited and no fallback available.
RecoveringCommand short-circuited and no fallback available.
RecoveringCommand short-circuited and no fallback available.
RecoveringCommand short-circuited and no fallback available.
RecoveringCommand short-circuited and no fallback available.
RecoveringCommand short-circuited and no fallback available.
RecoveringCommand short-circuited and no fallback available.
RecoveringCommand short-circuited and no fallback available.
RecoveringCommand short-circuited and no fallback available.
RecoveringCommand short-circuited and no fallback available.
RecoveringCommand short-circuited and no fallback available.
RecoveringCommand short-circuited and no fallback available.
RecoveringCommand short-circuited and no fallback available.
RecoveringCommand short-circuited and no fallback available.
RecoveringCommand short-circuited and no fallback available.
RecoveringCommand short-circuited and no fallback available.
RecoveringCommand short-circuited and no fallback available.
RecoveringCommand short-circuited and no fallback available.
RecoveringCommand short-circuited and no fallback available.
RecoveringCommand short-circuited and no fallback available.
RecoveringCommand short-circuited and no fallback available.
RecoveringCommand short-circuited and no fallback available.
RecoveringCommand short-circuited and no fallback available.
RecoveringCommand short-circuited and no fallback available.
RecoveringCommand short-circuited and no fallback available.
RecoveringCommand short-circuited and no fallback available.
RecoveringCommand short-circuited and no fallback available.
RecoveringCommand short-circuited and no fallback available.
RecoveringCommand short-circuited and no fallback available.
RecoveringCommand short-circuited and no fallback available.
RecoveringCommand short-circuited and no fallback available.
RecoveringCommand short-circuited and no fallback available.
RecoveringCommand short-circuited and no fallback available.
RecoveringCommand short-circuited and no fallback available.
RecoveringCommand short-circuited and no fallback available.
RecoveringCommand short-circuited and no fallback available.
RecoveringCommand short-circuited and no fallback available.
RecoveringCommand short-circuited and no fallback available.
RecoveringCommand short-circuited and no fallback available.
RecoveringCommand short-circuited and no fallback available.
RecoveringCommand short-circuited and no fallback available.
RecoveringCommand short-circuited and no fallback available.
RecoveringCommand short-circuited and no fallback available.
RecoveringCommand short-circuited and no fallback available.
RecoveringCommand short-circuited and no fallback available.
RecoveringCommand short-circuited and no fallback available.
RecoveringCommand short-circuited and no fallback available.
RecoveringCommand short-circuited and no fallback available.
RecoveringCommand short-circuited and no fallback available.
RecoveringCommand short-circuited and no fallback available.
RecoveringCommand short-circuited and no fallback available.
RecoveringCommand short-circuited and no fallback available.
RecoveringCommand short-circuited and no fallback available.
RecoveringCommand short-circuited and no fallback available.
RecoveringCommand short-circuited and no fallback available.
RecoveringCommand short-circuited and no fallback available.
RecoveringCommand short-circuited and no fallback available.
RecoveringCommand short-circuited and no fallback available.
RecoveringCommand short-circuited and no fallback available.
RecoveringCommand short-circuited and no fallback available.
RecoveringCommand short-circuited and no fallback available.
RecoveringCommand short-circuited and no fallback available.
RecoveringCommand short-circuited and no fallback available.
RecoveringCommand short-circuited and no fallback available.
RecoveringCommand short-circuited and no fallback available.
RecoveringCommand short-circuited and no fallback available.
RecoveringCommand short-circuited and no fallback available.
RecoveringCommand short-circuited and no fallback available.
RecoveringCommand short-circuited and no fallback available.
RecoveringCommand short-circuited and no fallback available.
RecoveringCommand short-circuited and no fallback available.
RecoveringCommand short-circuited and no fallback available.
RecoveringCommand short-circuited and no fallback available.
RecoveringCommand short-circuited and no fallback available.
RecoveringCommand short-circuited and no fallback available.
RecoveringCommand short-circuited and no fallback available.
RecoveringCommand short-circuited and no fallback available.
RecoveringCommand short-circuited and no fallback available.
RecoveringCommand short-circuited and no fallback available.
RecoveringCommand short-circuited and no fallback available.
RecoveringCommand short-circuited and no fallback available.
RecoveringCommand short-circuited and no fallback available.
RecoveringCommand short-circuited and no fallback available.
RecoveringCommand short-circuited and no fallback available.
RecoveringCommand short-circuited and no fallback available.
RecoveringCommand short-circuited and no fallback available.
RecoveringCommand short-circuited and no fallback available.
RecoveringCommand short-circuited and no fallback available.
RecoveringCommand short-circuited and no fallback available.
RecoveringCommand short-circuited and no fallback available.
RecoveringCommand short-circuited and no fallback available.
RecoveringCommand short-circuited and no fallback available.
RecoveringCommand short-circuited and no fallback available.
RecoveringCommand short-circuited and no fallback available.
RecoveringCommand short-circuited and no fallback available.
RecoveringCommand short-circuited and no fallback available.
RecoveringCommand short-circuited and no fallback available.
RecoveringCommand short-circuited and no fallback available.
RecoveringCommand short-circuited and no fallback available.
RecoveringCommand short-circuited and no fallback available.
RecoveringCommand short-circuited and no fallback available.
RecoveringCommand short-circuited and no fallback available.
RecoveringCommand short-circuited and no fallback available.
RecoveringCommand short-circuited and no fallback available.
RecoveringCommand short-circuited and no fallback available.
RecoveringCommand short-circuited and no fallback available.
RecoveringCommand short-circuited and no fallback available.
RecoveringCommand short-circuited and no fallback available.
RecoveringCommand short-circuited and no fallback available.
RecoveringCommand short-circuited and no fallback available.
RecoveringCommand short-circuited and no fallback available.
RecoveringCommand short-circuited and no fallback available.
RecoveringCommand short-circuited and no fallback available.
RecoveringCommand short-circuited and no fallback available.
RecoveringCommand short-circuited and no fallback available.
RecoveringCommand short-circuited and no fallback available.
RecoveringCommand short-circuited and no fallback available.
RecoveringCommand short-circuited and no fallback available.
RecoveringCommand short-circuited and no fallback available.
RecoveringCommand short-circuited and no fallback available.
RecoveringCommand short-circuited and no fallback available.
RecoveringCommand short-circuited and no fallback available.
RecoveringCommand short-circuited and no fallback available.
RecoveringCommand short-circuited and no fallback available.
RecoveringCommand short-circuited and no fallback available.
RecoveringCommand short-circuited and no fallback available.
RecoveringCommand short-circuited and no fallback available.
RecoveringCommand short-circuited and no fallback available.
RecoveringCommand short-circuited and no fallback available.
RecoveringCommand short-circuited and no fallback available.
RecoveringCommand short-circuited and no fallback available.
RecoveringCommand short-circuited and no fallback available.
RecoveringCommand short-circuited and no fallback available.
RecoveringCommand short-circuited and no fallback available.
RecoveringCommand short-circuited and no fallback available.
RecoveringCommand short-circuited and no fallback available.
RecoveringCommand short-circuited and no fallback available.
RecoveringCommand short-circuited and no fallback available.
RecoveringCommand short-circuited and no fallback available.
RecoveringCommand short-circuited and no fallback available.
RecoveringCommand short-circuited and no fallback available.
RecoveringCommand short-circuited and no fallback available.
RecoveringCommand short-circuited and no fallback available.
RecoveringCommand short-circuited and no fallback available.
RecoveringCommand short-circuited and no fallback available.
RecoveringCommand short-circuited and no fallback available.
RecoveringCommand short-circuited and no fallback available.
RecoveringCommand short-circuited and no fallback available.
RecoveringCommand short-circuited and no fallback available.
RecoveringCommand short-circuited and no fallback available.
RecoveringCommand short-circuited and no fallback available.
RecoveringCommand short-circuited and no fallback available.
RecoveringCommand short-circuited and no fallback available.
RecoveringCommand short-circuited and no fallback available.
RecoveringCommand short-circuited and no fallback available.
RecoveringCommand short-circuited and no fallback available.
RecoveringCommand short-circuited and no fallback available.
RecoveringCommand short-circuited and no fallback available.
RecoveringCommand short-circuited and no fallback available.
RecoveringCommand short-circuited and no fallback available.
RecoveringCommand short-circuited and no fallback available.
RecoveringCommand short-circuited and no fallback available.
RecoveringCommand short-circuited and no fallback available.
RecoveringCommand short-circuited and no fallback available.
RecoveringCommand short-circuited and no fallback available.
RecoveringCommand short-circuited and no fallback available.
RecoveringCommand short-circuited and no fallback available.
RecoveringCommand short-circuited and no fallback available.
RecoveringCommand short-circuited and no fallback available.
RecoveringCommand short-circuited and no fallback available.
RecoveringCommand short-circuited and no fallback available.
RecoveringCommand short-circuited and no fallback available.
RecoveringCommand short-circuited and no fallback available.
RecoveringCommand short-circuited and no fallback available.
RecoveringCommand short-circuited and no fallback available.
RecoveringCommand short-circuited and no fallback available.
RecoveringCommand short-circuited and no fallback available.
RecoveringCommand short-circuited and no fallback available.
RecoveringCommand short-circuited and no fallback available.
RecoveringCommand short-circuited and no fallback available.
RecoveringCommand short-circuited and no fallback available.
RecoveringCommand short-circuited and no fallback available.
RecoveringCommand short-circuited and no fallback available.
RecoveringCommand short-circuited and no fallback available.
RecoveringCommand short-circuited and no fallback available.
RecoveringCommand short-circuited and no fallback available.
RecoveringCommand short-circuited and no fallback available.
RecoveringCommand short-circuited and no fallback available.
RecoveringCommand short-circuited and no fallback available.
RecoveringCommand short-circuited and no fallback available.
RecoveringCommand short-circuited and no fallback available.
RecoveringCommand short-circuited and no fallback available.
RecoveringCommand short-circuited and no fallback available.
RecoveringCommand short-circuited and no fallback available.
RecoveringCommand short-circuited and no fallback available.
RecoveringCommand short-circuited and no fallback available.
RecoveringCommand short-circuited and no fallback available.
RecoveringCommand short-circuited and no fallback available.
RecoveringCommand short-circuited and no fallback available.
RecoveringCommand short-circuited and no fallback available.
RecoveringCommand short-circuited and no fallback available.
RecoveringCommand short-circuited and no fallback available.
RecoveringCommand short-circuited and no fallback available.
RecoveringCommand short-circuited and no fallback available.
RecoveringCommand short-circuited and no fallback available.
RecoveringCommand short-circuited and no fallback available.
RecoveringCommand short-circuited and no fallback available.
RecoveringCommand short-circuited and no fallback available.
RecoveringCommand short-circuited and no fallback available.
RecoveringCommand short-circuited and no fallback available.
RecoveringCommand short-circuited and no fallback available.
RecoveringCommand short-circuited and no fallback available.
RecoveringCommand short-circuited and no fallback available.
RecoveringCommand short-circuited and no fallback available.
RecoveringCommand short-circuited and no fallback available.
RecoveringCommand short-circuited and no fallback available.
RecoveringCommand short-circuited and no fallback available.
RecoveringCommand short-circuited and no fallback available.
RecoveringCommand short-circuited and no fallback available.
RecoveringCommand short-circuited and no fallback available.
RecoveringCommand short-circuited and no fallback available.
RecoveringCommand short-circuited and no fallback available.
RecoveringCommand short-circuited and no fallback available.
RecoveringCommand short-circuited and no fallback available.
RecoveringCommand short-circuited and no fallback available.
RecoveringCommand short-circuited and no fallback available.
RecoveringCommand short-circuited and no fallback available.
RecoveringCommand short-circuited and no fallback available.
RecoveringCommand short-circuited and no fallback available.
RecoveringCommand short-circuited and no fallback available.
RecoveringCommand short-circuited and no fallback available.
RecoveringCommand short-circuited and no fallback available.
RecoveringCommand short-circuited and no fallback available.
RecoveringCommand short-circuited and no fallback available.
RecoveringCommand short-circuited and no fallback available.
RecoveringCommand short-circuited and no fallback available.
RecoveringCommand short-circuited and no fallback available.
RecoveringCommand short-circuited and no fallback available.
RecoveringCommand short-circuited and no fallback available.
RecoveringCommand short-circuited and no fallback available.
RecoveringCommand short-circuited and no fallback available.
RecoveringCommand short-circuited and no fallback available.
RecoveringCommand short-circuited and no fallback available.
RecoveringCommand short-circuited and no fallback available.
RecoveringCommand short-circuited and no fallback available.
RecoveringCommand short-circuited and no fallback available.
RecoveringCommand short-circuited and no fallback available.
RecoveringCommand short-circuited and no fallback available.
RecoveringCommand short-circuited and no fallback available.
RecoveringCommand short-circuited and no fallback available.
RecoveringCommand short-circuited and no fallback available.
RecoveringCommand short-circuited and no fallback available.
RecoveringCommand short-circuited and no fallback available.
RecoveringCommand short-circuited and no fallback available.
RecoveringCommand short-circuited and no fallback available.
RecoveringCommand short-circuited and no fallback available.
RecoveringCommand short-circuited and no fallback available.
RecoveringCommand short-circuited and no fallback available.
RecoveringCommand short-circuited and no fallback available.
RecoveringCommand short-circuited and no fallback available.
RecoveringCommand short-circuited and no fallback available.
RecoveringCommand short-circuited and no fallback available.
RecoveringCommand short-circuited and no fallback available.
RecoveringCommand short-circuited and no fallback available.
RecoveringCommand short-circuited and no fallback available.
RecoveringCommand short-circuited and no fallback available.
RecoveringCommand short-circuited and no fallback available.
RecoveringCommand short-circuited and no fallback available.
RecoveringCommand short-circuited and no fallback available.
RecoveringCommand short-circuited and no fallback available.
RecoveringCommand short-circuited and no fallback available.
RecoveringCommand short-circuited and no fallback available.
RecoveringCommand short-circuited and no fallback available.
RecoveringCommand short-circuited and no fallback available.
RecoveringCommand short-circuited and no fallback available.
RecoveringCommand short-circuited and no fallback available.
RecoveringCommand short-circuited and no fallback available.
RecoveringCommand short-circuited and no fallback available.
RecoveringCommand short-circuited and no fallback available.
RecoveringCommand short-circuited and no fallback available.
RecoveringCommand short-circuited and no fallback available.
RecoveringCommand short-circuited and no fallback available.
RecoveringCommand short-circuited and no fallback available.
RecoveringCommand short-circuited and no fallback available.
RecoveringCommand short-circuited and no fallback available.
RecoveringCommand short-circuited and no fallback available.
RecoveringCommand short-circuited and no fallback available.
RecoveringCommand short-circuited and no fallback available.
RecoveringCommand short-circuited and no fallback available.
RecoveringCommand short-circuited and no fallback available.
RecoveringCommand short-circuited and no fallback available.
RecoveringCommand short-circuited and no fallback available.
RecoveringCommand short-circuited and no fallback available.
RecoveringCommand short-circuited and no fallback available.
RecoveringCommand short-circuited and no fallback available.
RecoveringCommand short-circuited and no fallback available.
RecoveringCommand short-circuited and no fallback available.
RecoveringCommand short-circuited and no fallback available.
RecoveringCommand short-circuited and no fallback available.
RecoveringCommand short-circuited and no fallback available.
RecoveringCommand short-circuited and no fallback available.
RecoveringCommand short-circuited and no fallback available.
RecoveringCommand short-circuited and no fallback available.
RecoveringCommand short-circuited and no fallback available.
RecoveringCommand short-circuited and no fallback available.
RecoveringCommand short-circuited and no fallback available.
RecoveringCommand short-circuited and no fallback available.
RecoveringCommand short-circuited and no fallback available.
RecoveringCommand short-circuited and no fallback available.
RecoveringCommand short-circuited and no fallback available.
RecoveringCommand short-circuited and no fallback available.
RecoveringCommand short-circuited and no fallback available.
RecoveringCommand short-circuited and no fallback available.
RecoveringCommand short-circuited and no fallback available.
RecoveringCommand short-circuited and no fallback available.
RecoveringCommand short-circuited and no fallback available.
RecoveringCommand short-circuited and no fallback available.
RecoveringCommand short-circuited and no fallback available.
RecoveringCommand short-circuited and no fallback available.
RecoveringCommand short-circuited and no fallback available.
RecoveringCommand short-circuited and no fallback available.
RecoveringCommand short-circuited and no fallback available.
RecoveringCommand short-circuited and no fallback available.
RecoveringCommand short-circuited and no fallback available.
RecoveringCommand short-circuited and no fallback available.
RecoveringCommand short-circuited and no fallback available.
RecoveringCommand short-circuited and no fallback available.
RecoveringCommand short-circuited and no fallback available.
RecoveringCommand short-circuited and no fallback available.
RecoveringCommand short-circuited and no fallback available.
RecoveringCommand short-circuited and no fallback available.
RecoveringCommand short-circuited and no fallback available.
RecoveringCommand short-circuited and no fallback available.
RecoveringCommand short-circuited and no fallback available.
RecoveringCommand short-circuited and no fallback available.
RecoveringCommand short-circuited and no fallback available.
RecoveringCommand short-circuited and no fallback available.
RecoveringCommand short-circuited and no fallback available.
RecoveringCommand short-circuited and no fallback available.
RecoveringCommand short-circuited and no fallback available.
RecoveringCommand short-circuited and no fallback available.
RecoveringCommand short-circuited and no fallback available.
RecoveringCommand short-circuited and no fallback available.
RecoveringCommand short-circuited and no fallback available.
RecoveringCommand short-circuited and no fallback available.
RecoveringCommand short-circuited and no fallback available.
RecoveringCommand short-circuited and no fallback available.
RecoveringCommand short-circuited and no fallback available.
RecoveringCommand short-circuited and no fallback available.
RecoveringCommand short-circuited and no fallback available.
RecoveringCommand short-circuited and no fallback available.
RecoveringCommand short-circuited and no fallback available.
RecoveringCommand short-circuited and no fallback available.
RecoveringCommand short-circuited and no fallback available.
RecoveringCommand short-circuited and no fallback available.
RecoveringCommand short-circuited and no fallback available.
RecoveringCommand short-circuited and no fallback available.
RecoveringCommand short-circuited and no fallback available.
RecoveringCommand short-circuited and no fallback available.
RecoveringCommand short-circuited and no fallback available.
RecoveringCommand short-circuited and no fallback available.
RecoveringCommand short-circuited and no fallback available.
RecoveringCommand short-circuited and no fallback available.
RecoveringCommand short-circuited and no fallback available.
RecoveringCommand short-circuited and no fallback available.
RecoveringCommand short-circuited and no fallback available.
RecoveringCommand short-circuited and no fallback available.
RecoveringCommand short-circuited and no fallback available.
RecoveringCommand short-circuited and no fallback available.
RecoveringCommand short-circuited and no fallback available.
RecoveringCommand short-circuited and no fallback available.
RecoveringCommand short-circuited and no fallback available.
RecoveringCommand short-circuited and no fallback available.
RecoveringCommand short-circuited and no fallback available.
RecoveringCommand short-circuited and no fallback available.
RecoveringCommand short-circuited and no fallback available.
RecoveringCommand short-circuited and no fallback available.
RecoveringCommand short-circuited and no fallback available.
RecoveringCommand short-circuited and no fallback available.
RecoveringCommand short-circuited and no fallback available.
RecoveringCommand short-circuited and no fallback available.
RecoveringCommand short-circuited and no fallback available.
RecoveringCommand short-circuited and no fallback available.
RecoveringCommand short-circuited and no fallback available.
RecoveringCommand short-circuited and no fallback available.
RecoveringCommand short-circuited and no fallback available.
RecoveringCommand short-circuited and no fallback available.
RecoveringCommand short-circuited and no fallback available.
RecoveringCommand short-circuited and no fallback available.
RecoveringCommand short-circuited and no fallback available.
RecoveringCommand short-circuited and no fallback available.
RecoveringCommand short-circuited and no fallback available.
RecoveringCommand short-circuited and no fallback available.
RecoveringCommand short-circuited and no fallback available.
RecoveringCommand short-circuited and no fallback available.
RecoveringCommand short-circuited and no fallback available.
RecoveringCommand short-circuited and no fallback available.
RecoveringCommand short-circuited and no fallback available.
RecoveringCommand short-circuited and no fallback available.
RecoveringCommand short-circuited and no fallback available.
RecoveringCommand short-circuited and no fallback available.
RecoveringCommand short-circuited and no fallback available.
RecoveringCommand short-circuited and no fallback available.
RecoveringCommand short-circuited and no fallback available.
RecoveringCommand short-circuited and no fallback available.
RecoveringCommand short-circuited and no fallback available.
RecoveringCommand short-circuited and no fallback available.
RecoveringCommand short-circuited and no fallback available.
RecoveringCommand short-circuited and no fallback available.
RecoveringCommand short-circuited and no fallback available.
RecoveringCommand short-circuited and no fallback available.
RecoveringCommand short-circuited and no fallback available.
RecoveringCommand short-circuited and no fallback available.
RecoveringCommand short-circuited and no fallback available.
RecoveringCommand short-circuited and no fallback available.
RecoveringCommand short-circuited and no fallback available.
RecoveringCommand short-circuited and no fallback available.
RecoveringCommand short-circuited and no fallback available.
RecoveringCommand short-circuited and no fallback available.
RecoveringCommand short-circuited and no fallback available.
RecoveringCommand short-circuited and no fallback available.
RecoveringCommand short-circuited and no fallback available.
RecoveringCommand short-circuited and no fallback available.
RecoveringCommand short-circuited and no fallback available.
RecoveringCommand short-circuited and no fallback available.
RecoveringCommand short-circuited and no fallback available.
RecoveringCommand short-circuited and no fallback available.
RecoveringCommand short-circuited and no fallback available.
RecoveringCommand short-circuited and no fallback available.
RecoveringCommand short-circuited and no fallback available.
RecoveringCommand short-circuited and no fallback available.
RecoveringCommand short-circuited and no fallback available.
RecoveringCommand short-circuited and no fallback available.
RecoveringCommand short-circuited and no fallback available.
RecoveringCommand short-circuited and no fallback available.
RecoveringCommand short-circuited and no fallback available.
RecoveringCommand short-circuited and no fallback available.
RecoveringCommand short-circuited and no fallback available.
RecoveringCommand short-circuited and no fallback available.
RecoveringCommand short-circuited and no fallback available.
RecoveringCommand short-circuited and no fallback available.
RecoveringCommand short-circuited and no fallback available.
RecoveringCommand short-circuited and no fallback available.
RecoveringCommand short-circuited and no fallback available.
RecoveringCommand short-circuited and no fallback available.
RecoveringCommand short-circuited and no fallback available.
RecoveringCommand short-circuited and no fallback available.
RecoveringCommand short-circuited and no fallback available.
RecoveringCommand short-circuited and no fallback available.
RecoveringCommand short-circuited and no fallback available.
RecoveringCommand short-circuited and no fallback available.
RecoveringCommand short-circuited and no fallback available.
RecoveringCommand short-circuited and no fallback available.
RecoveringCommand short-circuited and no fallback available.
RecoveringCommand short-circuited and no fallback available.
RecoveringCommand short-circuited and no fallback available.
RecoveringCommand short-circuited and no fallback available.
RecoveringCommand short-circuited and no fallback available.
RecoveringCommand short-circuited and no fallback available.
RecoveringCommand short-circuited and no fallback available.
RecoveringCommand short-circuited and no fallback available.
RecoveringCommand short-circuited and no fallback available.
RecoveringCommand short-circuited and no fallback available.
RecoveringCommand short-circuited and no fallback available.
RecoveringCommand short-circuited and no fallback available.
RecoveringCommand short-circuited and no fallback available.
RecoveringCommand short-circuited and no fallback available.
RecoveringCommand short-circuited and no fallback available.
RecoveringCommand short-circuited and no fallback available.
RecoveringCommand short-circuited and no fallback available.
RecoveringCommand short-circuited and no fallback available.
RecoveringCommand short-circuited and no fallback available.
RecoveringCommand short-circuited and no fallback available.
RecoveringCommand short-circuited and no fallback available.
RecoveringCommand short-circuited and no fallback available.
RecoveringCommand short-circuited and no fallback available.
RecoveringCommand short-circuited and no fallback available.
RecoveringCommand short-circuited and no fallback available.
RecoveringCommand short-circuited and no fallback available.
RecoveringCommand short-circuited and no fallback available.
RecoveringCommand short-circuited and no fallback available.
RecoveringCommand short-circuited and no fallback available.
RecoveringCommand short-circuited and no fallback available.
RecoveringCommand short-circuited and no fallback available.
RecoveringCommand short-circuited and no fallback available.
RecoveringCommand short-circuited and no fallback available.
RecoveringCommand short-circuited and no fallback available.
RecoveringCommand short-circuited and no fallback available.
RecoveringCommand short-circuited and no fallback available.
RecoveringCommand short-circuited and no fallback available.
RecoveringCommand short-circuited and no fallback available.
RecoveringCommand short-circuited and no fallback available.
RecoveringCommand short-circuited and no fallback available.
RecoveringCommand short-circuited and no fallback available.
RecoveringCommand short-circuited and no fallback available.
RecoveringCommand short-circuited and no fallback available.
RecoveringCommand short-circuited and no fallback available.
RecoveringCommand short-circuited and no fallback available.
RecoveringCommand short-circuited and no fallback available.
RecoveringCommand short-circuited and no fallback available.
RecoveringCommand short-circuited and no fallback available.
RecoveringCommand short-circuited and no fallback available.
RecoveringCommand short-circuited and no fallback available.
RecoveringCommand short-circuited and no fallback available.
RecoveringCommand short-circuited and no fallback available.
RecoveringCommand short-circuited and no fallback available.
RecoveringCommand short-circuited and no fallback available.
RecoveringCommand short-circuited and no fallback available.
RecoveringCommand short-circuited and no fallback available.
RecoveringCommand short-circuited and no fallback available.
RecoveringCommand short-circuited and no fallback available.
RecoveringCommand short-circuited and no fallback available.
RecoveringCommand short-circuited and no fallback available.
RecoveringCommand short-circuited and no fallback available.
RecoveringCommand short-circuited and no fallback available.
RecoveringCommand short-circuited and no fallback available.
RecoveringCommand short-circuited and no fallback available.
RecoveringCommand short-circuited and no fallback available.
RecoveringCommand short-circuited and no fallback available.
RecoveringCommand short-circuited and no fallback available.
RecoveringCommand short-circuited and no fallback available.
RecoveringCommand short-circuited and no fallback available.
RecoveringCommand short-circuited and no fallback available.
RecoveringCommand short-circuited and no fallback available.
RecoveringCommand short-circuited and no fallback available.
RecoveringCommand short-circuited and no fallback available.
RecoveringCommand short-circuited and no fallback available.
RecoveringCommand short-circuited and no fallback available.
RecoveringCommand short-circuited and no fallback available.
RecoveringCommand short-circuited and no fallback available.
RecoveringCommand short-circuited and no fallback available.
RecoveringCommand short-circuited and no fallback available.
RecoveringCommand short-circuited and no fallback available.
RecoveringCommand short-circuited and no fallback available.
RecoveringCommand short-circuited and no fallback available.
RecoveringCommand short-circuited and no fallback available.
RecoveringCommand short-circuited and no fallback available.
RecoveringCommand short-circuited and no fallback available.
RecoveringCommand short-circuited and no fallback available.
RecoveringCommand short-circuited and no fallback available.
RecoveringCommand short-circuited and no fallback available.
RecoveringCommand short-circuited and no fallback available.
RecoveringCommand short-circuited and no fallback available.
RecoveringCommand short-circuited and no fallback available.
RecoveringCommand short-circuited and no fallback available.
RecoveringCommand short-circuited and no fallback available.
RecoveringCommand short-circuited and no fallback available.
RecoveringCommand short-circuited and no fallback available.
RecoveringCommand short-circuited and no fallback available.
RecoveringCommand short-circuited and no fallback available.
RecoveringCommand short-circuited and no fallback available.
RecoveringCommand short-circuited and no fallback available.
RecoveringCommand short-circuited and no fallback available.
RecoveringCommand short-circuited and no fallback available.
RecoveringCommand short-circuited and no fallback available.
RecoveringCommand short-circuited and no fallback available.
RecoveringCommand short-circuited and no fallback available.
RecoveringCommand short-circuited and no fallback available.
RecoveringCommand short-circuited and no fallback available.
RecoveringCommand short-circuited and no fallback available.
RecoveringCommand short-circuited and no fallback available.
RecoveringCommand short-circuited and no fallback available.
RecoveringCommand short-circuited and no fallback available.
RecoveringCommand short-circuited and no fallback available.
RecoveringCommand short-circuited and no fallback available.
RecoveringCommand short-circuited and no fallback available.
RecoveringCommand short-circuited and no fallback available.
RecoveringCommand short-circuited and no fallback available.
RecoveringCommand short-circuited and no fallback available.
RecoveringCommand short-circuited and no fallback available.
RecoveringCommand short-circuited and no fallback available.
RecoveringCommand short-circuited and no fallback available.
RecoveringCommand short-circuited and no fallback available.
RecoveringCommand short-circuited and no fallback available.
RecoveringCommand short-circuited and no fallback available.
RecoveringCommand short-circuited and no fallback available.
RecoveringCommand short-circuited and no fallback available.
RecoveringCommand short-circuited and no fallback available.
RecoveringCommand short-circuited and no fallback available.
RecoveringCommand short-circuited and no fallback available.
RecoveringCommand short-circuited and no fallback available.
RecoveringCommand short-circuited and no fallback available.
RecoveringCommand short-circuited and no fallback available.
RecoveringCommand short-circuited and no fallback available.
RecoveringCommand short-circuited and no fallback available.
RecoveringCommand short-circuited and no fallback available.
RecoveringCommand short-circuited and no fallback available.
RecoveringCommand short-circuited and no fallback available.
RecoveringCommand short-circuited and no fallback available.
RecoveringCommand short-circuited and no fallback available.
RecoveringCommand short-circuited and no fallback available.
RecoveringCommand short-circuited and no fallback available.
RecoveringCommand short-circuited and no fallback available.
RecoveringCommand short-circuited and no fallback available.
RecoveringCommand short-circuited and no fallback available.
RecoveringCommand short-circuited and no fallback available.
RecoveringCommand short-circuited and no fallback available.
RecoveringCommand short-circuited and no fallback available.
RecoveringCommand short-circuited and no fallback available.
RecoveringCommand short-circuited and no fallback available.
RecoveringCommand short-circuited and no fallback available.
RecoveringCommand short-circuited and no fallback available.
RecoveringCommand short-circuited and no fallback available.
RecoveringCommand short-circuited and no fallback available.
RecoveringCommand short-circuited and no fallback available.
RecoveringCommand short-circuited and no fallback available.
RecoveringCommand short-circuited and no fallback available.
RecoveringCommand short-circuited and no fallback available.
RecoveringCommand short-circuited and no fallback available.
RecoveringCommand short-circuited and no fallback available.
RecoveringCommand short-circuited and no fallback available.
RecoveringCommand short-circuited and no fallback available.
RecoveringCommand short-circuited and no fallback available.
RecoveringCommand short-circuited and no fallback available.
RecoveringCommand short-circuited and no fallback available.
RecoveringCommand short-circuited and no fallback available.
RecoveringCommand short-circuited and no fallback available.
RecoveringCommand short-circuited and no fallback available.
RecoveringCommand short-circuited and no fallback available.
RecoveringCommand short-circuited and no fallback available.
RecoveringCommand short-circuited and no fallback available.
RecoveringCommand short-circuited and no fallback available.
RecoveringCommand short-circuited and no fallback available.
RecoveringCommand short-circuited and no fallback available.
RecoveringCommand short-circuited and no fallback available.
RecoveringCommand short-circuited and no fallback available.
RecoveringCommand short-circuited and no fallback available.
RecoveringCommand short-circuited and no fallback available.
RecoveringCommand short-circuited and no fallback available.
RecoveringCommand short-circuited and no fallback available.
RecoveringCommand short-circuited and no fallback available.
RecoveringCommand short-circuited and no fallback available.
RecoveringCommand short-circuited and no fallback available.
RecoveringCommand short-circuited and no fallback available.
RecoveringCommand short-circuited and no fallback available.
RecoveringCommand short-circuited and no fallback available.
RecoveringCommand short-circuited and no fallback available.
RecoveringCommand short-circuited and no fallback available.
RecoveringCommand short-circuited and no fallback available.
RecoveringCommand short-circuited and no fallback available.
RecoveringCommand short-circuited and no fallback available.
RecoveringCommand short-circuited and no fallback available.
RecoveringCommand short-circuited and no fallback available.
RecoveringCommand short-circuited and no fallback available.
RecoveringCommand short-circuited and no fallback available.
RecoveringCommand short-circuited and no fallback available.
RecoveringCommand short-circuited and no fallback available.
RecoveringCommand short-circuited and no fallback available.
RecoveringCommand short-circuited and no fallback available.
RecoveringCommand short-circuited and no fallback available.
RecoveringCommand short-circuited and no fallback available.
RecoveringCommand short-circuited and no fallback available.
RecoveringCommand short-circuited and no fallback available.
RecoveringCommand short-circuited and no fallback available.
RecoveringCommand short-circuited and no fallback available.
RecoveringCommand short-circuited and no fallback available.
RecoveringCommand short-circuited and no fallback available.
RecoveringCommand short-circuited and no fallback available.
RecoveringCommand short-circuited and no fallback available.
RecoveringCommand short-circuited and no fallback available.
RecoveringCommand short-circuited and no fallback available.
RecoveringCommand short-circuited and no fallback available.
RecoveringCommand short-circuited and no fallback available.
RecoveringCommand short-circuited and no fallback available.
RecoveringCommand short-circuited and no fallback available.
RecoveringCommand short-circuited and no fallback available.
RecoveringCommand short-circuited and no fallback available.
RecoveringCommand short-circuited and no fallback available.
RecoveringCommand short-circuited and no fallback available.
RecoveringCommand short-circuited and no fallback available.
RecoveringCommand short-circuited and no fallback available.
RecoveringCommand short-circuited and no fallback available.
RecoveringCommand short-circuited and no fallback available.
RecoveringCommand short-circuited and no fallback available.
RecoveringCommand short-circuited and no fallback available.
RecoveringCommand short-circuited and no fallback available.
RecoveringCommand short-circuited and no fallback available.
RecoveringCommand short-circuited and no fallback available.
RecoveringCommand short-circuited and no fallback available.
RecoveringCommand short-circuited and no fallback available.
RecoveringCommand short-circuited and no fallback available.
RecoveringCommand short-circuited and no fallback available.
RecoveringCommand short-circuited and no fallback available.
RecoveringCommand short-circuited and no fallback available.
RecoveringCommand short-circuited and no fallback available.
RecoveringCommand short-circuited and no fallback available.
RecoveringCommand short-circuited and no fallback available.
RecoveringCommand short-circuited and no fallback available.
RecoveringCommand short-circuited and no fallback available.
RecoveringCommand short-circuited and no fallback available.
RecoveringCommand short-circuited and no fallback available.
RecoveringCommand short-circuited and no fallback available.
RecoveringCommand short-circuited and no fallback available.
RecoveringCommand short-circuited and no fallback available.
RecoveringCommand short-circuited and no fallback available.
RecoveringCommand short-circuited and no fallback available.
RecoveringCommand short-circuited and no fallback available.
RecoveringCommand short-circuited and no fallback available.
RecoveringCommand short-circuited and no fallback available.
RecoveringCommand short-circuited and no fallback available.
RecoveringCommand short-circuited and no fallback available.
RecoveringCommand short-circuited and no fallback available.
RecoveringCommand short-circuited and no fallback available.
RecoveringCommand short-circuited and no fallback available.
RecoveringCommand short-circuited and no fallback available.
RecoveringCommand short-circuited and no fallback available.
RecoveringCommand short-circuited and no fallback available.
RecoveringCommand short-circuited and no fallback available.
RecoveringCommand short-circuited and no fallback available.
RecoveringCommand short-circuited and no fallback available.
RecoveringCommand short-circuited and no fallback available.
RecoveringCommand short-circuited and no fallback available.
RecoveringCommand short-circuited and no fallback available.
RecoveringCommand short-circuited and no fallback available.
RecoveringCommand short-circuited and no fallback available.
RecoveringCommand short-circuited and no fallback available.
RecoveringCommand short-circuited and no fallback available.
RecoveringCommand short-circuited and no fallback available.
RecoveringCommand short-circuited and no fallback available.
RecoveringCommand short-circuited and no fallback available.
RecoveringCommand short-circuited and no fallback available.
RecoveringCommand short-circuited and no fallback available.
RecoveringCommand short-circuited and no fallback available.
RecoveringCommand short-circuited and no fallback available.
RecoveringCommand short-circuited and no fallback available.
RecoveringCommand short-circuited and no fallback available.
RecoveringCommand short-circuited and no fallback available.
RecoveringCommand short-circuited and no fallback available.
RecoveringCommand short-circuited and no fallback available.
RecoveringCommand short-circuited and no fallback available.
RecoveringCommand short-circuited and no fallback available.
RecoveringCommand short-circuited and no fallback available.
RecoveringCommand short-circuited and no fallback available.
RecoveringCommand short-circuited and no fallback available.
RecoveringCommand short-circuited and no fallback available.
RecoveringCommand short-circuited and no fallback available.
RecoveringCommand short-circuited and no fallback available.
RecoveringCommand short-circuited and no fallback available.
RecoveringCommand short-circuited and no fallback available.
RecoveringCommand short-circuited and no fallback available.
RecoveringCommand short-circuited and no fallback available.
RecoveringCommand short-circuited and no fallback available.
RecoveringCommand short-circuited and no fallback available.
RecoveringCommand short-circuited and no fallback available.
RecoveringCommand short-circuited and no fallback available.
RecoveringCommand short-circuited and no fallback available.
RecoveringCommand short-circuited and no fallback available.
RecoveringCommand short-circuited and no fallback available.
RecoveringCommand short-circuited and no fallback available.
RecoveringCommand short-circuited and no fallback available.
RecoveringCommand short-circuited and no fallback available.
RecoveringCommand short-circuited and no fallback available.
RecoveringCommand short-circuited and no fallback available.
RecoveringCommand short-circuited and no fallback available.
RecoveringCommand short-circuited and no fallback available.
RecoveringCommand short-circuited and no fallback available.
RecoveringCommand short-circuited and no fallback available.
RecoveringCommand short-circuited and no fallback available.
RecoveringCommand short-circuited and no fallback available.
RecoveringCommand short-circuited and no fallback available.
RecoveringCommand short-circuited and no fallback available.
RecoveringCommand short-circuited and no fallback available.
RecoveringCommand short-circuited and no fallback available.
RecoveringCommand short-circuited and no fallback available.
RecoveringCommand short-circuited and no fallback available.
RecoveringCommand short-circuited and no fallback available.
RecoveringCommand short-circuited and no fallback available.
RecoveringCommand short-circuited and no fallback available.
RecoveringCommand short-circuited and no fallback available.
RecoveringCommand short-circuited and no fallback available.
RecoveringCommand short-circuited and no fallback available.
RecoveringCommand short-circuited and no fallback available.
RecoveringCommand short-circuited and no fallback available.
RecoveringCommand short-circuited and no fallback available.
RecoveringCommand short-circuited and no fallback available.
RecoveringCommand short-circuited and no fallback available.
RecoveringCommand short-circuited and no fallback available.
RecoveringCommand short-circuited and no fallback available.
RecoveringCommand short-circuited and no fallback available.
RecoveringCommand short-circuited and no fallback available.
RecoveringCommand short-circuited and no fallback available.
RecoveringCommand short-circuited and no fallback available.
RecoveringCommand short-circuited and no fallback available.
RecoveringCommand short-circuited and no fallback available.
RecoveringCommand short-circuited and no fallback available.
RecoveringCommand short-circuited and no fallback available.
RecoveringCommand short-circuited and no fallback available.
RecoveringCommand short-circuited and no fallback available.
RecoveringCommand short-circuited and no fallback available.
RecoveringCommand short-circuited and no fallback available.
RecoveringCommand short-circuited and no fallback available.
RecoveringCommand short-circuited and no fallback available.
RecoveringCommand short-circuited and no fallback available.
RecoveringCommand short-circuited and no fallback available.
RecoveringCommand short-circuited and no fallback available.
RecoveringCommand short-circuited and no fallback available.
RecoveringCommand short-circuited and no fallback available.
RecoveringCommand short-circuited and no fallback available.
RecoveringCommand short-circuited and no fallback available.
RecoveringCommand short-circuited and no fallback available.
RecoveringCommand short-circuited and no fallback available.
RecoveringCommand short-circuited and no fallback available.
RecoveringCommand short-circuited and no fallback available.
RecoveringCommand short-circuited and no fallback available.
RecoveringCommand short-circuited and no fallback available.
RecoveringCommand short-circuited and no fallback available.
RecoveringCommand short-circuited and no fallback available.
RecoveringCommand short-circuited and no fallback available.
RecoveringCommand short-circuited and no fallback available.
RecoveringCommand short-circuited and no fallback available.
RecoveringCommand short-circuited and no fallback available.
RecoveringCommand short-circuited and no fallback available.
RecoveringCommand short-circuited and no fallback available.
RecoveringCommand short-circuited and no fallback available.
RecoveringCommand short-circuited and no fallback available.
RecoveringCommand short-circuited and no fallback available.
RecoveringCommand short-circuited and no fallback available.
RecoveringCommand short-circuited and no fallback available.
RecoveringCommand short-circuited and no fallback available.
RecoveringCommand short-circuited and no fallback available.
RecoveringCommand short-circuited and no fallback available.
RecoveringCommand short-circuited and no fallback available.
RecoveringCommand short-circuited and no fallback available.
RecoveringCommand short-circuited and no fallback available.
RecoveringCommand short-circuited and no fallback available.
RecoveringCommand short-circuited and no fallback available.
RecoveringCommand short-circuited and no fallback available.
RecoveringCommand short-circuited and no fallback available.
RecoveringCommand short-circuited and no fallback available.
RecoveringCommand short-circuited and no fallback available.
RecoveringCommand short-circuited and no fallback available.
RecoveringCommand short-circuited and no fallback available.
RecoveringCommand short-circuited and no fallback available.
RecoveringCommand short-circuited and no fallback available.
RecoveringCommand short-circuited and no fallback available.
RecoveringCommand short-circuited and no fallback available.
RecoveringCommand short-circuited and no fallback available.
RecoveringCommand short-circuited and no fallback available.
RecoveringCommand short-circuited and no fallback available.
RecoveringCommand short-circuited and no fallback available.
RecoveringCommand short-circuited and no fallback available.
RecoveringCommand short-circuited and no fallback available.
RecoveringCommand short-circuited and no fallback available.
RecoveringCommand short-circuited and no fallback available.
RecoveringCommand short-circuited and no fallback available.
RecoveringCommand short-circuited and no fallback available.
RecoveringCommand short-circuited and no fallback available.
RecoveringCommand short-circuited and no fallback available.
RecoveringCommand short-circuited and no fallback available.
RecoveringCommand short-circuited and no fallback available.
RecoveringCommand short-circuited and no fallback available.
RecoveringCommand short-circuited and no fallback available.
RecoveringCommand short-circuited and no fallback available.
RecoveringCommand short-circuited and no fallback available.
RecoveringCommand short-circuited and no fallback available.
RecoveringCommand short-circuited and no fallback available.
RecoveringCommand short-circuited and no fallback available.
RecoveringCommand short-circuited and no fallback available.
RecoveringCommand short-circuited and no fallback available.
RecoveringCommand short-circuited and no fallback available.
RecoveringCommand short-circuited and no fallback available.
RecoveringCommand short-circuited and no fallback available.
RecoveringCommand short-circuited and no fallback available.
RecoveringCommand short-circuited and no fallback available.
RecoveringCommand short-circuited and no fallback available.
RecoveringCommand short-circuited and no fallback available.
RecoveringCommand short-circuited and no fallback available.
RecoveringCommand short-circuited and no fallback available.
RecoveringCommand short-circuited and no fallback available.
RecoveringCommand short-circuited and no fallback available.
RecoveringCommand short-circuited and no fallback available.
RecoveringCommand short-circuited and no fallback available.
RecoveringCommand short-circuited and no fallback available.
RecoveringCommand short-circuited and no fallback available.
RecoveringCommand short-circuited and no fallback available.
RecoveringCommand short-circuited and no fallback available.
RecoveringCommand short-circuited and no fallback available.
RecoveringCommand short-circuited and no fallback available.
RecoveringCommand short-circuited and no fallback available.
RecoveringCommand short-circuited and no fallback available.
RecoveringCommand short-circuited and no fallback available.
RecoveringCommand short-circuited and no fallback available.
RecoveringCommand short-circuited and no fallback available.
RecoveringCommand short-circuited and no fallback available.
RecoveringCommand short-circuited and no fallback available.
RecoveringCommand short-circuited and no fallback available.
RecoveringCommand short-circuited and no fallback available.
RecoveringCommand short-circuited and no fallback available.
RecoveringCommand short-circuited and no fallback available.
RecoveringCommand short-circuited and no fallback available.
RecoveringCommand short-circuited and no fallback available.
RecoveringCommand short-circuited and no fallback available.
RecoveringCommand short-circuited and no fallback available.
RecoveringCommand short-circuited and no fallback available.
RecoveringCommand short-circuited and no fallback available.
RecoveringCommand short-circuited and no fallback available.
RecoveringCommand short-circuited and no fallback available.
RecoveringCommand short-circuited and no fallback available.
RecoveringCommand short-circuited and no fallback available.
RecoveringCommand short-circuited and no fallback available.
RecoveringCommand short-circuited and no fallback available.
RecoveringCommand short-circuited and no fallback available.
RecoveringCommand short-circuited and no fallback available.
RecoveringCommand short-circuited and no fallback available.
RecoveringCommand short-circuited and no fallback available.
RecoveringCommand short-circuited and no fallback available.
RecoveringCommand short-circuited and no fallback available.
RecoveringCommand short-circuited and no fallback available.
RecoveringCommand short-circuited and no fallback available.
RecoveringCommand short-circuited and no fallback available.
RecoveringCommand short-circuited and no fallback available.
RecoveringCommand short-circuited and no fallback available.
RecoveringCommand short-circuited and no fallback available.
RecoveringCommand short-circuited and no fallback available.
RecoveringCommand short-circuited and no fallback available.
RecoveringCommand short-circuited and no fallback available.
RecoveringCommand short-circuited and no fallback available.
RecoveringCommand short-circuited and no fallback available.
RecoveringCommand short-circuited and no fallback available.
RecoveringCommand short-circuited and no fallback available.
RecoveringCommand short-circuited and no fallback available.
RecoveringCommand short-circuited and no fallback available.
RecoveringCommand short-circuited and no fallback available.
RecoveringCommand short-circuited and no fallback available.
RecoveringCommand short-circuited and no fallback available.
RecoveringCommand short-circuited and no fallback available.
RecoveringCommand short-circuited and no fallback available.
RecoveringCommand short-circuited and no fallback available.
RecoveringCommand short-circuited and no fallback available.
RecoveringCommand short-circuited and no fallback available.
RecoveringCommand short-circuited and no fallback available.
RecoveringCommand short-circuited and no fallback available.
RecoveringCommand short-circuited and no fallback available.
RecoveringCommand short-circuited and no fallback available.
RecoveringCommand short-circuited and no fallback available.
RecoveringCommand short-circuited and no fallback available.
RecoveringCommand short-circuited and no fallback available.
RecoveringCommand short-circuited and no fallback available.
RecoveringCommand short-circuited and no fallback available.
RecoveringCommand short-circuited and no fallback available.
RecoveringCommand short-circuited and no fallback available.
RecoveringCommand short-circuited and no fallback available.
RecoveringCommand short-circuited and no fallback available.
RecoveringCommand short-circuited and no fallback available.
RecoveringCommand short-circuited and no fallback available.
RecoveringCommand short-circuited and no fallback available.
RecoveringCommand short-circuited and no fallback available.
RecoveringCommand short-circuited and no fallback available.
RecoveringCommand short-circuited and no fallback available.
RecoveringCommand short-circuited and no fallback available.
RecoveringCommand short-circuited and no fallback available.
RecoveringCommand short-circuited and no fallback available.
RecoveringCommand short-circuited and no fallback available.
RecoveringCommand short-circuited and no fallback available.
RecoveringCommand short-circuited and no fallback available.
RecoveringCommand short-circuited and no fallback available.
RecoveringCommand short-circuited and no fallback available.
RecoveringCommand short-circuited and no fallback available.
RecoveringCommand short-circuited and no fallback available.
RecoveringCommand short-circuited and no fallback available.
RecoveringCommand short-circuited and no fallback available.
RecoveringCommand short-circuited and no fallback available.
RecoveringCommand short-circuited and no fallback available.
RecoveringCommand short-circuited and no fallback available.
RecoveringCommand short-circuited and no fallback available.
RecoveringCommand short-circuited and no fallback available.
RecoveringCommand short-circuited and no fallback available.
RecoveringCommand short-circuited and no fallback available.
RecoveringCommand short-circuited and no fallback available.
RecoveringCommand short-circuited and no fallback available.
RecoveringCommand short-circuited and no fallback available.
RecoveringCommand short-circuited and no fallback available.
RecoveringCommand short-circuited and no fallback available.
RecoveringCommand short-circuited and no fallback available.
RecoveringCommand short-circuited and no fallback available.
RecoveringCommand short-circuited and no fallback available.
RecoveringCommand short-circuited and no fallback available.
RecoveringCommand short-circuited and no fallback available.
RecoveringCommand short-circuited and no fallback available.
RecoveringCommand short-circuited and no fallback available.
RecoveringCommand short-circuited and no fallback available.
RecoveringCommand short-circuited and no fallback available.
RecoveringCommand short-circuited and no fallback available.
RecoveringCommand short-circuited and no fallback available.
RecoveringCommand short-circuited and no fallback available.
RecoveringCommand short-circuited and no fallback available.
RecoveringCommand short-circuited and no fallback available.
RecoveringCommand short-circuited and no fallback available.
RecoveringCommand short-circuited and no fallback available.
RecoveringCommand short-circuited and no fallback available.
RecoveringCommand short-circuited and no fallback available.
RecoveringCommand short-circuited and no fallback available.
RecoveringCommand short-circuited and no fallback available.
RecoveringCommand short-circuited and no fallback available.
RecoveringCommand short-circuited and no fallback available.
RecoveringCommand short-circuited and no fallback available.
RecoveringCommand short-circuited and no fallback available.
RecoveringCommand short-circuited and no fallback available.
RecoveringCommand short-circuited and no fallback available.
RecoveringCommand short-circuited and no fallback available.
RecoveringCommand short-circuited and no fallback available.
RecoveringCommand short-circuited and no fallback available.
RecoveringCommand short-circuited and no fallback available.
RecoveringCommand short-circuited and no fallback available.
RecoveringCommand short-circuited and no fallback available.
RecoveringCommand short-circuited and no fallback available.
RecoveringCommand short-circuited and no fallback available.
RecoveringCommand short-circuited and no fallback available.
RecoveringCommand short-circuited and no fallback available.
RecoveringCommand short-circuited and no fallback available.
RecoveringCommand short-circuited and no fallback available.
RecoveringCommand short-circuited and no fallback available.
RecoveringCommand short-circuited and no fallback available.
RecoveringCommand short-circuited and no fallback available.
RecoveringCommand short-circuited and no fallback available.
RecoveringCommand short-circuited and no fallback available.
RecoveringCommand short-circuited and no fallback available.
RecoveringCommand short-circuited and no fallback available.
RecoveringCommand short-circuited and no fallback available.
RecoveringCommand short-circuited and no fallback available.
RecoveringCommand short-circuited and no fallback available.
RecoveringCommand short-circuited and no fallback available.
RecoveringCommand short-circuited and no fallback available.
RecoveringCommand short-circuited and no fallback available.
RecoveringCommand short-circuited and no fallback available.
RecoveringCommand short-circuited and no fallback available.
RecoveringCommand short-circuited and no fallback available.
RecoveringCommand short-circuited and no fallback available.
RecoveringCommand short-circuited and no fallback available.
RecoveringCommand short-circuited and no fallback available.
RecoveringCommand short-circuited and no fallback available.
RecoveringCommand short-circuited and no fallback available.
RecoveringCommand short-circuited and no fallback available.
RecoveringCommand short-circuited and no fallback available.
RecoveringCommand short-circuited and no fallback available.
RecoveringCommand short-circuited and no fallback available.
RecoveringCommand short-circuited and no fallback available.
RecoveringCommand short-circuited and no fallback available.
RecoveringCommand short-circuited and no fallback available.
RecoveringCommand short-circuited and no fallback available.
RecoveringCommand short-circuited and no fallback available.
RecoveringCommand short-circuited and no fallback available.
RecoveringCommand short-circuited and no fallback available.
RecoveringCommand short-circuited and no fallback available.
RecoveringCommand short-circuited and no fallback available.
RecoveringCommand short-circuited and no fallback available.
RecoveringCommand short-circuited and no fallback available.
RecoveringCommand short-circuited and no fallback available.
RecoveringCommand short-circuited and no fallback available.
RecoveringCommand short-circuited and no fallback available.
RecoveringCommand short-circuited and no fallback available.
RecoveringCommand short-circuited and no fallback available.
RecoveringCommand short-circuited and no fallback available.
RecoveringCommand short-circuited and no fallback available.
RecoveringCommand short-circuited and no fallback available.
RecoveringCommand short-circuited and no fallback available.
RecoveringCommand short-circuited and no fallback available.
RecoveringCommand short-circuited and no fallback available.
RecoveringCommand short-circuited and no fallback available.
RecoveringCommand short-circuited and no fallback available.
RecoveringCommand short-circuited and no fallback available.
RecoveringCommand short-circuited and no fallback available.
RecoveringCommand short-circuited and no fallback available.
RecoveringCommand short-circuited and no fallback available.
RecoveringCommand short-circuited and no fallback available.
RecoveringCommand short-circuited and no fallback available.
RecoveringCommand short-circuited and no fallback available.
RecoveringCommand short-circuited and no fallback available.
RecoveringCommand short-circuited and no fallback available.
RecoveringCommand short-circuited and no fallback available.
RecoveringCommand short-circuited and no fallback available.
RecoveringCommand short-circuited and no fallback available.
RecoveringCommand short-circuited and no fallback available.
RecoveringCommand short-circuited and no fallback available.
RecoveringCommand short-circuited and no fallback available.
RecoveringCommand short-circuited and no fallback available.
RecoveringCommand short-circuited and no fallback available.
RecoveringCommand short-circuited and no fallback available.
RecoveringCommand short-circuited and no fallback available.
RecoveringCommand short-circuited and no fallback available.
RecoveringCommand short-circuited and no fallback available.
RecoveringCommand short-circuited and no fallback available.
RecoveringCommand short-circuited and no fallback available.
RecoveringCommand short-circuited and no fallback available.
RecoveringCommand short-circuited and no fallback available.
RecoveringCommand short-circuited and no fallback available.
RecoveringCommand short-circuited and no fallback available.
RecoveringCommand short-circuited and no fallback available.
RecoveringCommand short-circuited and no fallback available.
RecoveringCommand short-circuited and no fallback available.
RecoveringCommand short-circuited and no fallback available.
RecoveringCommand short-circuited and no fallback available.
RecoveringCommand short-circuited and no fallback available.
RecoveringCommand short-circuited and no fallback available.
RecoveringCommand short-circuited and no fallback available.
RecoveringCommand short-circuited and no fallback available.
RecoveringCommand short-circuited and no fallback available.
RecoveringCommand short-circuited and no fallback available.
RecoveringCommand short-circuited and no fallback available.
RecoveringCommand short-circuited and no fallback available.
RecoveringCommand short-circuited and no fallback available.
RecoveringCommand short-circuited and no fallback available.
RecoveringCommand short-circuited and no fallback available.
RecoveringCommand short-circuited and no fallback available.
RecoveringCommand short-circuited and no fallback available.
RecoveringCommand short-circuited and no fallback available.
RecoveringCommand short-circuited and no fallback available.
RecoveringCommand short-circuited and no fallback available.
RecoveringCommand short-circuited and no fallback available.
RecoveringCommand short-circuited and no fallback available.
RecoveringCommand short-circuited and no fallback available.
RecoveringCommand short-circuited and no fallback available.
RecoveringCommand short-circuited and no fallback available.
RecoveringCommand short-circuited and no fallback available.
RecoveringCommand short-circuited and no fallback available.
RecoveringCommand short-circuited and no fallback available.
RecoveringCommand short-circuited and no fallback available.
RecoveringCommand short-circuited and no fallback available.
RecoveringCommand short-circuited and no fallback available.
RecoveringCommand short-circuited and no fallback available.
RecoveringCommand short-circuited and no fallback available.
RecoveringCommand short-circuited and no fallback available.
RecoveringCommand short-circuited and no fallback available.
RecoveringCommand short-circuited and no fallback available.
RecoveringCommand short-circuited and no fallback available.
RecoveringCommand short-circuited and no fallback available.
RecoveringCommand short-circuited and no fallback available.
RecoveringCommand short-circuited and no fallback available.
RecoveringCommand short-circuited and no fallback available.
RecoveringCommand short-circuited and no fallback available.
RecoveringCommand short-circuited and no fallback available.
RecoveringCommand short-circuited and no fallback available.
RecoveringCommand short-circuited and no fallback available.
RecoveringCommand short-circuited and no fallback available.
RecoveringCommand short-circuited and no fallback available.
RecoveringCommand short-circuited and no fallback available.
RecoveringCommand short-circuited and no fallback available.
RecoveringCommand short-circuited and no fallback available.
RecoveringCommand short-circuited and no fallback available.
RecoveringCommand short-circuited and no fallback available.
RecoveringCommand short-circuited and no fallback available.
RecoveringCommand short-circuited and no fallback available.
RecoveringCommand short-circuited and no fallback available.
RecoveringCommand short-circuited and no fallback available.
RecoveringCommand short-circuited and no fallback available.
RecoveringCommand short-circuited and no fallback available.
RecoveringCommand short-circuited and no fallback available.
RecoveringCommand short-circuited and no fallback available.
RecoveringCommand short-circuited and no fallback available.
RecoveringCommand short-circuited and no fallback available.
RecoveringCommand short-circuited and no fallback available.
RecoveringCommand short-circuited and no fallback available.
RecoveringCommand short-circuited and no fallback available.
RecoveringCommand short-circuited and no fallback available.
RecoveringCommand short-circuited and no fallback available.
RecoveringCommand short-circuited and no fallback available.
RecoveringCommand short-circuited and no fallback available.
RecoveringCommand short-circuited and no fallback available.
RecoveringCommand short-circuited and no fallback available.
RecoveringCommand short-circuited and no fallback available.
RecoveringCommand short-circuited and no fallback available.
RecoveringCommand short-circuited and no fallback available.
RecoveringCommand short-circuited and no fallback available.
RecoveringCommand short-circuited and no fallback available.
RecoveringCommand short-circuited and no fallback available.
RecoveringCommand short-circuited and no fallback available.
RecoveringCommand short-circuited and no fallback available.
RecoveringCommand short-circuited and no fallback available.
RecoveringCommand short-circuited and no fallback available.
RecoveringCommand short-circuited and no fallback available.
RecoveringCommand short-circuited and no fallback available.
RecoveringCommand short-circuited and no fallback available.
RecoveringCommand short-circuited and no fallback available.
RecoveringCommand short-circuited and no fallback available.
RecoveringCommand short-circuited and no fallback available.
RecoveringCommand short-circuited and no fallback available.
RecoveringCommand short-circuited and no fallback available.
RecoveringCommand short-circuited and no fallback available.
RecoveringCommand short-circuited and no fallback available.
RecoveringCommand short-circuited and no fallback available.
RecoveringCommand short-circuited and no fallback available.
RecoveringCommand short-circuited and no fallback available.
RecoveringCommand short-circuited and no fallback available.
RecoveringCommand short-circuited and no fallback available.
RecoveringCommand short-circuited and no fallback available.
RecoveringCommand short-circuited and no fallback available.
RecoveringCommand short-circuited and no fallback available.
RecoveringCommand short-circuited and no fallback available.
RecoveringCommand short-circuited and no fallback available.
RecoveringCommand short-circuited and no fallback available.
RecoveringCommand short-circuited and no fallback available.
RecoveringCommand short-circuited and no fallback available.
RecoveringCommand short-circuited and no fallback available.
RecoveringCommand short-circuited and no fallback available.
RecoveringCommand short-circuited and no fallback available.
RecoveringCommand short-circuited and no fallback available.
RecoveringCommand short-circuited and no fallback available.
RecoveringCommand short-circuited and no fallback available.
RecoveringCommand short-circuited and no fallback available.
RecoveringCommand short-circuited and no fallback available.
RecoveringCommand short-circuited and no fallback available.
RecoveringCommand short-circuited and no fallback available.
RecoveringCommand short-circuited and no fallback available.
RecoveringCommand short-circuited and no fallback available.
RecoveringCommand short-circuited and no fallback available.
RecoveringCommand short-circuited and no fallback available.
RecoveringCommand short-circuited and no fallback available.
RecoveringCommand short-circuited and no fallback available.
RecoveringCommand short-circuited and no fallback available.
RecoveringCommand short-circuited and no fallback available.
RecoveringCommand short-circuited and no fallback available.
RecoveringCommand short-circuited and no fallback available.
RecoveringCommand short-circuited and no fallback available.
RecoveringCommand short-circuited and no fallback available.
RecoveringCommand short-circuited and no fallback available.
RecoveringCommand short-circuited and no fallback available.
RecoveringCommand short-circuited and no fallback available.
RecoveringCommand short-circuited and no fallback available.
RecoveringCommand short-circuited and no fallback available.
RecoveringCommand short-circuited and no fallback available.
RecoveringCommand short-circuited and no fallback available.
RecoveringCommand short-circuited and no fallback available.
RecoveringCommand short-circuited and no fallback available.
RecoveringCommand short-circuited and no fallback available.
RecoveringCommand short-circuited and no fallback available.
RecoveringCommand short-circuited and no fallback available.
RecoveringCommand short-circuited and no fallback available.
RecoveringCommand short-circuited and no fallback available.
RecoveringCommand short-circuited and no fallback available.
RecoveringCommand short-circuited and no fallback available.
RecoveringCommand short-circuited and no fallback available.
RecoveringCommand short-circuited and no fallback available.
RecoveringCommand short-circuited and no fallback available.
RecoveringCommand short-circuited and no fallback available.
RecoveringCommand short-circuited and no fallback available.
RecoveringCommand short-circuited and no fallback available.
RecoveringCommand short-circuited and no fallback available.
RecoveringCommand short-circuited and no fallback available.
RecoveringCommand short-circuited and no fallback available.
RecoveringCommand short-circuited and no fallback available.
RecoveringCommand short-circuited and no fallback available.
RecoveringCommand short-circuited and no fallback available.
RecoveringCommand short-circuited and no fallback available.
RecoveringCommand short-circuited and no fallback available.
RecoveringCommand short-circuited and no fallback available.
RecoveringCommand short-circuited and no fallback available.
RecoveringCommand short-circuited and no fallback available.
RecoveringCommand short-circuited and no fallback available.
RecoveringCommand short-circuited and no fallback available.
RecoveringCommand short-circuited and no fallback available.
RecoveringCommand short-circuited and no fallback available.
RecoveringCommand short-circuited and no fallback available.
RecoveringCommand short-circuited and no fallback available.
RecoveringCommand short-circuited and no fallback available.
RecoveringCommand short-circuited and no fallback available.
RecoveringCommand short-circuited and no fallback available.
RecoveringCommand short-circuited and no fallback available.
RecoveringCommand short-circuited and no fallback available.
RecoveringCommand short-circuited and no fallback available.
RecoveringCommand short-circuited and no fallback available.
RecoveringCommand short-circuited and no fallback available.
RecoveringCommand short-circuited and no fallback available.
RecoveringCommand short-circuited and no fallback available.
RecoveringCommand short-circuited and no fallback available.
RecoveringCommand short-circuited and no fallback available.
RecoveringCommand short-circuited and no fallback available.
RecoveringCommand short-circuited and no fallback available.
RecoveringCommand short-circuited and no fallback available.
RecoveringCommand short-circuited and no fallback available.
RecoveringCommand short-circuited and no fallback available.
RecoveringCommand short-circuited and no fallback available.
RecoveringCommand short-circuited and no fallback available.
RecoveringCommand short-circuited and no fallback available.
RecoveringCommand short-circuited and no fallback available.
RecoveringCommand short-circuited and no fallback available.
RecoveringCommand short-circuited and no fallback available.
RecoveringCommand short-circuited and no fallback available.
RecoveringCommand short-circuited and no fallback available.
RecoveringCommand short-circuited and no fallback available.
RecoveringCommand short-circuited and no fallback available.
RecoveringCommand short-circuited and no fallback available.
RecoveringCommand short-circuited and no fallback available.
RecoveringCommand short-circuited and no fallback available.
RecoveringCommand short-circuited and no fallback available.
RecoveringCommand short-circuited and no fallback available.
RecoveringCommand short-circuited and no fallback available.
RecoveringCommand short-circuited and no fallback available.
RecoveringCommand short-circuited and no fallback available.
RecoveringCommand short-circuited and no fallback available.
RecoveringCommand short-circuited and no fallback available.
RecoveringCommand short-circuited and no fallback available.
RecoveringCommand short-circuited and no fallback available.
RecoveringCommand short-circuited and no fallback available.
RecoveringCommand short-circuited and no fallback available.
RecoveringCommand short-circuited and no fallback available.
RecoveringCommand short-circuited and no fallback available.
RecoveringCommand short-circuited and no fallback available.
RecoveringCommand short-circuited and no fallback available.
RecoveringCommand short-circuited and no fallback available.
RecoveringCommand short-circuited and no fallback available.
RecoveringCommand short-circuited and no fallback available.
RecoveringCommand short-circuited and no fallback available.
RecoveringCommand short-circuited and no fallback available.
RecoveringCommand short-circuited and no fallback available.
RecoveringCommand short-circuited and no fallback available.
RecoveringCommand short-circuited and no fallback available.
RecoveringCommand short-circuited and no fallback available.
RecoveringCommand short-circuited and no fallback available.
RecoveringCommand short-circuited and no fallback available.
RecoveringCommand short-circuited and no fallback available.
RecoveringCommand short-circuited and no fallback available.
RecoveringCommand short-circuited and no fallback available.
RecoveringCommand short-circuited and no fallback available.
RecoveringCommand short-circuited and no fallback available.
RecoveringCommand short-circuited and no fallback available.
RecoveringCommand short-circuited and no fallback available.
RecoveringCommand short-circuited and no fallback available.
RecoveringCommand short-circuited and no fallback available.
RecoveringCommand short-circuited and no fallback available.
RecoveringCommand short-circuited and no fallback available.
RecoveringCommand short-circuited and no fallback available.
RecoveringCommand short-circuited and no fallback available.
RecoveringCommand short-circuited and no fallback available.
RecoveringCommand short-circuited and no fallback available.
RecoveringCommand short-circuited and no fallback available.
RecoveringCommand short-circuited and no fallback available.
RecoveringCommand short-circuited and no fallback available.
RecoveringCommand short-circuited and no fallback available.
RecoveringCommand short-circuited and no fallback available.
RecoveringCommand short-circuited and no fallback available.
RecoveringCommand short-circuited and no fallback available.
RecoveringCommand short-circuited and no fallback available.
RecoveringCommand short-circuited and no fallback available.
RecoveringCommand short-circuited and no fallback available.
RecoveringCommand short-circuited and no fallback available.
RecoveringCommand short-circuited and no fallback available.
RecoveringCommand short-circuited and no fallback available.
RecoveringCommand short-circuited and no fallback available.
RecoveringCommand short-circuited and no fallback available.
RecoveringCommand short-circuited and no fallback available.
RecoveringCommand short-circuited and no fallback available.
RecoveringCommand short-circuited and no fallback available.
RecoveringCommand short-circuited and no fallback available.
RecoveringCommand short-circuited and no fallback available.
RecoveringCommand short-circuited and no fallback available.
RecoveringCommand short-circuited and no fallback available.
RecoveringCommand short-circuited and no fallback available.
RecoveringCommand short-circuited and no fallback available.
RecoveringCommand short-circuited and no fallback available.
RecoveringCommand short-circuited and no fallback available.
RecoveringCommand short-circuited and no fallback available.
RecoveringCommand short-circuited and no fallback available.
RecoveringCommand short-circuited and no fallback available.
RecoveringCommand short-circuited and no fallback available.
RecoveringCommand short-circuited and no fallback available.
RecoveringCommand short-circuited and no fallback available.
RecoveringCommand short-circuited and no fallback available.
RecoveringCommand short-circuited and no fallback available.
RecoveringCommand short-circuited and no fallback available.
RecoveringCommand short-circuited and no fallback available.
RecoveringCommand short-circuited and no fallback available.
RecoveringCommand short-circuited and no fallback available.
RecoveringCommand short-circuited and no fallback available.
RecoveringCommand short-circuited and no fallback available.
RecoveringCommand short-circuited and no fallback available.
RecoveringCommand short-circuited and no fallback available.
RecoveringCommand short-circuited and no fallback available.
RecoveringCommand short-circuited and no fallback available.
RecoveringCommand short-circuited and no fallback available.
RecoveringCommand short-circuited and no fallback available.
RecoveringCommand short-circuited and no fallback available.
RecoveringCommand short-circuited and no fallback available.
RecoveringCommand short-circuited and no fallback available.
RecoveringCommand short-circuited and no fallback available.
RecoveringCommand short-circuited and no fallback available.
RecoveringCommand short-circuited and no fallback available.
RecoveringCommand short-circuited and no fallback available.
RecoveringCommand short-circuited and no fallback available.
RecoveringCommand short-circuited and no fallback available.
RecoveringCommand short-circuited and no fallback available.
RecoveringCommand short-circuited and no fallback available.
RecoveringCommand short-circuited and no fallback available.
RecoveringCommand short-circuited and no fallback available.
RecoveringCommand short-circuited and no fallback available.
RecoveringCommand short-circuited and no fallback available.
RecoveringCommand short-circuited and no fallback available.
RecoveringCommand short-circuited and no fallback available.
RecoveringCommand short-circuited and no fallback available.
RecoveringCommand short-circuited and no fallback available.
RecoveringCommand short-circuited and no fallback available.
RecoveringCommand short-circuited and no fallback available.
RecoveringCommand short-circuited and no fallback available.
RecoveringCommand short-circuited and no fallback available.
RecoveringCommand short-circuited and no fallback available.
RecoveringCommand short-circuited and no fallback available.
RecoveringCommand short-circuited and no fallback available.
RecoveringCommand short-circuited and no fallback available.
RecoveringCommand short-circuited and no fallback available.
RecoveringCommand short-circuited and no fallback available.
RecoveringCommand short-circuited and no fallback available.
RecoveringCommand short-circuited and no fallback available.
RecoveringCommand short-circuited and no fallback available.
RecoveringCommand short-circuited and no fallback available.
RecoveringCommand short-circuited and no fallback available.
RecoveringCommand short-circuited and no fallback available.
RecoveringCommand short-circuited and no fallback available.
RecoveringCommand short-circuited and no fallback available.
RecoveringCommand short-circuited and no fallback available.
RecoveringCommand short-circuited and no fallback available.
RecoveringCommand short-circuited and no fallback available.
RecoveringCommand short-circuited and no fallback available.
RecoveringCommand short-circuited and no fallback available.
RecoveringCommand short-circuited and no fallback available.
RecoveringCommand short-circuited and no fallback available.
RecoveringCommand short-circuited and no fallback available.
RecoveringCommand short-circuited and no fallback available.
RecoveringCommand short-circuited and no fallback available.
RecoveringCommand short-circuited and no fallback available.
RecoveringCommand short-circuited and no fallback available.
RecoveringCommand short-circuited and no fallback available.
RecoveringCommand short-circuited and no fallback available.
RecoveringCommand short-circuited and no fallback available.
RecoveringCommand short-circuited and no fallback available.
RecoveringCommand short-circuited and no fallback available.
RecoveringCommand short-circuited and no fallback available.
RecoveringCommand short-circuited and no fallback available.
RecoveringCommand short-circuited and no fallback available.
RecoveringCommand short-circuited and no fallback available.
RecoveringCommand short-circuited and no fallback available.
RecoveringCommand short-circuited and no fallback available.
RecoveringCommand short-circuited and no fallback available.
RecoveringCommand short-circuited and no fallback available.
RecoveringCommand short-circuited and no fallback available.
RecoveringCommand short-circuited and no fallback available.
RecoveringCommand short-circuited and no fallback available.
RecoveringCommand short-circuited and no fallback available.
RecoveringCommand short-circuited and no fallback available.
RecoveringCommand short-circuited and no fallback available.
RecoveringCommand short-circuited and no fallback available.
RecoveringCommand short-circuited and no fallback available.
RecoveringCommand short-circuited and no fallback available.
RecoveringCommand short-circuited and no fallback available.
RecoveringCommand short-circuited and no fallback available.
RecoveringCommand short-circuited and no fallback available.
RecoveringCommand short-circuited and no fallback available.
RecoveringCommand short-circuited and no fallback available.
RecoveringCommand short-circuited and no fallback available.
RecoveringCommand short-circuited and no fallback available.
RecoveringCommand short-circuited and no fallback available.
RecoveringCommand short-circuited and no fallback available.
RecoveringCommand short-circuited and no fallback available.
RecoveringCommand short-circuited and no fallback available.
RecoveringCommand short-circuited and no fallback available.
RecoveringCommand short-circuited and no fallback available.
RecoveringCommand short-circuited and no fallback available.
RecoveringCommand short-circuited and no fallback available.
RecoveringCommand short-circuited and no fallback available.
RecoveringCommand short-circuited and no fallback available.
RecoveringCommand short-circuited and no fallback available.
RecoveringCommand short-circuited and no fallback available.
RecoveringCommand short-circuited and no fallback available.
RecoveringCommand short-circuited and no fallback available.
RecoveringCommand short-circuited and no fallback available.
RecoveringCommand short-circuited and no fallback available.
RecoveringCommand short-circuited and no fallback available.
RecoveringCommand short-circuited and no fallback available.
RecoveringCommand short-circuited and no fallback available.
RecoveringCommand short-circuited and no fallback available.
RecoveringCommand short-circuited and no fallback available.
RecoveringCommand short-circuited and no fallback available.
RecoveringCommand short-circuited and no fallback available.
RecoveringCommand short-circuited and no fallback available.
RecoveringCommand short-circuited and no fallback available.
RecoveringCommand short-circuited and no fallback available.
RecoveringCommand short-circuited and no fallback available.
RecoveringCommand short-circuited and no fallback available.
RecoveringCommand short-circuited and no fallback available.
RecoveringCommand short-circuited and no fallback available.
RecoveringCommand short-circuited and no fallback available.
RecoveringCommand short-circuited and no fallback available.
RecoveringCommand short-circuited and no fallback available.
RecoveringCommand short-circuited and no fallback available.
RecoveringCommand short-circuited and no fallback available.
RecoveringCommand short-circuited and no fallback available.
RecoveringCommand short-circuited and no fallback available.
RecoveringCommand short-circuited and no fallback available.
RecoveringCommand short-circuited and no fallback available.
RecoveringCommand short-circuited and no fallback available.
RecoveringCommand short-circuited and no fallback available.
RecoveringCommand short-circuited and no fallback available.
RecoveringCommand short-circuited and no fallback available.
RecoveringCommand short-circuited and no fallback available.
RecoveringCommand short-circuited and no fallback available.
RecoveringCommand short-circuited and no fallback available.
RecoveringCommand short-circuited and no fallback available.
RecoveringCommand short-circuited and no fallback available.
RecoveringCommand short-circuited and no fallback available.
RecoveringCommand short-circuited and no fallback available.
RecoveringCommand short-circuited and no fallback available.
RecoveringCommand short-circuited and no fallback available.
RecoveringCommand short-circuited and no fallback available.
RecoveringCommand short-circuited and no fallback available.
RecoveringCommand short-circuited and no fallback available.
RecoveringCommand short-circuited and no fallback available.
RecoveringCommand short-circuited and no fallback available.
RecoveringCommand short-circuited and no fallback available.
RecoveringCommand short-circuited and no fallback available.
RecoveringCommand short-circuited and no fallback available.
RecoveringCommand short-circuited and no fallback available.
RecoveringCommand short-circuited and no fallback available.
RecoveringCommand short-circuited and no fallback available.
RecoveringCommand short-circuited and no fallback available.
RecoveringCommand short-circuited and no fallback available.
RecoveringCommand short-circuited and no fallback available.
RecoveringCommand short-circuited and no fallback available.
RecoveringCommand short-circuited and no fallback available.
RecoveringCommand short-circuited and no fallback available.
RecoveringCommand short-circuited and no fallback available.
RecoveringCommand short-circuited and no fallback available.
RecoveringCommand short-circuited and no fallback available.
RecoveringCommand short-circuited and no fallback available.
RecoveringCommand short-circuited and no fallback available.
RecoveringCommand short-circuited and no fallback available.
RecoveringCommand short-circuited and no fallback available.
RecoveringCommand short-circuited and no fallback available.
RecoveringCommand short-circuited and no fallback available.
RecoveringCommand short-circuited and no fallback available.
RecoveringCommand short-circuited and no fallback available.
RecoveringCommand short-circuited and no fallback available.
RecoveringCommand short-circuited and no fallback available.
RecoveringCommand short-circuited and no fallback available.
RecoveringCommand short-circuited and no fallback available.
RecoveringCommand short-circuited and no fallback available.
RecoveringCommand short-circuited and no fallback available.
RecoveringCommand short-circuited and no fallback available.
RecoveringCommand failed and no fallback available.
RecoveringCommand short-circuited and no fallback available.
RecoveringCommand short-circuited and no fallback available.
RecoveringCommand short-circuited and no fallback available.
RecoveringCommand short-circuited and no fallback available.
RecoveringCommand short-circuited and no fallback available.
RecoveringCommand short-circuited and no fallback available.
RecoveringCommand short-circuited and no fallback available.
RecoveringCommand short-circuited and no fallback available.
RecoveringCommand short-circuited and no fallback available.
RecoveringCommand short-circuited and no fallback available.
RecoveringCommand short-circuited and no fallback available.
RecoveringCommand short-circuited and no fallback available.
RecoveringCommand short-circuited and no fallback available.
RecoveringCommand short-circuited and no fallback available.
RecoveringCommand short-circuited and no fallback available.
RecoveringCommand short-circuited and no fallback available.
RecoveringCommand short-circuited and no fallback available.
RecoveringCommand short-circuited and no fallback available.
RecoveringCommand short-circuited and no fallback available.
RecoveringCommand short-circuited and no fallback available.
RecoveringCommand short-circuited and no fallback available.
RecoveringCommand short-circuited and no fallback available.
RecoveringCommand short-circuited and no fallback available.
RecoveringCommand short-circuited and no fallback available.
RecoveringCommand short-circuited and no fallback available.
RecoveringCommand short-circuited and no fallback available.
RecoveringCommand short-circuited and no fallback available.
RecoveringCommand short-circuited and no fallback available.
RecoveringCommand short-circuited and no fallback available.
RecoveringCommand short-circuited and no fallback available.
RecoveringCommand short-circuited and no fallback available.
RecoveringCommand short-circuited and no fallback available.
RecoveringCommand short-circuited and no fallback available.
RecoveringCommand short-circuited and no fallback available.
RecoveringCommand short-circuited and no fallback available.
RecoveringCommand short-circuited and no fallback available.
RecoveringCommand short-circuited and no fallback available.
RecoveringCommand short-circuited and no fallback available.
RecoveringCommand short-circuited and no fallback available.
RecoveringCommand short-circuited and no fallback available.
RecoveringCommand short-circuited and no fallback available.
RecoveringCommand short-circuited and no fallback available.
RecoveringCommand short-circuited and no fallback available.
RecoveringCommand short-circuited and no fallback available.
RecoveringCommand short-circuited and no fallback available.
RecoveringCommand short-circuited and no fallback available.
RecoveringCommand short-circuited and no fallback available.
RecoveringCommand short-circuited and no fallback available.
RecoveringCommand short-circuited and no fallback available.
RecoveringCommand short-circuited and no fallback available.
RecoveringCommand short-circuited and no fallback available.
RecoveringCommand short-circuited and no fallback available.
RecoveringCommand short-circuited and no fallback available.
RecoveringCommand short-circuited and no fallback available.
RecoveringCommand short-circuited and no fallback available.
RecoveringCommand short-circuited and no fallback available.
RecoveringCommand short-circuited and no fallback available.
RecoveringCommand short-circuited and no fallback available.
RecoveringCommand short-circuited and no fallback available.
RecoveringCommand short-circuited and no fallback available.
RecoveringCommand short-circuited and no fallback available.
RecoveringCommand short-circuited and no fallback available.
RecoveringCommand short-circuited and no fallback available.
RecoveringCommand short-circuited and no fallback available.
RecoveringCommand short-circuited and no fallback available.
RecoveringCommand short-circuited and no fallback available.
RecoveringCommand short-circuited and no fallback available.
RecoveringCommand short-circuited and no fallback available.
RecoveringCommand short-circuited and no fallback available.
RecoveringCommand short-circuited and no fallback available.
RecoveringCommand short-circuited and no fallback available.
RecoveringCommand short-circuited and no fallback available.
RecoveringCommand short-circuited and no fallback available.
RecoveringCommand short-circuited and no fallback available.
RecoveringCommand short-circuited and no fallback available.
RecoveringCommand short-circuited and no fallback available.
RecoveringCommand short-circuited and no fallback available.
RecoveringCommand short-circuited and no fallback available.
RecoveringCommand short-circuited and no fallback available.
RecoveringCommand short-circuited and no fallback available.
RecoveringCommand short-circuited and no fallback available.
RecoveringCommand short-circuited and no fallback available.
RecoveringCommand short-circuited and no fallback available.
RecoveringCommand short-circuited and no fallback available.
RecoveringCommand short-circuited and no fallback available.
RecoveringCommand short-circuited and no fallback available.
RecoveringCommand short-circuited and no fallback available.
RecoveringCommand short-circuited and no fallback available.
RecoveringCommand short-circuited and no fallback available.
RecoveringCommand short-circuited and no fallback available.
RecoveringCommand short-circuited and no fallback available.
RecoveringCommand short-circuited and no fallback available.
RecoveringCommand short-circuited and no fallback available.
RecoveringCommand short-circuited and no fallback available.
RecoveringCommand short-circuited and no fallback available.
RecoveringCommand short-circuited and no fallback available.
RecoveringCommand short-circuited and no fallback available.
RecoveringCommand short-circuited and no fallback available.
RecoveringCommand short-circuited and no fallback available.
RecoveringCommand short-circuited and no fallback available.
RecoveringCommand short-circuited and no fallback available.
RecoveringCommand short-circuited and no fallback available.
RecoveringCommand short-circuited and no fallback available.
RecoveringCommand short-circuited and no fallback available.
RecoveringCommand short-circuited and no fallback available.
RecoveringCommand short-circuited and no fallback available.
RecoveringCommand short-circuited and no fallback available.
RecoveringCommand short-circuited and no fallback available.
RecoveringCommand short-circuited and no fallback available.
RecoveringCommand short-circuited and no fallback available.
RecoveringCommand short-circuited and no fallback available.
RecoveringCommand short-circuited and no fallback available.
RecoveringCommand short-circuited and no fallback available.
RecoveringCommand short-circuited and no fallback available.
RecoveringCommand short-circuited and no fallback available.
RecoveringCommand short-circuited and no fallback available.
RecoveringCommand short-circuited and no fallback available.
RecoveringCommand short-circuited and no fallback available.
RecoveringCommand short-circuited and no fallback available.
RecoveringCommand short-circuited and no fallback available.
RecoveringCommand short-circuited and no fallback available.
RecoveringCommand short-circuited and no fallback available.
RecoveringCommand short-circuited and no fallback available.
RecoveringCommand short-circuited and no fallback available.
RecoveringCommand short-circuited and no fallback available.
RecoveringCommand short-circuited and no fallback available.
RecoveringCommand short-circuited and no fallback available.
RecoveringCommand short-circuited and no fallback available.
RecoveringCommand short-circuited and no fallback available.
RecoveringCommand short-circuited and no fallback available.
RecoveringCommand short-circuited and no fallback available.
RecoveringCommand short-circuited and no fallback available.
RecoveringCommand short-circuited and no fallback available.
RecoveringCommand short-circuited and no fallback available.
RecoveringCommand short-circuited and no fallback available.
RecoveringCommand short-circuited and no fallback available.
RecoveringCommand short-circuited and no fallback available.
RecoveringCommand short-circuited and no fallback available.
RecoveringCommand short-circuited and no fallback available.
RecoveringCommand short-circuited and no fallback available.
RecoveringCommand short-circuited and no fallback available.
RecoveringCommand short-circuited and no fallback available.
RecoveringCommand short-circuited and no fallback available.
RecoveringCommand short-circuited and no fallback available.
RecoveringCommand short-circuited and no fallback available.
RecoveringCommand short-circuited and no fallback available.
RecoveringCommand short-circuited and no fallback available.
RecoveringCommand short-circuited and no fallback available.
RecoveringCommand short-circuited and no fallback available.
RecoveringCommand short-circuited and no fallback available.
RecoveringCommand short-circuited and no fallback available.
RecoveringCommand short-circuited and no fallback available.
RecoveringCommand short-circuited and no fallback available.
RecoveringCommand short-circuited and no fallback available.
RecoveringCommand short-circuited and no fallback available.
RecoveringCommand short-circuited and no fallback available.
RecoveringCommand short-circuited and no fallback available.
RecoveringCommand short-circuited and no fallback available.
RecoveringCommand short-circuited and no fallback available.
RecoveringCommand short-circuited and no fallback available.
RecoveringCommand short-circuited and no fallback available.
RecoveringCommand short-circuited and no fallback available.
RecoveringCommand short-circuited and no fallback available.
RecoveringCommand short-circuited and no fallback available.
RecoveringCommand short-circuited and no fallback available.
RecoveringCommand short-circuited and no fallback available.
RecoveringCommand short-circuited and no fallback available.
RecoveringCommand short-circuited and no fallback available.
RecoveringCommand short-circuited and no fallback available.
RecoveringCommand short-circuited and no fallback available.
RecoveringCommand short-circuited and no fallback available.
RecoveringCommand short-circuited and no fallback available.
RecoveringCommand short-circuited and no fallback available.
RecoveringCommand short-circuited and no fallback available.
RecoveringCommand short-circuited and no fallback available.
RecoveringCommand short-circuited and no fallback available.
RecoveringCommand short-circuited and no fallback available.
RecoveringCommand short-circuited and no fallback available.
RecoveringCommand short-circuited and no fallback available.
RecoveringCommand short-circuited and no fallback available.
RecoveringCommand short-circuited and no fallback available.
RecoveringCommand short-circuited and no fallback available.
RecoveringCommand short-circuited and no fallback available.
RecoveringCommand short-circuited and no fallback available.
RecoveringCommand short-circuited and no fallback available.
RecoveringCommand short-circuited and no fallback available.
RecoveringCommand short-circuited and no fallback available.
RecoveringCommand short-circuited and no fallback available.
RecoveringCommand short-circuited and no fallback available.
RecoveringCommand short-circuited and no fallback available.
RecoveringCommand short-circuited and no fallback available.
RecoveringCommand short-circuited and no fallback available.
RecoveringCommand short-circuited and no fallback available.
RecoveringCommand short-circuited and no fallback available.
RecoveringCommand short-circuited and no fallback available.
RecoveringCommand short-circuited and no fallback available.
RecoveringCommand short-circuited and no fallback available.
RecoveringCommand short-circuited and no fallback available.
RecoveringCommand short-circuited and no fallback available.
RecoveringCommand short-circuited and no fallback available.
RecoveringCommand short-circuited and no fallback available.
RecoveringCommand short-circuited and no fallback available.
RecoveringCommand short-circuited and no fallback available.
RecoveringCommand short-circuited and no fallback available.
RecoveringCommand short-circuited and no fallback available.
RecoveringCommand short-circuited and no fallback available.
RecoveringCommand short-circuited and no fallback available.
RecoveringCommand short-circuited and no fallback available.
RecoveringCommand short-circuited and no fallback available.
RecoveringCommand short-circuited and no fallback available.
RecoveringCommand short-circuited and no fallback available.
RecoveringCommand short-circuited and no fallback available.
RecoveringCommand short-circuited and no fallback available.
RecoveringCommand short-circuited and no fallback available.
RecoveringCommand short-circuited and no fallback available.
RecoveringCommand short-circuited and no fallback available.
RecoveringCommand short-circuited and no fallback available.
RecoveringCommand short-circuited and no fallback available.
RecoveringCommand short-circuited and no fallback available.
RecoveringCommand short-circuited and no fallback available.
RecoveringCommand short-circuited and no fallback available.
RecoveringCommand short-circuited and no fallback available.
RecoveringCommand short-circuited and no fallback available.
RecoveringCommand short-circuited and no fallback available.
RecoveringCommand short-circuited and no fallback available.
RecoveringCommand short-circuited and no fallback available.
RecoveringCommand short-circuited and no fallback available.
RecoveringCommand short-circuited and no fallback available.
RecoveringCommand short-circuited and no fallback available.
RecoveringCommand short-circuited and no fallback available.
RecoveringCommand short-circuited and no fallback available.
RecoveringCommand short-circuited and no fallback available.
RecoveringCommand short-circuited and no fallback available.
RecoveringCommand short-circuited and no fallback available.
RecoveringCommand short-circuited and no fallback available.
RecoveringCommand short-circuited and no fallback available.
RecoveringCommand short-circuited and no fallback available.
RecoveringCommand short-circuited and no fallback available.
RecoveringCommand short-circuited and no fallback available.
RecoveringCommand short-circuited and no fallback available.
RecoveringCommand short-circuited and no fallback available.
RecoveringCommand short-circuited and no fallback available.
RecoveringCommand short-circuited and no fallback available.
RecoveringCommand short-circuited and no fallback available.
RecoveringCommand short-circuited and no fallback available.
RecoveringCommand short-circuited and no fallback available.
RecoveringCommand short-circuited and no fallback available.
RecoveringCommand short-circuited and no fallback available.
RecoveringCommand short-circuited and no fallback available.
RecoveringCommand short-circuited and no fallback available.
RecoveringCommand short-circuited and no fallback available.
RecoveringCommand short-circuited and no fallback available.
RecoveringCommand short-circuited and no fallback available.
RecoveringCommand short-circuited and no fallback available.
RecoveringCommand short-circuited and no fallback available.
RecoveringCommand short-circuited and no fallback available.
RecoveringCommand short-circuited and no fallback available.
RecoveringCommand short-circuited and no fallback available.
RecoveringCommand short-circuited and no fallback available.
RecoveringCommand short-circuited and no fallback available.
RecoveringCommand short-circuited and no fallback available.
RecoveringCommand short-circuited and no fallback available.
RecoveringCommand short-circuited and no fallback available.
RecoveringCommand short-circuited and no fallback available.
RecoveringCommand short-circuited and no fallback available.
RecoveringCommand short-circuited and no fallback available.
RecoveringCommand short-circuited and no fallback available.
RecoveringCommand short-circuited and no fallback available.
RecoveringCommand short-circuited and no fallback available.
RecoveringCommand short-circuited and no fallback available.
RecoveringCommand short-circuited and no fallback available.
RecoveringCommand short-circuited and no fallback available.
RecoveringCommand short-circuited and no fallback available.
RecoveringCommand short-circuited and no fallback available.
RecoveringCommand short-circuited and no fallback available.
RecoveringCommand short-circuited and no fallback available.
RecoveringCommand short-circuited and no fallback available.
RecoveringCommand short-circuited and no fallback available.
RecoveringCommand short-circuited and no fallback available.
RecoveringCommand short-circuited and no fallback available.
RecoveringCommand short-circuited and no fallback available.
RecoveringCommand short-circuited and no fallback available.
RecoveringCommand short-circuited and no fallback available.
RecoveringCommand short-circuited and no fallback available.
RecoveringCommand short-circuited and no fallback available.
RecoveringCommand short-circuited and no fallback available.
RecoveringCommand short-circuited and no fallback available.
RecoveringCommand short-circuited and no fallback available.
RecoveringCommand short-circuited and no fallback available.
RecoveringCommand short-circuited and no fallback available.
RecoveringCommand short-circuited and no fallback available.
RecoveringCommand short-circuited and no fallback available.
RecoveringCommand short-circuited and no fallback available.
RecoveringCommand short-circuited and no fallback available.
RecoveringCommand short-circuited and no fallback available.
RecoveringCommand short-circuited and no fallback available.
RecoveringCommand short-circuited and no fallback available.
RecoveringCommand short-circuited and no fallback available.
RecoveringCommand short-circuited and no fallback available.
RecoveringCommand short-circuited and no fallback available.
RecoveringCommand short-circuited and no fallback available.
RecoveringCommand short-circuited and no fallback available.
RecoveringCommand short-circuited and no fallback available.
RecoveringCommand short-circuited and no fallback available.
RecoveringCommand short-circuited and no fallback available.
RecoveringCommand short-circuited and no fallback available.
RecoveringCommand short-circuited and no fallback available.
RecoveringCommand short-circuited and no fallback available.
RecoveringCommand short-circuited and no fallback available.
RecoveringCommand short-circuited and no fallback available.
RecoveringCommand short-circuited and no fallback available.
RecoveringCommand short-circuited and no fallback available.
RecoveringCommand short-circuited and no fallback available.
RecoveringCommand short-circuited and no fallback available.
RecoveringCommand short-circuited and no fallback available.
RecoveringCommand short-circuited and no fallback available.
RecoveringCommand short-circuited and no fallback available.
RecoveringCommand short-circuited and no fallback available.
RecoveringCommand short-circuited and no fallback available.
RecoveringCommand short-circuited and no fallback available.
RecoveringCommand short-circuited and no fallback available.
RecoveringCommand short-circuited and no fallback available.
RecoveringCommand short-circuited and no fallback available.
RecoveringCommand short-circuited and no fallback available.
RecoveringCommand short-circuited and no fallback available.
RecoveringCommand short-circuited and no fallback available.
RecoveringCommand short-circuited and no fallback available.
RecoveringCommand short-circuited and no fallback available.
RecoveringCommand short-circuited and no fallback available.
RecoveringCommand short-circuited and no fallback available.
RecoveringCommand short-circuited and no fallback available.
RecoveringCommand short-circuited and no fallback available.
RecoveringCommand short-circuited and no fallback available.
RecoveringCommand short-circuited and no fallback available.
RecoveringCommand short-circuited and no fallback available.
RecoveringCommand short-circuited and no fallback available.
RecoveringCommand short-circuited and no fallback available.
RecoveringCommand short-circuited and no fallback available.
RecoveringCommand short-circuited and no fallback available.
RecoveringCommand short-circuited and no fallback available.
RecoveringCommand short-circuited and no fallback available.
RecoveringCommand short-circuited and no fallback available.
RecoveringCommand short-circuited and no fallback available.
RecoveringCommand short-circuited and no fallback available.
RecoveringCommand short-circuited and no fallback available.
RecoveringCommand short-circuited and no fallback available.
RecoveringCommand short-circuited and no fallback available.
RecoveringCommand short-circuited and no fallback available.
RecoveringCommand short-circuited and no fallback available.
RecoveringCommand short-circuited and no fallback available.
RecoveringCommand short-circuited and no fallback available.
RecoveringCommand short-circuited and no fallback available.
RecoveringCommand short-circuited and no fallback available.
RecoveringCommand short-circuited and no fallback available.
RecoveringCommand short-circuited and no fallback available.
RecoveringCommand short-circuited and no fallback available.
RecoveringCommand short-circuited and no fallback available.
RecoveringCommand short-circuited and no fallback available.
RecoveringCommand short-circuited and no fallback available.
RecoveringCommand short-circuited and no fallback available.
RecoveringCommand short-circuited and no fallback available.
RecoveringCommand short-circuited and no fallback available.
RecoveringCommand short-circuited and no fallback available.
RecoveringCommand short-circuited and no fallback available.
RecoveringCommand short-circuited and no fallback available.
RecoveringCommand short-circuited and no fallback available.
RecoveringCommand short-circuited and no fallback available.
RecoveringCommand short-circuited and no fallback available.
RecoveringCommand short-circuited and no fallback available.
RecoveringCommand short-circuited and no fallback available.
RecoveringCommand short-circuited and no fallback available.
RecoveringCommand short-circuited and no fallback available.
RecoveringCommand short-circuited and no fallback available.
RecoveringCommand short-circuited and no fallback available.
RecoveringCommand short-circuited and no fallback available.
RecoveringCommand short-circuited and no fallback available.
RecoveringCommand short-circuited and no fallback available.
RecoveringCommand short-circuited and no fallback available.
RecoveringCommand short-circuited and no fallback available.
RecoveringCommand short-circuited and no fallback available.
RecoveringCommand short-circuited and no fallback available.
RecoveringCommand short-circuited and no fallback available.
RecoveringCommand short-circuited and no fallback available.
RecoveringCommand short-circuited and no fallback available.
RecoveringCommand short-circuited and no fallback available.
RecoveringCommand short-circuited and no fallback available.
RecoveringCommand short-circuited and no fallback available.
RecoveringCommand short-circuited and no fallback available.
RecoveringCommand short-circuited and no fallback available.
RecoveringCommand short-circuited and no fallback available.
RecoveringCommand short-circuited and no fallback available.
RecoveringCommand short-circuited and no fallback available.
RecoveringCommand short-circuited and no fallback available.
RecoveringCommand short-circuited and no fallback available.
RecoveringCommand short-circuited and no fallback available.
RecoveringCommand short-circuited and no fallback available.
RecoveringCommand short-circuited and no fallback available.
RecoveringCommand short-circuited and no fallback available.
RecoveringCommand short-circuited and no fallback available.
RecoveringCommand short-circuited and no fallback available.
RecoveringCommand short-circuited and no fallback available.
RecoveringCommand short-circuited and no fallback available.
RecoveringCommand short-circuited and no fallback available.
RecoveringCommand short-circuited and no fallback available.
RecoveringCommand short-circuited and no fallback available.
RecoveringCommand short-circuited and no fallback available.
RecoveringCommand short-circuited and no fallback available.
RecoveringCommand short-circuited and no fallback available.
RecoveringCommand short-circuited and no fallback available.
RecoveringCommand short-circuited and no fallback available.
RecoveringCommand short-circuited and no fallback available.
RecoveringCommand short-circuited and no fallback available.
RecoveringCommand short-circuited and no fallback available.
RecoveringCommand short-circuited and no fallback available.
RecoveringCommand short-circuited and no fallback available.
RecoveringCommand short-circuited and no fallback available.
RecoveringCommand short-circuited and no fallback available.
RecoveringCommand short-circuited and no fallback available.
RecoveringCommand short-circuited and no fallback available.
RecoveringCommand short-circuited and no fallback available.
RecoveringCommand short-circuited and no fallback available.
RecoveringCommand short-circuited and no fallback available.
RecoveringCommand short-circuited and no fallback available.
RecoveringCommand short-circuited and no fallback available.
RecoveringCommand short-circuited and no fallback available.
RecoveringCommand short-circuited and no fallback available.
RecoveringCommand short-circuited and no fallback available.
RecoveringCommand short-circuited and no fallback available.
RecoveringCommand short-circuited and no fallback available.
RecoveringCommand short-circuited and no fallback available.
RecoveringCommand short-circuited and no fallback available.
RecoveringCommand short-circuited and no fallback available.
RecoveringCommand short-circuited and no fallback available.
RecoveringCommand short-circuited and no fallback available.
RecoveringCommand short-circuited and no fallback available.
RecoveringCommand short-circuited and no fallback available.
RecoveringCommand short-circuited and no fallback available.
RecoveringCommand short-circuited and no fallback available.
RecoveringCommand short-circuited and no fallback available.
RecoveringCommand short-circuited and no fallback available.
RecoveringCommand short-circuited and no fallback available.
RecoveringCommand short-circuited and no fallback available.
RecoveringCommand short-circuited and no fallback available.
RecoveringCommand short-circuited and no fallback available.
RecoveringCommand short-circuited and no fallback available.
RecoveringCommand short-circuited and no fallback available.
RecoveringCommand short-circuited and no fallback available.
RecoveringCommand short-circuited and no fallback available.
RecoveringCommand short-circuited and no fallback available.
RecoveringCommand short-circuited and no fallback available.
RecoveringCommand short-circuited and no fallback available.
RecoveringCommand short-circuited and no fallback available.
RecoveringCommand short-circuited and no fallback available.
RecoveringCommand short-circuited and no fallback available.
RecoveringCommand short-circuited and no fallback available.
RecoveringCommand short-circuited and no fallback available.
RecoveringCommand short-circuited and no fallback available.
RecoveringCommand short-circuited and no fallback available.
RecoveringCommand short-circuited and no fallback available.
RecoveringCommand short-circuited and no fallback available.
RecoveringCommand short-circuited and no fallback available.
RecoveringCommand short-circuited and no fallback available.
RecoveringCommand short-circuited and no fallback available.
RecoveringCommand short-circuited and no fallback available.
RecoveringCommand short-circuited and no fallback available.
RecoveringCommand short-circuited and no fallback available.
RecoveringCommand short-circuited and no fallback available.
RecoveringCommand short-circuited and no fallback available.
RecoveringCommand short-circuited and no fallback available.
RecoveringCommand short-circuited and no fallback available.
RecoveringCommand short-circuited and no fallback available.
RecoveringCommand short-circuited and no fallback available.
RecoveringCommand short-circuited and no fallback available.
RecoveringCommand short-circuited and no fallback available.
RecoveringCommand short-circuited and no fallback available.
RecoveringCommand short-circuited and no fallback available.
RecoveringCommand short-circuited and no fallback available.
RecoveringCommand short-circuited and no fallback available.
RecoveringCommand short-circuited and no fallback available.
RecoveringCommand short-circuited and no fallback available.
RecoveringCommand short-circuited and no fallback available.
RecoveringCommand short-circuited and no fallback available.
RecoveringCommand short-circuited and no fallback available.
RecoveringCommand short-circuited and no fallback available.
RecoveringCommand short-circuited and no fallback available.
RecoveringCommand short-circuited and no fallback available.
RecoveringCommand short-circuited and no fallback available.
RecoveringCommand short-circuited and no fallback available.
RecoveringCommand short-circuited and no fallback available.
RecoveringCommand short-circuited and no fallback available.
RecoveringCommand short-circuited and no fallback available.
RecoveringCommand short-circuited and no fallback available.
RecoveringCommand short-circuited and no fallback available.
RecoveringCommand short-circuited and no fallback available.
RecoveringCommand short-circuited and no fallback available.
RecoveringCommand short-circuited and no fallback available.
RecoveringCommand short-circuited and no fallback available.
RecoveringCommand short-circuited and no fallback available.
RecoveringCommand short-circuited and no fallback available.
RecoveringCommand short-circuited and no fallback available.
RecoveringCommand short-circuited and no fallback available.
RecoveringCommand short-circuited and no fallback available.
RecoveringCommand short-circuited and no fallback available.
RecoveringCommand short-circuited and no fallback available.
RecoveringCommand short-circuited and no fallback available.
RecoveringCommand short-circuited and no fallback available.
RecoveringCommand short-circuited and no fallback available.
RecoveringCommand short-circuited and no fallback available.
RecoveringCommand short-circuited and no fallback available.
RecoveringCommand short-circuited and no fallback available.
RecoveringCommand short-circuited and no fallback available.
RecoveringCommand short-circuited and no fallback available.
RecoveringCommand short-circuited and no fallback available.
RecoveringCommand short-circuited and no fallback available.
RecoveringCommand short-circuited and no fallback available.
RecoveringCommand short-circuited and no fallback available.
RecoveringCommand short-circuited and no fallback available.
RecoveringCommand short-circuited and no fallback available.
RecoveringCommand short-circuited and no fallback available.
RecoveringCommand short-circuited and no fallback available.
RecoveringCommand short-circuited and no fallback available.
RecoveringCommand short-circuited and no fallback available.
RecoveringCommand short-circuited and no fallback available.
RecoveringCommand short-circuited and no fallback available.
RecoveringCommand short-circuited and no fallback available.
RecoveringCommand short-circuited and no fallback available.
RecoveringCommand short-circuited and no fallback available.
RecoveringCommand short-circuited and no fallback available.
RecoveringCommand short-circuited and no fallback available.
RecoveringCommand short-circuited and no fallback available.
RecoveringCommand short-circuited and no fallback available.
RecoveringCommand short-circuited and no fallback available.
RecoveringCommand short-circuited and no fallback available.
RecoveringCommand short-circuited and no fallback available.
RecoveringCommand short-circuited and no fallback available.
RecoveringCommand short-circuited and no fallback available.
RecoveringCommand short-circuited and no fallback available.
RecoveringCommand short-circuited and no fallback available.
RecoveringCommand short-circuited and no fallback available.
RecoveringCommand short-circuited and no fallback available.
RecoveringCommand short-circuited and no fallback available.
RecoveringCommand short-circuited and no fallback available.
RecoveringCommand short-circuited and no fallback available.
RecoveringCommand short-circuited and no fallback available.
RecoveringCommand short-circuited and no fallback available.
RecoveringCommand short-circuited and no fallback available.
RecoveringCommand short-circuited and no fallback available.
RecoveringCommand short-circuited and no fallback available.
RecoveringCommand short-circuited and no fallback available.
RecoveringCommand short-circuited and no fallback available.
RecoveringCommand short-circuited and no fallback available.
RecoveringCommand short-circuited and no fallback available.
RecoveringCommand short-circuited and no fallback available.
RecoveringCommand short-circuited and no fallback available.
RecoveringCommand short-circuited and no fallback available.
RecoveringCommand short-circuited and no fallback available.
RecoveringCommand short-circuited and no fallback available.
RecoveringCommand short-circuited and no fallback available.
RecoveringCommand short-circuited and no fallback available.
RecoveringCommand short-circuited and no fallback available.
RecoveringCommand short-circuited and no fallback available.
RecoveringCommand short-circuited and no fallback available.
RecoveringCommand short-circuited and no fallback available.
RecoveringCommand short-circuited and no fallback available.
RecoveringCommand short-circuited and no fallback available.
RecoveringCommand short-circuited and no fallback available.
RecoveringCommand short-circuited and no fallback available.
RecoveringCommand short-circuited and no fallback available.
RecoveringCommand short-circuited and no fallback available.
RecoveringCommand short-circuited and no fallback available.
RecoveringCommand short-circuited and no fallback available.
RecoveringCommand short-circuited and no fallback available.
RecoveringCommand short-circuited and no fallback available.
RecoveringCommand short-circuited and no fallback available.
RecoveringCommand short-circuited and no fallback available.
RecoveringCommand short-circuited and no fallback available.
RecoveringCommand short-circuited and no fallback available.
RecoveringCommand short-circuited and no fallback available.
RecoveringCommand short-circuited and no fallback available.
RecoveringCommand short-circuited and no fallback available.
RecoveringCommand short-circuited and no fallback available.
RecoveringCommand short-circuited and no fallback available.
RecoveringCommand short-circuited and no fallback available.
RecoveringCommand short-circuited and no fallback available.
RecoveringCommand short-circuited and no fallback available.
RecoveringCommand short-circuited and no fallback available.
RecoveringCommand short-circuited and no fallback available.
RecoveringCommand short-circuited and no fallback available.
RecoveringCommand short-circuited and no fallback available.
RecoveringCommand short-circuited and no fallback available.
RecoveringCommand short-circuited and no fallback available.
RecoveringCommand short-circuited and no fallback available.
RecoveringCommand short-circuited and no fallback available.
RecoveringCommand short-circuited and no fallback available.
RecoveringCommand short-circuited and no fallback available.
RecoveringCommand short-circuited and no fallback available.
RecoveringCommand short-circuited and no fallback available.
RecoveringCommand short-circuited and no fallback available.
RecoveringCommand short-circuited and no fallback available.
RecoveringCommand short-circuited and no fallback available.
RecoveringCommand short-circuited and no fallback available.
RecoveringCommand short-circuited and no fallback available.
RecoveringCommand short-circuited and no fallback available.
RecoveringCommand short-circuited and no fallback available.
RecoveringCommand short-circuited and no fallback available.
RecoveringCommand short-circuited and no fallback available.
RecoveringCommand short-circuited and no fallback available.
RecoveringCommand short-circuited and no fallback available.
RecoveringCommand short-circuited and no fallback available.
RecoveringCommand short-circuited and no fallback available.
RecoveringCommand short-circuited and no fallback available.
RecoveringCommand short-circuited and no fallback available.
RecoveringCommand short-circuited and no fallback available.
RecoveringCommand short-circuited and no fallback available.
RecoveringCommand short-circuited and no fallback available.
RecoveringCommand short-circuited and no fallback available.
RecoveringCommand short-circuited and no fallback available.
RecoveringCommand short-circuited and no fallback available.
RecoveringCommand short-circuited and no fallback available.
RecoveringCommand short-circuited and no fallback available.
RecoveringCommand short-circuited and no fallback available.
RecoveringCommand short-circuited and no fallback available.
RecoveringCommand short-circuited and no fallback available.
RecoveringCommand short-circuited and no fallback available.
RecoveringCommand short-circuited and no fallback available.
RecoveringCommand short-circuited and no fallback available.
RecoveringCommand short-circuited and no fallback available.
RecoveringCommand short-circuited and no fallback available.
RecoveringCommand short-circuited and no fallback available.
RecoveringCommand short-circuited and no fallback available.
RecoveringCommand short-circuited and no fallback available.
RecoveringCommand short-circuited and no fallback available.
RecoveringCommand short-circuited and no fallback available.
RecoveringCommand short-circuited and no fallback available.
RecoveringCommand short-circuited and no fallback available.
RecoveringCommand short-circuited and no fallback available.
RecoveringCommand short-circuited and no fallback available.
RecoveringCommand short-circuited and no fallback available.
RecoveringCommand short-circuited and no fallback available.
RecoveringCommand short-circuited and no fallback available.
RecoveringCommand short-circuited and no fallback available.
RecoveringCommand short-circuited and no fallback available.
RecoveringCommand short-circuited and no fallback available.
RecoveringCommand short-circuited and no fallback available.
RecoveringCommand short-circuited and no fallback available.
RecoveringCommand short-circuited and no fallback available.
RecoveringCommand short-circuited and no fallback available.
RecoveringCommand short-circuited and no fallback available.
RecoveringCommand short-circuited and no fallback available.
RecoveringCommand short-circuited and no fallback available.
RecoveringCommand short-circuited and no fallback available.
RecoveringCommand short-circuited and no fallback available.
RecoveringCommand short-circuited and no fallback available.
RecoveringCommand short-circuited and no fallback available.
RecoveringCommand short-circuited and no fallback available.
RecoveringCommand short-circuited and no fallback available.
RecoveringCommand short-circuited and no fallback available.
RecoveringCommand short-circuited and no fallback available.
RecoveringCommand short-circuited and no fallback available.
RecoveringCommand short-circuited and no fallback available.
RecoveringCommand short-circuited and no fallback available.
RecoveringCommand short-circuited and no fallback available.
RecoveringCommand short-circuited and no fallback available.
RecoveringCommand short-circuited and no fallback available.
RecoveringCommand short-circuited and no fallback available.
RecoveringCommand short-circuited and no fallback available.
RecoveringCommand short-circuited and no fallback available.
RecoveringCommand short-circuited and no fallback available.
RecoveringCommand short-circuited and no fallback available.
RecoveringCommand short-circuited and no fallback available.
RecoveringCommand short-circuited and no fallback available.
RecoveringCommand short-circuited and no fallback available.
RecoveringCommand short-circuited and no fallback available.
RecoveringCommand short-circuited and no fallback available.
RecoveringCommand short-circuited and no fallback available.
RecoveringCommand short-circuited and no fallback available.
RecoveringCommand short-circuited and no fallback available.
RecoveringCommand short-circuited and no fallback available.
RecoveringCommand short-circuited and no fallback available.
RecoveringCommand short-circuited and no fallback available.
RecoveringCommand short-circuited and no fallback available.
RecoveringCommand short-circuited and no fallback available.
RecoveringCommand short-circuited and no fallback available.
RecoveringCommand short-circuited and no fallback available.
RecoveringCommand short-circuited and no fallback available.
RecoveringCommand short-circuited and no fallback available.
RecoveringCommand short-circuited and no fallback available.
RecoveringCommand short-circuited and no fallback available.
RecoveringCommand short-circuited and no fallback available.
RecoveringCommand short-circuited and no fallback available.
RecoveringCommand short-circuited and no fallback available.
RecoveringCommand short-circuited and no fallback available.
RecoveringCommand short-circuited and no fallback available.
RecoveringCommand short-circuited and no fallback available.
RecoveringCommand short-circuited and no fallback available.
RecoveringCommand short-circuited and no fallback available.
RecoveringCommand short-circuited and no fallback available.
RecoveringCommand short-circuited and no fallback available.
RecoveringCommand short-circuited and no fallback available.
RecoveringCommand short-circuited and no fallback available.
RecoveringCommand short-circuited and no fallback available.
RecoveringCommand short-circuited and no fallback available.
RecoveringCommand short-circuited and no fallback available.
RecoveringCommand short-circuited and no fallback available.
RecoveringCommand short-circuited and no fallback available.
RecoveringCommand short-circuited and no fallback available.
RecoveringCommand short-circuited and no fallback available.
RecoveringCommand short-circuited and no fallback available.
RecoveringCommand short-circuited and no fallback available.
RecoveringCommand short-circuited and no fallback available.
RecoveringCommand short-circuited and no fallback available.
RecoveringCommand short-circuited and no fallback available.
RecoveringCommand short-circuited and no fallback available.
RecoveringCommand short-circuited and no fallback available.
RecoveringCommand short-circuited and no fallback available.
RecoveringCommand short-circuited and no fallback available.
RecoveringCommand short-circuited and no fallback available.
RecoveringCommand short-circuited and no fallback available.
RecoveringCommand short-circuited and no fallback available.
RecoveringCommand short-circuited and no fallback available.
RecoveringCommand short-circuited and no fallback available.
RecoveringCommand short-circuited and no fallback available.
RecoveringCommand short-circuited and no fallback available.
RecoveringCommand short-circuited and no fallback available.
RecoveringCommand short-circuited and no fallback available.
RecoveringCommand short-circuited and no fallback available.
RecoveringCommand short-circuited and no fallback available.
RecoveringCommand short-circuited and no fallback available.
RecoveringCommand short-circuited and no fallback available.
RecoveringCommand short-circuited and no fallback available.
RecoveringCommand short-circuited and no fallback available.
RecoveringCommand short-circuited and no fallback available.
RecoveringCommand short-circuited and no fallback available.
RecoveringCommand short-circuited and no fallback available.
RecoveringCommand short-circuited and no fallback available.
RecoveringCommand short-circuited and no fallback available.
RecoveringCommand short-circuited and no fallback available.
RecoveringCommand short-circuited and no fallback available.
RecoveringCommand short-circuited and no fallback available.
RecoveringCommand short-circuited and no fallback available.
RecoveringCommand short-circuited and no fallback available.
RecoveringCommand short-circuited and no fallback available.
RecoveringCommand short-circuited and no fallback available.
RecoveringCommand short-circuited and no fallback available.
RecoveringCommand short-circuited and no fallback available.
RecoveringCommand short-circuited and no fallback available.
RecoveringCommand short-circuited and no fallback available.
RecoveringCommand short-circuited and no fallback available.
RecoveringCommand short-circuited and no fallback available.
RecoveringCommand short-circuited and no fallback available.
RecoveringCommand short-circuited and no fallback available.
RecoveringCommand short-circuited and no fallback available.
RecoveringCommand short-circuited and no fallback available.
RecoveringCommand short-circuited and no fallback available.
RecoveringCommand short-circuited and no fallback available.
RecoveringCommand short-circuited and no fallback available.
RecoveringCommand short-circuited and no fallback available.
RecoveringCommand short-circuited and no fallback available.
RecoveringCommand short-circuited and no fallback available.
RecoveringCommand short-circuited and no fallback available.
RecoveringCommand short-circuited and no fallback available.
RecoveringCommand short-circuited and no fallback available.
RecoveringCommand short-circuited and no fallback available.
RecoveringCommand short-circuited and no fallback available.
RecoveringCommand short-circuited and no fallback available.
RecoveringCommand short-circuited and no fallback available.
RecoveringCommand short-circuited and no fallback available.
RecoveringCommand short-circuited and no fallback available.
RecoveringCommand short-circuited and no fallback available.
RecoveringCommand short-circuited and no fallback available.
RecoveringCommand short-circuited and no fallback available.
RecoveringCommand short-circuited and no fallback available.
RecoveringCommand short-circuited and no fallback available.
RecoveringCommand short-circuited and no fallback available.
RecoveringCommand short-circuited and no fallback available.
RecoveringCommand short-circuited and no fallback available.
RecoveringCommand short-circuited and no fallback available.
RecoveringCommand short-circuited and no fallback available.
RecoveringCommand short-circuited and no fallback available.
RecoveringCommand short-circuited and no fallback available.
RecoveringCommand short-circuited and no fallback available.
RecoveringCommand short-circuited and no fallback available.
RecoveringCommand short-circuited and no fallback available.
RecoveringCommand short-circuited and no fallback available.
RecoveringCommand short-circuited and no fallback available.
RecoveringCommand short-circuited and no fallback available.
RecoveringCommand short-circuited and no fallback available.
RecoveringCommand short-circuited and no fallback available.
RecoveringCommand short-circuited and no fallback available.
RecoveringCommand short-circuited and no fallback available.
RecoveringCommand short-circuited and no fallback available.
RecoveringCommand short-circuited and no fallback available.
RecoveringCommand short-circuited and no fallback available.
RecoveringCommand short-circuited and no fallback available.
RecoveringCommand short-circuited and no fallback available.
RecoveringCommand short-circuited and no fallback available.
RecoveringCommand short-circuited and no fallback available.
RecoveringCommand short-circuited and no fallback available.
RecoveringCommand short-circuited and no fallback available.
RecoveringCommand short-circuited and no fallback available.
RecoveringCommand short-circuited and no fallback available.
RecoveringCommand short-circuited and no fallback available.
RecoveringCommand short-circuited and no fallback available.
RecoveringCommand short-circuited and no fallback available.
RecoveringCommand short-circuited and no fallback available.
RecoveringCommand short-circuited and no fallback available.
RecoveringCommand short-circuited and no fallback available.
RecoveringCommand short-circuited and no fallback available.
RecoveringCommand short-circuited and no fallback available.
RecoveringCommand short-circuited and no fallback available.
RecoveringCommand short-circuited and no fallback available.
RecoveringCommand short-circuited and no fallback available.
RecoveringCommand short-circuited and no fallback available.
RecoveringCommand short-circuited and no fallback available.
RecoveringCommand short-circuited and no fallback available.
RecoveringCommand short-circuited and no fallback available.
RecoveringCommand short-circuited and no fallback available.
RecoveringCommand short-circuited and no fallback available.
RecoveringCommand short-circuited and no fallback available.
RecoveringCommand short-circuited and no fallback available.
RecoveringCommand short-circuited and no fallback available.
RecoveringCommand short-circuited and no fallback available.
RecoveringCommand short-circuited and no fallback available.
RecoveringCommand short-circuited and no fallback available.
RecoveringCommand short-circuited and no fallback available.
RecoveringCommand short-circuited and no fallback available.
RecoveringCommand short-circuited and no fallback available.
RecoveringCommand short-circuited and no fallback available.
RecoveringCommand short-circuited and no fallback available.
RecoveringCommand short-circuited and no fallback available.
RecoveringCommand short-circuited and no fallback available.
RecoveringCommand short-circuited and no fallback available.
RecoveringCommand short-circuited and no fallback available.
RecoveringCommand short-circuited and no fallback available.
RecoveringCommand short-circuited and no fallback available.
RecoveringCommand short-circuited and no fallback available.
RecoveringCommand short-circuited and no fallback available.
RecoveringCommand short-circuited and no fallback available.
RecoveringCommand short-circuited and no fallback available.
RecoveringCommand short-circuited and no fallback available.
RecoveringCommand short-circuited and no fallback available.
RecoveringCommand short-circuited and no fallback available.
RecoveringCommand short-circuited and no fallback available.
RecoveringCommand short-circuited and no fallback available.
RecoveringCommand short-circuited and no fallback available.
RecoveringCommand short-circuited and no fallback available.
RecoveringCommand short-circuited and no fallback available.
RecoveringCommand short-circuited and no fallback available.
RecoveringCommand short-circuited and no fallback available.
RecoveringCommand short-circuited and no fallback available.
RecoveringCommand short-circuited and no fallback available.
RecoveringCommand short-circuited and no fallback available.
RecoveringCommand short-circuited and no fallback available.
RecoveringCommand short-circuited and no fallback available.
RecoveringCommand short-circuited and no fallback available.
RecoveringCommand short-circuited and no fallback available.
RecoveringCommand short-circuited and no fallback available.
RecoveringCommand short-circuited and no fallback available.
RecoveringCommand short-circuited and no fallback available.
RecoveringCommand short-circuited and no fallback available.
RecoveringCommand short-circuited and no fallback available.
RecoveringCommand short-circuited and no fallback available.
RecoveringCommand short-circuited and no fallback available.
RecoveringCommand short-circuited and no fallback available.
RecoveringCommand short-circuited and no fallback available.
RecoveringCommand short-circuited and no fallback available.
RecoveringCommand short-circuited and no fallback available.
RecoveringCommand short-circuited and no fallback available.
RecoveringCommand short-circuited and no fallback available.
RecoveringCommand short-circuited and no fallback available.
RecoveringCommand short-circuited and no fallback available.
RecoveringCommand short-circuited and no fallback available.
RecoveringCommand short-circuited and no fallback available.
RecoveringCommand short-circuited and no fallback available.
RecoveringCommand short-circuited and no fallback available.
RecoveringCommand short-circuited and no fallback available.
RecoveringCommand short-circuited and no fallback available.
RecoveringCommand short-circuited and no fallback available.
RecoveringCommand short-circuited and no fallback available.
RecoveringCommand short-circuited and no fallback available.
RecoveringCommand short-circuited and no fallback available.
RecoveringCommand short-circuited and no fallback available.
RecoveringCommand short-circuited and no fallback available.
RecoveringCommand short-circuited and no fallback available.
RecoveringCommand short-circuited and no fallback available.
RecoveringCommand short-circuited and no fallback available.
RecoveringCommand short-circuited and no fallback available.
RecoveringCommand short-circuited and no fallback available.
RecoveringCommand short-circuited and no fallback available.
RecoveringCommand short-circuited and no fallback available.
RecoveringCommand short-circuited and no fallback available.
RecoveringCommand short-circuited and no fallback available.
RecoveringCommand short-circuited and no fallback available.
RecoveringCommand short-circuited and no fallback available.
RecoveringCommand short-circuited and no fallback available.
RecoveringCommand short-circuited and no fallback available.
RecoveringCommand short-circuited and no fallback available.
RecoveringCommand short-circuited and no fallback available.
RecoveringCommand short-circuited and no fallback available.
RecoveringCommand short-circuited and no fallback available.
RecoveringCommand short-circuited and no fallback available.
RecoveringCommand short-circuited and no fallback available.
RecoveringCommand short-circuited and no fallback available.
RecoveringCommand short-circuited and no fallback available.
RecoveringCommand short-circuited and no fallback available.
RecoveringCommand short-circuited and no fallback available.
RecoveringCommand short-circuited and no fallback available.
RecoveringCommand short-circuited and no fallback available.
RecoveringCommand short-circuited and no fallback available.
RecoveringCommand short-circuited and no fallback available.
RecoveringCommand short-circuited and no fallback available.
RecoveringCommand short-circuited and no fallback available.
RecoveringCommand short-circuited and no fallback available.
RecoveringCommand short-circuited and no fallback available.
RecoveringCommand short-circuited and no fallback available.
RecoveringCommand short-circuited and no fallback available.
RecoveringCommand short-circuited and no fallback available.
RecoveringCommand short-circuited and no fallback available.
RecoveringCommand short-circuited and no fallback available.
RecoveringCommand short-circuited and no fallback available.
RecoveringCommand short-circuited and no fallback available.
RecoveringCommand short-circuited and no fallback available.
RecoveringCommand short-circuited and no fallback available.
RecoveringCommand short-circuited and no fallback available.
RecoveringCommand short-circuited and no fallback available.
RecoveringCommand short-circuited and no fallback available.
RecoveringCommand short-circuited and no fallback available.
RecoveringCommand short-circuited and no fallback available.
RecoveringCommand short-circuited and no fallback available.
RecoveringCommand short-circuited and no fallback available.
RecoveringCommand short-circuited and no fallback available.
RecoveringCommand short-circuited and no fallback available.
RecoveringCommand short-circuited and no fallback available.
RecoveringCommand short-circuited and no fallback available.
RecoveringCommand short-circuited and no fallback available.
RecoveringCommand short-circuited and no fallback available.
RecoveringCommand short-circuited and no fallback available.
RecoveringCommand short-circuited and no fallback available.
RecoveringCommand short-circuited and no fallback available.
RecoveringCommand short-circuited and no fallback available.
RecoveringCommand short-circuited and no fallback available.
RecoveringCommand short-circuited and no fallback available.
RecoveringCommand short-circuited and no fallback available.
RecoveringCommand short-circuited and no fallback available.
RecoveringCommand short-circuited and no fallback available.
RecoveringCommand short-circuited and no fallback available.
RecoveringCommand short-circuited and no fallback available.
RecoveringCommand short-circuited and no fallback available.
RecoveringCommand short-circuited and no fallback available.
RecoveringCommand short-circuited and no fallback available.
RecoveringCommand short-circuited and no fallback available.
RecoveringCommand short-circuited and no fallback available.
RecoveringCommand short-circuited and no fallback available.
RecoveringCommand short-circuited and no fallback available.
RecoveringCommand short-circuited and no fallback available.
RecoveringCommand short-circuited and no fallback available.
RecoveringCommand short-circuited and no fallback available.
RecoveringCommand short-circuited and no fallback available.
RecoveringCommand short-circuited and no fallback available.
RecoveringCommand short-circuited and no fallback available.
RecoveringCommand short-circuited and no fallback available.
RecoveringCommand short-circuited and no fallback available.
RecoveringCommand short-circuited and no fallback available.
RecoveringCommand short-circuited and no fallback available.
RecoveringCommand short-circuited and no fallback available.
RecoveringCommand short-circuited and no fallback available.
RecoveringCommand short-circuited and no fallback available.
RecoveringCommand short-circuited and no fallback available.
RecoveringCommand short-circuited and no fallback available.
RecoveringCommand short-circuited and no fallback available.
RecoveringCommand short-circuited and no fallback available.
RecoveringCommand short-circuited and no fallback available.
RecoveringCommand short-circuited and no fallback available.
RecoveringCommand short-circuited and no fallback available.
RecoveringCommand short-circuited and no fallback available.
RecoveringCommand short-circuited and no fallback available.
RecoveringCommand short-circuited and no fallback available.
RecoveringCommand short-circuited and no fallback available.
RecoveringCommand short-circuited and no fallback available.
RecoveringCommand short-circuited and no fallback available.
RecoveringCommand short-circuited and no fallback available.
RecoveringCommand short-circuited and no fallback available.
RecoveringCommand short-circuited and no fallback available.
RecoveringCommand short-circuited and no fallback available.
RecoveringCommand short-circuited and no fallback available.
RecoveringCommand short-circuited and no fallback available.
RecoveringCommand short-circuited and no fallback available.
RecoveringCommand short-circuited and no fallback available.
RecoveringCommand short-circuited and no fallback available.
RecoveringCommand short-circuited and no fallback available.
RecoveringCommand short-circuited and no fallback available.
RecoveringCommand short-circuited and no fallback available.
RecoveringCommand short-circuited and no fallback available.
RecoveringCommand short-circuited and no fallback available.
RecoveringCommand short-circuited and no fallback available.
RecoveringCommand short-circuited and no fallback available.
RecoveringCommand short-circuited and no fallback available.
RecoveringCommand short-circuited and no fallback available.
RecoveringCommand short-circuited and no fallback available.
RecoveringCommand short-circuited and no fallback available.
RecoveringCommand short-circuited and no fallback available.
RecoveringCommand short-circuited and no fallback available.
RecoveringCommand short-circuited and no fallback available.
RecoveringCommand short-circuited and no fallback available.
RecoveringCommand short-circuited and no fallback available.
RecoveringCommand short-circuited and no fallback available.
RecoveringCommand short-circuited and no fallback available.
RecoveringCommand short-circuited and no fallback available.
RecoveringCommand short-circuited and no fallback available.
RecoveringCommand short-circuited and no fallback available.
RecoveringCommand short-circuited and no fallback available.
RecoveringCommand short-circuited and no fallback available.
RecoveringCommand short-circuited and no fallback available.
RecoveringCommand short-circuited and no fallback available.
RecoveringCommand short-circuited and no fallback available.
RecoveringCommand short-circuited and no fallback available.
RecoveringCommand short-circuited and no fallback available.
RecoveringCommand short-circuited and no fallback available.
RecoveringCommand short-circuited and no fallback available.
RecoveringCommand short-circuited and no fallback available.
RecoveringCommand short-circuited and no fallback available.
RecoveringCommand short-circuited and no fallback available.
RecoveringCommand short-circuited and no fallback available.
RecoveringCommand short-circuited and no fallback available.
RecoveringCommand short-circuited and no fallback available.
RecoveringCommand short-circuited and no fallback available.
RecoveringCommand short-circuited and no fallback available.
RecoveringCommand short-circuited and no fallback available.
RecoveringCommand short-circuited and no fallback available.
RecoveringCommand short-circuited and no fallback available.
RecoveringCommand short-circuited and no fallback available.
RecoveringCommand short-circuited and no fallback available.
RecoveringCommand short-circuited and no fallback available.
RecoveringCommand short-circuited and no fallback available.
RecoveringCommand short-circuited and no fallback available.
RecoveringCommand short-circuited and no fallback available.
RecoveringCommand short-circuited and no fallback available.
RecoveringCommand short-circuited and no fallback available.
RecoveringCommand short-circuited and no fallback available.
RecoveringCommand short-circuited and no fallback available.
RecoveringCommand short-circuited and no fallback available.
RecoveringCommand short-circuited and no fallback available.
RecoveringCommand short-circuited and no fallback available.
RecoveringCommand short-circuited and no fallback available.
RecoveringCommand short-circuited and no fallback available.
RecoveringCommand short-circuited and no fallback available.
RecoveringCommand short-circuited and no fallback available.
RecoveringCommand short-circuited and no fallback available.
RecoveringCommand short-circuited and no fallback available.
RecoveringCommand short-circuited and no fallback available.
RecoveringCommand short-circuited and no fallback available.
RecoveringCommand short-circuited and no fallback available.
RecoveringCommand short-circuited and no fallback available.
RecoveringCommand short-circuited and no fallback available.
RecoveringCommand short-circuited and no fallback available.
RecoveringCommand short-circuited and no fallback available.
RecoveringCommand short-circuited and no fallback available.
RecoveringCommand short-circuited and no fallback available.
RecoveringCommand short-circuited and no fallback available.
RecoveringCommand short-circuited and no fallback available.
RecoveringCommand short-circuited and no fallback available.
RecoveringCommand short-circuited and no fallback available.
RecoveringCommand short-circuited and no fallback available.
RecoveringCommand short-circuited and no fallback available.
RecoveringCommand short-circuited and no fallback available.
RecoveringCommand short-circuited and no fallback available.
RecoveringCommand short-circuited and no fallback available.
RecoveringCommand short-circuited and no fallback available.
RecoveringCommand short-circuited and no fallback available.
RecoveringCommand short-circuited and no fallback available.
RecoveringCommand short-circuited and no fallback available.
RecoveringCommand short-circuited and no fallback available.
RecoveringCommand short-circuited and no fallback available.
RecoveringCommand short-circuited and no fallback available.
RecoveringCommand short-circuited and no fallback available.
RecoveringCommand short-circuited and no fallback available.
RecoveringCommand short-circuited and no fallback available.
RecoveringCommand short-circuited and no fallback available.
RecoveringCommand short-circuited and no fallback available.
RecoveringCommand short-circuited and no fallback available.
RecoveringCommand short-circuited and no fallback available.
RecoveringCommand short-circuited and no fallback available.
RecoveringCommand short-circuited and no fallback available.
RecoveringCommand short-circuited and no fallback available.
RecoveringCommand short-circuited and no fallback available.
RecoveringCommand short-circuited and no fallback available.
RecoveringCommand short-circuited and no fallback available.
RecoveringCommand short-circuited and no fallback available.
RecoveringCommand short-circuited and no fallback available.
RecoveringCommand short-circuited and no fallback available.
RecoveringCommand short-circuited and no fallback available.
RecoveringCommand short-circuited and no fallback available.
RecoveringCommand short-circuited and no fallback available.
RecoveringCommand short-circuited and no fallback available.
RecoveringCommand short-circuited and no fallback available.
RecoveringCommand short-circuited and no fallback available.
RecoveringCommand short-circuited and no fallback available.
RecoveringCommand short-circuited and no fallback available.
RecoveringCommand short-circuited and no fallback available.
RecoveringCommand short-circuited and no fallback available.
RecoveringCommand short-circuited and no fallback available.
RecoveringCommand short-circuited and no fallback available.
RecoveringCommand short-circuited and no fallback available.
RecoveringCommand short-circuited and no fallback available.
RecoveringCommand short-circuited and no fallback available.
RecoveringCommand short-circuited and no fallback available.
RecoveringCommand short-circuited and no fallback available.
RecoveringCommand short-circuited and no fallback available.
RecoveringCommand short-circuited and no fallback available.
RecoveringCommand short-circuited and no fallback available.
RecoveringCommand short-circuited and no fallback available.
RecoveringCommand short-circuited and no fallback available.
RecoveringCommand short-circuited and no fallback available.
RecoveringCommand short-circuited and no fallback available.
RecoveringCommand short-circuited and no fallback available.
RecoveringCommand short-circuited and no fallback available.
RecoveringCommand short-circuited and no fallback available.
RecoveringCommand short-circuited and no fallback available.
RecoveringCommand short-circuited and no fallback available.
RecoveringCommand short-circuited and no fallback available.
RecoveringCommand short-circuited and no fallback available.
RecoveringCommand short-circuited and no fallback available.
RecoveringCommand short-circuited and no fallback available.
RecoveringCommand short-circuited and no fallback available.
RecoveringCommand short-circuited and no fallback available.
RecoveringCommand short-circuited and no fallback available.
RecoveringCommand short-circuited and no fallback available.
RecoveringCommand short-circuited and no fallback available.
RecoveringCommand short-circuited and no fallback available.
RecoveringCommand short-circuited and no fallback available.
RecoveringCommand short-circuited and no fallback available.
RecoveringCommand short-circuited and no fallback available.
RecoveringCommand short-circuited and no fallback available.
RecoveringCommand short-circuited and no fallback available.
RecoveringCommand short-circuited and no fallback available.
RecoveringCommand short-circuited and no fallback available.
RecoveringCommand short-circuited and no fallback available.
RecoveringCommand short-circuited and no fallback available.
RecoveringCommand short-circuited and no fallback available.
RecoveringCommand short-circuited and no fallback available.
RecoveringCommand short-circuited and no fallback available.
RecoveringCommand short-circuited and no fallback available.
RecoveringCommand short-circuited and no fallback available.
RecoveringCommand short-circuited and no fallback available.
RecoveringCommand short-circuited and no fallback available.
RecoveringCommand short-circuited and no fallback available.
RecoveringCommand short-circuited and no fallback available.
RecoveringCommand short-circuited and no fallback available.
RecoveringCommand short-circuited and no fallback available.
RecoveringCommand short-circuited and no fallback available.
RecoveringCommand short-circuited and no fallback available.
RecoveringCommand short-circuited and no fallback available.
RecoveringCommand short-circuited and no fallback available.
RecoveringCommand short-circuited and no fallback available.
RecoveringCommand short-circuited and no fallback available.
RecoveringCommand short-circuited and no fallback available.
RecoveringCommand short-circuited and no fallback available.
RecoveringCommand short-circuited and no fallback available.
RecoveringCommand short-circuited and no fallback available.
RecoveringCommand short-circuited and no fallback available.
RecoveringCommand short-circuited and no fallback available.
RecoveringCommand short-circuited and no fallback available.
RecoveringCommand short-circuited and no fallback available.
RecoveringCommand short-circuited and no fallback available.
RecoveringCommand short-circuited and no fallback available.
RecoveringCommand short-circuited and no fallback available.
RecoveringCommand short-circuited and no fallback available.
RecoveringCommand short-circuited and no fallback available.
RecoveringCommand short-circuited and no fallback available.
RecoveringCommand short-circuited and no fallback available.
RecoveringCommand short-circuited and no fallback available.
RecoveringCommand short-circuited and no fallback available.
RecoveringCommand short-circuited and no fallback available.
RecoveringCommand short-circuited and no fallback available.
RecoveringCommand short-circuited and no fallback available.
RecoveringCommand short-circuited and no fallback available.
RecoveringCommand short-circuited and no fallback available.
RecoveringCommand short-circuited and no fallback available.
RecoveringCommand short-circuited and no fallback available.
RecoveringCommand short-circuited and no fallback available.
RecoveringCommand short-circuited and no fallback available.
RecoveringCommand short-circuited and no fallback available.
RecoveringCommand short-circuited and no fallback available.
RecoveringCommand short-circuited and no fallback available.
RecoveringCommand short-circuited and no fallback available.
RecoveringCommand short-circuited and no fallback available.
RecoveringCommand short-circuited and no fallback available.
RecoveringCommand short-circuited and no fallback available.
RecoveringCommand short-circuited and no fallback available.
RecoveringCommand short-circuited and no fallback available.
RecoveringCommand short-circuited and no fallback available.
RecoveringCommand short-circuited and no fallback available.
RecoveringCommand short-circuited and no fallback available.
RecoveringCommand short-circuited and no fallback available.
RecoveringCommand short-circuited and no fallback available.
RecoveringCommand short-circuited and no fallback available.
RecoveringCommand short-circuited and no fallback available.
RecoveringCommand short-circuited and no fallback available.
RecoveringCommand short-circuited and no fallback available.
RecoveringCommand short-circuited and no fallback available.
RecoveringCommand short-circuited and no fallback available.
RecoveringCommand short-circuited and no fallback available.
RecoveringCommand short-circuited and no fallback available.
RecoveringCommand short-circuited and no fallback available.
RecoveringCommand short-circuited and no fallback available.
RecoveringCommand short-circuited and no fallback available.
RecoveringCommand short-circuited and no fallback available.
RecoveringCommand short-circuited and no fallback available.
RecoveringCommand short-circuited and no fallback available.
RecoveringCommand short-circuited and no fallback available.
RecoveringCommand short-circuited and no fallback available.
RecoveringCommand short-circuited and no fallback available.
RecoveringCommand short-circuited and no fallback available.
RecoveringCommand short-circuited and no fallback available.
RecoveringCommand short-circuited and no fallback available.
RecoveringCommand short-circuited and no fallback available.
RecoveringCommand short-circuited and no fallback available.
RecoveringCommand short-circuited and no fallback available.
RecoveringCommand short-circuited and no fallback available.
RecoveringCommand short-circuited and no fallback available.
RecoveringCommand short-circuited and no fallback available.
RecoveringCommand short-circuited and no fallback available.
RecoveringCommand short-circuited and no fallback available.
RecoveringCommand short-circuited and no fallback available.
RecoveringCommand short-circuited and no fallback available.
RecoveringCommand short-circuited and no fallback available.
RecoveringCommand short-circuited and no fallback available.
RecoveringCommand short-circuited and no fallback available.
RecoveringCommand short-circuited and no fallback available.
RecoveringCommand short-circuited and no fallback available.
RecoveringCommand short-circuited and no fallback available.
RecoveringCommand short-circuited and no fallback available.
RecoveringCommand short-circuited and no fallback available.
RecoveringCommand short-circuited and no fallback available.
RecoveringCommand short-circuited and no fallback available.
RecoveringCommand short-circuited and no fallback available.
RecoveringCommand short-circuited and no fallback available.
RecoveringCommand short-circuited and no fallback available.
RecoveringCommand short-circuited and no fallback available.
RecoveringCommand short-circuited and no fallback available.
RecoveringCommand short-circuited and no fallback available.
RecoveringCommand short-circuited and no fallback available.
RecoveringCommand short-circuited and no fallback available.
RecoveringCommand short-circuited and no fallback available.
RecoveringCommand short-circuited and no fallback available.
RecoveringCommand short-circuited and no fallback available.
RecoveringCommand short-circuited and no fallback available.
RecoveringCommand short-circuited and no fallback available.
RecoveringCommand short-circuited and no fallback available.
RecoveringCommand short-circuited and no fallback available.
RecoveringCommand short-circuited and no fallback available.
RecoveringCommand short-circuited and no fallback available.
RecoveringCommand short-circuited and no fallback available.
RecoveringCommand short-circuited and no fallback available.
RecoveringCommand short-circuited and no fallback available.
RecoveringCommand short-circuited and no fallback available.
RecoveringCommand short-circuited and no fallback available.
RecoveringCommand short-circuited and no fallback available.
RecoveringCommand short-circuited and no fallback available.
RecoveringCommand short-circuited and no fallback available.
RecoveringCommand short-circuited and no fallback available.
RecoveringCommand short-circuited and no fallback available.
RecoveringCommand short-circuited and no fallback available.
RecoveringCommand short-circuited and no fallback available.
RecoveringCommand short-circuited and no fallback available.
RecoveringCommand short-circuited and no fallback available.
RecoveringCommand short-circuited and no fallback available.
RecoveringCommand short-circuited and no fallback available.
RecoveringCommand short-circuited and no fallback available.
RecoveringCommand short-circuited and no fallback available.
RecoveringCommand short-circuited and no fallback available.
RecoveringCommand short-circuited and no fallback available.
RecoveringCommand short-circuited and no fallback available.
RecoveringCommand short-circuited and no fallback available.
RecoveringCommand short-circuited and no fallback available.
RecoveringCommand short-circuited and no fallback available.
RecoveringCommand short-circuited and no fallback available.
RecoveringCommand short-circuited and no fallback available.
RecoveringCommand short-circuited and no fallback available.
RecoveringCommand short-circuited and no fallback available.
RecoveringCommand short-circuited and no fallback available.
RecoveringCommand short-circuited and no fallback available.
RecoveringCommand short-circuited and no fallback available.
RecoveringCommand short-circuited and no fallback available.
RecoveringCommand short-circuited and no fallback available.
RecoveringCommand short-circuited and no fallback available.
RecoveringCommand short-circuited and no fallback available.
RecoveringCommand short-circuited and no fallback available.
RecoveringCommand short-circuited and no fallback available.
RecoveringCommand short-circuited and no fallback available.
RecoveringCommand short-circuited and no fallback available.
RecoveringCommand short-circuited and no fallback available.
RecoveringCommand short-circuited and no fallback available.
RecoveringCommand short-circuited and no fallback available.
RecoveringCommand short-circuited and no fallback available.
RecoveringCommand short-circuited and no fallback available.
RecoveringCommand short-circuited and no fallback available.
RecoveringCommand short-circuited and no fallback available.
RecoveringCommand short-circuited and no fallback available.
RecoveringCommand short-circuited and no fallback available.
RecoveringCommand short-circuited and no fallback available.
RecoveringCommand short-circuited and no fallback available.
RecoveringCommand short-circuited and no fallback available.
RecoveringCommand short-circuited and no fallback available.
RecoveringCommand short-circuited and no fallback available.
RecoveringCommand short-circuited and no fallback available.
RecoveringCommand short-circuited and no fallback available.
RecoveringCommand short-circuited and no fallback available.
RecoveringCommand short-circuited and no fallback available.
RecoveringCommand short-circuited and no fallback available.
RecoveringCommand short-circuited and no fallback available.
RecoveringCommand short-circuited and no fallback available.
RecoveringCommand short-circuited and no fallback available.
RecoveringCommand short-circuited and no fallback available.
RecoveringCommand short-circuited and no fallback available.
RecoveringCommand short-circuited and no fallback available.
RecoveringCommand short-circuited and no fallback available.
RecoveringCommand short-circuited and no fallback available.
RecoveringCommand short-circuited and no fallback available.
RecoveringCommand short-circuited and no fallback available.
RecoveringCommand short-circuited and no fallback available.
RecoveringCommand short-circuited and no fallback available.
RecoveringCommand short-circuited and no fallback available.
RecoveringCommand short-circuited and no fallback available.
RecoveringCommand short-circuited and no fallback available.
RecoveringCommand short-circuited and no fallback available.
RecoveringCommand short-circuited and no fallback available.
RecoveringCommand short-circuited and no fallback available.
RecoveringCommand short-circuited and no fallback available.
RecoveringCommand short-circuited and no fallback available.
RecoveringCommand short-circuited and no fallback available.
RecoveringCommand short-circuited and no fallback available.
RecoveringCommand short-circuited and no fallback available.
RecoveringCommand short-circuited and no fallback available.
RecoveringCommand short-circuited and no fallback available.
RecoveringCommand short-circuited and no fallback available.
RecoveringCommand short-circuited and no fallback available.
RecoveringCommand short-circuited and no fallback available.
RecoveringCommand short-circuited and no fallback available.
RecoveringCommand short-circuited and no fallback available.
RecoveringCommand short-circuited and no fallback available.
RecoveringCommand short-circuited and no fallback available.
RecoveringCommand short-circuited and no fallback available.
RecoveringCommand short-circuited and no fallback available.
RecoveringCommand short-circuited and no fallback available.
RecoveringCommand short-circuited and no fallback available.
RecoveringCommand short-circuited and no fallback available.
RecoveringCommand short-circuited and no fallback available.
RecoveringCommand short-circuited and no fallback available.
RecoveringCommand short-circuited and no fallback available.
RecoveringCommand short-circuited and no fallback available.
RecoveringCommand short-circuited and no fallback available.
RecoveringCommand short-circuited and no fallback available.
RecoveringCommand short-circuited and no fallback available.
RecoveringCommand short-circuited and no fallback available.
RecoveringCommand short-circuited and no fallback available.
RecoveringCommand short-circuited and no fallback available.
RecoveringCommand short-circuited and no fallback available.
RecoveringCommand short-circuited and no fallback available.
RecoveringCommand short-circuited and no fallback available.
RecoveringCommand short-circuited and no fallback available.
RecoveringCommand short-circuited and no fallback available.
RecoveringCommand short-circuited and no fallback available.
RecoveringCommand short-circuited and no fallback available.
RecoveringCommand short-circuited and no fallback available.
RecoveringCommand short-circuited and no fallback available.
RecoveringCommand short-circuited and no fallback available.
RecoveringCommand short-circuited and no fallback available.
RecoveringCommand short-circuited and no fallback available.
RecoveringCommand short-circuited and no fallback available.
RecoveringCommand short-circuited and no fallback available.
RecoveringCommand short-circuited and no fallback available.
RecoveringCommand short-circuited and no fallback available.
RecoveringCommand short-circuited and no fallback available.
RecoveringCommand short-circuited and no fallback available.
RecoveringCommand short-circuited and no fallback available.
RecoveringCommand short-circuited and no fallback available.
RecoveringCommand short-circuited and no fallback available.
RecoveringCommand short-circuited and no fallback available.
RecoveringCommand short-circuited and no fallback available.
RecoveringCommand short-circuited and no fallback available.
RecoveringCommand short-circuited and no fallback available.
RecoveringCommand short-circuited and no fallback available.
RecoveringCommand short-circuited and no fallback available.
RecoveringCommand short-circuited and no fallback available.
RecoveringCommand short-circuited and no fallback available.
RecoveringCommand short-circuited and no fallback available.
RecoveringCommand short-circuited and no fallback available.
RecoveringCommand short-circuited and no fallback available.
RecoveringCommand short-circuited and no fallback available.
RecoveringCommand short-circuited and no fallback available.
RecoveringCommand short-circuited and no fallback available.
RecoveringCommand short-circuited and no fallback available.
RecoveringCommand short-circuited and no fallback available.
RecoveringCommand short-circuited and no fallback available.
RecoveringCommand short-circuited and no fallback available.
RecoveringCommand short-circuited and no fallback available.
RecoveringCommand short-circuited and no fallback available.
RecoveringCommand short-circuited and no fallback available.
RecoveringCommand short-circuited and no fallback available.
RecoveringCommand short-circuited and no fallback available.
RecoveringCommand short-circuited and no fallback available.
RecoveringCommand short-circuited and no fallback available.
RecoveringCommand short-circuited and no fallback available.
RecoveringCommand short-circuited and no fallback available.
RecoveringCommand short-circuited and no fallback available.
RecoveringCommand short-circuited and no fallback available.
RecoveringCommand short-circuited and no fallback available.
RecoveringCommand short-circuited and no fallback available.
RecoveringCommand short-circuited and no fallback available.
RecoveringCommand short-circuited and no fallback available.
RecoveringCommand short-circuited and no fallback available.
RecoveringCommand short-circuited and no fallback available.
RecoveringCommand short-circuited and no fallback available.
RecoveringCommand short-circuited and no fallback available.
RecoveringCommand short-circuited and no fallback available.
RecoveringCommand short-circuited and no fallback available.
RecoveringCommand short-circuited and no fallback available.
RecoveringCommand short-circuited and no fallback available.
RecoveringCommand short-circuited and no fallback available.
RecoveringCommand short-circuited and no fallback available.
RecoveringCommand short-circuited and no fallback available.
RecoveringCommand short-circuited and no fallback available.
RecoveringCommand short-circuited and no fallback available.
RecoveringCommand short-circuited and no fallback available.
RecoveringCommand short-circuited and no fallback available.
RecoveringCommand short-circuited and no fallback available.
RecoveringCommand short-circuited and no fallback available.
RecoveringCommand short-circuited and no fallback available.
RecoveringCommand short-circuited and no fallback available.
RecoveringCommand short-circuited and no fallback available.
RecoveringCommand short-circuited and no fallback available.
RecoveringCommand short-circuited and no fallback available.
RecoveringCommand short-circuited and no fallback available.
RecoveringCommand short-circuited and no fallback available.
RecoveringCommand short-circuited and no fallback available.
RecoveringCommand short-circuited and no fallback available.
RecoveringCommand short-circuited and no fallback available.
RecoveringCommand short-circuited and no fallback available.
RecoveringCommand short-circuited and no fallback available.
RecoveringCommand short-circuited and no fallback available.
RecoveringCommand short-circuited and no fallback available.
RecoveringCommand short-circuited and no fallback available.
RecoveringCommand short-circuited and no fallback available.
RecoveringCommand short-circuited and no fallback available.
RecoveringCommand short-circuited and no fallback available.
RecoveringCommand short-circuited and no fallback available.
RecoveringCommand short-circuited and no fallback available.
RecoveringCommand short-circuited and no fallback available.
RecoveringCommand short-circuited and no fallback available.
RecoveringCommand short-circuited and no fallback available.
RecoveringCommand short-circuited and no fallback available.
RecoveringCommand short-circuited and no fallback available.
RecoveringCommand short-circuited and no fallback available.
RecoveringCommand short-circuited and no fallback available.
RecoveringCommand short-circuited and no fallback available.
RecoveringCommand short-circuited and no fallback available.
RecoveringCommand short-circuited and no fallback available.
RecoveringCommand short-circuited and no fallback available.
RecoveringCommand short-circuited and no fallback available.
RecoveringCommand short-circuited and no fallback available.
RecoveringCommand short-circuited and no fallback available.
RecoveringCommand short-circuited and no fallback available.
RecoveringCommand short-circuited and no fallback available.
RecoveringCommand short-circuited and no fallback available.
RecoveringCommand short-circuited and no fallback available.
RecoveringCommand short-circuited and no fallback available.
RecoveringCommand short-circuited and no fallback available.
RecoveringCommand short-circuited and no fallback available.
RecoveringCommand short-circuited and no fallback available.
RecoveringCommand short-circuited and no fallback available.
RecoveringCommand short-circuited and no fallback available.
RecoveringCommand short-circuited and no fallback available.
RecoveringCommand short-circuited and no fallback available.
RecoveringCommand short-circuited and no fallback available.
RecoveringCommand short-circuited and no fallback available.
RecoveringCommand short-circuited and no fallback available.
RecoveringCommand short-circuited and no fallback available.
RecoveringCommand short-circuited and no fallback available.
RecoveringCommand short-circuited and no fallback available.
RecoveringCommand short-circuited and no fallback available.
RecoveringCommand short-circuited and no fallback available.
RecoveringCommand short-circuited and no fallback available.
RecoveringCommand short-circuited and no fallback available.
RecoveringCommand short-circuited and no fallback available.
RecoveringCommand short-circuited and no fallback available.
RecoveringCommand short-circuited and no fallback available.
RecoveringCommand short-circuited and no fallback available.
RecoveringCommand short-circuited and no fallback available.
RecoveringCommand short-circuited and no fallback available.
RecoveringCommand short-circuited and no fallback available.
RecoveringCommand short-circuited and no fallback available.
RecoveringCommand short-circuited and no fallback available.
RecoveringCommand short-circuited and no fallback available.
RecoveringCommand short-circuited and no fallback available.
RecoveringCommand short-circuited and no fallback available.
RecoveringCommand short-circuited and no fallback available.
RecoveringCommand short-circuited and no fallback available.
RecoveringCommand short-circuited and no fallback available.
RecoveringCommand short-circuited and no fallback available.
RecoveringCommand short-circuited and no fallback available.
RecoveringCommand short-circuited and no fallback available.
RecoveringCommand short-circuited and no fallback available.
RecoveringCommand short-circuited and no fallback available.
RecoveringCommand short-circuited and no fallback available.
RecoveringCommand short-circuited and no fallback available.
RecoveringCommand short-circuited and no fallback available.
RecoveringCommand short-circuited and no fallback available.
RecoveringCommand short-circuited and no fallback available.
RecoveringCommand short-circuited and no fallback available.
RecoveringCommand short-circuited and no fallback available.
RecoveringCommand short-circuited and no fallback available.
RecoveringCommand short-circuited and no fallback available.
RecoveringCommand short-circuited and no fallback available.
RecoveringCommand short-circuited and no fallback available.
RecoveringCommand short-circuited and no fallback available.
RecoveringCommand short-circuited and no fallback available.
RecoveringCommand short-circuited and no fallback available.
RecoveringCommand short-circuited and no fallback available.
RecoveringCommand short-circuited and no fallback available.
RecoveringCommand short-circuited and no fallback available.
RecoveringCommand short-circuited and no fallback available.
RecoveringCommand short-circuited and no fallback available.
RecoveringCommand short-circuited and no fallback available.
RecoveringCommand short-circuited and no fallback available.
RecoveringCommand short-circuited and no fallback available.
RecoveringCommand short-circuited and no fallback available.
RecoveringCommand short-circuited and no fallback available.
RecoveringCommand short-circuited and no fallback available.
RecoveringCommand short-circuited and no fallback available.
RecoveringCommand short-circuited and no fallback available.
RecoveringCommand short-circuited and no fallback available.
RecoveringCommand short-circuited and no fallback available.
RecoveringCommand short-circuited and no fallback available.
RecoveringCommand short-circuited and no fallback available.
RecoveringCommand short-circuited and no fallback available.
RecoveringCommand short-circuited and no fallback available.
RecoveringCommand short-circuited and no fallback available.
RecoveringCommand short-circuited and no fallback available.
RecoveringCommand short-circuited and no fallback available.
RecoveringCommand short-circuited and no fallback available.
RecoveringCommand short-circuited and no fallback available.
RecoveringCommand short-circuited and no fallback available.
RecoveringCommand short-circuited and no fallback available.
RecoveringCommand short-circuited and no fallback available.
RecoveringCommand short-circuited and no fallback available.
RecoveringCommand short-circuited and no fallback available.
RecoveringCommand short-circuited and no fallback available.
RecoveringCommand short-circuited and no fallback available.
RecoveringCommand short-circuited and no fallback available.
RecoveringCommand short-circuited and no fallback available.
RecoveringCommand short-circuited and no fallback available.
RecoveringCommand short-circuited and no fallback available.
RecoveringCommand short-circuited and no fallback available.
RecoveringCommand short-circuited and no fallback available.
RecoveringCommand short-circuited and no fallback available.
RecoveringCommand short-circuited and no fallback available.
RecoveringCommand short-circuited and no fallback available.
RecoveringCommand short-circuited and no fallback available.
RecoveringCommand short-circuited and no fallback available.
RecoveringCommand short-circuited and no fallback available.
RecoveringCommand short-circuited and no fallback available.
RecoveringCommand short-circuited and no fallback available.
RecoveringCommand short-circuited and no fallback available.
RecoveringCommand short-circuited and no fallback available.
RecoveringCommand short-circuited and no fallback available.
RecoveringCommand short-circuited and no fallback available.
RecoveringCommand short-circuited and no fallback available.
RecoveringCommand short-circuited and no fallback available.
RecoveringCommand short-circuited and no fallback available.
RecoveringCommand short-circuited and no fallback available.
RecoveringCommand short-circuited and no fallback available.
RecoveringCommand short-circuited and no fallback available.
RecoveringCommand short-circuited and no fallback available.
RecoveringCommand short-circuited and no fallback available.
RecoveringCommand short-circuited and no fallback available.
RecoveringCommand short-circuited and no fallback available.
RecoveringCommand short-circuited and no fallback available.
RecoveringCommand short-circuited and no fallback available.
RecoveringCommand short-circuited and no fallback available.
RecoveringCommand short-circuited and no fallback available.
RecoveringCommand short-circuited and no fallback available.
RecoveringCommand short-circuited and no fallback available.
RecoveringCommand short-circuited and no fallback available.
RecoveringCommand short-circuited and no fallback available.
RecoveringCommand short-circuited and no fallback available.
RecoveringCommand short-circuited and no fallback available.
RecoveringCommand short-circuited and no fallback available.
RecoveringCommand short-circuited and no fallback available.
RecoveringCommand short-circuited and no fallback available.
RecoveringCommand short-circuited and no fallback available.
RecoveringCommand short-circuited and no fallback available.
RecoveringCommand short-circuited and no fallback available.
RecoveringCommand short-circuited and no fallback available.
RecoveringCommand short-circuited and no fallback available.
RecoveringCommand short-circuited and no fallback available.
RecoveringCommand short-circuited and no fallback available.
RecoveringCommand short-circuited and no fallback available.
RecoveringCommand short-circuited and no fallback available.
RecoveringCommand short-circuited and no fallback available.
RecoveringCommand short-circuited and no fallback available.
RecoveringCommand short-circuited and no fallback available.
RecoveringCommand short-circuited and no fallback available.
RecoveringCommand short-circuited and no fallback available.
RecoveringCommand short-circuited and no fallback available.
RecoveringCommand short-circuited and no fallback available.
RecoveringCommand short-circuited and no fallback available.
RecoveringCommand short-circuited and no fallback available.
RecoveringCommand short-circuited and no fallback available.
RecoveringCommand short-circuited and no fallback available.
RecoveringCommand short-circuited and no fallback available.
RecoveringCommand short-circuited and no fallback available.
RecoveringCommand short-circuited and no fallback available.
RecoveringCommand short-circuited and no fallback available.
RecoveringCommand short-circuited and no fallback available.
RecoveringCommand short-circuited and no fallback available.
RecoveringCommand short-circuited and no fallback available.
RecoveringCommand short-circuited and no fallback available.
RecoveringCommand short-circuited and no fallback available.
RecoveringCommand short-circuited and no fallback available.
RecoveringCommand short-circuited and no fallback available.
RecoveringCommand short-circuited and no fallback available.
RecoveringCommand short-circuited and no fallback available.
RecoveringCommand short-circuited and no fallback available.
RecoveringCommand short-circuited and no fallback available.
RecoveringCommand short-circuited and no fallback available.
RecoveringCommand short-circuited and no fallback available.
RecoveringCommand short-circuited and no fallback available.
RecoveringCommand short-circuited and no fallback available.
RecoveringCommand short-circuited and no fallback available.
RecoveringCommand short-circuited and no fallback available.
RecoveringCommand short-circuited and no fallback available.
RecoveringCommand short-circuited and no fallback available.
RecoveringCommand short-circuited and no fallback available.
RecoveringCommand short-circuited and no fallback available.
RecoveringCommand short-circuited and no fallback available.
RecoveringCommand short-circuited and no fallback available.
RecoveringCommand short-circuited and no fallback available.
RecoveringCommand short-circuited and no fallback available.
RecoveringCommand short-circuited and no fallback available.
RecoveringCommand short-circuited and no fallback available.
RecoveringCommand short-circuited and no fallback available.
RecoveringCommand short-circuited and no fallback available.
RecoveringCommand short-circuited and no fallback available.
RecoveringCommand short-circuited and no fallback available.
RecoveringCommand short-circuited and no fallback available.
RecoveringCommand short-circuited and no fallback available.
RecoveringCommand short-circuited and no fallback available.
RecoveringCommand short-circuited and no fallback available.
RecoveringCommand short-circuited and no fallback available.
RecoveringCommand short-circuited and no fallback available.
RecoveringCommand short-circuited and no fallback available.
RecoveringCommand short-circuited and no fallback available.
RecoveringCommand short-circuited and no fallback available.
RecoveringCommand short-circuited and no fallback available.
RecoveringCommand short-circuited and no fallback available.
RecoveringCommand short-circuited and no fallback available.
RecoveringCommand short-circuited and no fallback available.
RecoveringCommand short-circuited and no fallback available.
RecoveringCommand short-circuited and no fallback available.
RecoveringCommand short-circuited and no fallback available.
RecoveringCommand short-circuited and no fallback available.
RecoveringCommand short-circuited and no fallback available.
RecoveringCommand short-circuited and no fallback available.
RecoveringCommand short-circuited and no fallback available.
RecoveringCommand short-circuited and no fallback available.
RecoveringCommand short-circuited and no fallback available.
RecoveringCommand short-circuited and no fallback available.
RecoveringCommand short-circuited and no fallback available.
RecoveringCommand short-circuited and no fallback available.
RecoveringCommand short-circuited and no fallback available.
RecoveringCommand short-circuited and no fallback available.
RecoveringCommand short-circuited and no fallback available.
RecoveringCommand short-circuited and no fallback available.
RecoveringCommand short-circuited and no fallback available.
RecoveringCommand short-circuited and no fallback available.
RecoveringCommand short-circuited and no fallback available.
RecoveringCommand short-circuited and no fallback available.
RecoveringCommand short-circuited and no fallback available.
RecoveringCommand short-circuited and no fallback available.
RecoveringCommand short-circuited and no fallback available.
RecoveringCommand short-circuited and no fallback available.
RecoveringCommand short-circuited and no fallback available.
RecoveringCommand short-circuited and no fallback available.
RecoveringCommand short-circuited and no fallback available.
RecoveringCommand short-circuited and no fallback available.
RecoveringCommand short-circuited and no fallback available.
RecoveringCommand short-circuited and no fallback available.
RecoveringCommand short-circuited and no fallback available.
RecoveringCommand short-circuited and no fallback available.
RecoveringCommand short-circuited and no fallback available.
RecoveringCommand short-circuited and no fallback available.
RecoveringCommand short-circuited and no fallback available.
RecoveringCommand short-circuited and no fallback available.
RecoveringCommand short-circuited and no fallback available.
RecoveringCommand short-circuited and no fallback available.
RecoveringCommand short-circuited and no fallback available.
RecoveringCommand short-circuited and no fallback available.
RecoveringCommand short-circuited and no fallback available.
RecoveringCommand short-circuited and no fallback available.
RecoveringCommand short-circuited and no fallback available.
RecoveringCommand short-circuited and no fallback available.
RecoveringCommand short-circuited and no fallback available.
RecoveringCommand short-circuited and no fallback available.
RecoveringCommand short-circuited and no fallback available.
RecoveringCommand short-circuited and no fallback available.
RecoveringCommand short-circuited and no fallback available.
RecoveringCommand short-circuited and no fallback available.
RecoveringCommand short-circuited and no fallback available.
RecoveringCommand short-circuited and no fallback available.
RecoveringCommand short-circuited and no fallback available.
RecoveringCommand short-circuited and no fallback available.
RecoveringCommand short-circuited and no fallback available.
RecoveringCommand short-circuited and no fallback available.
RecoveringCommand short-circuited and no fallback available.
RecoveringCommand short-circuited and no fallback available.
RecoveringCommand short-circuited and no fallback available.
RecoveringCommand short-circuited and no fallback available.
RecoveringCommand short-circuited and no fallback available.
RecoveringCommand short-circuited and no fallback available.
RecoveringCommand short-circuited and no fallback available.
RecoveringCommand short-circuited and no fallback available.
RecoveringCommand short-circuited and no fallback available.
RecoveringCommand short-circuited and no fallback available.
RecoveringCommand short-circuited and no fallback available.
RecoveringCommand short-circuited and no fallback available.
RecoveringCommand short-circuited and no fallback available.
RecoveringCommand short-circuited and no fallback available.
RecoveringCommand short-circuited and no fallback available.
RecoveringCommand short-circuited and no fallback available.
RecoveringCommand short-circuited and no fallback available.
RecoveringCommand short-circuited and no fallback available.
RecoveringCommand short-circuited and no fallback available.
RecoveringCommand short-circuited and no fallback available.
RecoveringCommand short-circuited and no fallback available.
RecoveringCommand short-circuited and no fallback available.
RecoveringCommand short-circuited and no fallback available.
RecoveringCommand short-circuited and no fallback available.
RecoveringCommand short-circuited and no fallback available.
RecoveringCommand short-circuited and no fallback available.
RecoveringCommand short-circuited and no fallback available.
RecoveringCommand short-circuited and no fallback available.
RecoveringCommand short-circuited and no fallback available.
RecoveringCommand short-circuited and no fallback available.
RecoveringCommand short-circuited and no fallback available.
RecoveringCommand short-circuited and no fallback available.
RecoveringCommand short-circuited and no fallback available.
RecoveringCommand short-circuited and no fallback available.
RecoveringCommand short-circuited and no fallback available.
RecoveringCommand short-circuited and no fallback available.
RecoveringCommand short-circuited and no fallback available.
RecoveringCommand short-circuited and no fallback available.
RecoveringCommand short-circuited and no fallback available.
RecoveringCommand short-circuited and no fallback available.
RecoveringCommand short-circuited and no fallback available.
RecoveringCommand short-circuited and no fallback available.
RecoveringCommand short-circuited and no fallback available.
RecoveringCommand short-circuited and no fallback available.
RecoveringCommand short-circuited and no fallback available.
RecoveringCommand short-circuited and no fallback available.
RecoveringCommand short-circuited and no fallback available.
RecoveringCommand short-circuited and no fallback available.
RecoveringCommand short-circuited and no fallback available.
RecoveringCommand short-circuited and no fallback available.
RecoveringCommand short-circuited and no fallback available.
RecoveringCommand short-circuited and no fallback available.
RecoveringCommand short-circuited and no fallback available.
RecoveringCommand short-circuited and no fallback available.
RecoveringCommand short-circuited and no fallback available.
RecoveringCommand short-circuited and no fallback available.
RecoveringCommand short-circuited and no fallback available.
RecoveringCommand short-circuited and no fallback available.
RecoveringCommand short-circuited and no fallback available.
RecoveringCommand short-circuited and no fallback available.
RecoveringCommand short-circuited and no fallback available.
RecoveringCommand short-circuited and no fallback available.
RecoveringCommand short-circuited and no fallback available.
RecoveringCommand short-circuited and no fallback available.
RecoveringCommand short-circuited and no fallback available.
RecoveringCommand short-circuited and no fallback available.
RecoveringCommand short-circuited and no fallback available.
RecoveringCommand short-circuited and no fallback available.
RecoveringCommand short-circuited and no fallback available.
RecoveringCommand short-circuited and no fallback available.
RecoveringCommand short-circuited and no fallback available.
RecoveringCommand short-circuited and no fallback available.
RecoveringCommand short-circuited and no fallback available.
RecoveringCommand short-circuited and no fallback available.
RecoveringCommand short-circuited and no fallback available.
RecoveringCommand short-circuited and no fallback available.
RecoveringCommand short-circuited and no fallback available.
RecoveringCommand short-circuited and no fallback available.
RecoveringCommand short-circuited and no fallback available.
RecoveringCommand short-circuited and no fallback available.
RecoveringCommand short-circuited and no fallback available.
RecoveringCommand short-circuited and no fallback available.
RecoveringCommand short-circuited and no fallback available.
RecoveringCommand short-circuited and no fallback available.
RecoveringCommand short-circuited and no fallback available.
RecoveringCommand short-circuited and no fallback available.
RecoveringCommand short-circuited and no fallback available.
RecoveringCommand short-circuited and no fallback available.
RecoveringCommand short-circuited and no fallback available.
RecoveringCommand short-circuited and no fallback available.
RecoveringCommand short-circuited and no fallback available.
RecoveringCommand short-circuited and no fallback available.
RecoveringCommand short-circuited and no fallback available.
RecoveringCommand short-circuited and no fallback available.
RecoveringCommand short-circuited and no fallback available.
RecoveringCommand short-circuited and no fallback available.
RecoveringCommand short-circuited and no fallback available.
RecoveringCommand short-circuited and no fallback available.
RecoveringCommand short-circuited and no fallback available.
RecoveringCommand short-circuited and no fallback available.
RecoveringCommand short-circuited and no fallback available.
RecoveringCommand short-circuited and no fallback available.
RecoveringCommand short-circuited and no fallback available.
RecoveringCommand short-circuited and no fallback available.
RecoveringCommand short-circuited and no fallback available.
RecoveringCommand short-circuited and no fallback available.
RecoveringCommand short-circuited and no fallback available.
RecoveringCommand short-circuited and no fallback available.
RecoveringCommand short-circuited and no fallback available.
RecoveringCommand short-circuited and no fallback available.
RecoveringCommand short-circuited and no fallback available.
RecoveringCommand short-circuited and no fallback available.
RecoveringCommand short-circuited and no fallback available.
RecoveringCommand short-circuited and no fallback available.
RecoveringCommand short-circuited and no fallback available.
RecoveringCommand short-circuited and no fallback available.
RecoveringCommand short-circuited and no fallback available.
RecoveringCommand short-circuited and no fallback available.
RecoveringCommand short-circuited and no fallback available.
RecoveringCommand short-circuited and no fallback available.
RecoveringCommand short-circuited and no fallback available.
RecoveringCommand short-circuited and no fallback available.
RecoveringCommand short-circuited and no fallback available.
RecoveringCommand short-circuited and no fallback available.
RecoveringCommand short-circuited and no fallback available.
RecoveringCommand short-circuited and no fallback available.
RecoveringCommand short-circuited and no fallback available.
RecoveringCommand short-circuited and no fallback available.
RecoveringCommand short-circuited and no fallback available.
RecoveringCommand short-circuited and no fallback available.
RecoveringCommand short-circuited and no fallback available.
RecoveringCommand short-circuited and no fallback available.
RecoveringCommand short-circuited and no fallback available.
RecoveringCommand short-circuited and no fallback available.
RecoveringCommand short-circuited and no fallback available.
RecoveringCommand short-circuited and no fallback available.
RecoveringCommand short-circuited and no fallback available.
RecoveringCommand short-circuited and no fallback available.
RecoveringCommand short-circuited and no fallback available.
RecoveringCommand short-circuited and no fallback available.
RecoveringCommand short-circuited and no fallback available.
RecoveringCommand short-circuited and no fallback available.
RecoveringCommand short-circuited and no fallback available.
RecoveringCommand short-circuited and no fallback available.
RecoveringCommand short-circuited and no fallback available.
RecoveringCommand short-circuited and no fallback available.
RecoveringCommand short-circuited and no fallback available.
RecoveringCommand short-circuited and no fallback available.
RecoveringCommand short-circuited and no fallback available.
RecoveringCommand short-circuited and no fallback available.
RecoveringCommand short-circuited and no fallback available.
RecoveringCommand short-circuited and no fallback available.
RecoveringCommand short-circuited and no fallback available.
RecoveringCommand short-circuited and no fallback available.
RecoveringCommand short-circuited and no fallback available.
RecoveringCommand short-circuited and no fallback available.
RecoveringCommand short-circuited and no fallback available.
RecoveringCommand short-circuited and no fallback available.
RecoveringCommand short-circuited and no fallback available.
RecoveringCommand short-circuited and no fallback available.
RecoveringCommand short-circuited and no fallback available.
RecoveringCommand short-circuited and no fallback available.
RecoveringCommand short-circuited and no fallback available.
RecoveringCommand short-circuited and no fallback available.
RecoveringCommand short-circuited and no fallback available.
RecoveringCommand short-circuited and no fallback available.
RecoveringCommand short-circuited and no fallback available.
RecoveringCommand short-circuited and no fallback available.
RecoveringCommand short-circuited and no fallback available.
RecoveringCommand short-circuited and no fallback available.
RecoveringCommand short-circuited and no fallback available.
RecoveringCommand short-circuited and no fallback available.
RecoveringCommand short-circuited and no fallback available.
RecoveringCommand short-circuited and no fallback available.
RecoveringCommand short-circuited and no fallback available.
RecoveringCommand short-circuited and no fallback available.
RecoveringCommand short-circuited and no fallback available.
RecoveringCommand short-circuited and no fallback available.
RecoveringCommand short-circuited and no fallback available.
RecoveringCommand short-circuited and no fallback available.
RecoveringCommand short-circuited and no fallback available.
RecoveringCommand short-circuited and no fallback available.
RecoveringCommand short-circuited and no fallback available.
RecoveringCommand short-circuited and no fallback available.
RecoveringCommand short-circuited and no fallback available.
RecoveringCommand short-circuited and no fallback available.
RecoveringCommand short-circuited and no fallback available.
RecoveringCommand short-circuited and no fallback available.
RecoveringCommand short-circuited and no fallback available.
RecoveringCommand short-circuited and no fallback available.
RecoveringCommand short-circuited and no fallback available.
RecoveringCommand short-circuited and no fallback available.
RecoveringCommand short-circuited and no fallback available.
RecoveringCommand short-circuited and no fallback available.
RecoveringCommand short-circuited and no fallback available.
RecoveringCommand short-circuited and no fallback available.
RecoveringCommand short-circuited and no fallback available.
RecoveringCommand short-circuited and no fallback available.
RecoveringCommand short-circuited and no fallback available.
RecoveringCommand short-circuited and no fallback available.
RecoveringCommand short-circuited and no fallback available.
RecoveringCommand short-circuited and no fallback available.
RecoveringCommand short-circuited and no fallback available.
RecoveringCommand short-circuited and no fallback available.
RecoveringCommand short-circuited and no fallback available.
RecoveringCommand short-circuited and no fallback available.
RecoveringCommand short-circuited and no fallback available.
RecoveringCommand short-circuited and no fallback available.
RecoveringCommand short-circuited and no fallback available.
RecoveringCommand short-circuited and no fallback available.
RecoveringCommand short-circuited and no fallback available.
RecoveringCommand short-circuited and no fallback available.
RecoveringCommand short-circuited and no fallback available.
RecoveringCommand short-circuited and no fallback available.
RecoveringCommand short-circuited and no fallback available.
RecoveringCommand short-circuited and no fallback available.
RecoveringCommand short-circuited and no fallback available.
RecoveringCommand short-circuited and no fallback available.
RecoveringCommand short-circuited and no fallback available.
RecoveringCommand short-circuited and no fallback available.
RecoveringCommand short-circuited and no fallback available.
RecoveringCommand short-circuited and no fallback available.
RecoveringCommand short-circuited and no fallback available.
RecoveringCommand short-circuited and no fallback available.
RecoveringCommand short-circuited and no fallback available.
RecoveringCommand short-circuited and no fallback available.
RecoveringCommand short-circuited and no fallback available.
RecoveringCommand short-circuited and no fallback available.
RecoveringCommand short-circuited and no fallback available.
RecoveringCommand short-circuited and no fallback available.
RecoveringCommand short-circuited and no fallback available.
RecoveringCommand short-circuited and no fallback available.
RecoveringCommand short-circuited and no fallback available.
RecoveringCommand short-circuited and no fallback available.
RecoveringCommand short-circuited and no fallback available.
RecoveringCommand short-circuited and no fallback available.
RecoveringCommand short-circuited and no fallback available.
RecoveringCommand short-circuited and no fallback available.
RecoveringCommand short-circuited and no fallback available.
RecoveringCommand short-circuited and no fallback available.
RecoveringCommand short-circuited and no fallback available.
RecoveringCommand short-circuited and no fallback available.
RecoveringCommand short-circuited and no fallback available.
RecoveringCommand short-circuited and no fallback available.
RecoveringCommand short-circuited and no fallback available.
RecoveringCommand short-circuited and no fallback available.
RecoveringCommand short-circuited and no fallback available.
RecoveringCommand short-circuited and no fallback available.
RecoveringCommand short-circuited and no fallback available.
RecoveringCommand short-circuited and no fallback available.
RecoveringCommand short-circuited and no fallback available.
RecoveringCommand short-circuited and no fallback available.
RecoveringCommand short-circuited and no fallback available.
RecoveringCommand short-circuited and no fallback available.
RecoveringCommand short-circuited and no fallback available.
RecoveringCommand short-circuited and no fallback available.
RecoveringCommand short-circuited and no fallback available.
RecoveringCommand short-circuited and no fallback available.
RecoveringCommand short-circuited and no fallback available.
RecoveringCommand short-circuited and no fallback available.
RecoveringCommand short-circuited and no fallback available.
RecoveringCommand short-circuited and no fallback available.
RecoveringCommand short-circuited and no fallback available.
RecoveringCommand short-circuited and no fallback available.
RecoveringCommand short-circuited and no fallback available.
RecoveringCommand short-circuited and no fallback available.
RecoveringCommand short-circuited and no fallback available.
RecoveringCommand short-circuited and no fallback available.
RecoveringCommand short-circuited and no fallback available.
RecoveringCommand short-circuited and no fallback available.
RecoveringCommand short-circuited and no fallback available.
RecoveringCommand short-circuited and no fallback available.
RecoveringCommand short-circuited and no fallback available.
RecoveringCommand short-circuited and no fallback available.
RecoveringCommand short-circuited and no fallback available.
RecoveringCommand short-circuited and no fallback available.
RecoveringCommand short-circuited and no fallback available.
RecoveringCommand short-circuited and no fallback available.
RecoveringCommand short-circuited and no fallback available.
RecoveringCommand short-circuited and no fallback available.
RecoveringCommand short-circuited and no fallback available.
RecoveringCommand short-circuited and no fallback available.
RecoveringCommand short-circuited and no fallback available.
RecoveringCommand short-circuited and no fallback available.
RecoveringCommand failed and no fallback available.
RecoveringCommand short-circuited and no fallback available.
RecoveringCommand short-circuited and no fallback available.
RecoveringCommand short-circuited and no fallback available.
RecoveringCommand short-circuited and no fallback available.
RecoveringCommand short-circuited and no fallback available.
RecoveringCommand short-circuited and no fallback available.
RecoveringCommand short-circuited and no fallback available.
RecoveringCommand short-circuited and no fallback available.
RecoveringCommand short-circuited and no fallback available.
RecoveringCommand short-circuited and no fallback available.
RecoveringCommand short-circuited and no fallback available.
RecoveringCommand short-circuited and no fallback available.
RecoveringCommand short-circuited and no fallback available.
RecoveringCommand short-circuited and no fallback available.
RecoveringCommand short-circuited and no fallback available.
RecoveringCommand short-circuited and no fallback available.
RecoveringCommand short-circuited and no fallback available.
RecoveringCommand short-circuited and no fallback available.
RecoveringCommand short-circuited and no fallback available.
RecoveringCommand short-circuited and no fallback available.
RecoveringCommand short-circuited and no fallback available.
RecoveringCommand short-circuited and no fallback available.
RecoveringCommand short-circuited and no fallback available.
RecoveringCommand short-circuited and no fallback available.
RecoveringCommand short-circuited and no fallback available.
RecoveringCommand short-circuited and no fallback available.
RecoveringCommand short-circuited and no fallback available.
RecoveringCommand short-circuited and no fallback available.
RecoveringCommand short-circuited and no fallback available.
RecoveringCommand short-circuited and no fallback available.
RecoveringCommand short-circuited and no fallback available.
RecoveringCommand short-circuited and no fallback available.
RecoveringCommand short-circuited and no fallback available.
RecoveringCommand short-circuited and no fallback available.
RecoveringCommand short-circuited and no fallback available.
RecoveringCommand short-circuited and no fallback available.
RecoveringCommand short-circuited and no fallback available.
RecoveringCommand short-circuited and no fallback available.
RecoveringCommand short-circuited and no fallback available.
RecoveringCommand short-circuited and no fallback available.
RecoveringCommand short-circuited and no fallback available.
RecoveringCommand short-circuited and no fallback available.
RecoveringCommand short-circuited and no fallback available.
RecoveringCommand short-circuited and no fallback available.
RecoveringCommand short-circuited and no fallback available.
RecoveringCommand short-circuited and no fallback available.
RecoveringCommand short-circuited and no fallback available.
RecoveringCommand short-circuited and no fallback available.
RecoveringCommand short-circuited and no fallback available.
RecoveringCommand short-circuited and no fallback available.
RecoveringCommand short-circuited and no fallback available.
RecoveringCommand short-circuited and no fallback available.
RecoveringCommand short-circuited and no fallback available.
RecoveringCommand short-circuited and no fallback available.
RecoveringCommand short-circuited and no fallback available.
RecoveringCommand short-circuited and no fallback available.
RecoveringCommand short-circuited and no fallback available.
RecoveringCommand short-circuited and no fallback available.
RecoveringCommand short-circuited and no fallback available.
RecoveringCommand short-circuited and no fallback available.
RecoveringCommand short-circuited and no fallback available.
RecoveringCommand short-circuited and no fallback available.
RecoveringCommand short-circuited and no fallback available.
RecoveringCommand short-circuited and no fallback available.
RecoveringCommand short-circuited and no fallback available.
RecoveringCommand short-circuited and no fallback available.
RecoveringCommand short-circuited and no fallback available.
RecoveringCommand short-circuited and no fallback available.
RecoveringCommand short-circuited and no fallback available.
RecoveringCommand short-circuited and no fallback available.
RecoveringCommand short-circuited and no fallback available.
RecoveringCommand short-circuited and no fallback available.
RecoveringCommand short-circuited and no fallback available.
RecoveringCommand short-circuited and no fallback available.
RecoveringCommand short-circuited and no fallback available.
RecoveringCommand short-circuited and no fallback available.
RecoveringCommand short-circuited and no fallback available.
RecoveringCommand short-circuited and no fallback available.
RecoveringCommand short-circuited and no fallback available.
RecoveringCommand short-circuited and no fallback available.
RecoveringCommand short-circuited and no fallback available.
RecoveringCommand short-circuited and no fallback available.
RecoveringCommand short-circuited and no fallback available.
RecoveringCommand short-circuited and no fallback available.
RecoveringCommand short-circuited and no fallback available.
RecoveringCommand short-circuited and no fallback available.
RecoveringCommand short-circuited and no fallback available.
RecoveringCommand short-circuited and no fallback available.
RecoveringCommand short-circuited and no fallback available.
RecoveringCommand short-circuited and no fallback available.
RecoveringCommand short-circuited and no fallback available.
RecoveringCommand short-circuited and no fallback available.
RecoveringCommand short-circuited and no fallback available.
RecoveringCommand short-circuited and no fallback available.
RecoveringCommand short-circuited and no fallback available.
RecoveringCommand short-circuited and no fallback available.
RecoveringCommand short-circuited and no fallback available.
RecoveringCommand short-circuited and no fallback available.
RecoveringCommand short-circuited and no fallback available.
RecoveringCommand short-circuited and no fallback available.
RecoveringCommand short-circuited and no fallback available.
RecoveringCommand short-circuited and no fallback available.
RecoveringCommand short-circuited and no fallback available.
RecoveringCommand short-circuited and no fallback available.
RecoveringCommand short-circuited and no fallback available.
RecoveringCommand short-circuited and no fallback available.
RecoveringCommand short-circuited and no fallback available.
RecoveringCommand short-circuited and no fallback available.
RecoveringCommand short-circuited and no fallback available.
RecoveringCommand short-circuited and no fallback available.
RecoveringCommand short-circuited and no fallback available.
RecoveringCommand short-circuited and no fallback available.
RecoveringCommand short-circuited and no fallback available.
RecoveringCommand short-circuited and no fallback available.
RecoveringCommand short-circuited and no fallback available.
RecoveringCommand short-circuited and no fallback available.
RecoveringCommand short-circuited and no fallback available.
RecoveringCommand short-circuited and no fallback available.
RecoveringCommand short-circuited and no fallback available.
RecoveringCommand short-circuited and no fallback available.
RecoveringCommand short-circuited and no fallback available.
RecoveringCommand short-circuited and no fallback available.
RecoveringCommand short-circuited and no fallback available.
RecoveringCommand short-circuited and no fallback available.
RecoveringCommand short-circuited and no fallback available.
RecoveringCommand short-circuited and no fallback available.
RecoveringCommand short-circuited and no fallback available.
RecoveringCommand short-circuited and no fallback available.
RecoveringCommand short-circuited and no fallback available.
RecoveringCommand short-circuited and no fallback available.
RecoveringCommand short-circuited and no fallback available.
RecoveringCommand short-circuited and no fallback available.
RecoveringCommand short-circuited and no fallback available.
RecoveringCommand short-circuited and no fallback available.
RecoveringCommand short-circuited and no fallback available.
RecoveringCommand short-circuited and no fallback available.
RecoveringCommand short-circuited and no fallback available.
RecoveringCommand short-circuited and no fallback available.
RecoveringCommand short-circuited and no fallback available.
RecoveringCommand short-circuited and no fallback available.
RecoveringCommand short-circuited and no fallback available.
RecoveringCommand short-circuited and no fallback available.
RecoveringCommand short-circuited and no fallback available.
RecoveringCommand short-circuited and no fallback available.
RecoveringCommand short-circuited and no fallback available.
RecoveringCommand short-circuited and no fallback available.
RecoveringCommand short-circuited and no fallback available.
RecoveringCommand short-circuited and no fallback available.
RecoveringCommand short-circuited and no fallback available.
RecoveringCommand short-circuited and no fallback available.
RecoveringCommand short-circuited and no fallback available.
RecoveringCommand short-circuited and no fallback available.
RecoveringCommand short-circuited and no fallback available.
RecoveringCommand short-circuited and no fallback available.
RecoveringCommand short-circuited and no fallback available.
RecoveringCommand short-circuited and no fallback available.
RecoveringCommand short-circuited and no fallback available.
RecoveringCommand short-circuited and no fallback available.
RecoveringCommand short-circuited and no fallback available.
RecoveringCommand short-circuited and no fallback available.
RecoveringCommand short-circuited and no fallback available.
RecoveringCommand short-circuited and no fallback available.
RecoveringCommand short-circuited and no fallback available.
RecoveringCommand short-circuited and no fallback available.
RecoveringCommand short-circuited and no fallback available.
RecoveringCommand short-circuited and no fallback available.
RecoveringCommand short-circuited and no fallback available.
RecoveringCommand short-circuited and no fallback available.
RecoveringCommand short-circuited and no fallback available.
RecoveringCommand short-circuited and no fallback available.
RecoveringCommand short-circuited and no fallback available.
RecoveringCommand short-circuited and no fallback available.
RecoveringCommand short-circuited and no fallback available.
RecoveringCommand short-circuited and no fallback available.
RecoveringCommand short-circuited and no fallback available.
RecoveringCommand short-circuited and no fallback available.
RecoveringCommand short-circuited and no fallback available.
RecoveringCommand short-circuited and no fallback available.
RecoveringCommand short-circuited and no fallback available.
RecoveringCommand short-circuited and no fallback available.
RecoveringCommand short-circuited and no fallback available.
RecoveringCommand short-circuited and no fallback available.
RecoveringCommand short-circuited and no fallback available.
RecoveringCommand short-circuited and no fallback available.
RecoveringCommand short-circuited and no fallback available.
RecoveringCommand short-circuited and no fallback available.
RecoveringCommand short-circuited and no fallback available.
RecoveringCommand short-circuited and no fallback available.
RecoveringCommand short-circuited and no fallback available.
RecoveringCommand short-circuited and no fallback available.
RecoveringCommand short-circuited and no fallback available.
RecoveringCommand short-circuited and no fallback available.
RecoveringCommand short-circuited and no fallback available.
RecoveringCommand short-circuited and no fallback available.
RecoveringCommand short-circuited and no fallback available.
RecoveringCommand short-circuited and no fallback available.
RecoveringCommand short-circuited and no fallback available.
RecoveringCommand short-circuited and no fallback available.
RecoveringCommand short-circuited and no fallback available.
RecoveringCommand short-circuited and no fallback available.
RecoveringCommand short-circuited and no fallback available.
RecoveringCommand short-circuited and no fallback available.
RecoveringCommand short-circuited and no fallback available.
RecoveringCommand short-circuited and no fallback available.
RecoveringCommand short-circuited and no fallback available.
RecoveringCommand short-circuited and no fallback available.
RecoveringCommand short-circuited and no fallback available.
RecoveringCommand short-circuited and no fallback available.
RecoveringCommand short-circuited and no fallback available.
RecoveringCommand short-circuited and no fallback available.
RecoveringCommand short-circuited and no fallback available.
RecoveringCommand short-circuited and no fallback available.
RecoveringCommand short-circuited and no fallback available.
RecoveringCommand short-circuited and no fallback available.
RecoveringCommand short-circuited and no fallback available.
RecoveringCommand short-circuited and no fallback available.
RecoveringCommand short-circuited and no fallback available.
RecoveringCommand short-circuited and no fallback available.
RecoveringCommand short-circuited and no fallback available.
RecoveringCommand short-circuited and no fallback available.
RecoveringCommand short-circuited and no fallback available.
RecoveringCommand short-circuited and no fallback available.
RecoveringCommand short-circuited and no fallback available.
RecoveringCommand short-circuited and no fallback available.
RecoveringCommand short-circuited and no fallback available.
RecoveringCommand short-circuited and no fallback available.
RecoveringCommand short-circuited and no fallback available.
RecoveringCommand short-circuited and no fallback available.
RecoveringCommand short-circuited and no fallback available.
RecoveringCommand short-circuited and no fallback available.
RecoveringCommand short-circuited and no fallback available.
RecoveringCommand short-circuited and no fallback available.
RecoveringCommand short-circuited and no fallback available.
RecoveringCommand short-circuited and no fallback available.
RecoveringCommand short-circuited and no fallback available.
RecoveringCommand short-circuited and no fallback available.
RecoveringCommand short-circuited and no fallback available.
RecoveringCommand short-circuited and no fallback available.
RecoveringCommand short-circuited and no fallback available.
RecoveringCommand short-circuited and no fallback available.
RecoveringCommand short-circuited and no fallback available.
RecoveringCommand short-circuited and no fallback available.
RecoveringCommand short-circuited and no fallback available.
RecoveringCommand short-circuited and no fallback available.
RecoveringCommand short-circuited and no fallback available.
RecoveringCommand short-circuited and no fallback available.
RecoveringCommand short-circuited and no fallback available.
RecoveringCommand short-circuited and no fallback available.
RecoveringCommand short-circuited and no fallback available.
RecoveringCommand short-circuited and no fallback available.
RecoveringCommand short-circuited and no fallback available.
RecoveringCommand short-circuited and no fallback available.
RecoveringCommand short-circuited and no fallback available.
RecoveringCommand short-circuited and no fallback available.
RecoveringCommand short-circuited and no fallback available.
RecoveringCommand short-circuited and no fallback available.
RecoveringCommand short-circuited and no fallback available.
RecoveringCommand short-circuited and no fallback available.
RecoveringCommand short-circuited and no fallback available.
RecoveringCommand short-circuited and no fallback available.
RecoveringCommand short-circuited and no fallback available.
RecoveringCommand short-circuited and no fallback available.
RecoveringCommand short-circuited and no fallback available.
RecoveringCommand short-circuited and no fallback available.
RecoveringCommand short-circuited and no fallback available.
RecoveringCommand short-circuited and no fallback available.
RecoveringCommand short-circuited and no fallback available.
RecoveringCommand short-circuited and no fallback available.
RecoveringCommand short-circuited and no fallback available.
RecoveringCommand short-circuited and no fallback available.
RecoveringCommand short-circuited and no fallback available.
RecoveringCommand short-circuited and no fallback available.
RecoveringCommand short-circuited and no fallback available.
RecoveringCommand short-circuited and no fallback available.
RecoveringCommand short-circuited and no fallback available.
RecoveringCommand short-circuited and no fallback available.
RecoveringCommand short-circuited and no fallback available.
RecoveringCommand short-circuited and no fallback available.
RecoveringCommand short-circuited and no fallback available.
RecoveringCommand short-circuited and no fallback available.
RecoveringCommand short-circuited and no fallback available.
RecoveringCommand short-circuited and no fallback available.
RecoveringCommand short-circuited and no fallback available.
RecoveringCommand short-circuited and no fallback available.
RecoveringCommand short-circuited and no fallback available.
RecoveringCommand short-circuited and no fallback available.
RecoveringCommand short-circuited and no fallback available.
RecoveringCommand short-circuited and no fallback available.
RecoveringCommand short-circuited and no fallback available.
RecoveringCommand short-circuited and no fallback available.
RecoveringCommand short-circuited and no fallback available.
RecoveringCommand short-circuited and no fallback available.
RecoveringCommand short-circuited and no fallback available.
RecoveringCommand short-circuited and no fallback available.
RecoveringCommand short-circuited and no fallback available.
RecoveringCommand short-circuited and no fallback available.
RecoveringCommand short-circuited and no fallback available.
RecoveringCommand short-circuited and no fallback available.
RecoveringCommand short-circuited and no fallback available.
RecoveringCommand short-circuited and no fallback available.
RecoveringCommand short-circuited and no fallback available.
RecoveringCommand short-circuited and no fallback available.
RecoveringCommand short-circuited and no fallback available.
RecoveringCommand short-circuited and no fallback available.
RecoveringCommand short-circuited and no fallback available.
RecoveringCommand short-circuited and no fallback available.
RecoveringCommand short-circuited and no fallback available.
RecoveringCommand short-circuited and no fallback available.
RecoveringCommand short-circuited and no fallback available.
RecoveringCommand short-circuited and no fallback available.
RecoveringCommand short-circuited and no fallback available.
RecoveringCommand short-circuited and no fallback available.
RecoveringCommand short-circuited and no fallback available.
RecoveringCommand short-circuited and no fallback available.
RecoveringCommand short-circuited and no fallback available.
RecoveringCommand short-circuited and no fallback available.
RecoveringCommand short-circuited and no fallback available.
RecoveringCommand short-circuited and no fallback available.
RecoveringCommand short-circuited and no fallback available.
RecoveringCommand short-circuited and no fallback available.
RecoveringCommand short-circuited and no fallback available.
RecoveringCommand short-circuited and no fallback available.
RecoveringCommand short-circuited and no fallback available.
RecoveringCommand short-circuited and no fallback available.
RecoveringCommand short-circuited and no fallback available.
RecoveringCommand short-circuited and no fallback available.
RecoveringCommand short-circuited and no fallback available.
RecoveringCommand short-circuited and no fallback available.
RecoveringCommand short-circuited and no fallback available.
RecoveringCommand short-circuited and no fallback available.
RecoveringCommand short-circuited and no fallback available.
RecoveringCommand short-circuited and no fallback available.
RecoveringCommand short-circuited and no fallback available.
RecoveringCommand short-circuited and no fallback available.
RecoveringCommand short-circuited and no fallback available.
RecoveringCommand short-circuited and no fallback available.
RecoveringCommand short-circuited and no fallback available.
RecoveringCommand short-circuited and no fallback available.
RecoveringCommand short-circuited and no fallback available.
RecoveringCommand short-circuited and no fallback available.
RecoveringCommand short-circuited and no fallback available.
RecoveringCommand short-circuited and no fallback available.
RecoveringCommand short-circuited and no fallback available.
RecoveringCommand short-circuited and no fallback available.
RecoveringCommand short-circuited and no fallback available.
RecoveringCommand short-circuited and no fallback available.
RecoveringCommand short-circuited and no fallback available.
RecoveringCommand short-circuited and no fallback available.
RecoveringCommand short-circuited and no fallback available.
RecoveringCommand short-circuited and no fallback available.
RecoveringCommand short-circuited and no fallback available.
RecoveringCommand short-circuited and no fallback available.
RecoveringCommand short-circuited and no fallback available.
RecoveringCommand short-circuited and no fallback available.
RecoveringCommand short-circuited and no fallback available.
RecoveringCommand short-circuited and no fallback available.
RecoveringCommand short-circuited and no fallback available.
RecoveringCommand short-circuited and no fallback available.
RecoveringCommand short-circuited and no fallback available.
RecoveringCommand short-circuited and no fallback available.
RecoveringCommand short-circuited and no fallback available.
RecoveringCommand short-circuited and no fallback available.
RecoveringCommand short-circuited and no fallback available.
RecoveringCommand short-circuited and no fallback available.
RecoveringCommand short-circuited and no fallback available.
RecoveringCommand short-circuited and no fallback available.
RecoveringCommand short-circuited and no fallback available.
RecoveringCommand short-circuited and no fallback available.
RecoveringCommand short-circuited and no fallback available.
RecoveringCommand short-circuited and no fallback available.
RecoveringCommand short-circuited and no fallback available.
RecoveringCommand short-circuited and no fallback available.
RecoveringCommand short-circuited and no fallback available.
RecoveringCommand short-circuited and no fallback available.
RecoveringCommand short-circuited and no fallback available.
RecoveringCommand short-circuited and no fallback available.
RecoveringCommand short-circuited and no fallback available.
RecoveringCommand short-circuited and no fallback available.
RecoveringCommand short-circuited and no fallback available.
RecoveringCommand short-circuited and no fallback available.
RecoveringCommand short-circuited and no fallback available.
RecoveringCommand short-circuited and no fallback available.
RecoveringCommand short-circuited and no fallback available.
RecoveringCommand short-circuited and no fallback available.
RecoveringCommand short-circuited and no fallback available.
RecoveringCommand short-circuited and no fallback available.
RecoveringCommand short-circuited and no fallback available.
RecoveringCommand short-circuited and no fallback available.
RecoveringCommand short-circuited and no fallback available.
RecoveringCommand short-circuited and no fallback available.
RecoveringCommand short-circuited and no fallback available.
RecoveringCommand short-circuited and no fallback available.
RecoveringCommand short-circuited and no fallback available.
RecoveringCommand short-circuited and no fallback available.
RecoveringCommand short-circuited and no fallback available.
RecoveringCommand short-circuited and no fallback available.
RecoveringCommand short-circuited and no fallback available.
RecoveringCommand short-circuited and no fallback available.
RecoveringCommand short-circuited and no fallback available.
RecoveringCommand short-circuited and no fallback available.
RecoveringCommand short-circuited and no fallback available.
RecoveringCommand short-circuited and no fallback available.
RecoveringCommand short-circuited and no fallback available.
RecoveringCommand short-circuited and no fallback available.
RecoveringCommand short-circuited and no fallback available.
RecoveringCommand short-circuited and no fallback available.
RecoveringCommand short-circuited and no fallback available.
RecoveringCommand short-circuited and no fallback available.
RecoveringCommand short-circuited and no fallback available.
RecoveringCommand short-circuited and no fallback available.
RecoveringCommand short-circuited and no fallback available.
RecoveringCommand short-circuited and no fallback available.
RecoveringCommand short-circuited and no fallback available.
RecoveringCommand short-circuited and no fallback available.
RecoveringCommand short-circuited and no fallback available.
RecoveringCommand short-circuited and no fallback available.
RecoveringCommand short-circuited and no fallback available.
RecoveringCommand short-circuited and no fallback available.
RecoveringCommand short-circuited and no fallback available.
RecoveringCommand short-circuited and no fallback available.
RecoveringCommand short-circuited and no fallback available.
RecoveringCommand short-circuited and no fallback available.
RecoveringCommand short-circuited and no fallback available.
RecoveringCommand short-circuited and no fallback available.
RecoveringCommand short-circuited and no fallback available.
RecoveringCommand short-circuited and no fallback available.
RecoveringCommand short-circuited and no fallback available.
RecoveringCommand short-circuited and no fallback available.
RecoveringCommand short-circuited and no fallback available.
RecoveringCommand short-circuited and no fallback available.
RecoveringCommand short-circuited and no fallback available.
RecoveringCommand short-circuited and no fallback available.
RecoveringCommand short-circuited and no fallback available.
RecoveringCommand short-circuited and no fallback available.
RecoveringCommand short-circuited and no fallback available.
RecoveringCommand short-circuited and no fallback available.
RecoveringCommand short-circuited and no fallback available.
RecoveringCommand short-circuited and no fallback available.
RecoveringCommand short-circuited and no fallback available.
RecoveringCommand short-circuited and no fallback available.
RecoveringCommand short-circuited and no fallback available.
RecoveringCommand short-circuited and no fallback available.
RecoveringCommand short-circuited and no fallback available.
RecoveringCommand short-circuited and no fallback available.
RecoveringCommand short-circuited and no fallback available.
RecoveringCommand short-circuited and no fallback available.
RecoveringCommand short-circuited and no fallback available.
RecoveringCommand short-circuited and no fallback available.
RecoveringCommand short-circuited and no fallback available.
RecoveringCommand short-circuited and no fallback available.
RecoveringCommand short-circuited and no fallback available.
RecoveringCommand short-circuited and no fallback available.
RecoveringCommand short-circuited and no fallback available.
RecoveringCommand short-circuited and no fallback available.
RecoveringCommand short-circuited and no fallback available.
RecoveringCommand short-circuited and no fallback available.
RecoveringCommand short-circuited and no fallback available.
RecoveringCommand short-circuited and no fallback available.
RecoveringCommand short-circuited and no fallback available.
RecoveringCommand short-circuited and no fallback available.
RecoveringCommand short-circuited and no fallback available.
RecoveringCommand short-circuited and no fallback available.
RecoveringCommand short-circuited and no fallback available.
RecoveringCommand short-circuited and no fallback available.
RecoveringCommand short-circuited and no fallback available.
RecoveringCommand short-circuited and no fallback available.
RecoveringCommand short-circuited and no fallback available.
RecoveringCommand short-circuited and no fallback available.
RecoveringCommand short-circuited and no fallback available.
RecoveringCommand short-circuited and no fallback available.
RecoveringCommand short-circuited and no fallback available.
RecoveringCommand short-circuited and no fallback available.
RecoveringCommand short-circuited and no fallback available.
RecoveringCommand short-circuited and no fallback available.
RecoveringCommand short-circuited and no fallback available.
RecoveringCommand short-circuited and no fallback available.
RecoveringCommand short-circuited and no fallback available.
RecoveringCommand short-circuited and no fallback available.
RecoveringCommand short-circuited and no fallback available.
RecoveringCommand short-circuited and no fallback available.
RecoveringCommand short-circuited and no fallback available.
RecoveringCommand short-circuited and no fallback available.
RecoveringCommand short-circuited and no fallback available.
RecoveringCommand short-circuited and no fallback available.
RecoveringCommand short-circuited and no fallback available.
RecoveringCommand short-circuited and no fallback available.
RecoveringCommand short-circuited and no fallback available.
RecoveringCommand short-circuited and no fallback available.
RecoveringCommand short-circuited and no fallback available.
RecoveringCommand short-circuited and no fallback available.
RecoveringCommand short-circuited and no fallback available.
RecoveringCommand short-circuited and no fallback available.
RecoveringCommand short-circuited and no fallback available.
RecoveringCommand short-circuited and no fallback available.
RecoveringCommand short-circuited and no fallback available.
RecoveringCommand short-circuited and no fallback available.
RecoveringCommand short-circuited and no fallback available.
RecoveringCommand short-circuited and no fallback available.
RecoveringCommand short-circuited and no fallback available.
RecoveringCommand short-circuited and no fallback available.
RecoveringCommand short-circuited and no fallback available.
RecoveringCommand short-circuited and no fallback available.
RecoveringCommand short-circuited and no fallback available.
RecoveringCommand short-circuited and no fallback available.
RecoveringCommand short-circuited and no fallback available.
RecoveringCommand short-circuited and no fallback available.
RecoveringCommand short-circuited and no fallback available.
RecoveringCommand short-circuited and no fallback available.
RecoveringCommand short-circuited and no fallback available.
RecoveringCommand short-circuited and no fallback available.
RecoveringCommand short-circuited and no fallback available.
RecoveringCommand short-circuited and no fallback available.
RecoveringCommand short-circuited and no fallback available.
RecoveringCommand short-circuited and no fallback available.
RecoveringCommand short-circuited and no fallback available.
RecoveringCommand short-circuited and no fallback available.
RecoveringCommand short-circuited and no fallback available.
RecoveringCommand short-circuited and no fallback available.
RecoveringCommand short-circuited and no fallback available.
RecoveringCommand short-circuited and no fallback available.
RecoveringCommand short-circuited and no fallback available.
RecoveringCommand short-circuited and no fallback available.
RecoveringCommand short-circuited and no fallback available.
RecoveringCommand short-circuited and no fallback available.
RecoveringCommand short-circuited and no fallback available.
RecoveringCommand short-circuited and no fallback available.
RecoveringCommand short-circuited and no fallback available.
RecoveringCommand short-circuited and no fallback available.
RecoveringCommand short-circuited and no fallback available.
RecoveringCommand short-circuited and no fallback available.
RecoveringCommand short-circuited and no fallback available.
RecoveringCommand short-circuited and no fallback available.
RecoveringCommand short-circuited and no fallback available.
RecoveringCommand short-circuited and no fallback available.
RecoveringCommand short-circuited and no fallback available.
RecoveringCommand short-circuited and no fallback available.
RecoveringCommand short-circuited and no fallback available.
RecoveringCommand short-circuited and no fallback available.
RecoveringCommand short-circuited and no fallback available.
RecoveringCommand short-circuited and no fallback available.
RecoveringCommand short-circuited and no fallback available.
RecoveringCommand short-circuited and no fallback available.
RecoveringCommand short-circuited and no fallback available.
RecoveringCommand short-circuited and no fallback available.
RecoveringCommand short-circuited and no fallback available.
RecoveringCommand short-circuited and no fallback available.
RecoveringCommand short-circuited and no fallback available.
RecoveringCommand short-circuited and no fallback available.
RecoveringCommand short-circuited and no fallback available.
RecoveringCommand short-circuited and no fallback available.
RecoveringCommand short-circuited and no fallback available.
RecoveringCommand short-circuited and no fallback available.
RecoveringCommand short-circuited and no fallback available.
RecoveringCommand short-circuited and no fallback available.
RecoveringCommand short-circuited and no fallback available.
RecoveringCommand short-circuited and no fallback available.
RecoveringCommand short-circuited and no fallback available.
RecoveringCommand short-circuited and no fallback available.
RecoveringCommand short-circuited and no fallback available.
RecoveringCommand short-circuited and no fallback available.
RecoveringCommand short-circuited and no fallback available.
RecoveringCommand short-circuited and no fallback available.
RecoveringCommand short-circuited and no fallback available.
RecoveringCommand short-circuited and no fallback available.
RecoveringCommand short-circuited and no fallback available.
RecoveringCommand short-circuited and no fallback available.
RecoveringCommand short-circuited and no fallback available.
RecoveringCommand short-circuited and no fallback available.
RecoveringCommand short-circuited and no fallback available.
RecoveringCommand short-circuited and no fallback available.
RecoveringCommand short-circuited and no fallback available.
RecoveringCommand short-circuited and no fallback available.
RecoveringCommand short-circuited and no fallback available.
RecoveringCommand short-circuited and no fallback available.
RecoveringCommand short-circuited and no fallback available.
RecoveringCommand short-circuited and no fallback available.
RecoveringCommand short-circuited and no fallback available.
RecoveringCommand short-circuited and no fallback available.
RecoveringCommand short-circuited and no fallback available.
RecoveringCommand short-circuited and no fallback available.
RecoveringCommand short-circuited and no fallback available.
RecoveringCommand short-circuited and no fallback available.
RecoveringCommand short-circuited and no fallback available.
RecoveringCommand short-circuited and no fallback available.
RecoveringCommand short-circuited and no fallback available.
RecoveringCommand short-circuited and no fallback available.
RecoveringCommand short-circuited and no fallback available.
RecoveringCommand short-circuited and no fallback available.
RecoveringCommand short-circuited and no fallback available.
RecoveringCommand short-circuited and no fallback available.
RecoveringCommand short-circuited and no fallback available.
RecoveringCommand short-circuited and no fallback available.
RecoveringCommand short-circuited and no fallback available.
RecoveringCommand short-circuited and no fallback available.
RecoveringCommand short-circuited and no fallback available.
RecoveringCommand short-circuited and no fallback available.
RecoveringCommand short-circuited and no fallback available.
RecoveringCommand short-circuited and no fallback available.
RecoveringCommand short-circuited and no fallback available.
RecoveringCommand short-circuited and no fallback available.
RecoveringCommand short-circuited and no fallback available.
RecoveringCommand short-circuited and no fallback available.
RecoveringCommand short-circuited and no fallback available.
RecoveringCommand short-circuited and no fallback available.
RecoveringCommand short-circuited and no fallback available.
RecoveringCommand short-circuited and no fallback available.
RecoveringCommand short-circuited and no fallback available.
RecoveringCommand short-circuited and no fallback available.
RecoveringCommand short-circuited and no fallback available.
RecoveringCommand short-circuited and no fallback available.
RecoveringCommand short-circuited and no fallback available.
RecoveringCommand short-circuited and no fallback available.
RecoveringCommand short-circuited and no fallback available.
RecoveringCommand short-circuited and no fallback available.
RecoveringCommand short-circuited and no fallback available.
RecoveringCommand short-circuited and no fallback available.
RecoveringCommand short-circuited and no fallback available.
RecoveringCommand short-circuited and no fallback available.
RecoveringCommand short-circuited and no fallback available.
RecoveringCommand short-circuited and no fallback available.
RecoveringCommand short-circuited and no fallback available.
RecoveringCommand short-circuited and no fallback available.
RecoveringCommand short-circuited and no fallback available.
RecoveringCommand short-circuited and no fallback available.
RecoveringCommand short-circuited and no fallback available.
RecoveringCommand short-circuited and no fallback available.
RecoveringCommand short-circuited and no fallback available.
RecoveringCommand short-circuited and no fallback available.
RecoveringCommand short-circuited and no fallback available.
RecoveringCommand short-circuited and no fallback available.
RecoveringCommand short-circuited and no fallback available.
RecoveringCommand short-circuited and no fallback available.
RecoveringCommand short-circuited and no fallback available.
RecoveringCommand short-circuited and no fallback available.
RecoveringCommand short-circuited and no fallback available.
RecoveringCommand short-circuited and no fallback available.
RecoveringCommand short-circuited and no fallback available.
RecoveringCommand short-circuited and no fallback available.
RecoveringCommand short-circuited and no fallback available.
RecoveringCommand short-circuited and no fallback available.
RecoveringCommand short-circuited and no fallback available.
RecoveringCommand short-circuited and no fallback available.
RecoveringCommand short-circuited and no fallback available.
RecoveringCommand short-circuited and no fallback available.
RecoveringCommand short-circuited and no fallback available.
RecoveringCommand short-circuited and no fallback available.
RecoveringCommand short-circuited and no fallback available.
RecoveringCommand short-circuited and no fallback available.
RecoveringCommand short-circuited and no fallback available.
RecoveringCommand short-circuited and no fallback available.
RecoveringCommand short-circuited and no fallback available.
RecoveringCommand short-circuited and no fallback available.
RecoveringCommand short-circuited and no fallback available.
RecoveringCommand short-circuited and no fallback available.
RecoveringCommand short-circuited and no fallback available.
RecoveringCommand short-circuited and no fallback available.
RecoveringCommand short-circuited and no fallback available.
RecoveringCommand short-circuited and no fallback available.
RecoveringCommand short-circuited and no fallback available.
RecoveringCommand short-circuited and no fallback available.
RecoveringCommand short-circuited and no fallback available.
RecoveringCommand short-circuited and no fallback available.
RecoveringCommand short-circuited and no fallback available.
RecoveringCommand short-circuited and no fallback available.
RecoveringCommand short-circuited and no fallback available.
RecoveringCommand short-circuited and no fallback available.
RecoveringCommand short-circuited and no fallback available.
RecoveringCommand short-circuited and no fallback available.
RecoveringCommand short-circuited and no fallback available.
RecoveringCommand short-circuited and no fallback available.
RecoveringCommand short-circuited and no fallback available.
RecoveringCommand short-circuited and no fallback available.
RecoveringCommand short-circuited and no fallback available.
RecoveringCommand short-circuited and no fallback available.
RecoveringCommand short-circuited and no fallback available.
RecoveringCommand short-circuited and no fallback available.
RecoveringCommand short-circuited and no fallback available.
RecoveringCommand short-circuited and no fallback available.
RecoveringCommand short-circuited and no fallback available.
RecoveringCommand short-circuited and no fallback available.
RecoveringCommand short-circuited and no fallback available.
RecoveringCommand short-circuited and no fallback available.
RecoveringCommand short-circuited and no fallback available.
RecoveringCommand short-circuited and no fallback available.
RecoveringCommand short-circuited and no fallback available.
RecoveringCommand short-circuited and no fallback available.
RecoveringCommand short-circuited and no fallback available.
RecoveringCommand short-circuited and no fallback available.
RecoveringCommand short-circuited and no fallback available.
RecoveringCommand short-circuited and no fallback available.
RecoveringCommand short-circuited and no fallback available.
RecoveringCommand short-circuited and no fallback available.
RecoveringCommand short-circuited and no fallback available.
RecoveringCommand short-circuited and no fallback available.
RecoveringCommand short-circuited and no fallback available.
RecoveringCommand short-circuited and no fallback available.
RecoveringCommand short-circuited and no fallback available.
RecoveringCommand short-circuited and no fallback available.
RecoveringCommand short-circuited and no fallback available.
RecoveringCommand short-circuited and no fallback available.
RecoveringCommand short-circuited and no fallback available.
RecoveringCommand short-circuited and no fallback available.
RecoveringCommand short-circuited and no fallback available.
RecoveringCommand short-circuited and no fallback available.
RecoveringCommand short-circuited and no fallback available.
RecoveringCommand short-circuited and no fallback available.
RecoveringCommand short-circuited and no fallback available.
RecoveringCommand short-circuited and no fallback available.
RecoveringCommand short-circuited and no fallback available.
RecoveringCommand short-circuited and no fallback available.
RecoveringCommand short-circuited and no fallback available.
RecoveringCommand short-circuited and no fallback available.
RecoveringCommand short-circuited and no fallback available.
RecoveringCommand short-circuited and no fallback available.
RecoveringCommand short-circuited and no fallback available.
RecoveringCommand short-circuited and no fallback available.
RecoveringCommand short-circuited and no fallback available.
RecoveringCommand short-circuited and no fallback available.
RecoveringCommand short-circuited and no fallback available.
RecoveringCommand short-circuited and no fallback available.
RecoveringCommand short-circuited and no fallback available.
RecoveringCommand short-circuited and no fallback available.
RecoveringCommand short-circuited and no fallback available.
RecoveringCommand short-circuited and no fallback available.
RecoveringCommand short-circuited and no fallback available.
RecoveringCommand short-circuited and no fallback available.
RecoveringCommand short-circuited and no fallback available.
RecoveringCommand short-circuited and no fallback available.
RecoveringCommand short-circuited and no fallback available.
RecoveringCommand short-circuited and no fallback available.
RecoveringCommand short-circuited and no fallback available.
RecoveringCommand short-circuited and no fallback available.
RecoveringCommand short-circuited and no fallback available.
RecoveringCommand short-circuited and no fallback available.
RecoveringCommand short-circuited and no fallback available.
RecoveringCommand short-circuited and no fallback available.
RecoveringCommand short-circuited and no fallback available.
RecoveringCommand short-circuited and no fallback available.
RecoveringCommand short-circuited and no fallback available.
RecoveringCommand short-circuited and no fallback available.
RecoveringCommand short-circuited and no fallback available.
RecoveringCommand short-circuited and no fallback available.
RecoveringCommand short-circuited and no fallback available.
RecoveringCommand short-circuited and no fallback available.
RecoveringCommand short-circuited and no fallback available.
RecoveringCommand short-circuited and no fallback available.
RecoveringCommand short-circuited and no fallback available.
RecoveringCommand short-circuited and no fallback available.
RecoveringCommand short-circuited and no fallback available.
RecoveringCommand short-circuited and no fallback available.
RecoveringCommand short-circuited and no fallback available.
RecoveringCommand short-circuited and no fallback available.
RecoveringCommand short-circuited and no fallback available.
RecoveringCommand short-circuited and no fallback available.
RecoveringCommand short-circuited and no fallback available.
RecoveringCommand short-circuited and no fallback available.
RecoveringCommand short-circuited and no fallback available.
RecoveringCommand short-circuited and no fallback available.
RecoveringCommand short-circuited and no fallback available.
RecoveringCommand short-circuited and no fallback available.
RecoveringCommand short-circuited and no fallback available.
RecoveringCommand short-circuited and no fallback available.
RecoveringCommand short-circuited and no fallback available.
RecoveringCommand short-circuited and no fallback available.
RecoveringCommand short-circuited and no fallback available.
RecoveringCommand short-circuited and no fallback available.
RecoveringCommand short-circuited and no fallback available.
RecoveringCommand short-circuited and no fallback available.
RecoveringCommand short-circuited and no fallback available.
RecoveringCommand short-circuited and no fallback available.
RecoveringCommand short-circuited and no fallback available.
RecoveringCommand short-circuited and no fallback available.
RecoveringCommand short-circuited and no fallback available.
RecoveringCommand short-circuited and no fallback available.
RecoveringCommand short-circuited and no fallback available.
RecoveringCommand short-circuited and no fallback available.
RecoveringCommand short-circuited and no fallback available.
RecoveringCommand short-circuited and no fallback available.
RecoveringCommand short-circuited and no fallback available.
RecoveringCommand short-circuited and no fallback available.
RecoveringCommand short-circuited and no fallback available.
RecoveringCommand short-circuited and no fallback available.
RecoveringCommand short-circuited and no fallback available.
RecoveringCommand short-circuited and no fallback available.
RecoveringCommand short-circuited and no fallback available.
RecoveringCommand short-circuited and no fallback available.
RecoveringCommand short-circuited and no fallback available.
RecoveringCommand short-circuited and no fallback available.
RecoveringCommand short-circuited and no fallback available.
RecoveringCommand short-circuited and no fallback available.
RecoveringCommand short-circuited and no fallback available.
RecoveringCommand short-circuited and no fallback available.
RecoveringCommand short-circuited and no fallback available.
RecoveringCommand short-circuited and no fallback available.
RecoveringCommand short-circuited and no fallback available.
RecoveringCommand short-circuited and no fallback available.
RecoveringCommand short-circuited and no fallback available.
RecoveringCommand short-circuited and no fallback available.
RecoveringCommand short-circuited and no fallback available.
RecoveringCommand short-circuited and no fallback available.
RecoveringCommand short-circuited and no fallback available.
RecoveringCommand short-circuited and no fallback available.
RecoveringCommand short-circuited and no fallback available.
RecoveringCommand short-circuited and no fallback available.
RecoveringCommand short-circuited and no fallback available.
RecoveringCommand short-circuited and no fallback available.
RecoveringCommand short-circuited and no fallback available.
RecoveringCommand short-circuited and no fallback available.
RecoveringCommand short-circuited and no fallback available.
RecoveringCommand short-circuited and no fallback available.
RecoveringCommand short-circuited and no fallback available.
RecoveringCommand short-circuited and no fallback available.
RecoveringCommand short-circuited and no fallback available.
RecoveringCommand short-circuited and no fallback available.
RecoveringCommand short-circuited and no fallback available.
RecoveringCommand short-circuited and no fallback available.
RecoveringCommand short-circuited and no fallback available.
RecoveringCommand short-circuited and no fallback available.
RecoveringCommand short-circuited and no fallback available.
RecoveringCommand short-circuited and no fallback available.
RecoveringCommand short-circuited and no fallback available.
RecoveringCommand short-circuited and no fallback available.
RecoveringCommand short-circuited and no fallback available.
RecoveringCommand short-circuited and no fallback available.
RecoveringCommand short-circuited and no fallback available.
RecoveringCommand short-circuited and no fallback available.
RecoveringCommand short-circuited and no fallback available.
RecoveringCommand short-circuited and no fallback available.
RecoveringCommand short-circuited and no fallback available.
RecoveringCommand short-circuited and no fallback available.
RecoveringCommand short-circuited and no fallback available.
RecoveringCommand short-circuited and no fallback available.
RecoveringCommand short-circuited and no fallback available.
RecoveringCommand short-circuited and no fallback available.
RecoveringCommand short-circuited and no fallback available.
RecoveringCommand short-circuited and no fallback available.
RecoveringCommand short-circuited and no fallback available.
RecoveringCommand short-circuited and no fallback available.
RecoveringCommand short-circuited and no fallback available.
RecoveringCommand short-circuited and no fallback available.
RecoveringCommand short-circuited and no fallback available.
RecoveringCommand short-circuited and no fallback available.
RecoveringCommand short-circuited and no fallback available.
RecoveringCommand short-circuited and no fallback available.
RecoveringCommand short-circuited and no fallback available.
RecoveringCommand short-circuited and no fallback available.
RecoveringCommand short-circuited and no fallback available.
RecoveringCommand short-circuited and no fallback available.
RecoveringCommand short-circuited and no fallback available.
RecoveringCommand short-circuited and no fallback available.
RecoveringCommand short-circuited and no fallback available.
RecoveringCommand short-circuited and no fallback available.
RecoveringCommand short-circuited and no fallback available.
RecoveringCommand short-circuited and no fallback available.
RecoveringCommand short-circuited and no fallback available.
RecoveringCommand short-circuited and no fallback available.
RecoveringCommand short-circuited and no fallback available.
RecoveringCommand short-circuited and no fallback available.
RecoveringCommand short-circuited and no fallback available.
RecoveringCommand short-circuited and no fallback available.
RecoveringCommand short-circuited and no fallback available.
RecoveringCommand short-circuited and no fallback available.
RecoveringCommand short-circuited and no fallback available.
RecoveringCommand short-circuited and no fallback available.
RecoveringCommand short-circuited and no fallback available.
RecoveringCommand short-circuited and no fallback available.
RecoveringCommand short-circuited and no fallback available.
RecoveringCommand short-circuited and no fallback available.
RecoveringCommand short-circuited and no fallback available.
RecoveringCommand short-circuited and no fallback available.
RecoveringCommand short-circuited and no fallback available.
RecoveringCommand short-circuited and no fallback available.
RecoveringCommand short-circuited and no fallback available.
RecoveringCommand short-circuited and no fallback available.
RecoveringCommand short-circuited and no fallback available.
RecoveringCommand short-circuited and no fallback available.
RecoveringCommand short-circuited and no fallback available.
RecoveringCommand short-circuited and no fallback available.
RecoveringCommand short-circuited and no fallback available.
RecoveringCommand short-circuited and no fallback available.
RecoveringCommand short-circuited and no fallback available.
RecoveringCommand short-circuited and no fallback available.
RecoveringCommand short-circuited and no fallback available.
RecoveringCommand short-circuited and no fallback available.
RecoveringCommand short-circuited and no fallback available.
RecoveringCommand short-circuited and no fallback available.
RecoveringCommand short-circuited and no fallback available.
RecoveringCommand short-circuited and no fallback available.
RecoveringCommand short-circuited and no fallback available.
RecoveringCommand short-circuited and no fallback available.
RecoveringCommand short-circuited and no fallback available.
RecoveringCommand short-circuited and no fallback available.
RecoveringCommand short-circuited and no fallback available.
RecoveringCommand short-circuited and no fallback available.
RecoveringCommand short-circuited and no fallback available.
RecoveringCommand short-circuited and no fallback available.
RecoveringCommand short-circuited and no fallback available.
RecoveringCommand short-circuited and no fallback available.
RecoveringCommand short-circuited and no fallback available.
RecoveringCommand short-circuited and no fallback available.
RecoveringCommand short-circuited and no fallback available.
RecoveringCommand short-circuited and no fallback available.
RecoveringCommand short-circuited and no fallback available.
RecoveringCommand short-circuited and no fallback available.
RecoveringCommand short-circuited and no fallback available.
RecoveringCommand short-circuited and no fallback available.
RecoveringCommand short-circuited and no fallback available.
RecoveringCommand short-circuited and no fallback available.
RecoveringCommand short-circuited and no fallback available.
RecoveringCommand short-circuited and no fallback available.
RecoveringCommand short-circuited and no fallback available.
RecoveringCommand short-circuited and no fallback available.
RecoveringCommand short-circuited and no fallback available.
RecoveringCommand short-circuited and no fallback available.
RecoveringCommand short-circuited and no fallback available.
RecoveringCommand short-circuited and no fallback available.
RecoveringCommand short-circuited and no fallback available.
RecoveringCommand short-circuited and no fallback available.
RecoveringCommand short-circuited and no fallback available.
RecoveringCommand short-circuited and no fallback available.
RecoveringCommand short-circuited and no fallback available.
RecoveringCommand short-circuited and no fallback available.
RecoveringCommand short-circuited and no fallback available.
RecoveringCommand short-circuited and no fallback available.
RecoveringCommand short-circuited and no fallback available.
RecoveringCommand short-circuited and no fallback available.
RecoveringCommand short-circuited and no fallback available.
RecoveringCommand short-circuited and no fallback available.
RecoveringCommand short-circuited and no fallback available.
RecoveringCommand short-circuited and no fallback available.
RecoveringCommand short-circuited and no fallback available.
RecoveringCommand short-circuited and no fallback available.
RecoveringCommand short-circuited and no fallback available.
RecoveringCommand short-circuited and no fallback available.
RecoveringCommand short-circuited and no fallback available.
RecoveringCommand short-circuited and no fallback available.
RecoveringCommand short-circuited and no fallback available.
RecoveringCommand short-circuited and no fallback available.
RecoveringCommand short-circuited and no fallback available.
RecoveringCommand short-circuited and no fallback available.
RecoveringCommand short-circuited and no fallback available.
RecoveringCommand short-circuited and no fallback available.
RecoveringCommand short-circuited and no fallback available.
RecoveringCommand short-circuited and no fallback available.
RecoveringCommand short-circuited and no fallback available.
RecoveringCommand short-circuited and no fallback available.
RecoveringCommand short-circuited and no fallback available.
RecoveringCommand short-circuited and no fallback available.
RecoveringCommand short-circuited and no fallback available.
RecoveringCommand short-circuited and no fallback available.
RecoveringCommand short-circuited and no fallback available.
RecoveringCommand short-circuited and no fallback available.
RecoveringCommand short-circuited and no fallback available.
RecoveringCommand short-circuited and no fallback available.
RecoveringCommand short-circuited and no fallback available.
RecoveringCommand short-circuited and no fallback available.
RecoveringCommand short-circuited and no fallback available.
RecoveringCommand short-circuited and no fallback available.
RecoveringCommand short-circuited and no fallback available.
RecoveringCommand short-circuited and no fallback available.
RecoveringCommand short-circuited and no fallback available.
RecoveringCommand short-circuited and no fallback available.
RecoveringCommand short-circuited and no fallback available.
RecoveringCommand short-circuited and no fallback available.
RecoveringCommand short-circuited and no fallback available.
RecoveringCommand short-circuited and no fallback available.
RecoveringCommand short-circuited and no fallback available.
RecoveringCommand short-circuited and no fallback available.
RecoveringCommand short-circuited and no fallback available.
RecoveringCommand short-circuited and no fallback available.
RecoveringCommand short-circuited and no fallback available.
RecoveringCommand short-circuited and no fallback available.
RecoveringCommand short-circuited and no fallback available.
RecoveringCommand short-circuited and no fallback available.
RecoveringCommand short-circuited and no fallback available.
RecoveringCommand short-circuited and no fallback available.
RecoveringCommand short-circuited and no fallback available.
RecoveringCommand short-circuited and no fallback available.
RecoveringCommand short-circuited and no fallback available.
RecoveringCommand short-circuited and no fallback available.
RecoveringCommand short-circuited and no fallback available.
RecoveringCommand short-circuited and no fallback available.
RecoveringCommand short-circuited and no fallback available.
RecoveringCommand short-circuited and no fallback available.
RecoveringCommand short-circuited and no fallback available.
RecoveringCommand short-circuited and no fallback available.
RecoveringCommand short-circuited and no fallback available.
RecoveringCommand short-circuited and no fallback available.
RecoveringCommand short-circuited and no fallback available.
RecoveringCommand short-circuited and no fallback available.
RecoveringCommand short-circuited and no fallback available.
RecoveringCommand short-circuited and no fallback available.
RecoveringCommand short-circuited and no fallback available.
RecoveringCommand short-circuited and no fallback available.
RecoveringCommand short-circuited and no fallback available.
RecoveringCommand short-circuited and no fallback available.
RecoveringCommand short-circuited and no fallback available.
RecoveringCommand short-circuited and no fallback available.
RecoveringCommand short-circuited and no fallback available.
RecoveringCommand short-circuited and no fallback available.
RecoveringCommand short-circuited and no fallback available.
RecoveringCommand short-circuited and no fallback available.
RecoveringCommand short-circuited and no fallback available.
RecoveringCommand short-circuited and no fallback available.
RecoveringCommand short-circuited and no fallback available.
RecoveringCommand short-circuited and no fallback available.
RecoveringCommand short-circuited and no fallback available.
RecoveringCommand short-circuited and no fallback available.
RecoveringCommand short-circuited and no fallback available.
RecoveringCommand short-circuited and no fallback available.
RecoveringCommand short-circuited and no fallback available.
RecoveringCommand short-circuited and no fallback available.
RecoveringCommand short-circuited and no fallback available.
RecoveringCommand short-circuited and no fallback available.
RecoveringCommand short-circuited and no fallback available.
RecoveringCommand short-circuited and no fallback available.
RecoveringCommand short-circuited and no fallback available.
RecoveringCommand short-circuited and no fallback available.
RecoveringCommand short-circuited and no fallback available.
RecoveringCommand short-circuited and no fallback available.
RecoveringCommand short-circuited and no fallback available.
RecoveringCommand short-circuited and no fallback available.
RecoveringCommand short-circuited and no fallback available.
RecoveringCommand short-circuited and no fallback available.
RecoveringCommand short-circuited and no fallback available.
RecoveringCommand short-circuited and no fallback available.
RecoveringCommand short-circuited and no fallback available.
RecoveringCommand short-circuited and no fallback available.
RecoveringCommand short-circuited and no fallback available.
RecoveringCommand short-circuited and no fallback available.
RecoveringCommand short-circuited and no fallback available.
RecoveringCommand short-circuited and no fallback available.
RecoveringCommand short-circuited and no fallback available.
RecoveringCommand short-circuited and no fallback available.
RecoveringCommand short-circuited and no fallback available.
RecoveringCommand short-circuited and no fallback available.
RecoveringCommand short-circuited and no fallback available.
RecoveringCommand short-circuited and no fallback available.
RecoveringCommand short-circuited and no fallback available.
RecoveringCommand short-circuited and no fallback available.
RecoveringCommand short-circuited and no fallback available.
RecoveringCommand short-circuited and no fallback available.
RecoveringCommand short-circuited and no fallback available.
RecoveringCommand short-circuited and no fallback available.
RecoveringCommand short-circuited and no fallback available.
RecoveringCommand short-circuited and no fallback available.
RecoveringCommand short-circuited and no fallback available.
RecoveringCommand short-circuited and no fallback available.
RecoveringCommand short-circuited and no fallback available.
RecoveringCommand short-circuited and no fallback available.
RecoveringCommand short-circuited and no fallback available.
RecoveringCommand short-circuited and no fallback available.
RecoveringCommand short-circuited and no fallback available.
RecoveringCommand short-circuited and no fallback available.
RecoveringCommand short-circuited and no fallback available.
RecoveringCommand short-circuited and no fallback available.
RecoveringCommand short-circuited and no fallback available.
RecoveringCommand short-circuited and no fallback available.
RecoveringCommand short-circuited and no fallback available.
RecoveringCommand short-circuited and no fallback available.
RecoveringCommand short-circuited and no fallback available.
RecoveringCommand short-circuited and no fallback available.
RecoveringCommand short-circuited and no fallback available.
RecoveringCommand short-circuited and no fallback available.
RecoveringCommand short-circuited and no fallback available.
RecoveringCommand short-circuited and no fallback available.
RecoveringCommand short-circuited and no fallback available.
RecoveringCommand short-circuited and no fallback available.
RecoveringCommand short-circuited and no fallback available.
RecoveringCommand short-circuited and no fallback available.
RecoveringCommand short-circuited and no fallback available.
RecoveringCommand short-circuited and no fallback available.
RecoveringCommand short-circuited and no fallback available.
RecoveringCommand short-circuited and no fallback available.
RecoveringCommand short-circuited and no fallback available.
RecoveringCommand short-circuited and no fallback available.
RecoveringCommand short-circuited and no fallback available.
RecoveringCommand short-circuited and no fallback available.
RecoveringCommand short-circuited and no fallback available.
RecoveringCommand short-circuited and no fallback available.
RecoveringCommand short-circuited and no fallback available.
RecoveringCommand short-circuited and no fallback available.
RecoveringCommand short-circuited and no fallback available.
RecoveringCommand short-circuited and no fallback available.
RecoveringCommand short-circuited and no fallback available.
RecoveringCommand short-circuited and no fallback available.
RecoveringCommand short-circuited and no fallback available.
RecoveringCommand short-circuited and no fallback available.
RecoveringCommand short-circuited and no fallback available.
RecoveringCommand short-circuited and no fallback available.
RecoveringCommand short-circuited and no fallback available.
RecoveringCommand short-circuited and no fallback available.
RecoveringCommand short-circuited and no fallback available.
RecoveringCommand short-circuited and no fallback available.
RecoveringCommand short-circuited and no fallback available.
RecoveringCommand short-circuited and no fallback available.
RecoveringCommand short-circuited and no fallback available.
RecoveringCommand short-circuited and no fallback available.
RecoveringCommand short-circuited and no fallback available.
RecoveringCommand short-circuited and no fallback available.
RecoveringCommand short-circuited and no fallback available.
RecoveringCommand short-circuited and no fallback available.
RecoveringCommand short-circuited and no fallback available.
RecoveringCommand short-circuited and no fallback available.
RecoveringCommand short-circuited and no fallback available.
RecoveringCommand short-circuited and no fallback available.
RecoveringCommand short-circuited and no fallback available.
RecoveringCommand short-circuited and no fallback available.
RecoveringCommand short-circuited and no fallback available.
RecoveringCommand short-circuited and no fallback available.
RecoveringCommand short-circuited and no fallback available.
RecoveringCommand short-circuited and no fallback available.
RecoveringCommand short-circuited and no fallback available.
RecoveringCommand short-circuited and no fallback available.
RecoveringCommand short-circuited and no fallback available.
RecoveringCommand short-circuited and no fallback available.
RecoveringCommand short-circuited and no fallback available.
RecoveringCommand short-circuited and no fallback available.
RecoveringCommand short-circuited and no fallback available.
RecoveringCommand short-circuited and no fallback available.
RecoveringCommand short-circuited and no fallback available.
RecoveringCommand short-circuited and no fallback available.
RecoveringCommand short-circuited and no fallback available.
RecoveringCommand short-circuited and no fallback available.
RecoveringCommand short-circuited and no fallback available.
RecoveringCommand short-circuited and no fallback available.
RecoveringCommand short-circuited and no fallback available.
RecoveringCommand short-circuited and no fallback available.
RecoveringCommand short-circuited and no fallback available.
RecoveringCommand short-circuited and no fallback available.
RecoveringCommand short-circuited and no fallback available.
RecoveringCommand short-circuited and no fallback available.
RecoveringCommand short-circuited and no fallback available.
RecoveringCommand short-circuited and no fallback available.
RecoveringCommand short-circuited and no fallback available.
RecoveringCommand short-circuited and no fallback available.
RecoveringCommand short-circuited and no fallback available.
RecoveringCommand short-circuited and no fallback available.
RecoveringCommand short-circuited and no fallback available.
RecoveringCommand short-circuited and no fallback available.
RecoveringCommand short-circuited and no fallback available.
RecoveringCommand short-circuited and no fallback available.
RecoveringCommand short-circuited and no fallback available.
RecoveringCommand short-circuited and no fallback available.
RecoveringCommand short-circuited and no fallback available.
RecoveringCommand short-circuited and no fallback available.
RecoveringCommand short-circuited and no fallback available.
RecoveringCommand short-circuited and no fallback available.
RecoveringCommand short-circuited and no fallback available.
RecoveringCommand short-circuited and no fallback available.
RecoveringCommand short-circuited and no fallback available.
RecoveringCommand short-circuited and no fallback available.
RecoveringCommand short-circuited and no fallback available.
RecoveringCommand short-circuited and no fallback available.
RecoveringCommand short-circuited and no fallback available.
RecoveringCommand short-circuited and no fallback available.
RecoveringCommand short-circuited and no fallback available.
RecoveringCommand short-circuited and no fallback available.
RecoveringCommand short-circuited and no fallback available.
RecoveringCommand short-circuited and no fallback available.
RecoveringCommand short-circuited and no fallback available.
RecoveringCommand short-circuited and no fallback available.
RecoveringCommand short-circuited and no fallback available.
RecoveringCommand short-circuited and no fallback available.
RecoveringCommand short-circuited and no fallback available.
RecoveringCommand short-circuited and no fallback available.
RecoveringCommand short-circuited and no fallback available.
RecoveringCommand short-circuited and no fallback available.
RecoveringCommand short-circuited and no fallback available.
RecoveringCommand short-circuited and no fallback available.
RecoveringCommand short-circuited and no fallback available.
RecoveringCommand short-circuited and no fallback available.
RecoveringCommand short-circuited and no fallback available.
RecoveringCommand short-circuited and no fallback available.
RecoveringCommand short-circuited and no fallback available.
RecoveringCommand short-circuited and no fallback available.
RecoveringCommand short-circuited and no fallback available.
RecoveringCommand short-circuited and no fallback available.
RecoveringCommand short-circuited and no fallback available.
RecoveringCommand short-circuited and no fallback available.
RecoveringCommand short-circuited and no fallback available.
RecoveringCommand short-circuited and no fallback available.
RecoveringCommand short-circuited and no fallback available.
RecoveringCommand short-circuited and no fallback available.
RecoveringCommand short-circuited and no fallback available.
RecoveringCommand short-circuited and no fallback available.
RecoveringCommand short-circuited and no fallback available.
RecoveringCommand short-circuited and no fallback available.
RecoveringCommand short-circuited and no fallback available.
RecoveringCommand short-circuited and no fallback available.
RecoveringCommand short-circuited and no fallback available.
RecoveringCommand short-circuited and no fallback available.
RecoveringCommand short-circuited and no fallback available.
RecoveringCommand short-circuited and no fallback available.
RecoveringCommand short-circuited and no fallback available.
RecoveringCommand short-circuited and no fallback available.
RecoveringCommand short-circuited and no fallback available.
RecoveringCommand short-circuited and no fallback available.
RecoveringCommand short-circuited and no fallback available.
RecoveringCommand short-circuited and no fallback available.
RecoveringCommand short-circuited and no fallback available.
RecoveringCommand short-circuited and no fallback available.
RecoveringCommand short-circuited and no fallback available.
RecoveringCommand short-circuited and no fallback available.
RecoveringCommand short-circuited and no fallback available.
RecoveringCommand short-circuited and no fallback available.
RecoveringCommand short-circuited and no fallback available.
RecoveringCommand short-circuited and no fallback available.
RecoveringCommand short-circuited and no fallback available.
RecoveringCommand short-circuited and no fallback available.
RecoveringCommand short-circuited and no fallback available.
RecoveringCommand short-circuited and no fallback available.
RecoveringCommand short-circuited and no fallback available.
RecoveringCommand short-circuited and no fallback available.
RecoveringCommand short-circuited and no fallback available.
RecoveringCommand short-circuited and no fallback available.
RecoveringCommand short-circuited and no fallback available.
RecoveringCommand short-circuited and no fallback available.
RecoveringCommand short-circuited and no fallback available.
RecoveringCommand short-circuited and no fallback available.
RecoveringCommand short-circuited and no fallback available.
RecoveringCommand short-circuited and no fallback available.
RecoveringCommand short-circuited and no fallback available.
RecoveringCommand short-circuited and no fallback available.
RecoveringCommand short-circuited and no fallback available.
RecoveringCommand short-circuited and no fallback available.
RecoveringCommand short-circuited and no fallback available.
RecoveringCommand short-circuited and no fallback available.
RecoveringCommand short-circuited and no fallback available.
RecoveringCommand short-circuited and no fallback available.
RecoveringCommand short-circuited and no fallback available.
RecoveringCommand short-circuited and no fallback available.
RecoveringCommand short-circuited and no fallback available.
RecoveringCommand short-circuited and no fallback available.
RecoveringCommand short-circuited and no fallback available.
RecoveringCommand short-circuited and no fallback available.
RecoveringCommand short-circuited and no fallback available.
RecoveringCommand short-circuited and no fallback available.
RecoveringCommand short-circuited and no fallback available.
RecoveringCommand short-circuited and no fallback available.
RecoveringCommand short-circuited and no fallback available.
RecoveringCommand short-circuited and no fallback available.
RecoveringCommand short-circuited and no fallback available.
RecoveringCommand short-circuited and no fallback available.
RecoveringCommand short-circuited and no fallback available.
RecoveringCommand short-circuited and no fallback available.
RecoveringCommand short-circuited and no fallback available.
RecoveringCommand short-circuited and no fallback available.
RecoveringCommand short-circuited and no fallback available.
RecoveringCommand short-circuited and no fallback available.
RecoveringCommand short-circuited and no fallback available.
RecoveringCommand short-circuited and no fallback available.
RecoveringCommand short-circuited and no fallback available.
RecoveringCommand short-circuited and no fallback available.
RecoveringCommand short-circuited and no fallback available.
RecoveringCommand short-circuited and no fallback available.
RecoveringCommand short-circuited and no fallback available.
RecoveringCommand short-circuited and no fallback available.
RecoveringCommand short-circuited and no fallback available.
RecoveringCommand short-circuited and no fallback available.
RecoveringCommand short-circuited and no fallback available.
RecoveringCommand short-circuited and no fallback available.
RecoveringCommand short-circuited and no fallback available.
RecoveringCommand short-circuited and no fallback available.
RecoveringCommand short-circuited and no fallback available.
RecoveringCommand short-circuited and no fallback available.
RecoveringCommand short-circuited and no fallback available.
RecoveringCommand short-circuited and no fallback available.
RecoveringCommand short-circuited and no fallback available.
RecoveringCommand short-circuited and no fallback available.
RecoveringCommand short-circuited and no fallback available.
RecoveringCommand short-circuited and no fallback available.
RecoveringCommand short-circuited and no fallback available.
RecoveringCommand short-circuited and no fallback available.
RecoveringCommand short-circuited and no fallback available.
RecoveringCommand short-circuited and no fallback available.
RecoveringCommand short-circuited and no fallback available.
RecoveringCommand short-circuited and no fallback available.
RecoveringCommand short-circuited and no fallback available.
RecoveringCommand short-circuited and no fallback available.
RecoveringCommand short-circuited and no fallback available.
RecoveringCommand short-circuited and no fallback available.
RecoveringCommand short-circuited and no fallback available.
RecoveringCommand short-circuited and no fallback available.
RecoveringCommand short-circuited and no fallback available.
RecoveringCommand short-circuited and no fallback available.
RecoveringCommand short-circuited and no fallback available.
RecoveringCommand short-circuited and no fallback available.
RecoveringCommand short-circuited and no fallback available.
RecoveringCommand short-circuited and no fallback available.
RecoveringCommand short-circuited and no fallback available.
RecoveringCommand short-circuited and no fallback available.
RecoveringCommand short-circuited and no fallback available.
RecoveringCommand short-circuited and no fallback available.
RecoveringCommand short-circuited and no fallback available.
RecoveringCommand short-circuited and no fallback available.
RecoveringCommand short-circuited and no fallback available.
RecoveringCommand short-circuited and no fallback available.
RecoveringCommand short-circuited and no fallback available.
RecoveringCommand short-circuited and no fallback available.
RecoveringCommand short-circuited and no fallback available.
RecoveringCommand short-circuited and no fallback available.
RecoveringCommand short-circuited and no fallback available.
RecoveringCommand short-circuited and no fallback available.
RecoveringCommand short-circuited and no fallback available.
RecoveringCommand short-circuited and no fallback available.
RecoveringCommand short-circuited and no fallback available.
RecoveringCommand short-circuited and no fallback available.
RecoveringCommand short-circuited and no fallback available.
RecoveringCommand short-circuited and no fallback available.
RecoveringCommand short-circuited and no fallback available.
RecoveringCommand short-circuited and no fallback available.
RecoveringCommand short-circuited and no fallback available.
RecoveringCommand short-circuited and no fallback available.
RecoveringCommand short-circuited and no fallback available.
RecoveringCommand short-circuited and no fallback available.
RecoveringCommand short-circuited and no fallback available.
RecoveringCommand short-circuited and no fallback available.
RecoveringCommand short-circuited and no fallback available.
RecoveringCommand short-circuited and no fallback available.
RecoveringCommand short-circuited and no fallback available.
RecoveringCommand short-circuited and no fallback available.
RecoveringCommand short-circuited and no fallback available.
RecoveringCommand short-circuited and no fallback available.
RecoveringCommand short-circuited and no fallback available.
RecoveringCommand short-circuited and no fallback available.
RecoveringCommand short-circuited and no fallback available.
RecoveringCommand short-circuited and no fallback available.
RecoveringCommand short-circuited and no fallback available.
RecoveringCommand short-circuited and no fallback available.
RecoveringCommand short-circuited and no fallback available.
RecoveringCommand short-circuited and no fallback available.
RecoveringCommand short-circuited and no fallback available.
RecoveringCommand short-circuited and no fallback available.
RecoveringCommand short-circuited and no fallback available.
RecoveringCommand short-circuited and no fallback available.
RecoveringCommand short-circuited and no fallback available.
RecoveringCommand short-circuited and no fallback available.
RecoveringCommand short-circuited and no fallback available.
RecoveringCommand short-circuited and no fallback available.
RecoveringCommand short-circuited and no fallback available.
RecoveringCommand short-circuited and no fallback available.
RecoveringCommand short-circuited and no fallback available.
RecoveringCommand short-circuited and no fallback available.
RecoveringCommand short-circuited and no fallback available.
RecoveringCommand short-circuited and no fallback available.
RecoveringCommand short-circuited and no fallback available.
RecoveringCommand short-circuited and no fallback available.
RecoveringCommand short-circuited and no fallback available.
RecoveringCommand short-circuited and no fallback available.
RecoveringCommand short-circuited and no fallback available.
RecoveringCommand short-circuited and no fallback available.
RecoveringCommand short-circuited and no fallback available.
RecoveringCommand short-circuited and no fallback available.
RecoveringCommand short-circuited and no fallback available.
RecoveringCommand short-circuited and no fallback available.
RecoveringCommand short-circuited and no fallback available.
RecoveringCommand short-circuited and no fallback available.
RecoveringCommand short-circuited and no fallback available.
RecoveringCommand short-circuited and no fallback available.
RecoveringCommand short-circuited and no fallback available.
RecoveringCommand short-circuited and no fallback available.
RecoveringCommand short-circuited and no fallback available.
RecoveringCommand short-circuited and no fallback available.
RecoveringCommand short-circuited and no fallback available.
RecoveringCommand short-circuited and no fallback available.
RecoveringCommand short-circuited and no fallback available.
RecoveringCommand short-circuited and no fallback available.
RecoveringCommand short-circuited and no fallback available.
RecoveringCommand short-circuited and no fallback available.
RecoveringCommand short-circuited and no fallback available.
RecoveringCommand short-circuited and no fallback available.
RecoveringCommand short-circuited and no fallback available.
RecoveringCommand short-circuited and no fallback available.
RecoveringCommand short-circuited and no fallback available.
RecoveringCommand short-circuited and no fallback available.
RecoveringCommand short-circuited and no fallback available.
RecoveringCommand short-circuited and no fallback available.
RecoveringCommand short-circuited and no fallback available.
RecoveringCommand short-circuited and no fallback available.
RecoveringCommand short-circuited and no fallback available.
RecoveringCommand short-circuited and no fallback available.
RecoveringCommand short-circuited and no fallback available.
RecoveringCommand short-circuited and no fallback available.
RecoveringCommand short-circuited and no fallback available.
RecoveringCommand short-circuited and no fallback available.
RecoveringCommand short-circuited and no fallback available.
RecoveringCommand short-circuited and no fallback available.
RecoveringCommand short-circuited and no fallback available.
RecoveringCommand short-circuited and no fallback available.
RecoveringCommand short-circuited and no fallback available.
RecoveringCommand short-circuited and no fallback available.
RecoveringCommand short-circuited and no fallback available.
RecoveringCommand short-circuited and no fallback available.
RecoveringCommand short-circuited and no fallback available.
RecoveringCommand short-circuited and no fallback available.
RecoveringCommand short-circuited and no fallback available.
RecoveringCommand short-circuited and no fallback available.
RecoveringCommand short-circuited and no fallback available.
RecoveringCommand short-circuited and no fallback available.
RecoveringCommand short-circuited and no fallback available.
RecoveringCommand short-circuited and no fallback available.
RecoveringCommand short-circuited and no fallback available.
RecoveringCommand short-circuited and no fallback available.
RecoveringCommand short-circuited and no fallback available.
RecoveringCommand short-circuited and no fallback available.
RecoveringCommand short-circuited and no fallback available.
RecoveringCommand short-circuited and no fallback available.
RecoveringCommand short-circuited and no fallback available.
RecoveringCommand short-circuited and no fallback available.
RecoveringCommand short-circuited and no fallback available.
RecoveringCommand short-circuited and no fallback available.
RecoveringCommand short-circuited and no fallback available.
RecoveringCommand short-circuited and no fallback available.
RecoveringCommand short-circuited and no fallback available.
RecoveringCommand short-circuited and no fallback available.
RecoveringCommand short-circuited and no fallback available.
RecoveringCommand short-circuited and no fallback available.
RecoveringCommand short-circuited and no fallback available.
RecoveringCommand short-circuited and no fallback available.
RecoveringCommand short-circuited and no fallback available.
RecoveringCommand short-circuited and no fallback available.
RecoveringCommand short-circuited and no fallback available.
RecoveringCommand short-circuited and no fallback available.
RecoveringCommand short-circuited and no fallback available.
RecoveringCommand short-circuited and no fallback available.
RecoveringCommand short-circuited and no fallback available.
RecoveringCommand short-circuited and no fallback available.
RecoveringCommand short-circuited and no fallback available.
RecoveringCommand short-circuited and no fallback available.
RecoveringCommand short-circuited and no fallback available.
RecoveringCommand short-circuited and no fallback available.
RecoveringCommand short-circuited and no fallback available.
RecoveringCommand short-circuited and no fallback available.
RecoveringCommand short-circuited and no fallback available.
RecoveringCommand short-circuited and no fallback available.
RecoveringCommand short-circuited and no fallback available.
RecoveringCommand short-circuited and no fallback available.
RecoveringCommand short-circuited and no fallback available.
RecoveringCommand short-circuited and no fallback available.
RecoveringCommand short-circuited and no fallback available.
RecoveringCommand short-circuited and no fallback available.
RecoveringCommand short-circuited and no fallback available.
RecoveringCommand short-circuited and no fallback available.
RecoveringCommand short-circuited and no fallback available.
RecoveringCommand short-circuited and no fallback available.
RecoveringCommand short-circuited and no fallback available.
RecoveringCommand short-circuited and no fallback available.
RecoveringCommand short-circuited and no fallback available.
RecoveringCommand short-circuited and no fallback available.
RecoveringCommand short-circuited and no fallback available.
RecoveringCommand short-circuited and no fallback available.
RecoveringCommand short-circuited and no fallback available.
RecoveringCommand short-circuited and no fallback available.
RecoveringCommand short-circuited and no fallback available.
RecoveringCommand short-circuited and no fallback available.
RecoveringCommand short-circuited and no fallback available.
RecoveringCommand short-circuited and no fallback available.
RecoveringCommand short-circuited and no fallback available.
RecoveringCommand short-circuited and no fallback available.
RecoveringCommand short-circuited and no fallback available.
RecoveringCommand short-circuited and no fallback available.
RecoveringCommand short-circuited and no fallback available.
RecoveringCommand short-circuited and no fallback available.
RecoveringCommand short-circuited and no fallback available.
RecoveringCommand short-circuited and no fallback available.
RecoveringCommand short-circuited and no fallback available.
RecoveringCommand short-circuited and no fallback available.
RecoveringCommand short-circuited and no fallback available.
RecoveringCommand short-circuited and no fallback available.
RecoveringCommand short-circuited and no fallback available.
RecoveringCommand short-circuited and no fallback available.
RecoveringCommand short-circuited and no fallback available.
RecoveringCommand short-circuited and no fallback available.
RecoveringCommand short-circuited and no fallback available.
RecoveringCommand short-circuited and no fallback available.
RecoveringCommand short-circuited and no fallback available.
RecoveringCommand short-circuited and no fallback available.
RecoveringCommand short-circuited and no fallback available.
RecoveringCommand short-circuited and no fallback available.
RecoveringCommand short-circuited and no fallback available.
RecoveringCommand short-circuited and no fallback available.
RecoveringCommand short-circuited and no fallback available.
RecoveringCommand short-circuited and no fallback available.
RecoveringCommand short-circuited and no fallback available.
RecoveringCommand short-circuited and no fallback available.
RecoveringCommand short-circuited and no fallback available.
RecoveringCommand short-circuited and no fallback available.
RecoveringCommand short-circuited and no fallback available.
RecoveringCommand short-circuited and no fallback available.
RecoveringCommand short-circuited and no fallback available.
RecoveringCommand short-circuited and no fallback available.
RecoveringCommand short-circuited and no fallback available.
RecoveringCommand short-circuited and no fallback available.
RecoveringCommand short-circuited and no fallback available.
RecoveringCommand short-circuited and no fallback available.
RecoveringCommand short-circuited and no fallback available.
RecoveringCommand short-circuited and no fallback available.
RecoveringCommand short-circuited and no fallback available.
RecoveringCommand short-circuited and no fallback available.
RecoveringCommand short-circuited and no fallback available.
RecoveringCommand short-circuited and no fallback available.
RecoveringCommand short-circuited and no fallback available.
RecoveringCommand short-circuited and no fallback available.
RecoveringCommand short-circuited and no fallback available.
RecoveringCommand short-circuited and no fallback available.
RecoveringCommand short-circuited and no fallback available.
RecoveringCommand short-circuited and no fallback available.
RecoveringCommand short-circuited and no fallback available.
RecoveringCommand short-circuited and no fallback available.
RecoveringCommand short-circuited and no fallback available.
RecoveringCommand short-circuited and no fallback available.
RecoveringCommand short-circuited and no fallback available.
RecoveringCommand short-circuited and no fallback available.
RecoveringCommand short-circuited and no fallback available.
RecoveringCommand short-circuited and no fallback available.
RecoveringCommand short-circuited and no fallback available.
RecoveringCommand short-circuited and no fallback available.
RecoveringCommand short-circuited and no fallback available.
RecoveringCommand short-circuited and no fallback available.
RecoveringCommand short-circuited and no fallback available.
RecoveringCommand short-circuited and no fallback available.
RecoveringCommand short-circuited and no fallback available.
RecoveringCommand short-circuited and no fallback available.
RecoveringCommand short-circuited and no fallback available.
RecoveringCommand short-circuited and no fallback available.
RecoveringCommand short-circuited and no fallback available.
RecoveringCommand short-circuited and no fallback available.
RecoveringCommand short-circuited and no fallback available.
RecoveringCommand short-circuited and no fallback available.
RecoveringCommand short-circuited and no fallback available.
RecoveringCommand short-circuited and no fallback available.
RecoveringCommand short-circuited and no fallback available.
RecoveringCommand short-circuited and no fallback available.
RecoveringCommand short-circuited and no fallback available.
RecoveringCommand short-circuited and no fallback available.
RecoveringCommand short-circuited and no fallback available.
RecoveringCommand short-circuited and no fallback available.
RecoveringCommand short-circuited and no fallback available.
RecoveringCommand short-circuited and no fallback available.
RecoveringCommand short-circuited and no fallback available.
RecoveringCommand short-circuited and no fallback available.
RecoveringCommand short-circuited and no fallback available.
RecoveringCommand short-circuited and no fallback available.
RecoveringCommand short-circuited and no fallback available.
RecoveringCommand short-circuited and no fallback available.
RecoveringCommand short-circuited and no fallback available.
RecoveringCommand short-circuited and no fallback available.
RecoveringCommand short-circuited and no fallback available.
RecoveringCommand short-circuited and no fallback available.
RecoveringCommand short-circuited and no fallback available.
RecoveringCommand short-circuited and no fallback available.
RecoveringCommand short-circuited and no fallback available.
RecoveringCommand short-circuited and no fallback available.
RecoveringCommand short-circuited and no fallback available.
RecoveringCommand short-circuited and no fallback available.
RecoveringCommand short-circuited and no fallback available.
RecoveringCommand short-circuited and no fallback available.
RecoveringCommand short-circuited and no fallback available.
RecoveringCommand short-circuited and no fallback available.
RecoveringCommand short-circuited and no fallback available.
RecoveringCommand short-circuited and no fallback available.
RecoveringCommand short-circuited and no fallback available.
RecoveringCommand short-circuited and no fallback available.
RecoveringCommand short-circuited and no fallback available.
RecoveringCommand short-circuited and no fallback available.
RecoveringCommand short-circuited and no fallback available.
RecoveringCommand short-circuited and no fallback available.
RecoveringCommand short-circuited and no fallback available.
RecoveringCommand short-circuited and no fallback available.
RecoveringCommand short-circuited and no fallback available.
RecoveringCommand short-circuited and no fallback available.
RecoveringCommand short-circuited and no fallback available.
RecoveringCommand short-circuited and no fallback available.
RecoveringCommand short-circuited and no fallback available.
RecoveringCommand short-circuited and no fallback available.
RecoveringCommand short-circuited and no fallback available.
RecoveringCommand short-circuited and no fallback available.
RecoveringCommand short-circuited and no fallback available.
RecoveringCommand short-circuited and no fallback available.
RecoveringCommand short-circuited and no fallback available.
RecoveringCommand short-circuited and no fallback available.
RecoveringCommand short-circuited and no fallback available.
RecoveringCommand short-circuited and no fallback available.
RecoveringCommand short-circuited and no fallback available.
RecoveringCommand short-circuited and no fallback available.
RecoveringCommand short-circuited and no fallback available.
RecoveringCommand short-circuited and no fallback available.
RecoveringCommand short-circuited and no fallback available.
RecoveringCommand short-circuited and no fallback available.
RecoveringCommand short-circuited and no fallback available.
RecoveringCommand short-circuited and no fallback available.
RecoveringCommand short-circuited and no fallback available.
RecoveringCommand short-circuited and no fallback available.
RecoveringCommand short-circuited and no fallback available.
RecoveringCommand short-circuited and no fallback available.
RecoveringCommand short-circuited and no fallback available.
RecoveringCommand short-circuited and no fallback available.
RecoveringCommand short-circuited and no fallback available.
RecoveringCommand short-circuited and no fallback available.
RecoveringCommand short-circuited and no fallback available.
RecoveringCommand short-circuited and no fallback available.
RecoveringCommand short-circuited and no fallback available.
RecoveringCommand short-circuited and no fallback available.
RecoveringCommand short-circuited and no fallback available.
RecoveringCommand short-circuited and no fallback available.
RecoveringCommand short-circuited and no fallback available.
RecoveringCommand short-circuited and no fallback available.
RecoveringCommand short-circuited and no fallback available.
RecoveringCommand short-circuited and no fallback available.
RecoveringCommand short-circuited and no fallback available.
RecoveringCommand short-circuited and no fallback available.
RecoveringCommand short-circuited and no fallback available.
RecoveringCommand short-circuited and no fallback available.
RecoveringCommand short-circuited and no fallback available.
RecoveringCommand short-circuited and no fallback available.
RecoveringCommand short-circuited and no fallback available.
RecoveringCommand short-circuited and no fallback available.
RecoveringCommand short-circuited and no fallback available.
RecoveringCommand short-circuited and no fallback available.
RecoveringCommand short-circuited and no fallback available.
RecoveringCommand short-circuited and no fallback available.
RecoveringCommand short-circuited and no fallback available.
RecoveringCommand short-circuited and no fallback available.
RecoveringCommand short-circuited and no fallback available.
RecoveringCommand short-circuited and no fallback available.
RecoveringCommand short-circuited and no fallback available.
RecoveringCommand short-circuited and no fallback available.
RecoveringCommand short-circuited and no fallback available.
RecoveringCommand short-circuited and no fallback available.
RecoveringCommand short-circuited and no fallback available.
RecoveringCommand short-circuited and no fallback available.
RecoveringCommand short-circuited and no fallback available.
RecoveringCommand short-circuited and no fallback available.
RecoveringCommand short-circuited and no fallback available.
RecoveringCommand short-circuited and no fallback available.
RecoveringCommand short-circuited and no fallback available.
RecoveringCommand short-circuited and no fallback available.
RecoveringCommand short-circuited and no fallback available.
RecoveringCommand short-circuited and no fallback available.
RecoveringCommand short-circuited and no fallback available.
RecoveringCommand short-circuited and no fallback available.
RecoveringCommand short-circuited and no fallback available.
RecoveringCommand short-circuited and no fallback available.
RecoveringCommand short-circuited and no fallback available.
RecoveringCommand short-circuited and no fallback available.
RecoveringCommand short-circuited and no fallback available.
RecoveringCommand short-circuited and no fallback available.
RecoveringCommand short-circuited and no fallback available.
RecoveringCommand short-circuited and no fallback available.
RecoveringCommand short-circuited and no fallback available.
RecoveringCommand short-circuited and no fallback available.
RecoveringCommand short-circuited and no fallback available.
RecoveringCommand short-circuited and no fallback available.
RecoveringCommand short-circuited and no fallback available.
RecoveringCommand short-circuited and no fallback available.
RecoveringCommand short-circuited and no fallback available.
RecoveringCommand short-circuited and no fallback available.
RecoveringCommand short-circuited and no fallback available.
RecoveringCommand short-circuited and no fallback available.
RecoveringCommand short-circuited and no fallback available.
RecoveringCommand short-circuited and no fallback available.
RecoveringCommand short-circuited and no fallback available.
RecoveringCommand short-circuited and no fallback available.
RecoveringCommand short-circuited and no fallback available.
RecoveringCommand short-circuited and no fallback available.
RecoveringCommand short-circuited and no fallback available.
RecoveringCommand short-circuited and no fallback available.
RecoveringCommand short-circuited and no fallback available.
RecoveringCommand short-circuited and no fallback available.
RecoveringCommand short-circuited and no fallback available.
RecoveringCommand short-circuited and no fallback available.
RecoveringCommand short-circuited and no fallback available.
RecoveringCommand short-circuited and no fallback available.
RecoveringCommand short-circuited and no fallback available.
RecoveringCommand short-circuited and no fallback available.
RecoveringCommand short-circuited and no fallback available.
RecoveringCommand short-circuited and no fallback available.
RecoveringCommand short-circuited and no fallback available.
RecoveringCommand short-circuited and no fallback available.
RecoveringCommand short-circuited and no fallback available.
RecoveringCommand short-circuited and no fallback available.
RecoveringCommand short-circuited and no fallback available.
RecoveringCommand short-circuited and no fallback available.
RecoveringCommand short-circuited and no fallback available.
RecoveringCommand short-circuited and no fallback available.
RecoveringCommand short-circuited and no fallback available.
RecoveringCommand short-circuited and no fallback available.
RecoveringCommand short-circuited and no fallback available.
RecoveringCommand short-circuited and no fallback available.
RecoveringCommand short-circuited and no fallback available.
RecoveringCommand short-circuited and no fallback available.
RecoveringCommand short-circuited and no fallback available.
RecoveringCommand short-circuited and no fallback available.
RecoveringCommand short-circuited and no fallback available.
RecoveringCommand short-circuited and no fallback available.
RecoveringCommand short-circuited and no fallback available.
RecoveringCommand short-circuited and no fallback available.
RecoveringCommand short-circuited and no fallback available.
RecoveringCommand short-circuited and no fallback available.
RecoveringCommand short-circuited and no fallback available.
RecoveringCommand short-circuited and no fallback available.
RecoveringCommand short-circuited and no fallback available.
RecoveringCommand short-circuited and no fallback available.
RecoveringCommand short-circuited and no fallback available.
RecoveringCommand short-circuited and no fallback available.
RecoveringCommand short-circuited and no fallback available.
RecoveringCommand short-circuited and no fallback available.
RecoveringCommand short-circuited and no fallback available.
RecoveringCommand short-circuited and no fallback available.
RecoveringCommand short-circuited and no fallback available.
RecoveringCommand short-circuited and no fallback available.
RecoveringCommand short-circuited and no fallback available.
RecoveringCommand short-circuited and no fallback available.
RecoveringCommand short-circuited and no fallback available.
RecoveringCommand short-circuited and no fallback available.
RecoveringCommand short-circuited and no fallback available.
RecoveringCommand short-circuited and no fallback available.
RecoveringCommand short-circuited and no fallback available.
RecoveringCommand short-circuited and no fallback available.
RecoveringCommand short-circuited and no fallback available.
RecoveringCommand short-circuited and no fallback available.
RecoveringCommand short-circuited and no fallback available.
RecoveringCommand short-circuited and no fallback available.
RecoveringCommand short-circuited and no fallback available.
RecoveringCommand short-circuited and no fallback available.
RecoveringCommand short-circuited and no fallback available.
RecoveringCommand short-circuited and no fallback available.
RecoveringCommand short-circuited and no fallback available.
RecoveringCommand short-circuited and no fallback available.
RecoveringCommand short-circuited and no fallback available.
RecoveringCommand short-circuited and no fallback available.
RecoveringCommand short-circuited and no fallback available.
RecoveringCommand short-circuited and no fallback available.
RecoveringCommand short-circuited and no fallback available.
RecoveringCommand failed and no fallback available.
RecoveringCommand short-circuited and no fallback available.
RecoveringCommand short-circuited and no fallback available.
RecoveringCommand short-circuited and no fallback available.
RecoveringCommand short-circuited and no fallback available.
RecoveringCommand short-circuited and no fallback available.
RecoveringCommand short-circuited and no fallback available.
RecoveringCommand short-circuited and no fallback available.
RecoveringCommand short-circuited and no fallback available.
RecoveringCommand short-circuited and no fallback available.
RecoveringCommand short-circuited and no fallback available.
RecoveringCommand short-circuited and no fallback available.
RecoveringCommand short-circuited and no fallback available.
RecoveringCommand short-circuited and no fallback available.
RecoveringCommand short-circuited and no fallback available.
RecoveringCommand short-circuited and no fallback available.
RecoveringCommand short-circuited and no fallback available.
RecoveringCommand short-circuited and no fallback available.
RecoveringCommand short-circuited and no fallback available.
RecoveringCommand short-circuited and no fallback available.
RecoveringCommand short-circuited and no fallback available.
RecoveringCommand short-circuited and no fallback available.
RecoveringCommand short-circuited and no fallback available.
RecoveringCommand short-circuited and no fallback available.
RecoveringCommand short-circuited and no fallback available.
RecoveringCommand short-circuited and no fallback available.
RecoveringCommand short-circuited and no fallback available.
RecoveringCommand short-circuited and no fallback available.
RecoveringCommand short-circuited and no fallback available.
RecoveringCommand short-circuited and no fallback available.
RecoveringCommand short-circuited and no fallback available.
RecoveringCommand short-circuited and no fallback available.
RecoveringCommand short-circuited and no fallback available.
RecoveringCommand short-circuited and no fallback available.
RecoveringCommand short-circuited and no fallback available.
RecoveringCommand short-circuited and no fallback available.
RecoveringCommand short-circuited and no fallback available.
RecoveringCommand short-circuited and no fallback available.
RecoveringCommand short-circuited and no fallback available.
RecoveringCommand short-circuited and no fallback available.
RecoveringCommand short-circuited and no fallback available.
RecoveringCommand short-circuited and no fallback available.
RecoveringCommand short-circuited and no fallback available.
RecoveringCommand short-circuited and no fallback available.
RecoveringCommand short-circuited and no fallback available.
RecoveringCommand short-circuited and no fallback available.
RecoveringCommand short-circuited and no fallback available.
RecoveringCommand short-circuited and no fallback available.
RecoveringCommand short-circuited and no fallback available.
RecoveringCommand short-circuited and no fallback available.
RecoveringCommand short-circuited and no fallback available.
RecoveringCommand short-circuited and no fallback available.
RecoveringCommand short-circuited and no fallback available.
RecoveringCommand short-circuited and no fallback available.
RecoveringCommand short-circuited and no fallback available.
RecoveringCommand short-circuited and no fallback available.
RecoveringCommand short-circuited and no fallback available.
RecoveringCommand short-circuited and no fallback available.
RecoveringCommand short-circuited and no fallback available.
RecoveringCommand short-circuited and no fallback available.
RecoveringCommand short-circuited and no fallback available.
RecoveringCommand short-circuited and no fallback available.
RecoveringCommand short-circuited and no fallback available.
RecoveringCommand short-circuited and no fallback available.
RecoveringCommand short-circuited and no fallback available.
RecoveringCommand short-circuited and no fallback available.
RecoveringCommand short-circuited and no fallback available.
RecoveringCommand short-circuited and no fallback available.
RecoveringCommand short-circuited and no fallback available.
RecoveringCommand short-circuited and no fallback available.
RecoveringCommand short-circuited and no fallback available.
RecoveringCommand short-circuited and no fallback available.
RecoveringCommand short-circuited and no fallback available.
RecoveringCommand short-circuited and no fallback available.
RecoveringCommand short-circuited and no fallback available.
RecoveringCommand short-circuited and no fallback available.
RecoveringCommand short-circuited and no fallback available.
RecoveringCommand short-circuited and no fallback available.
RecoveringCommand short-circuited and no fallback available.
RecoveringCommand short-circuited and no fallback available.
RecoveringCommand short-circuited and no fallback available.
RecoveringCommand short-circuited and no fallback available.
RecoveringCommand short-circuited and no fallback available.
RecoveringCommand short-circuited and no fallback available.
RecoveringCommand short-circuited and no fallback available.
RecoveringCommand short-circuited and no fallback available.
RecoveringCommand short-circuited and no fallback available.
RecoveringCommand short-circuited and no fallback available.
RecoveringCommand short-circuited and no fallback available.
RecoveringCommand short-circuited and no fallback available.
RecoveringCommand short-circuited and no fallback available.
RecoveringCommand short-circuited and no fallback available.
RecoveringCommand short-circuited and no fallback available.
RecoveringCommand short-circuited and no fallback available.
RecoveringCommand short-circuited and no fallback available.
RecoveringCommand short-circuited and no fallback available.
RecoveringCommand short-circuited and no fallback available.
RecoveringCommand short-circuited and no fallback available.
RecoveringCommand short-circuited and no fallback available.
RecoveringCommand short-circuited and no fallback available.
RecoveringCommand short-circuited and no fallback available.
RecoveringCommand short-circuited and no fallback available.
RecoveringCommand short-circuited and no fallback available.
RecoveringCommand short-circuited and no fallback available.
RecoveringCommand short-circuited and no fallback available.
RecoveringCommand short-circuited and no fallback available.
RecoveringCommand short-circuited and no fallback available.
RecoveringCommand short-circuited and no fallback available.
RecoveringCommand short-circuited and no fallback available.
RecoveringCommand short-circuited and no fallback available.
RecoveringCommand short-circuited and no fallback available.
RecoveringCommand short-circuited and no fallback available.
RecoveringCommand short-circuited and no fallback available.
RecoveringCommand short-circuited and no fallback available.
RecoveringCommand short-circuited and no fallback available.
RecoveringCommand short-circuited and no fallback available.
RecoveringCommand short-circuited and no fallback available.
RecoveringCommand short-circuited and no fallback available.
RecoveringCommand short-circuited and no fallback available.
RecoveringCommand short-circuited and no fallback available.
RecoveringCommand short-circuited and no fallback available.
RecoveringCommand short-circuited and no fallback available.
RecoveringCommand short-circuited and no fallback available.
RecoveringCommand short-circuited and no fallback available.
RecoveringCommand short-circuited and no fallback available.
RecoveringCommand short-circuited and no fallback available.
RecoveringCommand short-circuited and no fallback available.
RecoveringCommand short-circuited and no fallback available.
RecoveringCommand short-circuited and no fallback available.
RecoveringCommand short-circuited and no fallback available.
RecoveringCommand short-circuited and no fallback available.
RecoveringCommand short-circuited and no fallback available.
RecoveringCommand short-circuited and no fallback available.
RecoveringCommand short-circuited and no fallback available.
RecoveringCommand short-circuited and no fallback available.
RecoveringCommand short-circuited and no fallback available.
RecoveringCommand short-circuited and no fallback available.
RecoveringCommand short-circuited and no fallback available.
RecoveringCommand short-circuited and no fallback available.
RecoveringCommand short-circuited and no fallback available.
RecoveringCommand short-circuited and no fallback available.
RecoveringCommand short-circuited and no fallback available.
RecoveringCommand short-circuited and no fallback available.
RecoveringCommand short-circuited and no fallback available.
RecoveringCommand short-circuited and no fallback available.
RecoveringCommand short-circuited and no fallback available.
RecoveringCommand short-circuited and no fallback available.
RecoveringCommand short-circuited and no fallback available.
RecoveringCommand short-circuited and no fallback available.
RecoveringCommand short-circuited and no fallback available.
RecoveringCommand short-circuited and no fallback available.
RecoveringCommand short-circuited and no fallback available.
RecoveringCommand short-circuited and no fallback available.
RecoveringCommand short-circuited and no fallback available.
RecoveringCommand short-circuited and no fallback available.
RecoveringCommand short-circuited and no fallback available.
RecoveringCommand short-circuited and no fallback available.
RecoveringCommand short-circuited and no fallback available.
RecoveringCommand short-circuited and no fallback available.
RecoveringCommand short-circuited and no fallback available.
RecoveringCommand short-circuited and no fallback available.
RecoveringCommand short-circuited and no fallback available.
RecoveringCommand short-circuited and no fallback available.
RecoveringCommand short-circuited and no fallback available.
RecoveringCommand short-circuited and no fallback available.
RecoveringCommand short-circuited and no fallback available.
RecoveringCommand short-circuited and no fallback available.
RecoveringCommand short-circuited and no fallback available.
RecoveringCommand short-circuited and no fallback available.
RecoveringCommand short-circuited and no fallback available.
RecoveringCommand short-circuited and no fallback available.
RecoveringCommand short-circuited and no fallback available.
RecoveringCommand short-circuited and no fallback available.
RecoveringCommand short-circuited and no fallback available.
RecoveringCommand short-circuited and no fallback available.
RecoveringCommand short-circuited and no fallback available.
RecoveringCommand short-circuited and no fallback available.
RecoveringCommand short-circuited and no fallback available.
RecoveringCommand short-circuited and no fallback available.
RecoveringCommand short-circuited and no fallback available.
RecoveringCommand short-circuited and no fallback available.
RecoveringCommand short-circuited and no fallback available.
RecoveringCommand short-circuited and no fallback available.
RecoveringCommand short-circuited and no fallback available.
RecoveringCommand short-circuited and no fallback available.
RecoveringCommand short-circuited and no fallback available.
RecoveringCommand short-circuited and no fallback available.
RecoveringCommand short-circuited and no fallback available.
RecoveringCommand short-circuited and no fallback available.
RecoveringCommand short-circuited and no fallback available.
RecoveringCommand short-circuited and no fallback available.
RecoveringCommand short-circuited and no fallback available.
RecoveringCommand short-circuited and no fallback available.
RecoveringCommand short-circuited and no fallback available.
RecoveringCommand short-circuited and no fallback available.
RecoveringCommand short-circuited and no fallback available.
RecoveringCommand short-circuited and no fallback available.
RecoveringCommand short-circuited and no fallback available.
RecoveringCommand short-circuited and no fallback available.
RecoveringCommand short-circuited and no fallback available.
RecoveringCommand short-circuited and no fallback available.
RecoveringCommand short-circuited and no fallback available.
RecoveringCommand short-circuited and no fallback available.
RecoveringCommand short-circuited and no fallback available.
RecoveringCommand short-circuited and no fallback available.
RecoveringCommand short-circuited and no fallback available.
RecoveringCommand short-circuited and no fallback available.
RecoveringCommand short-circuited and no fallback available.
RecoveringCommand short-circuited and no fallback available.
RecoveringCommand short-circuited and no fallback available.
RecoveringCommand short-circuited and no fallback available.
RecoveringCommand short-circuited and no fallback available.
RecoveringCommand short-circuited and no fallback available.
RecoveringCommand short-circuited and no fallback available.
RecoveringCommand short-circuited and no fallback available.
RecoveringCommand short-circuited and no fallback available.
RecoveringCommand short-circuited and no fallback available.
RecoveringCommand short-circuited and no fallback available.
RecoveringCommand short-circuited and no fallback available.
RecoveringCommand short-circuited and no fallback available.
RecoveringCommand short-circuited and no fallback available.
RecoveringCommand short-circuited and no fallback available.
RecoveringCommand short-circuited and no fallback available.
RecoveringCommand short-circuited and no fallback available.
RecoveringCommand short-circuited and no fallback available.
RecoveringCommand short-circuited and no fallback available.
RecoveringCommand short-circuited and no fallback available.
RecoveringCommand short-circuited and no fallback available.
RecoveringCommand short-circuited and no fallback available.
RecoveringCommand short-circuited and no fallback available.
RecoveringCommand short-circuited and no fallback available.
RecoveringCommand short-circuited and no fallback available.
RecoveringCommand short-circuited and no fallback available.
RecoveringCommand short-circuited and no fallback available.
RecoveringCommand short-circuited and no fallback available.
RecoveringCommand short-circuited and no fallback available.
RecoveringCommand short-circuited and no fallback available.
RecoveringCommand short-circuited and no fallback available.
RecoveringCommand short-circuited and no fallback available.
RecoveringCommand short-circuited and no fallback available.
RecoveringCommand short-circuited and no fallback available.
RecoveringCommand short-circuited and no fallback available.
RecoveringCommand short-circuited and no fallback available.
RecoveringCommand short-circuited and no fallback available.
RecoveringCommand short-circuited and no fallback available.
RecoveringCommand short-circuited and no fallback available.
RecoveringCommand short-circuited and no fallback available.
RecoveringCommand short-circuited and no fallback available.
RecoveringCommand short-circuited and no fallback available.
RecoveringCommand short-circuited and no fallback available.
RecoveringCommand short-circuited and no fallback available.
RecoveringCommand short-circuited and no fallback available.
RecoveringCommand short-circuited and no fallback available.
RecoveringCommand short-circuited and no fallback available.
RecoveringCommand short-circuited and no fallback available.
RecoveringCommand short-circuited and no fallback available.
RecoveringCommand short-circuited and no fallback available.
RecoveringCommand short-circuited and no fallback available.
RecoveringCommand short-circuited and no fallback available.
RecoveringCommand short-circuited and no fallback available.
RecoveringCommand short-circuited and no fallback available.
RecoveringCommand short-circuited and no fallback available.
RecoveringCommand short-circuited and no fallback available.
RecoveringCommand short-circuited and no fallback available.
RecoveringCommand short-circuited and no fallback available.
RecoveringCommand short-circuited and no fallback available.
RecoveringCommand short-circuited and no fallback available.
RecoveringCommand short-circuited and no fallback available.
RecoveringCommand short-circuited and no fallback available.
RecoveringCommand short-circuited and no fallback available.
RecoveringCommand short-circuited and no fallback available.
RecoveringCommand short-circuited and no fallback available.
RecoveringCommand short-circuited and no fallback available.
RecoveringCommand short-circuited and no fallback available.
RecoveringCommand short-circuited and no fallback available.
RecoveringCommand short-circuited and no fallback available.
RecoveringCommand short-circuited and no fallback available.
RecoveringCommand short-circuited and no fallback available.
RecoveringCommand short-circuited and no fallback available.
RecoveringCommand short-circuited and no fallback available.
RecoveringCommand short-circuited and no fallback available.
RecoveringCommand short-circuited and no fallback available.
RecoveringCommand short-circuited and no fallback available.
RecoveringCommand short-circuited and no fallback available.
RecoveringCommand short-circuited and no fallback available.
RecoveringCommand short-circuited and no fallback available.
RecoveringCommand short-circuited and no fallback available.
RecoveringCommand short-circuited and no fallback available.
RecoveringCommand short-circuited and no fallback available.
RecoveringCommand short-circuited and no fallback available.
RecoveringCommand short-circuited and no fallback available.
RecoveringCommand short-circuited and no fallback available.
RecoveringCommand short-circuited and no fallback available.
RecoveringCommand short-circuited and no fallback available.
RecoveringCommand short-circuited and no fallback available.
RecoveringCommand short-circuited and no fallback available.
RecoveringCommand short-circuited and no fallback available.
RecoveringCommand short-circuited and no fallback available.
RecoveringCommand short-circuited and no fallback available.
RecoveringCommand short-circuited and no fallback available.
RecoveringCommand short-circuited and no fallback available.
RecoveringCommand short-circuited and no fallback available.
RecoveringCommand short-circuited and no fallback available.
RecoveringCommand short-circuited and no fallback available.
RecoveringCommand short-circuited and no fallback available.
RecoveringCommand short-circuited and no fallback available.
RecoveringCommand short-circuited and no fallback available.
RecoveringCommand short-circuited and no fallback available.
RecoveringCommand short-circuited and no fallback available.
RecoveringCommand short-circuited and no fallback available.
RecoveringCommand short-circuited and no fallback available.
RecoveringCommand short-circuited and no fallback available.
RecoveringCommand short-circuited and no fallback available.
RecoveringCommand short-circuited and no fallback available.
RecoveringCommand short-circuited and no fallback available.
RecoveringCommand short-circuited and no fallback available.
RecoveringCommand short-circuited and no fallback available.
RecoveringCommand short-circuited and no fallback available.
RecoveringCommand short-circuited and no fallback available.
RecoveringCommand short-circuited and no fallback available.
RecoveringCommand short-circuited and no fallback available.
RecoveringCommand short-circuited and no fallback available.
RecoveringCommand short-circuited and no fallback available.
RecoveringCommand short-circuited and no fallback available.
RecoveringCommand short-circuited and no fallback available.
RecoveringCommand short-circuited and no fallback available.
RecoveringCommand short-circuited and no fallback available.
RecoveringCommand short-circuited and no fallback available.
RecoveringCommand short-circuited and no fallback available.
RecoveringCommand short-circuited and no fallback available.
RecoveringCommand short-circuited and no fallback available.
RecoveringCommand short-circuited and no fallback available.
RecoveringCommand short-circuited and no fallback available.
RecoveringCommand short-circuited and no fallback available.
RecoveringCommand short-circuited and no fallback available.
RecoveringCommand short-circuited and no fallback available.
RecoveringCommand short-circuited and no fallback available.
RecoveringCommand short-circuited and no fallback available.
RecoveringCommand short-circuited and no fallback available.
RecoveringCommand short-circuited and no fallback available.
RecoveringCommand short-circuited and no fallback available.
RecoveringCommand short-circuited and no fallback available.
RecoveringCommand short-circuited and no fallback available.
RecoveringCommand short-circuited and no fallback available.
RecoveringCommand short-circuited and no fallback available.
RecoveringCommand short-circuited and no fallback available.
RecoveringCommand short-circuited and no fallback available.
RecoveringCommand short-circuited and no fallback available.
RecoveringCommand short-circuited and no fallback available.
RecoveringCommand short-circuited and no fallback available.
RecoveringCommand short-circuited and no fallback available.
RecoveringCommand short-circuited and no fallback available.
RecoveringCommand short-circuited and no fallback available.
RecoveringCommand short-circuited and no fallback available.
RecoveringCommand short-circuited and no fallback available.
RecoveringCommand short-circuited and no fallback available.
RecoveringCommand short-circuited and no fallback available.
RecoveringCommand short-circuited and no fallback available.
RecoveringCommand short-circuited and no fallback available.
RecoveringCommand short-circuited and no fallback available.
RecoveringCommand short-circuited and no fallback available.
RecoveringCommand short-circuited and no fallback available.
RecoveringCommand short-circuited and no fallback available.
RecoveringCommand short-circuited and no fallback available.
RecoveringCommand short-circuited and no fallback available.
RecoveringCommand short-circuited and no fallback available.
RecoveringCommand short-circuited and no fallback available.
RecoveringCommand short-circuited and no fallback available.
RecoveringCommand short-circuited and no fallback available.
RecoveringCommand short-circuited and no fallback available.
RecoveringCommand short-circuited and no fallback available.
RecoveringCommand short-circuited and no fallback available.
RecoveringCommand short-circuited and no fallback available.
RecoveringCommand short-circuited and no fallback available.
RecoveringCommand short-circuited and no fallback available.
RecoveringCommand short-circuited and no fallback available.
RecoveringCommand short-circuited and no fallback available.
RecoveringCommand short-circuited and no fallback available.
RecoveringCommand short-circuited and no fallback available.
RecoveringCommand short-circuited and no fallback available.
RecoveringCommand short-circuited and no fallback available.
RecoveringCommand short-circuited and no fallback available.
RecoveringCommand short-circuited and no fallback available.
RecoveringCommand short-circuited and no fallback available.
RecoveringCommand short-circuited and no fallback available.
RecoveringCommand short-circuited and no fallback available.
RecoveringCommand short-circuited and no fallback available.
RecoveringCommand short-circuited and no fallback available.
RecoveringCommand short-circuited and no fallback available.
RecoveringCommand short-circuited and no fallback available.
RecoveringCommand short-circuited and no fallback available.
RecoveringCommand short-circuited and no fallback available.
RecoveringCommand short-circuited and no fallback available.
RecoveringCommand short-circuited and no fallback available.
RecoveringCommand short-circuited and no fallback available.
RecoveringCommand short-circuited and no fallback available.
RecoveringCommand short-circuited and no fallback available.
RecoveringCommand short-circuited and no fallback available.
RecoveringCommand short-circuited and no fallback available.
RecoveringCommand short-circuited and no fallback available.
RecoveringCommand short-circuited and no fallback available.
RecoveringCommand short-circuited and no fallback available.
RecoveringCommand short-circuited and no fallback available.
RecoveringCommand short-circuited and no fallback available.
RecoveringCommand short-circuited and no fallback available.
RecoveringCommand short-circuited and no fallback available.
RecoveringCommand short-circuited and no fallback available.
RecoveringCommand short-circuited and no fallback available.
RecoveringCommand short-circuited and no fallback available.
RecoveringCommand short-circuited and no fallback available.
RecoveringCommand short-circuited and no fallback available.
RecoveringCommand short-circuited and no fallback available.
RecoveringCommand short-circuited and no fallback available.
RecoveringCommand short-circuited and no fallback available.
RecoveringCommand short-circuited and no fallback available.
RecoveringCommand short-circuited and no fallback available.
RecoveringCommand short-circuited and no fallback available.
RecoveringCommand short-circuited and no fallback available.
RecoveringCommand short-circuited and no fallback available.
RecoveringCommand short-circuited and no fallback available.
RecoveringCommand short-circuited and no fallback available.
RecoveringCommand short-circuited and no fallback available.
RecoveringCommand short-circuited and no fallback available.
RecoveringCommand short-circuited and no fallback available.
RecoveringCommand short-circuited and no fallback available.
RecoveringCommand short-circuited and no fallback available.
RecoveringCommand short-circuited and no fallback available.
RecoveringCommand short-circuited and no fallback available.
RecoveringCommand short-circuited and no fallback available.
RecoveringCommand short-circuited and no fallback available.
RecoveringCommand short-circuited and no fallback available.
RecoveringCommand short-circuited and no fallback available.
RecoveringCommand short-circuited and no fallback available.
RecoveringCommand short-circuited and no fallback available.
RecoveringCommand short-circuited and no fallback available.
RecoveringCommand short-circuited and no fallback available.
RecoveringCommand short-circuited and no fallback available.
RecoveringCommand short-circuited and no fallback available.
RecoveringCommand short-circuited and no fallback available.
RecoveringCommand short-circuited and no fallback available.
RecoveringCommand short-circuited and no fallback available.
RecoveringCommand short-circuited and no fallback available.
RecoveringCommand short-circuited and no fallback available.
RecoveringCommand short-circuited and no fallback available.
RecoveringCommand short-circuited and no fallback available.
RecoveringCommand short-circuited and no fallback available.
RecoveringCommand short-circuited and no fallback available.
RecoveringCommand short-circuited and no fallback available.
RecoveringCommand short-circuited and no fallback available.
RecoveringCommand short-circuited and no fallback available.
RecoveringCommand short-circuited and no fallback available.
RecoveringCommand short-circuited and no fallback available.
RecoveringCommand short-circuited and no fallback available.
RecoveringCommand short-circuited and no fallback available.
RecoveringCommand short-circuited and no fallback available.
RecoveringCommand short-circuited and no fallback available.
RecoveringCommand short-circuited and no fallback available.
RecoveringCommand short-circuited and no fallback available.
RecoveringCommand short-circuited and no fallback available.
RecoveringCommand short-circuited and no fallback available.
RecoveringCommand short-circuited and no fallback available.
RecoveringCommand short-circuited and no fallback available.
RecoveringCommand short-circuited and no fallback available.
RecoveringCommand short-circuited and no fallback available.
RecoveringCommand short-circuited and no fallback available.
RecoveringCommand short-circuited and no fallback available.
RecoveringCommand short-circuited and no fallback available.
RecoveringCommand short-circuited and no fallback available.
RecoveringCommand short-circuited and no fallback available.
RecoveringCommand short-circuited and no fallback available.
RecoveringCommand short-circuited and no fallback available.
RecoveringCommand short-circuited and no fallback available.
RecoveringCommand short-circuited and no fallback available.
RecoveringCommand short-circuited and no fallback available.
RecoveringCommand short-circuited and no fallback available.
RecoveringCommand short-circuited and no fallback available.
RecoveringCommand short-circuited and no fallback available.
RecoveringCommand short-circuited and no fallback available.
RecoveringCommand short-circuited and no fallback available.
RecoveringCommand short-circuited and no fallback available.
RecoveringCommand short-circuited and no fallback available.
RecoveringCommand short-circuited and no fallback available.
RecoveringCommand short-circuited and no fallback available.
RecoveringCommand short-circuited and no fallback available.
RecoveringCommand short-circuited and no fallback available.
RecoveringCommand short-circuited and no fallback available.
RecoveringCommand short-circuited and no fallback available.
RecoveringCommand short-circuited and no fallback available.
RecoveringCommand short-circuited and no fallback available.
RecoveringCommand short-circuited and no fallback available.
RecoveringCommand short-circuited and no fallback available.
RecoveringCommand short-circuited and no fallback available.
RecoveringCommand short-circuited and no fallback available.
RecoveringCommand short-circuited and no fallback available.
RecoveringCommand short-circuited and no fallback available.
RecoveringCommand short-circuited and no fallback available.
RecoveringCommand short-circuited and no fallback available.
RecoveringCommand short-circuited and no fallback available.
RecoveringCommand short-circuited and no fallback available.
RecoveringCommand short-circuited and no fallback available.
RecoveringCommand short-circuited and no fallback available.
RecoveringCommand short-circuited and no fallback available.
RecoveringCommand short-circuited and no fallback available.
RecoveringCommand short-circuited and no fallback available.
RecoveringCommand short-circuited and no fallback available.
RecoveringCommand short-circuited and no fallback available.
RecoveringCommand short-circuited and no fallback available.
RecoveringCommand short-circuited and no fallback available.
RecoveringCommand short-circuited and no fallback available.
RecoveringCommand short-circuited and no fallback available.
RecoveringCommand short-circuited and no fallback available.
RecoveringCommand short-circuited and no fallback available.
RecoveringCommand short-circuited and no fallback available.
RecoveringCommand short-circuited and no fallback available.
RecoveringCommand short-circuited and no fallback available.
RecoveringCommand short-circuited and no fallback available.
RecoveringCommand short-circuited and no fallback available.
RecoveringCommand short-circuited and no fallback available.
RecoveringCommand short-circuited and no fallback available.
RecoveringCommand short-circuited and no fallback available.
RecoveringCommand short-circuited and no fallback available.
RecoveringCommand short-circuited and no fallback available.
RecoveringCommand short-circuited and no fallback available.
RecoveringCommand short-circuited and no fallback available.
RecoveringCommand short-circuited and no fallback available.
RecoveringCommand short-circuited and no fallback available.
RecoveringCommand short-circuited and no fallback available.
RecoveringCommand short-circuited and no fallback available.
RecoveringCommand short-circuited and no fallback available.
RecoveringCommand short-circuited and no fallback available.
RecoveringCommand short-circuited and no fallback available.
RecoveringCommand short-circuited and no fallback available.
RecoveringCommand short-circuited and no fallback available.
RecoveringCommand short-circuited and no fallback available.
RecoveringCommand short-circuited and no fallback available.
RecoveringCommand short-circuited and no fallback available.
RecoveringCommand short-circuited and no fallback available.
RecoveringCommand short-circuited and no fallback available.
RecoveringCommand short-circuited and no fallback available.
RecoveringCommand short-circuited and no fallback available.
RecoveringCommand short-circuited and no fallback available.
RecoveringCommand short-circuited and no fallback available.
RecoveringCommand short-circuited and no fallback available.
RecoveringCommand short-circuited and no fallback available.
RecoveringCommand short-circuited and no fallback available.
RecoveringCommand short-circuited and no fallback available.
RecoveringCommand short-circuited and no fallback available.
RecoveringCommand short-circuited and no fallback available.
RecoveringCommand short-circuited and no fallback available.
RecoveringCommand short-circuited and no fallback available.
RecoveringCommand short-circuited and no fallback available.
RecoveringCommand short-circuited and no fallback available.
RecoveringCommand short-circuited and no fallback available.
RecoveringCommand short-circuited and no fallback available.
RecoveringCommand short-circuited and no fallback available.
RecoveringCommand short-circuited and no fallback available.
RecoveringCommand short-circuited and no fallback available.
RecoveringCommand short-circuited and no fallback available.
RecoveringCommand short-circuited and no fallback available.
RecoveringCommand short-circuited and no fallback available.
RecoveringCommand short-circuited and no fallback available.
RecoveringCommand short-circuited and no fallback available.
RecoveringCommand short-circuited and no fallback available.
RecoveringCommand short-circuited and no fallback available.
RecoveringCommand short-circuited and no fallback available.
RecoveringCommand short-circuited and no fallback available.
RecoveringCommand short-circuited and no fallback available.
RecoveringCommand short-circuited and no fallback available.
RecoveringCommand short-circuited and no fallback available.
RecoveringCommand short-circuited and no fallback available.
RecoveringCommand short-circuited and no fallback available.
RecoveringCommand short-circuited and no fallback available.
RecoveringCommand short-circuited and no fallback available.
RecoveringCommand short-circuited and no fallback available.
RecoveringCommand short-circuited and no fallback available.
RecoveringCommand short-circuited and no fallback available.
RecoveringCommand short-circuited and no fallback available.
RecoveringCommand short-circuited and no fallback available.
RecoveringCommand short-circuited and no fallback available.
RecoveringCommand short-circuited and no fallback available.
RecoveringCommand short-circuited and no fallback available.
RecoveringCommand short-circuited and no fallback available.
RecoveringCommand short-circuited and no fallback available.
RecoveringCommand short-circuited and no fallback available.
RecoveringCommand short-circuited and no fallback available.
RecoveringCommand short-circuited and no fallback available.
RecoveringCommand short-circuited and no fallback available.
RecoveringCommand short-circuited and no fallback available.
RecoveringCommand short-circuited and no fallback available.
RecoveringCommand short-circuited and no fallback available.
RecoveringCommand short-circuited and no fallback available.
RecoveringCommand short-circuited and no fallback available.
RecoveringCommand short-circuited and no fallback available.
RecoveringCommand short-circuited and no fallback available.
RecoveringCommand short-circuited and no fallback available.
RecoveringCommand short-circuited and no fallback available.
RecoveringCommand short-circuited and no fallback available.
RecoveringCommand short-circuited and no fallback available.
RecoveringCommand short-circuited and no fallback available.
RecoveringCommand short-circuited and no fallback available.
RecoveringCommand short-circuited and no fallback available.
RecoveringCommand short-circuited and no fallback available.
RecoveringCommand short-circuited and no fallback available.
RecoveringCommand short-circuited and no fallback available.
RecoveringCommand short-circuited and no fallback available.
RecoveringCommand short-circuited and no fallback available.
RecoveringCommand short-circuited and no fallback available.
RecoveringCommand short-circuited and no fallback available.
RecoveringCommand short-circuited and no fallback available.
RecoveringCommand short-circuited and no fallback available.
RecoveringCommand short-circuited and no fallback available.
RecoveringCommand short-circuited and no fallback available.
RecoveringCommand short-circuited and no fallback available.
RecoveringCommand short-circuited and no fallback available.
RecoveringCommand short-circuited and no fallback available.
RecoveringCommand short-circuited and no fallback available.
RecoveringCommand short-circuited and no fallback available.
RecoveringCommand short-circuited and no fallback available.
RecoveringCommand short-circuited and no fallback available.
RecoveringCommand short-circuited and no fallback available.
RecoveringCommand short-circuited and no fallback available.
RecoveringCommand short-circuited and no fallback available.
RecoveringCommand short-circuited and no fallback available.
RecoveringCommand short-circuited and no fallback available.
RecoveringCommand short-circuited and no fallback available.
RecoveringCommand short-circuited and no fallback available.
RecoveringCommand short-circuited and no fallback available.
RecoveringCommand short-circuited and no fallback available.
RecoveringCommand short-circuited and no fallback available.
RecoveringCommand short-circuited and no fallback available.
RecoveringCommand short-circuited and no fallback available.
RecoveringCommand short-circuited and no fallback available.
RecoveringCommand short-circuited and no fallback available.
RecoveringCommand short-circuited and no fallback available.
RecoveringCommand short-circuited and no fallback available.
RecoveringCommand short-circuited and no fallback available.
RecoveringCommand short-circuited and no fallback available.
RecoveringCommand short-circuited and no fallback available.
RecoveringCommand short-circuited and no fallback available.
RecoveringCommand short-circuited and no fallback available.
RecoveringCommand short-circuited and no fallback available.
RecoveringCommand short-circuited and no fallback available.
RecoveringCommand short-circuited and no fallback available.
RecoveringCommand short-circuited and no fallback available.
RecoveringCommand short-circuited and no fallback available.
RecoveringCommand short-circuited and no fallback available.
RecoveringCommand short-circuited and no fallback available.
RecoveringCommand short-circuited and no fallback available.
RecoveringCommand short-circuited and no fallback available.
RecoveringCommand short-circuited and no fallback available.
RecoveringCommand short-circuited and no fallback available.
RecoveringCommand short-circuited and no fallback available.
RecoveringCommand short-circuited and no fallback available.
RecoveringCommand short-circuited and no fallback available.
RecoveringCommand short-circuited and no fallback available.
RecoveringCommand short-circuited and no fallback available.
RecoveringCommand short-circuited and no fallback available.
RecoveringCommand short-circuited and no fallback available.
RecoveringCommand short-circuited and no fallback available.
RecoveringCommand short-circuited and no fallback available.
RecoveringCommand short-circuited and no fallback available.
RecoveringCommand short-circuited and no fallback available.
RecoveringCommand short-circuited and no fallback available.
RecoveringCommand short-circuited and no fallback available.
RecoveringCommand short-circuited and no fallback available.
RecoveringCommand short-circuited and no fallback available.
RecoveringCommand short-circuited and no fallback available.
RecoveringCommand short-circuited and no fallback available.
RecoveringCommand short-circuited and no fallback available.
RecoveringCommand short-circuited and no fallback available.
RecoveringCommand short-circuited and no fallback available.
RecoveringCommand short-circuited and no fallback available.
RecoveringCommand short-circuited and no fallback available.
RecoveringCommand short-circuited and no fallback available.
RecoveringCommand short-circuited and no fallback available.
RecoveringCommand short-circuited and no fallback available.
RecoveringCommand short-circuited and no fallback available.
RecoveringCommand short-circuited and no fallback available.
RecoveringCommand short-circuited and no fallback available.
RecoveringCommand short-circuited and no fallback available.
RecoveringCommand short-circuited and no fallback available.
RecoveringCommand short-circuited and no fallback available.
RecoveringCommand short-circuited and no fallback available.
RecoveringCommand short-circuited and no fallback available.
RecoveringCommand short-circuited and no fallback available.
RecoveringCommand short-circuited and no fallback available.
RecoveringCommand short-circuited and no fallback available.
RecoveringCommand short-circuited and no fallback available.
RecoveringCommand short-circuited and no fallback available.
RecoveringCommand short-circuited and no fallback available.
RecoveringCommand short-circuited and no fallback available.
RecoveringCommand short-circuited and no fallback available.
RecoveringCommand short-circuited and no fallback available.
RecoveringCommand short-circuited and no fallback available.
RecoveringCommand short-circuited and no fallback available.
RecoveringCommand short-circuited and no fallback available.
RecoveringCommand short-circuited and no fallback available.
RecoveringCommand short-circuited and no fallback available.
RecoveringCommand short-circuited and no fallback available.
RecoveringCommand short-circuited and no fallback available.
RecoveringCommand short-circuited and no fallback available.
RecoveringCommand short-circuited and no fallback available.
RecoveringCommand short-circuited and no fallback available.
RecoveringCommand short-circuited and no fallback available.
RecoveringCommand short-circuited and no fallback available.
RecoveringCommand short-circuited and no fallback available.
RecoveringCommand short-circuited and no fallback available.
RecoveringCommand short-circuited and no fallback available.
RecoveringCommand short-circuited and no fallback available.
RecoveringCommand short-circuited and no fallback available.
RecoveringCommand short-circuited and no fallback available.
RecoveringCommand short-circuited and no fallback available.
RecoveringCommand short-circuited and no fallback available.
RecoveringCommand short-circuited and no fallback available.
RecoveringCommand short-circuited and no fallback available.
RecoveringCommand short-circuited and no fallback available.
RecoveringCommand short-circuited and no fallback available.
RecoveringCommand short-circuited and no fallback available.
RecoveringCommand short-circuited and no fallback available.
RecoveringCommand short-circuited and no fallback available.
RecoveringCommand short-circuited and no fallback available.
RecoveringCommand short-circuited and no fallback available.
RecoveringCommand short-circuited and no fallback available.
RecoveringCommand short-circuited and no fallback available.
RecoveringCommand short-circuited and no fallback available.
RecoveringCommand short-circuited and no fallback available.
RecoveringCommand short-circuited and no fallback available.
RecoveringCommand short-circuited and no fallback available.
RecoveringCommand short-circuited and no fallback available.
RecoveringCommand short-circuited and no fallback available.
RecoveringCommand short-circuited and no fallback available.
RecoveringCommand short-circuited and no fallback available.
RecoveringCommand short-circuited and no fallback available.
RecoveringCommand short-circuited and no fallback available.
RecoveringCommand short-circuited and no fallback available.
RecoveringCommand short-circuited and no fallback available.
RecoveringCommand short-circuited and no fallback available.
RecoveringCommand short-circuited and no fallback available.
RecoveringCommand short-circuited and no fallback available.
RecoveringCommand short-circuited and no fallback available.
RecoveringCommand short-circuited and no fallback available.
RecoveringCommand short-circuited and no fallback available.
RecoveringCommand short-circuited and no fallback available.
RecoveringCommand short-circuited and no fallback available.
RecoveringCommand short-circuited and no fallback available.
RecoveringCommand short-circuited and no fallback available.
RecoveringCommand short-circuited and no fallback available.
RecoveringCommand short-circuited and no fallback available.
RecoveringCommand short-circuited and no fallback available.
RecoveringCommand short-circuited and no fallback available.
RecoveringCommand short-circuited and no fallback available.
RecoveringCommand short-circuited and no fallback available.
RecoveringCommand short-circuited and no fallback available.
RecoveringCommand short-circuited and no fallback available.
RecoveringCommand short-circuited and no fallback available.
RecoveringCommand short-circuited and no fallback available.
RecoveringCommand short-circuited and no fallback available.
RecoveringCommand short-circuited and no fallback available.
RecoveringCommand short-circuited and no fallback available.
RecoveringCommand short-circuited and no fallback available.
RecoveringCommand short-circuited and no fallback available.
RecoveringCommand short-circuited and no fallback available.
RecoveringCommand short-circuited and no fallback available.
RecoveringCommand short-circuited and no fallback available.
RecoveringCommand short-circuited and no fallback available.
RecoveringCommand short-circuited and no fallback available.
RecoveringCommand short-circuited and no fallback available.
RecoveringCommand short-circuited and no fallback available.
RecoveringCommand short-circuited and no fallback available.
RecoveringCommand short-circuited and no fallback available.
RecoveringCommand short-circuited and no fallback available.
RecoveringCommand short-circuited and no fallback available.
RecoveringCommand short-circuited and no fallback available.
RecoveringCommand short-circuited and no fallback available.
RecoveringCommand short-circuited and no fallback available.
RecoveringCommand short-circuited and no fallback available.
RecoveringCommand short-circuited and no fallback available.
RecoveringCommand short-circuited and no fallback available.
RecoveringCommand short-circuited and no fallback available.
RecoveringCommand short-circuited and no fallback available.
RecoveringCommand short-circuited and no fallback available.
RecoveringCommand short-circuited and no fallback available.
RecoveringCommand short-circuited and no fallback available.
RecoveringCommand short-circuited and no fallback available.
RecoveringCommand short-circuited and no fallback available.
RecoveringCommand short-circuited and no fallback available.
RecoveringCommand short-circuited and no fallback available.
RecoveringCommand short-circuited and no fallback available.
RecoveringCommand short-circuited and no fallback available.
RecoveringCommand short-circuited and no fallback available.
RecoveringCommand short-circuited and no fallback available.
RecoveringCommand short-circuited and no fallback available.
RecoveringCommand short-circuited and no fallback available.
RecoveringCommand short-circuited and no fallback available.
RecoveringCommand short-circuited and no fallback available.
RecoveringCommand short-circuited and no fallback available.
RecoveringCommand short-circuited and no fallback available.
RecoveringCommand short-circuited and no fallback available.
RecoveringCommand short-circuited and no fallback available.
RecoveringCommand short-circuited and no fallback available.
RecoveringCommand short-circuited and no fallback available.
RecoveringCommand short-circuited and no fallback available.
RecoveringCommand short-circuited and no fallback available.
RecoveringCommand short-circuited and no fallback available.
RecoveringCommand short-circuited and no fallback available.
RecoveringCommand short-circuited and no fallback available.
RecoveringCommand short-circuited and no fallback available.
RecoveringCommand short-circuited and no fallback available.
RecoveringCommand short-circuited and no fallback available.
RecoveringCommand short-circuited and no fallback available.
RecoveringCommand short-circuited and no fallback available.
RecoveringCommand short-circuited and no fallback available.
RecoveringCommand short-circuited and no fallback available.
RecoveringCommand short-circuited and no fallback available.
RecoveringCommand short-circuited and no fallback available.
RecoveringCommand short-circuited and no fallback available.
RecoveringCommand short-circuited and no fallback available.
RecoveringCommand short-circuited and no fallback available.
RecoveringCommand short-circuited and no fallback available.
RecoveringCommand short-circuited and no fallback available.
RecoveringCommand short-circuited and no fallback available.
RecoveringCommand short-circuited and no fallback available.
RecoveringCommand short-circuited and no fallback available.
RecoveringCommand short-circuited and no fallback available.
RecoveringCommand short-circuited and no fallback available.
RecoveringCommand short-circuited and no fallback available.
RecoveringCommand short-circuited and no fallback available.
RecoveringCommand short-circuited and no fallback available.
RecoveringCommand short-circuited and no fallback available.
RecoveringCommand short-circuited and no fallback available.
RecoveringCommand short-circuited and no fallback available.
RecoveringCommand short-circuited and no fallback available.
RecoveringCommand short-circuited and no fallback available.
RecoveringCommand short-circuited and no fallback available.
RecoveringCommand short-circuited and no fallback available.
RecoveringCommand short-circuited and no fallback available.
RecoveringCommand short-circuited and no fallback available.
RecoveringCommand short-circuited and no fallback available.
RecoveringCommand short-circuited and no fallback available.
RecoveringCommand short-circuited and no fallback available.
RecoveringCommand short-circuited and no fallback available.
RecoveringCommand short-circuited and no fallback available.
RecoveringCommand short-circuited and no fallback available.
RecoveringCommand short-circuited and no fallback available.
RecoveringCommand short-circuited and no fallback available.
RecoveringCommand short-circuited and no fallback available.
RecoveringCommand short-circuited and no fallback available.
RecoveringCommand short-circuited and no fallback available.
RecoveringCommand short-circuited and no fallback available.
RecoveringCommand short-circuited and no fallback available.
RecoveringCommand short-circuited and no fallback available.
RecoveringCommand short-circuited and no fallback available.
RecoveringCommand short-circuited and no fallback available.
RecoveringCommand short-circuited and no fallback available.
RecoveringCommand short-circuited and no fallback available.
RecoveringCommand short-circuited and no fallback available.
RecoveringCommand short-circuited and no fallback available.
RecoveringCommand short-circuited and no fallback available.
RecoveringCommand short-circuited and no fallback available.
RecoveringCommand short-circuited and no fallback available.
RecoveringCommand short-circuited and no fallback available.
RecoveringCommand short-circuited and no fallback available.
RecoveringCommand short-circuited and no fallback available.
RecoveringCommand short-circuited and no fallback available.
RecoveringCommand short-circuited and no fallback available.
RecoveringCommand short-circuited and no fallback available.
RecoveringCommand short-circuited and no fallback available.
RecoveringCommand short-circuited and no fallback available.
RecoveringCommand short-circuited and no fallback available.
RecoveringCommand short-circuited and no fallback available.
RecoveringCommand short-circuited and no fallback available.
RecoveringCommand short-circuited and no fallback available.
RecoveringCommand short-circuited and no fallback available.
RecoveringCommand short-circuited and no fallback available.
RecoveringCommand short-circuited and no fallback available.
RecoveringCommand short-circuited and no fallback available.
RecoveringCommand short-circuited and no fallback available.
RecoveringCommand short-circuited and no fallback available.
RecoveringCommand short-circuited and no fallback available.
RecoveringCommand short-circuited and no fallback available.
RecoveringCommand short-circuited and no fallback available.
RecoveringCommand short-circuited and no fallback available.
RecoveringCommand short-circuited and no fallback available.
RecoveringCommand short-circuited and no fallback available.
RecoveringCommand short-circuited and no fallback available.
RecoveringCommand short-circuited and no fallback available.
RecoveringCommand short-circuited and no fallback available.
RecoveringCommand short-circuited and no fallback available.
RecoveringCommand short-circuited and no fallback available.
RecoveringCommand short-circuited and no fallback available.
RecoveringCommand short-circuited and no fallback available.
RecoveringCommand short-circuited and no fallback available.
RecoveringCommand short-circuited and no fallback available.
RecoveringCommand short-circuited and no fallback available.
RecoveringCommand short-circuited and no fallback available.
RecoveringCommand short-circuited and no fallback available.
RecoveringCommand short-circuited and no fallback available.
RecoveringCommand short-circuited and no fallback available.
RecoveringCommand short-circuited and no fallback available.
RecoveringCommand short-circuited and no fallback available.
RecoveringCommand short-circuited and no fallback available.
RecoveringCommand short-circuited and no fallback available.
RecoveringCommand short-circuited and no fallback available.
RecoveringCommand short-circuited and no fallback available.
RecoveringCommand short-circuited and no fallback available.
RecoveringCommand short-circuited and no fallback available.
RecoveringCommand short-circuited and no fallback available.
RecoveringCommand short-circuited and no fallback available.
RecoveringCommand short-circuited and no fallback available.
RecoveringCommand short-circuited and no fallback available.
RecoveringCommand short-circuited and no fallback available.
RecoveringCommand short-circuited and no fallback available.
RecoveringCommand short-circuited and no fallback available.
RecoveringCommand short-circuited and no fallback available.
RecoveringCommand short-circuited and no fallback available.
RecoveringCommand short-circuited and no fallback available.
RecoveringCommand short-circuited and no fallback available.
RecoveringCommand short-circuited and no fallback available.
RecoveringCommand short-circuited and no fallback available.
RecoveringCommand short-circuited and no fallback available.
RecoveringCommand short-circuited and no fallback available.
RecoveringCommand short-circuited and no fallback available.
RecoveringCommand short-circuited and no fallback available.
RecoveringCommand short-circuited and no fallback available.
RecoveringCommand short-circuited and no fallback available.
RecoveringCommand short-circuited and no fallback available.
RecoveringCommand short-circuited and no fallback available.
RecoveringCommand short-circuited and no fallback available.
RecoveringCommand short-circuited and no fallback available.
RecoveringCommand short-circuited and no fallback available.
RecoveringCommand short-circuited and no fallback available.
RecoveringCommand short-circuited and no fallback available.
RecoveringCommand short-circuited and no fallback available.
RecoveringCommand short-circuited and no fallback available.
RecoveringCommand short-circuited and no fallback available.
RecoveringCommand short-circuited and no fallback available.
RecoveringCommand short-circuited and no fallback available.
RecoveringCommand short-circuited and no fallback available.
RecoveringCommand short-circuited and no fallback available.
RecoveringCommand short-circuited and no fallback available.
RecoveringCommand short-circuited and no fallback available.
RecoveringCommand short-circuited and no fallback available.
RecoveringCommand short-circuited and no fallback available.
RecoveringCommand short-circuited and no fallback available.
RecoveringCommand short-circuited and no fallback available.
RecoveringCommand short-circuited and no fallback available.
RecoveringCommand short-circuited and no fallback available.
RecoveringCommand short-circuited and no fallback available.
RecoveringCommand short-circuited and no fallback available.
RecoveringCommand short-circuited and no fallback available.
RecoveringCommand short-circuited and no fallback available.
RecoveringCommand short-circuited and no fallback available.
RecoveringCommand short-circuited and no fallback available.
RecoveringCommand short-circuited and no fallback available.
RecoveringCommand short-circuited and no fallback available.
RecoveringCommand short-circuited and no fallback available.
RecoveringCommand short-circuited and no fallback available.
RecoveringCommand short-circuited and no fallback available.
RecoveringCommand short-circuited and no fallback available.
RecoveringCommand short-circuited and no fallback available.
RecoveringCommand short-circuited and no fallback available.
RecoveringCommand short-circuited and no fallback available.
RecoveringCommand short-circuited and no fallback available.
RecoveringCommand short-circuited and no fallback available.
RecoveringCommand short-circuited and no fallback available.
RecoveringCommand short-circuited and no fallback available.
RecoveringCommand short-circuited and no fallback available.
RecoveringCommand short-circuited and no fallback available.
RecoveringCommand short-circuited and no fallback available.
RecoveringCommand short-circuited and no fallback available.
RecoveringCommand short-circuited and no fallback available.
RecoveringCommand short-circuited and no fallback available.
RecoveringCommand short-circuited and no fallback available.
RecoveringCommand short-circuited and no fallback available.
RecoveringCommand short-circuited and no fallback available.
RecoveringCommand short-circuited and no fallback available.
RecoveringCommand short-circuited and no fallback available.
RecoveringCommand short-circuited and no fallback available.
RecoveringCommand short-circuited and no fallback available.
RecoveringCommand short-circuited and no fallback available.
RecoveringCommand short-circuited and no fallback available.
RecoveringCommand short-circuited and no fallback available.
RecoveringCommand short-circuited and no fallback available.
RecoveringCommand short-circuited and no fallback available.
RecoveringCommand short-circuited and no fallback available.
RecoveringCommand short-circuited and no fallback available.
RecoveringCommand short-circuited and no fallback available.
RecoveringCommand short-circuited and no fallback available.
RecoveringCommand short-circuited and no fallback available.
RecoveringCommand short-circuited and no fallback available.
RecoveringCommand short-circuited and no fallback available.
RecoveringCommand short-circuited and no fallback available.
RecoveringCommand short-circuited and no fallback available.
RecoveringCommand short-circuited and no fallback available.
RecoveringCommand short-circuited and no fallback available.
RecoveringCommand short-circuited and no fallback available.
RecoveringCommand short-circuited and no fallback available.
RecoveringCommand short-circuited and no fallback available.
RecoveringCommand short-circuited and no fallback available.
RecoveringCommand short-circuited and no fallback available.
RecoveringCommand short-circuited and no fallback available.
RecoveringCommand short-circuited and no fallback available.
RecoveringCommand short-circuited and no fallback available.
RecoveringCommand short-circuited and no fallback available.
RecoveringCommand short-circuited and no fallback available.
RecoveringCommand short-circuited and no fallback available.
RecoveringCommand short-circuited and no fallback available.
RecoveringCommand short-circuited and no fallback available.
RecoveringCommand short-circuited and no fallback available.
RecoveringCommand short-circuited and no fallback available.
RecoveringCommand short-circuited and no fallback available.
RecoveringCommand short-circuited and no fallback available.
RecoveringCommand short-circuited and no fallback available.
RecoveringCommand short-circuited and no fallback available.
RecoveringCommand short-circuited and no fallback available.
RecoveringCommand short-circuited and no fallback available.
RecoveringCommand short-circuited and no fallback available.
RecoveringCommand short-circuited and no fallback available.
RecoveringCommand short-circuited and no fallback available.
RecoveringCommand short-circuited and no fallback available.
RecoveringCommand short-circuited and no fallback available.
RecoveringCommand short-circuited and no fallback available.
RecoveringCommand short-circuited and no fallback available.
RecoveringCommand short-circuited and no fallback available.
RecoveringCommand short-circuited and no fallback available.
RecoveringCommand short-circuited and no fallback available.
RecoveringCommand short-circuited and no fallback available.
RecoveringCommand short-circuited and no fallback available.
RecoveringCommand short-circuited and no fallback available.
RecoveringCommand short-circuited and no fallback available.
RecoveringCommand short-circuited and no fallback available.
RecoveringCommand short-circuited and no fallback available.
RecoveringCommand short-circuited and no fallback available.
RecoveringCommand short-circuited and no fallback available.
RecoveringCommand short-circuited and no fallback available.
RecoveringCommand short-circuited and no fallback available.
RecoveringCommand short-circuited and no fallback available.
RecoveringCommand short-circuited and no fallback available.
RecoveringCommand short-circuited and no fallback available.
RecoveringCommand short-circuited and no fallback available.
RecoveringCommand short-circuited and no fallback available.
RecoveringCommand short-circuited and no fallback available.
RecoveringCommand short-circuited and no fallback available.
RecoveringCommand short-circuited and no fallback available.
RecoveringCommand short-circuited and no fallback available.
RecoveringCommand short-circuited and no fallback available.
RecoveringCommand short-circuited and no fallback available.
RecoveringCommand short-circuited and no fallback available.
RecoveringCommand short-circuited and no fallback available.
RecoveringCommand short-circuited and no fallback available.
RecoveringCommand short-circuited and no fallback available.
RecoveringCommand short-circuited and no fallback available.
RecoveringCommand short-circuited and no fallback available.
RecoveringCommand short-circuited and no fallback available.
RecoveringCommand short-circuited and no fallback available.
RecoveringCommand short-circuited and no fallback available.
RecoveringCommand short-circuited and no fallback available.
RecoveringCommand short-circuited and no fallback available.
RecoveringCommand short-circuited and no fallback available.
RecoveringCommand short-circuited and no fallback available.
RecoveringCommand short-circuited and no fallback available.
RecoveringCommand short-circuited and no fallback available.
RecoveringCommand short-circuited and no fallback available.
RecoveringCommand short-circuited and no fallback available.
RecoveringCommand short-circuited and no fallback available.
RecoveringCommand short-circuited and no fallback available.
RecoveringCommand short-circuited and no fallback available.
RecoveringCommand short-circuited and no fallback available.
RecoveringCommand short-circuited and no fallback available.
RecoveringCommand short-circuited and no fallback available.
RecoveringCommand short-circuited and no fallback available.
RecoveringCommand short-circuited and no fallback available.
RecoveringCommand short-circuited and no fallback available.
RecoveringCommand short-circuited and no fallback available.
RecoveringCommand short-circuited and no fallback available.
RecoveringCommand short-circuited and no fallback available.
RecoveringCommand short-circuited and no fallback available.
RecoveringCommand short-circuited and no fallback available.
RecoveringCommand short-circuited and no fallback available.
RecoveringCommand short-circuited and no fallback available.
RecoveringCommand short-circuited and no fallback available.
RecoveringCommand short-circuited and no fallback available.
RecoveringCommand short-circuited and no fallback available.
RecoveringCommand short-circuited and no fallback available.
RecoveringCommand short-circuited and no fallback available.
RecoveringCommand short-circuited and no fallback available.
RecoveringCommand short-circuited and no fallback available.
RecoveringCommand short-circuited and no fallback available.
RecoveringCommand short-circuited and no fallback available.
RecoveringCommand short-circuited and no fallback available.
RecoveringCommand short-circuited and no fallback available.
RecoveringCommand short-circuited and no fallback available.
RecoveringCommand short-circuited and no fallback available.
RecoveringCommand short-circuited and no fallback available.
RecoveringCommand short-circuited and no fallback available.
RecoveringCommand short-circuited and no fallback available.
RecoveringCommand short-circuited and no fallback available.
RecoveringCommand short-circuited and no fallback available.
RecoveringCommand short-circuited and no fallback available.
RecoveringCommand short-circuited and no fallback available.
RecoveringCommand short-circuited and no fallback available.
RecoveringCommand short-circuited and no fallback available.
RecoveringCommand short-circuited and no fallback available.
RecoveringCommand short-circuited and no fallback available.
RecoveringCommand short-circuited and no fallback available.
RecoveringCommand short-circuited and no fallback available.
RecoveringCommand short-circuited and no fallback available.
RecoveringCommand short-circuited and no fallback available.
RecoveringCommand short-circuited and no fallback available.
RecoveringCommand short-circuited and no fallback available.
RecoveringCommand short-circuited and no fallback available.
RecoveringCommand short-circuited and no fallback available.
RecoveringCommand short-circuited and no fallback available.
RecoveringCommand short-circuited and no fallback available.
RecoveringCommand short-circuited and no fallback available.
RecoveringCommand short-circuited and no fallback available.
RecoveringCommand short-circuited and no fallback available.
RecoveringCommand short-circuited and no fallback available.
RecoveringCommand short-circuited and no fallback available.
RecoveringCommand short-circuited and no fallback available.
RecoveringCommand short-circuited and no fallback available.
RecoveringCommand short-circuited and no fallback available.
RecoveringCommand short-circuited and no fallback available.
RecoveringCommand short-circuited and no fallback available.
RecoveringCommand short-circuited and no fallback available.
RecoveringCommand short-circuited and no fallback available.
RecoveringCommand short-circuited and no fallback available.
RecoveringCommand short-circuited and no fallback available.
RecoveringCommand short-circuited and no fallback available.
RecoveringCommand short-circuited and no fallback available.
RecoveringCommand short-circuited and no fallback available.
RecoveringCommand short-circuited and no fallback available.
RecoveringCommand short-circuited and no fallback available.
RecoveringCommand short-circuited and no fallback available.
RecoveringCommand short-circuited and no fallback available.
RecoveringCommand short-circuited and no fallback available.
RecoveringCommand short-circuited and no fallback available.
RecoveringCommand short-circuited and no fallback available.
RecoveringCommand short-circuited and no fallback available.
RecoveringCommand short-circuited and no fallback available.
RecoveringCommand short-circuited and no fallback available.
RecoveringCommand short-circuited and no fallback available.
RecoveringCommand short-circuited and no fallback available.
RecoveringCommand short-circuited and no fallback available.
RecoveringCommand short-circuited and no fallback available.
RecoveringCommand short-circuited and no fallback available.
RecoveringCommand short-circuited and no fallback available.
RecoveringCommand short-circuited and no fallback available.
RecoveringCommand short-circuited and no fallback available.
RecoveringCommand short-circuited and no fallback available.
RecoveringCommand short-circuited and no fallback available.
RecoveringCommand short-circuited and no fallback available.
RecoveringCommand short-circuited and no fallback available.
RecoveringCommand short-circuited and no fallback available.
RecoveringCommand short-circuited and no fallback available.
RecoveringCommand short-circuited and no fallback available.
RecoveringCommand short-circuited and no fallback available.
RecoveringCommand short-circuited and no fallback available.
RecoveringCommand short-circuited and no fallback available.
RecoveringCommand short-circuited and no fallback available.
RecoveringCommand short-circuited and no fallback available.
RecoveringCommand short-circuited and no fallback available.
RecoveringCommand short-circuited and no fallback available.
RecoveringCommand short-circuited and no fallback available.
RecoveringCommand short-circuited and no fallback available.
RecoveringCommand short-circuited and no fallback available.
RecoveringCommand short-circuited and no fallback available.
RecoveringCommand short-circuited and no fallback available.
RecoveringCommand short-circuited and no fallback available.
RecoveringCommand short-circuited and no fallback available.
RecoveringCommand short-circuited and no fallback available.
RecoveringCommand short-circuited and no fallback available.
RecoveringCommand short-circuited and no fallback available.
RecoveringCommand short-circuited and no fallback available.
RecoveringCommand short-circuited and no fallback available.
RecoveringCommand short-circuited and no fallback available.
RecoveringCommand short-circuited and no fallback available.
RecoveringCommand short-circuited and no fallback available.
RecoveringCommand short-circuited and no fallback available.
RecoveringCommand short-circuited and no fallback available.
RecoveringCommand short-circuited and no fallback available.
RecoveringCommand short-circuited and no fallback available.
RecoveringCommand short-circuited and no fallback available.
RecoveringCommand short-circuited and no fallback available.
RecoveringCommand short-circuited and no fallback available.
RecoveringCommand short-circuited and no fallback available.
RecoveringCommand short-circuited and no fallback available.
RecoveringCommand short-circuited and no fallback available.
RecoveringCommand short-circuited and no fallback available.
RecoveringCommand short-circuited and no fallback available.
RecoveringCommand short-circuited and no fallback available.
RecoveringCommand short-circuited and no fallback available.
RecoveringCommand short-circuited and no fallback available.
RecoveringCommand short-circuited and no fallback available.
RecoveringCommand short-circuited and no fallback available.
RecoveringCommand short-circuited and no fallback available.
RecoveringCommand short-circuited and no fallback available.
RecoveringCommand short-circuited and no fallback available.
RecoveringCommand short-circuited and no fallback available.
RecoveringCommand short-circuited and no fallback available.
RecoveringCommand short-circuited and no fallback available.
RecoveringCommand short-circuited and no fallback available.
RecoveringCommand short-circuited and no fallback available.
RecoveringCommand short-circuited and no fallback available.
RecoveringCommand short-circuited and no fallback available.
RecoveringCommand short-circuited and no fallback available.
RecoveringCommand short-circuited and no fallback available.
RecoveringCommand short-circuited and no fallback available.
RecoveringCommand short-circuited and no fallback available.
RecoveringCommand short-circuited and no fallback available.
RecoveringCommand short-circuited and no fallback available.
RecoveringCommand short-circuited and no fallback available.
RecoveringCommand short-circuited and no fallback available.
RecoveringCommand short-circuited and no fallback available.
RecoveringCommand short-circuited and no fallback available.
RecoveringCommand short-circuited and no fallback available.
RecoveringCommand short-circuited and no fallback available.
RecoveringCommand short-circuited and no fallback available.
RecoveringCommand short-circuited and no fallback available.
RecoveringCommand short-circuited and no fallback available.
RecoveringCommand short-circuited and no fallback available.
RecoveringCommand short-circuited and no fallback available.
RecoveringCommand short-circuited and no fallback available.
RecoveringCommand short-circuited and no fallback available.
RecoveringCommand short-circuited and no fallback available.
RecoveringCommand short-circuited and no fallback available.
RecoveringCommand short-circuited and no fallback available.
RecoveringCommand short-circuited and no fallback available.
RecoveringCommand short-circuited and no fallback available.
RecoveringCommand short-circuited and no fallback available.
RecoveringCommand short-circuited and no fallback available.
RecoveringCommand short-circuited and no fallback available.
RecoveringCommand short-circuited and no fallback available.
RecoveringCommand short-circuited and no fallback available.
RecoveringCommand short-circuited and no fallback available.
RecoveringCommand short-circuited and no fallback available.
RecoveringCommand short-circuited and no fallback available.
RecoveringCommand short-circuited and no fallback available.
RecoveringCommand short-circuited and no fallback available.
RecoveringCommand short-circuited and no fallback available.
RecoveringCommand short-circuited and no fallback available.
RecoveringCommand short-circuited and no fallback available.
RecoveringCommand short-circuited and no fallback available.
RecoveringCommand short-circuited and no fallback available.
RecoveringCommand short-circuited and no fallback available.
RecoveringCommand short-circuited and no fallback available.
RecoveringCommand short-circuited and no fallback available.
RecoveringCommand short-circuited and no fallback available.
RecoveringCommand short-circuited and no fallback available.
RecoveringCommand short-circuited and no fallback available.
RecoveringCommand short-circuited and no fallback available.
RecoveringCommand short-circuited and no fallback available.
RecoveringCommand short-circuited and no fallback available.
RecoveringCommand short-circuited and no fallback available.
RecoveringCommand short-circuited and no fallback available.
RecoveringCommand short-circuited and no fallback available.
RecoveringCommand short-circuited and no fallback available.
RecoveringCommand short-circuited and no fallback available.
RecoveringCommand short-circuited and no fallback available.
RecoveringCommand short-circuited and no fallback available.
RecoveringCommand short-circuited and no fallback available.
RecoveringCommand short-circuited and no fallback available.
RecoveringCommand short-circuited and no fallback available.
RecoveringCommand short-circuited and no fallback available.
RecoveringCommand short-circuited and no fallback available.
RecoveringCommand short-circuited and no fallback available.
RecoveringCommand short-circuited and no fallback available.
RecoveringCommand short-circuited and no fallback available.
RecoveringCommand short-circuited and no fallback available.
RecoveringCommand short-circuited and no fallback available.
RecoveringCommand short-circuited and no fallback available.
RecoveringCommand short-circuited and no fallback available.
RecoveringCommand short-circuited and no fallback available.
RecoveringCommand short-circuited and no fallback available.
RecoveringCommand short-circuited and no fallback available.
RecoveringCommand short-circuited and no fallback available.
RecoveringCommand short-circuited and no fallback available.
RecoveringCommand short-circuited and no fallback available.
RecoveringCommand short-circuited and no fallback available.
RecoveringCommand short-circuited and no fallback available.
RecoveringCommand short-circuited and no fallback available.
RecoveringCommand short-circuited and no fallback available.
RecoveringCommand short-circuited and no fallback available.
RecoveringCommand short-circuited and no fallback available.
RecoveringCommand short-circuited and no fallback available.
RecoveringCommand short-circuited and no fallback available.
RecoveringCommand short-circuited and no fallback available.
RecoveringCommand short-circuited and no fallback available.
RecoveringCommand short-circuited and no fallback available.
RecoveringCommand short-circuited and no fallback available.
RecoveringCommand short-circuited and no fallback available.
RecoveringCommand short-circuited and no fallback available.
RecoveringCommand short-circuited and no fallback available.
RecoveringCommand short-circuited and no fallback available.
RecoveringCommand short-circuited and no fallback available.
RecoveringCommand short-circuited and no fallback available.
RecoveringCommand short-circuited and no fallback available.
RecoveringCommand short-circuited and no fallback available.
RecoveringCommand short-circuited and no fallback available.
RecoveringCommand short-circuited and no fallback available.
RecoveringCommand short-circuited and no fallback available.
RecoveringCommand short-circuited and no fallback available.
RecoveringCommand short-circuited and no fallback available.
RecoveringCommand short-circuited and no fallback available.
RecoveringCommand short-circuited and no fallback available.
RecoveringCommand short-circuited and no fallback available.
RecoveringCommand short-circuited and no fallback available.
RecoveringCommand short-circuited and no fallback available.
RecoveringCommand short-circuited and no fallback available.
RecoveringCommand short-circuited and no fallback available.
RecoveringCommand short-circuited and no fallback available.
RecoveringCommand short-circuited and no fallback available.
RecoveringCommand short-circuited and no fallback available.
RecoveringCommand short-circuited and no fallback available.
RecoveringCommand short-circuited and no fallback available.
RecoveringCommand short-circuited and no fallback available.
RecoveringCommand short-circuited and no fallback available.
RecoveringCommand short-circuited and no fallback available.
RecoveringCommand short-circuited and no fallback available.
RecoveringCommand short-circuited and no fallback available.
RecoveringCommand short-circuited and no fallback available.
RecoveringCommand short-circuited and no fallback available.
RecoveringCommand short-circuited and no fallback available.
RecoveringCommand short-circuited and no fallback available.
RecoveringCommand short-circuited and no fallback available.
RecoveringCommand short-circuited and no fallback available.
RecoveringCommand short-circuited and no fallback available.
RecoveringCommand short-circuited and no fallback available.
RecoveringCommand short-circuited and no fallback available.
RecoveringCommand short-circuited and no fallback available.
RecoveringCommand short-circuited and no fallback available.
RecoveringCommand short-circuited and no fallback available.
RecoveringCommand short-circuited and no fallback available.
RecoveringCommand short-circuited and no fallback available.
RecoveringCommand short-circuited and no fallback available.
RecoveringCommand short-circuited and no fallback available.
RecoveringCommand short-circuited and no fallback available.
RecoveringCommand short-circuited and no fallback available.
RecoveringCommand short-circuited and no fallback available.
RecoveringCommand short-circuited and no fallback available.
RecoveringCommand short-circuited and no fallback available.
RecoveringCommand short-circuited and no fallback available.
RecoveringCommand short-circuited and no fallback available.
RecoveringCommand short-circuited and no fallback available.
RecoveringCommand short-circuited and no fallback available.
RecoveringCommand short-circuited and no fallback available.
RecoveringCommand short-circuited and no fallback available.
RecoveringCommand short-circuited and no fallback available.
RecoveringCommand short-circuited and no fallback available.
RecoveringCommand short-circuited and no fallback available.
RecoveringCommand short-circuited and no fallback available.
RecoveringCommand short-circuited and no fallback available.
RecoveringCommand short-circuited and no fallback available.
RecoveringCommand short-circuited and no fallback available.
RecoveringCommand short-circuited and no fallback available.
RecoveringCommand short-circuited and no fallback available.
RecoveringCommand short-circuited and no fallback available.
RecoveringCommand short-circuited and no fallback available.
RecoveringCommand short-circuited and no fallback available.
RecoveringCommand short-circuited and no fallback available.
RecoveringCommand short-circuited and no fallback available.
RecoveringCommand short-circuited and no fallback available.
RecoveringCommand short-circuited and no fallback available.
RecoveringCommand short-circuited and no fallback available.
RecoveringCommand short-circuited and no fallback available.
RecoveringCommand short-circuited and no fallback available.
RecoveringCommand short-circuited and no fallback available.
RecoveringCommand short-circuited and no fallback available.
RecoveringCommand short-circuited and no fallback available.
RecoveringCommand short-circuited and no fallback available.
RecoveringCommand short-circuited and no fallback available.
RecoveringCommand short-circuited and no fallback available.
RecoveringCommand short-circuited and no fallback available.
RecoveringCommand short-circuited and no fallback available.
RecoveringCommand short-circuited and no fallback available.
RecoveringCommand short-circuited and no fallback available.
RecoveringCommand short-circuited and no fallback available.
RecoveringCommand short-circuited and no fallback available.
RecoveringCommand short-circuited and no fallback available.
RecoveringCommand short-circuited and no fallback available.
RecoveringCommand short-circuited and no fallback available.
RecoveringCommand short-circuited and no fallback available.
RecoveringCommand short-circuited and no fallback available.
RecoveringCommand short-circuited and no fallback available.
RecoveringCommand short-circuited and no fallback available.
RecoveringCommand short-circuited and no fallback available.
RecoveringCommand short-circuited and no fallback available.
RecoveringCommand short-circuited and no fallback available.
RecoveringCommand short-circuited and no fallback available.
RecoveringCommand short-circuited and no fallback available.
RecoveringCommand short-circuited and no fallback available.
RecoveringCommand short-circuited and no fallback available.
RecoveringCommand short-circuited and no fallback available.
RecoveringCommand short-circuited and no fallback available.
RecoveringCommand short-circuited and no fallback available.
RecoveringCommand short-circuited and no fallback available.
RecoveringCommand short-circuited and no fallback available.
RecoveringCommand short-circuited and no fallback available.
RecoveringCommand short-circuited and no fallback available.
RecoveringCommand short-circuited and no fallback available.
RecoveringCommand short-circuited and no fallback available.
RecoveringCommand short-circuited and no fallback available.
RecoveringCommand short-circuited and no fallback available.
RecoveringCommand short-circuited and no fallback available.
RecoveringCommand short-circuited and no fallback available.
RecoveringCommand short-circuited and no fallback available.
RecoveringCommand short-circuited and no fallback available.
RecoveringCommand short-circuited and no fallback available.
RecoveringCommand short-circuited and no fallback available.
RecoveringCommand short-circuited and no fallback available.
RecoveringCommand short-circuited and no fallback available.
RecoveringCommand short-circuited and no fallback available.
RecoveringCommand short-circuited and no fallback available.
RecoveringCommand short-circuited and no fallback available.
RecoveringCommand short-circuited and no fallback available.
RecoveringCommand short-circuited and no fallback available.
RecoveringCommand short-circuited and no fallback available.
RecoveringCommand short-circuited and no fallback available.
RecoveringCommand short-circuited and no fallback available.
RecoveringCommand short-circuited and no fallback available.
RecoveringCommand short-circuited and no fallback available.
RecoveringCommand short-circuited and no fallback available.
RecoveringCommand short-circuited and no fallback available.
RecoveringCommand short-circuited and no fallback available.
RecoveringCommand short-circuited and no fallback available.
RecoveringCommand short-circuited and no fallback available.
RecoveringCommand short-circuited and no fallback available.
RecoveringCommand short-circuited and no fallback available.
RecoveringCommand short-circuited and no fallback available.
RecoveringCommand short-circuited and no fallback available.
RecoveringCommand short-circuited and no fallback available.
RecoveringCommand short-circuited and no fallback available.
RecoveringCommand short-circuited and no fallback available.
RecoveringCommand short-circuited and no fallback available.
RecoveringCommand short-circuited and no fallback available.
RecoveringCommand short-circuited and no fallback available.
RecoveringCommand short-circuited and no fallback available.
RecoveringCommand short-circuited and no fallback available.
RecoveringCommand short-circuited and no fallback available.
RecoveringCommand short-circuited and no fallback available.
RecoveringCommand short-circuited and no fallback available.
RecoveringCommand short-circuited and no fallback available.
RecoveringCommand short-circuited and no fallback available.
RecoveringCommand short-circuited and no fallback available.
RecoveringCommand short-circuited and no fallback available.
RecoveringCommand short-circuited and no fallback available.
RecoveringCommand short-circuited and no fallback available.
RecoveringCommand short-circuited and no fallback available.
RecoveringCommand short-circuited and no fallback available.
RecoveringCommand short-circuited and no fallback available.
RecoveringCommand short-circuited and no fallback available.
RecoveringCommand short-circuited and no fallback available.
RecoveringCommand short-circuited and no fallback available.
RecoveringCommand short-circuited and no fallback available.
RecoveringCommand short-circuited and no fallback available.
RecoveringCommand short-circuited and no fallback available.
RecoveringCommand short-circuited and no fallback available.
RecoveringCommand short-circuited and no fallback available.
RecoveringCommand short-circuited and no fallback available.
RecoveringCommand short-circuited and no fallback available.
RecoveringCommand short-circuited and no fallback available.
RecoveringCommand short-circuited and no fallback available.
RecoveringCommand short-circuited and no fallback available.
RecoveringCommand short-circuited and no fallback available.
RecoveringCommand short-circuited and no fallback available.
RecoveringCommand short-circuited and no fallback available.
RecoveringCommand short-circuited and no fallback available.
RecoveringCommand short-circuited and no fallback available.
RecoveringCommand short-circuited and no fallback available.
RecoveringCommand short-circuited and no fallback available.
RecoveringCommand short-circuited and no fallback available.
RecoveringCommand short-circuited and no fallback available.
RecoveringCommand short-circuited and no fallback available.
RecoveringCommand short-circuited and no fallback available.
RecoveringCommand short-circuited and no fallback available.
RecoveringCommand short-circuited and no fallback available.
RecoveringCommand short-circuited and no fallback available.
RecoveringCommand short-circuited and no fallback available.
RecoveringCommand short-circuited and no fallback available.
RecoveringCommand short-circuited and no fallback available.
RecoveringCommand short-circuited and no fallback available.
RecoveringCommand short-circuited and no fallback available.
RecoveringCommand short-circuited and no fallback available.
RecoveringCommand short-circuited and no fallback available.
RecoveringCommand short-circuited and no fallback available.
RecoveringCommand short-circuited and no fallback available.
RecoveringCommand short-circuited and no fallback available.
RecoveringCommand short-circuited and no fallback available.
RecoveringCommand short-circuited and no fallback available.
RecoveringCommand short-circuited and no fallback available.
RecoveringCommand short-circuited and no fallback available.
RecoveringCommand short-circuited and no fallback available.
RecoveringCommand short-circuited and no fallback available.
RecoveringCommand short-circuited and no fallback available.
RecoveringCommand short-circuited and no fallback available.
RecoveringCommand short-circuited and no fallback available.
RecoveringCommand short-circuited and no fallback available.
RecoveringCommand short-circuited and no fallback available.
RecoveringCommand short-circuited and no fallback available.
RecoveringCommand short-circuited and no fallback available.
RecoveringCommand short-circuited and no fallback available.
RecoveringCommand short-circuited and no fallback available.
RecoveringCommand short-circuited and no fallback available.
RecoveringCommand short-circuited and no fallback available.
RecoveringCommand short-circuited and no fallback available.
RecoveringCommand short-circuited and no fallback available.
RecoveringCommand short-circuited and no fallback available.
RecoveringCommand short-circuited and no fallback available.
RecoveringCommand short-circuited and no fallback available.
RecoveringCommand short-circuited and no fallback available.
RecoveringCommand short-circuited and no fallback available.
RecoveringCommand short-circuited and no fallback available.
RecoveringCommand short-circuited and no fallback available.
RecoveringCommand short-circuited and no fallback available.
RecoveringCommand short-circuited and no fallback available.
RecoveringCommand short-circuited and no fallback available.
RecoveringCommand short-circuited and no fallback available.
RecoveringCommand short-circuited and no fallback available.
RecoveringCommand short-circuited and no fallback available.
RecoveringCommand short-circuited and no fallback available.
RecoveringCommand short-circuited and no fallback available.
RecoveringCommand short-circuited and no fallback available.
RecoveringCommand short-circuited and no fallback available.
RecoveringCommand short-circuited and no fallback available.
RecoveringCommand short-circuited and no fallback available.
RecoveringCommand short-circuited and no fallback available.
RecoveringCommand short-circuited and no fallback available.
RecoveringCommand short-circuited and no fallback available.
RecoveringCommand short-circuited and no fallback available.
RecoveringCommand short-circuited and no fallback available.
RecoveringCommand short-circuited and no fallback available.
RecoveringCommand short-circuited and no fallback available.
RecoveringCommand short-circuited and no fallback available.
RecoveringCommand short-circuited and no fallback available.
RecoveringCommand short-circuited and no fallback available.
RecoveringCommand short-circuited and no fallback available.
RecoveringCommand short-circuited and no fallback available.
RecoveringCommand short-circuited and no fallback available.
RecoveringCommand short-circuited and no fallback available.
RecoveringCommand short-circuited and no fallback available.
RecoveringCommand short-circuited and no fallback available.
RecoveringCommand short-circuited and no fallback available.
RecoveringCommand short-circuited and no fallback available.
RecoveringCommand short-circuited and no fallback available.
RecoveringCommand short-circuited and no fallback available.
RecoveringCommand short-circuited and no fallback available.
RecoveringCommand short-circuited and no fallback available.
RecoveringCommand short-circuited and no fallback available.
RecoveringCommand short-circuited and no fallback available.
RecoveringCommand short-circuited and no fallback available.
RecoveringCommand short-circuited and no fallback available.
RecoveringCommand short-circuited and no fallback available.
RecoveringCommand short-circuited and no fallback available.
RecoveringCommand short-circuited and no fallback available.
RecoveringCommand short-circuited and no fallback available.
RecoveringCommand short-circuited and no fallback available.
RecoveringCommand short-circuited and no fallback available.
RecoveringCommand short-circuited and no fallback available.
RecoveringCommand short-circuited and no fallback available.
RecoveringCommand short-circuited and no fallback available.
RecoveringCommand short-circuited and no fallback available.
RecoveringCommand short-circuited and no fallback available.
RecoveringCommand short-circuited and no fallback available.
RecoveringCommand short-circuited and no fallback available.
RecoveringCommand short-circuited and no fallback available.
RecoveringCommand short-circuited and no fallback available.
RecoveringCommand short-circuited and no fallback available.
RecoveringCommand short-circuited and no fallback available.
RecoveringCommand short-circuited and no fallback available.
RecoveringCommand short-circuited and no fallback available.
RecoveringCommand short-circuited and no fallback available.
RecoveringCommand short-circuited and no fallback available.
RecoveringCommand short-circuited and no fallback available.
RecoveringCommand short-circuited and no fallback available.
RecoveringCommand short-circuited and no fallback available.
RecoveringCommand short-circuited and no fallback available.
RecoveringCommand short-circuited and no fallback available.
RecoveringCommand short-circuited and no fallback available.
RecoveringCommand short-circuited and no fallback available.
RecoveringCommand short-circuited and no fallback available.
RecoveringCommand short-circuited and no fallback available.
RecoveringCommand short-circuited and no fallback available.
RecoveringCommand short-circuited and no fallback available.
RecoveringCommand short-circuited and no fallback available.
RecoveringCommand short-circuited and no fallback available.
RecoveringCommand short-circuited and no fallback available.
RecoveringCommand short-circuited and no fallback available.
RecoveringCommand short-circuited and no fallback available.
RecoveringCommand short-circuited and no fallback available.
RecoveringCommand short-circuited and no fallback available.
RecoveringCommand short-circuited and no fallback available.
RecoveringCommand short-circuited and no fallback available.
RecoveringCommand short-circuited and no fallback available.
RecoveringCommand short-circuited and no fallback available.
RecoveringCommand short-circuited and no fallback available.
RecoveringCommand short-circuited and no fallback available.
RecoveringCommand short-circuited and no fallback available.
RecoveringCommand short-circuited and no fallback available.
RecoveringCommand short-circuited and no fallback available.
RecoveringCommand short-circuited and no fallback available.
RecoveringCommand short-circuited and no fallback available.
RecoveringCommand short-circuited and no fallback available.
RecoveringCommand short-circuited and no fallback available.
RecoveringCommand short-circuited and no fallback available.
RecoveringCommand short-circuited and no fallback available.
RecoveringCommand short-circuited and no fallback available.
RecoveringCommand short-circuited and no fallback available.
RecoveringCommand short-circuited and no fallback available.
RecoveringCommand short-circuited and no fallback available.
RecoveringCommand short-circuited and no fallback available.
RecoveringCommand short-circuited and no fallback available.
RecoveringCommand short-circuited and no fallback available.
RecoveringCommand short-circuited and no fallback available.
RecoveringCommand short-circuited and no fallback available.
RecoveringCommand short-circuited and no fallback available.
RecoveringCommand short-circuited and no fallback available.
RecoveringCommand short-circuited and no fallback available.
RecoveringCommand short-circuited and no fallback available.
RecoveringCommand short-circuited and no fallback available.
RecoveringCommand short-circuited and no fallback available.
RecoveringCommand short-circuited and no fallback available.
RecoveringCommand short-circuited and no fallback available.
RecoveringCommand short-circuited and no fallback available.
RecoveringCommand short-circuited and no fallback available.
RecoveringCommand short-circuited and no fallback available.
RecoveringCommand short-circuited and no fallback available.
RecoveringCommand short-circuited and no fallback available.
RecoveringCommand short-circuited and no fallback available.
RecoveringCommand short-circuited and no fallback available.
RecoveringCommand short-circuited and no fallback available.
RecoveringCommand short-circuited and no fallback available.
RecoveringCommand short-circuited and no fallback available.
RecoveringCommand short-circuited and no fallback available.
RecoveringCommand short-circuited and no fallback available.
RecoveringCommand short-circuited and no fallback available.
RecoveringCommand short-circuited and no fallback available.
RecoveringCommand short-circuited and no fallback available.
RecoveringCommand short-circuited and no fallback available.
RecoveringCommand short-circuited and no fallback available.
RecoveringCommand short-circuited and no fallback available.
RecoveringCommand short-circuited and no fallback available.
RecoveringCommand short-circuited and no fallback available.
RecoveringCommand short-circuited and no fallback available.
RecoveringCommand short-circuited and no fallback available.
RecoveringCommand short-circuited and no fallback available.
RecoveringCommand short-circuited and no fallback available.
RecoveringCommand short-circuited and no fallback available.
RecoveringCommand short-circuited and no fallback available.
RecoveringCommand short-circuited and no fallback available.
RecoveringCommand short-circuited and no fallback available.
RecoveringCommand short-circuited and no fallback available.
RecoveringCommand short-circuited and no fallback available.
RecoveringCommand short-circuited and no fallback available.
RecoveringCommand short-circuited and no fallback available.
RecoveringCommand short-circuited and no fallback available.
RecoveringCommand short-circuited and no fallback available.
RecoveringCommand short-circuited and no fallback available.
RecoveringCommand short-circuited and no fallback available.
RecoveringCommand short-circuited and no fallback available.
RecoveringCommand short-circuited and no fallback available.
RecoveringCommand short-circuited and no fallback available.
RecoveringCommand short-circuited and no fallback available.
RecoveringCommand short-circuited and no fallback available.
RecoveringCommand short-circuited and no fallback available.
RecoveringCommand short-circuited and no fallback available.
RecoveringCommand short-circuited and no fallback available.
RecoveringCommand short-circuited and no fallback available.
RecoveringCommand short-circuited and no fallback available.
RecoveringCommand short-circuited and no fallback available.
RecoveringCommand short-circuited and no fallback available.
RecoveringCommand failed and no fallback available.
RecoveringCommand short-circuited and no fallback available.
RecoveringCommand short-circuited and no fallback available.
RecoveringCommand short-circuited and no fallback available.
RecoveringCommand short-circuited and no fallback available.
RecoveringCommand short-circuited and no fallback available.
RecoveringCommand short-circuited and no fallback available.
RecoveringCommand short-circuited and no fallback available.
RecoveringCommand short-circuited and no fallback available.
RecoveringCommand short-circuited and no fallback available.
RecoveringCommand short-circuited and no fallback available.
RecoveringCommand short-circuited and no fallback available.
RecoveringCommand short-circuited and no fallback available.
RecoveringCommand short-circuited and no fallback available.
RecoveringCommand short-circuited and no fallback available.
RecoveringCommand short-circuited and no fallback available.
RecoveringCommand short-circuited and no fallback available.
RecoveringCommand short-circuited and no fallback available.
RecoveringCommand short-circuited and no fallback available.
RecoveringCommand short-circuited and no fallback available.
RecoveringCommand short-circuited and no fallback available.
RecoveringCommand short-circuited and no fallback available.
RecoveringCommand short-circuited and no fallback available.
RecoveringCommand short-circuited and no fallback available.
RecoveringCommand short-circuited and no fallback available.
RecoveringCommand short-circuited and no fallback available.
RecoveringCommand short-circuited and no fallback available.
RecoveringCommand short-circuited and no fallback available.
RecoveringCommand short-circuited and no fallback available.
RecoveringCommand short-circuited and no fallback available.
RecoveringCommand short-circuited and no fallback available.
RecoveringCommand short-circuited and no fallback available.
RecoveringCommand short-circuited and no fallback available.
RecoveringCommand short-circuited and no fallback available.
RecoveringCommand short-circuited and no fallback available.
RecoveringCommand short-circuited and no fallback available.
RecoveringCommand short-circuited and no fallback available.
RecoveringCommand short-circuited and no fallback available.
RecoveringCommand short-circuited and no fallback available.
RecoveringCommand short-circuited and no fallback available.
RecoveringCommand short-circuited and no fallback available.
RecoveringCommand short-circuited and no fallback available.
RecoveringCommand short-circuited and no fallback available.
RecoveringCommand short-circuited and no fallback available.
RecoveringCommand short-circuited and no fallback available.
RecoveringCommand short-circuited and no fallback available.
RecoveringCommand short-circuited and no fallback available.
RecoveringCommand short-circuited and no fallback available.
RecoveringCommand short-circuited and no fallback available.
RecoveringCommand short-circuited and no fallback available.
RecoveringCommand short-circuited and no fallback available.
RecoveringCommand short-circuited and no fallback available.
RecoveringCommand short-circuited and no fallback available.
RecoveringCommand short-circuited and no fallback available.
RecoveringCommand short-circuited and no fallback available.
RecoveringCommand short-circuited and no fallback available.
RecoveringCommand short-circuited and no fallback available.
RecoveringCommand short-circuited and no fallback available.
RecoveringCommand short-circuited and no fallback available.
RecoveringCommand short-circuited and no fallback available.
RecoveringCommand short-circuited and no fallback available.
RecoveringCommand short-circuited and no fallback available.
RecoveringCommand short-circuited and no fallback available.
RecoveringCommand short-circuited and no fallback available.
RecoveringCommand short-circuited and no fallback available.
RecoveringCommand short-circuited and no fallback available.
RecoveringCommand short-circuited and no fallback available.
RecoveringCommand short-circuited and no fallback available.
RecoveringCommand short-circuited and no fallback available.
RecoveringCommand short-circuited and no fallback available.
RecoveringCommand short-circuited and no fallback available.
RecoveringCommand short-circuited and no fallback available.
RecoveringCommand short-circuited and no fallback available.
RecoveringCommand short-circuited and no fallback available.
RecoveringCommand short-circuited and no fallback available.
RecoveringCommand short-circuited and no fallback available.
RecoveringCommand short-circuited and no fallback available.
RecoveringCommand short-circuited and no fallback available.
RecoveringCommand short-circuited and no fallback available.
RecoveringCommand short-circuited and no fallback available.
RecoveringCommand short-circuited and no fallback available.
RecoveringCommand short-circuited and no fallback available.
RecoveringCommand short-circuited and no fallback available.
RecoveringCommand short-circuited and no fallback available.
RecoveringCommand short-circuited and no fallback available.
RecoveringCommand short-circuited and no fallback available.
RecoveringCommand short-circuited and no fallback available.
RecoveringCommand short-circuited and no fallback available.
RecoveringCommand short-circuited and no fallback available.
RecoveringCommand short-circuited and no fallback available.
RecoveringCommand short-circuited and no fallback available.
RecoveringCommand short-circuited and no fallback available.
RecoveringCommand short-circuited and no fallback available.
RecoveringCommand short-circuited and no fallback available.
RecoveringCommand short-circuited and no fallback available.
RecoveringCommand short-circuited and no fallback available.
RecoveringCommand short-circuited and no fallback available.
RecoveringCommand short-circuited and no fallback available.
RecoveringCommand short-circuited and no fallback available.
RecoveringCommand short-circuited and no fallback available.
RecoveringCommand short-circuited and no fallback available.
RecoveringCommand short-circuited and no fallback available.
RecoveringCommand short-circuited and no fallback available.
RecoveringCommand short-circuited and no fallback available.
RecoveringCommand short-circuited and no fallback available.
RecoveringCommand short-circuited and no fallback available.
RecoveringCommand short-circuited and no fallback available.
RecoveringCommand short-circuited and no fallback available.
RecoveringCommand short-circuited and no fallback available.
RecoveringCommand short-circuited and no fallback available.
RecoveringCommand short-circuited and no fallback available.
RecoveringCommand short-circuited and no fallback available.
RecoveringCommand short-circuited and no fallback available.
RecoveringCommand short-circuited and no fallback available.
RecoveringCommand short-circuited and no fallback available.
RecoveringCommand short-circuited and no fallback available.
RecoveringCommand short-circuited and no fallback available.
RecoveringCommand short-circuited and no fallback available.
RecoveringCommand short-circuited and no fallback available.
RecoveringCommand short-circuited and no fallback available.
RecoveringCommand short-circuited and no fallback available.
RecoveringCommand short-circuited and no fallback available.
RecoveringCommand short-circuited and no fallback available.
RecoveringCommand short-circuited and no fallback available.
RecoveringCommand short-circuited and no fallback available.
RecoveringCommand short-circuited and no fallback available.
RecoveringCommand short-circuited and no fallback available.
RecoveringCommand short-circuited and no fallback available.
RecoveringCommand short-circuited and no fallback available.
RecoveringCommand short-circuited and no fallback available.
RecoveringCommand short-circuited and no fallback available.
RecoveringCommand short-circuited and no fallback available.
RecoveringCommand short-circuited and no fallback available.
RecoveringCommand short-circuited and no fallback available.
RecoveringCommand short-circuited and no fallback available.
RecoveringCommand short-circuited and no fallback available.
RecoveringCommand short-circuited and no fallback available.
RecoveringCommand short-circuited and no fallback available.
RecoveringCommand short-circuited and no fallback available.
RecoveringCommand short-circuited and no fallback available.
RecoveringCommand short-circuited and no fallback available.
RecoveringCommand short-circuited and no fallback available.
RecoveringCommand short-circuited and no fallback available.
RecoveringCommand short-circuited and no fallback available.
RecoveringCommand short-circuited and no fallback available.
RecoveringCommand short-circuited and no fallback available.
RecoveringCommand short-circuited and no fallback available.
RecoveringCommand short-circuited and no fallback available.
RecoveringCommand short-circuited and no fallback available.
RecoveringCommand short-circuited and no fallback available.
RecoveringCommand short-circuited and no fallback available.
RecoveringCommand short-circuited and no fallback available.
RecoveringCommand short-circuited and no fallback available.
RecoveringCommand short-circuited and no fallback available.
RecoveringCommand short-circuited and no fallback available.
RecoveringCommand short-circuited and no fallback available.
RecoveringCommand short-circuited and no fallback available.
RecoveringCommand short-circuited and no fallback available.
RecoveringCommand short-circuited and no fallback available.
RecoveringCommand short-circuited and no fallback available.
RecoveringCommand short-circuited and no fallback available.
RecoveringCommand short-circuited and no fallback available.
RecoveringCommand short-circuited and no fallback available.
RecoveringCommand short-circuited and no fallback available.
RecoveringCommand short-circuited and no fallback available.
RecoveringCommand short-circuited and no fallback available.
RecoveringCommand short-circuited and no fallback available.
RecoveringCommand short-circuited and no fallback available.
RecoveringCommand short-circuited and no fallback available.
RecoveringCommand short-circuited and no fallback available.
RecoveringCommand short-circuited and no fallback available.
RecoveringCommand short-circuited and no fallback available.
RecoveringCommand short-circuited and no fallback available.
RecoveringCommand short-circuited and no fallback available.
RecoveringCommand short-circuited and no fallback available.
RecoveringCommand short-circuited and no fallback available.
RecoveringCommand short-circuited and no fallback available.
RecoveringCommand short-circuited and no fallback available.
RecoveringCommand short-circuited and no fallback available.
RecoveringCommand short-circuited and no fallback available.
RecoveringCommand short-circuited and no fallback available.
RecoveringCommand short-circuited and no fallback available.
RecoveringCommand short-circuited and no fallback available.
RecoveringCommand short-circuited and no fallback available.
RecoveringCommand short-circuited and no fallback available.
RecoveringCommand short-circuited and no fallback available.
RecoveringCommand short-circuited and no fallback available.
RecoveringCommand short-circuited and no fallback available.
RecoveringCommand short-circuited and no fallback available.
RecoveringCommand short-circuited and no fallback available.
RecoveringCommand short-circuited and no fallback available.
RecoveringCommand short-circuited and no fallback available.
RecoveringCommand short-circuited and no fallback available.
RecoveringCommand short-circuited and no fallback available.
RecoveringCommand short-circuited and no fallback available.
RecoveringCommand short-circuited and no fallback available.
RecoveringCommand short-circuited and no fallback available.
RecoveringCommand short-circuited and no fallback available.
RecoveringCommand short-circuited and no fallback available.
RecoveringCommand short-circuited and no fallback available.
RecoveringCommand short-circuited and no fallback available.
RecoveringCommand short-circuited and no fallback available.
RecoveringCommand short-circuited and no fallback available.
RecoveringCommand short-circuited and no fallback available.
RecoveringCommand short-circuited and no fallback available.
RecoveringCommand short-circuited and no fallback available.
RecoveringCommand short-circuited and no fallback available.
RecoveringCommand short-circuited and no fallback available.
RecoveringCommand short-circuited and no fallback available.
RecoveringCommand short-circuited and no fallback available.
RecoveringCommand short-circuited and no fallback available.
RecoveringCommand short-circuited and no fallback available.
RecoveringCommand short-circuited and no fallback available.
RecoveringCommand short-circuited and no fallback available.
RecoveringCommand short-circuited and no fallback available.
RecoveringCommand short-circuited and no fallback available.
RecoveringCommand short-circuited and no fallback available.
RecoveringCommand short-circuited and no fallback available.
RecoveringCommand short-circuited and no fallback available.
RecoveringCommand short-circuited and no fallback available.
RecoveringCommand short-circuited and no fallback available.
RecoveringCommand short-circuited and no fallback available.
RecoveringCommand short-circuited and no fallback available.
RecoveringCommand short-circuited and no fallback available.
RecoveringCommand short-circuited and no fallback available.
RecoveringCommand short-circuited and no fallback available.
RecoveringCommand short-circuited and no fallback available.
RecoveringCommand short-circuited and no fallback available.
RecoveringCommand short-circuited and no fallback available.
RecoveringCommand short-circuited and no fallback available.
RecoveringCommand short-circuited and no fallback available.
RecoveringCommand short-circuited and no fallback available.
RecoveringCommand short-circuited and no fallback available.
RecoveringCommand short-circuited and no fallback available.
RecoveringCommand short-circuited and no fallback available.
RecoveringCommand short-circuited and no fallback available.
RecoveringCommand short-circuited and no fallback available.
RecoveringCommand short-circuited and no fallback available.
RecoveringCommand short-circuited and no fallback available.
RecoveringCommand short-circuited and no fallback available.
RecoveringCommand short-circuited and no fallback available.
RecoveringCommand short-circuited and no fallback available.
RecoveringCommand short-circuited and no fallback available.
RecoveringCommand short-circuited and no fallback available.
RecoveringCommand short-circuited and no fallback available.
RecoveringCommand short-circuited and no fallback available.
RecoveringCommand short-circuited and no fallback available.
RecoveringCommand short-circuited and no fallback available.
RecoveringCommand short-circuited and no fallback available.
RecoveringCommand short-circuited and no fallback available.
RecoveringCommand short-circuited and no fallback available.
RecoveringCommand short-circuited and no fallback available.
RecoveringCommand short-circuited and no fallback available.
RecoveringCommand short-circuited and no fallback available.
RecoveringCommand short-circuited and no fallback available.
RecoveringCommand short-circuited and no fallback available.
RecoveringCommand short-circuited and no fallback available.
RecoveringCommand short-circuited and no fallback available.
RecoveringCommand short-circuited and no fallback available.
RecoveringCommand short-circuited and no fallback available.
RecoveringCommand short-circuited and no fallback available.
RecoveringCommand short-circuited and no fallback available.
RecoveringCommand short-circuited and no fallback available.
RecoveringCommand short-circuited and no fallback available.
RecoveringCommand short-circuited and no fallback available.
RecoveringCommand short-circuited and no fallback available.
RecoveringCommand short-circuited and no fallback available.
RecoveringCommand short-circuited and no fallback available.
RecoveringCommand short-circuited and no fallback available.
RecoveringCommand short-circuited and no fallback available.
RecoveringCommand short-circuited and no fallback available.
RecoveringCommand short-circuited and no fallback available.
RecoveringCommand short-circuited and no fallback available.
RecoveringCommand short-circuited and no fallback available.
RecoveringCommand short-circuited and no fallback available.
RecoveringCommand short-circuited and no fallback available.
RecoveringCommand short-circuited and no fallback available.
RecoveringCommand short-circuited and no fallback available.
RecoveringCommand short-circuited and no fallback available.
RecoveringCommand short-circuited and no fallback available.
RecoveringCommand short-circuited and no fallback available.
RecoveringCommand short-circuited and no fallback available.
RecoveringCommand short-circuited and no fallback available.
RecoveringCommand short-circuited and no fallback available.
RecoveringCommand short-circuited and no fallback available.
RecoveringCommand short-circuited and no fallback available.
RecoveringCommand short-circuited and no fallback available.
RecoveringCommand short-circuited and no fallback available.
RecoveringCommand short-circuited and no fallback available.
RecoveringCommand short-circuited and no fallback available.
RecoveringCommand short-circuited and no fallback available.
RecoveringCommand short-circuited and no fallback available.
RecoveringCommand short-circuited and no fallback available.
RecoveringCommand short-circuited and no fallback available.
RecoveringCommand short-circuited and no fallback available.
RecoveringCommand short-circuited and no fallback available.
RecoveringCommand short-circuited and no fallback available.
RecoveringCommand short-circuited and no fallback available.
RecoveringCommand short-circuited and no fallback available.
RecoveringCommand short-circuited and no fallback available.
RecoveringCommand short-circuited and no fallback available.
RecoveringCommand short-circuited and no fallback available.
RecoveringCommand short-circuited and no fallback available.
RecoveringCommand short-circuited and no fallback available.
RecoveringCommand short-circuited and no fallback available.
RecoveringCommand short-circuited and no fallback available.
RecoveringCommand short-circuited and no fallback available.
RecoveringCommand short-circuited and no fallback available.
RecoveringCommand short-circuited and no fallback available.
RecoveringCommand short-circuited and no fallback available.
RecoveringCommand short-circuited and no fallback available.
RecoveringCommand short-circuited and no fallback available.
RecoveringCommand short-circuited and no fallback available.
RecoveringCommand short-circuited and no fallback available.
RecoveringCommand short-circuited and no fallback available.
RecoveringCommand short-circuited and no fallback available.
RecoveringCommand short-circuited and no fallback available.
RecoveringCommand short-circuited and no fallback available.
RecoveringCommand short-circuited and no fallback available.
RecoveringCommand short-circuited and no fallback available.
RecoveringCommand short-circuited and no fallback available.
RecoveringCommand short-circuited and no fallback available.
RecoveringCommand short-circuited and no fallback available.
RecoveringCommand short-circuited and no fallback available.
RecoveringCommand short-circuited and no fallback available.
RecoveringCommand short-circuited and no fallback available.
RecoveringCommand short-circuited and no fallback available.
RecoveringCommand short-circuited and no fallback available.
RecoveringCommand short-circuited and no fallback available.
RecoveringCommand short-circuited and no fallback available.
RecoveringCommand short-circuited and no fallback available.
RecoveringCommand short-circuited and no fallback available.
RecoveringCommand short-circuited and no fallback available.
RecoveringCommand short-circuited and no fallback available.
RecoveringCommand short-circuited and no fallback available.
RecoveringCommand short-circuited and no fallback available.
RecoveringCommand short-circuited and no fallback available.
RecoveringCommand short-circuited and no fallback available.
RecoveringCommand short-circuited and no fallback available.
RecoveringCommand short-circuited and no fallback available.
RecoveringCommand short-circuited and no fallback available.
RecoveringCommand short-circuited and no fallback available.
RecoveringCommand short-circuited and no fallback available.
RecoveringCommand short-circuited and no fallback available.
RecoveringCommand short-circuited and no fallback available.
RecoveringCommand short-circuited and no fallback available.
RecoveringCommand short-circuited and no fallback available.
RecoveringCommand short-circuited and no fallback available.
RecoveringCommand short-circuited and no fallback available.
RecoveringCommand short-circuited and no fallback available.
RecoveringCommand short-circuited and no fallback available.
RecoveringCommand short-circuited and no fallback available.
RecoveringCommand short-circuited and no fallback available.
RecoveringCommand short-circuited and no fallback available.
RecoveringCommand short-circuited and no fallback available.
RecoveringCommand short-circuited and no fallback available.
RecoveringCommand short-circuited and no fallback available.
RecoveringCommand short-circuited and no fallback available.
RecoveringCommand short-circuited and no fallback available.
RecoveringCommand short-circuited and no fallback available.
RecoveringCommand short-circuited and no fallback available.
RecoveringCommand short-circuited and no fallback available.
RecoveringCommand short-circuited and no fallback available.
RecoveringCommand short-circuited and no fallback available.
RecoveringCommand short-circuited and no fallback available.
RecoveringCommand short-circuited and no fallback available.
RecoveringCommand short-circuited and no fallback available.
RecoveringCommand short-circuited and no fallback available.
RecoveringCommand short-circuited and no fallback available.
RecoveringCommand short-circuited and no fallback available.
RecoveringCommand short-circuited and no fallback available.
RecoveringCommand short-circuited and no fallback available.
RecoveringCommand short-circuited and no fallback available.
RecoveringCommand short-circuited and no fallback available.
RecoveringCommand short-circuited and no fallback available.
RecoveringCommand short-circuited and no fallback available.
RecoveringCommand short-circuited and no fallback available.
RecoveringCommand short-circuited and no fallback available.
RecoveringCommand short-circuited and no fallback available.
RecoveringCommand short-circuited and no fallback available.
RecoveringCommand short-circuited and no fallback available.
RecoveringCommand short-circuited and no fallback available.
RecoveringCommand short-circuited and no fallback available.
RecoveringCommand short-circuited and no fallback available.
RecoveringCommand short-circuited and no fallback available.
RecoveringCommand short-circuited and no fallback available.
RecoveringCommand short-circuited and no fallback available.
RecoveringCommand short-circuited and no fallback available.
RecoveringCommand short-circuited and no fallback available.
RecoveringCommand short-circuited and no fallback available.
RecoveringCommand short-circuited and no fallback available.
RecoveringCommand short-circuited and no fallback available.
RecoveringCommand short-circuited and no fallback available.
RecoveringCommand short-circuited and no fallback available.
RecoveringCommand short-circuited and no fallback available.
RecoveringCommand short-circuited and no fallback available.
RecoveringCommand short-circuited and no fallback available.
RecoveringCommand short-circuited and no fallback available.
RecoveringCommand short-circuited and no fallback available.
RecoveringCommand short-circuited and no fallback available.
RecoveringCommand short-circuited and no fallback available.
RecoveringCommand short-circuited and no fallback available.
RecoveringCommand short-circuited and no fallback available.
RecoveringCommand short-circuited and no fallback available.
RecoveringCommand short-circuited and no fallback available.
RecoveringCommand short-circuited and no fallback available.
RecoveringCommand short-circuited and no fallback available.
RecoveringCommand short-circuited and no fallback available.
RecoveringCommand short-circuited and no fallback available.
RecoveringCommand short-circuited and no fallback available.
RecoveringCommand short-circuited and no fallback available.
RecoveringCommand short-circuited and no fallback available.
RecoveringCommand short-circuited and no fallback available.
RecoveringCommand short-circuited and no fallback available.
RecoveringCommand short-circuited and no fallback available.
RecoveringCommand short-circuited and no fallback available.
RecoveringCommand short-circuited and no fallback available.
RecoveringCommand short-circuited and no fallback available.
RecoveringCommand short-circuited and no fallback available.
RecoveringCommand short-circuited and no fallback available.
RecoveringCommand short-circuited and no fallback available.
RecoveringCommand short-circuited and no fallback available.
RecoveringCommand short-circuited and no fallback available.
RecoveringCommand short-circuited and no fallback available.
RecoveringCommand short-circuited and no fallback available.
RecoveringCommand short-circuited and no fallback available.
RecoveringCommand short-circuited and no fallback available.
RecoveringCommand short-circuited and no fallback available.
RecoveringCommand short-circuited and no fallback available.
RecoveringCommand short-circuited and no fallback available.
RecoveringCommand short-circuited and no fallback available.
RecoveringCommand short-circuited and no fallback available.
RecoveringCommand short-circuited and no fallback available.
RecoveringCommand short-circuited and no fallback available.
RecoveringCommand short-circuited and no fallback available.
RecoveringCommand short-circuited and no fallback available.
RecoveringCommand short-circuited and no fallback available.
RecoveringCommand short-circuited and no fallback available.
RecoveringCommand short-circuited and no fallback available.
RecoveringCommand short-circuited and no fallback available.
RecoveringCommand short-circuited and no fallback available.
RecoveringCommand short-circuited and no fallback available.
RecoveringCommand short-circuited and no fallback available.
RecoveringCommand short-circuited and no fallback available.
RecoveringCommand short-circuited and no fallback available.
RecoveringCommand short-circuited and no fallback available.
RecoveringCommand short-circuited and no fallback available.
RecoveringCommand short-circuited and no fallback available.
RecoveringCommand short-circuited and no fallback available.
RecoveringCommand short-circuited and no fallback available.
RecoveringCommand short-circuited and no fallback available.
RecoveringCommand short-circuited and no fallback available.
RecoveringCommand short-circuited and no fallback available.
RecoveringCommand short-circuited and no fallback available.
RecoveringCommand short-circuited and no fallback available.
RecoveringCommand short-circuited and no fallback available.
RecoveringCommand short-circuited and no fallback available.
RecoveringCommand short-circuited and no fallback available.
RecoveringCommand short-circuited and no fallback available.
RecoveringCommand short-circuited and no fallback available.
RecoveringCommand short-circuited and no fallback available.
RecoveringCommand short-circuited and no fallback available.
RecoveringCommand short-circuited and no fallback available.
RecoveringCommand short-circuited and no fallback available.
RecoveringCommand short-circuited and no fallback available.
RecoveringCommand short-circuited and no fallback available.
RecoveringCommand short-circuited and no fallback available.
RecoveringCommand short-circuited and no fallback available.
RecoveringCommand short-circuited and no fallback available.
RecoveringCommand short-circuited and no fallback available.
RecoveringCommand short-circuited and no fallback available.
RecoveringCommand short-circuited and no fallback available.
RecoveringCommand short-circuited and no fallback available.
RecoveringCommand short-circuited and no fallback available.
RecoveringCommand short-circuited and no fallback available.
RecoveringCommand short-circuited and no fallback available.
RecoveringCommand short-circuited and no fallback available.
RecoveringCommand short-circuited and no fallback available.
RecoveringCommand short-circuited and no fallback available.
RecoveringCommand short-circuited and no fallback available.
RecoveringCommand short-circuited and no fallback available.
RecoveringCommand short-circuited and no fallback available.
RecoveringCommand short-circuited and no fallback available.
RecoveringCommand short-circuited and no fallback available.
RecoveringCommand short-circuited and no fallback available.
RecoveringCommand short-circuited and no fallback available.
RecoveringCommand short-circuited and no fallback available.
RecoveringCommand short-circuited and no fallback available.
RecoveringCommand short-circuited and no fallback available.
RecoveringCommand short-circuited and no fallback available.
RecoveringCommand short-circuited and no fallback available.
RecoveringCommand short-circuited and no fallback available.
RecoveringCommand short-circuited and no fallback available.
RecoveringCommand short-circuited and no fallback available.
RecoveringCommand short-circuited and no fallback available.
RecoveringCommand short-circuited and no fallback available.
RecoveringCommand short-circuited and no fallback available.
RecoveringCommand short-circuited and no fallback available.
RecoveringCommand short-circuited and no fallback available.
RecoveringCommand short-circuited and no fallback available.
RecoveringCommand short-circuited and no fallback available.
RecoveringCommand short-circuited and no fallback available.
RecoveringCommand short-circuited and no fallback available.
RecoveringCommand short-circuited and no fallback available.
RecoveringCommand short-circuited and no fallback available.
RecoveringCommand short-circuited and no fallback available.
RecoveringCommand short-circuited and no fallback available.
RecoveringCommand short-circuited and no fallback available.
RecoveringCommand short-circuited and no fallback available.
RecoveringCommand short-circuited and no fallback available.
RecoveringCommand short-circuited and no fallback available.
RecoveringCommand short-circuited and no fallback available.
RecoveringCommand short-circuited and no fallback available.
RecoveringCommand short-circuited and no fallback available.
RecoveringCommand short-circuited and no fallback available.
RecoveringCommand short-circuited and no fallback available.
RecoveringCommand short-circuited and no fallback available.
RecoveringCommand short-circuited and no fallback available.
RecoveringCommand short-circuited and no fallback available.
RecoveringCommand short-circuited and no fallback available.
RecoveringCommand short-circuited and no fallback available.
RecoveringCommand short-circuited and no fallback available.
RecoveringCommand short-circuited and no fallback available.
RecoveringCommand short-circuited and no fallback available.
RecoveringCommand short-circuited and no fallback available.
RecoveringCommand short-circuited and no fallback available.
RecoveringCommand short-circuited and no fallback available.
RecoveringCommand short-circuited and no fallback available.
RecoveringCommand short-circuited and no fallback available.
RecoveringCommand short-circuited and no fallback available.
RecoveringCommand short-circuited and no fallback available.
RecoveringCommand short-circuited and no fallback available.
RecoveringCommand short-circuited and no fallback available.
RecoveringCommand short-circuited and no fallback available.
RecoveringCommand short-circuited and no fallback available.
RecoveringCommand short-circuited and no fallback available.
RecoveringCommand short-circuited and no fallback available.
RecoveringCommand short-circuited and no fallback available.
RecoveringCommand short-circuited and no fallback available.
RecoveringCommand short-circuited and no fallback available.
RecoveringCommand short-circuited and no fallback available.
RecoveringCommand short-circuited and no fallback available.
RecoveringCommand short-circuited and no fallback available.
RecoveringCommand short-circuited and no fallback available.
RecoveringCommand short-circuited and no fallback available.
RecoveringCommand short-circuited and no fallback available.
RecoveringCommand short-circuited and no fallback available.
RecoveringCommand short-circuited and no fallback available.
RecoveringCommand short-circuited and no fallback available.
RecoveringCommand short-circuited and no fallback available.
RecoveringCommand short-circuited and no fallback available.
RecoveringCommand short-circuited and no fallback available.
RecoveringCommand short-circuited and no fallback available.
RecoveringCommand short-circuited and no fallback available.
RecoveringCommand short-circuited and no fallback available.
RecoveringCommand short-circuited and no fallback available.
RecoveringCommand short-circuited and no fallback available.
RecoveringCommand short-circuited and no fallback available.
RecoveringCommand short-circuited and no fallback available.
RecoveringCommand short-circuited and no fallback available.
RecoveringCommand short-circuited and no fallback available.
RecoveringCommand short-circuited and no fallback available.
RecoveringCommand short-circuited and no fallback available.
RecoveringCommand short-circuited and no fallback available.
RecoveringCommand short-circuited and no fallback available.
RecoveringCommand short-circuited and no fallback available.
RecoveringCommand short-circuited and no fallback available.
RecoveringCommand short-circuited and no fallback available.
RecoveringCommand short-circuited and no fallback available.
RecoveringCommand short-circuited and no fallback available.
RecoveringCommand short-circuited and no fallback available.
RecoveringCommand short-circuited and no fallback available.
RecoveringCommand short-circuited and no fallback available.
RecoveringCommand short-circuited and no fallback available.
RecoveringCommand short-circuited and no fallback available.
RecoveringCommand short-circuited and no fallback available.
RecoveringCommand short-circuited and no fallback available.
RecoveringCommand short-circuited and no fallback available.
RecoveringCommand short-circuited and no fallback available.
RecoveringCommand short-circuited and no fallback available.
RecoveringCommand short-circuited and no fallback available.
RecoveringCommand short-circuited and no fallback available.
RecoveringCommand short-circuited and no fallback available.
RecoveringCommand short-circuited and no fallback available.
RecoveringCommand short-circuited and no fallback available.
RecoveringCommand short-circuited and no fallback available.
RecoveringCommand short-circuited and no fallback available.
RecoveringCommand short-circuited and no fallback available.
RecoveringCommand short-circuited and no fallback available.
RecoveringCommand short-circuited and no fallback available.
RecoveringCommand short-circuited and no fallback available.
RecoveringCommand short-circuited and no fallback available.
RecoveringCommand short-circuited and no fallback available.
RecoveringCommand short-circuited and no fallback available.
RecoveringCommand short-circuited and no fallback available.
RecoveringCommand short-circuited and no fallback available.
RecoveringCommand short-circuited and no fallback available.
RecoveringCommand short-circuited and no fallback available.
RecoveringCommand short-circuited and no fallback available.
RecoveringCommand short-circuited and no fallback available.
RecoveringCommand short-circuited and no fallback available.
RecoveringCommand short-circuited and no fallback available.
RecoveringCommand short-circuited and no fallback available.
RecoveringCommand short-circuited and no fallback available.
RecoveringCommand short-circuited and no fallback available.
RecoveringCommand short-circuited and no fallback available.
RecoveringCommand short-circuited and no fallback available.
RecoveringCommand short-circuited and no fallback available.
RecoveringCommand short-circuited and no fallback available.
RecoveringCommand short-circuited and no fallback available.
RecoveringCommand short-circuited and no fallback available.
RecoveringCommand short-circuited and no fallback available.
RecoveringCommand short-circuited and no fallback available.
RecoveringCommand short-circuited and no fallback available.
RecoveringCommand short-circuited and no fallback available.
RecoveringCommand short-circuited and no fallback available.
RecoveringCommand short-circuited and no fallback available.
RecoveringCommand short-circuited and no fallback available.
RecoveringCommand short-circuited and no fallback available.
RecoveringCommand short-circuited and no fallback available.
RecoveringCommand short-circuited and no fallback available.
RecoveringCommand short-circuited and no fallback available.
RecoveringCommand short-circuited and no fallback available.
RecoveringCommand short-circuited and no fallback available.
RecoveringCommand short-circuited and no fallback available.
RecoveringCommand short-circuited and no fallback available.
RecoveringCommand short-circuited and no fallback available.
RecoveringCommand short-circuited and no fallback available.
RecoveringCommand short-circuited and no fallback available.
RecoveringCommand short-circuited and no fallback available.
RecoveringCommand short-circuited and no fallback available.
RecoveringCommand short-circuited and no fallback available.
RecoveringCommand short-circuited and no fallback available.
RecoveringCommand short-circuited and no fallback available.
RecoveringCommand short-circuited and no fallback available.
RecoveringCommand short-circuited and no fallback available.
RecoveringCommand short-circuited and no fallback available.
RecoveringCommand short-circuited and no fallback available.
RecoveringCommand short-circuited and no fallback available.
RecoveringCommand short-circuited and no fallback available.
RecoveringCommand short-circuited and no fallback available.
RecoveringCommand short-circuited and no fallback available.
RecoveringCommand short-circuited and no fallback available.
RecoveringCommand short-circuited and no fallback available.
RecoveringCommand short-circuited and no fallback available.
RecoveringCommand short-circuited and no fallback available.
RecoveringCommand short-circuited and no fallback available.
RecoveringCommand short-circuited and no fallback available.
RecoveringCommand short-circuited and no fallback available.
RecoveringCommand short-circuited and no fallback available.
RecoveringCommand short-circuited and no fallback available.
RecoveringCommand short-circuited and no fallback available.
RecoveringCommand short-circuited and no fallback available.
RecoveringCommand short-circuited and no fallback available.
RecoveringCommand short-circuited and no fallback available.
RecoveringCommand short-circuited and no fallback available.
RecoveringCommand short-circuited and no fallback available.
RecoveringCommand short-circuited and no fallback available.
RecoveringCommand short-circuited and no fallback available.
RecoveringCommand short-circuited and no fallback available.
RecoveringCommand short-circuited and no fallback available.
RecoveringCommand short-circuited and no fallback available.
RecoveringCommand short-circuited and no fallback available.
RecoveringCommand short-circuited and no fallback available.
RecoveringCommand short-circuited and no fallback available.
RecoveringCommand short-circuited and no fallback available.
RecoveringCommand short-circuited and no fallback available.
RecoveringCommand short-circuited and no fallback available.
RecoveringCommand short-circuited and no fallback available.
RecoveringCommand short-circuited and no fallback available.
RecoveringCommand short-circuited and no fallback available.
RecoveringCommand short-circuited and no fallback available.
RecoveringCommand short-circuited and no fallback available.
RecoveringCommand short-circuited and no fallback available.
RecoveringCommand short-circuited and no fallback available.
RecoveringCommand short-circuited and no fallback available.
RecoveringCommand short-circuited and no fallback available.
RecoveringCommand short-circuited and no fallback available.
RecoveringCommand short-circuited and no fallback available.
RecoveringCommand short-circuited and no fallback available.
RecoveringCommand short-circuited and no fallback available.
RecoveringCommand short-circuited and no fallback available.
RecoveringCommand short-circuited and no fallback available.
RecoveringCommand short-circuited and no fallback available.
RecoveringCommand short-circuited and no fallback available.
RecoveringCommand short-circuited and no fallback available.
RecoveringCommand short-circuited and no fallback available.
RecoveringCommand short-circuited and no fallback available.
RecoveringCommand short-circuited and no fallback available.
RecoveringCommand short-circuited and no fallback available.
RecoveringCommand short-circuited and no fallback available.
RecoveringCommand short-circuited and no fallback available.
RecoveringCommand short-circuited and no fallback available.
RecoveringCommand short-circuited and no fallback available.
RecoveringCommand short-circuited and no fallback available.
RecoveringCommand short-circuited and no fallback available.
RecoveringCommand short-circuited and no fallback available.
RecoveringCommand short-circuited and no fallback available.
RecoveringCommand short-circuited and no fallback available.
RecoveringCommand short-circuited and no fallback available.
RecoveringCommand short-circuited and no fallback available.
RecoveringCommand short-circuited and no fallback available.
RecoveringCommand short-circuited and no fallback available.
RecoveringCommand short-circuited and no fallback available.
RecoveringCommand short-circuited and no fallback available.
RecoveringCommand short-circuited and no fallback available.
RecoveringCommand short-circuited and no fallback available.
RecoveringCommand short-circuited and no fallback available.
RecoveringCommand short-circuited and no fallback available.
RecoveringCommand short-circuited and no fallback available.
RecoveringCommand short-circuited and no fallback available.
RecoveringCommand short-circuited and no fallback available.
RecoveringCommand short-circuited and no fallback available.
RecoveringCommand short-circuited and no fallback available.
RecoveringCommand short-circuited and no fallback available.
RecoveringCommand short-circuited and no fallback available.
RecoveringCommand short-circuited and no fallback available.
RecoveringCommand short-circuited and no fallback available.
RecoveringCommand short-circuited and no fallback available.
RecoveringCommand short-circuited and no fallback available.
RecoveringCommand short-circuited and no fallback available.
RecoveringCommand short-circuited and no fallback available.
RecoveringCommand short-circuited and no fallback available.
RecoveringCommand short-circuited and no fallback available.
RecoveringCommand short-circuited and no fallback available.
RecoveringCommand short-circuited and no fallback available.
RecoveringCommand short-circuited and no fallback available.
RecoveringCommand short-circuited and no fallback available.
RecoveringCommand short-circuited and no fallback available.
RecoveringCommand short-circuited and no fallback available.
RecoveringCommand short-circuited and no fallback available.
RecoveringCommand short-circuited and no fallback available.
RecoveringCommand short-circuited and no fallback available.
RecoveringCommand short-circuited and no fallback available.
RecoveringCommand short-circuited and no fallback available.
RecoveringCommand short-circuited and no fallback available.
RecoveringCommand short-circuited and no fallback available.
RecoveringCommand short-circuited and no fallback available.
RecoveringCommand short-circuited and no fallback available.
RecoveringCommand short-circuited and no fallback available.
RecoveringCommand short-circuited and no fallback available.
RecoveringCommand short-circuited and no fallback available.
RecoveringCommand short-circuited and no fallback available.
RecoveringCommand short-circuited and no fallback available.
RecoveringCommand short-circuited and no fallback available.
RecoveringCommand short-circuited and no fallback available.
RecoveringCommand short-circuited and no fallback available.
RecoveringCommand short-circuited and no fallback available.
RecoveringCommand short-circuited and no fallback available.
RecoveringCommand short-circuited and no fallback available.
RecoveringCommand short-circuited and no fallback available.
RecoveringCommand short-circuited and no fallback available.
RecoveringCommand short-circuited and no fallback available.
RecoveringCommand short-circuited and no fallback available.
RecoveringCommand short-circuited and no fallback available.
RecoveringCommand short-circuited and no fallback available.
RecoveringCommand short-circuited and no fallback available.
RecoveringCommand short-circuited and no fallback available.
RecoveringCommand short-circuited and no fallback available.
RecoveringCommand short-circuited and no fallback available.
RecoveringCommand short-circuited and no fallback available.
RecoveringCommand short-circuited and no fallback available.
RecoveringCommand short-circuited and no fallback available.
RecoveringCommand short-circuited and no fallback available.
RecoveringCommand short-circuited and no fallback available.
RecoveringCommand short-circuited and no fallback available.
RecoveringCommand short-circuited and no fallback available.
RecoveringCommand short-circuited and no fallback available.
RecoveringCommand short-circuited and no fallback available.
RecoveringCommand short-circuited and no fallback available.
RecoveringCommand short-circuited and no fallback available.
RecoveringCommand short-circuited and no fallback available.
RecoveringCommand short-circuited and no fallback available.
RecoveringCommand short-circuited and no fallback available.
RecoveringCommand short-circuited and no fallback available.
RecoveringCommand short-circuited and no fallback available.
RecoveringCommand short-circuited and no fallback available.
RecoveringCommand short-circuited and no fallback available.
RecoveringCommand short-circuited and no fallback available.
RecoveringCommand short-circuited and no fallback available.
RecoveringCommand short-circuited and no fallback available.
RecoveringCommand short-circuited and no fallback available.
RecoveringCommand short-circuited and no fallback available.
RecoveringCommand short-circuited and no fallback available.
RecoveringCommand short-circuited and no fallback available.
RecoveringCommand short-circuited and no fallback available.
RecoveringCommand short-circuited and no fallback available.
RecoveringCommand short-circuited and no fallback available.
RecoveringCommand short-circuited and no fallback available.
RecoveringCommand short-circuited and no fallback available.
RecoveringCommand short-circuited and no fallback available.
RecoveringCommand short-circuited and no fallback available.
RecoveringCommand short-circuited and no fallback available.
RecoveringCommand short-circuited and no fallback available.
RecoveringCommand short-circuited and no fallback available.
RecoveringCommand short-circuited and no fallback available.
RecoveringCommand short-circuited and no fallback available.
RecoveringCommand short-circuited and no fallback available.
RecoveringCommand short-circuited and no fallback available.
RecoveringCommand short-circuited and no fallback available.
RecoveringCommand short-circuited and no fallback available.
RecoveringCommand short-circuited and no fallback available.
RecoveringCommand short-circuited and no fallback available.
RecoveringCommand short-circuited and no fallback available.
RecoveringCommand short-circuited and no fallback available.
RecoveringCommand short-circuited and no fallback available.
RecoveringCommand short-circuited and no fallback available.
RecoveringCommand short-circuited and no fallback available.
RecoveringCommand short-circuited and no fallback available.
RecoveringCommand short-circuited and no fallback available.
RecoveringCommand short-circuited and no fallback available.
RecoveringCommand short-circuited and no fallback available.
RecoveringCommand short-circuited and no fallback available.
RecoveringCommand short-circuited and no fallback available.
RecoveringCommand short-circuited and no fallback available.
RecoveringCommand short-circuited and no fallback available.
RecoveringCommand short-circuited and no fallback available.
RecoveringCommand short-circuited and no fallback available.
RecoveringCommand short-circuited and no fallback available.
RecoveringCommand short-circuited and no fallback available.
RecoveringCommand short-circuited and no fallback available.
RecoveringCommand short-circuited and no fallback available.
RecoveringCommand short-circuited and no fallback available.
RecoveringCommand short-circuited and no fallback available.
RecoveringCommand short-circuited and no fallback available.
RecoveringCommand short-circuited and no fallback available.
RecoveringCommand short-circuited and no fallback available.
RecoveringCommand short-circuited and no fallback available.
RecoveringCommand short-circuited and no fallback available.
RecoveringCommand short-circuited and no fallback available.
RecoveringCommand short-circuited and no fallback available.
RecoveringCommand short-circuited and no fallback available.
RecoveringCommand short-circuited and no fallback available.
RecoveringCommand short-circuited and no fallback available.
RecoveringCommand short-circuited and no fallback available.
RecoveringCommand short-circuited and no fallback available.
RecoveringCommand short-circuited and no fallback available.
RecoveringCommand short-circuited and no fallback available.
RecoveringCommand short-circuited and no fallback available.
RecoveringCommand short-circuited and no fallback available.
RecoveringCommand short-circuited and no fallback available.
RecoveringCommand short-circuited and no fallback available.
RecoveringCommand short-circuited and no fallback available.
RecoveringCommand short-circuited and no fallback available.
RecoveringCommand short-circuited and no fallback available.
RecoveringCommand short-circuited and no fallback available.
RecoveringCommand short-circuited and no fallback available.
RecoveringCommand short-circuited and no fallback available.
RecoveringCommand short-circuited and no fallback available.
RecoveringCommand short-circuited and no fallback available.
RecoveringCommand short-circuited and no fallback available.
RecoveringCommand short-circuited and no fallback available.
RecoveringCommand short-circuited and no fallback available.
RecoveringCommand short-circuited and no fallback available.
RecoveringCommand short-circuited and no fallback available.
RecoveringCommand short-circuited and no fallback available.
RecoveringCommand short-circuited and no fallback available.
RecoveringCommand short-circuited and no fallback available.
RecoveringCommand short-circuited and no fallback available.
RecoveringCommand short-circuited and no fallback available.
RecoveringCommand short-circuited and no fallback available.
RecoveringCommand short-circuited and no fallback available.
RecoveringCommand short-circuited and no fallback available.
RecoveringCommand short-circuited and no fallback available.
RecoveringCommand short-circuited and no fallback available.
RecoveringCommand short-circuited and no fallback available.
RecoveringCommand short-circuited and no fallback available.
RecoveringCommand short-circuited and no fallback available.
RecoveringCommand short-circuited and no fallback available.
RecoveringCommand short-circuited and no fallback available.
RecoveringCommand short-circuited and no fallback available.
RecoveringCommand short-circuited and no fallback available.
RecoveringCommand short-circuited and no fallback available.
RecoveringCommand short-circuited and no fallback available.
RecoveringCommand short-circuited and no fallback available.
RecoveringCommand short-circuited and no fallback available.
RecoveringCommand short-circuited and no fallback available.
RecoveringCommand short-circuited and no fallback available.
RecoveringCommand short-circuited and no fallback available.
RecoveringCommand short-circuited and no fallback available.
RecoveringCommand short-circuited and no fallback available.
RecoveringCommand short-circuited and no fallback available.
RecoveringCommand short-circuited and no fallback available.
RecoveringCommand short-circuited and no fallback available.
RecoveringCommand short-circuited and no fallback available.
RecoveringCommand short-circuited and no fallback available.
RecoveringCommand short-circuited and no fallback available.
RecoveringCommand short-circuited and no fallback available.
RecoveringCommand short-circuited and no fallback available.
RecoveringCommand short-circuited and no fallback available.
RecoveringCommand short-circuited and no fallback available.
RecoveringCommand short-circuited and no fallback available.
RecoveringCommand short-circuited and no fallback available.
RecoveringCommand short-circuited and no fallback available.
RecoveringCommand short-circuited and no fallback available.
RecoveringCommand short-circuited and no fallback available.
RecoveringCommand short-circuited and no fallback available.
RecoveringCommand short-circuited and no fallback available.
RecoveringCommand short-circuited and no fallback available.
RecoveringCommand short-circuited and no fallback available.
RecoveringCommand short-circuited and no fallback available.
RecoveringCommand short-circuited and no fallback available.
RecoveringCommand short-circuited and no fallback available.
RecoveringCommand short-circuited and no fallback available.
RecoveringCommand short-circuited and no fallback available.
RecoveringCommand short-circuited and no fallback available.
RecoveringCommand short-circuited and no fallback available.
RecoveringCommand short-circuited and no fallback available.
RecoveringCommand short-circuited and no fallback available.
RecoveringCommand short-circuited and no fallback available.
RecoveringCommand short-circuited and no fallback available.
RecoveringCommand short-circuited and no fallback available.
RecoveringCommand short-circuited and no fallback available.
RecoveringCommand short-circuited and no fallback available.
RecoveringCommand short-circuited and no fallback available.
RecoveringCommand short-circuited and no fallback available.
RecoveringCommand short-circuited and no fallback available.
RecoveringCommand short-circuited and no fallback available.
RecoveringCommand short-circuited and no fallback available.
RecoveringCommand short-circuited and no fallback available.
RecoveringCommand short-circuited and no fallback available.
RecoveringCommand short-circuited and no fallback available.
RecoveringCommand short-circuited and no fallback available.
RecoveringCommand short-circuited and no fallback available.
RecoveringCommand short-circuited and no fallback available.
RecoveringCommand short-circuited and no fallback available.
RecoveringCommand short-circuited and no fallback available.
RecoveringCommand short-circuited and no fallback available.
RecoveringCommand short-circuited and no fallback available.
RecoveringCommand short-circuited and no fallback available.
RecoveringCommand short-circuited and no fallback available.
RecoveringCommand short-circuited and no fallback available.
RecoveringCommand short-circuited and no fallback available.
RecoveringCommand short-circuited and no fallback available.
RecoveringCommand short-circuited and no fallback available.
RecoveringCommand short-circuited and no fallback available.
RecoveringCommand short-circuited and no fallback available.
RecoveringCommand short-circuited and no fallback available.
RecoveringCommand short-circuited and no fallback available.
RecoveringCommand short-circuited and no fallback available.
RecoveringCommand short-circuited and no fallback available.
RecoveringCommand short-circuited and no fallback available.
RecoveringCommand short-circuited and no fallback available.
RecoveringCommand short-circuited and no fallback available.
RecoveringCommand short-circuited and no fallback available.
RecoveringCommand short-circuited and no fallback available.
RecoveringCommand short-circuited and no fallback available.
RecoveringCommand short-circuited and no fallback available.
RecoveringCommand short-circuited and no fallback available.
RecoveringCommand short-circuited and no fallback available.
RecoveringCommand short-circuited and no fallback available.
RecoveringCommand short-circuited and no fallback available.
RecoveringCommand short-circuited and no fallback available.
RecoveringCommand short-circuited and no fallback available.
RecoveringCommand short-circuited and no fallback available.
RecoveringCommand short-circuited and no fallback available.
RecoveringCommand short-circuited and no fallback available.
RecoveringCommand short-circuited and no fallback available.
RecoveringCommand short-circuited and no fallback available.
RecoveringCommand short-circuited and no fallback available.
RecoveringCommand short-circuited and no fallback available.
RecoveringCommand short-circuited and no fallback available.
RecoveringCommand short-circuited and no fallback available.
RecoveringCommand short-circuited and no fallback available.
RecoveringCommand short-circuited and no fallback available.
RecoveringCommand short-circuited and no fallback available.
RecoveringCommand short-circuited and no fallback available.
RecoveringCommand short-circuited and no fallback available.
RecoveringCommand short-circuited and no fallback available.
RecoveringCommand short-circuited and no fallback available.
RecoveringCommand short-circuited and no fallback available.
RecoveringCommand short-circuited and no fallback available.
RecoveringCommand short-circuited and no fallback available.
RecoveringCommand short-circuited and no fallback available.
RecoveringCommand short-circuited and no fallback available.
RecoveringCommand short-circuited and no fallback available.
RecoveringCommand short-circuited and no fallback available.
RecoveringCommand short-circuited and no fallback available.
RecoveringCommand short-circuited and no fallback available.
RecoveringCommand short-circuited and no fallback available.
RecoveringCommand short-circuited and no fallback available.
RecoveringCommand short-circuited and no fallback available.
RecoveringCommand short-circuited and no fallback available.
RecoveringCommand short-circuited and no fallback available.
RecoveringCommand short-circuited and no fallback available.
RecoveringCommand short-circuited and no fallback available.
RecoveringCommand short-circuited and no fallback available.
RecoveringCommand short-circuited and no fallback available.
RecoveringCommand short-circuited and no fallback available.
RecoveringCommand short-circuited and no fallback available.
RecoveringCommand short-circuited and no fallback available.
RecoveringCommand short-circuited and no fallback available.
RecoveringCommand short-circuited and no fallback available.
RecoveringCommand short-circuited and no fallback available.
RecoveringCommand short-circuited and no fallback available.
RecoveringCommand short-circuited and no fallback available.
RecoveringCommand short-circuited and no fallback available.
RecoveringCommand short-circuited and no fallback available.
RecoveringCommand short-circuited and no fallback available.
RecoveringCommand short-circuited and no fallback available.
RecoveringCommand short-circuited and no fallback available.
RecoveringCommand short-circuited and no fallback available.
RecoveringCommand short-circuited and no fallback available.
RecoveringCommand short-circuited and no fallback available.
RecoveringCommand short-circuited and no fallback available.
RecoveringCommand short-circuited and no fallback available.
RecoveringCommand short-circuited and no fallback available.
RecoveringCommand short-circuited and no fallback available.
RecoveringCommand short-circuited and no fallback available.
RecoveringCommand short-circuited and no fallback available.
RecoveringCommand short-circuited and no fallback available.
RecoveringCommand short-circuited and no fallback available.
RecoveringCommand short-circuited and no fallback available.
RecoveringCommand short-circuited and no fallback available.
RecoveringCommand short-circuited and no fallback available.
RecoveringCommand short-circuited and no fallback available.
RecoveringCommand short-circuited and no fallback available.
SometimesFailingCommand failed and no fallback available.
SometimesFailingCommand failed and no fallback available.
SometimesFailingCommand failed and no fallback available.
SometimesFailingCommand failed and no fallback available.
SometimesFailingCommand failed and no fallback available.
SometimesFailingCommand failed and no fallback available.
SometimesFailingCommand failed and no fallback available.
SometimesFailingCommand short-circuited and no fallback available.
SometimesFailingCommand short-circuited and no fallback available.
SometimesFailingCommand short-circuited and no fallback available.
SometimesFailingCommand short-circuited and no fallback available.
SometimesFailingCommand short-circuited and no fallback available.
SometimesFailingCommand short-circuited and no fallback available.
SometimesFailingCommand short-circuited and no fallback available.
SometimesFailingCommand short-circuited and no fallback available.
SometimesFailingCommand short-circuited and no fallback available.
SometimesFailingCommand short-circuited and no fallback available.
SometimesFailingCommand short-circuited and no fallback available.
SometimesFailingCommand short-circuited and no fallback available.
SometimesFailingCommand short-circuited and no fallback available.
SometimesFailingCommand short-circuited and no fallback available.
SometimesFailingCommand short-circuited and no fallback available.
SometimesFailingCommand short-circuited and no fallback available.
SometimesFailingCommand short-circuited and no fallback available.
SometimesFailingCommand short-circuited and no fallback available.
SometimesFailingCommand short-circuited and no fallback available.
SometimesFailingCommand short-circuited and no fallback available.
SometimesFailingCommand short-circuited and no fallback available.
SometimesFailingCommand short-circuited and no fallback available.
SometimesFailingCommand short-circuited and no fallback available.
SometimesFailingCommand short-circuited and no fallback available.
SometimesFailingCommand short-circuited and no fallback available.
SometimesFailingCommand short-circuited and no fallback available.
SometimesFailingCommand short-circuited and no fallback available.
SometimesFailingCommand short-circuited and no fallback available.
SometimesFailingCommand short-circuited and no fallback available.
SometimesFailingCommand short-circuited and no fallback available.
SometimesFailingCommand short-circuited and no fallback available.
SometimesFailingCommand short-circuited and no fallback available.
SometimesFailingCommand short-circuited and no fallback available.
SometimesFailingCommand short-circuited and no fallback available.
SometimesFailingCommand short-circuited and no fallback available.
SometimesFailingCommand short-circuited and no fallback available.
SometimesFailingCommand short-circuited and no fallback available.
SometimesFailingCommand short-circuited and no fallback available.
SometimesFailingCommand short-circuited and no fallback available.
SometimesFailingCommand short-circuited and no fallback available.
SometimesFailingCommand short-circuited and no fallback available.
SometimesFailingCommand short-circuited and no fallback available.
SometimesFailingCommand short-circuited and no fallback available.
SometimesFailingCommand short-circuited and no fallback available.
SometimesFailingCommand short-circuited and no fallback available.
SometimesFailingCommand short-circuited and no fallback available.
SometimesFailingCommand short-circuited and no fallback available.
SometimesFailingCommand short-circuited and no fallback available.
SometimesFailingCommand short-circuited and no fallback available.
SometimesFailingCommand short-circuited and no fallback available.
SometimesFailingCommand short-circuited and no fallback available.
SometimesFailingCommand short-circuited and no fallback available.
SometimesFailingCommand short-circuited and no fallback available.
SometimesFailingCommand short-circuited and no fallback available.
SometimesFailingCommand short-circuited and no fallback available.
SometimesFailingCommand short-circuited and no fallback available.
SometimesFailingCommand short-circuited and no fallback available.
SometimesFailingCommand short-circuited and no fallback available.
SometimesFailingCommand short-circuited and no fallback available.
SometimesFailingCommand short-circuited and no fallback available.
SometimesFailingCommand short-circuited and no fallback available.
SometimesFailingCommand short-circuited and no fallback available.
SometimesFailingCommand short-circuited and no fallback available.
SometimesFailingCommand short-circuited and no fallback available.
SometimesFailingCommand short-circuited and no fallback available.
SometimesFailingCommand short-circuited and no fallback available.
SometimesFailingCommand short-circuited and no fallback available.
SometimesFailingCommand short-circuited and no fallback available.
SometimesFailingCommand short-circuited and no fallback available.
SometimesFailingCommand short-circuited and no fallback available.
SometimesFailingCommand short-circuited and no fallback available.
SometimesFailingCommand short-circuited and no fallback available.
SometimesFailingCommand short-circuited and no fallback available.
SometimesFailingCommand short-circuited and no fallback available.
SometimesFailingCommand short-circuited and no fallback available.
SometimesFailingCommand short-circuited and no fallback available.
SometimesFailingCommand short-circuited and no fallback available.
SometimesFailingCommand short-circuited and no fallback available.
SometimesFailingCommand short-circuited and no fallback available.
SometimesFailingCommand short-circuited and no fallback available.
SometimesFailingCommand short-circuited and no fallback available.
SometimesFailingCommand short-circuited and no fallback available.
SometimesFailingCommand short-circuited and no fallback available.
SometimesFailingCommand short-circuited and no fallback available.
SometimesFailingCommand short-circuited and no fallback available.
SometimesFailingCommand short-circuited and no fallback available.
SometimesFailingCommand short-circuited and no fallback available.
SometimesFailingCommand short-circuited and no fallback available.
SometimesFailingCommand short-circuited and no fallback available.
SometimesFailingCommand short-circuited and no fallback available.
SometimesFailingCommand short-circuited and no fallback available.
SometimesFailingCommand short-circuited and no fallback available.
SometimesFailingCommand short-circuited and no fallback available.
SometimesFailingCommand short-circuited and no fallback available.
SometimesFailingCommand short-circuited and no fallback available.
SometimesFailingCommand short-circuited and no fallback available.
SometimesFailingCommand short-circuited and no fallback available.
SometimesFailingCommand short-circuited and no fallback available.
SometimesFailingCommand short-circuited and no fallback available.
SometimesFailingCommand short-circuited and no fallback available.
SometimesFailingCommand short-circuited and no fallback available.
SometimesFailingCommand short-circuited and no fallback available.
SometimesFailingCommand short-circuited and no fallback available.
SometimesFailingCommand short-circuited and no fallback available.
SometimesFailingCommand short-circuited and no fallback available.
SometimesFailingCommand short-circuited and no fallback available.
SometimesFailingCommand short-circuited and no fallback available.
SometimesFailingCommand short-circuited and no fallback available.
SometimesFailingCommand short-circuited and no fallback available.
SometimesFailingCommand short-circuited and no fallback available.
SometimesFailingCommand short-circuited and no fallback available.
SometimesFailingCommand short-circuited and no fallback available.
SometimesFailingCommand short-circuited and no fallback available.
SometimesFailingCommand short-circuited and no fallback available.
SometimesFailingCommand short-circuited and no fallback available.
SometimesFailingCommand short-circuited and no fallback available.
SometimesFailingCommand short-circuited and no fallback available.
SometimesFailingCommand short-circuited and no fallback available.
SometimesFailingCommand short-circuited and no fallback available.
SometimesFailingCommand short-circuited and no fallback available.
SometimesFailingCommand short-circuited and no fallback available.
SometimesFailingCommand short-circuited and no fallback available.
SometimesFailingCommand short-circuited and no fallback available.
SometimesFailingCommand short-circuited and no fallback available.
SometimesFailingCommand short-circuited and no fallback available.
SometimesFailingCommand short-circuited and no fallback available.
SometimesFailingCommand short-circuited and no fallback available.
SometimesFailingCommand short-circuited and no fallback available.
SometimesFailingCommand short-circuited and no fallback available.
SometimesFailingCommand short-circuited and no fallback available.
SometimesFailingCommand short-circuited and no fallback available.
SometimesFailingCommand short-circuited and no fallback available.
SometimesFailingCommand short-circuited and no fallback available.
SometimesFailingCommand short-circuited and no fallback available.
SometimesFailingCommand short-circuited and no fallback available.
SometimesFailingCommand short-circuited and no fallback available.
SometimesFailingCommand short-circuited and no fallback available.
SometimesFailingCommand short-circuited and no fallback available.
SometimesFailingCommand short-circuited and no fallback available.
SometimesFailingCommand short-circuited and no fallback available.
SometimesFailingCommand short-circuited and no fallback available.
SometimesFailingCommand short-circuited and no fallback available.
SometimesFailingCommand short-circuited and no fallback available.
SometimesFailingCommand short-circuited and no fallback available.
SometimesFailingCommand short-circuited and no fallback available.
SometimesFailingCommand short-circuited and no fallback available.
SometimesFailingCommand short-circuited and no fallback available.
SometimesFailingCommand short-circuited and no fallback available.
SometimesFailingCommand short-circuited and no fallback available.
SometimesFailingCommand short-circuited and no fallback available.
SometimesFailingCommand short-circuited and no fallback available.
SometimesFailingCommand short-circuited and no fallback available.
SometimesFailingCommand short-circuited and no fallback available.
SometimesFailingCommand short-circuited and no fallback available.
SometimesFailingCommand short-circuited and no fallback available.
SometimesFailingCommand short-circuited and no fallback available.
SometimesFailingCommand short-circuited and no fallback available.
SometimesFailingCommand short-circuited and no fallback available.
SometimesFailingCommand short-circuited and no fallback available.
SometimesFailingCommand short-circuited and no fallback available.
SometimesFailingCommand short-circuited and no fallback available.
SometimesFailingCommand short-circuited and no fallback available.
SometimesFailingCommand short-circuited and no fallback available.
SometimesFailingCommand short-circuited and no fallback available.
SometimesFailingCommand short-circuited and no fallback available.
SometimesFailingCommand short-circuited and no fallback available.
SometimesFailingCommand short-circuited and no fallback available.
SometimesFailingCommand short-circuited and no fallback available.
SometimesFailingCommand short-circuited and no fallback available.
SometimesFailingCommand short-circuited and no fallback available.
SometimesFailingCommand short-circuited and no fallback available.
SometimesFailingCommand short-circuited and no fallback available.
SometimesFailingCommand short-circuited and no fallback available.
SometimesFailingCommand short-circuited and no fallback available.
SometimesFailingCommand short-circuited and no fallback available.
SometimesFailingCommand short-circuited and no fallback available.
SometimesFailingCommand short-circuited and no fallback available.
SometimesFailingCommand short-circuited and no fallback available.
SometimesFailingCommand short-circuited and no fallback available.
SometimesFailingCommand short-circuited and no fallback available.
SometimesFailingCommand short-circuited and no fallback available.
SometimesFailingCommand short-circuited and no fallback available.
SometimesFailingCommand short-circuited and no fallback available.
SometimesFailingCommand short-circuited and no fallback available.
SometimesFailingCommand short-circuited and no fallback available.
SometimesFailingCommand short-circuited and no fallback available.
SometimesFailingCommand short-circuited and no fallback available.
SometimesFailingCommand short-circuited and no fallback available.
SometimesFailingCommand short-circuited and no fallback available.
SometimesFailingCommand short-circuited and no fallback available.
SometimesFailingCommand short-circuited and no fallback available.
SometimesFailingCommand short-circuited and no fallback available.
SometimesFailingCommand short-circuited and no fallback available.
SometimesFailingCommand short-circuited and no fallback available.
SometimesFailingCommand short-circuited and no fallback available.
SometimesFailingCommand short-circuited and no fallback available.
SometimesFailingCommand short-circuited and no fallback available.
SometimesFailingCommand short-circuited and no fallback available.
SometimesFailingCommand short-circuited and no fallback available.
SometimesFailingCommand short-circuited and no fallback available.
SometimesFailingCommand short-circuited and no fallback available.
SometimesFailingCommand short-circuited and no fallback available.
SometimesFailingCommand short-circuited and no fallback available.
SometimesFailingCommand short-circuited and no fallback available.
SometimesFailingCommand short-circuited and no fallback available.
SometimesFailingCommand short-circuited and no fallback available.
SometimesFailingCommand short-circuited and no fallback available.
SometimesFailingCommand short-circuited and no fallback available.
SometimesFailingCommand short-circuited and no fallback available.
SometimesFailingCommand short-circuited and no fallback available.
SometimesFailingCommand short-circuited and no fallback available.
SometimesFailingCommand short-circuited and no fallback available.
SometimesFailingCommand short-circuited and no fallback available.
SometimesFailingCommand short-circuited and no fallback available.
SometimesFailingCommand short-circuited and no fallback available.
SometimesFailingCommand short-circuited and no fallback available.
SometimesFailingCommand short-circuited and no fallback available.
SometimesFailingCommand short-circuited and no fallback available.
SometimesFailingCommand short-circuited and no fallback available.
SometimesFailingCommand short-circuited and no fallback available.
SometimesFailingCommand short-circuited and no fallback available.
SometimesFailingCommand short-circuited and no fallback available.
SometimesFailingCommand short-circuited and no fallback available.
SometimesFailingCommand short-circuited and no fallback available.
SometimesFailingCommand short-circuited and no fallback available.
SometimesFailingCommand short-circuited and no fallback available.
SometimesFailingCommand short-circuited and no fallback available.
SometimesFailingCommand short-circuited and no fallback available.
SometimesFailingCommand short-circuited and no fallback available.
SometimesFailingCommand short-circuited and no fallback available.
SometimesFailingCommand short-circuited and no fallback available.
SometimesFailingCommand short-circuited and no fallback available.
SometimesFailingCommand short-circuited and no fallback available.
SometimesFailingCommand short-circuited and no fallback available.
SometimesFailingCommand short-circuited and no fallback available.
SometimesFailingCommand short-circuited and no fallback available.
SometimesFailingCommand short-circuited and no fallback available.
SometimesFailingCommand short-circuited and no fallback available.
SometimesFailingCommand short-circuited and no fallback available.
SometimesFailingCommand short-circuited and no fallback available.
SometimesFailingCommand short-circuited and no fallback available.
SometimesFailingCommand short-circuited and no fallback available.
SometimesFailingCommand short-circuited and no fallback available.
SometimesFailingCommand short-circuited and no fallback available.
SometimesFailingCommand short-circuited and no fallback available.
SometimesFailingCommand short-circuited and no fallback available.
SometimesFailingCommand short-circuited and no fallback available.
SometimesFailingCommand short-circuited and no fallback available.
SometimesFailingCommand short-circuited and no fallback available.
SometimesFailingCommand short-circuited and no fallback available.
SometimesFailingCommand short-circuited and no fallback available.
SometimesFailingCommand short-circuited and no fallback available.
SometimesFailingCommand short-circuited and no fallback available.
SometimesFailingCommand short-circuited and no fallback available.
SometimesFailingCommand short-circuited and no fallback available.
SometimesFailingCommand short-circuited and no fallback available.
SometimesFailingCommand short-circuited and no fallback available.
SometimesFailingCommand short-circuited and no fallback available.
SometimesFailingCommand short-circuited and no fallback available.
SometimesFailingCommand short-circuited and no fallback available.
SometimesFailingCommand short-circuited and no fallback available.
SometimesFailingCommand short-circuited and no fallback available.
SometimesFailingCommand short-circuited and no fallback available.
SometimesFailingCommand short-circuited and no fallback available.
SometimesFailingCommand short-circuited and no fallback available.
SometimesFailingCommand short-circuited and no fallback available.
SometimesFailingCommand short-circuited and no fallback available.
SometimesFailingCommand short-circuited and no fallback available.
SometimesFailingCommand short-circuited and no fallback available.
SometimesFailingCommand short-circuited and no fallback available.
SometimesFailingCommand short-circuited and no fallback available.
SometimesFailingCommand short-circuited and no fallback available.
SometimesFailingCommand short-circuited and no fallback available.
SometimesFailingCommand short-circuited and no fallback available.
SometimesFailingCommand short-circuited and no fallback available.
SometimesFailingCommand short-circuited and no fallback available.
SometimesFailingCommand short-circuited and no fallback available.
SometimesFailingCommand short-circuited and no fallback available.
SometimesFailingCommand short-circuited and no fallback available.
SometimesFailingCommand short-circuited and no fallback available.
SometimesFailingCommand short-circuited and no fallback available.
SometimesFailingCommand short-circuited and no fallback available.
SometimesFailingCommand short-circuited and no fallback available.
SometimesFailingCommand short-circuited and no fallback available.
SometimesFailingCommand short-circuited and no fallback available.
SometimesFailingCommand short-circuited and no fallback available.
SometimesFailingCommand short-circuited and no fallback available.
SometimesFailingCommand short-circuited and no fallback available.
SometimesFailingCommand short-circuited and no fallback available.
SometimesFailingCommand short-circuited and no fallback available.
SometimesFailingCommand short-circuited and no fallback available.
SometimesFailingCommand short-circuited and no fallback available.
SometimesFailingCommand short-circuited and no fallback available.
SometimesFailingCommand short-circuited and no fallback available.
SometimesFailingCommand short-circuited and no fallback available.
SometimesFailingCommand short-circuited and no fallback available.
SometimesFailingCommand short-circuited and no fallback available.
SometimesFailingCommand short-circuited and no fallback available.
SometimesFailingCommand short-circuited and no fallback available.
SometimesFailingCommand short-circuited and no fallback available.
SometimesFailingCommand short-circuited and no fallback available.
SometimesFailingCommand short-circuited and no fallback available.
SometimesFailingCommand short-circuited and no fallback available.
SometimesFailingCommand short-circuited and no fallback available.
SometimesFailingCommand short-circuited and no fallback available.
SometimesFailingCommand short-circuited and no fallback available.
SometimesFailingCommand short-circuited and no fallback available.
SometimesFailingCommand short-circuited and no fallback available.
SometimesFailingCommand short-circuited and no fallback available.
SometimesFailingCommand short-circuited and no fallback available.
SometimesFailingCommand short-circuited and no fallback available.
SometimesFailingCommand short-circuited and no fallback available.
SometimesFailingCommand short-circuited and no fallback available.
SometimesFailingCommand short-circuited and no fallback available.
SometimesFailingCommand short-circuited and no fallback available.
SometimesFailingCommand short-circuited and no fallback available.
SometimesFailingCommand short-circuited and no fallback available.
SometimesFailingCommand short-circuited and no fallback available.
SometimesFailingCommand short-circuited and no fallback available.
SometimesFailingCommand short-circuited and no fallback available.
SometimesFailingCommand short-circuited and no fallback available.
SometimesFailingCommand short-circuited and no fallback available.
SometimesFailingCommand short-circuited and no fallback available.
SometimesFailingCommand short-circuited and no fallback available.
SometimesFailingCommand short-circuited and no fallback available.
SometimesFailingCommand short-circuited and no fallback available.
SometimesFailingCommand short-circuited and no fallback available.
SometimesFailingCommand short-circuited and no fallback available.
SometimesFailingCommand short-circuited and no fallback available.
SometimesFailingCommand short-circuited and no fallback available.
SometimesFailingCommand short-circuited and no fallback available.
SometimesFailingCommand short-circuited and no fallback available.
SometimesFailingCommand short-circuited and no fallback available.
SometimesFailingCommand short-circuited and no fallback available.
SometimesFailingCommand short-circuited and no fallback available.
SometimesFailingCommand short-circuited and no fallback available.
SometimesFailingCommand short-circuited and no fallback available.
SometimesFailingCommand short-circuited and no fallback available.
SometimesFailingCommand short-circuited and no fallback available.
SometimesFailingCommand short-circuited and no fallback available.
SometimesFailingCommand short-circuited and no fallback available.
SometimesFailingCommand short-circuited and no fallback available.
SometimesFailingCommand short-circuited and no fallback available.
SometimesFailingCommand short-circuited and no fallback available.
SometimesFailingCommand short-circuited and no fallback available.
SometimesFailingCommand short-circuited and no fallback available.
SometimesFailingCommand short-circuited and no fallback available.
SometimesFailingCommand short-circuited and no fallback available.
SometimesFailingCommand short-circuited and no fallback available.
SometimesFailingCommand short-circuited and no fallback available.
SometimesFailingCommand short-circuited and no fallback available.
SometimesFailingCommand short-circuited and no fallback available.
SometimesFailingCommand short-circuited and no fallback available.
SometimesFailingCommand short-circuited and no fallback available.
SometimesFailingCommand short-circuited and no fallback available.
SometimesFailingCommand short-circuited and no fallback available.
SometimesFailingCommand short-circuited and no fallback available.
SometimesFailingCommand short-circuited and no fallback available.
SometimesFailingCommand short-circuited and no fallback available.
SometimesFailingCommand short-circuited and no fallback available.
SometimesFailingCommand short-circuited and no fallback available.
SometimesFailingCommand short-circuited and no fallback available.
SometimesFailingCommand short-circuited and no fallback available.
SometimesFailingCommand short-circuited and no fallback available.
SometimesFailingCommand short-circuited and no fallback available.
SometimesFailingCommand short-circuited and no fallback available.
SometimesFailingCommand short-circuited and no fallback available.
SometimesFailingCommand short-circuited and no fallback available.
SometimesFailingCommand short-circuited and no fallback available.
SometimesFailingCommand short-circuited and no fallback available.
SometimesFailingCommand short-circuited and no fallback available.
SometimesFailingCommand short-circuited and no fallback available.
SometimesFailingCommand short-circuited and no fallback available.
SometimesFailingCommand short-circuited and no fallback available.
SometimesFailingCommand short-circuited and no fallback available.
SometimesFailingCommand short-circuited and no fallback available.
SometimesFailingCommand short-circuited and no fallback available.
SometimesFailingCommand short-circuited and no fallback available.
SometimesFailingCommand short-circuited and no fallback available.
SometimesFailingCommand short-circuited and no fallback available.
SometimesFailingCommand short-circuited and no fallback available.
SometimesFailingCommand short-circuited and no fallback available.
SometimesFailingCommand short-circuited and no fallback available.
SometimesFailingCommand short-circuited and no fallback available.
SometimesFailingCommand short-circuited and no fallback available.
SometimesFailingCommand short-circuited and no fallback available.
SometimesFailingCommand short-circuited and no fallback available.
SometimesFailingCommand short-circuited and no fallback available.
SometimesFailingCommand short-circuited and no fallback available.
SometimesFailingCommand short-circuited and no fallback available.
SometimesFailingCommand short-circuited and no fallback available.
SometimesFailingCommand short-circuited and no fallback available.
SometimesFailingCommand short-circuited and no fallback available.
SometimesFailingCommand short-circuited and no fallback available.
SometimesFailingCommand short-circuited and no fallback available.
SometimesFailingCommand short-circuited and no fallback available.
SometimesFailingCommand short-circuited and no fallback available.
SometimesFailingCommand short-circuited and no fallback available.
SometimesFailingCommand short-circuited and no fallback available.
SometimesFailingCommand short-circuited and no fallback available.
SometimesFailingCommand short-circuited and no fallback available.
SometimesFailingCommand short-circuited and no fallback available.
SometimesFailingCommand short-circuited and no fallback available.
SometimesFailingCommand short-circuited and no fallback available.
SometimesFailingCommand short-circuited and no fallback available.
SometimesFailingCommand short-circuited and no fallback available.
SometimesFailingCommand short-circuited and no fallback available.
SometimesFailingCommand short-circuited and no fallback available.
SometimesFailingCommand short-circuited and no fallback available.
SometimesFailingCommand short-circuited and no fallback available.
SometimesFailingCommand short-circuited and no fallback available.
SometimesFailingCommand short-circuited and no fallback available.
SometimesFailingCommand short-circuited and no fallback available.
SometimesFailingCommand short-circuited and no fallback available.
SometimesFailingCommand short-circuited and no fallback available.
SometimesFailingCommand short-circuited and no fallback available.
SometimesFailingCommand short-circuited and no fallback available.
SometimesFailingCommand short-circuited and no fallback available.
SometimesFailingCommand short-circuited and no fallback available.
SometimesFailingCommand short-circuited and no fallback available.
SometimesFailingCommand short-circuited and no fallback available.
SometimesFailingCommand short-circuited and no fallback available.
SometimesFailingCommand short-circuited and no fallback available.
SometimesFailingCommand short-circuited and no fallback available.
SometimesFailingCommand short-circuited and no fallback available.
SometimesFailingCommand short-circuited and no fallback available.
SometimesFailingCommand short-circuited and no fallback available.
SometimesFailingCommand short-circuited and no fallback available.
SometimesFailingCommand short-circuited and no fallback available.
SometimesFailingCommand short-circuited and no fallback available.
SometimesFailingCommand short-circuited and no fallback available.
SometimesFailingCommand short-circuited and no fallback available.
SometimesFailingCommand short-circuited and no fallback available.
SometimesFailingCommand short-circuited and no fallback available.
SometimesFailingCommand short-circuited and no fallback available.
SometimesFailingCommand short-circuited and no fallback available.
SometimesFailingCommand short-circuited and no fallback available.
SometimesFailingCommand short-circuited and no fallback available.
SometimesFailingCommand short-circuited and no fallback available.
SometimesFailingCommand short-circuited and no fallback available.
SometimesFailingCommand short-circuited and no fallback available.
SometimesFailingCommand short-circuited and no fallback available.
SometimesFailingCommand short-circuited and no fallback available.
SometimesFailingCommand short-circuited and no fallback available.
SometimesFailingCommand short-circuited and no fallback available.
SometimesFailingCommand short-circuited and no fallback available.
SometimesFailingCommand short-circuited and no fallback available.
SometimesFailingCommand short-circuited and no fallback available.
SometimesFailingCommand short-circuited and no fallback available.
SometimesFailingCommand short-circuited and no fallback available.
SometimesFailingCommand short-circuited and no fallback available.
SometimesFailingCommand short-circuited and no fallback available.
SometimesFailingCommand short-circuited and no fallback available.
SometimesFailingCommand short-circuited and no fallback available.
SometimesFailingCommand short-circuited and no fallback available.
SometimesFailingCommand short-circuited and no fallback available.
SometimesFailingCommand short-circuited and no fallback available.
SometimesFailingCommand short-circuited and no fallback available.
SometimesFailingCommand short-circuited and no fallback available.
SometimesFailingCommand short-circuited and no fallback available.
SometimesFailingCommand short-circuited and no fallback available.
SometimesFailingCommand short-circuited and no fallback available.
SometimesFailingCommand short-circuited and no fallback available.
SometimesFailingCommand short-circuited and no fallback available.
SometimesFailingCommand short-circuited and no fallback available.
SometimesFailingCommand short-circuited and no fallback available.
SometimesFailingCommand short-circuited and no fallback available.
SometimesFailingCommand short-circuited and no fallback available.
SometimesFailingCommand short-circuited and no fallback available.
SometimesFailingCommand short-circuited and no fallback available.
SometimesFailingCommand short-circuited and no fallback available.
SometimesFailingCommand short-circuited and no fallback available.
SometimesFailingCommand short-circuited and no fallback available.
SometimesFailingCommand short-circuited and no fallback available.
SometimesFailingCommand short-circuited and no fallback available.
SometimesFailingCommand short-circuited and no fallback available.
SometimesFailingCommand short-circuited and no fallback available.
SometimesFailingCommand short-circuited and no fallback available.
SometimesFailingCommand short-circuited and no fallback available.
SometimesFailingCommand short-circuited and no fallback available.
SometimesFailingCommand short-circuited and no fallback available.
SometimesFailingCommand short-circuited and no fallback available.
SometimesFailingCommand short-circuited and no fallback available.
SometimesFailingCommand short-circuited and no fallback available.
SometimesFailingCommand short-circuited and no fallback available.
SometimesFailingCommand short-circuited and no fallback available.
SometimesFailingCommand short-circuited and no fallback available.
SometimesFailingCommand short-circuited and no fallback available.
SometimesFailingCommand short-circuited and no fallback available.
SometimesFailingCommand short-circuited and no fallback available.
SometimesFailingCommand short-circuited and no fallback available.
SometimesFailingCommand short-circuited and no fallback available.
SometimesFailingCommand short-circuited and no fallback available.
SometimesFailingCommand short-circuited and no fallback available.
SometimesFailingCommand short-circuited and no fallback available.
SometimesFailingCommand short-circuited and no fallback available.
SometimesFailingCommand short-circuited and no fallback available.
SometimesFailingCommand short-circuited and no fallback available.
SometimesFailingCommand short-circuited and no fallback available.
SometimesFailingCommand short-circuited and no fallback available.
SometimesFailingCommand short-circuited and no fallback available.
SometimesFailingCommand short-circuited and no fallback available.
SometimesFailingCommand short-circuited and no fallback available.
SometimesFailingCommand short-circuited and no fallback available.
SometimesFailingCommand short-circuited and no fallback available.
SometimesFailingCommand short-circuited and no fallback available.
SometimesFailingCommand short-circuited and no fallback available.
SometimesFailingCommand short-circuited and no fallback available.
SometimesFailingCommand short-circuited and no fallback available.
SometimesFailingCommand short-circuited and no fallback available.
SometimesFailingCommand short-circuited and no fallback available.
SometimesFailingCommand short-circuited and no fallback available.
SometimesFailingCommand short-circuited and no fallback available.
SometimesFailingCommand short-circuited and no fallback available.
SometimesFailingCommand short-circuited and no fallback available.
SometimesFailingCommand short-circuited and no fallback available.
SometimesFailingCommand short-circuited and no fallback available.
SometimesFailingCommand short-circuited and no fallback available.
SometimesFailingCommand short-circuited and no fallback available.
SometimesFailingCommand short-circuited and no fallback available.
SometimesFailingCommand short-circuited and no fallback available.
SometimesFailingCommand short-circuited and no fallback available.
SometimesFailingCommand short-circuited and no fallback available.
SometimesFailingCommand short-circuited and no fallback available.
SometimesFailingCommand short-circuited and no fallback available.
SometimesFailingCommand short-circuited and no fallback available.
SometimesFailingCommand short-circuited and no fallback available.
SometimesFailingCommand short-circuited and no fallback available.
SometimesFailingCommand short-circuited and no fallback available.
SometimesFailingCommand short-circuited and no fallback available.
SometimesFailingCommand short-circuited and no fallback available.
SometimesFailingCommand short-circuited and no fallback available.
SometimesFailingCommand short-circuited and no fallback available.
SometimesFailingCommand short-circuited and no fallback available.
SometimesFailingCommand short-circuited and no fallback available.
SometimesFailingCommand short-circuited and no fallback available.
SometimesFailingCommand short-circuited and no fallback available.
SometimesFailingCommand short-circuited and no fallback available.
SometimesFailingCommand short-circuited and no fallback available.
SometimesFailingCommand short-circuited and no fallback available.
SometimesFailingCommand short-circuited and no fallback available.
SometimesFailingCommand short-circuited and no fallback available.
SometimesFailingCommand short-circuited and no fallback available.
SometimesFailingCommand short-circuited and no fallback available.
SometimesFailingCommand short-circuited and no fallback available.
SometimesFailingCommand short-circuited and no fallback available.
SometimesFailingCommand short-circuited and no fallback available.
SometimesFailingCommand short-circuited and no fallback available.
SometimesFailingCommand short-circuited and no fallback available.
SometimesFailingCommand short-circuited and no fallback available.
SometimesFailingCommand short-circuited and no fallback available.
SometimesFailingCommand short-circuited and no fallback available.
SometimesFailingCommand short-circuited and no fallback available.
SometimesFailingCommand short-circuited and no fallback available.
SometimesFailingCommand short-circuited and no fallback available.
SometimesFailingCommand short-circuited and no fallback available.
SometimesFailingCommand short-circuited and no fallback available.
SometimesFailingCommand short-circuited and no fallback available.
SometimesFailingCommand short-circuited and no fallback available.
SometimesFailingCommand short-circuited and no fallback available.
SometimesFailingCommand short-circuited and no fallback available.
SometimesFailingCommand short-circuited and no fallback available.
SometimesFailingCommand short-circuited and no fallback available.
SometimesFailingCommand short-circuited and no fallback available.
SometimesFailingCommand short-circuited and no fallback available.
SometimesFailingCommand short-circuited and no fallback available.
SometimesFailingCommand short-circuited and no fallback available.
SometimesFailingCommand short-circuited and no fallback available.
SometimesFailingCommand short-circuited and no fallback available.
SometimesFailingCommand short-circuited and no fallback available.
SometimesFailingCommand short-circuited and no fallback available.
SometimesFailingCommand short-circuited and no fallback available.
SometimesFailingCommand short-circuited and no fallback available.
SometimesFailingCommand short-circuited and no fallback available.
SometimesFailingCommand short-circuited and no fallback available.
SometimesFailingCommand short-circuited and no fallback available.
SometimesFailingCommand short-circuited and no fallback available.
SometimesFailingCommand short-circuited and no fallback available.
SometimesFailingCommand short-circuited and no fallback available.
SometimesFailingCommand short-circuited and no fallback available.
SometimesFailingCommand short-circuited and no fallback available.
SometimesFailingCommand short-circuited and no fallback available.
SometimesFailingCommand short-circuited and no fallback available.
SometimesFailingCommand short-circuited and no fallback available.
SometimesFailingCommand short-circuited and no fallback available.
SometimesFailingCommand short-circuited and no fallback available.
SometimesFailingCommand short-circuited and no fallback available.
SometimesFailingCommand short-circuited and no fallback available.
SometimesFailingCommand short-circuited and no fallback available.
SometimesFailingCommand short-circuited and no fallback available.
SometimesFailingCommand short-circuited and no fallback available.
SometimesFailingCommand short-circuited and no fallback available.
SometimesFailingCommand short-circuited and no fallback available.
SometimesFailingCommand short-circuited and no fallback available.
SometimesFailingCommand short-circuited and no fallback available.
SometimesFailingCommand short-circuited and no fallback available.
SometimesFailingCommand short-circuited and no fallback available.
SometimesFailingCommand short-circuited and no fallback available.
SometimesFailingCommand short-circuited and no fallback available.
SometimesFailingCommand short-circuited and no fallback available.
SometimesFailingCommand short-circuited and no fallback available.
SometimesFailingCommand short-circuited and no fallback available.
SometimesFailingCommand short-circuited and no fallback available.
SometimesFailingCommand short-circuited and no fallback available.
SometimesFailingCommand short-circuited and no fallback available.
SometimesFailingCommand short-circuited and no fallback available.
SometimesFailingCommand short-circuited and no fallback available.
SometimesFailingCommand short-circuited and no fallback available.
SometimesFailingCommand short-circuited and no fallback available.
SometimesFailingCommand short-circuited and no fallback available.
SometimesFailingCommand short-circuited and no fallback available.
SometimesFailingCommand short-circuited and no fallback available.
SometimesFailingCommand short-circuited and no fallback available.
SometimesFailingCommand short-circuited and no fallback available.
SometimesFailingCommand short-circuited and no fallback available.
SometimesFailingCommand short-circuited and no fallback available.
SometimesFailingCommand short-circuited and no fallback available.
SometimesFailingCommand short-circuited and no fallback available.
SometimesFailingCommand short-circuited and no fallback available.
SometimesFailingCommand short-circuited and no fallback available.
SometimesFailingCommand short-circuited and no fallback available.
SometimesFailingCommand short-circuited and no fallback available.
SometimesFailingCommand short-circuited and no fallback available.
SometimesFailingCommand short-circuited and no fallback available.
SometimesFailingCommand short-circuited and no fallback available.
SometimesFailingCommand short-circuited and no fallback available.
SometimesFailingCommand short-circuited and no fallback available.
SometimesFailingCommand short-circuited and no fallback available.
SometimesFailingCommand short-circuited and no fallback available.
SometimesFailingCommand short-circuited and no fallback available.
SometimesFailingCommand short-circuited and no fallback available.
SometimesFailingCommand short-circuited and no fallback available.
SometimesFailingCommand short-circuited and no fallback available.
SometimesFailingCommand short-circuited and no fallback available.
SometimesFailingCommand short-circuited and no fallback available.
SometimesFailingCommand short-circuited and no fallback available.
SometimesFailingCommand short-circuited and no fallback available.
SometimesFailingCommand short-circuited and no fallback available.
SometimesFailingCommand short-circuited and no fallback available.
SometimesFailingCommand short-circuited and no fallback available.
SometimesFailingCommand short-circuited and no fallback available.
SometimesFailingCommand short-circuited and no fallback available.
SometimesFailingCommand short-circuited and no fallback available.
SometimesFailingCommand short-circuited and no fallback available.
SometimesFailingCommand short-circuited and no fallback available.
SometimesFailingCommand short-circuited and no fallback available.
SometimesFailingCommand short-circuited and no fallback available.
SometimesFailingCommand short-circuited and no fallback available.
SometimesFailingCommand short-circuited and no fallback available.
SometimesFailingCommand short-circuited and no fallback available.
SometimesFailingCommand short-circuited and no fallback available.
SometimesFailingCommand short-circuited and no fallback available.
SometimesFailingCommand short-circuited and no fallback available.
SometimesFailingCommand short-circuited and no fallback available.
SometimesFailingCommand short-circuited and no fallback available.
SometimesFailingCommand short-circuited and no fallback available.
SometimesFailingCommand short-circuited and no fallback available.
SometimesFailingCommand short-circuited and no fallback available.
SometimesFailingCommand short-circuited and no fallback available.
SometimesFailingCommand short-circuited and no fallback available.
SometimesFailingCommand short-circuited and no fallback available.
SometimesFailingCommand short-circuited and no fallback available.
SometimesFailingCommand short-circuited and no fallback available.
SometimesFailingCommand short-circuited and no fallback available.
SometimesFailingCommand short-circuited and no fallback available.
SometimesFailingCommand short-circuited and no fallback available.
SometimesFailingCommand short-circuited and no fallback available.
SometimesFailingCommand short-circuited and no fallback available.
SometimesFailingCommand short-circuited and no fallback available.
SometimesFailingCommand short-circuited and no fallback available.
SometimesFailingCommand short-circuited and no fallback available.
SometimesFailingCommand short-circuited and no fallback available.
SometimesFailingCommand short-circuited and no fallback available.
SometimesFailingCommand short-circuited and no fallback available.
SometimesFailingCommand short-circuited and no fallback available.
SometimesFailingCommand short-circuited and no fallback available.
SometimesFailingCommand short-circuited and no fallback available.
SometimesFailingCommand short-circuited and no fallback available.
SometimesFailingCommand short-circuited and no fallback available.
SometimesFailingCommand short-circuited and no fallback available.
SometimesFailingCommand short-circuited and no fallback available.
SometimesFailingCommand short-circuited and no fallback available.
SometimesFailingCommand short-circuited and no fallback available.
SometimesFailingCommand short-circuited and no fallback available.
SometimesFailingCommand short-circuited and no fallback available.
SometimesFailingCommand short-circuited and no fallback available.
SometimesFailingCommand short-circuited and no fallback available.
SometimesFailingCommand short-circuited and no fallback available.
SometimesFailingCommand short-circuited and no fallback available.
SometimesFailingCommand short-circuited and no fallback available.
SometimesFailingCommand short-circuited and no fallback available.
SometimesFailingCommand short-circuited and no fallback available.
SometimesFailingCommand short-circuited and no fallback available.
SometimesFailingCommand short-circuited and no fallback available.
SometimesFailingCommand short-circuited and no fallback available.
SometimesFailingCommand short-circuited and no fallback available.
SometimesFailingCommand short-circuited and no fallback available.
SometimesFailingCommand short-circuited and no fallback available.
SometimesFailingCommand short-circuited and no fallback available.
SometimesFailingCommand short-circuited and no fallback available.
SometimesFailingCommand short-circuited and no fallback available.
SometimesFailingCommand short-circuited and no fallback available.
SometimesFailingCommand short-circuited and no fallback available.
SometimesFailingCommand short-circuited and no fallback available.
SometimesFailingCommand short-circuited and no fallback available.
SometimesFailingCommand short-circuited and no fallback available.
SometimesFailingCommand short-circuited and no fallback available.
SometimesFailingCommand short-circuited and no fallback available.
SometimesFailingCommand short-circuited and no fallback available.
SometimesFailingCommand short-circuited and no fallback available.
SometimesFailingCommand short-circuited and no fallback available.
SometimesFailingCommand short-circuited and no fallback available.
SometimesFailingCommand short-circuited and no fallback available.
SometimesFailingCommand short-circuited and no fallback available.
SometimesFailingCommand short-circuited and no fallback available.
SometimesFailingCommand short-circuited and no fallback available.
SometimesFailingCommand short-circuited and no fallback available.
SometimesFailingCommand short-circuited and no fallback available.
SometimesFailingCommand short-circuited and no fallback available.
SometimesFailingCommand short-circuited and no fallback available.
SometimesFailingCommand short-circuited and no fallback available.
SometimesFailingCommand short-circuited and no fallback available.
SometimesFailingCommand short-circuited and no fallback available.
SometimesFailingCommand short-circuited and no fallback available.
SometimesFailingCommand short-circuited and no fallback available.
SometimesFailingCommand short-circuited and no fallback available.
SometimesFailingCommand short-circuited and no fallback available.
SometimesFailingCommand short-circuited and no fallback available.
SometimesFailingCommand short-circuited and no fallback available.
SometimesFailingCommand short-circuited and no fallback available.
SometimesFailingCommand short-circuited and no fallback available.
SometimesFailingCommand short-circuited and no fallback available.
SometimesFailingCommand short-circuited and no fallback available.
SometimesFailingCommand short-circuited and no fallback available.
SometimesFailingCommand short-circuited and no fallback available.
SometimesFailingCommand short-circuited and no fallback available.
SometimesFailingCommand short-circuited and no fallback available.
SometimesFailingCommand short-circuited and no fallback available.
SometimesFailingCommand short-circuited and no fallback available.
SometimesFailingCommand short-circuited and no fallback available.
SometimesFailingCommand short-circuited and no fallback available.
SometimesFailingCommand short-circuited and no fallback available.
SometimesFailingCommand short-circuited and no fallback available.
SometimesFailingCommand short-circuited and no fallback available.
SometimesFailingCommand short-circuited and no fallback available.
SometimesFailingCommand short-circuited and no fallback available.
SometimesFailingCommand short-circuited and no fallback available.
SometimesFailingCommand short-circuited and no fallback available.
SometimesFailingCommand short-circuited and no fallback available.
SometimesFailingCommand short-circuited and no fallback available.
SometimesFailingCommand short-circuited and no fallback available.
SometimesFailingCommand short-circuited and no fallback available.
SometimesFailingCommand short-circuited and no fallback available.
SometimesFailingCommand short-circuited and no fallback available.
SometimesFailingCommand short-circuited and no fallback available.
SometimesFailingCommand short-circuited and no fallback available.
SometimesFailingCommand short-circuited and no fallback available.
SometimesFailingCommand short-circuited and no fallback available.
SometimesFailingCommand short-circuited and no fallback available.
SometimesFailingCommand short-circuited and no fallback available.
SometimesFailingCommand short-circuited and no fallback available.
SometimesFailingCommand short-circuited and no fallback available.
SometimesFailingCommand short-circuited and no fallback available.
SometimesFailingCommand short-circuited and no fallback available.
SometimesFailingCommand short-circuited and no fallback available.
SometimesFailingCommand short-circuited and no fallback available.
SometimesFailingCommand short-circuited and no fallback available.
SometimesFailingCommand short-circuited and no fallback available.
SometimesFailingCommand short-circuited and no fallback available.
SometimesFailingCommand short-circuited and no fallback available.
SometimesFailingCommand short-circuited and no fallback available.
SometimesFailingCommand short-circuited and no fallback available.
SometimesFailingCommand short-circuited and no fallback available.
SometimesFailingCommand short-circuited and no fallback available.
SometimesFailingCommand short-circuited and no fallback available.
SometimesFailingCommand short-circuited and no fallback available.
SometimesFailingCommand short-circuited and no fallback available.
SometimesFailingCommand short-circuited and no fallback available.
SometimesFailingCommand short-circuited and no fallback available.
SometimesFailingCommand short-circuited and no fallback available.
SometimesFailingCommand short-circuited and no fallback available.
SometimesFailingCommand short-circuited and no fallback available.
SometimesFailingCommand short-circuited and no fallback available.
SometimesFailingCommand short-circuited and no fallback available.
SometimesFailingCommand short-circuited and no fallback available.
SometimesFailingCommand short-circuited and no fallback available.
SometimesFailingCommand short-circuited and no fallback available.
SometimesFailingCommand short-circuited and no fallback available.
SometimesFailingCommand short-circuited and no fallback available.
SometimesFailingCommand short-circuited and no fallback available.
SometimesFailingCommand short-circuited and no fallback available.
SometimesFailingCommand short-circuited and no fallback available.
SometimesFailingCommand short-circuited and no fallback available.
SometimesFailingCommand short-circuited and no fallback available.
SometimesFailingCommand short-circuited and no fallback available.
SometimesFailingCommand short-circuited and no fallback available.
SometimesFailingCommand short-circuited and no fallback available.
SometimesFailingCommand short-circuited and no fallback available.
SometimesFailingCommand short-circuited and no fallback available.
SometimesFailingCommand short-circuited and no fallback available.
SometimesFailingCommand short-circuited and no fallback available.
SometimesFailingCommand short-circuited and no fallback available.
SometimesFailingCommand short-circuited and no fallback available.
SometimesFailingCommand short-circuited and no fallback available.
SometimesFailingCommand short-circuited and no fallback available.
SometimesFailingCommand short-circuited and no fallback available.
SometimesFailingCommand short-circuited and no fallback available.
SometimesFailingCommand short-circuited and no fallback available.
SometimesFailingCommand short-circuited and no fallback available.
SometimesFailingCommand short-circuited and no fallback available.
SometimesFailingCommand short-circuited and no fallback available.
SometimesFailingCommand short-circuited and no fallback available.
SometimesFailingCommand short-circuited and no fallback available.
SometimesFailingCommand short-circuited and no fallback available.
SometimesFailingCommand short-circuited and no fallback available.
SometimesFailingCommand short-circuited and no fallback available.
SometimesFailingCommand short-circuited and no fallback available.
SometimesFailingCommand short-circuited and no fallback available.
SometimesFailingCommand short-circuited and no fallback available.
SometimesFailingCommand short-circuited and no fallback available.
SometimesFailingCommand short-circuited and no fallback available.
SometimesFailingCommand short-circuited and no fallback available.
SometimesFailingCommand short-circuited and no fallback available.
SometimesFailingCommand short-circuited and no fallback available.
SometimesFailingCommand short-circuited and no fallback available.
SometimesFailingCommand short-circuited and no fallback available.
SometimesFailingCommand short-circuited and no fallback available.
SometimesFailingCommand short-circuited and no fallback available.
SometimesFailingCommand short-circuited and no fallback available.
SometimesFailingCommand short-circuited and no fallback available.
SometimesFailingCommand short-circuited and no fallback available.
SometimesFailingCommand short-circuited and no fallback available.
SometimesFailingCommand short-circuited and no fallback available.
SometimesFailingCommand short-circuited and no fallback available.
SometimesFailingCommand short-circuited and no fallback available.
SometimesFailingCommand short-circuited and no fallback available.
SometimesFailingCommand short-circuited and no fallback available.
SometimesFailingCommand short-circuited and no fallback available.
SometimesFailingCommand short-circuited and no fallback available.
SometimesFailingCommand short-circuited and no fallback available.
SometimesFailingCommand short-circuited and no fallback available.
SometimesFailingCommand short-circuited and no fallback available.
SometimesFailingCommand short-circuited and no fallback available.
SometimesFailingCommand short-circuited and no fallback available.
SometimesFailingCommand short-circuited and no fallback available.
SometimesFailingCommand short-circuited and no fallback available.
SometimesFailingCommand short-circuited and no fallback available.
SometimesFailingCommand short-circuited and no fallback available.
SometimesFailingCommand short-circuited and no fallback available.
SometimesFailingCommand short-circuited and no fallback available.
SometimesFailingCommand short-circuited and no fallback available.
SometimesFailingCommand short-circuited and no fallback available.
SometimesFailingCommand short-circuited and no fallback available.
SometimesFailingCommand short-circuited and no fallback available.
SometimesFailingCommand short-circuited and no fallback available.
SometimesFailingCommand short-circuited and no fallback available.
SometimesFailingCommand short-circuited and no fallback available.
SometimesFailingCommand short-circuited and no fallback available.
SometimesFailingCommand short-circuited and no fallback available.
SometimesFailingCommand short-circuited and no fallback available.
SometimesFailingCommand short-circuited and no fallback available.
SometimesFailingCommand short-circuited and no fallback available.
SometimesFailingCommand short-circuited and no fallback available.
SometimesFailingCommand short-circuited and no fallback available.
SometimesFailingCommand short-circuited and no fallback available.
SometimesFailingCommand short-circuited and no fallback available.
SometimesFailingCommand short-circuited and no fallback available.
SometimesFailingCommand short-circuited and no fallback available.
SometimesFailingCommand short-circuited and no fallback available.
SometimesFailingCommand short-circuited and no fallback available.
SometimesFailingCommand short-circuited and no fallback available.
SometimesFailingCommand short-circuited and no fallback available.
SometimesFailingCommand short-circuited and no fallback available.
SometimesFailingCommand short-circuited and no fallback available.
SometimesFailingCommand short-circuited and no fallback available.
SometimesFailingCommand short-circuited and no fallback available.
SometimesFailingCommand short-circuited and no fallback available.
SometimesFailingCommand short-circuited and no fallback available.
SometimesFailingCommand short-circuited and no fallback available.
SometimesFailingCommand short-circuited and no fallback available.
SometimesFailingCommand short-circuited and no fallback available.
SometimesFailingCommand short-circuited and no fallback available.
SometimesFailingCommand short-circuited and no fallback available.
SometimesFailingCommand short-circuited and no fallback available.
SometimesFailingCommand short-circuited and no fallback available.
SometimesFailingCommand short-circuited and no fallback available.
SometimesFailingCommand short-circuited and no fallback available.
SometimesFailingCommand short-circuited and no fallback available.
SometimesFailingCommand short-circuited and no fallback available.
SometimesFailingCommand short-circuited and no fallback available.
SometimesFailingCommand short-circuited and no fallback available.
SometimesFailingCommand short-circuited and no fallback available.
SometimesFailingCommand short-circuited and no fallback available.
SometimesFailingCommand short-circuited and no fallback available.
SometimesFailingCommand short-circuited and no fallback available.
SometimesFailingCommand short-circuited and no fallback available.
SometimesFailingCommand short-circuited and no fallback available.
SometimesFailingCommand short-circuited and no fallback available.
SometimesFailingCommand short-circuited and no fallback available.
SometimesFailingCommand short-circuited and no fallback available.
SometimesFailingCommand short-circuited and no fallback available.
SometimesFailingCommand short-circuited and no fallback available.
SometimesFailingCommand short-circuited and no fallback available.
SometimesFailingCommand short-circuited and no fallback available.
SometimesFailingCommand short-circuited and no fallback available.
SometimesFailingCommand short-circuited and no fallback available.
SometimesFailingCommand short-circuited and no fallback available.
SometimesFailingCommand short-circuited and no fallback available.
SometimesFailingCommand short-circuited and no fallback available.
SometimesFailingCommand short-circuited and no fallback available.
SometimesFailingCommand short-circuited and no fallback available.
SometimesFailingCommand short-circuited and no fallback available.
SometimesFailingCommand short-circuited and no fallback available.
SometimesFailingCommand short-circuited and no fallback available.
SometimesFailingCommand short-circuited and no fallback available.
SometimesFailingCommand short-circuited and no fallback available.
SometimesFailingCommand short-circuited and no fallback available.
SometimesFailingCommand short-circuited and no fallback available.
SometimesFailingCommand short-circuited and no fallback available.
SometimesFailingCommand short-circuited and no fallback available.
SometimesFailingCommand short-circuited and no fallback available.
SometimesFailingCommand short-circuited and no fallback available.
SometimesFailingCommand short-circuited and no fallback available.
SometimesFailingCommand short-circuited and no fallback available.
SometimesFailingCommand short-circuited and no fallback available.
SometimesFailingCommand short-circuited and no fallback available.
SometimesFailingCommand short-circuited and no fallback available.
SometimesFailingCommand short-circuited and no fallback available.
SometimesFailingCommand short-circuited and no fallback available.
SometimesFailingCommand short-circuited and no fallback available.
SometimesFailingCommand short-circuited and no fallback available.
SometimesFailingCommand short-circuited and no fallback available.
SometimesFailingCommand short-circuited and no fallback available.
SometimesFailingCommand short-circuited and no fallback available.
SometimesFailingCommand short-circuited and no fallback available.
SometimesFailingCommand short-circuited and no fallback available.
SometimesFailingCommand short-circuited and no fallback available.
SometimesFailingCommand short-circuited and no fallback available.
SometimesFailingCommand short-circuited and no fallback available.
SometimesFailingCommand short-circuited and no fallback available.
SometimesFailingCommand short-circuited and no fallback available.
SometimesFailingCommand short-circuited and no fallback available.
SometimesFailingCommand short-circuited and no fallback available.
SometimesFailingCommand short-circuited and no fallback available.
SometimesFailingCommand short-circuited and no fallback available.
SometimesFailingCommand short-circuited and no fallback available.
SometimesFailingCommand short-circuited and no fallback available.
SometimesFailingCommand short-circuited and no fallback available.
SometimesFailingCommand short-circuited and no fallback available.
SometimesFailingCommand short-circuited and no fallback available.
SometimesFailingCommand short-circuited and no fallback available.
SometimesFailingCommand short-circuited and no fallback available.
SometimesFailingCommand short-circuited and no fallback available.
SometimesFailingCommand short-circuited and no fallback available.
SometimesFailingCommand short-circuited and no fallback available.
SometimesFailingCommand short-circuited and no fallback available.
SometimesFailingCommand short-circuited and no fallback available.
SometimesFailingCommand short-circuited and no fallback available.
SometimesFailingCommand short-circuited and no fallback available.
SometimesFailingCommand short-circuited and no fallback available.
SometimesFailingCommand short-circuited and no fallback available.
SometimesFailingCommand short-circuited and no fallback available.
SometimesFailingCommand short-circuited and no fallback available.
SometimesFailingCommand short-circuited and no fallback available.
SometimesFailingCommand short-circuited and no fallback available.
SometimesFailingCommand short-circuited and no fallback available.
SometimesFailingCommand short-circuited and no fallback available.
SometimesFailingCommand short-circuited and no fallback available.
SometimesFailingCommand short-circuited and no fallback available.
SometimesFailingCommand short-circuited and no fallback available.
SometimesFailingCommand short-circuited and no fallback available.
SometimesFailingCommand short-circuited and no fallback available.
SometimesFailingCommand short-circuited and no fallback available.
SometimesFailingCommand short-circuited and no fallback available.
SometimesFailingCommand short-circuited and no fallback available.
SometimesFailingCommand short-circuited and no fallback available.
SometimesFailingCommand short-circuited and no fallback available.
SometimesFailingCommand short-circuited and no fallback available.
SometimesFailingCommand short-circuited and no fallback available.
SometimesFailingCommand short-circuited and no fallback available.
SometimesFailingCommand short-circuited and no fallback available.
SometimesFailingCommand short-circuited and no fallback available.
SometimesFailingCommand short-circuited and no fallback available.
SometimesFailingCommand short-circuited and no fallback available.
SometimesFailingCommand short-circuited and no fallback available.
SometimesFailingCommand short-circuited and no fallback available.
SometimesFailingCommand short-circuited and no fallback available.
SometimesFailingCommand short-circuited and no fallback available.
SometimesFailingCommand short-circuited and no fallback available.
SometimesFailingCommand short-circuited and no fallback available.
SometimesFailingCommand short-circuited and no fallback available.
SometimesFailingCommand short-circuited and no fallback available.
SometimesFailingCommand short-circuited and no fallback available.
SometimesFailingCommand short-circuited and no fallback available.
SometimesFailingCommand short-circuited and no fallback available.
SometimesFailingCommand short-circuited and no fallback available.
SometimesFailingCommand short-circuited and no fallback available.
SometimesFailingCommand short-circuited and no fallback available.
SometimesFailingCommand short-circuited and no fallback available.
SometimesFailingCommand short-circuited and no fallback available.
SometimesFailingCommand short-circuited and no fallback available.
SometimesFailingCommand short-circuited and no fallback available.
SometimesFailingCommand short-circuited and no fallback available.
SometimesFailingCommand short-circuited and no fallback available.
SometimesFailingCommand short-circuited and no fallback available.
SometimesFailingCommand short-circuited and no fallback available.
SometimesFailingCommand short-circuited and no fallback available.
SometimesFailingCommand short-circuited and no fallback available.
SometimesFailingCommand short-circuited and no fallback available.
SometimesFailingCommand short-circuited and no fallback available.
SometimesFailingCommand short-circuited and no fallback available.
SometimesFailingCommand short-circuited and no fallback available.
SometimesFailingCommand short-circuited and no fallback available.
SometimesFailingCommand short-circuited and no fallback available.
SometimesFailingCommand short-circuited and no fallback available.
SometimesFailingCommand short-circuited and no fallback available.
SometimesFailingCommand short-circuited and no fallback available.
SometimesFailingCommand short-circuited and no fallback available.
SometimesFailingCommand short-circuited and no fallback available.
SometimesFailingCommand short-circuited and no fallback available.
SometimesFailingCommand short-circuited and no fallback available.
SometimesFailingCommand short-circuited and no fallback available.
SometimesFailingCommand short-circuited and no fallback available.
SometimesFailingCommand short-circuited and no fallback available.
SometimesFailingCommand short-circuited and no fallback available.
SometimesFailingCommand short-circuited and no fallback available.
SometimesFailingCommand short-circuited and no fallback available.
SometimesFailingCommand short-circuited and no fallback available.
SometimesFailingCommand short-circuited and no fallback available.
SometimesFailingCommand short-circuited and no fallback available.
SometimesFailingCommand short-circuited and no fallback available.
SometimesFailingCommand short-circuited and no fallback available.
SometimesFailingCommand short-circuited and no fallback available.
SometimesFailingCommand short-circuited and no fallback available.
SometimesFailingCommand short-circuited and no fallback available.
SometimesFailingCommand short-circuited and no fallback available.
SometimesFailingCommand short-circuited and no fallback available.
SometimesFailingCommand short-circuited and no fallback available.
SometimesFailingCommand short-circuited and no fallback available.
SometimesFailingCommand short-circuited and no fallback available.
SometimesFailingCommand short-circuited and no fallback available.
SometimesFailingCommand short-circuited and no fallback available.
SometimesFailingCommand short-circuited and no fallback available.
SometimesFailingCommand short-circuited and no fallback available.
SometimesFailingCommand short-circuited and no fallback available.
SometimesFailingCommand short-circuited and no fallback available.
SometimesFailingCommand short-circuited and no fallback available.
SometimesFailingCommand short-circuited and no fallback available.
SometimesFailingCommand short-circuited and no fallback available.
SometimesFailingCommand short-circuited and no fallback available.
SometimesFailingCommand short-circuited and no fallback available.
SometimesFailingCommand short-circuited and no fallback available.
SometimesFailingCommand short-circuited and no fallback available.
SometimesFailingCommand short-circuited and no fallback available.
SometimesFailingCommand short-circuited and no fallback available.
SometimesFailingCommand short-circuited and no fallback available.
SometimesFailingCommand short-circuited and no fallback available.
SometimesFailingCommand short-circuited and no fallback available.
SometimesFailingCommand short-circuited and no fallback available.
SometimesFailingCommand short-circuited and no fallback available.
SometimesFailingCommand short-circuited and no fallback available.
SometimesFailingCommand short-circuited and no fallback available.
SometimesFailingCommand short-circuited and no fallback available.
SometimesFailingCommand short-circuited and no fallback available.
SometimesFailingCommand short-circuited and no fallback available.
SometimesFailingCommand short-circuited and no fallback available.
SometimesFailingCommand short-circuited and no fallback available.
SometimesFailingCommand short-circuited and no fallback available.
SometimesFailingCommand short-circuited and no fallback available.
SometimesFailingCommand short-circuited and no fallback available.
SometimesFailingCommand short-circuited and no fallback available.
SometimesFailingCommand short-circuited and no fallback available.
SometimesFailingCommand short-circuited and no fallback available.
SometimesFailingCommand short-circuited and no fallback available.
SometimesFailingCommand short-circuited and no fallback available.
SometimesFailingCommand short-circuited and no fallback available.
SometimesFailingCommand short-circuited and no fallback available.
SometimesFailingCommand short-circuited and no fallback available.
SometimesFailingCommand short-circuited and no fallback available.
SometimesFailingCommand short-circuited and no fallback available.
SometimesFailingCommand short-circuited and no fallback available.
SometimesFailingCommand short-circuited and no fallback available.
SometimesFailingCommand short-circuited and no fallback available.
SometimesFailingCommand short-circuited and no fallback available.
SometimesFailingCommand short-circuited and no fallback available.
SometimesFailingCommand short-circuited and no fallback available.
SometimesFailingCommand short-circuited and no fallback available.
SometimesFailingCommand short-circuited and no fallback available.
SometimesFailingCommand short-circuited and no fallback available.
SometimesFailingCommand short-circuited and no fallback available.
SometimesFailingCommand short-circuited and no fallback available.
SometimesFailingCommand short-circuited and no fallback available.
SometimesFailingCommand short-circuited and no fallback available.
SometimesFailingCommand short-circuited and no fallback available.
SometimesFailingCommand short-circuited and no fallback available.
SometimesFailingCommand short-circuited and no fallback available.
SometimesFailingCommand short-circuited and no fallback available.
SometimesFailingCommand short-circuited and no fallback available.
SometimesFailingCommand short-circuited and no fallback available.
SometimesFailingCommand short-circuited and no fallback available.
SometimesFailingCommand short-circuited and no fallback available.
SometimesFailingCommand short-circuited and no fallback available.
SometimesFailingCommand short-circuited and no fallback available.
SometimesFailingCommand short-circuited and no fallback available.
SometimesFailingCommand short-circuited and no fallback available.
SometimesFailingCommand short-circuited and no fallback available.
SometimesFailingCommand short-circuited and no fallback available.
SometimesFailingCommand short-circuited and no fallback available.
SometimesFailingCommand short-circuited and no fallback available.
SometimesFailingCommand short-circuited and no fallback available.
SometimesFailingCommand short-circuited and no fallback available.
SometimesFailingCommand short-circuited and no fallback available.
SometimesFailingCommand short-circuited and no fallback available.
SometimesFailingCommand short-circuited and no fallback available.
SometimesFailingCommand short-circuited and no fallback available.
SometimesFailingCommand short-circuited and no fallback available.
SometimesFailingCommand short-circuited and no fallback available.
SometimesFailingCommand short-circuited and no fallback available.
SometimesFailingCommand short-circuited and no fallback available.
SometimesFailingCommand short-circuited and no fallback available.
SometimesFailingCommand short-circuited and no fallback available.
SometimesFailingCommand short-circuited and no fallback available.
SometimesFailingCommand short-circuited and no fallback available.
SometimesFailingCommand short-circuited and no fallback available.
SometimesFailingCommand short-circuited and no fallback available.
SometimesFailingCommand short-circuited and no fallback available.
SometimesFailingCommand short-circuited and no fallback available.
SometimesFailingCommand short-circuited and no fallback available.
SometimesFailingCommand short-circuited and no fallback available.
SometimesFailingCommand short-circuited and no fallback available.
SometimesFailingCommand short-circuited and no fallback available.
SometimesFailingCommand short-circuited and no fallback available.
SometimesFailingCommand short-circuited and no fallback available.
SometimesFailingCommand short-circuited and no fallback available.
SometimesFailingCommand short-circuited and no fallback available.
SometimesFailingCommand short-circuited and no fallback available.
SometimesFailingCommand short-circuited and no fallback available.
SometimesFailingCommand short-circuited and no fallback available.
SometimesFailingCommand short-circuited and no fallback available.
SometimesFailingCommand short-circuited and no fallback available.
SometimesFailingCommand short-circuited and no fallback available.
SometimesFailingCommand short-circuited and no fallback available.
SometimesFailingCommand short-circuited and no fallback available.
SometimesFailingCommand short-circuited and no fallback available.
SometimesFailingCommand short-circuited and no fallback available.
SometimesFailingCommand short-circuited and no fallback available.
SometimesFailingCommand short-circuited and no fallback available.
SometimesFailingCommand short-circuited and no fallback available.
SometimesFailingCommand short-circuited and no fallback available.
SometimesFailingCommand short-circuited and no fallback available.
SometimesFailingCommand short-circuited and no fallback available.
SometimesFailingCommand short-circuited and no fallback available.
SometimesFailingCommand short-circuited and no fallback available.
SometimesFailingCommand short-circuited and no fallback available.
SometimesFailingCommand short-circuited and no fallback available.
SometimesFailingCommand short-circuited and no fallback available.
SometimesFailingCommand short-circuited and no fallback available.
SometimesFailingCommand short-circuited and no fallback available.
SometimesFailingCommand short-circuited and no fallback available.
SometimesFailingCommand short-circuited and no fallback available.
SometimesFailingCommand short-circuited and no fallback available.
SometimesFailingCommand short-circuited and no fallback available.
SometimesFailingCommand short-circuited and no fallback available.
SometimesFailingCommand short-circuited and no fallback available.
SometimesFailingCommand short-circuited and no fallback available.
SometimesFailingCommand short-circuited and no fallback available.
SometimesFailingCommand short-circuited and no fallback available.
SometimesFailingCommand short-circuited and no fallback available.
SometimesFailingCommand short-circuited and no fallback available.
SometimesFailingCommand short-circuited and no fallback available.
SometimesFailingCommand short-circuited and no fallback available.
SometimesFailingCommand short-circuited and no fallback available.
SometimesFailingCommand short-circuited and no fallback available.
SometimesFailingCommand short-circuited and no fallback available.
SometimesFailingCommand short-circuited and no fallback available.
SometimesFailingCommand short-circuited and no fallback available.
SometimesFailingCommand short-circuited and no fallback available.
SometimesFailingCommand short-circuited and no fallback available.
SometimesFailingCommand short-circuited and no fallback available.
SometimesFailingCommand short-circuited and no fallback available.
SometimesFailingCommand short-circuited and no fallback available.
SometimesFailingCommand short-circuited and no fallback available.
SometimesFailingCommand short-circuited and no fallback available.
SometimesFailingCommand short-circuited and no fallback available.
SometimesFailingCommand short-circuited and no fallback available.
SometimesFailingCommand short-circuited and no fallback available.
SometimesFailingCommand short-circuited and no fallback available.
SometimesFailingCommand short-circuited and no fallback available.
SometimesFailingCommand short-circuited and no fallback available.
SometimesFailingCommand short-circuited and no fallback available.
SometimesFailingCommand short-circuited and no fallback available.
SometimesFailingCommand short-circuited and no fallback available.
SometimesFailingCommand short-circuited and no fallback available.
SometimesFailingCommand short-circuited and no fallback available.
SometimesFailingCommand short-circuited and no fallback available.
SometimesFailingCommand short-circuited and no fallback available.
SometimesFailingCommand short-circuited and no fallback available.
SometimesFailingCommand short-circuited and no fallback available.
SometimesFailingCommand short-circuited and no fallback available.
SometimesFailingCommand short-circuited and no fallback available.
SometimesFailingCommand short-circuited and no fallback available.
SometimesFailingCommand short-circuited and no fallback available.
SometimesFailingCommand short-circuited and no fallback available.
SometimesFailingCommand short-circuited and no fallback available.
SometimesFailingCommand short-circuited and no fallback available.
SometimesFailingCommand short-circuited and no fallback available.
SometimesFailingCommand short-circuited and no fallback available.
SometimesFailingCommand short-circuited and no fallback available.
SometimesFailingCommand short-circuited and no fallback available.
SometimesFailingCommand short-circuited and no fallback available.
SometimesFailingCommand short-circuited and no fallback available.
SometimesFailingCommand short-circuited and no fallback available.
SometimesFailingCommand short-circuited and no fallback available.
SometimesFailingCommand short-circuited and no fallback available.
SometimesFailingCommand short-circuited and no fallback available.
SometimesFailingCommand short-circuited and no fallback available.
SometimesFailingCommand short-circuited and no fallback available.
SometimesFailingCommand short-circuited and no fallback available.
SometimesFailingCommand short-circuited and no fallback available.
SometimesFailingCommand short-circuited and no fallback available.
SometimesFailingCommand short-circuited and no fallback available.
SometimesFailingCommand short-circuited and no fallback available.
SometimesFailingCommand short-circuited and no fallback available.
SometimesFailingCommand short-circuited and no fallback available.
SometimesFailingCommand short-circuited and no fallback available.
SometimesFailingCommand short-circuited and no fallback available.
SometimesFailingCommand short-circuited and no fallback available.
SometimesFailingCommand short-circuited and no fallback available.
SometimesFailingCommand short-circuited and no fallback available.
SometimesFailingCommand short-circuited and no fallback available.
SometimesFailingCommand short-circuited and no fallback available.
SometimesFailingCommand short-circuited and no fallback available.
SometimesFailingCommand short-circuited and no fallback available.
SometimesFailingCommand short-circuited and no fallback available.
SometimesFailingCommand short-circuited and no fallback available.
SometimesFailingCommand short-circuited and no fallback available.
SometimesFailingCommand short-circuited and no fallback available.
SometimesFailingCommand short-circuited and no fallback available.
SometimesFailingCommand short-circuited and no fallback available.
SometimesFailingCommand short-circuited and no fallback available.
SometimesFailingCommand short-circuited and no fallback available.
SometimesFailingCommand short-circuited and no fallback available.
SometimesFailingCommand short-circuited and no fallback available.
SometimesFailingCommand short-circuited and no fallback available.
SometimesFailingCommand short-circuited and no fallback available.
SometimesFailingCommand short-circuited and no fallback available.
SometimesFailingCommand short-circuited and no fallback available.
SometimesFailingCommand short-circuited and no fallback available.
SometimesFailingCommand short-circuited and no fallback available.
SometimesFailingCommand short-circuited and no fallback available.
SometimesFailingCommand short-circuited and no fallback available.
SometimesFailingCommand short-circuited and no fallback available.
SometimesFailingCommand short-circuited and no fallback available.
SometimesFailingCommand short-circuited and no fallback available.
SometimesFailingCommand short-circuited and no fallback available.
SometimesFailingCommand short-circuited and no fallback available.
SometimesFailingCommand short-circuited and no fallback available.
SometimesFailingCommand short-circuited and no fallback available.
SometimesFailingCommand short-circuited and no fallback available.
SometimesFailingCommand short-circuited and no fallback available.
SometimesFailingCommand short-circuited and no fallback available.
SometimesFailingCommand short-circuited and no fallback available.
SometimesFailingCommand short-circuited and no fallback available.
SometimesFailingCommand short-circuited and no fallback available.
SometimesFailingCommand short-circuited and no fallback available.
SometimesFailingCommand short-circuited and no fallback available.
SometimesFailingCommand short-circuited and no fallback available.
SometimesFailingCommand short-circuited and no fallback available.
SometimesFailingCommand short-circuited and no fallback available.
SometimesFailingCommand short-circuited and no fallback available.
SometimesFailingCommand short-circuited and no fallback available.
SometimesFailingCommand short-circuited and no fallback available.
SometimesFailingCommand short-circuited and no fallback available.
SometimesFailingCommand short-circuited and no fallback available.
SometimesFailingCommand short-circuited and no fallback available.
SometimesFailingCommand short-circuited and no fallback available.
SometimesFailingCommand short-circuited and no fallback available.
SometimesFailingCommand short-circuited and no fallback available.
SometimesFailingCommand short-circuited and no fallback available.
SometimesFailingCommand short-circuited and no fallback available.
SometimesFailingCommand short-circuited and no fallback available.
SometimesFailingCommand short-circuited and no fallback available.
SometimesFailingCommand short-circuited and no fallback available.
SometimesFailingCommand short-circuited and no fallback available.
SometimesFailingCommand short-circuited and no fallback available.
SometimesFailingCommand short-circuited and no fallback available.
SometimesFailingCommand short-circuited and no fallback available.
SometimesFailingCommand short-circuited and no fallback available.
SometimesFailingCommand short-circuited and no fallback available.
SometimesFailingCommand short-circuited and no fallback available.
SometimesFailingCommand short-circuited and no fallback available.
SometimesFailingCommand short-circuited and no fallback available.
SometimesFailingCommand short-circuited and no fallback available.
SometimesFailingCommand short-circuited and no fallback available.
SometimesFailingCommand short-circuited and no fallback available.
SometimesFailingCommand short-circuited and no fallback available.
SometimesFailingCommand short-circuited and no fallback available.
SometimesFailingCommand short-circuited and no fallback available.
SometimesFailingCommand short-circuited and no fallback available.
SometimesFailingCommand short-circuited and no fallback available.
SometimesFailingCommand short-circuited and no fallback available.
SometimesFailingCommand short-circuited and no fallback available.
SometimesFailingCommand short-circuited and no fallback available.
SometimesFailingCommand short-circuited and no fallback available.
SometimesFailingCommand short-circuited and no fallback available.
SometimesFailingCommand short-circuited and no fallback available.
SometimesFailingCommand short-circuited and no fallback available.
SometimesFailingCommand short-circuited and no fallback available.
SometimesFailingCommand short-circuited and no fallback available.
SometimesFailingCommand short-circuited and no fallback available.
SometimesFailingCommand short-circuited and no fallback available.
SometimesFailingCommand short-circuited and no fallback available.
SometimesFailingCommand short-circuited and no fallback available.
SometimesFailingCommand short-circuited and no fallback available.
SometimesFailingCommand short-circuited and no fallback available.
SometimesFailingCommand short-circuited and no fallback available.
SometimesFailingCommand short-circuited and no fallback available.
SometimesFailingCommand short-circuited and no fallback available.
SometimesFailingCommand short-circuited and no fallback available.
SometimesFailingCommand short-circuited and no fallback available.
SometimesFailingCommand short-circuited and no fallback available.
SometimesFailingCommand short-circuited and no fallback available.
SometimesFailingCommand short-circuited and no fallback available.
SometimesFailingCommand short-circuited and no fallback available.
SometimesFailingCommand short-circuited and no fallback available.
SometimesFailingCommand short-circuited and no fallback available.
SometimesFailingCommand short-circuited and no fallback available.
SometimesFailingCommand short-circuited and no fallback available.
SometimesFailingCommand short-circuited and no fallback available.
SometimesFailingCommand short-circuited and no fallback available.
SometimesFailingCommand short-circuited and no fallback available.
SometimesFailingCommand short-circuited and no fallback available.
SometimesFailingCommand short-circuited and no fallback available.
SometimesFailingCommand short-circuited and no fallback available.
SometimesFailingCommand short-circuited and no fallback available.
SometimesFailingCommand short-circuited and no fallback available.
SometimesFailingCommand short-circuited and no fallback available.
SometimesFailingCommand short-circuited and no fallback available.
SometimesFailingCommand short-circuited and no fallback available.
SometimesFailingCommand short-circuited and no fallback available.
SometimesFailingCommand short-circuited and no fallback available.
SometimesFailingCommand short-circuited and no fallback available.
SometimesFailingCommand short-circuited and no fallback available.
SometimesFailingCommand short-circuited and no fallback available.
SometimesFailingCommand short-circuited and no fallback available.
SometimesFailingCommand short-circuited and no fallback available.
SometimesFailingCommand short-circuited and no fallback available.
SometimesFailingCommand short-circuited and no fallback available.
SometimesFailingCommand short-circuited and no fallback available.
SometimesFailingCommand short-circuited and no fallback available.
SometimesFailingCommand short-circuited and no fallback available.
SometimesFailingCommand short-circuited and no fallback available.
SometimesFailingCommand short-circuited and no fallback available.
SometimesFailingCommand short-circuited and no fallback available.
SometimesFailingCommand short-circuited and no fallback available.
SometimesFailingCommand short-circuited and no fallback available.
SometimesFailingCommand short-circuited and no fallback available.
SometimesFailingCommand short-circuited and no fallback available.
SometimesFailingCommand short-circuited and no fallback available.
SometimesFailingCommand short-circuited and no fallback available.
SometimesFailingCommand short-circuited and no fallback available.
SometimesFailingCommand short-circuited and no fallback available.
SometimesFailingCommand short-circuited and no fallback available.
SometimesFailingCommand short-circuited and no fallback available.
SometimesFailingCommand short-circuited and no fallback available.
SometimesFailingCommand short-circuited and no fallback available.
SometimesFailingCommand short-circuited and no fallback available.
SometimesFailingCommand short-circuited and no fallback available.
SometimesFailingCommand short-circuited and no fallback available.
SometimesFailingCommand short-circuited and no fallback available.
SometimesFailingCommand short-circuited and no fallback available.
SometimesFailingCommand short-circuited and no fallback available.
SometimesFailingCommand short-circuited and no fallback available.
SometimesFailingCommand short-circuited and no fallback available.
SometimesFailingCommand short-circuited and no fallback available.
SometimesFailingCommand short-circuited and no fallback available.
SometimesFailingCommand short-circuited and no fallback available.
SometimesFailingCommand short-circuited and no fallback available.
SometimesFailingCommand short-circuited and no fallback available.
SometimesFailingCommand short-circuited and no fallback available.
SometimesFailingCommand short-circuited and no fallback available.
SometimesFailingCommand short-circuited and no fallback available.
SometimesFailingCommand short-circuited and no fallback available.
SometimesFailingCommand short-circuited and no fallback available.
SometimesFailingCommand short-circuited and no fallback available.
SometimesFailingCommand short-circuited and no fallback available.
SometimesFailingCommand short-circuited and no fallback available.
SometimesFailingCommand short-circuited and no fallback available.
SometimesFailingCommand short-circuited and no fallback available.
SometimesFailingCommand short-circuited and no fallback available.
SometimesFailingCommand short-circuited and no fallback available.
SometimesFailingCommand short-circuited and no fallback available.
SometimesFailingCommand short-circuited and no fallback available.
SometimesFailingCommand short-circuited and no fallback available.
SometimesFailingCommand short-circuited and no fallback available.
SometimesFailingCommand short-circuited and no fallback available.
SometimesFailingCommand short-circuited and no fallback available.
SometimesFailingCommand short-circuited and no fallback available.
SometimesFailingCommand short-circuited and no fallback available.
SometimesFailingCommand short-circuited and no fallback available.
SometimesFailingCommand short-circuited and no fallback available.
SometimesFailingCommand short-circuited and no fallback available.
SometimesFailingCommand short-circuited and no fallback available.
SometimesFailingCommand short-circuited and no fallback available.
SometimesFailingCommand short-circuited and no fallback available.
SometimesFailingCommand short-circuited and no fallback available.
SometimesFailingCommand short-circuited and no fallback available.
SometimesFailingCommand short-circuited and no fallback available.
SometimesFailingCommand short-circuited and no fallback available.
SometimesFailingCommand short-circuited and no fallback available.
SometimesFailingCommand short-circuited and no fallback available.
SometimesFailingCommand short-circuited and no fallback available.
SometimesFailingCommand short-circuited and no fallback available.
SometimesFailingCommand short-circuited and no fallback available.
SometimesFailingCommand short-circuited and no fallback available.
SometimesFailingCommand short-circuited and no fallback available.
SometimesFailingCommand short-circuited and no fallback available.
SometimesFailingCommand short-circuited and no fallback available.
SometimesFailingCommand short-circuited and no fallback available.
SometimesFailingCommand short-circuited and no fallback available.
SometimesFailingCommand short-circuited and no fallback available.
SometimesFailingCommand short-circuited and no fallback available.
SometimesFailingCommand short-circuited and no fallback available.
SometimesFailingCommand short-circuited and no fallback available.
SometimesFailingCommand short-circuited and no fallback available.
SometimesFailingCommand short-circuited and no fallback available.
SometimesFailingCommand short-circuited and no fallback available.
SometimesFailingCommand short-circuited and no fallback available.
SometimesFailingCommand short-circuited and no fallback available.
SometimesFailingCommand short-circuited and no fallback available.
SometimesFailingCommand short-circuited and no fallback available.
SometimesFailingCommand short-circuited and no fallback available.
SometimesFailingCommand short-circuited and no fallback available.
SometimesFailingCommand short-circuited and no fallback available.
SometimesFailingCommand short-circuited and no fallback available.
SometimesFailingCommand short-circuited and no fallback available.
SometimesFailingCommand short-circuited and no fallback available.
SometimesFailingCommand short-circuited and no fallback available.
SometimesFailingCommand short-circuited and no fallback available.
SometimesFailingCommand short-circuited and no fallback available.
SometimesFailingCommand short-circuited and no fallback available.
SometimesFailingCommand short-circuited and no fallback available.
SometimesFailingCommand short-circuited and no fallback available.
SometimesFailingCommand short-circuited and no fallback available.
SometimesFailingCommand short-circuited and no fallback available.
SometimesFailingCommand short-circuited and no fallback available.
SometimesFailingCommand short-circuited and no fallback available.
SometimesFailingCommand short-circuited and no fallback available.
SometimesFailingCommand short-circuited and no fallback available.
SometimesFailingCommand short-circuited and no fallback available.
SometimesFailingCommand short-circuited and no fallback available.
SometimesFailingCommand short-circuited and no fallback available.
SometimesFailingCommand short-circuited and no fallback available.
SometimesFailingCommand short-circuited and no fallback available.
SometimesFailingCommand short-circuited and no fallback available.
SometimesFailingCommand short-circuited and no fallback available.
SometimesFailingCommand short-circuited and no fallback available.
SometimesFailingCommand short-circuited and no fallback available.
SometimesFailingCommand short-circuited and no fallback available.
SometimesFailingCommand short-circuited and no fallback available.
SometimesFailingCommand short-circuited and no fallback available.
SometimesFailingCommand short-circuited and no fallback available.
SometimesFailingCommand short-circuited and no fallback available.
SometimesFailingCommand short-circuited and no fallback available.
SometimesFailingCommand short-circuited and no fallback available.
SometimesFailingCommand short-circuited and no fallback available.
SometimesFailingCommand short-circuited and no fallback available.
SometimesFailingCommand short-circuited and no fallback available.
SometimesFailingCommand short-circuited and no fallback available.
SometimesFailingCommand short-circuited and no fallback available.
SometimesFailingCommand short-circuited and no fallback available.
SometimesFailingCommand short-circuited and no fallback available.
SometimesFailingCommand short-circuited and no fallback available.
SometimesFailingCommand short-circuited and no fallback available.
SometimesFailingCommand short-circuited and no fallback available.
SometimesFailingCommand short-circuited and no fallback available.
SometimesFailingCommand short-circuited and no fallback available.
SometimesFailingCommand short-circuited and no fallback available.
SometimesFailingCommand short-circuited and no fallback available.
SometimesFailingCommand short-circuited and no fallback available.
SometimesFailingCommand short-circuited and no fallback available.
SometimesFailingCommand short-circuited and no fallback available.
SometimesFailingCommand short-circuited and no fallback available.
SometimesFailingCommand short-circuited and no fallback available.
SometimesFailingCommand short-circuited and no fallback available.
SometimesFailingCommand short-circuited and no fallback available.
SometimesFailingCommand short-circuited and no fallback available.
SometimesFailingCommand short-circuited and no fallback available.
SometimesFailingCommand short-circuited and no fallback available.
SometimesFailingCommand short-circuited and no fallback available.
SometimesFailingCommand short-circuited and no fallback available.
SometimesFailingCommand short-circuited and no fallback available.
SometimesFailingCommand short-circuited and no fallback available.
SometimesFailingCommand short-circuited and no fallback available.
SometimesFailingCommand short-circuited and no fallback available.
SometimesFailingCommand short-circuited and no fallback available.
SometimesFailingCommand short-circuited and no fallback available.
SometimesFailingCommand short-circuited and no fallback available.
SometimesFailingCommand short-circuited and no fallback available.
SometimesFailingCommand short-circuited and no fallback available.
SometimesFailingCommand short-circuited and no fallback available.
SometimesFailingCommand short-circuited and no fallback available.
SometimesFailingCommand short-circuited and no fallback available.
SometimesFailingCommand short-circuited and no fallback available.
SometimesFailingCommand short-circuited and no fallback available.
SometimesFailingCommand short-circuited and no fallback available.
SometimesFailingCommand short-circuited and no fallback available.
SometimesFailingCommand short-circuited and no fallback available.
SometimesFailingCommand short-circuited and no fallback available.
SometimesFailingCommand short-circuited and no fallback available.
SometimesFailingCommand short-circuited and no fallback available.
SometimesFailingCommand short-circuited and no fallback available.
SometimesFailingCommand short-circuited and no fallback available.
SometimesFailingCommand short-circuited and no fallback available.
SometimesFailingCommand short-circuited and no fallback available.
SometimesFailingCommand short-circuited and no fallback available.
SometimesFailingCommand short-circuited and no fallback available.
SometimesFailingCommand short-circuited and no fallback available.
SometimesFailingCommand short-circuited and no fallback available.
SometimesFailingCommand short-circuited and no fallback available.
SometimesFailingCommand short-circuited and no fallback available.
SometimesFailingCommand short-circuited and no fallback available.
SometimesFailingCommand short-circuited and no fallback available.
SometimesFailingCommand short-circuited and no fallback available.
SometimesFailingCommand short-circuited and no fallback available.
SometimesFailingCommand short-circuited and no fallback available.
SometimesFailingCommand short-circuited and no fallback available.
SometimesFailingCommand short-circuited and no fallback available.
SometimesFailingCommand short-circuited and no fallback available.
SometimesFailingCommand short-circuited and no fallback available.
SometimesFailingCommand short-circuited and no fallback available.
SometimesFailingCommand short-circuited and no fallback available.
SometimesFailingCommand short-circuited and no fallback available.
SometimesFailingCommand short-circuited and no fallback available.
SometimesFailingCommand short-circuited and no fallback available.
SometimesFailingCommand short-circuited and no fallback available.
SometimesFailingCommand short-circuited and no fallback available.
SometimesFailingCommand short-circuited and no fallback available.
SometimesFailingCommand short-circuited and no fallback available.
SometimesFailingCommand short-circuited and no fallback available.
SometimesFailingCommand short-circuited and no fallback available.
SometimesFailingCommand short-circuited and no fallback available.
SometimesFailingCommand short-circuited and no fallback available.
SometimesFailingCommand short-circuited and no fallback available.
SometimesFailingCommand short-circuited and no fallback available.
SometimesFailingCommand short-circuited and no fallback available.
SometimesFailingCommand short-circuited and no fallback available.
SometimesFailingCommand short-circuited and no fallback available.
SometimesFailingCommand short-circuited and no fallback available.
SometimesFailingCommand short-circuited and no fallback available.
SometimesFailingCommand short-circuited and no fallback available.
SometimesFailingCommand short-circuited and no fallback available.
SometimesFailingCommand short-circuited and no fallback available.
SometimesFailingCommand short-circuited and no fallback available.
SometimesFailingCommand short-circuited and no fallback available.
SometimesFailingCommand short-circuited and no fallback available.
SometimesFailingCommand short-circuited and no fallback available.
SometimesFailingCommand short-circuited and no fallback available.
SometimesFailingCommand short-circuited and no fallback available.
SometimesFailingCommand short-circuited and no fallback available.
SometimesFailingCommand short-circuited and no fallback available.
SometimesFailingCommand short-circuited and no fallback available.
SometimesFailingCommand short-circuited and no fallback available.
SometimesFailingCommand short-circuited and no fallback available.
SometimesFailingCommand short-circuited and no fallback available.
SometimesFailingCommand short-circuited and no fallback available.
SometimesFailingCommand short-circuited and no fallback available.
SometimesFailingCommand short-circuited and no fallback available.
SometimesFailingCommand short-circuited and no fallback available.
SometimesFailingCommand short-circuited and no fallback available.
SometimesFailingCommand short-circuited and no fallback available.
SometimesFailingCommand short-circuited and no fallback available.
SometimesFailingCommand short-circuited and no fallback available.
SometimesFailingCommand short-circuited and no fallback available.
SometimesFailingCommand short-circuited and no fallback available.
SometimesFailingCommand short-circuited and no fallback available.
SometimesFailingCommand short-circuited and no fallback available.
SometimesFailingCommand short-circuited and no fallback available.
SometimesFailingCommand short-circuited and no fallback available.
SometimesFailingCommand short-circuited and no fallback available.
SometimesFailingCommand short-circuited and no fallback available.
SometimesFailingCommand short-circuited and no fallback available.
SometimesFailingCommand short-circuited and no fallback available.
SometimesFailingCommand short-circuited and no fallback available.
SometimesFailingCommand short-circuited and no fallback available.
SometimesFailingCommand short-circuited and no fallback available.
SometimesFailingCommand short-circuited and no fallback available.
SometimesFailingCommand short-circuited and no fallback available.
SometimesFailingCommand short-circuited and no fallback available.
SometimesFailingCommand short-circuited and no fallback available.
SometimesFailingCommand short-circuited and no fallback available.
SometimesFailingCommand short-circuited and no fallback available.
SometimesFailingCommand short-circuited and no fallback available.
SometimesFailingCommand short-circuited and no fallback available.
SometimesFailingCommand short-circuited and no fallback available.
SometimesFailingCommand short-circuited and no fallback available.
SometimesFailingCommand short-circuited and no fallback available.
SometimesFailingCommand short-circuited and no fallback available.
SometimesFailingCommand short-circuited and no fallback available.
SometimesFailingCommand short-circuited and no fallback available.
SometimesFailingCommand short-circuited and no fallback available.
SometimesFailingCommand short-circuited and no fallback available.
SometimesFailingCommand short-circuited and no fallback available.
SometimesFailingCommand short-circuited and no fallback available.
SometimesFailingCommand short-circuited and no fallback available.
SometimesFailingCommand short-circuited and no fallback available.
SometimesFailingCommand short-circuited and no fallback available.
SometimesFailingCommand short-circuited and no fallback available.
SometimesFailingCommand short-circuited and no fallback available.
SometimesFailingCommand short-circuited and no fallback available.
SometimesFailingCommand short-circuited and no fallback available.
SometimesFailingCommand short-circuited and no fallback available.
SometimesFailingCommand short-circuited and no fallback available.
SometimesFailingCommand short-circuited and no fallback available.
SometimesFailingCommand short-circuited and no fallback available.
SometimesFailingCommand short-circuited and no fallback available.
SometimesFailingCommand short-circuited and no fallback available.
SometimesFailingCommand short-circuited and no fallback available.
SometimesFailingCommand short-circuited and no fallback available.
SometimesFailingCommand short-circuited and no fallback available.
SometimesFailingCommand short-circuited and no fallback available.
SometimesFailingCommand short-circuited and no fallback available.
SometimesFailingCommand short-circuited and no fallback available.
SometimesFailingCommand short-circuited and no fallback available.
SometimesFailingCommand short-circuited and no fallback available.
SometimesFailingCommand short-circuited and no fallback available.
SometimesFailingCommand short-circuited and no fallback available.
SometimesFailingCommand short-circuited and no fallback available.
SometimesFailingCommand short-circuited and no fallback available.
SometimesFailingCommand short-circuited and no fallback available.
SometimesFailingCommand short-circuited and no fallback available.
SometimesFailingCommand short-circuited and no fallback available.
SometimesFailingCommand short-circuited and no fallback available.
SometimesFailingCommand short-circuited and no fallback available.
SometimesFailingCommand short-circuited and no fallback available.
SometimesFailingCommand short-circuited and no fallback available.
SometimesFailingCommand short-circuited and no fallback available.
SometimesFailingCommand short-circuited and no fallback available.
SometimesFailingCommand short-circuited and no fallback available.
SometimesFailingCommand short-circuited and no fallback available.
SometimesFailingCommand short-circuited and no fallback available.
SometimesFailingCommand short-circuited and no fallback available.
SometimesFailingCommand short-circuited and no fallback available.
SometimesFailingCommand short-circuited and no fallback available.
SometimesFailingCommand short-circuited and no fallback available.
SometimesFailingCommand short-circuited and no fallback available.
SometimesFailingCommand short-circuited and no fallback available.
SometimesFailingCommand short-circuited and no fallback available.
SometimesFailingCommand short-circuited and no fallback available.
SometimesFailingCommand short-circuited and no fallback available.
SometimesFailingCommand short-circuited and no fallback available.
SometimesFailingCommand short-circuited and no fallback available.
SometimesFailingCommand short-circuited and no fallback available.
SometimesFailingCommand short-circuited and no fallback available.
SometimesFailingCommand short-circuited and no fallback available.
SometimesFailingCommand short-circuited and no fallback available.
SometimesFailingCommand short-circuited and no fallback available.
SometimesFailingCommand short-circuited and no fallback available.
SometimesFailingCommand short-circuited and no fallback available.
SometimesFailingCommand short-circuited and no fallback available.
SometimesFailingCommand short-circuited and no fallback available.
SometimesFailingCommand short-circuited and no fallback available.
SometimesFailingCommand short-circuited and no fallback available.
SometimesFailingCommand short-circuited and no fallback available.
SometimesFailingCommand short-circuited and no fallback available.
SometimesFailingCommand short-circuited and no fallback available.
SometimesFailingCommand short-circuited and no fallback available.
SometimesFailingCommand short-circuited and no fallback available.
SometimesFailingCommand short-circuited and no fallback available.
SometimesFailingCommand short-circuited and no fallback available.
SometimesFailingCommand short-circuited and no fallback available.
SometimesFailingCommand short-circuited and no fallback available.
SometimesFailingCommand short-circuited and no fallback available.
SometimesFailingCommand short-circuited and no fallback available.
SometimesFailingCommand short-circuited and no fallback available.
SometimesFailingCommand short-circuited and no fallback available.
SometimesFailingCommand short-circuited and no fallback available.
SometimesFailingCommand short-circuited and no fallback available.
SometimesFailingCommand short-circuited and no fallback available.
SometimesFailingCommand short-circuited and no fallback available.
SometimesFailingCommand short-circuited and no fallback available.
SometimesFailingCommand short-circuited and no fallback available.
SometimesFailingCommand short-circuited and no fallback available.
SometimesFailingCommand short-circuited and no fallback available.
SometimesFailingCommand short-circuited and no fallback available.
SometimesFailingCommand short-circuited and no fallback available.
SometimesFailingCommand short-circuited and no fallback available.
SometimesFailingCommand short-circuited and no fallback available.
SometimesFailingCommand short-circuited and no fallback available.
SometimesFailingCommand short-circuited and no fallback available.
SometimesFailingCommand short-circuited and no fallback available.
SometimesFailingCommand short-circuited and no fallback available.
SometimesFailingCommand short-circuited and no fallback available.
SometimesFailingCommand short-circuited and no fallback available.
SometimesFailingCommand short-circuited and no fallback available.
SometimesFailingCommand short-circuited and no fallback available.
SometimesFailingCommand short-circuited and no fallback available.
SometimesFailingCommand short-circuited and no fallback available.
SometimesFailingCommand short-circuited and no fallback available.
SometimesFailingCommand short-circuited and no fallback available.
SometimesFailingCommand short-circuited and no fallback available.
SometimesFailingCommand short-circuited and no fallback available.
SometimesFailingCommand short-circuited and no fallback available.
SometimesFailingCommand short-circuited and no fallback available.
SometimesFailingCommand short-circuited and no fallback available.
SometimesFailingCommand short-circuited and no fallback available.
SometimesFailingCommand short-circuited and no fallback available.
SometimesFailingCommand short-circuited and no fallback available.
SometimesFailingCommand short-circuited and no fallback available.
SometimesFailingCommand short-circuited and no fallback available.
SometimesFailingCommand short-circuited and no fallback available.
SometimesFailingCommand short-circuited and no fallback available.
SometimesFailingCommand short-circuited and no fallback available.
SometimesFailingCommand short-circuited and no fallback available.
SometimesFailingCommand short-circuited and no fallback available.
SometimesFailingCommand short-circuited and no fallback available.
SometimesFailingCommand short-circuited and no fallback available.
SometimesFailingCommand short-circuited and no fallback available.
SometimesFailingCommand short-circuited and no fallback available.
SometimesFailingCommand short-circuited and no fallback available.
SometimesFailingCommand short-circuited and no fallback available.
SometimesFailingCommand short-circuited and no fallback available.
SometimesFailingCommand short-circuited and no fallback available.
SometimesFailingCommand short-circuited and no fallback available.
SometimesFailingCommand short-circuited and no fallback available.
SometimesFailingCommand short-circuited and no fallback available.
SometimesFailingCommand short-circuited and no fallback available.
SometimesFailingCommand short-circuited and no fallback available.
SometimesFailingCommand short-circuited and no fallback available.
SometimesFailingCommand short-circuited and no fallback available.
SometimesFailingCommand short-circuited and no fallback available.
SometimesFailingCommand short-circuited and no fallback available.
SometimesFailingCommand short-circuited and no fallback available.
SometimesFailingCommand short-circuited and no fallback available.
SometimesFailingCommand short-circuited and no fallback available.
SometimesFailingCommand short-circuited and no fallback available.
SometimesFailingCommand short-circuited and no fallback available.
SometimesFailingCommand short-circuited and no fallback available.
SometimesFailingCommand short-circuited and no fallback available.
SometimesFailingCommand short-circuited and no fallback available.
SometimesFailingCommand short-circuited and no fallback available.
SometimesFailingCommand short-circuited and no fallback available.
SometimesFailingCommand short-circuited and no fallback available.
SometimesFailingCommand short-circuited and no fallback available.
SometimesFailingCommand short-circuited and no fallback available.
SometimesFailingCommand short-circuited and no fallback available.
SometimesFailingCommand short-circuited and no fallback available.
SometimesFailingCommand short-circuited and no fallback available.
SometimesFailingCommand short-circuited and no fallback available.
SometimesFailingCommand short-circuited and no fallback available.
SometimesFailingCommand short-circuited and no fallback available.
SometimesFailingCommand short-circuited and no fallback available.
SometimesFailingCommand short-circuited and no fallback available.
SometimesFailingCommand short-circuited and no fallback available.
SometimesFailingCommand short-circuited and no fallback available.
SometimesFailingCommand short-circuited and no fallback available.
SometimesFailingCommand short-circuited and no fallback available.
SometimesFailingCommand short-circuited and no fallback available.
SometimesFailingCommand short-circuited and no fallback available.
SometimesFailingCommand short-circuited and no fallback available.
SometimesFailingCommand short-circuited and no fallback available.
SometimesFailingCommand short-circuited and no fallback available.
SometimesFailingCommand short-circuited and no fallback available.
SometimesFailingCommand short-circuited and no fallback available.
SometimesFailingCommand short-circuited and no fallback available.
SometimesFailingCommand short-circuited and no fallback available.
SometimesFailingCommand short-circuited and no fallback available.
SometimesFailingCommand short-circuited and no fallback available.
SometimesFailingCommand short-circuited and no fallback available.
SometimesFailingCommand short-circuited and no fallback available.
SometimesFailingCommand short-circuited and no fallback available.
SometimesFailingCommand short-circuited and no fallback available.
SometimesFailingCommand short-circuited and no fallback available.
SometimesFailingCommand short-circuited and no fallback available.
SometimesFailingCommand short-circuited and no fallback available.
SometimesFailingCommand short-circuited and no fallback available.
SometimesFailingCommand short-circuited and no fallback available.
SometimesFailingCommand short-circuited and no fallback available.
SometimesFailingCommand short-circuited and no fallback available.
SometimesFailingCommand short-circuited and no fallback available.
SometimesFailingCommand short-circuited and no fallback available.
SometimesFailingCommand short-circuited and no fallback available.
SometimesFailingCommand short-circuited and no fallback available.
SometimesFailingCommand short-circuited and no fallback available.
SometimesFailingCommand short-circuited and no fallback available.
SometimesFailingCommand short-circuited and no fallback available.
SometimesFailingCommand short-circuited and no fallback available.
SometimesFailingCommand short-circuited and no fallback available.
SometimesFailingCommand short-circuited and no fallback available.
SometimesFailingCommand short-circuited and no fallback available.
SometimesFailingCommand short-circuited and no fallback available.
SometimesFailingCommand short-circuited and no fallback available.
SometimesFailingCommand short-circuited and no fallback available.
SometimesFailingCommand short-circuited and no fallback available.
SometimesFailingCommand short-circuited and no fallback available.
SometimesFailingCommand short-circuited and no fallback available.
SometimesFailingCommand short-circuited and no fallback available.
SometimesFailingCommand short-circuited and no fallback available.
SometimesFailingCommand short-circuited and no fallback available.
SometimesFailingCommand short-circuited and no fallback available.
SometimesFailingCommand short-circuited and no fallback available.
SometimesFailingCommand short-circuited and no fallback available.
SometimesFailingCommand short-circuited and no fallback available.
SometimesFailingCommand short-circuited and no fallback available.
SometimesFailingCommand short-circuited and no fallback available.
SometimesFailingCommand short-circuited and no fallback available.
SometimesFailingCommand short-circuited and no fallback available.
SometimesFailingCommand short-circuited and no fallback available.
SometimesFailingCommand short-circuited and no fallback available.
SometimesFailingCommand short-circuited and no fallback available.
SometimesFailingCommand short-circuited and no fallback available.
SometimesFailingCommand short-circuited and no fallback available.
SometimesFailingCommand short-circuited and no fallback available.
SometimesFailingCommand short-circuited and no fallback available.
SometimesFailingCommand short-circuited and no fallback available.
SometimesFailingCommand short-circuited and no fallback available.
SometimesFailingCommand short-circuited and no fallback available.
SometimesFailingCommand short-circuited and no fallback available.
SometimesFailingCommand short-circuited and no fallback available.
SometimesFailingCommand short-circuited and no fallback available.
SometimesFailingCommand short-circuited and no fallback available.
SometimesFailingCommand short-circuited and no fallback available.
SometimesFailingCommand short-circuited and no fallback available.
SometimesFailingCommand short-circuited and no fallback available.
SometimesFailingCommand short-circuited and no fallback available.
SometimesFailingCommand short-circuited and no fallback available.
SometimesFailingCommand short-circuited and no fallback available.
SometimesFailingCommand short-circuited and no fallback available.
SometimesFailingCommand short-circuited and no fallback available.
SometimesFailingCommand short-circuited and no fallback available.
SometimesFailingCommand short-circuited and no fallback available.
SometimesFailingCommand short-circuited and no fallback available.
SometimesFailingCommand short-circuited and no fallback available.
SometimesFailingCommand short-circuited and no fallback available.
SometimesFailingCommand short-circuited and no fallback available.
SometimesFailingCommand short-circuited and no fallback available.
SometimesFailingCommand short-circuited and no fallback available.
SometimesFailingCommand short-circuited and no fallback available.
SometimesFailingCommand short-circuited and no fallback available.
SometimesFailingCommand short-circuited and no fallback available.
SometimesFailingCommand short-circuited and no fallback available.
SometimesFailingCommand short-circuited and no fallback available.
SometimesFailingCommand short-circuited and no fallback available.
SometimesFailingCommand short-circuited and no fallback available.
SometimesFailingCommand short-circuited and no fallback available.
SometimesFailingCommand short-circuited and no fallback available.
SometimesFailingCommand short-circuited and no fallback available.
SometimesFailingCommand short-circuited and no fallback available.
SometimesFailingCommand short-circuited and no fallback available.
SometimesFailingCommand short-circuited and no fallback available.
SometimesFailingCommand short-circuited and no fallback available.
SometimesFailingCommand short-circuited and no fallback available.
SometimesFailingCommand short-circuited and no fallback available.
SometimesFailingCommand short-circuited and no fallback available.
SometimesFailingCommand short-circuited and no fallback available.
SometimesFailingCommand short-circuited and no fallback available.
SometimesFailingCommand short-circuited and no fallback available.
SometimesFailingCommand short-circuited and no fallback available.
SometimesFailingCommand short-circuited and no fallback available.
SometimesFailingCommand short-circuited and no fallback available.
SometimesFailingCommand short-circuited and no fallback available.
SometimesFailingCommand short-circuited and no fallback available.
SometimesFailingCommand short-circuited and no fallback available.
SometimesFailingCommand short-circuited and no fallback available.
SometimesFailingCommand short-circuited and no fallback available.
SometimesFailingCommand short-circuited and no fallback available.
SometimesFailingCommand short-circuited and no fallback available.
SometimesFailingCommand short-circuited and no fallback available.
SometimesFailingCommand short-circuited and no fallback available.
SometimesFailingCommand short-circuited and no fallback available.
SometimesFailingCommand short-circuited and no fallback available.
SometimesFailingCommand short-circuited and no fallback available.
SometimesFailingCommand short-circuited and no fallback available.
SometimesFailingCommand short-circuited and no fallback available.
SometimesFailingCommand short-circuited and no fallback available.
SometimesFailingCommand short-circuited and no fallback available.
SometimesFailingCommand short-circuited and no fallback available.
SometimesFailingCommand short-circuited and no fallback available.
SometimesFailingCommand short-circuited and no fallback available.
SometimesFailingCommand short-circuited and no fallback available.
SometimesFailingCommand short-circuited and no fallback available.
SometimesFailingCommand short-circuited and no fallback available.
SometimesFailingCommand short-circuited and no fallback available.
SometimesFailingCommand short-circuited and no fallback available.
SometimesFailingCommand short-circuited and no fallback available.
SometimesFailingCommand short-circuited and no fallback available.
SometimesFailingCommand short-circuited and no fallback available.
SometimesFailingCommand short-circuited and no fallback available.
SometimesFailingCommand short-circuited and no fallback available.
SometimesFailingCommand short-circuited and no fallback available.
SometimesFailingCommand short-circuited and no fallback available.
SometimesFailingCommand short-circuited and no fallback available.
SometimesFailingCommand short-circuited and no fallback available.
SometimesFailingCommand short-circuited and no fallback available.
SometimesFailingCommand short-circuited and no fallback available.
SometimesFailingCommand short-circuited and no fallback available.
SometimesFailingCommand short-circuited and no fallback available.
SometimesFailingCommand short-circuited and no fallback available.
SometimesFailingCommand short-circuited and no fallback available.
SometimesFailingCommand short-circuited and no fallback available.
SometimesFailingCommand short-circuited and no fallback available.
SometimesFailingCommand short-circuited and no fallback available.
SometimesFailingCommand short-circuited and no fallback available.
SometimesFailingCommand short-circuited and no fallback available.
SometimesFailingCommand short-circuited and no fallback available.
SometimesFailingCommand short-circuited and no fallback available.
SometimesFailingCommand short-circuited and no fallback available.
SometimesFailingCommand short-circuited and no fallback available.
SometimesFailingCommand short-circuited and no fallback available.
SometimesFailingCommand short-circuited and no fallback available.
SometimesFailingCommand short-circuited and no fallback available.
SometimesFailingCommand short-circuited and no fallback available.
SometimesFailingCommand short-circuited and no fallback available.
SometimesFailingCommand short-circuited and no fallback available.
SometimesFailingCommand short-circuited and no fallback available.
SometimesFailingCommand short-circuited and no fallback available.
SometimesFailingCommand short-circuited and no fallback available.
SometimesFailingCommand short-circuited and no fallback available.
SometimesFailingCommand short-circuited and no fallback available.
SometimesFailingCommand short-circuited and no fallback available.
SometimesFailingCommand short-circuited and no fallback available.
SometimesFailingCommand short-circuited and no fallback available.
SometimesFailingCommand short-circuited and no fallback available.
SometimesFailingCommand short-circuited and no fallback available.
SometimesFailingCommand short-circuited and no fallback available.
SometimesFailingCommand short-circuited and no fallback available.
SometimesFailingCommand short-circuited and no fallback available.
SometimesFailingCommand short-circuited and no fallback available.
SometimesFailingCommand short-circuited and no fallback available.
SometimesFailingCommand short-circuited and no fallback available.
SometimesFailingCommand short-circuited and no fallback available.
SometimesFailingCommand short-circuited and no fallback available.
SometimesFailingCommand short-circuited and no fallback available.
SometimesFailingCommand short-circuited and no fallback available.
SometimesFailingCommand short-circuited and no fallback available.
SometimesFailingCommand short-circuited and no fallback available.
SometimesFailingCommand short-circuited and no fallback available.
SometimesFailingCommand short-circuited and no fallback available.
SometimesFailingCommand short-circuited and no fallback available.
SometimesFailingCommand short-circuited and no fallback available.
SometimesFailingCommand short-circuited and no fallback available.
SometimesFailingCommand short-circuited and no fallback available.
SometimesFailingCommand short-circuited and no fallback available.
SometimesFailingCommand short-circuited and no fallback available.
SometimesFailingCommand short-circuited and no fallback available.
SometimesFailingCommand short-circuited and no fallback available.
SometimesFailingCommand short-circuited and no fallback available.
SometimesFailingCommand short-circuited and no fallback available.
SometimesFailingCommand short-circuited and no fallback available.
SometimesFailingCommand short-circuited and no fallback available.
SometimesFailingCommand short-circuited and no fallback available.
SometimesFailingCommand short-circuited and no fallback available.
SometimesFailingCommand short-circuited and no fallback available.
SometimesFailingCommand short-circuited and no fallback available.
SometimesFailingCommand short-circuited and no fallback available.
SometimesFailingCommand short-circuited and no fallback available.
SometimesFailingCommand short-circuited and no fallback available.
SometimesFailingCommand short-circuited and no fallback available.
SometimesFailingCommand short-circuited and no fallback available.
SometimesFailingCommand short-circuited and no fallback available.
SometimesFailingCommand short-circuited and no fallback available.
SometimesFailingCommand short-circuited and no fallback available.
SometimesFailingCommand short-circuited and no fallback available.
SometimesFailingCommand short-circuited and no fallback available.
SometimesFailingCommand short-circuited and no fallback available.
SometimesFailingCommand short-circuited and no fallback available.
SometimesFailingCommand short-circuited and no fallback available.
SometimesFailingCommand short-circuited and no fallback available.
SometimesFailingCommand short-circuited and no fallback available.
SometimesFailingCommand short-circuited and no fallback available.
SometimesFailingCommand short-circuited and no fallback available.
SometimesFailingCommand short-circuited and no fallback available.
SometimesFailingCommand short-circuited and no fallback available.
SometimesFailingCommand short-circuited and no fallback available.
SometimesFailingCommand short-circuited and no fallback available.
SometimesFailingCommand short-circuited and no fallback available.
SometimesFailingCommand short-circuited and no fallback available.
SometimesFailingCommand short-circuited and no fallback available.
SometimesFailingCommand short-circuited and no fallback available.
SometimesFailingCommand short-circuited and no fallback available.
Executed 2000 requests
FailingCommand failed and no fallback available.
OtherFailingCommand short-circuited and no fallback available.
FailingCommand short-circuited and no fallback available.
OtherFailingCommand short-circuited and no fallback available.
FailingCommand short-circuited and no fallback available.
OtherFailingCommand short-circuited and no fallback available.
FailingCommand short-circuited and no fallback available.
OtherFailingCommand short-circuited and no fallback available.
FailingCommand short-circuited and no fallback available.
OtherFailingCommand short-circuited and no fallback available.
FailingCommand short-circuited and no fallback available.
OtherFailingCommand short-circuited and no fallback available.
FailingCommand short-circuited and no fallback available.
OtherFailingCommand short-circuited and no fallback available.
FailingCommand short-circuited and no fallback available.
OtherFailingCommand short-circuited and no fallback available.
FailingCommand short-circuited and no fallback available.
OtherFailingCommand short-circuited and no fallback available.
FailingCommand short-circuited and no fallback available.
OtherFailingCommand short-circuited and no fallback available.
FailingCommand short-circuited and no fallback available.
OtherFailingCommand short-circuited and no fallback available.
FailingCommand short-circuited and no fallback available.
OtherFailingCommand short-circuited and no fallback available.
FailingCommand short-circuited and no fallback available.
OtherFailingCommand short-circuited and no fallback available.
FailingCommand short-circuited and no fallback available.
OtherFailingCommand short-circuited and no fallback available.
FailingCommand short-circuited and no fallback available.
OtherFailingCommand short-circuited and no fallback available.
FailingCommand short-circuited and no fallback available.
OtherFailingCommand short-circuited and no fallback available.
FailingCommand short-circuited and no fallback available.
OtherFailingCommand short-circuited and no fallback available.
FailingCommand short-circuited and no fallback available.
OtherFailingCommand short-circuited and no fallback available.
FailingCommand short-circuited and no fallback available.
OtherFailingCommand short-circuited and no fallback available.
FailingCommand short-circuited and no fallback available.
OtherFailingCommand short-circuited and no fallback available.
Executed 20 requests
]]></system-out>
  <system-err><![CDATA[SLF4J: Failed to load class "org.slf4j.impl.StaticLoggerBinder".
SLF4J: Defaulting to no-operation (NOP) logger implementation
SLF4J: See http://www.slf4j.org/codes.html#StaticLoggerBinder for further details.
]]></system-err>
</testsuite>
